                              metrics
No                             1.0000
RefTree                        1.0000
Tree                           1.0000
RefTree_taxa                  11.0000
Tree_taxa                     11.0000
Common_taxa                   11.0000
MatchingCluster                9.0000
MatchingCluster_toYuleAvg      0.2965
MatchingCluster_toUnifAvg      0.2817
R-F_Cluster                    2.0000
R-F_Cluster_toYuleAvg          0.2290
R-F_Cluster_toUnifAvg          0.2272
NodalSplitted                  8.6023
NodalSplitted_toYuleAvg        0.3625
NodalSplitted_toUnifAvg        0.3355
Triples                       17.0000
Triples_toYuleAvg              0.1547
Triples_toUnifAvg              0.1542
MatchingPair                   7.0000
MatchingPair_toYuleAvg         0.2038
MatchingPair_toUnifAvg         0.2055
MAST                           2.0000
MAST_toYuleAvg                 0.3237
MAST_toUnifAvg                 0.3232
CopheneticL2Metric             6.8557
CopheneticL2Metric_toYuleAvg   0.3597
CopheneticL2Metric_toUnifAvg   0.3334

                 Name        Avg  Std        Min        Max  Count
0     MatchingCluster   9.000000  0.0   9.000000   9.000000      1
1         R-F_Cluster   2.000000  0.0   2.000000   2.000000      1
2       NodalSplitted   8.602325  0.0   8.602325   8.602325      1
3             Triples  17.000000  0.0  17.000000  17.000000      1
4        MatchingPair   7.000000  0.0   7.000000   7.000000      1
5                MAST   2.000000  0.0   2.000000   2.000000      1
6  CopheneticL2Metric   6.855655  0.0   6.855655   6.855655      1
