                               metrics
No                              1.0000
RefTree                         1.0000
Tree                            1.0000
RefTree_taxa                   21.0000
Tree_taxa                      21.0000
Common_taxa                    21.0000
MatchingCluster                44.0000
MatchingCluster_toYuleAvg       0.4803
MatchingCluster_toUnifAvg       0.4160
R-F_Cluster                    12.5000
R-F_Cluster_toYuleAvg           0.6659
R-F_Cluster_toUnifAvg           0.6631
NodalSplitted                  30.3315
NodalSplitted_toYuleAvg         0.4926
NodalSplitted_toUnifAvg         0.3897
Triples                       398.0000
Triples_toYuleAvg               0.4482
Triples_toUnifAvg               0.4490
MatchingPair                   96.0000
MatchingPair_toYuleAvg          0.6428
MatchingPair_toUnifAvg          0.6558
MAST                           11.0000
MAST_toYuleAvg                  0.7760
MAST_toUnifAvg                  0.7705
CopheneticL2Metric             17.6068
CopheneticL2Metric_toYuleAvg    0.3700
CopheneticL2Metric_toUnifAvg    0.3048

                 Name         Avg  Std         Min         Max  Count
0     MatchingCluster   44.000000  0.0   44.000000   44.000000      1
1         R-F_Cluster   12.500000  0.0   12.500000   12.500000      1
2       NodalSplitted   30.331502  0.0   30.331502   30.331502      1
3             Triples  398.000000  0.0  398.000000  398.000000      1
4        MatchingPair   96.000000  0.0   96.000000   96.000000      1
5                MAST   11.000000  0.0   11.000000   11.000000      1
6  CopheneticL2Metric   17.606817  0.0   17.606817   17.606817      1
