                              metrics
No                             1.0000
RefTree                        1.0000
Tree                           1.0000
RefTree_taxa                  11.0000
Tree_taxa                     11.0000
Common_taxa                   11.0000
MatchingCluster                5.0000
MatchingCluster_toYuleAvg      0.1647
MatchingCluster_toUnifAvg      0.1565
R-F_Cluster                    1.0000
R-F_Cluster_toYuleAvg          0.1145
R-F_Cluster_toUnifAvg          0.1136
NodalSplitted                  6.4807
NodalSplitted_toYuleAvg        0.2731
NodalSplitted_toUnifAvg        0.2528
Triples                        3.0000
Triples_toYuleAvg              0.0273
Triples_toUnifAvg              0.0272
MatchingPair                   3.0000
MatchingPair_toYuleAvg         0.0873
MatchingPair_toUnifAvg         0.0881
MAST                           2.0000
MAST_toYuleAvg                 0.3237
MAST_toUnifAvg                 0.3232
CopheneticL2Metric             3.0000
CopheneticL2Metric_toYuleAvg   0.1574
CopheneticL2Metric_toUnifAvg   0.1459

                 Name       Avg  Std       Min       Max  Count
0     MatchingCluster  5.000000  0.0  5.000000  5.000000      1
1         R-F_Cluster  1.000000  0.0  1.000000  1.000000      1
2       NodalSplitted  6.480741  0.0  6.480741  6.480741      1
3             Triples  3.000000  0.0  3.000000  3.000000      1
4        MatchingPair  3.000000  0.0  3.000000  3.000000      1
5                MAST  2.000000  0.0  2.000000  2.000000      1
6  CopheneticL2Metric  3.000000  0.0  3.000000  3.000000      1
