                              metrics
No                             1.0000
RefTree                        1.0000
Tree                           1.0000
RefTree_taxa                  16.0000
Tree_taxa                     16.0000
Common_taxa                   16.0000
MatchingCluster               21.0000
MatchingCluster_toYuleAvg      0.3593
MatchingCluster_toUnifAvg      0.3253
R-F_Cluster                    4.0000
R-F_Cluster_toYuleAvg          0.2904
R-F_Cluster_toUnifAvg          0.2893
NodalSplitted                 15.1327
NodalSplitted_toYuleAvg        0.3595
NodalSplitted_toUnifAvg        0.3075
Triples                       65.0000
Triples_toYuleAvg              0.1742
Triples_toUnifAvg              0.1746
MatchingPair                  20.0000
MatchingPair_toYuleAvg         0.2449
MatchingPair_toUnifAvg         0.2499
MAST                           6.0000
MAST_toYuleAvg                 0.5961
MAST_toUnifAvg                 0.5925
CopheneticL2Metric            13.1529
CopheneticL2Metric_toYuleAvg   0.4002
CopheneticL2Metric_toUnifAvg   0.3536

                 Name        Avg  Std        Min        Max  Count
0     MatchingCluster  21.000000  0.0  21.000000  21.000000      1
1         R-F_Cluster   4.000000  0.0   4.000000   4.000000      1
2       NodalSplitted  15.132746  0.0  15.132746  15.132746      1
3             Triples  65.000000  0.0  65.000000  65.000000      1
4        MatchingPair  20.000000  0.0  20.000000  20.000000      1
5                MAST   6.000000  0.0   6.000000   6.000000      1
6  CopheneticL2Metric  13.152946  0.0  13.152946  13.152946      1
