
                            < M A T L A B (R) >
                  Copyright 1984-2017 The MathWorks, Inc.
                   R2017a (9.2.0.538062) 64-bit (glnxa64)
                             February 23, 2017

 
To get started, type one of these: helpwin, helpdesk, or demo.
For product information, visit www.mathworks.com.
 
Running "Run1", Seed: 875887
 *** Finished Simulation Run ***

config-10.json #############################################

[#.........] | Progress: 1 | Time: 0.0s | ETA: --[.#........] | Progress: 17 | Time: 0.1s | ETA: --[..#.......] | Progress: 33 | Time: 0.1s | ETA: --[...#......] | Progress: 49 | Time: 0.2s | ETA: --[....#.....] | Progress: 65 | Time: 0.2s | ETA: --[.....#....] | Progress: 81 | Time: 0.3s | ETA: --[......#...] | Progress: 96 | Time: 0.3s | ETA: --[.......#..] | Progress: 112 | Time: 0.4s | ETA: --[........#.] | Progress: 127 | Time: 0.4s | ETA: --[.........#] | Progress: 142 | Time: 0.5s | ETA: --[........#.] | Progress: 157 | Time: 0.5s | ETA: --[.......#..] | Progress: 173 | Time: 0.6s | ETA: --[......#...] | Progress: 188 | Time: 0.6s | ETA: --[##########] | Progress: 202 | Time: 0.7s | ETA: --fit<>, fid</home/chun/projects/clineage-simulation/analysis/tmc-875887/tmc-009/case-10/triplets-list.raw.txt>, flg<treeReconstruction.log>, frt<resTree.tree>, frtN</home/chun/projects/clineage-simulation/analysis/tmc-875887/tmc-009/case-10/reconstructed.tmp.newick>, fsd<qqq.dat>, fst<simul.tree>, -->index=2
Read triplets from file...
Read triplets from file...Finished
N_triplets = 202, idMaxFound = 13
treeBuildBasedOnTriplets_run...
make_isTogetherInTripletAndDeleteExtraTriplets: Finished
maxCut with 13 nodes: Finished
maxCut with 9 nodes: Finished
maxCut with 8 nodes: Finished
treeBuildBasedOnTriplets_run...Finished
Saving tree to file...
Saving tree to file...Finished

                            < M A T L A B (R) >
                  Copyright 1984-2017 The MathWorks, Inc.
                   R2017a (9.2.0.538062) 64-bit (glnxa64)
                             February 23, 2017

 
To get started, type one of these: helpwin, helpdesk, or demo.
For product information, visit www.mathworks.com.
 
TreeCmp version build2

Active options:
Type of the analysis:  ref-to-all comparison mode (-r)
Metrics:
  1. MatchingCluster (mc)
  2. R-F_Cluster (rc)
  3. NodalSplitted (ns)
  4. Triples (tt)
  5. MatchingPair (mp)
  6. MAST (mt)
  7. CopheneticL2Metric (co)
Input file: /home/chun/projects/clineage-simulation/analysis/tmc-875887/tmc-009/case-10/reconstructed.newick
Output file: /home/chun/projects/clineage-simulation/analysis/tmc-875887/tmc-009/case-10/scores.raw.out
Additional options:
N - Report normalized distances.
P - Prune compared trees if needed (trees can have different leaf sets).
I - Include summary section in the output file.
-----
2018-06-18 21:27:43: Start of reading random statistics.
2018-06-18 21:27:43: End of reading random statistics.
2018-06-18 21:27:43: Start of scanning input file: /home/chun/projects/clineage-simulation/analysis/tmc-875887/tmc-009/case-10/reconstructed.newick
2018-06-18 21:27:43: End of scanning input file: /home/chun/projects/clineage-simulation/analysis/tmc-875887/tmc-009/case-10/reconstructed.newick
2018-06-18 21:27:43: 1 valid trees found in file: /home/chun/projects/clineage-simulation/analysis/tmc-875887/tmc-009/case-10/reconstructed.newick
2018-06-18 21:27:43: Start of calculation...please wait...
2018-06-18 21:27:43: 0.00% completed...
2018-06-18 21:27:43: 100.00% completed.
2018-06-18 21:27:43: End of calculation.
2018-06-18 21:27:43: Total calculation time: 22 ms.
                              metrics
No                             1.0000
RefTree                        1.0000
Tree                           1.0000
RefTree_taxa                  13.0000
Tree_taxa                     13.0000
Common_taxa                   13.0000
MatchingCluster               10.0000
MatchingCluster_toYuleAvg      0.2449
MatchingCluster_toUnifAvg      0.2267
R-F_Cluster                    2.0000
R-F_Cluster_toYuleAvg          0.1855
R-F_Cluster_toUnifAvg          0.1848
NodalSplitted                 10.1980
NodalSplitted_toYuleAvg        0.3330
NodalSplitted_toUnifAvg        0.2942
Triples                       12.0000
Triples_toYuleAvg              0.0628
Triples_toUnifAvg              0.0628
MatchingPair                   7.0000
MatchingPair_toYuleAvg         0.1374
MatchingPair_toUnifAvg         0.1398
MAST                           2.0000
MAST_toYuleAvg                 0.2598
MAST_toUnifAvg                 0.2576
CopheneticL2Metric             6.3246
CopheneticL2Metric_toYuleAvg   0.2607
CopheneticL2Metric_toUnifAvg   0.2368

                 Name        Avg  Std        Min        Max  Count
0     MatchingCluster  10.000000  0.0  10.000000  10.000000      1
1         R-F_Cluster   2.000000  0.0   2.000000   2.000000      1
2       NodalSplitted  10.198039  0.0  10.198039  10.198039      1
3             Triples  12.000000  0.0  12.000000  12.000000      1
4        MatchingPair   7.000000  0.0   7.000000   7.000000      1
5                MAST   2.000000  0.0   2.000000   2.000000      1
6  CopheneticL2Metric   6.324555  0.0   6.324555   6.324555      1
