                               metrics
No                              1.0000
RefTree                         1.0000
Tree                            1.0000
RefTree_taxa                   12.0000
Tree_taxa                      12.0000
Common_taxa                    12.0000
MatchingCluster                26.0000
MatchingCluster_toYuleAvg       0.7324
MatchingCluster_toUnifAvg       0.6876
R-F_Cluster                     8.0000
R-F_Cluster_toYuleAvg           0.8205
R-F_Cluster_toUnifAvg           0.8172
NodalSplitted                  18.0555
NodalSplitted_toYuleAvg         0.6628
NodalSplitted_toUnifAvg         0.6034
Triples                       103.0000
Triples_toYuleAvg               0.6997
Triples_toUnifAvg               0.7020
MatchingPair                   35.0000
MatchingPair_toYuleAvg          0.8274
MatchingPair_toUnifAvg          0.8385
MAST                            6.0000
MAST_toYuleAvg                  0.8707
MAST_toUnifAvg                  0.8622
CopheneticL2Metric             11.9583
CopheneticL2Metric_toYuleAvg    0.5516
CopheneticL2Metric_toUnifAvg    0.5075

                 Name         Avg  Std         Min         Max  Count
0     MatchingCluster   26.000000  0.0   26.000000   26.000000      1
1         R-F_Cluster    8.000000  0.0    8.000000    8.000000      1
2       NodalSplitted   18.055470  0.0   18.055470   18.055470      1
3             Triples  103.000000  0.0  103.000000  103.000000      1
4        MatchingPair   35.000000  0.0   35.000000   35.000000      1
5                MAST    6.000000  0.0    6.000000    6.000000      1
6  CopheneticL2Metric   11.958261  0.0   11.958261   11.958261      1
