                              metrics
No                             1.0000
RefTree                        1.0000
Tree                           1.0000
RefTree_taxa                  14.0000
Tree_taxa                     14.0000
Common_taxa                   14.0000
MatchingCluster               15.0000
MatchingCluster_toYuleAvg      0.3211
MatchingCluster_toUnifAvg      0.2973
R-F_Cluster                    5.0000
R-F_Cluster_toYuleAvg          0.4246
R-F_Cluster_toUnifAvg          0.4232
NodalSplitted                 14.1067
NodalSplitted_toYuleAvg        0.4060
NodalSplitted_toUnifAvg        0.3613
Triples                       30.0000
Triples_toYuleAvg              0.1235
Triples_toUnifAvg              0.1238
MatchingPair                  15.0000
MatchingPair_toYuleAvg         0.2495
MatchingPair_toUnifAvg         0.2540
MAST                           4.0000
MAST_toYuleAvg                 0.4715
MAST_toUnifAvg                 0.4669
CopheneticL2Metric             7.7460
CopheneticL2Metric_toYuleAvg   0.2830
CopheneticL2Metric_toUnifAvg   0.2539

                 Name        Avg  Std        Min        Max  Count
0     MatchingCluster  15.000000  0.0  15.000000  15.000000      1
1         R-F_Cluster   5.000000  0.0   5.000000   5.000000      1
2       NodalSplitted  14.106736  0.0  14.106736  14.106736      1
3             Triples  30.000000  0.0  30.000000  30.000000      1
4        MatchingPair  15.000000  0.0  15.000000  15.000000      1
5                MAST   4.000000  0.0   4.000000   4.000000      1
6  CopheneticL2Metric   7.745967  0.0   7.745967   7.745967      1
