                              metrics
No                             1.0000
RefTree                        1.0000
Tree                           1.0000
RefTree_taxa                  10.0000
Tree_taxa                     10.0000
Common_taxa                   10.0000
MatchingCluster               19.0000
MatchingCluster_toYuleAvg      0.7476
MatchingCluster_toUnifAvg      0.7186
R-F_Cluster                    5.5000
R-F_Cluster_toYuleAvg          0.7106
R-F_Cluster_toUnifAvg          0.7073
NodalSplitted                 13.8203
NodalSplitted_toYuleAvg        0.6825
NodalSplitted_toUnifAvg        0.6421
Triples                       42.0000
Triples_toYuleAvg              0.5239
Triples_toUnifAvg              0.5286
MatchingPair                  21.0000
MatchingPair_toYuleAvg         0.7593
MatchingPair_toUnifAvg         0.7763
MAST                           5.0000
MAST_toYuleAvg                 0.9289
MAST_toUnifAvg                 0.9344
CopheneticL2Metric             9.8489
CopheneticL2Metric_toYuleAvg   0.6014
CopheneticL2Metric_toUnifAvg   0.5736

                 Name        Avg  Std        Min        Max  Count
0     MatchingCluster  19.000000  0.0  19.000000  19.000000      1
1         R-F_Cluster   5.500000  0.0   5.500000   5.500000      1
2       NodalSplitted  13.820275  0.0  13.820275  13.820275      1
3             Triples  42.000000  0.0  42.000000  42.000000      1
4        MatchingPair  21.000000  0.0  21.000000  21.000000      1
5                MAST   5.000000  0.0   5.000000   5.000000      1
6  CopheneticL2Metric   9.848858  0.0   9.848858   9.848858      1
