                              metrics
No                             1.0000
RefTree                        1.0000
Tree                           1.0000
RefTree_taxa                   9.0000
Tree_taxa                      9.0000
Common_taxa                    9.0000
MatchingCluster                3.0000
MatchingCluster_toYuleAvg      0.1460
MatchingCluster_toUnifAvg      0.1406
R-F_Cluster                    1.0000
R-F_Cluster_toYuleAvg          0.1500
R-F_Cluster_toUnifAvg          0.1482
NodalSplitted                  4.6904
NodalSplitted_toYuleAvg        0.2772
NodalSplitted_toUnifAvg        0.2632
Triples                        2.0000
Triples_toYuleAvg              0.0358
Triples_toUnifAvg              0.0360
MatchingPair                   2.0000
MatchingPair_toYuleAvg         0.0943
MatchingPair_toUnifAvg         0.0956
MAST                           1.0000
MAST_toYuleAvg                 0.2181
MAST_toUnifAvg                 0.2146
CopheneticL2Metric             2.6458
CopheneticL2Metric_toYuleAvg   0.1894
CopheneticL2Metric_toUnifAvg   0.1827

                 Name       Avg  Std       Min       Max  Count
0     MatchingCluster  3.000000  0.0  3.000000  3.000000      1
1         R-F_Cluster  1.000000  0.0  1.000000  1.000000      1
2       NodalSplitted  4.690416  0.0  4.690416  4.690416      1
3             Triples  2.000000  0.0  2.000000  2.000000      1
4        MatchingPair  2.000000  0.0  2.000000  2.000000      1
5                MAST  1.000000  0.0  1.000000  1.000000      1
6  CopheneticL2Metric  2.645751  0.0  2.645751  2.645751      1
