                              metrics
No                             1.0000
RefTree                        1.0000
Tree                           1.0000
RefTree_taxa                  13.0000
Tree_taxa                     13.0000
Common_taxa                   13.0000
MatchingCluster                8.0000
MatchingCluster_toYuleAvg      0.1959
MatchingCluster_toUnifAvg      0.1814
R-F_Cluster                    1.5000
R-F_Cluster_toYuleAvg          0.1391
R-F_Cluster_toUnifAvg          0.1386
NodalSplitted                  9.8995
NodalSplitted_toYuleAvg        0.3233
NodalSplitted_toUnifAvg        0.2856
Triples                       11.0000
Triples_toYuleAvg              0.0576
Triples_toUnifAvg              0.0576
MatchingPair                   6.0000
MatchingPair_toYuleAvg         0.1178
MatchingPair_toUnifAvg         0.1198
MAST                           2.0000
MAST_toYuleAvg                 0.2598
MAST_toUnifAvg                 0.2576
CopheneticL2Metric             6.0828
CopheneticL2Metric_toYuleAvg   0.2507
CopheneticL2Metric_toUnifAvg   0.2277

                 Name        Avg  Std        Min        Max  Count
0     MatchingCluster   8.000000  0.0   8.000000   8.000000      1
1         R-F_Cluster   1.500000  0.0   1.500000   1.500000      1
2       NodalSplitted   9.899495  0.0   9.899495   9.899495      1
3             Triples  11.000000  0.0  11.000000  11.000000      1
4        MatchingPair   6.000000  0.0   6.000000   6.000000      1
5                MAST   2.000000  0.0   2.000000   2.000000      1
6  CopheneticL2Metric   6.082763  0.0   6.082763   6.082763      1
