                               metrics
No                              1.0000
RefTree                         1.0000
Tree                            1.0000
RefTree_taxa                   12.0000
Tree_taxa                      12.0000
Common_taxa                    12.0000
MatchingCluster                29.0000
MatchingCluster_toYuleAvg       0.8169
MatchingCluster_toUnifAvg       0.7670
R-F_Cluster                     8.0000
R-F_Cluster_toYuleAvg           0.8205
R-F_Cluster_toUnifAvg           0.8172
NodalSplitted                  22.0681
NodalSplitted_toYuleAvg         0.8102
NodalSplitted_toUnifAvg         0.7375
Triples                       112.0000
Triples_toYuleAvg               0.7609
Triples_toUnifAvg               0.7633
MatchingPair                   34.0000
MatchingPair_toYuleAvg          0.8038
MatchingPair_toUnifAvg          0.8145
MAST                            7.0000
MAST_toYuleAvg                  1.0158
MAST_toUnifAvg                  1.0059
CopheneticL2Metric             15.5242
CopheneticL2Metric_toYuleAvg    0.7161
CopheneticL2Metric_toUnifAvg    0.6589

                 Name         Avg  Std         Min         Max  Count
0     MatchingCluster   29.000000  0.0   29.000000   29.000000      1
1         R-F_Cluster    8.000000  0.0    8.000000    8.000000      1
2       NodalSplitted   22.068076  0.0   22.068076   22.068076      1
3             Triples  112.000000  0.0  112.000000  112.000000      1
4        MatchingPair   34.000000  0.0   34.000000   34.000000      1
5                MAST    7.000000  0.0    7.000000    7.000000      1
6  CopheneticL2Metric   15.524175  0.0   15.524175   15.524175      1
