                              metrics
No                             1.0000
RefTree                        1.0000
Tree                           1.0000
RefTree_taxa                   9.0000
Tree_taxa                      9.0000
Common_taxa                    9.0000
MatchingCluster               17.0000
MatchingCluster_toYuleAvg      0.8273
MatchingCluster_toUnifAvg      0.7966
R-F_Cluster                    6.5000
R-F_Cluster_toYuleAvg          0.9752
R-F_Cluster_toUnifAvg          0.9635
NodalSplitted                 12.2474
NodalSplitted_toYuleAvg        0.7239
NodalSplitted_toUnifAvg        0.6872
Triples                       46.0000
Triples_toYuleAvg              0.8226
Triples_toUnifAvg              0.8274
MatchingPair                  19.0000
MatchingPair_toYuleAvg         0.8963
MatchingPair_toUnifAvg         0.9082
MAST                           4.0000
MAST_toYuleAvg                 0.8722
MAST_toUnifAvg                 0.8584
CopheneticL2Metric             8.4261
CopheneticL2Metric_toYuleAvg   0.6033
CopheneticL2Metric_toUnifAvg   0.5819

                 Name        Avg  Std        Min        Max  Count
0     MatchingCluster  17.000000  0.0  17.000000  17.000000      1
1         R-F_Cluster   6.500000  0.0   6.500000   6.500000      1
2       NodalSplitted  12.247449  0.0  12.247449  12.247449      1
3             Triples  46.000000  0.0  46.000000  46.000000      1
4        MatchingPair  19.000000  0.0  19.000000  19.000000      1
5                MAST   4.000000  0.0   4.000000   4.000000      1
6  CopheneticL2Metric   8.426150  0.0   8.426150   8.426150      1
