                              metrics
No                             1.0000
RefTree                        1.0000
Tree                           1.0000
RefTree_taxa                   5.0000
Tree_taxa                      5.0000
Common_taxa                    5.0000
MatchingCluster                5.0000
MatchingCluster_toYuleAvg      0.8377
MatchingCluster_toUnifAvg      0.8415
R-F_Cluster                    2.0000
R-F_Cluster_toYuleAvg          0.7610
R-F_Cluster_toUnifAvg          0.7553
NodalSplitted                  4.6904
NodalSplitted_toYuleAvg        0.8356
NodalSplitted_toUnifAvg        0.8323
Triples                        5.0000
Triples_toYuleAvg              0.7470
Triples_toUnifAvg              0.7475
MatchingPair                   3.0000
MatchingPair_toYuleAvg         0.6692
MatchingPair_toUnifAvg         0.6673
MAST                           1.0000
MAST_toYuleAvg                 0.5546
MAST_toUnifAvg                 0.5482
CopheneticL2Metric             4.2426
CopheneticL2Metric_toYuleAvg   0.8716
CopheneticL2Metric_toUnifAvg   0.8494

                 Name       Avg  Std       Min       Max  Count
0     MatchingCluster  5.000000  0.0  5.000000  5.000000      1
1         R-F_Cluster  2.000000  0.0  2.000000  2.000000      1
2       NodalSplitted  4.690416  0.0  4.690416  4.690416      1
3             Triples  5.000000  0.0  5.000000  5.000000      1
4        MatchingPair  3.000000  0.0  3.000000  3.000000      1
5                MAST  1.000000  0.0  1.000000  1.000000      1
6  CopheneticL2Metric  4.242641  0.0  4.242641  4.242641      1
