                              metrics
No                             1.0000
RefTree                        1.0000
Tree                           1.0000
RefTree_taxa                  17.0000
Tree_taxa                     17.0000
Common_taxa                   17.0000
MatchingCluster                6.0000
MatchingCluster_toYuleAvg      0.0928
MatchingCluster_toUnifAvg      0.0825
R-F_Cluster                    1.5000
R-F_Cluster_toYuleAvg          0.1015
R-F_Cluster_toUnifAvg          0.1010
NodalSplitted                  9.4868
NodalSplitted_toYuleAvg        0.2070
NodalSplitted_toUnifAvg        0.1733
Triples                        3.0000
Triples_toYuleAvg              0.0066
Triples_toUnifAvg              0.0066
MatchingPair                   3.0000
MatchingPair_toYuleAvg         0.0321
MatchingPair_toUnifAvg         0.0326
MAST                           3.0000
MAST_toYuleAvg                 0.2759
MAST_toUnifAvg                 0.2740
CopheneticL2Metric             3.0000
CopheneticL2Metric_toYuleAvg   0.0835
CopheneticL2Metric_toUnifAvg   0.0726

                 Name       Avg  Std       Min       Max  Count
0     MatchingCluster  6.000000  0.0  6.000000  6.000000      1
1         R-F_Cluster  1.500000  0.0  1.500000  1.500000      1
2       NodalSplitted  9.486833  0.0  9.486833  9.486833      1
3             Triples  3.000000  0.0  3.000000  3.000000      1
4        MatchingPair  3.000000  0.0  3.000000  3.000000      1
5                MAST  3.000000  0.0  3.000000  3.000000      1
6  CopheneticL2Metric  3.000000  0.0  3.000000  3.000000      1
