
                            < M A T L A B (R) >
                  Copyright 1984-2017 The MathWorks, Inc.
                   R2017a (9.2.0.538062) 64-bit (glnxa64)
                             February 23, 2017

 
To get started, type one of these: helpwin, helpdesk, or demo.
For product information, visit www.mathworks.com.
 
Running "Run1", Seed: 910648
 *** Finished Simulation Run ***

config-03.json #############################################

[#.........] | Progress: 1 | Time: 0.0s | ETA: --[##########] | Progress: 16 | Time: 0.0s | ETA: --fit<>, fid</home/chun/projects/clineage-simulation/analysis/tmc-910648/tmc-004/case-03/triplets-list.raw.txt>, flg<treeReconstruction.log>, frt<resTree.tree>, frtN</home/chun/projects/clineage-simulation/analysis/tmc-910648/tmc-004/case-03/reconstructed.tmp.newick>, fsd<qqq.dat>, fst<simul.tree>, -->index=2
Read triplets from file...
Read triplets from file...Finished
N_triplets = 16, idMaxFound = 6
treeBuildBasedOnTriplets_run...
make_isTogetherInTripletAndDeleteExtraTriplets: Finished
treeBuildBasedOnTriplets_run...Finished
Saving tree to file...
Saving tree to file...Finished

                            < M A T L A B (R) >
                  Copyright 1984-2017 The MathWorks, Inc.
                   R2017a (9.2.0.538062) 64-bit (glnxa64)
                             February 23, 2017

 
To get started, type one of these: helpwin, helpdesk, or demo.
For product information, visit www.mathworks.com.
 
TreeCmp version build2

Active options:
Type of the analysis:  ref-to-all comparison mode (-r)
Metrics:
  1. MatchingCluster (mc)
  2. R-F_Cluster (rc)
  3. NodalSplitted (ns)
  4. Triples (tt)
  5. MatchingPair (mp)
  6. MAST (mt)
  7. CopheneticL2Metric (co)
Input file: /home/chun/projects/clineage-simulation/analysis/tmc-910648/tmc-004/case-03/reconstructed.newick
Output file: /home/chun/projects/clineage-simulation/analysis/tmc-910648/tmc-004/case-03/scores.raw.out
Additional options:
N - Report normalized distances.
P - Prune compared trees if needed (trees can have different leaf sets).
I - Include summary section in the output file.
-----
2018-06-18 21:45:53: Start of reading random statistics.
2018-06-18 21:45:53: End of reading random statistics.
2018-06-18 21:45:53: Start of scanning input file: /home/chun/projects/clineage-simulation/analysis/tmc-910648/tmc-004/case-03/reconstructed.newick
2018-06-18 21:45:53: End of scanning input file: /home/chun/projects/clineage-simulation/analysis/tmc-910648/tmc-004/case-03/reconstructed.newick
2018-06-18 21:45:53: 1 valid trees found in file: /home/chun/projects/clineage-simulation/analysis/tmc-910648/tmc-004/case-03/reconstructed.newick
2018-06-18 21:45:53: Start of calculation...please wait...
2018-06-18 21:45:53: 0.00% completed...
2018-06-18 21:45:53: 100.00% completed.
2018-06-18 21:45:53: End of calculation.
2018-06-18 21:45:53: Total calculation time: 17 ms.
                              metrics
No                             1.0000
RefTree                        1.0000
Tree                           1.0000
RefTree_taxa                   6.0000
Tree_taxa                      6.0000
Common_taxa                    6.0000
MatchingCluster                7.0000
MatchingCluster_toYuleAvg      0.7738
MatchingCluster_toUnifAvg      0.7645
R-F_Cluster                    3.5000
R-F_Cluster_toYuleAvg          0.9545
R-F_Cluster_toUnifAvg          0.9539
NodalSplitted                  5.9161
NodalSplitted_toYuleAvg        0.7259
NodalSplitted_toUnifAvg        0.7145
Triples                       13.0000
Triples_toYuleAvg              0.9717
Triples_toUnifAvg              0.9620
MatchingPair                   8.0000
MatchingPair_toYuleAvg         1.0634
MatchingPair_toUnifAvg         1.0613
MAST                           3.0000
MAST_toYuleAvg                 1.1952
MAST_toUnifAvg                 1.1933
CopheneticL2Metric             4.2426
CopheneticL2Metric_toYuleAvg   0.6069
CopheneticL2Metric_toUnifAvg   0.5985

                 Name        Avg  Std        Min        Max  Count
0     MatchingCluster   7.000000  0.0   7.000000   7.000000      1
1         R-F_Cluster   3.500000  0.0   3.500000   3.500000      1
2       NodalSplitted   5.916080  0.0   5.916080   5.916080      1
3             Triples  13.000000  0.0  13.000000  13.000000      1
4        MatchingPair   8.000000  0.0   8.000000   8.000000      1
5                MAST   3.000000  0.0   3.000000   3.000000      1
6  CopheneticL2Metric   4.242641  0.0   4.242641   4.242641      1
