
                            < M A T L A B (R) >
                  Copyright 1984-2017 The MathWorks, Inc.
                   R2017a (9.2.0.538062) 64-bit (glnxa64)
                             February 23, 2017

 
To get started, type one of these: helpwin, helpdesk, or demo.
For product information, visit www.mathworks.com.
 
Running "Run1", Seed: 910648
 *** Finished Simulation Run ***

config-19.json #############################################

[#.........] | Progress: 1 | Time: 0.0s | ETA: --[.#........] | Progress: 208 | Time: 0.1s | ETA: --[..#.......] | Progress: 415 | Time: 0.1s | ETA: --[...#......] | Progress: 616 | Time: 0.2s | ETA: --[....#.....] | Progress: 825 | Time: 0.2s | ETA: --[.....#....] | Progress: 1031 | Time: 0.3s | ETA: --[##########] | Progress: 1048 | Time: 0.3s | ETA: --fit<>, fid</home/chun/projects/clineage-simulation/analysis/tmc-910648/tmc-004/case-19/triplets-list.raw.txt>, flg<treeReconstruction.log>, frt<resTree.tree>, frtN</home/chun/projects/clineage-simulation/analysis/tmc-910648/tmc-004/case-19/reconstructed.tmp.newick>, fsd<qqq.dat>, fst<simul.tree>, -->index=2
Read triplets from file...
Read triplets from file...Finished
N_triplets = 1014, idMaxFound = 22
treeBuildBasedOnTriplets_run...
make_isTogetherInTripletAndDeleteExtraTriplets: Finished
maxCut with 22 nodes: Finished
maxCut with 21 nodes: Finished
maxCut with 9 nodes: Finished
maxCut with 12 nodes: Finished
maxCut with 7 nodes: Finished
treeBuildBasedOnTriplets_run...Finished
Saving tree to file...
Saving tree to file...Finished

                            < M A T L A B (R) >
                  Copyright 1984-2017 The MathWorks, Inc.
                   R2017a (9.2.0.538062) 64-bit (glnxa64)
                             February 23, 2017

 
To get started, type one of these: helpwin, helpdesk, or demo.
For product information, visit www.mathworks.com.
 
TreeCmp version build2

Active options:
Type of the analysis:  ref-to-all comparison mode (-r)
Metrics:
  1. MatchingCluster (mc)
  2. R-F_Cluster (rc)
  3. NodalSplitted (ns)
  4. Triples (tt)
  5. MatchingPair (mp)
  6. MAST (mt)
  7. CopheneticL2Metric (co)
Input file: /home/chun/projects/clineage-simulation/analysis/tmc-910648/tmc-004/case-19/reconstructed.newick
Output file: /home/chun/projects/clineage-simulation/analysis/tmc-910648/tmc-004/case-19/scores.raw.out
Additional options:
N - Report normalized distances.
P - Prune compared trees if needed (trees can have different leaf sets).
I - Include summary section in the output file.
-----
2018-06-18 21:45:56: Start of reading random statistics.
2018-06-18 21:45:56: End of reading random statistics.
2018-06-18 21:45:56: Start of scanning input file: /home/chun/projects/clineage-simulation/analysis/tmc-910648/tmc-004/case-19/reconstructed.newick
2018-06-18 21:45:56: End of scanning input file: /home/chun/projects/clineage-simulation/analysis/tmc-910648/tmc-004/case-19/reconstructed.newick
2018-06-18 21:45:56: 1 valid trees found in file: /home/chun/projects/clineage-simulation/analysis/tmc-910648/tmc-004/case-19/reconstructed.newick
2018-06-18 21:45:56: Start of calculation...please wait...
2018-06-18 21:45:56: 0.00% completed...
2018-06-18 21:45:56: 100.00% completed.
2018-06-18 21:45:56: End of calculation.
2018-06-18 21:45:56: Total calculation time: 27 ms.
                               metrics
No                              1.0000
RefTree                         1.0000
Tree                            1.0000
RefTree_taxa                   22.0000
Tree_taxa                      22.0000
Common_taxa                    22.0000
MatchingCluster                37.0000
MatchingCluster_toYuleAvg       0.3744
MatchingCluster_toUnifAvg       0.3195
R-F_Cluster                    12.0000
R-F_Cluster_toYuleAvg           0.6069
R-F_Cluster_toUnifAvg           0.6043
NodalSplitted                  29.7489
NodalSplitted_toYuleAvg         0.4466
NodalSplitted_toUnifAvg         0.3497
Triples                       361.0000
Triples_toYuleAvg               0.3518
Triples_toUnifAvg               0.3507
MatchingPair                   79.0000
MatchingPair_toYuleAvg          0.4795
MatchingPair_toUnifAvg          0.4879
MAST                           10.0000
MAST_toYuleAvg                  0.6668
MAST_toUnifAvg                  0.6619
CopheneticL2Metric             17.5214
CopheneticL2Metric_toYuleAvg    0.3447
CopheneticL2Metric_toUnifAvg    0.2792

                 Name         Avg  Std         Min         Max  Count
0     MatchingCluster   37.000000  0.0   37.000000   37.000000      1
1         R-F_Cluster   12.000000  0.0   12.000000   12.000000      1
2       NodalSplitted   29.748950  0.0   29.748950   29.748950      1
3             Triples  361.000000  0.0  361.000000  361.000000      1
4        MatchingPair   79.000000  0.0   79.000000   79.000000      1
5                MAST   10.000000  0.0   10.000000   10.000000      1
6  CopheneticL2Metric   17.521415  0.0   17.521415   17.521415      1
