
                            < M A T L A B (R) >
                  Copyright 1984-2017 The MathWorks, Inc.
                   R2017a (9.2.0.538062) 64-bit (glnxa64)
                             February 23, 2017

 
To get started, type one of these: helpwin, helpdesk, or demo.
For product information, visit www.mathworks.com.
 
Running "Run1", Seed: 910648
 *** Finished Simulation Run ***

config-09.json #############################################

[#.........] | Progress: 1 | Time: 0.0s | ETA: --[##########] | Progress: 156 | Time: 0.0s | ETA: --fit<>, fid</home/chun/projects/clineage-simulation/analysis/tmc-910648/tmc-004/case-09/triplets-list.raw.txt>, flg<treeReconstruction.log>, frt<resTree.tree>, frtN</home/chun/projects/clineage-simulation/analysis/tmc-910648/tmc-004/case-09/reconstructed.tmp.newick>, fsd<qqq.dat>, fst<simul.tree>, -->index=2
Read triplets from file...
Read triplets from file...Finished
N_triplets = 153, idMaxFound = 12
treeBuildBasedOnTriplets_run...
make_isTogetherInTripletAndDeleteExtraTriplets: Finished
maxCut with 12 nodes: Finished
maxCut with 11 nodes: Finished
maxCut with 9 nodes: Finished
maxCut with 8 nodes: Finished
maxCut with 5 nodes: Finished
treeBuildBasedOnTriplets_run...Finished
Saving tree to file...
Saving tree to file...Finished

                            < M A T L A B (R) >
                  Copyright 1984-2017 The MathWorks, Inc.
                   R2017a (9.2.0.538062) 64-bit (glnxa64)
                             February 23, 2017

 
To get started, type one of these: helpwin, helpdesk, or demo.
For product information, visit www.mathworks.com.
 
TreeCmp version build2

Active options:
Type of the analysis:  ref-to-all comparison mode (-r)
Metrics:
  1. MatchingCluster (mc)
  2. R-F_Cluster (rc)
  3. NodalSplitted (ns)
  4. Triples (tt)
  5. MatchingPair (mp)
  6. MAST (mt)
  7. CopheneticL2Metric (co)
Input file: /home/chun/projects/clineage-simulation/analysis/tmc-910648/tmc-004/case-09/reconstructed.newick
Output file: /home/chun/projects/clineage-simulation/analysis/tmc-910648/tmc-004/case-09/scores.raw.out
Additional options:
N - Report normalized distances.
P - Prune compared trees if needed (trees can have different leaf sets).
I - Include summary section in the output file.
-----
2018-06-19 08:04:11: Start of reading random statistics.
2018-06-19 08:04:11: End of reading random statistics.
2018-06-19 08:04:11: Start of scanning input file: /home/chun/projects/clineage-simulation/analysis/tmc-910648/tmc-004/case-09/reconstructed.newick
2018-06-19 08:04:11: End of scanning input file: /home/chun/projects/clineage-simulation/analysis/tmc-910648/tmc-004/case-09/reconstructed.newick
2018-06-19 08:04:11: 1 valid trees found in file: /home/chun/projects/clineage-simulation/analysis/tmc-910648/tmc-004/case-09/reconstructed.newick
2018-06-19 08:04:11: Start of calculation...please wait...
2018-06-19 08:04:11: 0.00% completed...
2018-06-19 08:04:11: 100.00% completed.
2018-06-19 08:04:11: End of calculation.
2018-06-19 08:04:11: Total calculation time: 22 ms.
                              metrics
No                             1.0000
RefTree                        1.0000
Tree                           1.0000
RefTree_taxa                  12.0000
Tree_taxa                     12.0000
Common_taxa                   12.0000
MatchingCluster               19.0000
MatchingCluster_toYuleAvg      0.5352
MatchingCluster_toUnifAvg      0.5025
R-F_Cluster                    6.0000
R-F_Cluster_toYuleAvg          0.6154
R-F_Cluster_toUnifAvg          0.6129
NodalSplitted                 10.9087
NodalSplitted_toYuleAvg        0.4005
NodalSplitted_toUnifAvg        0.3646
Triples                       48.0000
Triples_toYuleAvg              0.3261
Triples_toUnifAvg              0.3271
MatchingPair                  25.0000
MatchingPair_toYuleAvg         0.5910
MatchingPair_toUnifAvg         0.5989
MAST                           4.0000
MAST_toYuleAvg                 0.5805
MAST_toUnifAvg                 0.5748
CopheneticL2Metric            12.0000
CopheneticL2Metric_toYuleAvg   0.5535
CopheneticL2Metric_toUnifAvg   0.5093

                 Name        Avg  Std        Min        Max  Count
0     MatchingCluster  19.000000  0.0  19.000000  19.000000      1
1         R-F_Cluster   6.000000  0.0   6.000000   6.000000      1
2       NodalSplitted  10.908712  0.0  10.908712  10.908712      1
3             Triples  48.000000  0.0  48.000000  48.000000      1
4        MatchingPair  25.000000  0.0  25.000000  25.000000      1
5                MAST   4.000000  0.0   4.000000   4.000000      1
6  CopheneticL2Metric  12.000000  0.0  12.000000  12.000000      1
