
                            < M A T L A B (R) >
                  Copyright 1984-2017 The MathWorks, Inc.
                   R2017a (9.2.0.538062) 64-bit (glnxa64)
                             February 23, 2017

 
To get started, type one of these: helpwin, helpdesk, or demo.
For product information, visit www.mathworks.com.
 
Running "Run1", Seed: 910648
 *** Finished Simulation Run ***

config-18.json #############################################

[#.........] | Progress: 1 | Time: 0.0s | ETA: --[.#........] | Progress: 226 | Time: 0.1s | ETA: --[..#.......] | Progress: 451 | Time: 0.1s | ETA: --[...#......] | Progress: 669 | Time: 0.2s | ETA: --[....#.....] | Progress: 885 | Time: 0.2s | ETA: --[##########] | Progress: 888 | Time: 0.2s | ETA: --fit<>, fid</home/chun/projects/clineage-simulation/analysis/tmc-910648/tmc-004/case-18/triplets-list.raw.txt>, flg<treeReconstruction.log>, frt<resTree.tree>, frtN</home/chun/projects/clineage-simulation/analysis/tmc-910648/tmc-004/case-18/reconstructed.tmp.newick>, fsd<qqq.dat>, fst<simul.tree>, -->index=2
Read triplets from file...
Read triplets from file...Finished
N_triplets = 855, idMaxFound = 21
treeBuildBasedOnTriplets_run...
make_isTogetherInTripletAndDeleteExtraTriplets: Finished
maxCut with 21 nodes: Finished
maxCut with 20 nodes: Finished
maxCut with 12 nodes: Finished
maxCut with 7 nodes: Finished
maxCut with 5 nodes: Finished
maxCut with 8 nodes: Finished
maxCut with 6 nodes: Finished
treeBuildBasedOnTriplets_run...Finished
Saving tree to file...
Saving tree to file...Finished

                            < M A T L A B (R) >
                  Copyright 1984-2017 The MathWorks, Inc.
                   R2017a (9.2.0.538062) 64-bit (glnxa64)
                             February 23, 2017

 
To get started, type one of these: helpwin, helpdesk, or demo.
For product information, visit www.mathworks.com.
 
TreeCmp version build2

Active options:
Type of the analysis:  ref-to-all comparison mode (-r)
Metrics:
  1. MatchingCluster (mc)
  2. R-F_Cluster (rc)
  3. NodalSplitted (ns)
  4. Triples (tt)
  5. MatchingPair (mp)
  6. MAST (mt)
  7. CopheneticL2Metric (co)
Input file: /home/chun/projects/clineage-simulation/analysis/tmc-910648/tmc-004/case-18/reconstructed.newick
Output file: /home/chun/projects/clineage-simulation/analysis/tmc-910648/tmc-004/case-18/scores.raw.out
Additional options:
N - Report normalized distances.
P - Prune compared trees if needed (trees can have different leaf sets).
I - Include summary section in the output file.
-----
2018-06-19 08:04:07: Start of reading random statistics.
2018-06-19 08:04:08: End of reading random statistics.
2018-06-19 08:04:08: Start of scanning input file: /home/chun/projects/clineage-simulation/analysis/tmc-910648/tmc-004/case-18/reconstructed.newick
2018-06-19 08:04:08: End of scanning input file: /home/chun/projects/clineage-simulation/analysis/tmc-910648/tmc-004/case-18/reconstructed.newick
2018-06-19 08:04:08: 1 valid trees found in file: /home/chun/projects/clineage-simulation/analysis/tmc-910648/tmc-004/case-18/reconstructed.newick
2018-06-19 08:04:08: Start of calculation...please wait...
2018-06-19 08:04:08: 0.00% completed...
2018-06-19 08:04:08: 100.00% completed.
2018-06-19 08:04:08: End of calculation.
2018-06-19 08:04:08: Total calculation time: 25 ms.
                               metrics
No                              1.0000
RefTree                         1.0000
Tree                            1.0000
RefTree_taxa                   21.0000
Tree_taxa                      21.0000
Common_taxa                    21.0000
MatchingCluster                32.0000
MatchingCluster_toYuleAvg       0.3493
MatchingCluster_toUnifAvg       0.3025
R-F_Cluster                    10.5000
R-F_Cluster_toYuleAvg           0.5594
R-F_Cluster_toUnifAvg           0.5570
NodalSplitted                  27.0924
NodalSplitted_toYuleAvg         0.4400
NodalSplitted_toUnifAvg         0.3481
Triples                       324.0000
Triples_toYuleAvg               0.3649
Triples_toUnifAvg               0.3656
MatchingPair                   65.0000
MatchingPair_toYuleAvg          0.4352
MatchingPair_toUnifAvg          0.4440
MAST                            9.0000
MAST_toYuleAvg                  0.6349
MAST_toUnifAvg                  0.6304
CopheneticL2Metric             16.8226
CopheneticL2Metric_toYuleAvg    0.3536
CopheneticL2Metric_toUnifAvg    0.2912

                 Name         Avg  Std         Min         Max  Count
0     MatchingCluster   32.000000  0.0   32.000000   32.000000      1
1         R-F_Cluster   10.500000  0.0   10.500000   10.500000      1
2       NodalSplitted   27.092434  0.0   27.092434   27.092434      1
3             Triples  324.000000  0.0  324.000000  324.000000      1
4        MatchingPair   65.000000  0.0   65.000000   65.000000      1
5                MAST    9.000000  0.0    9.000000    9.000000      1
6  CopheneticL2Metric   16.822604  0.0   16.822604   16.822604      1
