
                            < M A T L A B (R) >
                  Copyright 1984-2017 The MathWorks, Inc.
                   R2017a (9.2.0.538062) 64-bit (glnxa64)
                             February 23, 2017

 
To get started, type one of these: helpwin, helpdesk, or demo.
For product information, visit www.mathworks.com.
 
Running "Run1", Seed: 910648
 *** Finished Simulation Run ***

config-19.json #############################################

[#.........] | Progress: 1 | Time: 0.0s | ETA: --[.#........] | Progress: 194 | Time: 0.1s | ETA: --[..#.......] | Progress: 387 | Time: 0.1s | ETA: --[...#......] | Progress: 577 | Time: 0.2s | ETA: --[....#.....] | Progress: 767 | Time: 0.2s | ETA: --[.....#....] | Progress: 953 | Time: 0.3s | ETA: --[##########] | Progress: 1049 | Time: 0.3s | ETA: --fit<>, fid</home/chun/projects/clineage-simulation/analysis/tmc-910648/tmc-004/case-19/triplets-list.raw.txt>, flg<treeReconstruction.log>, frt<resTree.tree>, frtN</home/chun/projects/clineage-simulation/analysis/tmc-910648/tmc-004/case-19/reconstructed.tmp.newick>, fsd<qqq.dat>, fst<simul.tree>, -->index=2
Read triplets from file...
Read triplets from file...Finished
N_triplets = 1017, idMaxFound = 22
treeBuildBasedOnTriplets_run...
make_isTogetherInTripletAndDeleteExtraTriplets: Finished
maxCut with 22 nodes: Finished
maxCut with 10 nodes: Finished
maxCut with 9 nodes: Finished
maxCut with 5 nodes: Finished
maxCut with 12 nodes: Finished
maxCut with 10 nodes: Finished
maxCut with 5 nodes: Finished
treeBuildBasedOnTriplets_run...Finished
Saving tree to file...
Saving tree to file...Finished

                            < M A T L A B (R) >
                  Copyright 1984-2017 The MathWorks, Inc.
                   R2017a (9.2.0.538062) 64-bit (glnxa64)
                             February 23, 2017

 
To get started, type one of these: helpwin, helpdesk, or demo.
For product information, visit www.mathworks.com.
 
TreeCmp version build2

Active options:
Type of the analysis:  ref-to-all comparison mode (-r)
Metrics:
  1. MatchingCluster (mc)
  2. R-F_Cluster (rc)
  3. NodalSplitted (ns)
  4. Triples (tt)
  5. MatchingPair (mp)
  6. MAST (mt)
  7. CopheneticL2Metric (co)
Input file: /home/chun/projects/clineage-simulation/analysis/tmc-910648/tmc-004/case-19/reconstructed.newick
Output file: /home/chun/projects/clineage-simulation/analysis/tmc-910648/tmc-004/case-19/scores.raw.out
Additional options:
N - Report normalized distances.
P - Prune compared trees if needed (trees can have different leaf sets).
I - Include summary section in the output file.
-----
2018-06-19 08:04:14: Start of reading random statistics.
2018-06-19 08:04:14: End of reading random statistics.
2018-06-19 08:04:14: Start of scanning input file: /home/chun/projects/clineage-simulation/analysis/tmc-910648/tmc-004/case-19/reconstructed.newick
2018-06-19 08:04:14: End of scanning input file: /home/chun/projects/clineage-simulation/analysis/tmc-910648/tmc-004/case-19/reconstructed.newick
2018-06-19 08:04:14: 1 valid trees found in file: /home/chun/projects/clineage-simulation/analysis/tmc-910648/tmc-004/case-19/reconstructed.newick
2018-06-19 08:04:14: Start of calculation...please wait...
2018-06-19 08:04:14: 0.00% completed...
2018-06-19 08:04:14: 100.00% completed.
2018-06-19 08:04:14: End of calculation.
2018-06-19 08:04:14: Total calculation time: 29 ms.
                               metrics
No                              1.0000
RefTree                         1.0000
Tree                            1.0000
RefTree_taxa                   22.0000
Tree_taxa                      22.0000
Common_taxa                    22.0000
MatchingCluster                38.0000
MatchingCluster_toYuleAvg       0.3845
MatchingCluster_toUnifAvg       0.3281
R-F_Cluster                    10.0000
R-F_Cluster_toYuleAvg           0.5058
R-F_Cluster_toUnifAvg           0.5036
NodalSplitted                  25.0200
NodalSplitted_toYuleAvg         0.3756
NodalSplitted_toUnifAvg         0.2941
Triples                       398.0000
Triples_toYuleAvg               0.3879
Triples_toUnifAvg               0.3867
MatchingPair                   74.0000
MatchingPair_toYuleAvg          0.4492
MatchingPair_toUnifAvg          0.4570
MAST                           10.0000
MAST_toYuleAvg                  0.6668
MAST_toUnifAvg                  0.6619
CopheneticL2Metric             16.4621
CopheneticL2Metric_toYuleAvg    0.3239
CopheneticL2Metric_toUnifAvg    0.2623

                 Name         Avg  Std         Min         Max  Count
0     MatchingCluster   38.000000  0.0   38.000000   38.000000      1
1         R-F_Cluster   10.000000  0.0   10.000000   10.000000      1
2       NodalSplitted   25.019992  0.0   25.019992   25.019992      1
3             Triples  398.000000  0.0  398.000000  398.000000      1
4        MatchingPair   74.000000  0.0   74.000000   74.000000      1
5                MAST   10.000000  0.0   10.000000   10.000000      1
6  CopheneticL2Metric   16.462078  0.0   16.462078   16.462078      1
