
                            < M A T L A B (R) >
                  Copyright 1984-2017 The MathWorks, Inc.
                   R2017a (9.2.0.538062) 64-bit (glnxa64)
                             February 23, 2017

 
To get started, type one of these: helpwin, helpdesk, or demo.
For product information, visit www.mathworks.com.
 
Running "Run1", Seed: 910648
 *** Finished Simulation Run ***

config-20.json #############################################

[#.........] | Progress: 1 | Time: 0.0s | ETA: --[.#........] | Progress: 142 | Time: 0.1s | ETA: --[..#.......] | Progress: 331 | Time: 0.1s | ETA: --[...#......] | Progress: 518 | Time: 0.2s | ETA: --[....#.....] | Progress: 705 | Time: 0.2s | ETA: --[.....#....] | Progress: 890 | Time: 0.3s | ETA: --[......#...] | Progress: 1074 | Time: 0.3s | ETA: --[##########] | Progress: 1200 | Time: 0.3s | ETA: --fit<>, fid</home/chun/projects/clineage-simulation/analysis/tmc-910648/tmc-004/case-20/triplets-list.raw.txt>, flg<treeReconstruction.log>, frt<resTree.tree>, frtN</home/chun/projects/clineage-simulation/analysis/tmc-910648/tmc-004/case-20/reconstructed.tmp.newick>, fsd<qqq.dat>, fst<simul.tree>, -->index=2
Read triplets from file...
Read triplets from file...Finished
N_triplets = 1170, idMaxFound = 23
treeBuildBasedOnTriplets_run...
make_isTogetherInTripletAndDeleteExtraTriplets: Finished
maxCut with 23 nodes: Finished
maxCut with 22 nodes: Finished
maxCut with 9 nodes: Finished
maxCut with 5 nodes: Finished
maxCut with 13 nodes: Finished
maxCut with 7 nodes: Finished
treeBuildBasedOnTriplets_run...Finished
Saving tree to file...
Saving tree to file...Finished

                            < M A T L A B (R) >
                  Copyright 1984-2017 The MathWorks, Inc.
                   R2017a (9.2.0.538062) 64-bit (glnxa64)
                             February 23, 2017

 
To get started, type one of these: helpwin, helpdesk, or demo.
For product information, visit www.mathworks.com.
 
TreeCmp version build2

Active options:
Type of the analysis:  ref-to-all comparison mode (-r)
Metrics:
  1. MatchingCluster (mc)
  2. R-F_Cluster (rc)
  3. NodalSplitted (ns)
  4. Triples (tt)
  5. MatchingPair (mp)
  6. MAST (mt)
  7. CopheneticL2Metric (co)
Input file: /home/chun/projects/clineage-simulation/analysis/tmc-910648/tmc-004/case-20/reconstructed.newick
Output file: /home/chun/projects/clineage-simulation/analysis/tmc-910648/tmc-004/case-20/scores.raw.out
Additional options:
N - Report normalized distances.
P - Prune compared trees if needed (trees can have different leaf sets).
I - Include summary section in the output file.
-----
2018-06-19 08:04:16: Start of reading random statistics.
2018-06-19 08:04:16: End of reading random statistics.
2018-06-19 08:04:16: Start of scanning input file: /home/chun/projects/clineage-simulation/analysis/tmc-910648/tmc-004/case-20/reconstructed.newick
2018-06-19 08:04:16: End of scanning input file: /home/chun/projects/clineage-simulation/analysis/tmc-910648/tmc-004/case-20/reconstructed.newick
2018-06-19 08:04:16: 1 valid trees found in file: /home/chun/projects/clineage-simulation/analysis/tmc-910648/tmc-004/case-20/reconstructed.newick
2018-06-19 08:04:16: Start of calculation...please wait...
2018-06-19 08:04:16: 0.00% completed...
2018-06-19 08:04:16: 100.00% completed.
2018-06-19 08:04:16: End of calculation.
2018-06-19 08:04:16: Total calculation time: 33 ms.
                               metrics
No                              1.0000
RefTree                         1.0000
Tree                            1.0000
RefTree_taxa                   23.0000
Tree_taxa                      23.0000
Common_taxa                    23.0000
MatchingCluster                34.0000
MatchingCluster_toYuleAvg       0.3207
MatchingCluster_toUnifAvg       0.2743
R-F_Cluster                    10.0000
R-F_Cluster_toYuleAvg           0.4813
R-F_Cluster_toUnifAvg           0.4804
NodalSplitted                  29.9666
NodalSplitted_toYuleAvg         0.4248
NodalSplitted_toUnifAvg         0.3343
Triples                       403.0000
Triples_toYuleAvg               0.3410
Triples_toUnifAvg               0.3425
MatchingPair                   80.0000
MatchingPair_toYuleAvg          0.4383
MatchingPair_toUnifAvg          0.4478
MAST                            9.0000
MAST_toYuleAvg                  0.5673
MAST_toUnifAvg                  0.5620
CopheneticL2Metric             17.8326
CopheneticL2Metric_toYuleAvg    0.3292
CopheneticL2Metric_toUnifAvg    0.2641

                 Name         Avg  Std         Min         Max  Count
0     MatchingCluster   34.000000  0.0   34.000000   34.000000      1
1         R-F_Cluster   10.000000  0.0   10.000000   10.000000      1
2       NodalSplitted   29.966648  0.0   29.966648   29.966648      1
3             Triples  403.000000  0.0  403.000000  403.000000      1
4        MatchingPair   80.000000  0.0   80.000000   80.000000      1
5                MAST    9.000000  0.0    9.000000    9.000000      1
6  CopheneticL2Metric   17.832555  0.0   17.832555   17.832555      1
