
                            < M A T L A B (R) >
                  Copyright 1984-2017 The MathWorks, Inc.
                   R2017a (9.2.0.538062) 64-bit (glnxa64)
                             February 23, 2017

 
To get started, type one of these: helpwin, helpdesk, or demo.
For product information, visit www.mathworks.com.
 
Running "Run1", Seed: 910648
 *** Finished Simulation Run ***

config-15.json #############################################

[#.........] | Progress: 1 | Time: 0.0s | ETA: --[.#........] | Progress: 177 | Time: 0.1s | ETA: --[..#.......] | Progress: 390 | Time: 0.1s | ETA: --[##########] | Progress: 550 | Time: 0.1s | ETA: --fit<>, fid</home/chun/projects/clineage-simulation/analysis/tmc-910648/tmc-004/case-15/triplets-list.raw.txt>, flg<treeReconstruction.log>, frt<resTree.tree>, frtN</home/chun/projects/clineage-simulation/analysis/tmc-910648/tmc-004/case-15/reconstructed.tmp.newick>, fsd<qqq.dat>, fst<simul.tree>, -->index=2
Read triplets from file...
Read triplets from file...Finished
N_triplets = 525, idMaxFound = 18
treeBuildBasedOnTriplets_run...
make_isTogetherInTripletAndDeleteExtraTriplets: Finished
maxCut with 18 nodes: Finished
maxCut with 17 nodes: Finished
maxCut with 7 nodes: Finished
maxCut with 5 nodes: Finished
maxCut with 10 nodes: Finished
maxCut with 6 nodes: Finished
treeBuildBasedOnTriplets_run...Finished
Saving tree to file...
Saving tree to file...Finished

                            < M A T L A B (R) >
                  Copyright 1984-2017 The MathWorks, Inc.
                   R2017a (9.2.0.538062) 64-bit (glnxa64)
                             February 23, 2017

 
To get started, type one of these: helpwin, helpdesk, or demo.
For product information, visit www.mathworks.com.
 
TreeCmp version build2

Active options:
Type of the analysis:  ref-to-all comparison mode (-r)
Metrics:
  1. MatchingCluster (mc)
  2. R-F_Cluster (rc)
  3. NodalSplitted (ns)
  4. Triples (tt)
  5. MatchingPair (mp)
  6. MAST (mt)
  7. CopheneticL2Metric (co)
Input file: /home/chun/projects/clineage-simulation/analysis/tmc-910648/tmc-004/case-15/reconstructed.newick
Output file: /home/chun/projects/clineage-simulation/analysis/tmc-910648/tmc-004/case-15/scores.raw.out
Additional options:
N - Report normalized distances.
P - Prune compared trees if needed (trees can have different leaf sets).
I - Include summary section in the output file.
-----
2018-06-19 08:04:09: Start of reading random statistics.
2018-06-19 08:04:09: End of reading random statistics.
2018-06-19 08:04:09: Start of scanning input file: /home/chun/projects/clineage-simulation/analysis/tmc-910648/tmc-004/case-15/reconstructed.newick
2018-06-19 08:04:09: End of scanning input file: /home/chun/projects/clineage-simulation/analysis/tmc-910648/tmc-004/case-15/reconstructed.newick
2018-06-19 08:04:09: 1 valid trees found in file: /home/chun/projects/clineage-simulation/analysis/tmc-910648/tmc-004/case-15/reconstructed.newick
2018-06-19 08:04:09: Start of calculation...please wait...
2018-06-19 08:04:09: 0.00% completed...
2018-06-19 08:04:09: 100.00% completed.
2018-06-19 08:04:09: End of calculation.
2018-06-19 08:04:09: Total calculation time: 30 ms.
                               metrics
No                              1.0000
RefTree                         1.0000
Tree                            1.0000
RefTree_taxa                   18.0000
Tree_taxa                      18.0000
Common_taxa                    18.0000
MatchingCluster                25.0000
MatchingCluster_toYuleAvg       0.3519
MatchingCluster_toUnifAvg       0.3109
R-F_Cluster                     8.0000
R-F_Cluster_toYuleAvg           0.5068
R-F_Cluster_toUnifAvg           0.5055
NodalSplitted                  20.4206
NodalSplitted_toYuleAvg         0.4108
NodalSplitted_toUnifAvg         0.3369
Triples                       219.0000
Triples_toYuleAvg               0.4006
Triples_toUnifAvg               0.4033
MatchingPair                   51.0000
MatchingPair_toYuleAvg          0.4794
MatchingPair_toUnifAvg          0.4903
MAST                            7.0000
MAST_toYuleAvg                  0.5964
MAST_toUnifAvg                  0.5948
CopheneticL2Metric             14.2829
CopheneticL2Metric_toYuleAvg    0.3640
CopheneticL2Metric_toUnifAvg    0.3160

                 Name         Avg  Std         Min         Max  Count
0     MatchingCluster   25.000000  0.0   25.000000   25.000000      1
1         R-F_Cluster    8.000000  0.0    8.000000    8.000000      1
2       NodalSplitted   20.420578  0.0   20.420578   20.420578      1
3             Triples  219.000000  0.0  219.000000  219.000000      1
4        MatchingPair   51.000000  0.0   51.000000   51.000000      1
5                MAST    7.000000  0.0    7.000000    7.000000      1
6  CopheneticL2Metric   14.282857  0.0   14.282857   14.282857      1
