                              metrics
No                             1.0000
RefTree                        1.0000
Tree                           1.0000
RefTree_taxa                  12.0000
Tree_taxa                     12.0000
Common_taxa                   12.0000
MatchingCluster               24.0000
MatchingCluster_toYuleAvg      0.6760
MatchingCluster_toUnifAvg      0.6347
R-F_Cluster                    7.5000
R-F_Cluster_toYuleAvg          0.7692
R-F_Cluster_toUnifAvg          0.7662
NodalSplitted                 14.2829
NodalSplitted_toYuleAvg        0.5243
NodalSplitted_toUnifAvg        0.4773
Triples                       68.0000
Triples_toYuleAvg              0.4619
Triples_toUnifAvg              0.4634
MatchingPair                  29.0000
MatchingPair_toYuleAvg         0.6856
MatchingPair_toUnifAvg         0.6947
MAST                           5.0000
MAST_toYuleAvg                 0.7256
MAST_toUnifAvg                 0.7185
CopheneticL2Metric            14.0357
CopheneticL2Metric_toYuleAvg   0.6474
CopheneticL2Metric_toUnifAvg   0.5957

                 Name        Avg  Std        Min        Max  Count
0     MatchingCluster  24.000000  0.0  24.000000  24.000000      1
1         R-F_Cluster   7.500000  0.0   7.500000   7.500000      1
2       NodalSplitted  14.282857  0.0  14.282857  14.282857      1
3             Triples  68.000000  0.0  68.000000  68.000000      1
4        MatchingPair  29.000000  0.0  29.000000  29.000000      1
5                MAST   5.000000  0.0   5.000000   5.000000      1
6  CopheneticL2Metric  14.035669  0.0  14.035669  14.035669      1
