                               metrics
No                              1.0000
RefTree                         1.0000
Tree                            1.0000
RefTree_taxa                   18.0000
Tree_taxa                      18.0000
Common_taxa                    18.0000
MatchingCluster                25.0000
MatchingCluster_toYuleAvg       0.3519
MatchingCluster_toUnifAvg       0.3109
R-F_Cluster                     4.5000
R-F_Cluster_toYuleAvg           0.2851
R-F_Cluster_toUnifAvg           0.2844
NodalSplitted                  20.5670
NodalSplitted_toYuleAvg         0.4137
NodalSplitted_toUnifAvg         0.3393
Triples                       160.0000
Triples_toYuleAvg               0.2927
Triples_toUnifAvg               0.2947
MatchingPair                   46.0000
MatchingPair_toYuleAvg          0.4324
MatchingPair_toUnifAvg          0.4423
MAST                            7.0000
MAST_toYuleAvg                  0.5964
MAST_toUnifAvg                  0.5948
CopheneticL2Metric             13.1149
CopheneticL2Metric_toYuleAvg    0.3343
CopheneticL2Metric_toUnifAvg    0.2902

                 Name         Avg  Std         Min         Max  Count
0     MatchingCluster   25.000000  0.0   25.000000   25.000000      1
1         R-F_Cluster    4.500000  0.0    4.500000    4.500000      1
2       NodalSplitted   20.566964  0.0   20.566964   20.566964      1
3             Triples  160.000000  0.0  160.000000  160.000000      1
4        MatchingPair   46.000000  0.0   46.000000   46.000000      1
5                MAST    7.000000  0.0    7.000000    7.000000      1
6  CopheneticL2Metric   13.114877  0.0   13.114877   13.114877      1
