                              metrics
No                             1.0000
RefTree                        1.0000
Tree                           1.0000
RefTree_taxa                  21.0000
Tree_taxa                     21.0000
Common_taxa                   21.0000
MatchingCluster               26.0000
MatchingCluster_toYuleAvg      0.2838
MatchingCluster_toUnifAvg      0.2458
R-F_Cluster                    5.0000
R-F_Cluster_toYuleAvg          0.2664
R-F_Cluster_toUnifAvg          0.2653
NodalSplitted                 25.6905
NodalSplitted_toYuleAvg        0.4172
NodalSplitted_toUnifAvg        0.3301
Triples                       38.0000
Triples_toYuleAvg              0.0428
Triples_toUnifAvg              0.0429
MatchingPair                  19.0000
MatchingPair_toYuleAvg         0.1272
MatchingPair_toUnifAvg         0.1298
MAST                           6.0000
MAST_toYuleAvg                 0.4233
MAST_toUnifAvg                 0.4203
CopheneticL2Metric            11.6619
CopheneticL2Metric_toYuleAvg   0.2451
CopheneticL2Metric_toUnifAvg   0.2019

                 Name        Avg  Std        Min        Max  Count
0     MatchingCluster  26.000000  0.0  26.000000  26.000000      1
1         R-F_Cluster   5.000000  0.0   5.000000   5.000000      1
2       NodalSplitted  25.690465  0.0  25.690465  25.690465      1
3             Triples  38.000000  0.0  38.000000  38.000000      1
4        MatchingPair  19.000000  0.0  19.000000  19.000000      1
5                MAST   6.000000  0.0   6.000000   6.000000      1
6  CopheneticL2Metric  11.661904  0.0  11.661904  11.661904      1
