                              metrics
No                             1.0000
RefTree                        1.0000
Tree                           1.0000
RefTree_taxa                  20.0000
Tree_taxa                     20.0000
Common_taxa                   20.0000
MatchingCluster               30.0000
MatchingCluster_toYuleAvg      0.3522
MatchingCluster_toUnifAvg      0.3084
R-F_Cluster                    8.5000
R-F_Cluster_toYuleAvg          0.4786
R-F_Cluster_toUnifAvg          0.4763
NodalSplitted                 30.3974
NodalSplitted_toYuleAvg        0.5224
NodalSplitted_toUnifAvg        0.4230
Triples                       71.0000
Triples_toYuleAvg              0.0929
Triples_toUnifAvg              0.0935
MatchingPair                  27.0000
MatchingPair_toYuleAvg         0.2007
MatchingPair_toUnifAvg         0.2052
MAST                           7.0000
MAST_toYuleAvg                 0.5247
MAST_toUnifAvg                 0.5203
CopheneticL2Metric            15.1987
CopheneticL2Metric_toYuleAvg   0.3422
CopheneticL2Metric_toUnifAvg   0.2798

                 Name        Avg  Std        Min        Max  Count
0     MatchingCluster  30.000000  0.0  30.000000  30.000000      1
1         R-F_Cluster   8.500000  0.0   8.500000   8.500000      1
2       NodalSplitted  30.397368  0.0  30.397368  30.397368      1
3             Triples  71.000000  0.0  71.000000  71.000000      1
4        MatchingPair  27.000000  0.0  27.000000  27.000000      1
5                MAST   7.000000  0.0   7.000000   7.000000      1
6  CopheneticL2Metric  15.198684  0.0  15.198684  15.198684      1
