                               metrics
No                              1.0000
RefTree                         1.0000
Tree                            1.0000
RefTree_taxa                   23.0000
Tree_taxa                      23.0000
Common_taxa                    23.0000
MatchingCluster                22.0000
MatchingCluster_toYuleAvg       0.2075
MatchingCluster_toUnifAvg       0.1775
R-F_Cluster                     4.5000
R-F_Cluster_toYuleAvg           0.2166
R-F_Cluster_toUnifAvg           0.2162
NodalSplitted                  24.8596
NodalSplitted_toYuleAvg         0.3524
NodalSplitted_toUnifAvg         0.2773
Triples                       111.0000
Triples_toYuleAvg               0.0939
Triples_toUnifAvg               0.0943
MatchingPair                   26.0000
MatchingPair_toYuleAvg          0.1424
MatchingPair_toUnifAvg          0.1455
MAST                            5.0000
MAST_toYuleAvg                  0.3151
MAST_toUnifAvg                  0.3122
CopheneticL2Metric             14.7309
CopheneticL2Metric_toYuleAvg    0.2719
CopheneticL2Metric_toUnifAvg    0.2182

                 Name         Avg  Std         Min         Max  Count
0     MatchingCluster   22.000000  0.0   22.000000   22.000000      1
1         R-F_Cluster    4.500000  0.0    4.500000    4.500000      1
2       NodalSplitted   24.859606  0.0   24.859606   24.859606      1
3             Triples  111.000000  0.0  111.000000  111.000000      1
4        MatchingPair   26.000000  0.0   26.000000   26.000000      1
5                MAST    5.000000  0.0    5.000000    5.000000      1
6  CopheneticL2Metric   14.730920  0.0   14.730920   14.730920      1
