                              metrics
No                             1.0000
RefTree                        1.0000
Tree                           1.0000
RefTree_taxa                  13.0000
Tree_taxa                     13.0000
Common_taxa                   13.0000
MatchingCluster                7.0000
MatchingCluster_toYuleAvg      0.1714
MatchingCluster_toUnifAvg      0.1587
R-F_Cluster                    1.5000
R-F_Cluster_toYuleAvg          0.1391
R-F_Cluster_toUnifAvg          0.1386
NodalSplitted                 10.0995
NodalSplitted_toYuleAvg        0.3298
NodalSplitted_toUnifAvg        0.2913
Triples                        5.0000
Triples_toYuleAvg              0.0262
Triples_toUnifAvg              0.0262
MatchingPair                   5.0000
MatchingPair_toYuleAvg         0.0982
MatchingPair_toUnifAvg         0.0998
MAST                           2.0000
MAST_toYuleAvg                 0.2598
MAST_toUnifAvg                 0.2576
CopheneticL2Metric             5.0000
CopheneticL2Metric_toYuleAvg   0.2061
CopheneticL2Metric_toUnifAvg   0.1872

                 Name        Avg  Std        Min        Max  Count
0     MatchingCluster   7.000000  0.0   7.000000   7.000000      1
1         R-F_Cluster   1.500000  0.0   1.500000   1.500000      1
2       NodalSplitted  10.099505  0.0  10.099505  10.099505      1
3             Triples   5.000000  0.0   5.000000   5.000000      1
4        MatchingPair   5.000000  0.0   5.000000   5.000000      1
5                MAST   2.000000  0.0   2.000000   2.000000      1
6  CopheneticL2Metric   5.000000  0.0   5.000000   5.000000      1
