
                            < M A T L A B (R) >
                  Copyright 1984-2017 The MathWorks, Inc.
                   R2017a (9.2.0.538062) 64-bit (glnxa64)
                             February 23, 2017

 
To get started, type one of these: helpwin, helpdesk, or demo.
For product information, visit www.mathworks.com.
 
Running "Run1", Seed: 910648
 *** Finished Simulation Run ***

config-18.json #############################################

[#.........] | Progress: 1 | Time: 0.0s | ETA: --[.#........] | Progress: 483 | Time: 0.1s | ETA: --[##########] | Progress: 909 | Time: 0.1s | ETA: --fit<>, fid</home/chun/projects/clineage-simulation/analysis/tmc-910648/tmc-001/case-18/triplets-list.raw.txt>, flg<treeReconstruction.log>, frt<resTree.tree>, frtN</home/chun/projects/clineage-simulation/analysis/tmc-910648/tmc-001/case-18/reconstructed.tmp.newick>, fsd<qqq.dat>, fst<simul.tree>, -->index=2
Read triplets from file...
Read triplets from file...Finished
N_triplets = 296, idMaxFound = 21
treeBuildBasedOnTriplets_run...
make_isTogetherInTripletAndDeleteExtraTriplets: Finished
maxCut with 16 nodes: Finished
maxCut with 14 nodes: Finished
maxCut with 10 nodes: Finished
treeBuildBasedOnTriplets_run...Finished
Saving tree to file...
Saving tree to file...Finished

                            < M A T L A B (R) >
                  Copyright 1984-2017 The MathWorks, Inc.
                   R2017a (9.2.0.538062) 64-bit (glnxa64)
                             February 23, 2017

 
To get started, type one of these: helpwin, helpdesk, or demo.
For product information, visit www.mathworks.com.
 
TreeCmp version build2

Active options:
Type of the analysis:  ref-to-all comparison mode (-r)
Metrics:
  1. MatchingCluster (mc)
  2. R-F_Cluster (rc)
  3. NodalSplitted (ns)
  4. Triples (tt)
  5. MatchingPair (mp)
  6. MAST (mt)
  7. CopheneticL2Metric (co)
Input file: /home/chun/projects/clineage-simulation/analysis/tmc-910648/tmc-001/case-18/reconstructed.newick
Output file: /home/chun/projects/clineage-simulation/analysis/tmc-910648/tmc-001/case-18/scores.raw.out
Additional options:
N - Report normalized distances.
P - Prune compared trees if needed (trees can have different leaf sets).
I - Include summary section in the output file.
-----
2018-06-18 21:45:53: Start of reading random statistics.
2018-06-18 21:45:54: End of reading random statistics.
2018-06-18 21:45:54: Start of scanning input file: /home/chun/projects/clineage-simulation/analysis/tmc-910648/tmc-001/case-18/reconstructed.newick
2018-06-18 21:45:54: End of scanning input file: /home/chun/projects/clineage-simulation/analysis/tmc-910648/tmc-001/case-18/reconstructed.newick
2018-06-18 21:45:54: 1 valid trees found in file: /home/chun/projects/clineage-simulation/analysis/tmc-910648/tmc-001/case-18/reconstructed.newick
2018-06-18 21:45:54: Start of calculation...please wait...
2018-06-18 21:45:54: 0.00% completed...
2018-06-18 21:45:54: 100.00% completed.
2018-06-18 21:45:54: End of calculation.
2018-06-18 21:45:54: Total calculation time: 29 ms.
                               metrics
No                              1.0000
RefTree                         1.0000
Tree                            1.0000
RefTree_taxa                   21.0000
Tree_taxa                      21.0000
Common_taxa                    21.0000
MatchingCluster                84.0000
MatchingCluster_toYuleAvg       0.9170
MatchingCluster_toUnifAvg       0.7942
R-F_Cluster                    13.5000
R-F_Cluster_toYuleAvg           0.7192
R-F_Cluster_toUnifAvg           0.7162
NodalSplitted                  53.7587
NodalSplitted_toYuleAvg         0.8731
NodalSplitted_toUnifAvg         0.6907
Triples                       993.0000
Triples_toYuleAvg               1.1183
Triples_toUnifAvg               1.1204
MatchingPair                  151.0000
MatchingPair_toYuleAvg          1.0110
MatchingPair_toUnifAvg          1.0315
MAST                           15.0000
MAST_toYuleAvg                  1.0582
MAST_toUnifAvg                  1.0507
CopheneticL2Metric             34.7563
CopheneticL2Metric_toYuleAvg    0.7305
CopheneticL2Metric_toUnifAvg    0.6016

                 Name         Avg  Std         Min         Max  Count
0     MatchingCluster   84.000000  0.0   84.000000   84.000000      1
1         R-F_Cluster   13.500000  0.0   13.500000   13.500000      1
2       NodalSplitted   53.758720  0.0   53.758720   53.758720      1
3             Triples  993.000000  0.0  993.000000  993.000000      1
4        MatchingPair  151.000000  0.0  151.000000  151.000000      1
5                MAST   15.000000  0.0   15.000000   15.000000      1
6  CopheneticL2Metric   34.756294  0.0   34.756294   34.756294      1
