
                            < M A T L A B (R) >
                  Copyright 1984-2017 The MathWorks, Inc.
                   R2017a (9.2.0.538062) 64-bit (glnxa64)
                             February 23, 2017

 
To get started, type one of these: helpwin, helpdesk, or demo.
For product information, visit www.mathworks.com.
 
Running "Run1", Seed: 910648
 *** Finished Simulation Run ***

config-12.json #############################################

[#.........] | Progress: 1 | Time: 0.0s | ETA: --[##########] | Progress: 319 | Time: 0.0s | ETA: --fit<>, fid</home/chun/projects/clineage-simulation/analysis/tmc-910648/tmc-001/case-12/triplets-list.raw.txt>, flg<treeReconstruction.log>, frt<resTree.tree>, frtN</home/chun/projects/clineage-simulation/analysis/tmc-910648/tmc-001/case-12/reconstructed.tmp.newick>, fsd<qqq.dat>, fst<simul.tree>, -->index=2
Read triplets from file...
Read triplets from file...Finished
N_triplets = 91, idMaxFound = 15
treeBuildBasedOnTriplets_run...
make_isTogetherInTripletAndDeleteExtraTriplets: Finished
maxCut with 11 nodes: Finished
maxCut with 9 nodes: Finished
maxCut with 8 nodes: Finished
treeBuildBasedOnTriplets_run...Finished
Saving tree to file...
Saving tree to file...Finished

                            < M A T L A B (R) >
                  Copyright 1984-2017 The MathWorks, Inc.
                   R2017a (9.2.0.538062) 64-bit (glnxa64)
                             February 23, 2017

 
To get started, type one of these: helpwin, helpdesk, or demo.
For product information, visit www.mathworks.com.
 
TreeCmp version build2

Active options:
Type of the analysis:  ref-to-all comparison mode (-r)
Metrics:
  1. MatchingCluster (mc)
  2. R-F_Cluster (rc)
  3. NodalSplitted (ns)
  4. Triples (tt)
  5. MatchingPair (mp)
  6. MAST (mt)
  7. CopheneticL2Metric (co)
Input file: /home/chun/projects/clineage-simulation/analysis/tmc-910648/tmc-001/case-12/reconstructed.newick
Output file: /home/chun/projects/clineage-simulation/analysis/tmc-910648/tmc-001/case-12/scores.raw.out
Additional options:
N - Report normalized distances.
P - Prune compared trees if needed (trees can have different leaf sets).
I - Include summary section in the output file.
-----
2018-06-18 21:45:53: Start of reading random statistics.
2018-06-18 21:45:53: End of reading random statistics.
2018-06-18 21:45:53: Start of scanning input file: /home/chun/projects/clineage-simulation/analysis/tmc-910648/tmc-001/case-12/reconstructed.newick
2018-06-18 21:45:53: End of scanning input file: /home/chun/projects/clineage-simulation/analysis/tmc-910648/tmc-001/case-12/reconstructed.newick
2018-06-18 21:45:53: 1 valid trees found in file: /home/chun/projects/clineage-simulation/analysis/tmc-910648/tmc-001/case-12/reconstructed.newick
2018-06-18 21:45:53: Start of calculation...please wait...
2018-06-18 21:45:53: 0.00% completed...
2018-06-18 21:45:53: 100.00% completed.
2018-06-18 21:45:53: End of calculation.
2018-06-18 21:45:53: Total calculation time: 21 ms.
                               metrics
No                              1.0000
RefTree                         1.0000
Tree                            1.0000
RefTree_taxa                   15.0000
Tree_taxa                      15.0000
Common_taxa                    15.0000
MatchingCluster                48.0000
MatchingCluster_toYuleAvg       0.9274
MatchingCluster_toUnifAvg       0.8354
R-F_Cluster                     9.0000
R-F_Cluster_toYuleAvg           0.7061
R-F_Cluster_toUnifAvg           0.7022
NodalSplitted                  36.8782
NodalSplitted_toYuleAvg         0.9740
NodalSplitted_toUnifAvg         0.8386
Triples                       327.0000
Triples_toYuleAvg               1.0835
Triples_toUnifAvg               1.0802
MatchingPair                   70.0000
MatchingPair_toYuleAvg          0.9952
MatchingPair_toUnifAvg          1.0091
MAST                            9.0000
MAST_toYuleAvg                  0.9749
MAST_toUnifAvg                  0.9600
CopheneticL2Metric             25.1794
CopheneticL2Metric_toYuleAvg    0.8403
CopheneticL2Metric_toUnifAvg    0.7434

                 Name         Avg  Std         Min         Max  Count
0     MatchingCluster   48.000000  0.0   48.000000   48.000000      1
1         R-F_Cluster    9.000000  0.0    9.000000    9.000000      1
2       NodalSplitted   36.878178  0.0   36.878178   36.878178      1
3             Triples  327.000000  0.0  327.000000  327.000000      1
4        MatchingPair   70.000000  0.0   70.000000   70.000000      1
5                MAST    9.000000  0.0    9.000000    9.000000      1
6  CopheneticL2Metric   25.179357  0.0   25.179357   25.179357      1
