
                            < M A T L A B (R) >
                  Copyright 1984-2017 The MathWorks, Inc.
                   R2017a (9.2.0.538062) 64-bit (glnxa64)
                             February 23, 2017

 
To get started, type one of these: helpwin, helpdesk, or demo.
For product information, visit www.mathworks.com.
 
Running "Run1", Seed: 910648
 *** Finished Simulation Run ***

config-09.json #############################################

[#.........] | Progress: 1 | Time: 0.0s | ETA: --[##########] | Progress: 162 | Time: 0.0s | ETA: --fit<>, fid</home/chun/projects/clineage-simulation/analysis/tmc-910648/tmc-001/case-09/triplets-list.raw.txt>, flg<treeReconstruction.log>, frt<resTree.tree>, frtN</home/chun/projects/clineage-simulation/analysis/tmc-910648/tmc-001/case-09/reconstructed.tmp.newick>, fsd<qqq.dat>, fst<simul.tree>, -->index=2
Read triplets from file...
Read triplets from file...Finished
N_triplets = 20, idMaxFound = 12
treeBuildBasedOnTriplets_run...
make_isTogetherInTripletAndDeleteExtraTriplets: Finished
maxCut with 7 nodes: Finished
treeBuildBasedOnTriplets_run...Finished
Saving tree to file...
Saving tree to file...Finished

                            < M A T L A B (R) >
                  Copyright 1984-2017 The MathWorks, Inc.
                   R2017a (9.2.0.538062) 64-bit (glnxa64)
                             February 23, 2017

 
To get started, type one of these: helpwin, helpdesk, or demo.
For product information, visit www.mathworks.com.
 
TreeCmp version build2

Active options:
Type of the analysis:  ref-to-all comparison mode (-r)
Metrics:
  1. MatchingCluster (mc)
  2. R-F_Cluster (rc)
  3. NodalSplitted (ns)
  4. Triples (tt)
  5. MatchingPair (mp)
  6. MAST (mt)
  7. CopheneticL2Metric (co)
Input file: /home/chun/projects/clineage-simulation/analysis/tmc-910648/tmc-001/case-09/reconstructed.newick
Output file: /home/chun/projects/clineage-simulation/analysis/tmc-910648/tmc-001/case-09/scores.raw.out
Additional options:
N - Report normalized distances.
P - Prune compared trees if needed (trees can have different leaf sets).
I - Include summary section in the output file.
-----
2018-06-18 21:45:52: Start of reading random statistics.
2018-06-18 21:45:52: End of reading random statistics.
2018-06-18 21:45:52: Start of scanning input file: /home/chun/projects/clineage-simulation/analysis/tmc-910648/tmc-001/case-09/reconstructed.newick
2018-06-18 21:45:52: End of scanning input file: /home/chun/projects/clineage-simulation/analysis/tmc-910648/tmc-001/case-09/reconstructed.newick
2018-06-18 21:45:52: 1 valid trees found in file: /home/chun/projects/clineage-simulation/analysis/tmc-910648/tmc-001/case-09/reconstructed.newick
2018-06-18 21:45:52: Start of calculation...please wait...
2018-06-18 21:45:52: 0.00% completed...
2018-06-18 21:45:52: 100.00% completed.
2018-06-18 21:45:52: End of calculation.
2018-06-18 21:45:52: Total calculation time: 19 ms.
                               metrics
No                              1.0000
RefTree                         1.0000
Tree                            1.0000
RefTree_taxa                   12.0000
Tree_taxa                      12.0000
Common_taxa                    12.0000
MatchingCluster                31.0000
MatchingCluster_toYuleAvg       0.8732
MatchingCluster_toUnifAvg       0.8199
R-F_Cluster                     6.5000
R-F_Cluster_toYuleAvg           0.6667
R-F_Cluster_toUnifAvg           0.6640
NodalSplitted                  24.5153
NodalSplitted_toYuleAvg         0.9000
NodalSplitted_toUnifAvg         0.8193
Triples                       173.0000
Triples_toYuleAvg               1.1752
Triples_toUnifAvg               1.1790
MatchingPair                   40.0000
MatchingPair_toYuleAvg          0.9456
MatchingPair_toUnifAvg          0.9582
MAST                            7.0000
MAST_toYuleAvg                  1.0158
MAST_toUnifAvg                  1.0059
CopheneticL2Metric             15.7797
CopheneticL2Metric_toYuleAvg    0.7279
CopheneticL2Metric_toUnifAvg    0.6697

                 Name         Avg  Std         Min         Max  Count
0     MatchingCluster   31.000000  0.0   31.000000   31.000000      1
1         R-F_Cluster    6.500000  0.0    6.500000    6.500000      1
2       NodalSplitted   24.515301  0.0   24.515301   24.515301      1
3             Triples  173.000000  0.0  173.000000  173.000000      1
4        MatchingPair   40.000000  0.0   40.000000   40.000000      1
5                MAST    7.000000  0.0    7.000000    7.000000      1
6  CopheneticL2Metric   15.779734  0.0   15.779734   15.779734      1
