
                            < M A T L A B (R) >
                  Copyright 1984-2017 The MathWorks, Inc.
                   R2017a (9.2.0.538062) 64-bit (glnxa64)
                             February 23, 2017

 
To get started, type one of these: helpwin, helpdesk, or demo.
For product information, visit www.mathworks.com.
 
Running "Run1", Seed: 910648
 *** Finished Simulation Run ***

config-20.json #############################################

[#.........] | Progress: 1 | Time: 0.0s | ETA: --[.#........] | Progress: 442 | Time: 0.1s | ETA: --[..#.......] | Progress: 883 | Time: 0.1s | ETA: --[##########] | Progress: 1222 | Time: 0.1s | ETA: --fit<>, fid</home/chun/projects/clineage-simulation/analysis/tmc-910648/tmc-001/case-20/triplets-list.raw.txt>, flg<treeReconstruction.log>, frt<resTree.tree>, frtN</home/chun/projects/clineage-simulation/analysis/tmc-910648/tmc-001/case-20/reconstructed.tmp.newick>, fsd<qqq.dat>, fst<simul.tree>, -->index=2
Read triplets from file...
Read triplets from file...Finished
N_triplets = 461, idMaxFound = 22
treeBuildBasedOnTriplets_run...
make_isTogetherInTripletAndDeleteExtraTriplets: Finished
maxCut with 18 nodes: Finished
maxCut with 16 nodes: Finished
maxCut with 10 nodes: Finished
treeBuildBasedOnTriplets_run...Finished
Saving tree to file...
Saving tree to file...Finished

                            < M A T L A B (R) >
                  Copyright 1984-2017 The MathWorks, Inc.
                   R2017a (9.2.0.538062) 64-bit (glnxa64)
                             February 23, 2017

 
To get started, type one of these: helpwin, helpdesk, or demo.
For product information, visit www.mathworks.com.
 
TreeCmp version build2

Active options:
Type of the analysis:  ref-to-all comparison mode (-r)
Metrics:
  1. MatchingCluster (mc)
  2. R-F_Cluster (rc)
  3. NodalSplitted (ns)
  4. Triples (tt)
  5. MatchingPair (mp)
  6. MAST (mt)
  7. CopheneticL2Metric (co)
Input file: /home/chun/projects/clineage-simulation/analysis/tmc-910648/tmc-001/case-20/reconstructed.newick
Output file: /home/chun/projects/clineage-simulation/analysis/tmc-910648/tmc-001/case-20/scores.raw.out
Additional options:
N - Report normalized distances.
P - Prune compared trees if needed (trees can have different leaf sets).
I - Include summary section in the output file.
-----
2018-06-18 21:45:54: Start of reading random statistics.
2018-06-18 21:45:54: End of reading random statistics.
2018-06-18 21:45:54: Start of scanning input file: /home/chun/projects/clineage-simulation/analysis/tmc-910648/tmc-001/case-20/reconstructed.newick
2018-06-18 21:45:54: End of scanning input file: /home/chun/projects/clineage-simulation/analysis/tmc-910648/tmc-001/case-20/reconstructed.newick
2018-06-18 21:45:54: 1 valid trees found in file: /home/chun/projects/clineage-simulation/analysis/tmc-910648/tmc-001/case-20/reconstructed.newick
2018-06-18 21:45:54: Start of calculation...please wait...
2018-06-18 21:45:54: 0.00% completed...
2018-06-18 21:45:54: 100.00% completed.
2018-06-18 21:45:54: End of calculation.
2018-06-18 21:45:54: Total calculation time: 30 ms.
                                metrics
No                               1.0000
RefTree                          1.0000
Tree                             1.0000
RefTree_taxa                    23.0000
Tree_taxa                       22.0000
Common_taxa                     22.0000
MatchingCluster                 84.0000
MatchingCluster_toYuleAvg        0.8500
MatchingCluster_toUnifAvg        0.7253
R-F_Cluster                     15.0000
R-F_Cluster_toYuleAvg            0.7587
R-F_Cluster_toUnifAvg            0.7554
NodalSplitted                   53.5164
NodalSplitted_toYuleAvg          0.8034
NodalSplitted_toUnifAvg          0.6290
Triples                       1094.0000
Triples_toYuleAvg                1.0662
Triples_toUnifAvg                1.0629
MatchingPair                   159.0000
MatchingPair_toYuleAvg           0.9652
MatchingPair_toUnifAvg           0.9819
MAST                            15.0000
MAST_toYuleAvg                   1.0001
MAST_toUnifAvg                   0.9929
CopheneticL2Metric              34.7994
CopheneticL2Metric_toYuleAvg     0.6847
CopheneticL2Metric_toUnifAvg     0.5545

                 Name          Avg  Std          Min          Max  Count
0     MatchingCluster    84.000000  0.0    84.000000    84.000000      1
1         R-F_Cluster    15.000000  0.0    15.000000    15.000000      1
2       NodalSplitted    53.516353  0.0    53.516353    53.516353      1
3             Triples  1094.000000  0.0  1094.000000  1094.000000      1
4        MatchingPair   159.000000  0.0   159.000000   159.000000      1
5                MAST    15.000000  0.0    15.000000    15.000000      1
6  CopheneticL2Metric    34.799425  0.0    34.799425    34.799425      1
