
                            < M A T L A B (R) >
                  Copyright 1984-2017 The MathWorks, Inc.
                   R2017a (9.2.0.538062) 64-bit (glnxa64)
                             February 23, 2017

 
To get started, type one of these: helpwin, helpdesk, or demo.
For product information, visit www.mathworks.com.
 
Running "Run1", Seed: 910648
 *** Finished Simulation Run ***

config-06.json #############################################

[#.........] | Progress: 1 | Time: 0.0s | ETA: --[##########] | Progress: 59 | Time: 0.0s | ETA: --fit<>, fid</home/chun/projects/clineage-simulation/analysis/tmc-910648/tmc-001/case-06/triplets-list.raw.txt>, flg<treeReconstruction.log>, frt<resTree.tree>, frtN</home/chun/projects/clineage-simulation/analysis/tmc-910648/tmc-001/case-06/reconstructed.tmp.newick>, fsd<qqq.dat>, fst<simul.tree>, -->index=2
Read triplets from file...
Read triplets from file...Finished
N_triplets = 2, idMaxFound = 5
treeBuildBasedOnTriplets_run...
make_isTogetherInTripletAndDeleteExtraTriplets: Finished
treeBuildBasedOnTriplets_run...Finished
Saving tree to file...
Saving tree to file...Finished

                            < M A T L A B (R) >
                  Copyright 1984-2017 The MathWorks, Inc.
                   R2017a (9.2.0.538062) 64-bit (glnxa64)
                             February 23, 2017

 
To get started, type one of these: helpwin, helpdesk, or demo.
For product information, visit www.mathworks.com.
 
TreeCmp version build2

Active options:
Type of the analysis:  ref-to-all comparison mode (-r)
Metrics:
  1. MatchingCluster (mc)
  2. R-F_Cluster (rc)
  3. NodalSplitted (ns)
  4. Triples (tt)
  5. MatchingPair (mp)
  6. MAST (mt)
  7. CopheneticL2Metric (co)
Input file: /home/chun/projects/clineage-simulation/analysis/tmc-910648/tmc-001/case-06/reconstructed.newick
Output file: /home/chun/projects/clineage-simulation/analysis/tmc-910648/tmc-001/case-06/scores.raw.out
Additional options:
N - Report normalized distances.
P - Prune compared trees if needed (trees can have different leaf sets).
I - Include summary section in the output file.
-----
2018-06-18 21:45:52: Start of reading random statistics.
2018-06-18 21:45:52: End of reading random statistics.
2018-06-18 21:45:52: Start of scanning input file: /home/chun/projects/clineage-simulation/analysis/tmc-910648/tmc-001/case-06/reconstructed.newick
2018-06-18 21:45:52: End of scanning input file: /home/chun/projects/clineage-simulation/analysis/tmc-910648/tmc-001/case-06/reconstructed.newick
2018-06-18 21:45:52: 1 valid trees found in file: /home/chun/projects/clineage-simulation/analysis/tmc-910648/tmc-001/case-06/reconstructed.newick
2018-06-18 21:45:52: Start of calculation...please wait...
2018-06-18 21:45:52: 0.00% completed...
2018-06-18 21:45:52: 100.00% completed.
2018-06-18 21:45:52: End of calculation.
2018-06-18 21:45:52: Total calculation time: 24 ms.
                              metrics
No                             1.0000
RefTree                        1.0000
Tree                           1.0000
RefTree_taxa                   9.0000
Tree_taxa                      6.0000
Common_taxa                    6.0000
MatchingCluster                8.0000
MatchingCluster_toYuleAvg      0.8844
MatchingCluster_toUnifAvg      0.8737
R-F_Cluster                    2.0000
R-F_Cluster_toYuleAvg          0.5454
R-F_Cluster_toUnifAvg          0.5451
NodalSplitted                  6.1644
NodalSplitted_toYuleAvg        0.7564
NodalSplitted_toUnifAvg        0.7445
Triples                       16.0000
Triples_toYuleAvg              1.1960
Triples_toUnifAvg              1.1840
MatchingPair                   6.0000
MatchingPair_toYuleAvg         0.7976
MatchingPair_toUnifAvg         0.7960
MAST                           3.0000
MAST_toYuleAvg                 1.1952
MAST_toUnifAvg                 1.1933
CopheneticL2Metric             4.4721
CopheneticL2Metric_toYuleAvg   0.6397
CopheneticL2Metric_toUnifAvg   0.6309

                 Name        Avg  Std        Min        Max  Count
0     MatchingCluster   8.000000  0.0   8.000000   8.000000      1
1         R-F_Cluster   2.000000  0.0   2.000000   2.000000      1
2       NodalSplitted   6.164414  0.0   6.164414   6.164414      1
3             Triples  16.000000  0.0  16.000000  16.000000      1
4        MatchingPair   6.000000  0.0   6.000000   6.000000      1
5                MAST   3.000000  0.0   3.000000   3.000000      1
6  CopheneticL2Metric   4.472136  0.0   4.472136   4.472136      1
