
                            < M A T L A B (R) >
                  Copyright 1984-2017 The MathWorks, Inc.
                   R2017a (9.2.0.538062) 64-bit (glnxa64)
                             February 23, 2017

 
To get started, type one of these: helpwin, helpdesk, or demo.
For product information, visit www.mathworks.com.
 
Running "Run1", Seed: 910648
 *** Finished Simulation Run ***

config-20.json #############################################

[#.........] | Progress: 1 | Time: 0.0s | ETA: --[.#........] | Progress: 546 | Time: 0.1s | ETA: --[..#.......] | Progress: 1110 | Time: 0.1s | ETA: --[##########] | Progress: 1196 | Time: 0.1s | ETA: --fit<>, fid</home/chun/projects/clineage-simulation/analysis/tmc-910648/tmc-001/case-20/triplets-list.raw.txt>, flg<treeReconstruction.log>, frt<resTree.tree>, frtN</home/chun/projects/clineage-simulation/analysis/tmc-910648/tmc-001/case-20/reconstructed.tmp.newick>, fsd<qqq.dat>, fst<simul.tree>, -->index=2
Read triplets from file...
Read triplets from file...Finished
N_triplets = 423, idMaxFound = 22
treeBuildBasedOnTriplets_run...
make_isTogetherInTripletAndDeleteExtraTriplets: Finished
maxCut with 18 nodes: Finished
maxCut with 16 nodes: Finished
maxCut with 10 nodes: Finished
treeBuildBasedOnTriplets_run...Finished
Saving tree to file...
Saving tree to file...Finished

                            < M A T L A B (R) >
                  Copyright 1984-2017 The MathWorks, Inc.
                   R2017a (9.2.0.538062) 64-bit (glnxa64)
                             February 23, 2017

 
To get started, type one of these: helpwin, helpdesk, or demo.
For product information, visit www.mathworks.com.
 
TreeCmp version build2

Active options:
Type of the analysis:  ref-to-all comparison mode (-r)
Metrics:
  1. MatchingCluster (mc)
  2. R-F_Cluster (rc)
  3. NodalSplitted (ns)
  4. Triples (tt)
  5. MatchingPair (mp)
  6. MAST (mt)
  7. CopheneticL2Metric (co)
Input file: /home/chun/projects/clineage-simulation/analysis/tmc-910648/tmc-001/case-20/reconstructed.newick
Output file: /home/chun/projects/clineage-simulation/analysis/tmc-910648/tmc-001/case-20/scores.raw.out
Additional options:
N - Report normalized distances.
P - Prune compared trees if needed (trees can have different leaf sets).
I - Include summary section in the output file.
-----
2018-06-19 08:04:08: Start of reading random statistics.
2018-06-19 08:04:08: End of reading random statistics.
2018-06-19 08:04:08: Start of scanning input file: /home/chun/projects/clineage-simulation/analysis/tmc-910648/tmc-001/case-20/reconstructed.newick
2018-06-19 08:04:08: End of scanning input file: /home/chun/projects/clineage-simulation/analysis/tmc-910648/tmc-001/case-20/reconstructed.newick
2018-06-19 08:04:08: 1 valid trees found in file: /home/chun/projects/clineage-simulation/analysis/tmc-910648/tmc-001/case-20/reconstructed.newick
2018-06-19 08:04:08: Start of calculation...please wait...
2018-06-19 08:04:08: 0.00% completed...
2018-06-19 08:04:08: 100.00% completed.
2018-06-19 08:04:08: End of calculation.
2018-06-19 08:04:08: Total calculation time: 25 ms.
                                metrics
No                               1.0000
RefTree                          1.0000
Tree                             1.0000
RefTree_taxa                    23.0000
Tree_taxa                       23.0000
Common_taxa                     23.0000
MatchingCluster                 90.0000
MatchingCluster_toYuleAvg        0.8488
MatchingCluster_toUnifAvg        0.7262
R-F_Cluster                     15.0000
R-F_Cluster_toYuleAvg            0.7219
R-F_Cluster_toUnifAvg            0.7205
NodalSplitted                   58.0861
NodalSplitted_toYuleAvg          0.8234
NodalSplitted_toUnifAvg          0.6480
Triples                       1278.0000
Triples_toYuleAvg                1.0813
Triples_toUnifAvg                1.0861
MatchingPair                   177.0000
MatchingPair_toYuleAvg           0.9697
MatchingPair_toUnifAvg           0.9908
MAST                            16.0000
MAST_toYuleAvg                   1.0084
MAST_toUnifAvg                   0.9991
CopheneticL2Metric              36.7287
CopheneticL2Metric_toYuleAvg     0.6780
CopheneticL2Metric_toUnifAvg     0.5439

                 Name          Avg  Std          Min          Max  Count
0     MatchingCluster    90.000000  0.0    90.000000    90.000000      1
1         R-F_Cluster    15.000000  0.0    15.000000    15.000000      1
2       NodalSplitted    58.086143  0.0    58.086143    58.086143      1
3             Triples  1278.000000  0.0  1278.000000  1278.000000      1
4        MatchingPair   177.000000  0.0   177.000000   177.000000      1
5                MAST    16.000000  0.0    16.000000    16.000000      1
6  CopheneticL2Metric    36.728735  0.0    36.728735    36.728735      1
