
                            < M A T L A B (R) >
                  Copyright 1984-2017 The MathWorks, Inc.
                   R2017a (9.2.0.538062) 64-bit (glnxa64)
                             February 23, 2017

 
To get started, type one of these: helpwin, helpdesk, or demo.
For product information, visit www.mathworks.com.
 
Running "Run1", Seed: 910648
 *** Finished Simulation Run ***

config-04.json #############################################

[#.........] | Progress: 1 | Time: 0.0s | ETA: --[##########] | Progress: 28 | Time: 0.0s | ETA: --fit<>, fid</home/chun/projects/clineage-simulation/analysis/tmc-910648/tmc-001/case-04/triplets-list.raw.txt>, flg<treeReconstruction.log>, frt<resTree.tree>, frtN</home/chun/projects/clineage-simulation/analysis/tmc-910648/tmc-001/case-04/reconstructed.tmp.newick>, fsd<qqq.dat>, fst<simul.tree>, -->index=2
Read triplets from file...
Read triplets from file...Finished
N_triplets = 2, idMaxFound = 7
treeBuildBasedOnTriplets_run...
make_isTogetherInTripletAndDeleteExtraTriplets: Finished
treeBuildBasedOnTriplets_run...Finished
Saving tree to file...
Saving tree to file...Finished

                            < M A T L A B (R) >
                  Copyright 1984-2017 The MathWorks, Inc.
                   R2017a (9.2.0.538062) 64-bit (glnxa64)
                             February 23, 2017

 
To get started, type one of these: helpwin, helpdesk, or demo.
For product information, visit www.mathworks.com.
 
TreeCmp version build2

Active options:
Type of the analysis:  ref-to-all comparison mode (-r)
Metrics:
  1. MatchingCluster (mc)
  2. R-F_Cluster (rc)
  3. NodalSplitted (ns)
  4. Triples (tt)
  5. MatchingPair (mp)
  6. MAST (mt)
  7. CopheneticL2Metric (co)
Input file: /home/chun/projects/clineage-simulation/analysis/tmc-910648/tmc-001/case-04/reconstructed.newick
Output file: /home/chun/projects/clineage-simulation/analysis/tmc-910648/tmc-001/case-04/scores.raw.out
Additional options:
N - Report normalized distances.
P - Prune compared trees if needed (trees can have different leaf sets).
I - Include summary section in the output file.
-----
2018-06-19 08:04:05: Start of reading random statistics.
2018-06-19 08:04:05: End of reading random statistics.
2018-06-19 08:04:05: Start of scanning input file: /home/chun/projects/clineage-simulation/analysis/tmc-910648/tmc-001/case-04/reconstructed.newick
2018-06-19 08:04:05: End of scanning input file: /home/chun/projects/clineage-simulation/analysis/tmc-910648/tmc-001/case-04/reconstructed.newick
2018-06-19 08:04:05: 1 valid trees found in file: /home/chun/projects/clineage-simulation/analysis/tmc-910648/tmc-001/case-04/reconstructed.newick
2018-06-19 08:04:05: Start of calculation...please wait...
2018-06-19 08:04:05: 0.00% completed...
2018-06-19 08:04:05: 100.00% completed.
2018-06-19 08:04:05: End of calculation.
2018-06-19 08:04:05: Total calculation time: 19 ms.
                              metrics
No                             1.0000
RefTree                        1.0000
Tree                           1.0000
RefTree_taxa                   7.0000
Tree_taxa                      7.0000
Common_taxa                    7.0000
MatchingCluster               14.0000
MatchingCluster_toYuleAvg      1.1095
MatchingCluster_toUnifAvg      1.1051
R-F_Cluster                    3.0000
R-F_Cluster_toYuleAvg          0.6386
R-F_Cluster_toUnifAvg          0.6408
NodalSplitted                 10.5830
NodalSplitted_toYuleAvg        0.9647
NodalSplitted_toUnifAvg        0.9608
Triples                       35.0000
Triples_toYuleAvg              1.4927
Triples_toUnifAvg              1.5142
MatchingPair                  10.0000
MatchingPair_toYuleAvg         0.8810
MatchingPair_toUnifAvg         0.8945
MAST                           5.0000
MAST_toYuleAvg                 1.5708
MAST_toUnifAvg                 1.5542
CopheneticL2Metric             7.4162
CopheneticL2Metric_toYuleAvg   0.8114
CopheneticL2Metric_toUnifAvg   0.7951

                 Name        Avg  Std        Min        Max  Count
0     MatchingCluster  14.000000  0.0  14.000000  14.000000      1
1         R-F_Cluster   3.000000  0.0   3.000000   3.000000      1
2       NodalSplitted  10.583005  0.0  10.583005  10.583005      1
3             Triples  35.000000  0.0  35.000000  35.000000      1
4        MatchingPair  10.000000  0.0  10.000000  10.000000      1
5                MAST   5.000000  0.0   5.000000   5.000000      1
6  CopheneticL2Metric   7.416198  0.0   7.416198   7.416198      1
