
                            < M A T L A B (R) >
                  Copyright 1984-2017 The MathWorks, Inc.
                   R2017a (9.2.0.538062) 64-bit (glnxa64)
                             February 23, 2017

 
To get started, type one of these: helpwin, helpdesk, or demo.
For product information, visit www.mathworks.com.
 
Running "Run1", Seed: 910648
 *** Finished Simulation Run ***

config-15.json #############################################

[#.........] | Progress: 1 | Time: 0.0s | ETA: --[##########] | Progress: 557 | Time: 0.0s | ETA: --fit<>, fid</home/chun/projects/clineage-simulation/analysis/tmc-910648/tmc-001/case-15/triplets-list.raw.txt>, flg<treeReconstruction.log>, frt<resTree.tree>, frtN</home/chun/projects/clineage-simulation/analysis/tmc-910648/tmc-001/case-15/reconstructed.tmp.newick>, fsd<qqq.dat>, fst<simul.tree>, -->index=2
Read triplets from file...
Read triplets from file...Finished
N_triplets = 237, idMaxFound = 18
treeBuildBasedOnTriplets_run...
make_isTogetherInTripletAndDeleteExtraTriplets: Finished
maxCut with 15 nodes: Finished
maxCut with 13 nodes: Finished
treeBuildBasedOnTriplets_run...Finished
Saving tree to file...
Saving tree to file...Finished

                            < M A T L A B (R) >
                  Copyright 1984-2017 The MathWorks, Inc.
                   R2017a (9.2.0.538062) 64-bit (glnxa64)
                             February 23, 2017

 
To get started, type one of these: helpwin, helpdesk, or demo.
For product information, visit www.mathworks.com.
 
TreeCmp version build2

Active options:
Type of the analysis:  ref-to-all comparison mode (-r)
Metrics:
  1. MatchingCluster (mc)
  2. R-F_Cluster (rc)
  3. NodalSplitted (ns)
  4. Triples (tt)
  5. MatchingPair (mp)
  6. MAST (mt)
  7. CopheneticL2Metric (co)
Input file: /home/chun/projects/clineage-simulation/analysis/tmc-910648/tmc-001/case-15/reconstructed.newick
Output file: /home/chun/projects/clineage-simulation/analysis/tmc-910648/tmc-001/case-15/scores.raw.out
Additional options:
N - Report normalized distances.
P - Prune compared trees if needed (trees can have different leaf sets).
I - Include summary section in the output file.
-----
2018-06-19 08:04:06: Start of reading random statistics.
2018-06-19 08:04:06: End of reading random statistics.
2018-06-19 08:04:06: Start of scanning input file: /home/chun/projects/clineage-simulation/analysis/tmc-910648/tmc-001/case-15/reconstructed.newick
2018-06-19 08:04:06: End of scanning input file: /home/chun/projects/clineage-simulation/analysis/tmc-910648/tmc-001/case-15/reconstructed.newick
2018-06-19 08:04:06: 1 valid trees found in file: /home/chun/projects/clineage-simulation/analysis/tmc-910648/tmc-001/case-15/reconstructed.newick
2018-06-19 08:04:06: Start of calculation...please wait...
2018-06-19 08:04:06: 0.00% completed...
2018-06-19 08:04:06: 100.00% completed.
2018-06-19 08:04:06: End of calculation.
2018-06-19 08:04:06: Total calculation time: 22 ms.
                               metrics
No                              1.0000
RefTree                         1.0000
Tree                            1.0000
RefTree_taxa                   18.0000
Tree_taxa                      18.0000
Common_taxa                    18.0000
MatchingCluster                63.0000
MatchingCluster_toYuleAvg       0.8868
MatchingCluster_toUnifAvg       0.7834
R-F_Cluster                    12.0000
R-F_Cluster_toYuleAvg           0.7602
R-F_Cluster_toUnifAvg           0.7583
NodalSplitted                  38.5357
NodalSplitted_toYuleAvg         0.7751
NodalSplitted_toUnifAvg         0.6358
Triples                       587.0000
Triples_toYuleAvg               1.0737
Triples_toUnifAvg               1.0811
MatchingPair                  108.0000
MatchingPair_toYuleAvg          1.0152
MatchingPair_toUnifAvg          1.0384
MAST                           11.0000
MAST_toYuleAvg                  0.9372
MAST_toUnifAvg                  0.9347
CopheneticL2Metric             27.9821
CopheneticL2Metric_toYuleAvg    0.7132
CopheneticL2Metric_toUnifAvg    0.6191

                 Name         Avg  Std         Min         Max  Count
0     MatchingCluster   63.000000  0.0   63.000000   63.000000      1
1         R-F_Cluster   12.000000  0.0   12.000000   12.000000      1
2       NodalSplitted   38.535698  0.0   38.535698   38.535698      1
3             Triples  587.000000  0.0  587.000000  587.000000      1
4        MatchingPair  108.000000  0.0  108.000000  108.000000      1
5                MAST   11.000000  0.0   11.000000   11.000000      1
6  CopheneticL2Metric   27.982137  0.0   27.982137   27.982137      1
