
                            < M A T L A B (R) >
                  Copyright 1984-2017 The MathWorks, Inc.
                   R2017a (9.2.0.538062) 64-bit (glnxa64)
                             February 23, 2017

 
To get started, type one of these: helpwin, helpdesk, or demo.
For product information, visit www.mathworks.com.
 
Running "Run1", Seed: 910648
 *** Finished Simulation Run ***

config-11.json #############################################

[#.........] | Progress: 1 | Time: 0.0s | ETA: --[##########] | Progress: 261 | Time: 0.0s | ETA: --fit<>, fid</home/chun/projects/clineage-simulation/analysis/tmc-910648/tmc-001/case-11/triplets-list.raw.txt>, flg<treeReconstruction.log>, frt<resTree.tree>, frtN</home/chun/projects/clineage-simulation/analysis/tmc-910648/tmc-001/case-11/reconstructed.tmp.newick>, fsd<qqq.dat>, fst<simul.tree>, -->index=2
Read triplets from file...
Read triplets from file...Finished
N_triplets = 65, idMaxFound = 13
treeBuildBasedOnTriplets_run...
make_isTogetherInTripletAndDeleteExtraTriplets: Finished
maxCut with 10 nodes: Finished
maxCut with 8 nodes: Finished
maxCut with 7 nodes: Finished
treeBuildBasedOnTriplets_run...Finished
Saving tree to file...
Saving tree to file...Finished

                            < M A T L A B (R) >
                  Copyright 1984-2017 The MathWorks, Inc.
                   R2017a (9.2.0.538062) 64-bit (glnxa64)
                             February 23, 2017

 
To get started, type one of these: helpwin, helpdesk, or demo.
For product information, visit www.mathworks.com.
 
TreeCmp version build2

Active options:
Type of the analysis:  ref-to-all comparison mode (-r)
Metrics:
  1. MatchingCluster (mc)
  2. R-F_Cluster (rc)
  3. NodalSplitted (ns)
  4. Triples (tt)
  5. MatchingPair (mp)
  6. MAST (mt)
  7. CopheneticL2Metric (co)
Input file: /home/chun/projects/clineage-simulation/analysis/tmc-910648/tmc-001/case-11/reconstructed.newick
Output file: /home/chun/projects/clineage-simulation/analysis/tmc-910648/tmc-001/case-11/scores.raw.out
Additional options:
N - Report normalized distances.
P - Prune compared trees if needed (trees can have different leaf sets).
I - Include summary section in the output file.
-----
2018-06-19 08:04:06: Start of reading random statistics.
2018-06-19 08:04:07: End of reading random statistics.
2018-06-19 08:04:07: Start of scanning input file: /home/chun/projects/clineage-simulation/analysis/tmc-910648/tmc-001/case-11/reconstructed.newick
2018-06-19 08:04:07: End of scanning input file: /home/chun/projects/clineage-simulation/analysis/tmc-910648/tmc-001/case-11/reconstructed.newick
2018-06-19 08:04:07: 1 valid trees found in file: /home/chun/projects/clineage-simulation/analysis/tmc-910648/tmc-001/case-11/reconstructed.newick
2018-06-19 08:04:07: Start of calculation...please wait...
2018-06-19 08:04:07: 0.00% completed...
2018-06-19 08:04:07: 100.00% completed.
2018-06-19 08:04:07: End of calculation.
2018-06-19 08:04:07: Total calculation time: 27 ms.
                               metrics
No                              1.0000
RefTree                         1.0000
Tree                            1.0000
RefTree_taxa                   14.0000
Tree_taxa                      13.0000
Common_taxa                    13.0000
MatchingCluster                36.0000
MatchingCluster_toYuleAvg       0.8817
MatchingCluster_toUnifAvg       0.8163
R-F_Cluster                     8.0000
R-F_Cluster_toYuleAvg           0.7420
R-F_Cluster_toUnifAvg           0.7392
NodalSplitted                  28.8097
NodalSplitted_toYuleAvg         0.9407
NodalSplitted_toUnifAvg         0.8311
Triples                       184.0000
Triples_toYuleAvg               0.9628
Triples_toUnifAvg               0.9632
MatchingPair                   50.0000
MatchingPair_toYuleAvg          0.9818
MatchingPair_toUnifAvg          0.9985
MAST                            7.0000
MAST_toYuleAvg                  0.9094
MAST_toUnifAvg                  0.9015
CopheneticL2Metric             19.7737
CopheneticL2Metric_toYuleAvg    0.8151
CopheneticL2Metric_toUnifAvg    0.7402

                 Name         Avg  Std         Min         Max  Count
0     MatchingCluster   36.000000  0.0   36.000000   36.000000      1
1         R-F_Cluster    8.000000  0.0    8.000000    8.000000      1
2       NodalSplitted   28.809721  0.0   28.809721   28.809721      1
3             Triples  184.000000  0.0  184.000000  184.000000      1
4        MatchingPair   50.000000  0.0   50.000000   50.000000      1
5                MAST    7.000000  0.0    7.000000    7.000000      1
6  CopheneticL2Metric   19.773720  0.0   19.773720   19.773720      1
