                              metrics
No                             1.0000
RefTree                        1.0000
Tree                           1.0000
RefTree_taxa                   9.0000
Tree_taxa                      9.0000
Common_taxa                    9.0000
MatchingCluster                2.0000
MatchingCluster_toYuleAvg      0.0973
MatchingCluster_toUnifAvg      0.0937
R-F_Cluster                    0.5000
R-F_Cluster_toYuleAvg          0.0750
R-F_Cluster_toUnifAvg          0.0741
NodalSplitted                  3.7417
NodalSplitted_toYuleAvg        0.2212
NodalSplitted_toUnifAvg        0.2099
Triples                        3.0000
Triples_toYuleAvg              0.0536
Triples_toUnifAvg              0.0540
MatchingPair                   1.0000
MatchingPair_toYuleAvg         0.0472
MatchingPair_toUnifAvg         0.0478
MAST                           1.0000
MAST_toYuleAvg                 0.2181
MAST_toUnifAvg                 0.2146
CopheneticL2Metric             1.7321
CopheneticL2Metric_toYuleAvg   0.1240
CopheneticL2Metric_toUnifAvg   0.1196

                 Name       Avg  Std       Min       Max  Count
0     MatchingCluster  2.000000  0.0  2.000000  2.000000      1
1         R-F_Cluster  0.500000  0.0  0.500000  0.500000      1
2       NodalSplitted  3.741657  0.0  3.741657  3.741657      1
3             Triples  3.000000  0.0  3.000000  3.000000      1
4        MatchingPair  1.000000  0.0  1.000000  1.000000      1
5                MAST  1.000000  0.0  1.000000  1.000000      1
6  CopheneticL2Metric  1.732051  0.0  1.732051  1.732051      1
