                              metrics
No                             1.0000
RefTree                        1.0000
Tree                           1.0000
RefTree_taxa                  21.0000
Tree_taxa                     21.0000
Common_taxa                   21.0000
MatchingCluster               18.0000
MatchingCluster_toYuleAvg      0.1965
MatchingCluster_toUnifAvg      0.1702
R-F_Cluster                    3.5000
R-F_Cluster_toYuleAvg          0.1865
R-F_Cluster_toUnifAvg          0.1857
NodalSplitted                 19.8494
NodalSplitted_toYuleAvg        0.3224
NodalSplitted_toUnifAvg        0.2550
Triples                       30.0000
Triples_toYuleAvg              0.0338
Triples_toUnifAvg              0.0338
MatchingPair                  18.0000
MatchingPair_toYuleAvg         0.1205
MatchingPair_toUnifAvg         0.1230
MAST                           4.0000
MAST_toYuleAvg                 0.2822
MAST_toUnifAvg                 0.2802
CopheneticL2Metric             9.0000
CopheneticL2Metric_toYuleAvg   0.1891
CopheneticL2Metric_toUnifAvg   0.1558

                 Name        Avg  Std        Min        Max  Count
0     MatchingCluster  18.000000  0.0  18.000000  18.000000      1
1         R-F_Cluster   3.500000  0.0   3.500000   3.500000      1
2       NodalSplitted  19.849433  0.0  19.849433  19.849433      1
3             Triples  30.000000  0.0  30.000000  30.000000      1
4        MatchingPair  18.000000  0.0  18.000000  18.000000      1
5                MAST   4.000000  0.0   4.000000   4.000000      1
6  CopheneticL2Metric   9.000000  0.0   9.000000   9.000000      1
