                              metrics
No                             1.0000
RefTree                        1.0000
Tree                           1.0000
RefTree_taxa                  12.0000
Tree_taxa                     12.0000
Common_taxa                   12.0000
MatchingCluster                8.0000
MatchingCluster_toYuleAvg      0.2253
MatchingCluster_toUnifAvg      0.2116
R-F_Cluster                    2.0000
R-F_Cluster_toYuleAvg          0.2051
R-F_Cluster_toUnifAvg          0.2043
NodalSplitted                  9.3808
NodalSplitted_toYuleAvg        0.3444
NodalSplitted_toUnifAvg        0.3135
Triples                        6.0000
Triples_toYuleAvg              0.0408
Triples_toUnifAvg              0.0409
MatchingPair                   6.0000
MatchingPair_toYuleAvg         0.1418
MatchingPair_toUnifAvg         0.1437
MAST                           2.0000
MAST_toYuleAvg                 0.2902
MAST_toUnifAvg                 0.2874
CopheneticL2Metric             5.3852
CopheneticL2Metric_toYuleAvg   0.2484
CopheneticL2Metric_toUnifAvg   0.2286

                 Name       Avg  Std       Min       Max  Count
0     MatchingCluster  8.000000  0.0  8.000000  8.000000      1
1         R-F_Cluster  2.000000  0.0  2.000000  2.000000      1
2       NodalSplitted  9.380832  0.0  9.380832  9.380832      1
3             Triples  6.000000  0.0  6.000000  6.000000      1
4        MatchingPair  6.000000  0.0  6.000000  6.000000      1
5                MAST  2.000000  0.0  2.000000  2.000000      1
6  CopheneticL2Metric  5.385165  0.0  5.385165  5.385165      1
