                              metrics
No                             1.0000
RefTree                        1.0000
Tree                           1.0000
RefTree_taxa                  16.0000
Tree_taxa                     16.0000
Common_taxa                   16.0000
MatchingCluster               18.0000
MatchingCluster_toYuleAvg      0.3080
MatchingCluster_toUnifAvg      0.2788
R-F_Cluster                    3.0000
R-F_Cluster_toYuleAvg          0.2178
R-F_Cluster_toUnifAvg          0.2170
NodalSplitted                 13.5647
NodalSplitted_toYuleAvg        0.3223
NodalSplitted_toUnifAvg        0.2756
Triples                       64.0000
Triples_toYuleAvg              0.1715
Triples_toUnifAvg              0.1720
MatchingPair                  24.0000
MatchingPair_toYuleAvg         0.2939
MatchingPair_toUnifAvg         0.2999
MAST                           4.0000
MAST_toYuleAvg                 0.3974
MAST_toUnifAvg                 0.3950
CopheneticL2Metric            11.0905
CopheneticL2Metric_toYuleAvg   0.3375
CopheneticL2Metric_toUnifAvg   0.2982

                 Name        Avg  Std        Min        Max  Count
0     MatchingCluster  18.000000  0.0  18.000000  18.000000      1
1         R-F_Cluster   3.000000  0.0   3.000000   3.000000      1
2       NodalSplitted  13.564660  0.0  13.564660  13.564660      1
3             Triples  64.000000  0.0  64.000000  64.000000      1
4        MatchingPair  24.000000  0.0  24.000000  24.000000      1
5                MAST   4.000000  0.0   4.000000   4.000000      1
6  CopheneticL2Metric  11.090537  0.0  11.090537  11.090537      1
