                              metrics
No                             1.0000
RefTree                        1.0000
Tree                           1.0000
RefTree_taxa                  23.0000
Tree_taxa                     23.0000
Common_taxa                   23.0000
MatchingCluster               30.0000
MatchingCluster_toYuleAvg      0.2829
MatchingCluster_toUnifAvg      0.2421
R-F_Cluster                    5.0000
R-F_Cluster_toYuleAvg          0.2406
R-F_Cluster_toUnifAvg          0.2402
NodalSplitted                 24.3721
NodalSplitted_toYuleAvg        0.3455
NodalSplitted_toUnifAvg        0.2719
Triples                       83.0000
Triples_toYuleAvg              0.0702
Triples_toUnifAvg              0.0705
MatchingPair                  25.0000
MatchingPair_toYuleAvg         0.1370
MatchingPair_toUnifAvg         0.1399
MAST                           4.0000
MAST_toYuleAvg                 0.2521
MAST_toUnifAvg                 0.2498
CopheneticL2Metric            16.1864
CopheneticL2Metric_toYuleAvg   0.2988
CopheneticL2Metric_toUnifAvg   0.2397

                 Name        Avg  Std        Min        Max  Count
0     MatchingCluster  30.000000  0.0  30.000000  30.000000      1
1         R-F_Cluster   5.000000  0.0   5.000000   5.000000      1
2       NodalSplitted  24.372115  0.0  24.372115  24.372115      1
3             Triples  83.000000  0.0  83.000000  83.000000      1
4        MatchingPair  25.000000  0.0  25.000000  25.000000      1
5                MAST   4.000000  0.0   4.000000   4.000000      1
6  CopheneticL2Metric  16.186414  0.0  16.186414  16.186414      1
