                              metrics
No                             1.0000
RefTree                        1.0000
Tree                           1.0000
RefTree_taxa                  14.0000
Tree_taxa                     14.0000
Common_taxa                   14.0000
MatchingCluster               17.0000
MatchingCluster_toYuleAvg      0.3639
MatchingCluster_toUnifAvg      0.3369
R-F_Cluster                    2.5000
R-F_Cluster_toYuleAvg          0.2123
R-F_Cluster_toUnifAvg          0.2116
NodalSplitted                 13.7477
NodalSplitted_toYuleAvg        0.3957
NodalSplitted_toUnifAvg        0.3521
Triples                       77.0000
Triples_toYuleAvg              0.3169
Triples_toUnifAvg              0.3176
MatchingPair                  27.0000
MatchingPair_toYuleAvg         0.4490
MatchingPair_toUnifAvg         0.4572
MAST                           3.0000
MAST_toYuleAvg                 0.3536
MAST_toUnifAvg                 0.3502
CopheneticL2Metric             9.6437
CopheneticL2Metric_toYuleAvg   0.3523
CopheneticL2Metric_toUnifAvg   0.3161

                 Name        Avg  Std        Min        Max  Count
0     MatchingCluster  17.000000  0.0  17.000000  17.000000      1
1         R-F_Cluster   2.500000  0.0   2.500000   2.500000      1
2       NodalSplitted  13.747727  0.0  13.747727  13.747727      1
3             Triples  77.000000  0.0  77.000000  77.000000      1
4        MatchingPair  27.000000  0.0  27.000000  27.000000      1
5                MAST   3.000000  0.0   3.000000   3.000000      1
6  CopheneticL2Metric   9.643651  0.0   9.643651   9.643651      1
