                              metrics
No                             1.0000
RefTree                        1.0000
Tree                           1.0000
RefTree_taxa                  17.0000
Tree_taxa                     17.0000
Common_taxa                   17.0000
MatchingCluster                8.0000
MatchingCluster_toYuleAvg      0.1238
MatchingCluster_toUnifAvg      0.1101
R-F_Cluster                    2.5000
R-F_Cluster_toYuleAvg          0.1692
R-F_Cluster_toUnifAvg          0.1684
NodalSplitted                 11.9164
NodalSplitted_toYuleAvg        0.2600
NodalSplitted_toUnifAvg        0.2176
Triples                        9.0000
Triples_toYuleAvg              0.0198
Triples_toUnifAvg              0.0198
MatchingPair                   6.0000
MatchingPair_toYuleAvg         0.0642
MatchingPair_toUnifAvg         0.0652
MAST                           2.0000
MAST_toYuleAvg                 0.1839
MAST_toUnifAvg                 0.1827
CopheneticL2Metric             5.0990
CopheneticL2Metric_toYuleAvg   0.1420
CopheneticL2Metric_toUnifAvg   0.1234

                 Name        Avg  Std        Min        Max  Count
0     MatchingCluster   8.000000  0.0   8.000000   8.000000      1
1         R-F_Cluster   2.500000  0.0   2.500000   2.500000      1
2       NodalSplitted  11.916375  0.0  11.916375  11.916375      1
3             Triples   9.000000  0.0   9.000000   9.000000      1
4        MatchingPair   6.000000  0.0   6.000000   6.000000      1
5                MAST   2.000000  0.0   2.000000   2.000000      1
6  CopheneticL2Metric   5.099020  0.0   5.099020   5.099020      1
