                              metrics
No                             1.0000
RefTree                        1.0000
Tree                           1.0000
RefTree_taxa                   9.0000
Tree_taxa                      9.0000
Common_taxa                    9.0000
MatchingCluster                4.0000
MatchingCluster_toYuleAvg      0.1946
MatchingCluster_toUnifAvg      0.1874
R-F_Cluster                    1.0000
R-F_Cluster_toYuleAvg          0.1500
R-F_Cluster_toUnifAvg          0.1482
NodalSplitted                  5.0990
NodalSplitted_toYuleAvg        0.3014
NodalSplitted_toUnifAvg        0.2861
Triples                        3.0000
Triples_toYuleAvg              0.0536
Triples_toUnifAvg              0.0540
MatchingPair                   3.0000
MatchingPair_toYuleAvg         0.1415
MatchingPair_toUnifAvg         0.1434
MAST                           1.0000
MAST_toYuleAvg                 0.2181
MAST_toUnifAvg                 0.2146
CopheneticL2Metric             3.3166
CopheneticL2Metric_toYuleAvg   0.2375
CopheneticL2Metric_toUnifAvg   0.2290

                 Name       Avg  Std       Min       Max  Count
0     MatchingCluster  4.000000  0.0  4.000000  4.000000      1
1         R-F_Cluster  1.000000  0.0  1.000000  1.000000      1
2       NodalSplitted  5.099020  0.0  5.099020  5.099020      1
3             Triples  3.000000  0.0  3.000000  3.000000      1
4        MatchingPair  3.000000  0.0  3.000000  3.000000      1
5                MAST  1.000000  0.0  1.000000  1.000000      1
6  CopheneticL2Metric  3.316625  0.0  3.316625  3.316625      1
