                              metrics
No                             1.0000
RefTree                        1.0000
Tree                           1.0000
RefTree_taxa                  17.0000
Tree_taxa                     17.0000
Common_taxa                   17.0000
MatchingCluster                8.0000
MatchingCluster_toYuleAvg      0.1238
MatchingCluster_toUnifAvg      0.1101
R-F_Cluster                    1.5000
R-F_Cluster_toYuleAvg          0.1015
R-F_Cluster_toUnifAvg          0.1010
NodalSplitted                 10.2956
NodalSplitted_toYuleAvg        0.2246
NodalSplitted_toUnifAvg        0.1880
Triples                        6.0000
Triples_toYuleAvg              0.0132
Triples_toUnifAvg              0.0132
MatchingPair                   6.0000
MatchingPair_toYuleAvg         0.0642
MatchingPair_toUnifAvg         0.0652
MAST                           2.0000
MAST_toYuleAvg                 0.1839
MAST_toUnifAvg                 0.1827
CopheneticL2Metric             5.0000
CopheneticL2Metric_toYuleAvg   0.1392
CopheneticL2Metric_toUnifAvg   0.1210

                 Name       Avg  Std       Min       Max  Count
0     MatchingCluster   8.00000  0.0   8.00000   8.00000      1
1         R-F_Cluster   1.50000  0.0   1.50000   1.50000      1
2       NodalSplitted  10.29563  0.0  10.29563  10.29563      1
3             Triples   6.00000  0.0   6.00000   6.00000      1
4        MatchingPair   6.00000  0.0   6.00000   6.00000      1
5                MAST   2.00000  0.0   2.00000   2.00000      1
6  CopheneticL2Metric   5.00000  0.0   5.00000   5.00000      1
