
                            < M A T L A B (R) >
                  Copyright 1984-2017 The MathWorks, Inc.
                   R2017a (9.2.0.538062) 64-bit (glnxa64)
                             February 23, 2017

 
To get started, type one of these: helpwin, helpdesk, or demo.
For product information, visit www.mathworks.com.
 
Running "Run1", Seed: 910648
 *** Finished Simulation Run ***

config-14.json #############################################

[#.........] | Progress: 1 | Time: 0.0s | ETA: --[.#........] | Progress: 87 | Time: 0.1s | ETA: --[..#.......] | Progress: 172 | Time: 0.1s | ETA: --[...#......] | Progress: 259 | Time: 0.2s | ETA: --[....#.....] | Progress: 344 | Time: 0.2s | ETA: --[.....#....] | Progress: 429 | Time: 0.3s | ETA: --[##########] | Progress: 479 | Time: 0.3s | ETA: --fit<>, fid</home/chun/projects/clineage-simulation/analysis/tmc-910648/tmc-006/case-14/triplets-list.raw.txt>, flg<treeReconstruction.log>, frt<resTree.tree>, frtN</home/chun/projects/clineage-simulation/analysis/tmc-910648/tmc-006/case-14/reconstructed.tmp.newick>, fsd<qqq.dat>, fst<simul.tree>, -->index=2
Read triplets from file...
Read triplets from file...Finished
N_triplets = 479, idMaxFound = 17
treeBuildBasedOnTriplets_run...
make_isTogetherInTripletAndDeleteExtraTriplets: Finished
maxCut with 17 nodes: Finished
maxCut with 15 nodes: Finished
maxCut with 10 nodes: Finished
treeBuildBasedOnTriplets_run...Finished
Saving tree to file...
Saving tree to file...Finished

                            < M A T L A B (R) >
                  Copyright 1984-2017 The MathWorks, Inc.
                   R2017a (9.2.0.538062) 64-bit (glnxa64)
                             February 23, 2017

 
To get started, type one of these: helpwin, helpdesk, or demo.
For product information, visit www.mathworks.com.
 
TreeCmp version build2

Active options:
Type of the analysis:  ref-to-all comparison mode (-r)
Metrics:
  1. MatchingCluster (mc)
  2. R-F_Cluster (rc)
  3. NodalSplitted (ns)
  4. Triples (tt)
  5. MatchingPair (mp)
  6. MAST (mt)
  7. CopheneticL2Metric (co)
Input file: /home/chun/projects/clineage-simulation/analysis/tmc-910648/tmc-006/case-14/reconstructed.newick
Output file: /home/chun/projects/clineage-simulation/analysis/tmc-910648/tmc-006/case-14/scores.raw.out
Additional options:
N - Report normalized distances.
P - Prune compared trees if needed (trees can have different leaf sets).
I - Include summary section in the output file.
-----
2018-06-18 21:46:38: Start of reading random statistics.
2018-06-18 21:46:39: End of reading random statistics.
2018-06-18 21:46:39: Start of scanning input file: /home/chun/projects/clineage-simulation/analysis/tmc-910648/tmc-006/case-14/reconstructed.newick
2018-06-18 21:46:39: End of scanning input file: /home/chun/projects/clineage-simulation/analysis/tmc-910648/tmc-006/case-14/reconstructed.newick
2018-06-18 21:46:39: 1 valid trees found in file: /home/chun/projects/clineage-simulation/analysis/tmc-910648/tmc-006/case-14/reconstructed.newick
2018-06-18 21:46:39: Start of calculation...please wait...
2018-06-18 21:46:39: 0.00% completed...
2018-06-18 21:46:39: 100.00% completed.
2018-06-18 21:46:39: End of calculation.
2018-06-18 21:46:39: Total calculation time: 24 ms.
                              metrics
No                             1.0000
RefTree                        1.0000
Tree                           1.0000
RefTree_taxa                  17.0000
Tree_taxa                     17.0000
Common_taxa                   17.0000
MatchingCluster               22.0000
MatchingCluster_toYuleAvg      0.3404
MatchingCluster_toUnifAvg      0.3026
R-F_Cluster                    4.0000
R-F_Cluster_toYuleAvg          0.2708
R-F_Cluster_toUnifAvg          0.2695
NodalSplitted                 18.7083
NodalSplitted_toYuleAvg        0.4082
NodalSplitted_toUnifAvg        0.3417
Triples                       66.0000
Triples_toYuleAvg              0.1454
Triples_toUnifAvg              0.1451
MatchingPair                  26.0000
MatchingPair_toYuleAvg         0.2783
MatchingPair_toUnifAvg         0.2826
MAST                           6.0000
MAST_toYuleAvg                 0.5518
MAST_toUnifAvg                 0.5480
CopheneticL2Metric            12.1244
CopheneticL2Metric_toYuleAvg   0.3376
CopheneticL2Metric_toUnifAvg   0.2933

                 Name        Avg  Std        Min        Max  Count
0     MatchingCluster  22.000000  0.0  22.000000  22.000000      1
1         R-F_Cluster   4.000000  0.0   4.000000   4.000000      1
2       NodalSplitted  18.708287  0.0  18.708287  18.708287      1
3             Triples  66.000000  0.0  66.000000  66.000000      1
4        MatchingPair  26.000000  0.0  26.000000  26.000000      1
5                MAST   6.000000  0.0   6.000000   6.000000      1
6  CopheneticL2Metric  12.124356  0.0  12.124356  12.124356      1
