
                            < M A T L A B (R) >
                  Copyright 1984-2017 The MathWorks, Inc.
                   R2017a (9.2.0.538062) 64-bit (glnxa64)
                             February 23, 2017

 
To get started, type one of these: helpwin, helpdesk, or demo.
For product information, visit www.mathworks.com.
 
Running "Run1", Seed: 910648
 *** Finished Simulation Run ***

config-12.json #############################################

[#.........] | Progress: 1 | Time: 0.0s | ETA: --[.#........] | Progress: 61 | Time: 0.1s | ETA: --[..#.......] | Progress: 121 | Time: 0.1s | ETA: --[...#......] | Progress: 182 | Time: 0.2s | ETA: --[....#.....] | Progress: 242 | Time: 0.2s | ETA: --[.....#....] | Progress: 302 | Time: 0.3s | ETA: --[##########] | Progress: 324 | Time: 0.3s | ETA: --fit<>, fid</home/chun/projects/clineage-simulation/analysis/tmc-910648/tmc-006/case-12/triplets-list.raw.txt>, flg<treeReconstruction.log>, frt<resTree.tree>, frtN</home/chun/projects/clineage-simulation/analysis/tmc-910648/tmc-006/case-12/reconstructed.tmp.newick>, fsd<qqq.dat>, fst<simul.tree>, -->index=2
Read triplets from file...
Read triplets from file...Finished
N_triplets = 324, idMaxFound = 15
treeBuildBasedOnTriplets_run...
make_isTogetherInTripletAndDeleteExtraTriplets: Finished
maxCut with 15 nodes: Finished
maxCut with 14 nodes: Finished
maxCut with 9 nodes: Finished
treeBuildBasedOnTriplets_run...Finished
Saving tree to file...
Saving tree to file...Finished

                            < M A T L A B (R) >
                  Copyright 1984-2017 The MathWorks, Inc.
                   R2017a (9.2.0.538062) 64-bit (glnxa64)
                             February 23, 2017

 
To get started, type one of these: helpwin, helpdesk, or demo.
For product information, visit www.mathworks.com.
 
TreeCmp version build2

Active options:
Type of the analysis:  ref-to-all comparison mode (-r)
Metrics:
  1. MatchingCluster (mc)
  2. R-F_Cluster (rc)
  3. NodalSplitted (ns)
  4. Triples (tt)
  5. MatchingPair (mp)
  6. MAST (mt)
  7. CopheneticL2Metric (co)
Input file: /home/chun/projects/clineage-simulation/analysis/tmc-910648/tmc-006/case-12/reconstructed.newick
Output file: /home/chun/projects/clineage-simulation/analysis/tmc-910648/tmc-006/case-12/scores.raw.out
Additional options:
N - Report normalized distances.
P - Prune compared trees if needed (trees can have different leaf sets).
I - Include summary section in the output file.
-----
2018-06-18 21:46:43: Start of reading random statistics.
2018-06-18 21:46:43: End of reading random statistics.
2018-06-18 21:46:43: Start of scanning input file: /home/chun/projects/clineage-simulation/analysis/tmc-910648/tmc-006/case-12/reconstructed.newick
2018-06-18 21:46:43: End of scanning input file: /home/chun/projects/clineage-simulation/analysis/tmc-910648/tmc-006/case-12/reconstructed.newick
2018-06-18 21:46:43: 1 valid trees found in file: /home/chun/projects/clineage-simulation/analysis/tmc-910648/tmc-006/case-12/reconstructed.newick
2018-06-18 21:46:43: Start of calculation...please wait...
2018-06-18 21:46:43: 0.00% completed...
2018-06-18 21:46:43: 100.00% completed.
2018-06-18 21:46:43: End of calculation.
2018-06-18 21:46:43: Total calculation time: 20 ms.
                              metrics
No                             1.0000
RefTree                        1.0000
Tree                           1.0000
RefTree_taxa                  15.0000
Tree_taxa                     15.0000
Common_taxa                   15.0000
MatchingCluster               16.0000
MatchingCluster_toYuleAvg      0.3091
MatchingCluster_toUnifAvg      0.2785
R-F_Cluster                    2.0000
R-F_Cluster_toYuleAvg          0.1569
R-F_Cluster_toUnifAvg          0.1560
NodalSplitted                 11.4891
NodalSplitted_toYuleAvg        0.3035
NodalSplitted_toUnifAvg        0.2613
Triples                       57.0000
Triples_toYuleAvg              0.1889
Triples_toUnifAvg              0.1883
MatchingPair                  21.0000
MatchingPair_toYuleAvg         0.2985
MatchingPair_toUnifAvg         0.3027
MAST                           4.0000
MAST_toYuleAvg                 0.4333
MAST_toUnifAvg                 0.4267
CopheneticL2Metric            10.0995
CopheneticL2Metric_toYuleAvg   0.3370
CopheneticL2Metric_toUnifAvg   0.2982

                 Name        Avg  Std        Min        Max  Count
0     MatchingCluster  16.000000  0.0  16.000000  16.000000      1
1         R-F_Cluster   2.000000  0.0   2.000000   2.000000      1
2       NodalSplitted  11.489125  0.0  11.489125  11.489125      1
3             Triples  57.000000  0.0  57.000000  57.000000      1
4        MatchingPair  21.000000  0.0  21.000000  21.000000      1
5                MAST   4.000000  0.0   4.000000   4.000000      1
6  CopheneticL2Metric  10.099505  0.0  10.099505  10.099505      1
