
                            < M A T L A B (R) >
                  Copyright 1984-2017 The MathWorks, Inc.
                   R2017a (9.2.0.538062) 64-bit (glnxa64)
                             February 23, 2017

 
To get started, type one of these: helpwin, helpdesk, or demo.
For product information, visit www.mathworks.com.
 
Running "Run1", Seed: 910648
 *** Finished Simulation Run ***

config-15.json #############################################

[#.........] | Progress: 1 | Time: 0.0s | ETA: --[.#........] | Progress: 65 | Time: 0.1s | ETA: --[..#.......] | Progress: 129 | Time: 0.1s | ETA: --[...#......] | Progress: 194 | Time: 0.2s | ETA: --[....#.....] | Progress: 260 | Time: 0.2s | ETA: --[.....#....] | Progress: 358 | Time: 0.3s | ETA: --[......#...] | Progress: 458 | Time: 0.3s | ETA: --[.......#..] | Progress: 560 | Time: 0.4s | ETA: --[##########] | Progress: 562 | Time: 0.4s | ETA: --fit<>, fid</home/chun/projects/clineage-simulation/analysis/tmc-910648/tmc-006/case-15/triplets-list.raw.txt>, flg<treeReconstruction.log>, frt<resTree.tree>, frtN</home/chun/projects/clineage-simulation/analysis/tmc-910648/tmc-006/case-15/reconstructed.tmp.newick>, fsd<qqq.dat>, fst<simul.tree>, -->index=2
Read triplets from file...
Read triplets from file...Finished
N_triplets = 562, idMaxFound = 18
treeBuildBasedOnTriplets_run...
make_isTogetherInTripletAndDeleteExtraTriplets: Finished
maxCut with 18 nodes: Finished
maxCut with 15 nodes: Finished
maxCut with 10 nodes: Finished
treeBuildBasedOnTriplets_run...Finished
Saving tree to file...
Saving tree to file...Finished

                            < M A T L A B (R) >
                  Copyright 1984-2017 The MathWorks, Inc.
                   R2017a (9.2.0.538062) 64-bit (glnxa64)
                             February 23, 2017

 
To get started, type one of these: helpwin, helpdesk, or demo.
For product information, visit www.mathworks.com.
 
TreeCmp version build2

Active options:
Type of the analysis:  ref-to-all comparison mode (-r)
Metrics:
  1. MatchingCluster (mc)
  2. R-F_Cluster (rc)
  3. NodalSplitted (ns)
  4. Triples (tt)
  5. MatchingPair (mp)
  6. MAST (mt)
  7. CopheneticL2Metric (co)
Input file: /home/chun/projects/clineage-simulation/analysis/tmc-910648/tmc-006/case-15/reconstructed.newick
Output file: /home/chun/projects/clineage-simulation/analysis/tmc-910648/tmc-006/case-15/scores.raw.out
Additional options:
N - Report normalized distances.
P - Prune compared trees if needed (trees can have different leaf sets).
I - Include summary section in the output file.
-----
2018-06-18 21:46:40: Start of reading random statistics.
2018-06-18 21:46:40: End of reading random statistics.
2018-06-18 21:46:40: Start of scanning input file: /home/chun/projects/clineage-simulation/analysis/tmc-910648/tmc-006/case-15/reconstructed.newick
2018-06-18 21:46:40: End of scanning input file: /home/chun/projects/clineage-simulation/analysis/tmc-910648/tmc-006/case-15/reconstructed.newick
2018-06-18 21:46:40: 1 valid trees found in file: /home/chun/projects/clineage-simulation/analysis/tmc-910648/tmc-006/case-15/reconstructed.newick
2018-06-18 21:46:40: Start of calculation...please wait...
2018-06-18 21:46:40: 0.00% completed...
2018-06-18 21:46:40: 100.00% completed.
2018-06-18 21:46:40: End of calculation.
2018-06-18 21:46:40: Total calculation time: 24 ms.
                              metrics
No                             1.0000
RefTree                        1.0000
Tree                           1.0000
RefTree_taxa                  18.0000
Tree_taxa                     18.0000
Common_taxa                   18.0000
MatchingCluster               22.0000
MatchingCluster_toYuleAvg      0.3097
MatchingCluster_toUnifAvg      0.2736
R-F_Cluster                    3.5000
R-F_Cluster_toYuleAvg          0.2217
R-F_Cluster_toUnifAvg          0.2212
NodalSplitted                 18.8149
NodalSplitted_toYuleAvg        0.3785
NodalSplitted_toUnifAvg        0.3104
Triples                       66.0000
Triples_toYuleAvg              0.1207
Triples_toUnifAvg              0.1216
MatchingPair                  26.0000
MatchingPair_toYuleAvg         0.2444
MatchingPair_toUnifAvg         0.2500
MAST                           6.0000
MAST_toYuleAvg                 0.5112
MAST_toUnifAvg                 0.5098
CopheneticL2Metric            12.0830
CopheneticL2Metric_toYuleAvg   0.3080
CopheneticL2Metric_toUnifAvg   0.2673

                 Name        Avg  Std        Min        Max  Count
0     MatchingCluster  22.000000  0.0  22.000000  22.000000      1
1         R-F_Cluster   3.500000  0.0   3.500000   3.500000      1
2       NodalSplitted  18.814888  0.0  18.814888  18.814888      1
3             Triples  66.000000  0.0  66.000000  66.000000      1
4        MatchingPair  26.000000  0.0  26.000000  26.000000      1
5                MAST   6.000000  0.0   6.000000   6.000000      1
6  CopheneticL2Metric  12.083046  0.0  12.083046  12.083046      1
