
                            < M A T L A B (R) >
                  Copyright 1984-2017 The MathWorks, Inc.
                   R2017a (9.2.0.538062) 64-bit (glnxa64)
                             February 23, 2017

 
To get started, type one of these: helpwin, helpdesk, or demo.
For product information, visit www.mathworks.com.
 
Running "Run1", Seed: 910648
 *** Finished Simulation Run ***

config-16.json #############################################

[#.........] | Progress: 1 | Time: 0.0s | ETA: --[.#........] | Progress: 107 | Time: 0.1s | ETA: --[..#.......] | Progress: 218 | Time: 0.1s | ETA: --[...#......] | Progress: 326 | Time: 0.2s | ETA: --[....#.....] | Progress: 436 | Time: 0.2s | ETA: --[.....#....] | Progress: 546 | Time: 0.3s | ETA: --[......#...] | Progress: 657 | Time: 0.3s | ETA: --[##########] | Progress: 672 | Time: 0.3s | ETA: --fit<>, fid</home/chun/projects/clineage-simulation/analysis/tmc-910648/tmc-006/case-16/triplets-list.raw.txt>, flg<treeReconstruction.log>, frt<resTree.tree>, frtN</home/chun/projects/clineage-simulation/analysis/tmc-910648/tmc-006/case-16/reconstructed.tmp.newick>, fsd<qqq.dat>, fst<simul.tree>, -->index=2
Read triplets from file...
Read triplets from file...Finished
N_triplets = 671, idMaxFound = 19
treeBuildBasedOnTriplets_run...
make_isTogetherInTripletAndDeleteExtraTriplets: Finished
maxCut with 19 nodes: Finished
maxCut with 16 nodes: Finished
maxCut with 11 nodes: Finished
treeBuildBasedOnTriplets_run...Finished
Saving tree to file...
Saving tree to file...Finished

                            < M A T L A B (R) >
                  Copyright 1984-2017 The MathWorks, Inc.
                   R2017a (9.2.0.538062) 64-bit (glnxa64)
                             February 23, 2017

 
To get started, type one of these: helpwin, helpdesk, or demo.
For product information, visit www.mathworks.com.
 
TreeCmp version build2

Active options:
Type of the analysis:  ref-to-all comparison mode (-r)
Metrics:
  1. MatchingCluster (mc)
  2. R-F_Cluster (rc)
  3. NodalSplitted (ns)
  4. Triples (tt)
  5. MatchingPair (mp)
  6. MAST (mt)
  7. CopheneticL2Metric (co)
Input file: /home/chun/projects/clineage-simulation/analysis/tmc-910648/tmc-006/case-16/reconstructed.newick
Output file: /home/chun/projects/clineage-simulation/analysis/tmc-910648/tmc-006/case-16/scores.raw.out
Additional options:
N - Report normalized distances.
P - Prune compared trees if needed (trees can have different leaf sets).
I - Include summary section in the output file.
-----
2018-06-18 21:46:39: Start of reading random statistics.
2018-06-18 21:46:39: End of reading random statistics.
2018-06-18 21:46:39: Start of scanning input file: /home/chun/projects/clineage-simulation/analysis/tmc-910648/tmc-006/case-16/reconstructed.newick
2018-06-18 21:46:39: End of scanning input file: /home/chun/projects/clineage-simulation/analysis/tmc-910648/tmc-006/case-16/reconstructed.newick
2018-06-18 21:46:39: 1 valid trees found in file: /home/chun/projects/clineage-simulation/analysis/tmc-910648/tmc-006/case-16/reconstructed.newick
2018-06-18 21:46:39: Start of calculation...please wait...
2018-06-18 21:46:39: 0.00% completed...
2018-06-18 21:46:39: 100.00% completed.
2018-06-18 21:46:39: End of calculation.
2018-06-18 21:46:39: Total calculation time: 29 ms.
                              metrics
No                             1.0000
RefTree                        1.0000
Tree                           1.0000
RefTree_taxa                  19.0000
Tree_taxa                     19.0000
Common_taxa                   19.0000
MatchingCluster               19.0000
MatchingCluster_toYuleAvg      0.2450
MatchingCluster_toUnifAvg      0.2138
R-F_Cluster                    2.5000
R-F_Cluster_toYuleAvg          0.1493
R-F_Cluster_toUnifAvg          0.1485
NodalSplitted                 14.3527
NodalSplitted_toYuleAvg        0.2669
NodalSplitted_toUnifAvg        0.2176
Triples                       70.0000
Triples_toYuleAvg              0.1088
Triples_toUnifAvg              0.1083
MatchingPair                  26.0000
MatchingPair_toYuleAvg         0.2172
MatchingPair_toUnifAvg         0.2207
MAST                           4.0000
MAST_toYuleAvg                 0.3196
MAST_toUnifAvg                 0.3171
CopheneticL2Metric            11.6619
CopheneticL2Metric_toYuleAvg   0.2763
CopheneticL2Metric_toUnifAvg   0.2368

                 Name        Avg  Std        Min        Max  Count
0     MatchingCluster  19.000000  0.0  19.000000  19.000000      1
1         R-F_Cluster   2.500000  0.0   2.500000   2.500000      1
2       NodalSplitted  14.352700  0.0  14.352700  14.352700      1
3             Triples  70.000000  0.0  70.000000  70.000000      1
4        MatchingPair  26.000000  0.0  26.000000  26.000000      1
5                MAST   4.000000  0.0   4.000000   4.000000      1
6  CopheneticL2Metric  11.661904  0.0  11.661904  11.661904      1
