
                            < M A T L A B (R) >
                  Copyright 1984-2017 The MathWorks, Inc.
                   R2017a (9.2.0.538062) 64-bit (glnxa64)
                             February 23, 2017

 
To get started, type one of these: helpwin, helpdesk, or demo.
For product information, visit www.mathworks.com.
 
Running "Run1", Seed: 910648
 *** Finished Simulation Run ***

config-17.json #############################################

[#.........] | Progress: 1 | Time: 0.0s | ETA: --[.#........] | Progress: 102 | Time: 0.1s | ETA: --[..#.......] | Progress: 203 | Time: 0.1s | ETA: --[...#......] | Progress: 306 | Time: 0.2s | ETA: --[....#.....] | Progress: 409 | Time: 0.2s | ETA: --[.....#....] | Progress: 513 | Time: 0.3s | ETA: --[......#...] | Progress: 617 | Time: 0.3s | ETA: --[.......#..] | Progress: 720 | Time: 0.4s | ETA: --[##########] | Progress: 771 | Time: 0.4s | ETA: --fit<>, fid</home/chun/projects/clineage-simulation/analysis/tmc-910648/tmc-006/case-17/triplets-list.raw.txt>, flg<treeReconstruction.log>, frt<resTree.tree>, frtN</home/chun/projects/clineage-simulation/analysis/tmc-910648/tmc-006/case-17/reconstructed.tmp.newick>, fsd<qqq.dat>, fst<simul.tree>, -->index=2
Read triplets from file...
Read triplets from file...Finished
N_triplets = 769, idMaxFound = 20
treeBuildBasedOnTriplets_run...
make_isTogetherInTripletAndDeleteExtraTriplets: Finished
maxCut with 20 nodes: Finished
maxCut with 17 nodes: Finished
maxCut with 12 nodes: Finished
treeBuildBasedOnTriplets_run...Finished
Saving tree to file...
Saving tree to file...Finished

                            < M A T L A B (R) >
                  Copyright 1984-2017 The MathWorks, Inc.
                   R2017a (9.2.0.538062) 64-bit (glnxa64)
                             February 23, 2017

 
To get started, type one of these: helpwin, helpdesk, or demo.
For product information, visit www.mathworks.com.
 
TreeCmp version build2

Active options:
Type of the analysis:  ref-to-all comparison mode (-r)
Metrics:
  1. MatchingCluster (mc)
  2. R-F_Cluster (rc)
  3. NodalSplitted (ns)
  4. Triples (tt)
  5. MatchingPair (mp)
  6. MAST (mt)
  7. CopheneticL2Metric (co)
Input file: /home/chun/projects/clineage-simulation/analysis/tmc-910648/tmc-006/case-17/reconstructed.newick
Output file: /home/chun/projects/clineage-simulation/analysis/tmc-910648/tmc-006/case-17/scores.raw.out
Additional options:
N - Report normalized distances.
P - Prune compared trees if needed (trees can have different leaf sets).
I - Include summary section in the output file.
-----
2018-06-18 21:46:38: Start of reading random statistics.
2018-06-18 21:46:38: End of reading random statistics.
2018-06-18 21:46:38: Start of scanning input file: /home/chun/projects/clineage-simulation/analysis/tmc-910648/tmc-006/case-17/reconstructed.newick
2018-06-18 21:46:38: End of scanning input file: /home/chun/projects/clineage-simulation/analysis/tmc-910648/tmc-006/case-17/reconstructed.newick
2018-06-18 21:46:38: 1 valid trees found in file: /home/chun/projects/clineage-simulation/analysis/tmc-910648/tmc-006/case-17/reconstructed.newick
2018-06-18 21:46:38: Start of calculation...please wait...
2018-06-18 21:46:38: 0.00% completed...
2018-06-18 21:46:38: 100.00% completed.
2018-06-18 21:46:38: End of calculation.
2018-06-18 21:46:38: Total calculation time: 25 ms.
                              metrics
No                             1.0000
RefTree                        1.0000
Tree                           1.0000
RefTree_taxa                  20.0000
Tree_taxa                     20.0000
Common_taxa                   20.0000
MatchingCluster               24.0000
MatchingCluster_toYuleAvg      0.2817
MatchingCluster_toUnifAvg      0.2467
R-F_Cluster                    3.5000
R-F_Cluster_toYuleAvg          0.1971
R-F_Cluster_toUnifAvg          0.1961
NodalSplitted                 19.3391
NodalSplitted_toYuleAvg        0.3323
NodalSplitted_toUnifAvg        0.2691
Triples                       78.0000
Triples_toYuleAvg              0.1020
Triples_toUnifAvg              0.1027
MatchingPair                  30.0000
MatchingPair_toYuleAvg         0.2230
MatchingPair_toUnifAvg         0.2280
MAST                           6.0000
MAST_toYuleAvg                 0.4497
MAST_toUnifAvg                 0.4460
CopheneticL2Metric            13.0000
CopheneticL2Metric_toYuleAvg   0.2927
CopheneticL2Metric_toUnifAvg   0.2393

                 Name       Avg  Std       Min       Max  Count
0     MatchingCluster  24.00000  0.0  24.00000  24.00000      1
1         R-F_Cluster   3.50000  0.0   3.50000   3.50000      1
2       NodalSplitted  19.33908  0.0  19.33908  19.33908      1
3             Triples  78.00000  0.0  78.00000  78.00000      1
4        MatchingPair  30.00000  0.0  30.00000  30.00000      1
5                MAST   6.00000  0.0   6.00000   6.00000      1
6  CopheneticL2Metric  13.00000  0.0  13.00000  13.00000      1
