
                            < M A T L A B (R) >
                  Copyright 1984-2017 The MathWorks, Inc.
                   R2017a (9.2.0.538062) 64-bit (glnxa64)
                             February 23, 2017

 
To get started, type one of these: helpwin, helpdesk, or demo.
For product information, visit www.mathworks.com.
 
Running "Run1", Seed: 910648
 *** Finished Simulation Run ***

config-14.json #############################################

[#.........] | Progress: 1 | Time: 0.0s | ETA: --[.#........] | Progress: 112 | Time: 0.1s | ETA: --[..#.......] | Progress: 222 | Time: 0.1s | ETA: --[...#......] | Progress: 332 | Time: 0.2s | ETA: --[....#.....] | Progress: 437 | Time: 0.2s | ETA: --[##########] | Progress: 466 | Time: 0.2s | ETA: --fit<>, fid</home/chun/projects/clineage-simulation/analysis/tmc-910648/tmc-006/case-14/triplets-list.raw.txt>, flg<treeReconstruction.log>, frt<resTree.tree>, frtN</home/chun/projects/clineage-simulation/analysis/tmc-910648/tmc-006/case-14/reconstructed.tmp.newick>, fsd<qqq.dat>, fst<simul.tree>, -->index=2
Read triplets from file...
Read triplets from file...Finished
N_triplets = 466, idMaxFound = 17
treeBuildBasedOnTriplets_run...
make_isTogetherInTripletAndDeleteExtraTriplets: Finished
maxCut with 17 nodes: Finished
maxCut with 15 nodes: Finished
maxCut with 10 nodes: Finished
treeBuildBasedOnTriplets_run...Finished
Saving tree to file...
Saving tree to file...Finished

                            < M A T L A B (R) >
                  Copyright 1984-2017 The MathWorks, Inc.
                   R2017a (9.2.0.538062) 64-bit (glnxa64)
                             February 23, 2017

 
To get started, type one of these: helpwin, helpdesk, or demo.
For product information, visit www.mathworks.com.
 
TreeCmp version build2

Active options:
Type of the analysis:  ref-to-all comparison mode (-r)
Metrics:
  1. MatchingCluster (mc)
  2. R-F_Cluster (rc)
  3. NodalSplitted (ns)
  4. Triples (tt)
  5. MatchingPair (mp)
  6. MAST (mt)
  7. CopheneticL2Metric (co)
Input file: /home/chun/projects/clineage-simulation/analysis/tmc-910648/tmc-006/case-14/reconstructed.newick
Output file: /home/chun/projects/clineage-simulation/analysis/tmc-910648/tmc-006/case-14/scores.raw.out
Additional options:
N - Report normalized distances.
P - Prune compared trees if needed (trees can have different leaf sets).
I - Include summary section in the output file.
-----
2018-06-19 08:04:52: Start of reading random statistics.
2018-06-19 08:04:52: End of reading random statistics.
2018-06-19 08:04:52: Start of scanning input file: /home/chun/projects/clineage-simulation/analysis/tmc-910648/tmc-006/case-14/reconstructed.newick
2018-06-19 08:04:52: End of scanning input file: /home/chun/projects/clineage-simulation/analysis/tmc-910648/tmc-006/case-14/reconstructed.newick
2018-06-19 08:04:52: 1 valid trees found in file: /home/chun/projects/clineage-simulation/analysis/tmc-910648/tmc-006/case-14/reconstructed.newick
2018-06-19 08:04:52: Start of calculation...please wait...
2018-06-19 08:04:52: 0.00% completed...
2018-06-19 08:04:52: 100.00% completed.
2018-06-19 08:04:52: End of calculation.
2018-06-19 08:04:52: Total calculation time: 25 ms.
                              metrics
No                             1.0000
RefTree                        1.0000
Tree                           1.0000
RefTree_taxa                  17.0000
Tree_taxa                     17.0000
Common_taxa                   17.0000
MatchingCluster               20.0000
MatchingCluster_toYuleAvg      0.3094
MatchingCluster_toUnifAvg      0.2751
R-F_Cluster                    3.0000
R-F_Cluster_toYuleAvg          0.2031
R-F_Cluster_toUnifAvg          0.2021
NodalSplitted                 14.7648
NodalSplitted_toYuleAvg        0.3221
NodalSplitted_toUnifAvg        0.2697
Triples                       65.0000
Triples_toYuleAvg              0.1432
Triples_toUnifAvg              0.1429
MatchingPair                  25.0000
MatchingPair_toYuleAvg         0.2676
MatchingPair_toUnifAvg         0.2718
MAST                           5.0000
MAST_toYuleAvg                 0.4598
MAST_toUnifAvg                 0.4567
CopheneticL2Metric            11.4455
CopheneticL2Metric_toYuleAvg   0.3187
CopheneticL2Metric_toUnifAvg   0.2769

                 Name        Avg  Std        Min        Max  Count
0     MatchingCluster  20.000000  0.0  20.000000  20.000000      1
1         R-F_Cluster   3.000000  0.0   3.000000   3.000000      1
2       NodalSplitted  14.764823  0.0  14.764823  14.764823      1
3             Triples  65.000000  0.0  65.000000  65.000000      1
4        MatchingPair  25.000000  0.0  25.000000  25.000000      1
5                MAST   5.000000  0.0   5.000000   5.000000      1
6  CopheneticL2Metric  11.445523  0.0  11.445523  11.445523      1
