                              metrics
No                             1.0000
RefTree                        1.0000
Tree                           1.0000
RefTree_taxa                  22.0000
Tree_taxa                     22.0000
Common_taxa                   22.0000
MatchingCluster               23.0000
MatchingCluster_toYuleAvg      0.2327
MatchingCluster_toUnifAvg      0.1986
R-F_Cluster                    7.5000
R-F_Cluster_toYuleAvg          0.3793
R-F_Cluster_toUnifAvg          0.3777
NodalSplitted                 26.3629
NodalSplitted_toYuleAvg        0.3958
NodalSplitted_toUnifAvg        0.3099
Triples                       67.0000
Triples_toYuleAvg              0.0653
Triples_toUnifAvg              0.0651
MatchingPair                  26.0000
MatchingPair_toYuleAvg         0.1578
MatchingPair_toUnifAvg         0.1606
MAST                           5.0000
MAST_toYuleAvg                 0.3334
MAST_toUnifAvg                 0.3310
CopheneticL2Metric            11.2694
CopheneticL2Metric_toYuleAvg   0.2217
CopheneticL2Metric_toUnifAvg   0.1796

                 Name        Avg  Std        Min        Max  Count
0     MatchingCluster  23.000000  0.0  23.000000  23.000000      1
1         R-F_Cluster   7.500000  0.0   7.500000   7.500000      1
2       NodalSplitted  26.362853  0.0  26.362853  26.362853      1
3             Triples  67.000000  0.0  67.000000  67.000000      1
4        MatchingPair  26.000000  0.0  26.000000  26.000000      1
5                MAST   5.000000  0.0   5.000000   5.000000      1
6  CopheneticL2Metric  11.269428  0.0  11.269428  11.269428      1
