                              metrics
No                             1.0000
RefTree                        1.0000
Tree                           1.0000
RefTree_taxa                   5.0000
Tree_taxa                      5.0000
Common_taxa                    5.0000
MatchingCluster                5.0000
MatchingCluster_toYuleAvg      0.8377
MatchingCluster_toUnifAvg      0.8415
R-F_Cluster                    3.0000
R-F_Cluster_toYuleAvg          1.1416
R-F_Cluster_toUnifAvg          1.1329
NodalSplitted                  4.2426
NodalSplitted_toYuleAvg        0.7558
NodalSplitted_toUnifAvg        0.7529
Triples                        6.0000
Triples_toYuleAvg              0.8965
Triples_toUnifAvg              0.8970
MatchingPair                   5.0000
MatchingPair_toYuleAvg         1.1153
MatchingPair_toUnifAvg         1.1121
MAST                           2.0000
MAST_toYuleAvg                 1.1093
MAST_toUnifAvg                 1.0965
CopheneticL2Metric             3.4641
CopheneticL2Metric_toYuleAvg   0.7116
CopheneticL2Metric_toUnifAvg   0.6935

                 Name       Avg  Std       Min       Max  Count
0     MatchingCluster  5.000000  0.0  5.000000  5.000000      1
1         R-F_Cluster  3.000000  0.0  3.000000  3.000000      1
2       NodalSplitted  4.242641  0.0  4.242641  4.242641      1
3             Triples  6.000000  0.0  6.000000  6.000000      1
4        MatchingPair  5.000000  0.0  5.000000  5.000000      1
5                MAST  2.000000  0.0  2.000000  2.000000      1
6  CopheneticL2Metric  3.464102  0.0  3.464102  3.464102      1
