                              metrics
No                             1.0000
RefTree                        1.0000
Tree                           1.0000
RefTree_taxa                  22.0000
Tree_taxa                     22.0000
Common_taxa                   22.0000
MatchingCluster               19.0000
MatchingCluster_toYuleAvg      0.1923
MatchingCluster_toUnifAvg      0.1641
R-F_Cluster                    3.0000
R-F_Cluster_toYuleAvg          0.1517
R-F_Cluster_toUnifAvg          0.1511
NodalSplitted                 26.0960
NodalSplitted_toYuleAvg        0.3917
NodalSplitted_toUnifAvg        0.3067
Triples                       30.0000
Triples_toYuleAvg              0.0292
Triples_toUnifAvg              0.0291
MatchingPair                  14.0000
MatchingPair_toYuleAvg         0.0850
MatchingPair_toUnifAvg         0.0865
MAST                           3.0000
MAST_toYuleAvg                 0.2000
MAST_toUnifAvg                 0.1986
CopheneticL2Metric            11.9583
CopheneticL2Metric_toYuleAvg   0.2353
CopheneticL2Metric_toUnifAvg   0.1906

                 Name        Avg  Std        Min        Max  Count
0     MatchingCluster  19.000000  0.0  19.000000  19.000000      1
1         R-F_Cluster   3.000000  0.0   3.000000   3.000000      1
2       NodalSplitted  26.095977  0.0  26.095977  26.095977      1
3             Triples  30.000000  0.0  30.000000  30.000000      1
4        MatchingPair  14.000000  0.0  14.000000  14.000000      1
5                MAST   3.000000  0.0   3.000000   3.000000      1
6  CopheneticL2Metric  11.958261  0.0  11.958261  11.958261      1
