                               metrics
No                              1.0000
RefTree                         1.0000
Tree                            1.0000
RefTree_taxa                   23.0000
Tree_taxa                      23.0000
Common_taxa                    23.0000
MatchingCluster                49.0000
MatchingCluster_toYuleAvg       0.4621
MatchingCluster_toUnifAvg       0.3954
R-F_Cluster                    10.5000
R-F_Cluster_toYuleAvg           0.5053
R-F_Cluster_toUnifAvg           0.5044
NodalSplitted                  42.1900
NodalSplitted_toYuleAvg         0.5981
NodalSplitted_toUnifAvg         0.4706
Triples                       699.0000
Triples_toYuleAvg               0.5914
Triples_toUnifAvg               0.5940
MatchingPair                  122.0000
MatchingPair_toYuleAvg          0.6684
MatchingPair_toUnifAvg          0.6829
MAST                           12.0000
MAST_toYuleAvg                  0.7563
MAST_toUnifAvg                  0.7493
CopheneticL2Metric             24.6374
CopheneticL2Metric_toYuleAvg    0.4548
CopheneticL2Metric_toUnifAvg    0.3649

                 Name         Avg  Std         Min         Max  Count
0     MatchingCluster   49.000000  0.0   49.000000   49.000000      1
1         R-F_Cluster   10.500000  0.0   10.500000   10.500000      1
2       NodalSplitted   42.190046  0.0   42.190046   42.190046      1
3             Triples  699.000000  0.0  699.000000  699.000000      1
4        MatchingPair  122.000000  0.0  122.000000  122.000000      1
5                MAST   12.000000  0.0   12.000000   12.000000      1
6  CopheneticL2Metric   24.637370  0.0   24.637370   24.637370      1
