                              metrics
No                             1.0000
RefTree                        1.0000
Tree                           1.0000
RefTree_taxa                  16.0000
Tree_taxa                     16.0000
Common_taxa                   16.0000
MatchingCluster               12.0000
MatchingCluster_toYuleAvg      0.2053
MatchingCluster_toUnifAvg      0.1859
R-F_Cluster                    3.0000
R-F_Cluster_toYuleAvg          0.2178
R-F_Cluster_toUnifAvg          0.2170
NodalSplitted                 12.7279
NodalSplitted_toYuleAvg        0.3024
NodalSplitted_toUnifAvg        0.2586
Triples                        8.0000
Triples_toYuleAvg              0.0214
Triples_toUnifAvg              0.0215
MatchingPair                   8.0000
MatchingPair_toYuleAvg         0.0980
MatchingPair_toUnifAvg         0.1000
MAST                           4.0000
MAST_toYuleAvg                 0.3974
MAST_toUnifAvg                 0.3950
CopheneticL2Metric             5.3852
CopheneticL2Metric_toYuleAvg   0.1639
CopheneticL2Metric_toUnifAvg   0.1448

                 Name        Avg  Std        Min        Max  Count
0     MatchingCluster  12.000000  0.0  12.000000  12.000000      1
1         R-F_Cluster   3.000000  0.0   3.000000   3.000000      1
2       NodalSplitted  12.727922  0.0  12.727922  12.727922      1
3             Triples   8.000000  0.0   8.000000   8.000000      1
4        MatchingPair   8.000000  0.0   8.000000   8.000000      1
5                MAST   4.000000  0.0   4.000000   4.000000      1
6  CopheneticL2Metric   5.385165  0.0   5.385165   5.385165      1
