                              metrics
No                             1.0000
RefTree                        1.0000
Tree                           1.0000
RefTree_taxa                  20.0000
Tree_taxa                     20.0000
Common_taxa                   20.0000
MatchingCluster               23.0000
MatchingCluster_toYuleAvg      0.2700
MatchingCluster_toUnifAvg      0.2364
R-F_Cluster                    9.0000
R-F_Cluster_toYuleAvg          0.5067
R-F_Cluster_toUnifAvg          0.5043
NodalSplitted                 21.0476
NodalSplitted_toYuleAvg        0.3617
NodalSplitted_toUnifAvg        0.2929
Triples                       52.0000
Triples_toYuleAvg              0.0680
Triples_toUnifAvg              0.0685
MatchingPair                  27.0000
MatchingPair_toYuleAvg         0.2007
MatchingPair_toUnifAvg         0.2052
MAST                           7.0000
MAST_toYuleAvg                 0.5247
MAST_toUnifAvg                 0.5203
CopheneticL2Metric             9.5394
CopheneticL2Metric_toYuleAvg   0.2148
CopheneticL2Metric_toUnifAvg   0.1756

                 Name        Avg  Std        Min        Max  Count
0     MatchingCluster  23.000000  0.0  23.000000  23.000000      1
1         R-F_Cluster   9.000000  0.0   9.000000   9.000000      1
2       NodalSplitted  21.047565  0.0  21.047565  21.047565      1
3             Triples  52.000000  0.0  52.000000  52.000000      1
4        MatchingPair  27.000000  0.0  27.000000  27.000000      1
5                MAST   7.000000  0.0   7.000000   7.000000      1
6  CopheneticL2Metric   9.539392  0.0   9.539392   9.539392      1
