                              metrics
No                             1.0000
RefTree                        1.0000
Tree                           1.0000
RefTree_taxa                  21.0000
Tree_taxa                     21.0000
Common_taxa                   21.0000
MatchingCluster               27.0000
MatchingCluster_toYuleAvg      0.2948
MatchingCluster_toUnifAvg      0.2553
R-F_Cluster                    3.0000
R-F_Cluster_toYuleAvg          0.1598
R-F_Cluster_toUnifAvg          0.1592
NodalSplitted                 25.1794
NodalSplitted_toYuleAvg        0.4089
NodalSplitted_toUnifAvg        0.3235
Triples                       82.0000
Triples_toYuleAvg              0.0923
Triples_toUnifAvg              0.0925
MatchingPair                  32.0000
MatchingPair_toYuleAvg         0.2143
MatchingPair_toUnifAvg         0.2186
MAST                           5.0000
MAST_toYuleAvg                 0.3527
MAST_toUnifAvg                 0.3502
CopheneticL2Metric            18.7083
CopheneticL2Metric_toYuleAvg   0.3932
CopheneticL2Metric_toUnifAvg   0.3238

                 Name        Avg  Std        Min        Max  Count
0     MatchingCluster  27.000000  0.0  27.000000  27.000000      1
1         R-F_Cluster   3.000000  0.0   3.000000   3.000000      1
2       NodalSplitted  25.179357  0.0  25.179357  25.179357      1
3             Triples  82.000000  0.0  82.000000  82.000000      1
4        MatchingPair  32.000000  0.0  32.000000  32.000000      1
5                MAST   5.000000  0.0   5.000000   5.000000      1
6  CopheneticL2Metric  18.708287  0.0  18.708287  18.708287      1
