                              metrics
No                             1.0000
RefTree                        1.0000
Tree                           1.0000
RefTree_taxa                  12.0000
Tree_taxa                     12.0000
Common_taxa                   12.0000
MatchingCluster                7.0000
MatchingCluster_toYuleAvg      0.1972
MatchingCluster_toUnifAvg      0.1851
R-F_Cluster                    1.0000
R-F_Cluster_toYuleAvg          0.1026
R-F_Cluster_toUnifAvg          0.1022
NodalSplitted                  7.4162
NodalSplitted_toYuleAvg        0.2723
NodalSplitted_toUnifAvg        0.2479
Triples                       10.0000
Triples_toYuleAvg              0.0679
Triples_toUnifAvg              0.0682
MatchingPair                   7.0000
MatchingPair_toYuleAvg         0.1655
MatchingPair_toUnifAvg         0.1677
MAST                           1.0000
MAST_toYuleAvg                 0.1451
MAST_toUnifAvg                 0.1437
CopheneticL2Metric             5.0000
CopheneticL2Metric_toYuleAvg   0.2306
CopheneticL2Metric_toUnifAvg   0.2122

                 Name        Avg  Std        Min        Max  Count
0     MatchingCluster   7.000000  0.0   7.000000   7.000000      1
1         R-F_Cluster   1.000000  0.0   1.000000   1.000000      1
2       NodalSplitted   7.416198  0.0   7.416198   7.416198      1
3             Triples  10.000000  0.0  10.000000  10.000000      1
4        MatchingPair   7.000000  0.0   7.000000   7.000000      1
5                MAST   1.000000  0.0   1.000000   1.000000      1
6  CopheneticL2Metric   5.000000  0.0   5.000000   5.000000      1
