                               metrics
No                              1.0000
RefTree                         1.0000
Tree                            1.0000
RefTree_taxa                   22.0000
Tree_taxa                      22.0000
Common_taxa                    22.0000
MatchingCluster                18.0000
MatchingCluster_toYuleAvg       0.1821
MatchingCluster_toUnifAvg       0.1554
R-F_Cluster                     2.0000
R-F_Cluster_toYuleAvg           0.1012
R-F_Cluster_toUnifAvg           0.1007
NodalSplitted                  17.0880
NodalSplitted_toYuleAvg         0.2565
NodalSplitted_toUnifAvg         0.2009
Triples                       172.0000
Triples_toYuleAvg               0.1676
Triples_toUnifAvg               0.1671
MatchingPair                   28.0000
MatchingPair_toYuleAvg          0.1700
MatchingPair_toUnifAvg          0.1729
MAST                            4.0000
MAST_toYuleAvg                  0.2667
MAST_toUnifAvg                  0.2648
CopheneticL2Metric             14.4568
CopheneticL2Metric_toYuleAvg    0.2844
CopheneticL2Metric_toUnifAvg    0.2304

                 Name         Avg  Std         Min         Max  Count
0     MatchingCluster   18.000000  0.0   18.000000   18.000000      1
1         R-F_Cluster    2.000000  0.0    2.000000    2.000000      1
2       NodalSplitted   17.088007  0.0   17.088007   17.088007      1
3             Triples  172.000000  0.0  172.000000  172.000000      1
4        MatchingPair   28.000000  0.0   28.000000   28.000000      1
5                MAST    4.000000  0.0    4.000000    4.000000      1
6  CopheneticL2Metric   14.456832  0.0   14.456832   14.456832      1
