                               metrics
No                              1.0000
RefTree                         1.0000
Tree                            1.0000
RefTree_taxa                   15.0000
Tree_taxa                      15.0000
Common_taxa                    15.0000
MatchingCluster                22.0000
MatchingCluster_toYuleAvg       0.4251
MatchingCluster_toUnifAvg       0.3829
R-F_Cluster                     5.0000
R-F_Cluster_toYuleAvg           0.3923
R-F_Cluster_toUnifAvg           0.3901
NodalSplitted                  17.6068
NodalSplitted_toYuleAvg         0.4650
NodalSplitted_toUnifAvg         0.4004
Triples                       130.0000
Triples_toYuleAvg               0.4307
Triples_toUnifAvg               0.4294
MatchingPair                   38.0000
MatchingPair_toYuleAvg          0.5402
MatchingPair_toUnifAvg          0.5478
MAST                            6.0000
MAST_toYuleAvg                  0.6499
MAST_toUnifAvg                  0.6400
CopheneticL2Metric             11.5758
CopheneticL2Metric_toYuleAvg    0.3863
CopheneticL2Metric_toUnifAvg    0.3418

                 Name         Avg  Std         Min         Max  Count
0     MatchingCluster   22.000000  0.0   22.000000   22.000000      1
1         R-F_Cluster    5.000000  0.0    5.000000    5.000000      1
2       NodalSplitted   17.606817  0.0   17.606817   17.606817      1
3             Triples  130.000000  0.0  130.000000  130.000000      1
4        MatchingPair   38.000000  0.0   38.000000   38.000000      1
5                MAST    6.000000  0.0    6.000000    6.000000      1
6  CopheneticL2Metric   11.575837  0.0   11.575837   11.575837      1
