                               metrics
No                              1.0000
RefTree                         1.0000
Tree                            1.0000
RefTree_taxa                   22.0000
Tree_taxa                      22.0000
Common_taxa                    22.0000
MatchingCluster                33.0000
MatchingCluster_toYuleAvg       0.3339
MatchingCluster_toUnifAvg       0.2849
R-F_Cluster                     3.0000
R-F_Cluster_toYuleAvg           0.1517
R-F_Cluster_toUnifAvg           0.1511
NodalSplitted                  21.8403
NodalSplitted_toYuleAvg         0.3279
NodalSplitted_toUnifAvg         0.2567
Triples                       171.0000
Triples_toYuleAvg               0.1667
Triples_toUnifAvg               0.1661
MatchingPair                   43.0000
MatchingPair_toYuleAvg          0.2610
MatchingPair_toUnifAvg          0.2656
MAST                            6.0000
MAST_toYuleAvg                  0.4001
MAST_toUnifAvg                  0.3971
CopheneticL2Metric             20.8327
CopheneticL2Metric_toYuleAvg    0.4099
CopheneticL2Metric_toUnifAvg    0.3320

                 Name         Avg  Std         Min         Max  Count
0     MatchingCluster   33.000000  0.0   33.000000   33.000000      1
1         R-F_Cluster    3.000000  0.0    3.000000    3.000000      1
2       NodalSplitted   21.840330  0.0   21.840330   21.840330      1
3             Triples  171.000000  0.0  171.000000  171.000000      1
4        MatchingPair   43.000000  0.0   43.000000   43.000000      1
5                MAST    6.000000  0.0    6.000000    6.000000      1
6  CopheneticL2Metric   20.832667  0.0   20.832667   20.832667      1
