                              metrics
No                             1.0000
RefTree                        1.0000
Tree                           1.0000
RefTree_taxa                   8.0000
Tree_taxa                      8.0000
Common_taxa                    8.0000
MatchingCluster                8.0000
MatchingCluster_toYuleAvg      0.4883
MatchingCluster_toUnifAvg      0.4701
R-F_Cluster                    2.0000
R-F_Cluster_toYuleAvg          0.3500
R-F_Cluster_toUnifAvg          0.3470
NodalSplitted                  8.0000
NodalSplitted_toYuleAvg        0.5830
NodalSplitted_toUnifAvg        0.5533
Triples                        8.0000
Triples_toYuleAvg              0.2162
Triples_toUnifAvg              0.2116
MatchingPair                   6.0000
MatchingPair_toYuleAvg         0.3782
MatchingPair_toUnifAvg         0.3768
MAST                           3.0000
MAST_toYuleAvg                 0.7702
MAST_toUnifAvg                 0.7647
CopheneticL2Metric             5.3852
CopheneticL2Metric_toYuleAvg   0.4726
CopheneticL2Metric_toUnifAvg   0.4562

                 Name       Avg  Std       Min       Max  Count
0     MatchingCluster  8.000000  0.0  8.000000  8.000000      1
1         R-F_Cluster  2.000000  0.0  2.000000  2.000000      1
2       NodalSplitted  8.000000  0.0  8.000000  8.000000      1
3             Triples  8.000000  0.0  8.000000  8.000000      1
4        MatchingPair  6.000000  0.0  6.000000  6.000000      1
5                MAST  3.000000  0.0  3.000000  3.000000      1
6  CopheneticL2Metric  5.385165  0.0  5.385165  5.385165      1
