                              metrics
No                             1.0000
RefTree                        1.0000
Tree                           1.0000
RefTree_taxa                  19.0000
Tree_taxa                     19.0000
Common_taxa                   19.0000
MatchingCluster               16.0000
MatchingCluster_toYuleAvg      0.2063
MatchingCluster_toUnifAvg      0.1800
R-F_Cluster                    4.5000
R-F_Cluster_toYuleAvg          0.2687
R-F_Cluster_toUnifAvg          0.2673
NodalSplitted                 19.2873
NodalSplitted_toYuleAvg        0.3586
NodalSplitted_toUnifAvg        0.2924
Triples                       16.0000
Triples_toYuleAvg              0.0249
Triples_toUnifAvg              0.0247
MatchingPair                  12.0000
MatchingPair_toYuleAvg         0.1003
MatchingPair_toUnifAvg         0.1019
MAST                           5.0000
MAST_toYuleAvg                 0.3995
MAST_toUnifAvg                 0.3964
CopheneticL2Metric             7.7460
CopheneticL2Metric_toYuleAvg   0.1835
CopheneticL2Metric_toUnifAvg   0.1573

                 Name        Avg  Std        Min        Max  Count
0     MatchingCluster  16.000000  0.0  16.000000  16.000000      1
1         R-F_Cluster   4.500000  0.0   4.500000   4.500000      1
2       NodalSplitted  19.287302  0.0  19.287302  19.287302      1
3             Triples  16.000000  0.0  16.000000  16.000000      1
4        MatchingPair  12.000000  0.0  12.000000  12.000000      1
5                MAST   5.000000  0.0   5.000000   5.000000      1
6  CopheneticL2Metric   7.745967  0.0   7.745967   7.745967      1
