                              metrics
No                             1.0000
RefTree                        1.0000
Tree                           1.0000
RefTree_taxa                  13.0000
Tree_taxa                     12.0000
Common_taxa                   12.0000
MatchingCluster               27.0000
MatchingCluster_toYuleAvg      0.7605
MatchingCluster_toUnifAvg      0.7141
R-F_Cluster                    6.0000
R-F_Cluster_toYuleAvg          0.6154
R-F_Cluster_toUnifAvg          0.6129
NodalSplitted                 18.5203
NodalSplitted_toYuleAvg        0.6799
NodalSplitted_toUnifAvg        0.6190
Triples                       70.0000
Triples_toYuleAvg              0.4755
Triples_toUnifAvg              0.4771
MatchingPair                  33.0000
MatchingPair_toYuleAvg         0.7801
MatchingPair_toUnifAvg         0.7906
MAST                           5.0000
MAST_toYuleAvg                 0.7256
MAST_toUnifAvg                 0.7185
CopheneticL2Metric            18.1108
CopheneticL2Metric_toYuleAvg   0.8354
CopheneticL2Metric_toUnifAvg   0.7687

                 Name        Avg  Std        Min        Max  Count
0     MatchingCluster  27.000000  0.0  27.000000  27.000000      1
1         R-F_Cluster   6.000000  0.0   6.000000   6.000000      1
2       NodalSplitted  18.520259  0.0  18.520259  18.520259      1
3             Triples  70.000000  0.0  70.000000  70.000000      1
4        MatchingPair  33.000000  0.0  33.000000  33.000000      1
5                MAST   5.000000  0.0   5.000000   5.000000      1
6  CopheneticL2Metric  18.110770  0.0  18.110770  18.110770      1
