                                 metrics
No                                1.0000
RefTree                           1.0000
Tree                              1.0000
RefTree_taxa                    100.0000
Tree_taxa                       100.0000
Common_taxa                     100.0000
MatchingCluster                2198.0000
MatchingCluster_toYuleAvg         2.3564
MatchingCluster_toUnifAvg         1.4796
R-F_Cluster                      95.0000
R-F_Cluster_toYuleAvg             0.9715
R-F_Cluster_toUnifAvg             0.9707
NodalSplitted                   923.4847
NodalSplitted_toYuleAvg           2.0545
NodalSplitted_toUnifAvg           0.9794
Triples                       69464.0000
Triples_toYuleAvg                 0.6440
Triples_toUnifAvg                 0.6442
MatchingPair                   3983.0000
MatchingPair_toYuleAvg            0.9859
MatchingPair_toUnifAvg            1.0069
MAST                             81.0000
MAST_toYuleAvg                    0.9563
MAST_toUnifAvg                    0.9460
CopheneticL2Metric             1378.8397
CopheneticL2Metric_toYuleAvg      4.1177
CopheneticL2Metric_toUnifAvg      2.0609

                 Name           Avg  Std           Min           Max  Count
0     MatchingCluster   2198.000000  0.0   2198.000000   2198.000000      1
1         R-F_Cluster     95.000000  0.0     95.000000     95.000000      1
2       NodalSplitted    923.484705  0.0    923.484705    923.484705      1
3             Triples  69464.000000  0.0  69464.000000  69464.000000      1
4        MatchingPair   3983.000000  0.0   3983.000000   3983.000000      1
5                MAST     81.000000  0.0     81.000000     81.000000      1
6  CopheneticL2Metric   1378.839730  0.0   1378.839730   1378.839730      1
