                              metrics
No                             1.0000
RefTree                        1.0000
Tree                           1.0000
RefTree_taxa                  18.0000
Tree_taxa                     18.0000
Common_taxa                   18.0000
MatchingCluster               12.0000
MatchingCluster_toYuleAvg      0.1689
MatchingCluster_toUnifAvg      0.1492
R-F_Cluster                    2.5000
R-F_Cluster_toYuleAvg          0.1584
R-F_Cluster_toUnifAvg          0.1580
NodalSplitted                 13.0384
NodalSplitted_toYuleAvg        0.2623
NodalSplitted_toUnifAvg        0.2151
Triples                       15.0000
Triples_toYuleAvg              0.0274
Triples_toUnifAvg              0.0276
MatchingPair                   9.0000
MatchingPair_toYuleAvg         0.0846
MatchingPair_toUnifAvg         0.0865
MAST                           3.0000
MAST_toYuleAvg                 0.2556
MAST_toUnifAvg                 0.2549
CopheneticL2Metric             6.7823
CopheneticL2Metric_toYuleAvg   0.1729
CopheneticL2Metric_toUnifAvg   0.1501

                 Name        Avg  Std        Min        Max  Count
0     MatchingCluster  12.000000  0.0  12.000000  12.000000      1
1         R-F_Cluster   2.500000  0.0   2.500000   2.500000      1
2       NodalSplitted  13.038405  0.0  13.038405  13.038405      1
3             Triples  15.000000  0.0  15.000000  15.000000      1
4        MatchingPair   9.000000  0.0   9.000000   9.000000      1
5                MAST   3.000000  0.0   3.000000   3.000000      1
6  CopheneticL2Metric   6.782330  0.0   6.782330   6.782330      1
