                              metrics
No                             1.0000
RefTree                        1.0000
Tree                           1.0000
RefTree_taxa                  21.0000
Tree_taxa                     21.0000
Common_taxa                   21.0000
MatchingCluster                7.0000
MatchingCluster_toYuleAvg      0.0764
MatchingCluster_toUnifAvg      0.0662
R-F_Cluster                    1.5000
R-F_Cluster_toYuleAvg          0.0799
R-F_Cluster_toUnifAvg          0.0796
NodalSplitted                 11.4018
NodalSplitted_toYuleAvg        0.1852
NodalSplitted_toUnifAvg        0.1465
Triples                        6.0000
Triples_toYuleAvg              0.0068
Triples_toUnifAvg              0.0068
MatchingPair                   4.0000
MatchingPair_toYuleAvg         0.0268
MatchingPair_toUnifAvg         0.0273
MAST                           3.0000
MAST_toYuleAvg                 0.2116
MAST_toUnifAvg                 0.2101
CopheneticL2Metric             3.4641
CopheneticL2Metric_toYuleAvg   0.0728
CopheneticL2Metric_toUnifAvg   0.0600

                 Name        Avg  Std        Min        Max  Count
0     MatchingCluster   7.000000  0.0   7.000000   7.000000      1
1         R-F_Cluster   1.500000  0.0   1.500000   1.500000      1
2       NodalSplitted  11.401754  0.0  11.401754  11.401754      1
3             Triples   6.000000  0.0   6.000000   6.000000      1
4        MatchingPair   4.000000  0.0   4.000000   4.000000      1
5                MAST   3.000000  0.0   3.000000   3.000000      1
6  CopheneticL2Metric   3.464102  0.0   3.464102   3.464102      1
