                               metrics
No                              1.0000
RefTree                         1.0000
Tree                            1.0000
RefTree_taxa                   16.0000
Tree_taxa                      16.0000
Common_taxa                    16.0000
MatchingCluster                22.0000
MatchingCluster_toYuleAvg       0.3765
MatchingCluster_toUnifAvg       0.3407
R-F_Cluster                     6.5000
R-F_Cluster_toYuleAvg           0.4720
R-F_Cluster_toUnifAvg           0.4702
NodalSplitted                  15.6205
NodalSplitted_toYuleAvg         0.3711
NodalSplitted_toUnifAvg         0.3174
Triples                       165.0000
Triples_toYuleAvg               0.4422
Triples_toUnifAvg               0.4433
MatchingPair                   42.0000
MatchingPair_toYuleAvg          0.5143
MatchingPair_toUnifAvg          0.5247
MAST                            7.0000
MAST_toYuleAvg                  0.6955
MAST_toUnifAvg                  0.6913
CopheneticL2Metric             11.0454
CopheneticL2Metric_toYuleAvg    0.3361
CopheneticL2Metric_toUnifAvg    0.2970

                 Name         Avg  Std         Min         Max  Count
0     MatchingCluster   22.000000  0.0   22.000000   22.000000      1
1         R-F_Cluster    6.500000  0.0    6.500000    6.500000      1
2       NodalSplitted   15.620499  0.0   15.620499   15.620499      1
3             Triples  165.000000  0.0  165.000000  165.000000      1
4        MatchingPair   42.000000  0.0   42.000000   42.000000      1
5                MAST    7.000000  0.0    7.000000    7.000000      1
6  CopheneticL2Metric   11.045361  0.0   11.045361   11.045361      1
