                               metrics
No                              1.0000
RefTree                         1.0000
Tree                            1.0000
RefTree_taxa                   18.0000
Tree_taxa                      18.0000
Common_taxa                    18.0000
MatchingCluster                32.0000
MatchingCluster_toYuleAvg       0.4504
MatchingCluster_toUnifAvg       0.3979
R-F_Cluster                     8.5000
R-F_Cluster_toYuleAvg           0.5385
R-F_Cluster_toUnifAvg           0.5371
NodalSplitted                  21.6333
NodalSplitted_toYuleAvg         0.4352
NodalSplitted_toUnifAvg         0.3569
Triples                       245.0000
Triples_toYuleAvg               0.4481
Triples_toUnifAvg               0.4512
MatchingPair                   53.0000
MatchingPair_toYuleAvg          0.4982
MatchingPair_toUnifAvg          0.5096
MAST                            9.0000
MAST_toYuleAvg                  0.7668
MAST_toUnifAvg                  0.7647
CopheneticL2Metric             13.0384
CopheneticL2Metric_toYuleAvg    0.3323
CopheneticL2Metric_toUnifAvg    0.2885

                 Name         Avg  Std         Min         Max  Count
0     MatchingCluster   32.000000  0.0   32.000000   32.000000      1
1         R-F_Cluster    8.500000  0.0    8.500000    8.500000      1
2       NodalSplitted   21.633308  0.0   21.633308   21.633308      1
3             Triples  245.000000  0.0  245.000000  245.000000      1
4        MatchingPair   53.000000  0.0   53.000000   53.000000      1
5                MAST    9.000000  0.0    9.000000    9.000000      1
6  CopheneticL2Metric   13.038405  0.0   13.038405   13.038405      1
