                              metrics
No                             1.0000
RefTree                        1.0000
Tree                           1.0000
RefTree_taxa                  14.0000
Tree_taxa                     14.0000
Common_taxa                   14.0000
MatchingCluster                3.0000
MatchingCluster_toYuleAvg      0.0642
MatchingCluster_toUnifAvg      0.0595
R-F_Cluster                    0.5000
R-F_Cluster_toYuleAvg          0.0425
R-F_Cluster_toUnifAvg          0.0423
NodalSplitted                  5.7446
NodalSplitted_toYuleAvg        0.1653
NodalSplitted_toUnifAvg        0.1471
Triples                        2.0000
Triples_toYuleAvg              0.0082
Triples_toUnifAvg              0.0083
MatchingPair                   2.0000
MatchingPair_toYuleAvg         0.0333
MatchingPair_toUnifAvg         0.0339
MAST                           1.0000
MAST_toYuleAvg                 0.1179
MAST_toUnifAvg                 0.1167
CopheneticL2Metric             2.4495
CopheneticL2Metric_toYuleAvg   0.0895
CopheneticL2Metric_toUnifAvg   0.0803

                 Name       Avg  Std       Min       Max  Count
0     MatchingCluster  3.000000  0.0  3.000000  3.000000      1
1         R-F_Cluster  0.500000  0.0  0.500000  0.500000      1
2       NodalSplitted  5.744563  0.0  5.744563  5.744563      1
3             Triples  2.000000  0.0  2.000000  2.000000      1
4        MatchingPair  2.000000  0.0  2.000000  2.000000      1
5                MAST  1.000000  0.0  1.000000  1.000000      1
6  CopheneticL2Metric  2.449490  0.0  2.449490  2.449490      1
