                              metrics
No                             1.0000
RefTree                        1.0000
Tree                           1.0000
RefTree_taxa                  20.0000
Tree_taxa                     20.0000
Common_taxa                   20.0000
MatchingCluster                2.0000
MatchingCluster_toYuleAvg      0.0235
MatchingCluster_toUnifAvg      0.0206
R-F_Cluster                    0.5000
R-F_Cluster_toYuleAvg          0.0282
R-F_Cluster_toUnifAvg          0.0280
NodalSplitted                  6.0000
NodalSplitted_toYuleAvg        0.1031
NodalSplitted_toUnifAvg        0.0835
Triples                        2.0000
Triples_toYuleAvg              0.0026
Triples_toUnifAvg              0.0026
MatchingPair                   1.0000
MatchingPair_toYuleAvg         0.0074
MatchingPair_toUnifAvg         0.0076
MAST                           1.0000
MAST_toYuleAvg                 0.0750
MAST_toUnifAvg                 0.0743
CopheneticL2Metric             1.7321
CopheneticL2Metric_toYuleAvg   0.0390
CopheneticL2Metric_toUnifAvg   0.0319

                 Name       Avg  Std       Min       Max  Count
0     MatchingCluster  2.000000  0.0  2.000000  2.000000      1
1         R-F_Cluster  0.500000  0.0  0.500000  0.500000      1
2       NodalSplitted  6.000000  0.0  6.000000  6.000000      1
3             Triples  2.000000  0.0  2.000000  2.000000      1
4        MatchingPair  1.000000  0.0  1.000000  1.000000      1
5                MAST  1.000000  0.0  1.000000  1.000000      1
6  CopheneticL2Metric  1.732051  0.0  1.732051  1.732051      1
