                              metrics
No                             1.0000
RefTree                        1.0000
Tree                           1.0000
RefTree_taxa                  11.0000
Tree_taxa                     11.0000
Common_taxa                   11.0000
MatchingCluster               11.0000
MatchingCluster_toYuleAvg      0.3624
MatchingCluster_toUnifAvg      0.3443
R-F_Cluster                    2.0000
R-F_Cluster_toYuleAvg          0.2290
R-F_Cluster_toUnifAvg          0.2272
NodalSplitted                  9.5917
NodalSplitted_toYuleAvg        0.4041
NodalSplitted_toUnifAvg        0.3741
Triples                       50.0000
Triples_toYuleAvg              0.4550
Triples_toUnifAvg              0.4537
MatchingPair                  18.0000
MatchingPair_toYuleAvg         0.5240
MatchingPair_toUnifAvg         0.5285
MAST                           4.0000
MAST_toYuleAvg                 0.6474
MAST_toUnifAvg                 0.6464
CopheneticL2Metric             7.5498
CopheneticL2Metric_toYuleAvg   0.3961
CopheneticL2Metric_toUnifAvg   0.3671

                 Name        Avg  Std        Min        Max  Count
0     MatchingCluster  11.000000  0.0  11.000000  11.000000      1
1         R-F_Cluster   2.000000  0.0   2.000000   2.000000      1
2       NodalSplitted   9.591663  0.0   9.591663   9.591663      1
3             Triples  50.000000  0.0  50.000000  50.000000      1
4        MatchingPair  18.000000  0.0  18.000000  18.000000      1
5                MAST   4.000000  0.0   4.000000   4.000000      1
6  CopheneticL2Metric   7.549834  0.0   7.549834   7.549834      1
