                               metrics
No                              1.0000
RefTree                         1.0000
Tree                            1.0000
RefTree_taxa                   13.0000
Tree_taxa                      13.0000
Common_taxa                    13.0000
MatchingCluster                33.0000
MatchingCluster_toYuleAvg       0.8082
MatchingCluster_toUnifAvg       0.7482
R-F_Cluster                     9.0000
R-F_Cluster_toYuleAvg           0.8348
R-F_Cluster_toUnifAvg           0.8316
NodalSplitted                  21.0713
NodalSplitted_toYuleAvg         0.6881
NodalSplitted_toUnifAvg         0.6078
Triples                       130.0000
Triples_toYuleAvg               0.6802
Triples_toUnifAvg               0.6805
MatchingPair                   43.0000
MatchingPair_toYuleAvg          0.8443
MatchingPair_toUnifAvg          0.8587
MAST                            7.0000
MAST_toYuleAvg                  0.9094
MAST_toUnifAvg                  0.9015
CopheneticL2Metric             13.3041
CopheneticL2Metric_toYuleAvg    0.5484
CopheneticL2Metric_toUnifAvg    0.4981

                 Name         Avg  Std         Min         Max  Count
0     MatchingCluster   33.000000  0.0   33.000000   33.000000      1
1         R-F_Cluster    9.000000  0.0    9.000000    9.000000      1
2       NodalSplitted   21.071308  0.0   21.071308   21.071308      1
3             Triples  130.000000  0.0  130.000000  130.000000      1
4        MatchingPair   43.000000  0.0   43.000000   43.000000      1
5                MAST    7.000000  0.0    7.000000    7.000000      1
6  CopheneticL2Metric   13.304135  0.0   13.304135   13.304135      1
