                              metrics
No                             1.0000
RefTree                        1.0000
Tree                           1.0000
RefTree_taxa                  20.0000
Tree_taxa                     20.0000
Common_taxa                   20.0000
MatchingCluster               28.0000
MatchingCluster_toYuleAvg      0.3287
MatchingCluster_toUnifAvg      0.2878
R-F_Cluster                    8.0000
R-F_Cluster_toYuleAvg          0.4504
R-F_Cluster_toUnifAvg          0.4483
NodalSplitted                 22.8035
NodalSplitted_toYuleAvg        0.3919
NodalSplitted_toUnifAvg        0.3173
Triples                       99.0000
Triples_toYuleAvg              0.1295
Triples_toUnifAvg              0.1303
MatchingPair                  44.0000
MatchingPair_toYuleAvg         0.3271
MatchingPair_toUnifAvg         0.3344
MAST                           8.0000
MAST_toYuleAvg                 0.5997
MAST_toUnifAvg                 0.5946
CopheneticL2Metric            14.4222
CopheneticL2Metric_toYuleAvg   0.3247
CopheneticL2Metric_toUnifAvg   0.2655

                 Name        Avg  Std        Min        Max  Count
0     MatchingCluster  28.000000  0.0  28.000000  28.000000      1
1         R-F_Cluster   8.000000  0.0   8.000000   8.000000      1
2       NodalSplitted  22.803509  0.0  22.803509  22.803509      1
3             Triples  99.000000  0.0  99.000000  99.000000      1
4        MatchingPair  44.000000  0.0  44.000000  44.000000      1
5                MAST   8.000000  0.0   8.000000   8.000000      1
6  CopheneticL2Metric  14.422205  0.0  14.422205  14.422205      1
