                               metrics
No                              1.0000
RefTree                         1.0000
Tree                            1.0000
RefTree_taxa                   21.0000
Tree_taxa                      21.0000
Common_taxa                    21.0000
MatchingCluster                62.0000
MatchingCluster_toYuleAvg       0.6769
MatchingCluster_toUnifAvg       0.5862
R-F_Cluster                    14.0000
R-F_Cluster_toYuleAvg           0.7458
R-F_Cluster_toUnifAvg           0.7427
NodalSplitted                  43.9318
NodalSplitted_toYuleAvg         0.7135
NodalSplitted_toUnifAvg         0.5644
Triples                       730.0000
Triples_toYuleAvg               0.8221
Triples_toUnifAvg               0.8236
MatchingPair                  113.0000
MatchingPair_toYuleAvg          0.7566
MatchingPair_toUnifAvg          0.7719
MAST                           11.0000
MAST_toYuleAvg                  0.7760
MAST_toUnifAvg                  0.7705
CopheneticL2Metric             29.5127
CopheneticL2Metric_toYuleAvg    0.6203
CopheneticL2Metric_toUnifAvg    0.5109

                 Name         Avg  Std         Min         Max  Count
0     MatchingCluster   62.000000  0.0   62.000000   62.000000      1
1         R-F_Cluster   14.000000  0.0   14.000000   14.000000      1
2       NodalSplitted   43.931765  0.0   43.931765   43.931765      1
3             Triples  730.000000  0.0  730.000000  730.000000      1
4        MatchingPair  113.000000  0.0  113.000000  113.000000      1
5                MAST   11.000000  0.0   11.000000   11.000000      1
6  CopheneticL2Metric   29.512709  0.0   29.512709   29.512709      1
