                              metrics
No                             1.0000
RefTree                        1.0000
Tree                           1.0000
RefTree_taxa                   6.0000
Tree_taxa                      6.0000
Common_taxa                    6.0000
MatchingCluster                6.0000
MatchingCluster_toYuleAvg      0.6633
MatchingCluster_toUnifAvg      0.6553
R-F_Cluster                    2.0000
R-F_Cluster_toYuleAvg          0.5454
R-F_Cluster_toUnifAvg          0.5451
NodalSplitted                  6.3246
NodalSplitted_toYuleAvg        0.7761
NodalSplitted_toUnifAvg        0.7639
Triples                       10.0000
Triples_toYuleAvg              0.7475
Triples_toUnifAvg              0.7400
MatchingPair                   4.0000
MatchingPair_toYuleAvg         0.5317
MatchingPair_toUnifAvg         0.5306
MAST                           2.0000
MAST_toYuleAvg                 0.7968
MAST_toUnifAvg                 0.7955
CopheneticL2Metric             6.0828
CopheneticL2Metric_toYuleAvg   0.8701
CopheneticL2Metric_toUnifAvg   0.8581

                 Name        Avg  Std        Min        Max  Count
0     MatchingCluster   6.000000  0.0   6.000000   6.000000      1
1         R-F_Cluster   2.000000  0.0   2.000000   2.000000      1
2       NodalSplitted   6.324555  0.0   6.324555   6.324555      1
3             Triples  10.000000  0.0  10.000000  10.000000      1
4        MatchingPair   4.000000  0.0   4.000000   4.000000      1
5                MAST   2.000000  0.0   2.000000   2.000000      1
6  CopheneticL2Metric   6.082763  0.0   6.082763   6.082763      1
