
                            < M A T L A B (R) >
                  Copyright 1984-2017 The MathWorks, Inc.
                   R2017a (9.2.0.538062) 64-bit (glnxa64)
                             February 23, 2017

 
To get started, type one of these: helpwin, helpdesk, or demo.
For product information, visit www.mathworks.com.
 
Running "Run1", Seed: 910648
 *** Finished Simulation Run ***

config-19.json #############################################

[#.........] | Progress: 1 | Time: 0.0s | ETA: --[.#........] | Progress: 153 | Time: 0.1s | ETA: --[..#.......] | Progress: 406 | Time: 0.1s | ETA: --[...#......] | Progress: 673 | Time: 0.2s | ETA: --[....#.....] | Progress: 937 | Time: 0.2s | ETA: --[##########] | Progress: 1064 | Time: 0.2s | ETA: --fit<>, fid</home/chun/projects/clineage-simulation/analysis/tmc-910648/tmc-003/case-19/triplets-list.raw.txt>, flg<treeReconstruction.log>, frt<resTree.tree>, frtN</home/chun/projects/clineage-simulation/analysis/tmc-910648/tmc-003/case-19/reconstructed.tmp.newick>, fsd<qqq.dat>, fst<simul.tree>, -->index=2
Read triplets from file...
Read triplets from file...Finished
N_triplets = 994, idMaxFound = 22
treeBuildBasedOnTriplets_run...
make_isTogetherInTripletAndDeleteExtraTriplets: Finished
maxCut with 22 nodes: Finished
maxCut with 17 nodes: Finished
maxCut with 10 nodes: Finished
maxCut with 9 nodes: Finished
maxCut with 7 nodes: Finished
treeBuildBasedOnTriplets_run...Finished
Saving tree to file...
Saving tree to file...Finished

                            < M A T L A B (R) >
                  Copyright 1984-2017 The MathWorks, Inc.
                   R2017a (9.2.0.538062) 64-bit (glnxa64)
                             February 23, 2017

 
To get started, type one of these: helpwin, helpdesk, or demo.
For product information, visit www.mathworks.com.
 
TreeCmp version build2

Active options:
Type of the analysis:  ref-to-all comparison mode (-r)
Metrics:
  1. MatchingCluster (mc)
  2. R-F_Cluster (rc)
  3. NodalSplitted (ns)
  4. Triples (tt)
  5. MatchingPair (mp)
  6. MAST (mt)
  7. CopheneticL2Metric (co)
Input file: /home/chun/projects/clineage-simulation/analysis/tmc-910648/tmc-003/case-19/reconstructed.newick
Output file: /home/chun/projects/clineage-simulation/analysis/tmc-910648/tmc-003/case-19/scores.raw.out
Additional options:
N - Report normalized distances.
P - Prune compared trees if needed (trees can have different leaf sets).
I - Include summary section in the output file.
-----
2018-06-18 21:45:54: Start of reading random statistics.
2018-06-18 21:45:54: End of reading random statistics.
2018-06-18 21:45:54: Start of scanning input file: /home/chun/projects/clineage-simulation/analysis/tmc-910648/tmc-003/case-19/reconstructed.newick
2018-06-18 21:45:54: End of scanning input file: /home/chun/projects/clineage-simulation/analysis/tmc-910648/tmc-003/case-19/reconstructed.newick
2018-06-18 21:45:54: 1 valid trees found in file: /home/chun/projects/clineage-simulation/analysis/tmc-910648/tmc-003/case-19/reconstructed.newick
2018-06-18 21:45:54: Start of calculation...please wait...
2018-06-18 21:45:54: 0.00% completed...
2018-06-18 21:45:54: 100.00% completed.
2018-06-18 21:45:54: End of calculation.
2018-06-18 21:45:54: Total calculation time: 37 ms.
                               metrics
No                              1.0000
RefTree                         1.0000
Tree                            1.0000
RefTree_taxa                   22.0000
Tree_taxa                      22.0000
Common_taxa                    22.0000
MatchingCluster                70.0000
MatchingCluster_toYuleAvg       0.7083
MatchingCluster_toUnifAvg       0.6044
R-F_Cluster                    17.0000
R-F_Cluster_toYuleAvg           0.8598
R-F_Cluster_toUnifAvg           0.8561
NodalSplitted                  41.0853
NodalSplitted_toYuleAvg         0.6168
NodalSplitted_toUnifAvg         0.4829
Triples                       860.0000
Triples_toYuleAvg               0.8382
Triples_toUnifAvg               0.8356
MatchingPair                  139.0000
MatchingPair_toYuleAvg          0.8438
MatchingPair_toUnifAvg          0.8584
MAST                           13.0000
MAST_toYuleAvg                  0.8668
MAST_toUnifAvg                  0.8605
CopheneticL2Metric             27.9285
CopheneticL2Metric_toYuleAvg    0.5495
CopheneticL2Metric_toUnifAvg    0.4450

                 Name         Avg  Std         Min         Max  Count
0     MatchingCluster   70.000000  0.0   70.000000   70.000000      1
1         R-F_Cluster   17.000000  0.0   17.000000   17.000000      1
2       NodalSplitted   41.085277  0.0   41.085277   41.085277      1
3             Triples  860.000000  0.0  860.000000  860.000000      1
4        MatchingPair  139.000000  0.0  139.000000  139.000000      1
5                MAST   13.000000  0.0   13.000000   13.000000      1
6  CopheneticL2Metric   27.928480  0.0   27.928480   27.928480      1
