
                            < M A T L A B (R) >
                  Copyright 1984-2017 The MathWorks, Inc.
                   R2017a (9.2.0.538062) 64-bit (glnxa64)
                             February 23, 2017

 
To get started, type one of these: helpwin, helpdesk, or demo.
For product information, visit www.mathworks.com.
 
Running "Run1", Seed: 910648
 *** Finished Simulation Run ***

config-08.json #############################################

[#.........] | Progress: 1 | Time: 0.0s | ETA: --[##########] | Progress: 127 | Time: 0.0s | ETA: --fit<>, fid</home/chun/projects/clineage-simulation/analysis/tmc-910648/tmc-003/case-08/triplets-list.raw.txt>, flg<treeReconstruction.log>, frt<resTree.tree>, frtN</home/chun/projects/clineage-simulation/analysis/tmc-910648/tmc-003/case-08/reconstructed.tmp.newick>, fsd<qqq.dat>, fst<simul.tree>, -->index=2
Read triplets from file...
Read triplets from file...Finished
N_triplets = 80, idMaxFound = 11
treeBuildBasedOnTriplets_run...
make_isTogetherInTripletAndDeleteExtraTriplets: Finished
maxCut with 10 nodes: Finished
maxCut with 7 nodes: Finished
maxCut with 5 nodes: Finished
treeBuildBasedOnTriplets_run...Finished
Saving tree to file...
Saving tree to file...Finished

                            < M A T L A B (R) >
                  Copyright 1984-2017 The MathWorks, Inc.
                   R2017a (9.2.0.538062) 64-bit (glnxa64)
                             February 23, 2017

 
To get started, type one of these: helpwin, helpdesk, or demo.
For product information, visit www.mathworks.com.
 
TreeCmp version build2

Active options:
Type of the analysis:  ref-to-all comparison mode (-r)
Metrics:
  1. MatchingCluster (mc)
  2. R-F_Cluster (rc)
  3. NodalSplitted (ns)
  4. Triples (tt)
  5. MatchingPair (mp)
  6. MAST (mt)
  7. CopheneticL2Metric (co)
Input file: /home/chun/projects/clineage-simulation/analysis/tmc-910648/tmc-003/case-08/reconstructed.newick
Output file: /home/chun/projects/clineage-simulation/analysis/tmc-910648/tmc-003/case-08/scores.raw.out
Additional options:
N - Report normalized distances.
P - Prune compared trees if needed (trees can have different leaf sets).
I - Include summary section in the output file.
-----
2018-06-18 21:45:55: Start of reading random statistics.
2018-06-18 21:45:55: End of reading random statistics.
2018-06-18 21:45:55: Start of scanning input file: /home/chun/projects/clineage-simulation/analysis/tmc-910648/tmc-003/case-08/reconstructed.newick
2018-06-18 21:45:55: End of scanning input file: /home/chun/projects/clineage-simulation/analysis/tmc-910648/tmc-003/case-08/reconstructed.newick
2018-06-18 21:45:55: 1 valid trees found in file: /home/chun/projects/clineage-simulation/analysis/tmc-910648/tmc-003/case-08/reconstructed.newick
2018-06-18 21:45:55: Start of calculation...please wait...
2018-06-18 21:45:55: 0.00% completed...
2018-06-18 21:45:55: 100.00% completed.
2018-06-18 21:45:55: End of calculation.
2018-06-18 21:45:55: Total calculation time: 24 ms.
                              metrics
No                             1.0000
RefTree                        1.0000
Tree                           1.0000
RefTree_taxa                  11.0000
Tree_taxa                     11.0000
Common_taxa                   11.0000
MatchingCluster               26.0000
MatchingCluster_toYuleAvg      0.8567
MatchingCluster_toUnifAvg      0.8137
R-F_Cluster                    8.0000
R-F_Cluster_toYuleAvg          0.9159
R-F_Cluster_toUnifAvg          0.9088
NodalSplitted                 18.5472
NodalSplitted_toYuleAvg        0.7815
NodalSplitted_toUnifAvg        0.7234
Triples                       90.0000
Triples_toYuleAvg              0.8189
Triples_toUnifAvg              0.8166
MatchingPair                  28.0000
MatchingPair_toYuleAvg         0.8152
MatchingPair_toUnifAvg         0.8221
MAST                           5.0000
MAST_toYuleAvg                 0.8092
MAST_toUnifAvg                 0.8080
CopheneticL2Metric            13.7113
CopheneticL2Metric_toYuleAvg   0.7193
CopheneticL2Metric_toUnifAvg   0.6668

                 Name        Avg  Std        Min        Max  Count
0     MatchingCluster  26.000000  0.0  26.000000  26.000000      1
1         R-F_Cluster   8.000000  0.0   8.000000   8.000000      1
2       NodalSplitted  18.547237  0.0  18.547237  18.547237      1
3             Triples  90.000000  0.0  90.000000  90.000000      1
4        MatchingPair  28.000000  0.0  28.000000  28.000000      1
5                MAST   5.000000  0.0   5.000000   5.000000      1
6  CopheneticL2Metric  13.711309  0.0  13.711309  13.711309      1
