
                            < M A T L A B (R) >
                  Copyright 1984-2017 The MathWorks, Inc.
                   R2017a (9.2.0.538062) 64-bit (glnxa64)
                             February 23, 2017

 
To get started, type one of these: helpwin, helpdesk, or demo.
For product information, visit www.mathworks.com.
 
Running "Run1", Seed: 910648
 *** Finished Simulation Run ***

config-20.json #############################################

[#.........] | Progress: 1 | Time: 0.0s | ETA: --[.#........] | Progress: 274 | Time: 0.1s | ETA: --[..#.......] | Progress: 546 | Time: 0.1s | ETA: --[...#......] | Progress: 815 | Time: 0.2s | ETA: --[....#.....] | Progress: 1077 | Time: 0.2s | ETA: --[##########] | Progress: 1199 | Time: 0.2s | ETA: --fit<>, fid</home/chun/projects/clineage-simulation/analysis/tmc-910648/tmc-003/case-20/triplets-list.raw.txt>, flg<treeReconstruction.log>, frt<resTree.tree>, frtN</home/chun/projects/clineage-simulation/analysis/tmc-910648/tmc-003/case-20/reconstructed.tmp.newick>, fsd<qqq.dat>, fst<simul.tree>, -->index=2
Read triplets from file...
Read triplets from file...Finished
N_triplets = 1129, idMaxFound = 23
treeBuildBasedOnTriplets_run...
make_isTogetherInTripletAndDeleteExtraTriplets: Finished
maxCut with 23 nodes: Finished
maxCut with 18 nodes: Finished
maxCut with 10 nodes: Finished
maxCut with 9 nodes: Finished
maxCut with 7 nodes: Finished
maxCut with 6 nodes: Finished
maxCut with 8 nodes: Finished
maxCut with 6 nodes: Finished
treeBuildBasedOnTriplets_run...Finished
Saving tree to file...
Saving tree to file...Finished

                            < M A T L A B (R) >
                  Copyright 1984-2017 The MathWorks, Inc.
                   R2017a (9.2.0.538062) 64-bit (glnxa64)
                             February 23, 2017

 
To get started, type one of these: helpwin, helpdesk, or demo.
For product information, visit www.mathworks.com.
 
TreeCmp version build2

Active options:
Type of the analysis:  ref-to-all comparison mode (-r)
Metrics:
  1. MatchingCluster (mc)
  2. R-F_Cluster (rc)
  3. NodalSplitted (ns)
  4. Triples (tt)
  5. MatchingPair (mp)
  6. MAST (mt)
  7. CopheneticL2Metric (co)
Input file: /home/chun/projects/clineage-simulation/analysis/tmc-910648/tmc-003/case-20/reconstructed.newick
Output file: /home/chun/projects/clineage-simulation/analysis/tmc-910648/tmc-003/case-20/scores.raw.out
Additional options:
N - Report normalized distances.
P - Prune compared trees if needed (trees can have different leaf sets).
I - Include summary section in the output file.
-----
2018-06-18 21:45:58: Start of reading random statistics.
2018-06-18 21:45:58: End of reading random statistics.
2018-06-18 21:45:58: Start of scanning input file: /home/chun/projects/clineage-simulation/analysis/tmc-910648/tmc-003/case-20/reconstructed.newick
2018-06-18 21:45:58: End of scanning input file: /home/chun/projects/clineage-simulation/analysis/tmc-910648/tmc-003/case-20/reconstructed.newick
2018-06-18 21:45:58: 1 valid trees found in file: /home/chun/projects/clineage-simulation/analysis/tmc-910648/tmc-003/case-20/reconstructed.newick
2018-06-18 21:45:58: Start of calculation...please wait...
2018-06-18 21:45:58: 0.00% completed...
2018-06-18 21:45:58: 100.00% completed.
2018-06-18 21:45:58: End of calculation.
2018-06-18 21:45:58: Total calculation time: 26 ms.
                               metrics
No                              1.0000
RefTree                         1.0000
Tree                            1.0000
RefTree_taxa                   23.0000
Tree_taxa                      23.0000
Common_taxa                    23.0000
MatchingCluster                74.0000
MatchingCluster_toYuleAvg       0.6979
MatchingCluster_toUnifAvg       0.5971
R-F_Cluster                    16.0000
R-F_Cluster_toYuleAvg           0.7700
R-F_Cluster_toUnifAvg           0.7686
NodalSplitted                  45.4753
NodalSplitted_toYuleAvg         0.6446
NodalSplitted_toUnifAvg         0.5073
Triples                       967.0000
Triples_toYuleAvg               0.8182
Triples_toUnifAvg               0.8218
MatchingPair                  154.0000
MatchingPair_toYuleAvg          0.8437
MatchingPair_toUnifAvg          0.8621
MAST                           13.0000
MAST_toYuleAvg                  0.8194
MAST_toUnifAvg                  0.8118
CopheneticL2Metric             30.4631
CopheneticL2Metric_toYuleAvg    0.5623
CopheneticL2Metric_toUnifAvg    0.4512

                 Name         Avg  Std         Min         Max  Count
0     MatchingCluster   74.000000  0.0   74.000000   74.000000      1
1         R-F_Cluster   16.000000  0.0   16.000000   16.000000      1
2       NodalSplitted   45.475268  0.0   45.475268   45.475268      1
3             Triples  967.000000  0.0  967.000000  967.000000      1
4        MatchingPair  154.000000  0.0  154.000000  154.000000      1
5                MAST   13.000000  0.0   13.000000   13.000000      1
6  CopheneticL2Metric   30.463092  0.0   30.463092   30.463092      1
