
                            < M A T L A B (R) >
                  Copyright 1984-2017 The MathWorks, Inc.
                   R2017a (9.2.0.538062) 64-bit (glnxa64)
                             February 23, 2017

 
To get started, type one of these: helpwin, helpdesk, or demo.
For product information, visit www.mathworks.com.
 
Running "Run1", Seed: 910648
 *** Finished Simulation Run ***

config-18.json #############################################

[#.........] | Progress: 1 | Time: 0.0s | ETA: --[.#........] | Progress: 158 | Time: 0.1s | ETA: --[..#.......] | Progress: 327 | Time: 0.1s | ETA: --[...#......] | Progress: 505 | Time: 0.2s | ETA: --[....#.....] | Progress: 712 | Time: 0.2s | ETA: --[##########] | Progress: 900 | Time: 0.3s | ETA: --fit<>, fid</home/chun/projects/clineage-simulation/analysis/tmc-910648/tmc-003/case-18/triplets-list.raw.txt>, flg<treeReconstruction.log>, frt<resTree.tree>, frtN</home/chun/projects/clineage-simulation/analysis/tmc-910648/tmc-003/case-18/reconstructed.tmp.newick>, fsd<qqq.dat>, fst<simul.tree>, -->index=2
Read triplets from file...
Read triplets from file...Finished
N_triplets = 827, idMaxFound = 21
treeBuildBasedOnTriplets_run...
make_isTogetherInTripletAndDeleteExtraTriplets: Finished
maxCut with 21 nodes: Finished
maxCut with 5 nodes: Finished
maxCut with 16 nodes: Finished
maxCut with 11 nodes: Finished
maxCut with 8 nodes: Finished
maxCut with 6 nodes: Finished
treeBuildBasedOnTriplets_run...Finished
Saving tree to file...
Saving tree to file...Finished

                            < M A T L A B (R) >
                  Copyright 1984-2017 The MathWorks, Inc.
                   R2017a (9.2.0.538062) 64-bit (glnxa64)
                             February 23, 2017

 
To get started, type one of these: helpwin, helpdesk, or demo.
For product information, visit www.mathworks.com.
 
TreeCmp version build2

Active options:
Type of the analysis:  ref-to-all comparison mode (-r)
Metrics:
  1. MatchingCluster (mc)
  2. R-F_Cluster (rc)
  3. NodalSplitted (ns)
  4. Triples (tt)
  5. MatchingPair (mp)
  6. MAST (mt)
  7. CopheneticL2Metric (co)
Input file: /home/chun/projects/clineage-simulation/analysis/tmc-910648/tmc-003/case-18/reconstructed.newick
Output file: /home/chun/projects/clineage-simulation/analysis/tmc-910648/tmc-003/case-18/scores.raw.out
Additional options:
N - Report normalized distances.
P - Prune compared trees if needed (trees can have different leaf sets).
I - Include summary section in the output file.
-----
2018-06-19 08:04:13: Start of reading random statistics.
2018-06-19 08:04:13: End of reading random statistics.
2018-06-19 08:04:13: Start of scanning input file: /home/chun/projects/clineage-simulation/analysis/tmc-910648/tmc-003/case-18/reconstructed.newick
2018-06-19 08:04:13: End of scanning input file: /home/chun/projects/clineage-simulation/analysis/tmc-910648/tmc-003/case-18/reconstructed.newick
2018-06-19 08:04:13: 1 valid trees found in file: /home/chun/projects/clineage-simulation/analysis/tmc-910648/tmc-003/case-18/reconstructed.newick
2018-06-19 08:04:14: Start of calculation...please wait...
2018-06-19 08:04:14: 0.00% completed...
2018-06-19 08:04:14: 100.00% completed.
2018-06-19 08:04:14: End of calculation.
2018-06-19 08:04:14: Total calculation time: 31 ms.
                               metrics
No                              1.0000
RefTree                         1.0000
Tree                            1.0000
RefTree_taxa                   21.0000
Tree_taxa                      21.0000
Common_taxa                    21.0000
MatchingCluster                63.0000
MatchingCluster_toYuleAvg       0.6878
MatchingCluster_toUnifAvg       0.5956
R-F_Cluster                    15.5000
R-F_Cluster_toYuleAvg           0.8257
R-F_Cluster_toUnifAvg           0.8223
NodalSplitted                  37.2022
NodalSplitted_toYuleAvg         0.6042
NodalSplitted_toUnifAvg         0.4780
Triples                       821.0000
Triples_toYuleAvg               0.9246
Triples_toUnifAvg               0.9263
MatchingPair                  138.0000
MatchingPair_toYuleAvg          0.9240
MatchingPair_toUnifAvg          0.9427
MAST                           12.0000
MAST_toYuleAvg                  0.8466
MAST_toUnifAvg                  0.8406
CopheneticL2Metric             26.0000
CopheneticL2Metric_toYuleAvg    0.5464
CopheneticL2Metric_toUnifAvg    0.4501

                 Name        Avg  Std        Min        Max  Count
0     MatchingCluster   63.00000  0.0   63.00000   63.00000      1
1         R-F_Cluster   15.50000  0.0   15.50000   15.50000      1
2       NodalSplitted   37.20215  0.0   37.20215   37.20215      1
3             Triples  821.00000  0.0  821.00000  821.00000      1
4        MatchingPair  138.00000  0.0  138.00000  138.00000      1
5                MAST   12.00000  0.0   12.00000   12.00000      1
6  CopheneticL2Metric   26.00000  0.0   26.00000   26.00000      1
