
                            < M A T L A B (R) >
                  Copyright 1984-2017 The MathWorks, Inc.
                   R2017a (9.2.0.538062) 64-bit (glnxa64)
                             February 23, 2017

 
To get started, type one of these: helpwin, helpdesk, or demo.
For product information, visit www.mathworks.com.
 
Running "Run1", Seed: 910648
 *** Finished Simulation Run ***

config-13.json #############################################

[#.........] | Progress: 1 | Time: 0.0s | ETA: --[.#........] | Progress: 205 | Time: 0.1s | ETA: --[##########] | Progress: 385 | Time: 0.1s | ETA: --fit<>, fid</home/chun/projects/clineage-simulation/analysis/tmc-910648/tmc-003/case-13/triplets-list.raw.txt>, flg<treeReconstruction.log>, frt<resTree.tree>, frtN</home/chun/projects/clineage-simulation/analysis/tmc-910648/tmc-003/case-13/reconstructed.tmp.newick>, fsd<qqq.dat>, fst<simul.tree>, -->index=2
Read triplets from file...
Read triplets from file...Finished
N_triplets = 351, idMaxFound = 16
treeBuildBasedOnTriplets_run...
make_isTogetherInTripletAndDeleteExtraTriplets: Finished
maxCut with 16 nodes: Finished
maxCut with 15 nodes: Finished
maxCut with 10 nodes: Finished
maxCut with 9 nodes: Finished
maxCut with 5 nodes: Finished
treeBuildBasedOnTriplets_run...Finished
Saving tree to file...
Saving tree to file...Finished

                            < M A T L A B (R) >
                  Copyright 1984-2017 The MathWorks, Inc.
                   R2017a (9.2.0.538062) 64-bit (glnxa64)
                             February 23, 2017

 
To get started, type one of these: helpwin, helpdesk, or demo.
For product information, visit www.mathworks.com.
 
TreeCmp version build2

Active options:
Type of the analysis:  ref-to-all comparison mode (-r)
Metrics:
  1. MatchingCluster (mc)
  2. R-F_Cluster (rc)
  3. NodalSplitted (ns)
  4. Triples (tt)
  5. MatchingPair (mp)
  6. MAST (mt)
  7. CopheneticL2Metric (co)
Input file: /home/chun/projects/clineage-simulation/analysis/tmc-910648/tmc-003/case-13/reconstructed.newick
Output file: /home/chun/projects/clineage-simulation/analysis/tmc-910648/tmc-003/case-13/scores.raw.out
Additional options:
N - Report normalized distances.
P - Prune compared trees if needed (trees can have different leaf sets).
I - Include summary section in the output file.
-----
2018-06-19 08:04:06: Start of reading random statistics.
2018-06-19 08:04:06: End of reading random statistics.
2018-06-19 08:04:06: Start of scanning input file: /home/chun/projects/clineage-simulation/analysis/tmc-910648/tmc-003/case-13/reconstructed.newick
2018-06-19 08:04:06: End of scanning input file: /home/chun/projects/clineage-simulation/analysis/tmc-910648/tmc-003/case-13/reconstructed.newick
2018-06-19 08:04:06: 1 valid trees found in file: /home/chun/projects/clineage-simulation/analysis/tmc-910648/tmc-003/case-13/reconstructed.newick
2018-06-19 08:04:06: Start of calculation...please wait...
2018-06-19 08:04:06: 0.00% completed...
2018-06-19 08:04:06: 100.00% completed.
2018-06-19 08:04:06: End of calculation.
2018-06-19 08:04:06: Total calculation time: 22 ms.
                               metrics
No                              1.0000
RefTree                         1.0000
Tree                            1.0000
RefTree_taxa                   16.0000
Tree_taxa                      16.0000
Common_taxa                    16.0000
MatchingCluster                44.0000
MatchingCluster_toYuleAvg       0.7529
MatchingCluster_toUnifAvg       0.6815
R-F_Cluster                    11.5000
R-F_Cluster_toYuleAvg           0.8350
R-F_Cluster_toUnifAvg           0.8318
NodalSplitted                  30.3315
NodalSplitted_toYuleAvg         0.7206
NodalSplitted_toUnifAvg         0.6163
Triples                       343.0000
Triples_toYuleAvg               0.9193
Triples_toUnifAvg               0.9216
MatchingPair                   69.0000
MatchingPair_toYuleAvg          0.8449
MatchingPair_toUnifAvg          0.8621
MAST                            7.0000
MAST_toYuleAvg                  0.6955
MAST_toUnifAvg                  0.6913
CopheneticL2Metric             24.3105
CopheneticL2Metric_toYuleAvg    0.7397
CopheneticL2Metric_toUnifAvg    0.6536

                 Name         Avg  Std         Min         Max  Count
0     MatchingCluster   44.000000  0.0   44.000000   44.000000      1
1         R-F_Cluster   11.500000  0.0   11.500000   11.500000      1
2       NodalSplitted   30.331502  0.0   30.331502   30.331502      1
3             Triples  343.000000  0.0  343.000000  343.000000      1
4        MatchingPair   69.000000  0.0   69.000000   69.000000      1
5                MAST    7.000000  0.0    7.000000    7.000000      1
6  CopheneticL2Metric   24.310492  0.0   24.310492   24.310492      1
