
                            < M A T L A B (R) >
                  Copyright 1984-2017 The MathWorks, Inc.
                   R2017a (9.2.0.538062) 64-bit (glnxa64)
                             February 23, 2017

 
To get started, type one of these: helpwin, helpdesk, or demo.
For product information, visit www.mathworks.com.
 
Running "Run1", Seed: 910648
 *** Finished Simulation Run ***

config-08.json #############################################

[#.........] | Progress: 1 | Time: 0.0s | ETA: --[##########] | Progress: 112 | Time: 0.0s | ETA: --fit<>, fid</home/chun/projects/clineage-simulation/analysis/tmc-910648/tmc-003/case-08/triplets-list.raw.txt>, flg<treeReconstruction.log>, frt<resTree.tree>, frtN</home/chun/projects/clineage-simulation/analysis/tmc-910648/tmc-003/case-08/reconstructed.tmp.newick>, fsd<qqq.dat>, fst<simul.tree>, -->index=2
Read triplets from file...
Read triplets from file...Finished
N_triplets = 72, idMaxFound = 11
treeBuildBasedOnTriplets_run...
make_isTogetherInTripletAndDeleteExtraTriplets: Finished
maxCut with 10 nodes: Finished
maxCut with 8 nodes: Finished
maxCut with 5 nodes: Finished
treeBuildBasedOnTriplets_run...Finished
Saving tree to file...
Saving tree to file...Finished

                            < M A T L A B (R) >
                  Copyright 1984-2017 The MathWorks, Inc.
                   R2017a (9.2.0.538062) 64-bit (glnxa64)
                             February 23, 2017

 
To get started, type one of these: helpwin, helpdesk, or demo.
For product information, visit www.mathworks.com.
 
TreeCmp version build2

Active options:
Type of the analysis:  ref-to-all comparison mode (-r)
Metrics:
  1. MatchingCluster (mc)
  2. R-F_Cluster (rc)
  3. NodalSplitted (ns)
  4. Triples (tt)
  5. MatchingPair (mp)
  6. MAST (mt)
  7. CopheneticL2Metric (co)
Input file: /home/chun/projects/clineage-simulation/analysis/tmc-910648/tmc-003/case-08/reconstructed.newick
Output file: /home/chun/projects/clineage-simulation/analysis/tmc-910648/tmc-003/case-08/scores.raw.out
Additional options:
N - Report normalized distances.
P - Prune compared trees if needed (trees can have different leaf sets).
I - Include summary section in the output file.
-----
2018-06-19 08:04:14: Start of reading random statistics.
2018-06-19 08:04:14: End of reading random statistics.
2018-06-19 08:04:14: Start of scanning input file: /home/chun/projects/clineage-simulation/analysis/tmc-910648/tmc-003/case-08/reconstructed.newick
2018-06-19 08:04:14: End of scanning input file: /home/chun/projects/clineage-simulation/analysis/tmc-910648/tmc-003/case-08/reconstructed.newick
2018-06-19 08:04:14: 1 valid trees found in file: /home/chun/projects/clineage-simulation/analysis/tmc-910648/tmc-003/case-08/reconstructed.newick
2018-06-19 08:04:14: Start of calculation...please wait...
2018-06-19 08:04:14: 0.00% completed...
2018-06-19 08:04:14: 100.00% completed.
2018-06-19 08:04:14: End of calculation.
2018-06-19 08:04:14: Total calculation time: 27 ms.
                              metrics
No                             1.0000
RefTree                        1.0000
Tree                           1.0000
RefTree_taxa                  11.0000
Tree_taxa                     11.0000
Common_taxa                   11.0000
MatchingCluster               24.0000
MatchingCluster_toYuleAvg      0.7908
MatchingCluster_toUnifAvg      0.7511
R-F_Cluster                    7.5000
R-F_Cluster_toYuleAvg          0.8586
R-F_Cluster_toUnifAvg          0.8520
NodalSplitted                 18.8149
NodalSplitted_toYuleAvg        0.7928
NodalSplitted_toUnifAvg        0.7339
Triples                       91.0000
Triples_toYuleAvg              0.8280
Triples_toUnifAvg              0.8257
MatchingPair                  29.0000
MatchingPair_toYuleAvg         0.8443
MatchingPair_toUnifAvg         0.8515
MAST                           5.0000
MAST_toYuleAvg                 0.8092
MAST_toUnifAvg                 0.8080
CopheneticL2Metric            14.5258
CopheneticL2Metric_toYuleAvg   0.7621
CopheneticL2Metric_toUnifAvg   0.7064

                 Name        Avg  Std        Min        Max  Count
0     MatchingCluster  24.000000  0.0  24.000000  24.000000      1
1         R-F_Cluster   7.500000  0.0   7.500000   7.500000      1
2       NodalSplitted  18.814888  0.0  18.814888  18.814888      1
3             Triples  91.000000  0.0  91.000000  91.000000      1
4        MatchingPair  29.000000  0.0  29.000000  29.000000      1
5                MAST   5.000000  0.0   5.000000   5.000000      1
6  CopheneticL2Metric  14.525839  0.0  14.525839  14.525839      1
