
                            < M A T L A B (R) >
                  Copyright 1984-2017 The MathWorks, Inc.
                   R2017a (9.2.0.538062) 64-bit (glnxa64)
                             February 23, 2017

 
To get started, type one of these: helpwin, helpdesk, or demo.
For product information, visit www.mathworks.com.
 
Running "Run1", Seed: 910648
 *** Finished Simulation Run ***

config-14.json #############################################

[#.........] | Progress: 1 | Time: 0.0s | ETA: --[.#........] | Progress: 299 | Time: 0.1s | ETA: --[##########] | Progress: 489 | Time: 0.1s | ETA: --fit<>, fid</home/chun/projects/clineage-simulation/analysis/tmc-910648/tmc-003/case-14/triplets-list.raw.txt>, flg<treeReconstruction.log>, frt<resTree.tree>, frtN</home/chun/projects/clineage-simulation/analysis/tmc-910648/tmc-003/case-14/reconstructed.tmp.newick>, fsd<qqq.dat>, fst<simul.tree>, -->index=2
Read triplets from file...
Read triplets from file...Finished
N_triplets = 427, idMaxFound = 17
treeBuildBasedOnTriplets_run...
make_isTogetherInTripletAndDeleteExtraTriplets: Finished
maxCut with 17 nodes: Finished
maxCut with 11 nodes: Finished
maxCut with 10 nodes: Finished
maxCut with 6 nodes: Finished
treeBuildBasedOnTriplets_run...Finished
Saving tree to file...
Saving tree to file...Finished

                            < M A T L A B (R) >
                  Copyright 1984-2017 The MathWorks, Inc.
                   R2017a (9.2.0.538062) 64-bit (glnxa64)
                             February 23, 2017

 
To get started, type one of these: helpwin, helpdesk, or demo.
For product information, visit www.mathworks.com.
 
TreeCmp version build2

Active options:
Type of the analysis:  ref-to-all comparison mode (-r)
Metrics:
  1. MatchingCluster (mc)
  2. R-F_Cluster (rc)
  3. NodalSplitted (ns)
  4. Triples (tt)
  5. MatchingPair (mp)
  6. MAST (mt)
  7. CopheneticL2Metric (co)
Input file: /home/chun/projects/clineage-simulation/analysis/tmc-910648/tmc-003/case-14/reconstructed.newick
Output file: /home/chun/projects/clineage-simulation/analysis/tmc-910648/tmc-003/case-14/scores.raw.out
Additional options:
N - Report normalized distances.
P - Prune compared trees if needed (trees can have different leaf sets).
I - Include summary section in the output file.
-----
2018-06-19 08:04:08: Start of reading random statistics.
2018-06-19 08:04:08: End of reading random statistics.
2018-06-19 08:04:08: Start of scanning input file: /home/chun/projects/clineage-simulation/analysis/tmc-910648/tmc-003/case-14/reconstructed.newick
2018-06-19 08:04:08: End of scanning input file: /home/chun/projects/clineage-simulation/analysis/tmc-910648/tmc-003/case-14/reconstructed.newick
2018-06-19 08:04:08: 1 valid trees found in file: /home/chun/projects/clineage-simulation/analysis/tmc-910648/tmc-003/case-14/reconstructed.newick
2018-06-19 08:04:08: Start of calculation...please wait...
2018-06-19 08:04:08: 0.00% completed...
2018-06-19 08:04:08: 100.00% completed.
2018-06-19 08:04:08: End of calculation.
2018-06-19 08:04:08: Total calculation time: 26 ms.
                               metrics
No                              1.0000
RefTree                         1.0000
Tree                            1.0000
RefTree_taxa                   17.0000
Tree_taxa                      17.0000
Common_taxa                    17.0000
MatchingCluster                49.0000
MatchingCluster_toYuleAvg       0.7581
MatchingCluster_toUnifAvg       0.6741
R-F_Cluster                    11.5000
R-F_Cluster_toYuleAvg           0.7785
R-F_Cluster_toUnifAvg           0.7747
NodalSplitted                  34.1760
NodalSplitted_toYuleAvg         0.7456
NodalSplitted_toUnifAvg         0.6242
Triples                       426.0000
Triples_toYuleAvg               0.9383
Triples_toUnifAvg               0.9367
MatchingPair                   78.0000
MatchingPair_toYuleAvg          0.8348
MatchingPair_toUnifAvg          0.8479
MAST                            8.0000
MAST_toYuleAvg                  0.7357
MAST_toUnifAvg                  0.7307
CopheneticL2Metric             23.2809
CopheneticL2Metric_toYuleAvg    0.6482
CopheneticL2Metric_toUnifAvg    0.5632

                 Name         Avg  Std         Min         Max  Count
0     MatchingCluster   49.000000  0.0   49.000000   49.000000      1
1         R-F_Cluster   11.500000  0.0   11.500000   11.500000      1
2       NodalSplitted   34.176015  0.0   34.176015   34.176015      1
3             Triples  426.000000  0.0  426.000000  426.000000      1
4        MatchingPair   78.000000  0.0   78.000000   78.000000      1
5                MAST    8.000000  0.0    8.000000    8.000000      1
6  CopheneticL2Metric   23.280893  0.0   23.280893   23.280893      1
