                               metrics
No                              1.0000
RefTree                         1.0000
Tree                            1.0000
RefTree_taxa                   17.0000
Tree_taxa                      17.0000
Common_taxa                    17.0000
MatchingCluster                22.0000
MatchingCluster_toYuleAvg       0.3404
MatchingCluster_toUnifAvg       0.3026
R-F_Cluster                     8.5000
R-F_Cluster_toYuleAvg           0.5754
R-F_Cluster_toUnifAvg           0.5726
NodalSplitted                  18.5472
NodalSplitted_toYuleAvg         0.4046
NodalSplitted_toUnifAvg         0.3387
Triples                       113.0000
Triples_toYuleAvg               0.2489
Triples_toUnifAvg               0.2485
MatchingPair                   34.0000
MatchingPair_toYuleAvg          0.3639
MatchingPair_toUnifAvg          0.3696
MAST                            6.0000
MAST_toYuleAvg                  0.5518
MAST_toUnifAvg                  0.5480
CopheneticL2Metric             10.3441
CopheneticL2Metric_toYuleAvg    0.2880
CopheneticL2Metric_toUnifAvg    0.2502

                 Name         Avg  Std         Min         Max  Count
0     MatchingCluster   22.000000  0.0   22.000000   22.000000      1
1         R-F_Cluster    8.500000  0.0    8.500000    8.500000      1
2       NodalSplitted   18.547237  0.0   18.547237   18.547237      1
3             Triples  113.000000  0.0  113.000000  113.000000      1
4        MatchingPair   34.000000  0.0   34.000000   34.000000      1
5                MAST    6.000000  0.0    6.000000    6.000000      1
6  CopheneticL2Metric   10.344080  0.0   10.344080   10.344080      1
