                              metrics
No                             1.0000
RefTree                        1.0000
Tree                           1.0000
RefTree_taxa                  14.0000
Tree_taxa                     14.0000
Common_taxa                   14.0000
MatchingCluster               15.0000
MatchingCluster_toYuleAvg      0.3211
MatchingCluster_toUnifAvg      0.2973
R-F_Cluster                    4.0000
R-F_Cluster_toYuleAvg          0.3397
R-F_Cluster_toUnifAvg          0.3386
NodalSplitted                 16.0312
NodalSplitted_toYuleAvg        0.4614
NodalSplitted_toUnifAvg        0.4105
Triples                       21.0000
Triples_toYuleAvg              0.0864
Triples_toUnifAvg              0.0866
MatchingPair                  12.0000
MatchingPair_toYuleAvg         0.1996
MatchingPair_toUnifAvg         0.2032
MAST                           5.0000
MAST_toYuleAvg                 0.5893
MAST_toUnifAvg                 0.5836
CopheneticL2Metric             7.6158
CopheneticL2Metric_toYuleAvg   0.2782
CopheneticL2Metric_toUnifAvg   0.2496

                 Name        Avg  Std        Min        Max  Count
0     MatchingCluster  15.000000  0.0  15.000000  15.000000      1
1         R-F_Cluster   4.000000  0.0   4.000000   4.000000      1
2       NodalSplitted  16.031220  0.0  16.031220  16.031220      1
3             Triples  21.000000  0.0  21.000000  21.000000      1
4        MatchingPair  12.000000  0.0  12.000000  12.000000      1
5                MAST   5.000000  0.0   5.000000   5.000000      1
6  CopheneticL2Metric   7.615773  0.0   7.615773   7.615773      1
