                               metrics
No                              1.0000
RefTree                         1.0000
Tree                            1.0000
RefTree_taxa                   22.0000
Tree_taxa                      22.0000
Common_taxa                    22.0000
MatchingCluster                37.0000
MatchingCluster_toYuleAvg       0.3744
MatchingCluster_toUnifAvg       0.3195
R-F_Cluster                     7.0000
R-F_Cluster_toYuleAvg           0.3541
R-F_Cluster_toUnifAvg           0.3525
NodalSplitted                  28.5482
NodalSplitted_toYuleAvg         0.4286
NodalSplitted_toUnifAvg         0.3356
Triples                       370.0000
Triples_toYuleAvg               0.3606
Triples_toUnifAvg               0.3595
MatchingPair                   94.0000
MatchingPair_toYuleAvg          0.5706
MatchingPair_toUnifAvg          0.5805
MAST                            9.0000
MAST_toYuleAvg                  0.6001
MAST_toUnifAvg                  0.5957
CopheneticL2Metric             16.5227
CopheneticL2Metric_toYuleAvg    0.3251
CopheneticL2Metric_toUnifAvg    0.2633

                 Name         Avg  Std         Min         Max  Count
0     MatchingCluster   37.000000  0.0   37.000000   37.000000      1
1         R-F_Cluster    7.000000  0.0    7.000000    7.000000      1
2       NodalSplitted   28.548205  0.0   28.548205   28.548205      1
3             Triples  370.000000  0.0  370.000000  370.000000      1
4        MatchingPair   94.000000  0.0   94.000000   94.000000      1
5                MAST    9.000000  0.0    9.000000    9.000000      1
6  CopheneticL2Metric   16.522712  0.0   16.522712   16.522712      1
