
                            < M A T L A B (R) >
                  Copyright 1984-2017 The MathWorks, Inc.
                   R2017a (9.2.0.538062) 64-bit (glnxa64)
                             February 23, 2017

 
To get started, type one of these: helpwin, helpdesk, or demo.
For product information, visit www.mathworks.com.
 
Running "Run1", Seed: 875887
 *** Finished Simulation Run ***

config-18.json #############################################

[#.........] | Progress: 1 | Time: 0.0s | ETA: --[.#........] | Progress: 241 | Time: 0.1s | ETA: --[..#.......] | Progress: 493 | Time: 0.1s | ETA: --[...#......] | Progress: 746 | Time: 0.2s | ETA: --[##########] | Progress: 907 | Time: 0.2s | ETA: --fit<>, fid</home/chun/projects/clineage-simulation/analysis/tmc-875887/tmc-004/case-18/triplets-list.raw.txt>, flg<treeReconstruction.log>, frt<resTree.tree>, frtN</home/chun/projects/clineage-simulation/analysis/tmc-875887/tmc-004/case-18/reconstructed.tmp.newick>, fsd<qqq.dat>, fst<simul.tree>, -->index=2
Read triplets from file...
Read triplets from file...Finished
N_triplets = 895, idMaxFound = 21
treeBuildBasedOnTriplets_run...
make_isTogetherInTripletAndDeleteExtraTriplets: Finished
maxCut with 21 nodes: Finished
maxCut with 15 nodes: Finished
maxCut with 5 nodes: Finished
maxCut with 4 nodes: Finished
maxCut with 10 nodes: Finished
treeBuildBasedOnTriplets_run...Finished
Saving tree to file...
Saving tree to file...Finished

                            < M A T L A B (R) >
                  Copyright 1984-2017 The MathWorks, Inc.
                   R2017a (9.2.0.538062) 64-bit (glnxa64)
                             February 23, 2017

 
To get started, type one of these: helpwin, helpdesk, or demo.
For product information, visit www.mathworks.com.
 
TreeCmp version build2

Active options:
Type of the analysis:  ref-to-all comparison mode (-r)
Metrics:
  1. MatchingCluster (mc)
  2. R-F_Cluster (rc)
  3. NodalSplitted (ns)
  4. Triples (tt)
  5. MatchingPair (mp)
  6. MAST (mt)
  7. CopheneticL2Metric (co)
Input file: /home/chun/projects/clineage-simulation/analysis/tmc-875887/tmc-004/case-18/reconstructed.newick
Output file: /home/chun/projects/clineage-simulation/analysis/tmc-875887/tmc-004/case-18/scores.raw.out
Additional options:
N - Report normalized distances.
P - Prune compared trees if needed (trees can have different leaf sets).
I - Include summary section in the output file.
-----
2018-06-18 21:26:53: Start of reading random statistics.
2018-06-18 21:26:53: End of reading random statistics.
2018-06-18 21:26:53: Start of scanning input file: /home/chun/projects/clineage-simulation/analysis/tmc-875887/tmc-004/case-18/reconstructed.newick
2018-06-18 21:26:53: End of scanning input file: /home/chun/projects/clineage-simulation/analysis/tmc-875887/tmc-004/case-18/reconstructed.newick
2018-06-18 21:26:53: 1 valid trees found in file: /home/chun/projects/clineage-simulation/analysis/tmc-875887/tmc-004/case-18/reconstructed.newick
2018-06-18 21:26:53: Start of calculation...please wait...
2018-06-18 21:26:53: 0.00% completed...
2018-06-18 21:26:53: 100.00% completed.
2018-06-18 21:26:53: End of calculation.
2018-06-18 21:26:53: Total calculation time: 23 ms.
                               metrics
No                              1.0000
RefTree                         1.0000
Tree                            1.0000
RefTree_taxa                   21.0000
Tree_taxa                      21.0000
Common_taxa                    21.0000
MatchingCluster                34.0000
MatchingCluster_toYuleAvg       0.3712
MatchingCluster_toUnifAvg       0.3214
R-F_Cluster                     8.5000
R-F_Cluster_toYuleAvg           0.4528
R-F_Cluster_toUnifAvg           0.4509
NodalSplitted                  27.8209
NodalSplitted_toYuleAvg         0.4518
NodalSplitted_toUnifAvg         0.3574
Triples                       150.0000
Triples_toYuleAvg               0.1689
Triples_toUnifAvg               0.1692
MatchingPair                   37.0000
MatchingPair_toYuleAvg          0.2477
MatchingPair_toUnifAvg          0.2528
MAST                            9.0000
MAST_toYuleAvg                  0.6349
MAST_toUnifAvg                  0.6304
CopheneticL2Metric             13.0000
CopheneticL2Metric_toYuleAvg    0.2732
CopheneticL2Metric_toUnifAvg    0.2250

                 Name         Avg  Std         Min         Max  Count
0     MatchingCluster   34.000000  0.0   34.000000   34.000000      1
1         R-F_Cluster    8.500000  0.0    8.500000    8.500000      1
2       NodalSplitted   27.820855  0.0   27.820855   27.820855      1
3             Triples  150.000000  0.0  150.000000  150.000000      1
4        MatchingPair   37.000000  0.0   37.000000   37.000000      1
5                MAST    9.000000  0.0    9.000000    9.000000      1
6  CopheneticL2Metric   13.000000  0.0   13.000000   13.000000      1
