
                            < M A T L A B (R) >
                  Copyright 1984-2017 The MathWorks, Inc.
                   R2017a (9.2.0.538062) 64-bit (glnxa64)
                             February 23, 2017

 
To get started, type one of these: helpwin, helpdesk, or demo.
For product information, visit www.mathworks.com.
 
Running "Run1", Seed: 875887
 *** Finished Simulation Run ***

config-14.json #############################################

[#.........] | Progress: 1 | Time: 0.0s | ETA: --[.#........] | Progress: 110 | Time: 0.1s | ETA: --[..#.......] | Progress: 292 | Time: 0.1s | ETA: --[...#......] | Progress: 477 | Time: 0.2s | ETA: --[##########] | Progress: 481 | Time: 0.2s | ETA: --fit<>, fid</home/chun/projects/clineage-simulation/analysis/tmc-875887/tmc-004/case-14/triplets-list.raw.txt>, flg<treeReconstruction.log>, frt<resTree.tree>, frtN</home/chun/projects/clineage-simulation/analysis/tmc-875887/tmc-004/case-14/reconstructed.tmp.newick>, fsd<qqq.dat>, fst<simul.tree>, -->index=2
Read triplets from file...
Read triplets from file...Finished
N_triplets = 477, idMaxFound = 17
treeBuildBasedOnTriplets_run...
make_isTogetherInTripletAndDeleteExtraTriplets: Finished
maxCut with 17 nodes: Finished
maxCut with 12 nodes: Finished
treeBuildBasedOnTriplets_run...Finished
Saving tree to file...
Saving tree to file...Finished

                            < M A T L A B (R) >
                  Copyright 1984-2017 The MathWorks, Inc.
                   R2017a (9.2.0.538062) 64-bit (glnxa64)
                             February 23, 2017

 
To get started, type one of these: helpwin, helpdesk, or demo.
For product information, visit www.mathworks.com.
 
TreeCmp version build2

Active options:
Type of the analysis:  ref-to-all comparison mode (-r)
Metrics:
  1. MatchingCluster (mc)
  2. R-F_Cluster (rc)
  3. NodalSplitted (ns)
  4. Triples (tt)
  5. MatchingPair (mp)
  6. MAST (mt)
  7. CopheneticL2Metric (co)
Input file: /home/chun/projects/clineage-simulation/analysis/tmc-875887/tmc-004/case-14/reconstructed.newick
Output file: /home/chun/projects/clineage-simulation/analysis/tmc-875887/tmc-004/case-14/scores.raw.out
Additional options:
N - Report normalized distances.
P - Prune compared trees if needed (trees can have different leaf sets).
I - Include summary section in the output file.
-----
2018-06-18 21:26:58: Start of reading random statistics.
2018-06-18 21:26:59: End of reading random statistics.
2018-06-18 21:26:59: Start of scanning input file: /home/chun/projects/clineage-simulation/analysis/tmc-875887/tmc-004/case-14/reconstructed.newick
2018-06-18 21:26:59: End of scanning input file: /home/chun/projects/clineage-simulation/analysis/tmc-875887/tmc-004/case-14/reconstructed.newick
2018-06-18 21:26:59: 1 valid trees found in file: /home/chun/projects/clineage-simulation/analysis/tmc-875887/tmc-004/case-14/reconstructed.newick
2018-06-18 21:26:59: Start of calculation...please wait...
2018-06-18 21:26:59: 0.00% completed...
2018-06-18 21:26:59: 100.00% completed.
2018-06-18 21:26:59: End of calculation.
2018-06-18 21:26:59: Total calculation time: 32 ms.
                              metrics
No                             1.0000
RefTree                        1.0000
Tree                           1.0000
RefTree_taxa                  17.0000
Tree_taxa                     17.0000
Common_taxa                   17.0000
MatchingCluster               23.0000
MatchingCluster_toYuleAvg      0.3558
MatchingCluster_toUnifAvg      0.3164
R-F_Cluster                    5.5000
R-F_Cluster_toYuleAvg          0.3723
R-F_Cluster_toUnifAvg          0.3705
NodalSplitted                 20.8806
NodalSplitted_toYuleAvg        0.4556
NodalSplitted_toUnifAvg        0.3813
Triples                       67.0000
Triples_toYuleAvg              0.1476
Triples_toUnifAvg              0.1473
MatchingPair                  32.0000
MatchingPair_toYuleAvg         0.3425
MatchingPair_toUnifAvg         0.3478
MAST                           7.0000
MAST_toYuleAvg                 0.6437
MAST_toUnifAvg                 0.6394
CopheneticL2Metric            10.2956
CopheneticL2Metric_toYuleAvg   0.2867
CopheneticL2Metric_toUnifAvg   0.2491

                 Name        Avg  Std        Min        Max  Count
0     MatchingCluster  23.000000  0.0  23.000000  23.000000      1
1         R-F_Cluster   5.500000  0.0   5.500000   5.500000      1
2       NodalSplitted  20.880613  0.0  20.880613  20.880613      1
3             Triples  67.000000  0.0  67.000000  67.000000      1
4        MatchingPair  32.000000  0.0  32.000000  32.000000      1
5                MAST   7.000000  0.0   7.000000   7.000000      1
6  CopheneticL2Metric  10.295630  0.0  10.295630  10.295630      1
