
                            < M A T L A B (R) >
                  Copyright 1984-2017 The MathWorks, Inc.
                   R2017a (9.2.0.538062) 64-bit (glnxa64)
                             February 23, 2017

 
To get started, type one of these: helpwin, helpdesk, or demo.
For product information, visit www.mathworks.com.
 
Running "Run1", Seed: 875887
 *** Finished Simulation Run ***

config-15.json #############################################

[#.........] | Progress: 1 | Time: 0.0s | ETA: --[.#........] | Progress: 121 | Time: 0.1s | ETA: --[..#.......] | Progress: 244 | Time: 0.1s | ETA: --[...#......] | Progress: 441 | Time: 0.2s | ETA: --[##########] | Progress: 562 | Time: 0.2s | ETA: --fit<>, fid</home/chun/projects/clineage-simulation/analysis/tmc-875887/tmc-004/case-15/triplets-list.raw.txt>, flg<treeReconstruction.log>, frt<resTree.tree>, frtN</home/chun/projects/clineage-simulation/analysis/tmc-875887/tmc-004/case-15/reconstructed.tmp.newick>, fsd<qqq.dat>, fst<simul.tree>, -->index=2
Read triplets from file...
Read triplets from file...Finished
N_triplets = 557, idMaxFound = 18
treeBuildBasedOnTriplets_run...
make_isTogetherInTripletAndDeleteExtraTriplets: Finished
maxCut with 18 nodes: Finished
maxCut with 13 nodes: Finished
maxCut with 10 nodes: Finished
maxCut with 5 nodes: Finished
treeBuildBasedOnTriplets_run...Finished
Saving tree to file...
Saving tree to file...Finished

                            < M A T L A B (R) >
                  Copyright 1984-2017 The MathWorks, Inc.
                   R2017a (9.2.0.538062) 64-bit (glnxa64)
                             February 23, 2017

 
To get started, type one of these: helpwin, helpdesk, or demo.
For product information, visit www.mathworks.com.
 
TreeCmp version build2

Active options:
Type of the analysis:  ref-to-all comparison mode (-r)
Metrics:
  1. MatchingCluster (mc)
  2. R-F_Cluster (rc)
  3. NodalSplitted (ns)
  4. Triples (tt)
  5. MatchingPair (mp)
  6. MAST (mt)
  7. CopheneticL2Metric (co)
Input file: /home/chun/projects/clineage-simulation/analysis/tmc-875887/tmc-004/case-15/reconstructed.newick
Output file: /home/chun/projects/clineage-simulation/analysis/tmc-875887/tmc-004/case-15/scores.raw.out
Additional options:
N - Report normalized distances.
P - Prune compared trees if needed (trees can have different leaf sets).
I - Include summary section in the output file.
-----
2018-06-18 21:26:55: Start of reading random statistics.
2018-06-18 21:26:55: End of reading random statistics.
2018-06-18 21:26:55: Start of scanning input file: /home/chun/projects/clineage-simulation/analysis/tmc-875887/tmc-004/case-15/reconstructed.newick
2018-06-18 21:26:55: End of scanning input file: /home/chun/projects/clineage-simulation/analysis/tmc-875887/tmc-004/case-15/reconstructed.newick
2018-06-18 21:26:55: 1 valid trees found in file: /home/chun/projects/clineage-simulation/analysis/tmc-875887/tmc-004/case-15/reconstructed.newick
2018-06-18 21:26:55: Start of calculation...please wait...
2018-06-18 21:26:55: 0.00% completed...
2018-06-18 21:26:55: 100.00% completed.
2018-06-18 21:26:55: End of calculation.
2018-06-18 21:26:55: Total calculation time: 25 ms.
                              metrics
No                             1.0000
RefTree                        1.0000
Tree                           1.0000
RefTree_taxa                  18.0000
Tree_taxa                     18.0000
Common_taxa                   18.0000
MatchingCluster               24.0000
MatchingCluster_toYuleAvg      0.3378
MatchingCluster_toUnifAvg      0.2984
R-F_Cluster                    6.0000
R-F_Cluster_toYuleAvg          0.3801
R-F_Cluster_toUnifAvg          0.3791
NodalSplitted                 22.9347
NodalSplitted_toYuleAvg        0.4613
NodalSplitted_toUnifAvg        0.3784
Triples                       92.0000
Triples_toYuleAvg              0.1683
Triples_toUnifAvg              0.1694
MatchingPair                  25.0000
MatchingPair_toYuleAvg         0.2350
MatchingPair_toUnifAvg         0.2404
MAST                           8.0000
MAST_toYuleAvg                 0.6816
MAST_toUnifAvg                 0.6798
CopheneticL2Metric            11.4891
CopheneticL2Metric_toYuleAvg   0.2928
CopheneticL2Metric_toUnifAvg   0.2542

                 Name        Avg  Std        Min        Max  Count
0     MatchingCluster  24.000000  0.0  24.000000  24.000000      1
1         R-F_Cluster   6.000000  0.0   6.000000   6.000000      1
2       NodalSplitted  22.934690  0.0  22.934690  22.934690      1
3             Triples  92.000000  0.0  92.000000  92.000000      1
4        MatchingPair  25.000000  0.0  25.000000  25.000000      1
5                MAST   8.000000  0.0   8.000000   8.000000      1
6  CopheneticL2Metric  11.489125  0.0  11.489125  11.489125      1
