
                            < M A T L A B (R) >
                  Copyright 1984-2017 The MathWorks, Inc.
                   R2017a (9.2.0.538062) 64-bit (glnxa64)
                             February 23, 2017

 
To get started, type one of these: helpwin, helpdesk, or demo.
For product information, visit www.mathworks.com.
 
Running "Run1", Seed: 875887
 *** Finished Simulation Run ***

config-16.json #############################################

[#.........] | Progress: 1 | Time: 0.0s | ETA: --[.#........] | Progress: 223 | Time: 0.1s | ETA: --[..#.......] | Progress: 444 | Time: 0.1s | ETA: --[##########] | Progress: 650 | Time: 0.2s | ETA: --fit<>, fid</home/chun/projects/clineage-simulation/analysis/tmc-875887/tmc-004/case-16/triplets-list.raw.txt>, flg<treeReconstruction.log>, frt<resTree.tree>, frtN</home/chun/projects/clineage-simulation/analysis/tmc-875887/tmc-004/case-16/reconstructed.tmp.newick>, fsd<qqq.dat>, fst<simul.tree>, -->index=2
Read triplets from file...
Read triplets from file...Finished
N_triplets = 638, idMaxFound = 19
treeBuildBasedOnTriplets_run...
make_isTogetherInTripletAndDeleteExtraTriplets: Finished
maxCut with 19 nodes: Finished
maxCut with 5 nodes: Finished
maxCut with 14 nodes: Finished
maxCut with 7 nodes: Finished
maxCut with 4 nodes: Finished
maxCut with 7 nodes: Finished
treeBuildBasedOnTriplets_run...Finished
Saving tree to file...
Saving tree to file...Finished

                            < M A T L A B (R) >
                  Copyright 1984-2017 The MathWorks, Inc.
                   R2017a (9.2.0.538062) 64-bit (glnxa64)
                             February 23, 2017

 
To get started, type one of these: helpwin, helpdesk, or demo.
For product information, visit www.mathworks.com.
 
TreeCmp version build2

Active options:
Type of the analysis:  ref-to-all comparison mode (-r)
Metrics:
  1. MatchingCluster (mc)
  2. R-F_Cluster (rc)
  3. NodalSplitted (ns)
  4. Triples (tt)
  5. MatchingPair (mp)
  6. MAST (mt)
  7. CopheneticL2Metric (co)
Input file: /home/chun/projects/clineage-simulation/analysis/tmc-875887/tmc-004/case-16/reconstructed.newick
Output file: /home/chun/projects/clineage-simulation/analysis/tmc-875887/tmc-004/case-16/scores.raw.out
Additional options:
N - Report normalized distances.
P - Prune compared trees if needed (trees can have different leaf sets).
I - Include summary section in the output file.
-----
2018-06-18 21:26:51: Start of reading random statistics.
2018-06-18 21:26:51: End of reading random statistics.
2018-06-18 21:26:51: Start of scanning input file: /home/chun/projects/clineage-simulation/analysis/tmc-875887/tmc-004/case-16/reconstructed.newick
2018-06-18 21:26:51: End of scanning input file: /home/chun/projects/clineage-simulation/analysis/tmc-875887/tmc-004/case-16/reconstructed.newick
2018-06-18 21:26:51: 1 valid trees found in file: /home/chun/projects/clineage-simulation/analysis/tmc-875887/tmc-004/case-16/reconstructed.newick
2018-06-18 21:26:51: Start of calculation...please wait...
2018-06-18 21:26:51: 0.00% completed...
2018-06-18 21:26:51: 100.00% completed.
2018-06-18 21:26:51: End of calculation.
2018-06-18 21:26:51: Total calculation time: 31 ms.
                               metrics
No                              1.0000
RefTree                         1.0000
Tree                            1.0000
RefTree_taxa                   19.0000
Tree_taxa                      19.0000
Common_taxa                    19.0000
MatchingCluster                27.0000
MatchingCluster_toYuleAvg       0.3482
MatchingCluster_toUnifAvg       0.3038
R-F_Cluster                     7.5000
R-F_Cluster_toYuleAvg           0.4479
R-F_Cluster_toUnifAvg           0.4456
NodalSplitted                  23.2379
NodalSplitted_toYuleAvg         0.4321
NodalSplitted_toUnifAvg         0.3522
Triples                       145.0000
Triples_toYuleAvg               0.2253
Triples_toUnifAvg               0.2242
MatchingPair                   42.0000
MatchingPair_toYuleAvg          0.3509
MatchingPair_toUnifAvg          0.3566
MAST                            8.0000
MAST_toYuleAvg                  0.6392
MAST_toUnifAvg                  0.6343
CopheneticL2Metric             10.8628
CopheneticL2Metric_toYuleAvg    0.2573
CopheneticL2Metric_toUnifAvg    0.2206

                 Name        Avg  Std        Min        Max  Count
0     MatchingCluster   27.00000  0.0   27.00000   27.00000      1
1         R-F_Cluster    7.50000  0.0    7.50000    7.50000      1
2       NodalSplitted   23.23790  0.0   23.23790   23.23790      1
3             Triples  145.00000  0.0  145.00000  145.00000      1
4        MatchingPair   42.00000  0.0   42.00000   42.00000      1
5                MAST    8.00000  0.0    8.00000    8.00000      1
6  CopheneticL2Metric   10.86278  0.0   10.86278   10.86278      1
