
                            < M A T L A B (R) >
                  Copyright 1984-2017 The MathWorks, Inc.
                   R2017a (9.2.0.538062) 64-bit (glnxa64)
                             February 23, 2017

 
To get started, type one of these: helpwin, helpdesk, or demo.
For product information, visit www.mathworks.com.
 
Running "Run1", Seed: 875887
 *** Finished Simulation Run ***

config-13.json #############################################

[#.........] | Progress: 1 | Time: 0.0s | ETA: --[.#........] | Progress: 245 | Time: 0.1s | ETA: --[##########] | Progress: 382 | Time: 0.1s | ETA: --fit<>, fid</home/chun/projects/clineage-simulation/analysis/tmc-875887/tmc-004/case-13/triplets-list.raw.txt>, flg<treeReconstruction.log>, frt<resTree.tree>, frtN</home/chun/projects/clineage-simulation/analysis/tmc-875887/tmc-004/case-13/reconstructed.tmp.newick>, fsd<qqq.dat>, fst<simul.tree>, -->index=2
Read triplets from file...
Read triplets from file...Finished
N_triplets = 378, idMaxFound = 16
treeBuildBasedOnTriplets_run...
make_isTogetherInTripletAndDeleteExtraTriplets: Finished
maxCut with 16 nodes: Finished
maxCut with 4 nodes: Finished
maxCut with 12 nodes: Finished
treeBuildBasedOnTriplets_run...Finished
Saving tree to file...
Saving tree to file...Finished

                            < M A T L A B (R) >
                  Copyright 1984-2017 The MathWorks, Inc.
                   R2017a (9.2.0.538062) 64-bit (glnxa64)
                             February 23, 2017

 
To get started, type one of these: helpwin, helpdesk, or demo.
For product information, visit www.mathworks.com.
 
TreeCmp version build2

Active options:
Type of the analysis:  ref-to-all comparison mode (-r)
Metrics:
  1. MatchingCluster (mc)
  2. R-F_Cluster (rc)
  3. NodalSplitted (ns)
  4. Triples (tt)
  5. MatchingPair (mp)
  6. MAST (mt)
  7. CopheneticL2Metric (co)
Input file: /home/chun/projects/clineage-simulation/analysis/tmc-875887/tmc-004/case-13/reconstructed.newick
Output file: /home/chun/projects/clineage-simulation/analysis/tmc-875887/tmc-004/case-13/scores.raw.out
Additional options:
N - Report normalized distances.
P - Prune compared trees if needed (trees can have different leaf sets).
I - Include summary section in the output file.
-----
2018-06-18 21:26:54: Start of reading random statistics.
2018-06-18 21:26:54: End of reading random statistics.
2018-06-18 21:26:54: Start of scanning input file: /home/chun/projects/clineage-simulation/analysis/tmc-875887/tmc-004/case-13/reconstructed.newick
2018-06-18 21:26:54: End of scanning input file: /home/chun/projects/clineage-simulation/analysis/tmc-875887/tmc-004/case-13/reconstructed.newick
2018-06-18 21:26:54: 1 valid trees found in file: /home/chun/projects/clineage-simulation/analysis/tmc-875887/tmc-004/case-13/reconstructed.newick
2018-06-18 21:26:54: Start of calculation...please wait...
2018-06-18 21:26:54: 0.00% completed...
2018-06-18 21:26:55: 100.00% completed.
2018-06-18 21:26:55: End of calculation.
2018-06-18 21:26:55: Total calculation time: 29 ms.
                              metrics
No                             1.0000
RefTree                        1.0000
Tree                           1.0000
RefTree_taxa                  16.0000
Tree_taxa                     16.0000
Common_taxa                   16.0000
MatchingCluster               19.0000
MatchingCluster_toYuleAvg      0.3251
MatchingCluster_toUnifAvg      0.2943
R-F_Cluster                    5.5000
R-F_Cluster_toYuleAvg          0.3994
R-F_Cluster_toUnifAvg          0.3978
NodalSplitted                 16.3401
NodalSplitted_toYuleAvg        0.3882
NodalSplitted_toUnifAvg        0.3320
Triples                       62.0000
Triples_toYuleAvg              0.1662
Triples_toUnifAvg              0.1666
MatchingPair                  28.0000
MatchingPair_toYuleAvg         0.3429
MatchingPair_toUnifAvg         0.3498
MAST                           6.0000
MAST_toYuleAvg                 0.5961
MAST_toUnifAvg                 0.5925
CopheneticL2Metric             9.0000
CopheneticL2Metric_toYuleAvg   0.2739
CopheneticL2Metric_toUnifAvg   0.2420

                 Name        Avg  Std        Min        Max  Count
0     MatchingCluster  19.000000  0.0  19.000000  19.000000      1
1         R-F_Cluster   5.500000  0.0   5.500000   5.500000      1
2       NodalSplitted  16.340135  0.0  16.340135  16.340135      1
3             Triples  62.000000  0.0  62.000000  62.000000      1
4        MatchingPair  28.000000  0.0  28.000000  28.000000      1
5                MAST   6.000000  0.0   6.000000   6.000000      1
6  CopheneticL2Metric   9.000000  0.0   9.000000   9.000000      1
