                              metrics
No                             1.0000
RefTree                        1.0000
Tree                           1.0000
RefTree_taxa                  15.0000
Tree_taxa                     15.0000
Common_taxa                   15.0000
MatchingCluster               14.0000
MatchingCluster_toYuleAvg      0.2705
MatchingCluster_toUnifAvg      0.2437
R-F_Cluster                    3.0000
R-F_Cluster_toYuleAvg          0.2354
R-F_Cluster_toUnifAvg          0.2341
NodalSplitted                 12.7279
NodalSplitted_toYuleAvg        0.3362
NodalSplitted_toUnifAvg        0.2894
Triples                       18.0000
Triples_toYuleAvg              0.0596
Triples_toUnifAvg              0.0595
MatchingPair                  11.0000
MatchingPair_toYuleAvg         0.1564
MatchingPair_toUnifAvg         0.1586
MAST                           3.0000
MAST_toYuleAvg                 0.3250
MAST_toUnifAvg                 0.3200
CopheneticL2Metric             8.0623
CopheneticL2Metric_toYuleAvg   0.2690
CopheneticL2Metric_toUnifAvg   0.2380

                 Name        Avg  Std        Min        Max  Count
0     MatchingCluster  14.000000  0.0  14.000000  14.000000      1
1         R-F_Cluster   3.000000  0.0   3.000000   3.000000      1
2       NodalSplitted  12.727922  0.0  12.727922  12.727922      1
3             Triples  18.000000  0.0  18.000000  18.000000      1
4        MatchingPair  11.000000  0.0  11.000000  11.000000      1
5                MAST   3.000000  0.0   3.000000   3.000000      1
6  CopheneticL2Metric   8.062258  0.0   8.062258   8.062258      1
