
                            < M A T L A B (R) >
                  Copyright 1984-2017 The MathWorks, Inc.
                   R2017a (9.2.0.538062) 64-bit (glnxa64)
                             February 23, 2017

 
To get started, type one of these: helpwin, helpdesk, or demo.
For product information, visit www.mathworks.com.
 
Running "Run1", Seed: 875887
 *** Finished Simulation Run ***

config-06.json #############################################

[#.........] | Progress: 1 | Time: 0.0s | ETA: --[.#........] | Progress: 6 | Time: 0.1s | ETA: --[..#.......] | Progress: 11 | Time: 0.1s | ETA: --[...#......] | Progress: 16 | Time: 0.2s | ETA: --[....#.....] | Progress: 21 | Time: 0.2s | ETA: --[.....#....] | Progress: 26 | Time: 0.3s | ETA: --[......#...] | Progress: 31 | Time: 0.3s | ETA: --[.......#..] | Progress: 36 | Time: 0.4s | ETA: --[........#.] | Progress: 41 | Time: 0.5s | ETA: --[.........#] | Progress: 46 | Time: 0.5s | ETA: --[........#.] | Progress: 51 | Time: 0.6s | ETA: --[.......#..] | Progress: 57 | Time: 0.6s | ETA: --[......#...] | Progress: 63 | Time: 0.7s | ETA: --[##########] | Progress: 64 | Time: 0.7s | ETA: --fit<>, fid</home/chun/projects/clineage-simulation/analysis/tmc/tmc-010/case-06/triplets-list.raw.txt>, flg<treeReconstruction.log>, frt<resTree.tree>, frtN</home/chun/projects/clineage-simulation/analysis/tmc/tmc-010/case-06/reconstructed.tmp.newick>, fsd<qqq.dat>, fst<simul.tree>, -->index=2
Read triplets from file...
Read triplets from file...Finished
N_triplets = 64, idMaxFound = 9
treeBuildBasedOnTriplets_run...
make_isTogetherInTripletAndDeleteExtraTriplets: Finished
treeBuildBasedOnTriplets_run...Finished
Saving tree to file...
Saving tree to file...Finished

                            < M A T L A B (R) >
                  Copyright 1984-2017 The MathWorks, Inc.
                   R2017a (9.2.0.538062) 64-bit (glnxa64)
                             February 23, 2017

 
To get started, type one of these: helpwin, helpdesk, or demo.
For product information, visit www.mathworks.com.
 
TreeCmp version build2

Active options:
Type of the analysis:  ref-to-all comparison mode (-r)
Metrics:
  1. MatchingCluster (mc)
  2. R-F_Cluster (rc)
  3. NodalSplitted (ns)
  4. Triples (tt)
  5. MatchingPair (mp)
  6. MAST (mt)
  7. CopheneticL2Metric (co)
Input file: /home/chun/projects/clineage-simulation/analysis/tmc/tmc-010/case-06/reconstructed.newick
Output file: /home/chun/projects/clineage-simulation/analysis/tmc/tmc-010/case-06/scores.raw.out
Additional options:
N - Report normalized distances.
P - Prune compared trees if needed (trees can have different leaf sets).
I - Include summary section in the output file.
-----
2018-06-18 18:39:30: Start of reading random statistics.
2018-06-18 18:39:30: End of reading random statistics.
2018-06-18 18:39:30: Start of scanning input file: /home/chun/projects/clineage-simulation/analysis/tmc/tmc-010/case-06/reconstructed.newick
2018-06-18 18:39:30: End of scanning input file: /home/chun/projects/clineage-simulation/analysis/tmc/tmc-010/case-06/reconstructed.newick
2018-06-18 18:39:30: 1 valid trees found in file: /home/chun/projects/clineage-simulation/analysis/tmc/tmc-010/case-06/reconstructed.newick
2018-06-18 18:39:30: Start of calculation...please wait...
2018-06-18 18:39:30: 0.00% completed...
2018-06-18 18:39:30: 100.00% completed.
2018-06-18 18:39:30: End of calculation.
2018-06-18 18:39:30: Total calculation time: 23 ms.
                              metrics
No                             1.0000
RefTree                        1.0000
Tree                           1.0000
RefTree_taxa                   9.0000
Tree_taxa                      9.0000
Common_taxa                    9.0000
MatchingCluster                3.0000
MatchingCluster_toYuleAvg      0.1460
MatchingCluster_toUnifAvg      0.1406
R-F_Cluster                    0.5000
R-F_Cluster_toYuleAvg          0.0750
R-F_Cluster_toUnifAvg          0.0741
NodalSplitted                  4.2426
NodalSplitted_toYuleAvg        0.2508
NodalSplitted_toUnifAvg        0.2380
Triples                        2.0000
Triples_toYuleAvg              0.0358
Triples_toUnifAvg              0.0360
MatchingPair                   2.0000
MatchingPair_toYuleAvg         0.0943
MatchingPair_toUnifAvg         0.0956
MAST                           1.0000
MAST_toYuleAvg                 0.2181
MAST_toUnifAvg                 0.2146
CopheneticL2Metric             2.4495
CopheneticL2Metric_toYuleAvg   0.1754
CopheneticL2Metric_toUnifAvg   0.1692

                 Name       Avg  Std       Min       Max  Count
0     MatchingCluster  3.000000  0.0  3.000000  3.000000      1
1         R-F_Cluster  0.500000  0.0  0.500000  0.500000      1
2       NodalSplitted  4.242641  0.0  4.242641  4.242641      1
3             Triples  2.000000  0.0  2.000000  2.000000      1
4        MatchingPair  2.000000  0.0  2.000000  2.000000      1
5                MAST  1.000000  0.0  1.000000  1.000000      1
6  CopheneticL2Metric  2.449490  0.0  2.449490  2.449490      1
