                               metrics
No                              1.0000
RefTree                         1.0000
Tree                            1.0000
RefTree_taxa                   16.0000
Tree_taxa                      15.0000
Common_taxa                    15.0000
MatchingCluster                48.0000
MatchingCluster_toYuleAvg       0.9274
MatchingCluster_toUnifAvg       0.8354
R-F_Cluster                     9.5000
R-F_Cluster_toYuleAvg           0.7453
R-F_Cluster_toUnifAvg           0.7412
NodalSplitted                  32.0000
NodalSplitted_toYuleAvg         0.8452
NodalSplitted_toUnifAvg         0.7277
Triples                       296.0000
Triples_toYuleAvg               0.9807
Triples_toUnifAvg               0.9778
MatchingPair                   72.0000
MatchingPair_toYuleAvg          1.0236
MatchingPair_toUnifAvg          1.0379
MAST                           10.0000
MAST_toYuleAvg                  1.0832
MAST_toUnifAvg                  1.0667
CopheneticL2Metric             25.4951
CopheneticL2Metric_toYuleAvg    0.8508
CopheneticL2Metric_toUnifAvg    0.7527

                 Name         Avg  Std         Min         Max  Count
0     MatchingCluster   48.000000  0.0   48.000000   48.000000      1
1         R-F_Cluster    9.500000  0.0    9.500000    9.500000      1
2       NodalSplitted   32.000000  0.0   32.000000   32.000000      1
3             Triples  296.000000  0.0  296.000000  296.000000      1
4        MatchingPair   72.000000  0.0   72.000000   72.000000      1
5                MAST   10.000000  0.0   10.000000   10.000000      1
6  CopheneticL2Metric   25.495098  0.0   25.495098   25.495098      1
