                              metrics
No                             1.0000
RefTree                        1.0000
Tree                           1.0000
RefTree_taxa                   8.0000
Tree_taxa                      8.0000
Common_taxa                    8.0000
MatchingCluster               13.0000
MatchingCluster_toYuleAvg      0.7936
MatchingCluster_toUnifAvg      0.7639
R-F_Cluster                    5.0000
R-F_Cluster_toYuleAvg          0.8749
R-F_Cluster_toUnifAvg          0.8676
NodalSplitted                 11.2694
NodalSplitted_toYuleAvg        0.8212
NodalSplitted_toUnifAvg        0.7794
Triples                       35.0000
Triples_toYuleAvg              0.9460
Triples_toUnifAvg              0.9258
MatchingPair                  17.0000
MatchingPair_toYuleAvg         1.0715
MatchingPair_toUnifAvg         1.0676
MAST                           3.0000
MAST_toYuleAvg                 0.7702
MAST_toUnifAvg                 0.7647
CopheneticL2Metric             8.3066
CopheneticL2Metric_toYuleAvg   0.7290
CopheneticL2Metric_toUnifAvg   0.7037

                 Name        Avg  Std        Min        Max  Count
0     MatchingCluster  13.000000  0.0  13.000000  13.000000      1
1         R-F_Cluster   5.000000  0.0   5.000000   5.000000      1
2       NodalSplitted  11.269428  0.0  11.269428  11.269428      1
3             Triples  35.000000  0.0  35.000000  35.000000      1
4        MatchingPair  17.000000  0.0  17.000000  17.000000      1
5                MAST   3.000000  0.0   3.000000   3.000000      1
6  CopheneticL2Metric   8.306624  0.0   8.306624   8.306624      1
