                              metrics
No                             1.0000
RefTree                        1.0000
Tree                           1.0000
RefTree_taxa                  14.0000
Tree_taxa                     14.0000
Common_taxa                   14.0000
MatchingCluster                2.0000
MatchingCluster_toYuleAvg      0.0428
MatchingCluster_toUnifAvg      0.0396
R-F_Cluster                    0.5000
R-F_Cluster_toYuleAvg          0.0425
R-F_Cluster_toUnifAvg          0.0423
NodalSplitted                  4.8990
NodalSplitted_toYuleAvg        0.1410
NodalSplitted_toUnifAvg        0.1255
Triples                        1.0000
Triples_toYuleAvg              0.0041
Triples_toUnifAvg              0.0041
MatchingPair                   1.0000
MatchingPair_toYuleAvg         0.0166
MatchingPair_toUnifAvg         0.0169
MAST                           1.0000
MAST_toYuleAvg                 0.1179
MAST_toUnifAvg                 0.1167
CopheneticL2Metric             1.7321
CopheneticL2Metric_toYuleAvg   0.0633
CopheneticL2Metric_toUnifAvg   0.0568

                 Name       Avg  Std       Min       Max  Count
0     MatchingCluster  2.000000  0.0  2.000000  2.000000      1
1         R-F_Cluster  0.500000  0.0  0.500000  0.500000      1
2       NodalSplitted  4.898979  0.0  4.898979  4.898979      1
3             Triples  1.000000  0.0  1.000000  1.000000      1
4        MatchingPair  1.000000  0.0  1.000000  1.000000      1
5                MAST  1.000000  0.0  1.000000  1.000000      1
6  CopheneticL2Metric  1.732051  0.0  1.732051  1.732051      1
