                              metrics
No                             1.0000
RefTree                        1.0000
Tree                           1.0000
RefTree_taxa                  12.0000
Tree_taxa                     12.0000
Common_taxa                   12.0000
MatchingCluster                5.0000
MatchingCluster_toYuleAvg      0.1408
MatchingCluster_toUnifAvg      0.1322
R-F_Cluster                    1.0000
R-F_Cluster_toYuleAvg          0.1026
R-F_Cluster_toUnifAvg          0.1022
NodalSplitted                  6.8557
NodalSplitted_toYuleAvg        0.2517
NodalSplitted_toUnifAvg        0.2291
Triples                        3.0000
Triples_toYuleAvg              0.0204
Triples_toUnifAvg              0.0204
MatchingPair                   3.0000
MatchingPair_toYuleAvg         0.0709
MatchingPair_toUnifAvg         0.0719
MAST                           2.0000
MAST_toYuleAvg                 0.2902
MAST_toUnifAvg                 0.2874
CopheneticL2Metric             3.0000
CopheneticL2Metric_toYuleAvg   0.1384
CopheneticL2Metric_toUnifAvg   0.1273

                 Name       Avg  Std       Min       Max  Count
0     MatchingCluster  5.000000  0.0  5.000000  5.000000      1
1         R-F_Cluster  1.000000  0.0  1.000000  1.000000      1
2       NodalSplitted  6.855655  0.0  6.855655  6.855655      1
3             Triples  3.000000  0.0  3.000000  3.000000      1
4        MatchingPair  3.000000  0.0  3.000000  3.000000      1
5                MAST  2.000000  0.0  2.000000  2.000000      1
6  CopheneticL2Metric  3.000000  0.0  3.000000  3.000000      1
