                              metrics
No                             1.0000
RefTree                        1.0000
Tree                           1.0000
RefTree_taxa                  16.0000
Tree_taxa                     16.0000
Common_taxa                   16.0000
MatchingCluster               20.0000
MatchingCluster_toYuleAvg      0.3422
MatchingCluster_toUnifAvg      0.3098
R-F_Cluster                    4.0000
R-F_Cluster_toYuleAvg          0.2904
R-F_Cluster_toUnifAvg          0.2893
NodalSplitted                 16.1245
NodalSplitted_toYuleAvg        0.3831
NodalSplitted_toUnifAvg        0.3276
Triples                       50.0000
Triples_toYuleAvg              0.1340
Triples_toUnifAvg              0.1343
MatchingPair                  16.0000
MatchingPair_toYuleAvg         0.1959
MatchingPair_toUnifAvg         0.1999
MAST                           3.0000
MAST_toYuleAvg                 0.2981
MAST_toUnifAvg                 0.2963
CopheneticL2Metric            12.0000
CopheneticL2Metric_toYuleAvg   0.3651
CopheneticL2Metric_toUnifAvg   0.3226

                 Name        Avg  Std        Min        Max  Count
0     MatchingCluster  20.000000  0.0  20.000000  20.000000      1
1         R-F_Cluster   4.000000  0.0   4.000000   4.000000      1
2       NodalSplitted  16.124515  0.0  16.124515  16.124515      1
3             Triples  50.000000  0.0  50.000000  50.000000      1
4        MatchingPair  16.000000  0.0  16.000000  16.000000      1
5                MAST   3.000000  0.0   3.000000   3.000000      1
6  CopheneticL2Metric  12.000000  0.0  12.000000  12.000000      1
