                              metrics
No                             1.0000
RefTree                        1.0000
Tree                           1.0000
RefTree_taxa                  19.0000
Tree_taxa                     19.0000
Common_taxa                   19.0000
MatchingCluster                4.0000
MatchingCluster_toYuleAvg      0.0516
MatchingCluster_toUnifAvg      0.0450
R-F_Cluster                    1.0000
R-F_Cluster_toYuleAvg          0.0597
R-F_Cluster_toUnifAvg          0.0594
NodalSplitted                  8.2462
NodalSplitted_toYuleAvg        0.1533
NodalSplitted_toUnifAvg        0.1250
Triples                        3.0000
Triples_toYuleAvg              0.0047
Triples_toUnifAvg              0.0046
MatchingPair                   2.0000
MatchingPair_toYuleAvg         0.0167
MatchingPair_toUnifAvg         0.0170
MAST                           2.0000
MAST_toYuleAvg                 0.1598
MAST_toUnifAvg                 0.1586
CopheneticL2Metric             2.4495
CopheneticL2Metric_toYuleAvg   0.0580
CopheneticL2Metric_toUnifAvg   0.0497

                 Name       Avg  Std       Min       Max  Count
0     MatchingCluster  4.000000  0.0  4.000000  4.000000      1
1         R-F_Cluster  1.000000  0.0  1.000000  1.000000      1
2       NodalSplitted  8.246211  0.0  8.246211  8.246211      1
3             Triples  3.000000  0.0  3.000000  3.000000      1
4        MatchingPair  2.000000  0.0  2.000000  2.000000      1
5                MAST  2.000000  0.0  2.000000  2.000000      1
6  CopheneticL2Metric  2.449490  0.0  2.449490  2.449490      1
