                               metrics
No                              1.0000
RefTree                         1.0000
Tree                            1.0000
RefTree_taxa                   18.0000
Tree_taxa                      18.0000
Common_taxa                    18.0000
MatchingCluster                45.0000
MatchingCluster_toYuleAvg       0.6334
MatchingCluster_toUnifAvg       0.5596
R-F_Cluster                    12.5000
R-F_Cluster_toYuleAvg           0.7918
R-F_Cluster_toUnifAvg           0.7899
NodalSplitted                  30.5450
NodalSplitted_toYuleAvg         0.6144
NodalSplitted_toUnifAvg         0.5039
Triples                       327.0000
Triples_toYuleAvg               0.5981
Triples_toUnifAvg               0.6022
MatchingPair                   81.0000
MatchingPair_toYuleAvg          0.7614
MatchingPair_toUnifAvg          0.7788
MAST                           11.0000
MAST_toYuleAvg                  0.9372
MAST_toUnifAvg                  0.9347
CopheneticL2Metric             18.9473
CopheneticL2Metric_toYuleAvg    0.4829
CopheneticL2Metric_toUnifAvg    0.4192

                 Name         Avg  Std         Min         Max  Count
0     MatchingCluster   45.000000  0.0   45.000000   45.000000      1
1         R-F_Cluster   12.500000  0.0   12.500000   12.500000      1
2       NodalSplitted   30.545049  0.0   30.545049   30.545049      1
3             Triples  327.000000  0.0  327.000000  327.000000      1
4        MatchingPair   81.000000  0.0   81.000000   81.000000      1
5                MAST   11.000000  0.0   11.000000   11.000000      1
6  CopheneticL2Metric   18.947295  0.0   18.947295   18.947295      1
