                              metrics
No                             1.0000
RefTree                        1.0000
Tree                           1.0000
RefTree_taxa                  23.0000
Tree_taxa                     23.0000
Common_taxa                   23.0000
MatchingCluster                7.0000
MatchingCluster_toYuleAvg      0.0660
MatchingCluster_toUnifAvg      0.0565
R-F_Cluster                    1.5000
R-F_Cluster_toYuleAvg          0.0722
R-F_Cluster_toUnifAvg          0.0721
NodalSplitted                 12.0000
NodalSplitted_toYuleAvg        0.1701
NodalSplitted_toUnifAvg        0.1339
Triples                        5.0000
Triples_toYuleAvg              0.0042
Triples_toUnifAvg              0.0042
MatchingPair                   4.0000
MatchingPair_toYuleAvg         0.0219
MatchingPair_toUnifAvg         0.0224
MAST                           3.0000
MAST_toYuleAvg                 0.1891
MAST_toUnifAvg                 0.1873
CopheneticL2Metric             3.4641
CopheneticL2Metric_toYuleAvg   0.0639
CopheneticL2Metric_toUnifAvg   0.0513

                 Name        Avg  Std        Min        Max  Count
0     MatchingCluster   7.000000  0.0   7.000000   7.000000      1
1         R-F_Cluster   1.500000  0.0   1.500000   1.500000      1
2       NodalSplitted  12.000000  0.0  12.000000  12.000000      1
3             Triples   5.000000  0.0   5.000000   5.000000      1
4        MatchingPair   4.000000  0.0   4.000000   4.000000      1
5                MAST   3.000000  0.0   3.000000   3.000000      1
6  CopheneticL2Metric   3.464102  0.0   3.464102   3.464102      1
