                                metrics
No                               1.0000
RefTree                          1.0000
Tree                             1.0000
RefTree_taxa                    23.0000
Tree_taxa                       23.0000
Common_taxa                     23.0000
MatchingCluster                 88.0000
MatchingCluster_toYuleAvg        0.8299
MatchingCluster_toUnifAvg        0.7100
R-F_Cluster                     16.5000
R-F_Cluster_toYuleAvg            0.7941
R-F_Cluster_toUnifAvg            0.7926
NodalSplitted                   49.6588
NodalSplitted_toYuleAvg          0.7039
NodalSplitted_toUnifAvg          0.5540
Triples                       1075.0000
Triples_toYuleAvg                0.9096
Triples_toUnifAvg                0.9136
MatchingPair                   161.0000
MatchingPair_toYuleAvg           0.8820
MatchingPair_toUnifAvg           0.9013
MAST                            15.0000
MAST_toYuleAvg                   0.9454
MAST_toUnifAvg                   0.9367
CopheneticL2Metric              32.6497
CopheneticL2Metric_toYuleAvg     0.6027
CopheneticL2Metric_toUnifAvg     0.4835

                 Name          Avg  Std          Min          Max  Count
0     MatchingCluster    88.000000  0.0    88.000000    88.000000      1
1         R-F_Cluster    16.500000  0.0    16.500000    16.500000      1
2       NodalSplitted    49.658836  0.0    49.658836    49.658836      1
3             Triples  1075.000000  0.0  1075.000000  1075.000000      1
4        MatchingPair   161.000000  0.0   161.000000   161.000000      1
5                MAST    15.000000  0.0    15.000000    15.000000      1
6  CopheneticL2Metric    32.649655  0.0    32.649655    32.649655      1
