                              metrics
No                             1.0000
RefTree                        1.0000
Tree                           1.0000
RefTree_taxa                  16.0000
Tree_taxa                     16.0000
Common_taxa                   16.0000
MatchingCluster               12.0000
MatchingCluster_toYuleAvg      0.2053
MatchingCluster_toUnifAvg      0.1859
R-F_Cluster                    2.0000
R-F_Cluster_toYuleAvg          0.1452
R-F_Cluster_toUnifAvg          0.1447
NodalSplitted                 11.0454
NodalSplitted_toYuleAvg        0.2624
NodalSplitted_toUnifAvg        0.2244
Triples                       44.0000
Triples_toYuleAvg              0.1179
Triples_toUnifAvg              0.1182
MatchingPair                   9.0000
MatchingPair_toYuleAvg         0.1102
MatchingPair_toUnifAvg         0.1124
MAST                           3.0000
MAST_toYuleAvg                 0.2981
MAST_toUnifAvg                 0.2963
CopheneticL2Metric             9.4340
CopheneticL2Metric_toYuleAvg   0.2871
CopheneticL2Metric_toUnifAvg   0.2536

                 Name        Avg  Std        Min        Max  Count
0     MatchingCluster  12.000000  0.0  12.000000  12.000000      1
1         R-F_Cluster   2.000000  0.0   2.000000   2.000000      1
2       NodalSplitted  11.045361  0.0  11.045361  11.045361      1
3             Triples  44.000000  0.0  44.000000  44.000000      1
4        MatchingPair   9.000000  0.0   9.000000   9.000000      1
5                MAST   3.000000  0.0   3.000000   3.000000      1
6  CopheneticL2Metric   9.433981  0.0   9.433981   9.433981      1
