                               metrics
No                              1.0000
RefTree                         1.0000
Tree                            1.0000
RefTree_taxa                   16.0000
Tree_taxa                      16.0000
Common_taxa                    16.0000
MatchingCluster                46.0000
MatchingCluster_toYuleAvg       0.7871
MatchingCluster_toUnifAvg       0.7125
R-F_Cluster                    11.5000
R-F_Cluster_toYuleAvg           0.8350
R-F_Cluster_toUnifAvg           0.8318
NodalSplitted                  30.3645
NodalSplitted_toYuleAvg         0.7214
NodalSplitted_toUnifAvg         0.6170
Triples                       305.0000
Triples_toYuleAvg               0.8174
Triples_toUnifAvg               0.8195
MatchingPair                   73.0000
MatchingPair_toYuleAvg          0.8939
MatchingPair_toUnifAvg          0.9120
MAST                            9.0000
MAST_toYuleAvg                  0.8942
MAST_toUnifAvg                  0.8888
CopheneticL2Metric             19.6723
CopheneticL2Metric_toYuleAvg    0.5986
CopheneticL2Metric_toUnifAvg    0.5289

                 Name         Avg  Std         Min         Max  Count
0     MatchingCluster   46.000000  0.0   46.000000   46.000000      1
1         R-F_Cluster   11.500000  0.0   11.500000   11.500000      1
2       NodalSplitted   30.364453  0.0   30.364453   30.364453      1
3             Triples  305.000000  0.0  305.000000  305.000000      1
4        MatchingPair   73.000000  0.0   73.000000   73.000000      1
5                MAST    9.000000  0.0    9.000000    9.000000      1
6  CopheneticL2Metric   19.672316  0.0   19.672316   19.672316      1
