                              metrics
No                             1.0000
RefTree                        1.0000
Tree                           1.0000
RefTree_taxa                  18.0000
Tree_taxa                     18.0000
Common_taxa                   18.0000
MatchingCluster                5.0000
MatchingCluster_toYuleAvg      0.0704
MatchingCluster_toUnifAvg      0.0622
R-F_Cluster                    1.5000
R-F_Cluster_toYuleAvg          0.0950
R-F_Cluster_toUnifAvg          0.0948
NodalSplitted                  9.0000
NodalSplitted_toYuleAvg        0.1810
NodalSplitted_toUnifAvg        0.1485
Triples                        4.0000
Triples_toYuleAvg              0.0073
Triples_toUnifAvg              0.0074
MatchingPair                   3.0000
MatchingPair_toYuleAvg         0.0282
MatchingPair_toUnifAvg         0.0288
MAST                           2.0000
MAST_toYuleAvg                 0.1704
MAST_toUnifAvg                 0.1699
CopheneticL2Metric             3.1623
CopheneticL2Metric_toYuleAvg   0.0806
CopheneticL2Metric_toUnifAvg   0.0700

                 Name       Avg  Std       Min       Max  Count
0     MatchingCluster  5.000000  0.0  5.000000  5.000000      1
1         R-F_Cluster  1.500000  0.0  1.500000  1.500000      1
2       NodalSplitted  9.000000  0.0  9.000000  9.000000      1
3             Triples  4.000000  0.0  4.000000  4.000000      1
4        MatchingPair  3.000000  0.0  3.000000  3.000000      1
5                MAST  2.000000  0.0  2.000000  2.000000      1
6  CopheneticL2Metric  3.162278  0.0  3.162278  3.162278      1
