                              metrics
No                             1.0000
RefTree                        1.0000
Tree                           1.0000
RefTree_taxa                  21.0000
Tree_taxa                     21.0000
Common_taxa                   21.0000
MatchingCluster                3.0000
MatchingCluster_toYuleAvg      0.0328
MatchingCluster_toUnifAvg      0.0284
R-F_Cluster                    0.5000
R-F_Cluster_toYuleAvg          0.0266
R-F_Cluster_toUnifAvg          0.0265
NodalSplitted                  7.3485
NodalSplitted_toYuleAvg        0.1193
NodalSplitted_toUnifAvg        0.0944
Triples                        2.0000
Triples_toYuleAvg              0.0023
Triples_toUnifAvg              0.0023
MatchingPair                   2.0000
MatchingPair_toYuleAvg         0.0134
MatchingPair_toUnifAvg         0.0137
MAST                           1.0000
MAST_toYuleAvg                 0.0705
MAST_toUnifAvg                 0.0700
CopheneticL2Metric             2.4495
CopheneticL2Metric_toYuleAvg   0.0515
CopheneticL2Metric_toUnifAvg   0.0424

                 Name       Avg  Std       Min       Max  Count
0     MatchingCluster  3.000000  0.0  3.000000  3.000000      1
1         R-F_Cluster  0.500000  0.0  0.500000  0.500000      1
2       NodalSplitted  7.348469  0.0  7.348469  7.348469      1
3             Triples  2.000000  0.0  2.000000  2.000000      1
4        MatchingPair  2.000000  0.0  2.000000  2.000000      1
5                MAST  1.000000  0.0  1.000000  1.000000      1
6  CopheneticL2Metric  2.449490  0.0  2.449490  2.449490      1
