                              metrics
No                             1.0000
RefTree                        1.0000
Tree                           1.0000
RefTree_taxa                  10.0000
Tree_taxa                     10.0000
Common_taxa                   10.0000
MatchingCluster               16.0000
MatchingCluster_toYuleAvg      0.6296
MatchingCluster_toUnifAvg      0.6052
R-F_Cluster                    5.0000
R-F_Cluster_toYuleAvg          0.6460
R-F_Cluster_toUnifAvg          0.6430
NodalSplitted                 12.0000
NodalSplitted_toYuleAvg        0.5926
NodalSplitted_toUnifAvg        0.5576
Triples                       61.0000
Triples_toYuleAvg              0.7610
Triples_toUnifAvg              0.7677
MatchingPair                  25.0000
MatchingPair_toYuleAvg         0.9039
MatchingPair_toUnifAvg         0.9242
MAST                           4.0000
MAST_toYuleAvg                 0.7431
MAST_toUnifAvg                 0.7475
CopheneticL2Metric             8.7178
CopheneticL2Metric_toYuleAvg   0.5323
CopheneticL2Metric_toUnifAvg   0.5077

                 Name        Avg  Std        Min        Max  Count
0     MatchingCluster  16.000000  0.0  16.000000  16.000000      1
1         R-F_Cluster   5.000000  0.0   5.000000   5.000000      1
2       NodalSplitted  12.000000  0.0  12.000000  12.000000      1
3             Triples  61.000000  0.0  61.000000  61.000000      1
4        MatchingPair  25.000000  0.0  25.000000  25.000000      1
5                MAST   4.000000  0.0   4.000000   4.000000      1
6  CopheneticL2Metric   8.717798  0.0   8.717798   8.717798      1
