                              metrics
No                             1.0000
RefTree                        1.0000
Tree                           1.0000
RefTree_taxa                  18.0000
Tree_taxa                     18.0000
Common_taxa                   18.0000
MatchingCluster                6.0000
MatchingCluster_toYuleAvg      0.0845
MatchingCluster_toUnifAvg      0.0746
R-F_Cluster                    1.5000
R-F_Cluster_toYuleAvg          0.0950
R-F_Cluster_toUnifAvg          0.0948
NodalSplitted                 12.0830
NodalSplitted_toYuleAvg        0.2430
NodalSplitted_toUnifAvg        0.1993
Triples                        7.0000
Triples_toYuleAvg              0.0128
Triples_toUnifAvg              0.0129
MatchingPair                   4.0000
MatchingPair_toYuleAvg         0.0376
MatchingPair_toUnifAvg         0.0385
MAST                           2.0000
MAST_toYuleAvg                 0.1704
MAST_toUnifAvg                 0.1699
CopheneticL2Metric             4.8990
CopheneticL2Metric_toYuleAvg   0.1249
CopheneticL2Metric_toUnifAvg   0.1084

                 Name        Avg  Std        Min        Max  Count
0     MatchingCluster   6.000000  0.0   6.000000   6.000000      1
1         R-F_Cluster   1.500000  0.0   1.500000   1.500000      1
2       NodalSplitted  12.083046  0.0  12.083046  12.083046      1
3             Triples   7.000000  0.0   7.000000   7.000000      1
4        MatchingPair   4.000000  0.0   4.000000   4.000000      1
5                MAST   2.000000  0.0   2.000000   2.000000      1
6  CopheneticL2Metric   4.898979  0.0   4.898979   4.898979      1
