                              metrics
No                             1.0000
RefTree                        1.0000
Tree                           1.0000
RefTree_taxa                  18.0000
Tree_taxa                     18.0000
Common_taxa                   18.0000
MatchingCluster                5.0000
MatchingCluster_toYuleAvg      0.0704
MatchingCluster_toUnifAvg      0.0622
R-F_Cluster                    1.0000
R-F_Cluster_toYuleAvg          0.0633
R-F_Cluster_toUnifAvg          0.0632
NodalSplitted                  8.7750
NodalSplitted_toYuleAvg        0.1765
NodalSplitted_toUnifAvg        0.1448
Triples                        5.0000
Triples_toYuleAvg              0.0091
Triples_toUnifAvg              0.0092
MatchingPair                   3.0000
MatchingPair_toYuleAvg         0.0282
MatchingPair_toUnifAvg         0.0288
MAST                           2.0000
MAST_toYuleAvg                 0.1704
MAST_toUnifAvg                 0.1699
CopheneticL2Metric             3.0000
CopheneticL2Metric_toYuleAvg   0.0765
CopheneticL2Metric_toUnifAvg   0.0664

                 Name       Avg  Std       Min       Max  Count
0     MatchingCluster  5.000000  0.0  5.000000  5.000000      1
1         R-F_Cluster  1.000000  0.0  1.000000  1.000000      1
2       NodalSplitted  8.774964  0.0  8.774964  8.774964      1
3             Triples  5.000000  0.0  5.000000  5.000000      1
4        MatchingPair  3.000000  0.0  3.000000  3.000000      1
5                MAST  2.000000  0.0  2.000000  2.000000      1
6  CopheneticL2Metric  3.000000  0.0  3.000000  3.000000      1
