                              metrics
No                             1.0000
RefTree                        1.0000
Tree                           1.0000
RefTree_taxa                  15.0000
Tree_taxa                     15.0000
Common_taxa                   15.0000
MatchingCluster               15.0000
MatchingCluster_toYuleAvg      0.2898
MatchingCluster_toUnifAvg      0.2611
R-F_Cluster                    5.5000
R-F_Cluster_toYuleAvg          0.4315
R-F_Cluster_toUnifAvg          0.4291
NodalSplitted                 13.4907
NodalSplitted_toYuleAvg        0.3563
NodalSplitted_toUnifAvg        0.3068
Triples                       70.0000
Triples_toYuleAvg              0.2319
Triples_toUnifAvg              0.2312
MatchingPair                  28.0000
MatchingPair_toYuleAvg         0.3981
MatchingPair_toUnifAvg         0.4036
MAST                           6.0000
MAST_toYuleAvg                 0.6499
MAST_toUnifAvg                 0.6400
CopheneticL2Metric             7.1414
CopheneticL2Metric_toYuleAvg   0.2383
CopheneticL2Metric_toUnifAvg   0.2108

                 Name        Avg  Std        Min        Max  Count
0     MatchingCluster  15.000000  0.0  15.000000  15.000000      1
1         R-F_Cluster   5.500000  0.0   5.500000   5.500000      1
2       NodalSplitted  13.490738  0.0  13.490738  13.490738      1
3             Triples  70.000000  0.0  70.000000  70.000000      1
4        MatchingPair  28.000000  0.0  28.000000  28.000000      1
5                MAST   6.000000  0.0   6.000000   6.000000      1
6  CopheneticL2Metric   7.141428  0.0   7.141428   7.141428      1
