                              metrics
No                             1.0000
RefTree                        1.0000
Tree                           1.0000
RefTree_taxa                  16.0000
Tree_taxa                     16.0000
Common_taxa                   16.0000
MatchingCluster                8.0000
MatchingCluster_toYuleAvg      0.1369
MatchingCluster_toUnifAvg      0.1239
R-F_Cluster                    2.5000
R-F_Cluster_toYuleAvg          0.1815
R-F_Cluster_toUnifAvg          0.1808
NodalSplitted                 11.4891
NodalSplitted_toYuleAvg        0.2730
NodalSplitted_toUnifAvg        0.2334
Triples                        7.0000
Triples_toYuleAvg              0.0188
Triples_toUnifAvg              0.0188
MatchingPair                   6.0000
MatchingPair_toYuleAvg         0.0735
MatchingPair_toUnifAvg         0.0750
MAST                           2.0000
MAST_toYuleAvg                 0.1987
MAST_toUnifAvg                 0.1975
CopheneticL2Metric             5.0990
CopheneticL2Metric_toYuleAvg   0.1552
CopheneticL2Metric_toUnifAvg   0.1371

                 Name        Avg  Std        Min        Max  Count
0     MatchingCluster   8.000000  0.0   8.000000   8.000000      1
1         R-F_Cluster   2.500000  0.0   2.500000   2.500000      1
2       NodalSplitted  11.489125  0.0  11.489125  11.489125      1
3             Triples   7.000000  0.0   7.000000   7.000000      1
4        MatchingPair   6.000000  0.0   6.000000   6.000000      1
5                MAST   2.000000  0.0   2.000000   2.000000      1
6  CopheneticL2Metric   5.099020  0.0   5.099020   5.099020      1
