                               metrics
No                              1.0000
RefTree                         1.0000
Tree                            1.0000
RefTree_taxa                   18.0000
Tree_taxa                      18.0000
Common_taxa                    18.0000
MatchingCluster                47.0000
MatchingCluster_toYuleAvg       0.6616
MatchingCluster_toUnifAvg       0.5844
R-F_Cluster                    12.5000
R-F_Cluster_toYuleAvg           0.7918
R-F_Cluster_toUnifAvg           0.7899
NodalSplitted                  33.9853
NodalSplitted_toYuleAvg         0.6836
NodalSplitted_toUnifAvg         0.5607
Triples                       416.0000
Triples_toYuleAvg               0.7609
Triples_toUnifAvg               0.7661
MatchingPair                   86.0000
MatchingPair_toYuleAvg          0.8084
MatchingPair_toUnifAvg          0.8269
MAST                            9.0000
MAST_toYuleAvg                  0.7668
MAST_toUnifAvg                  0.7647
CopheneticL2Metric             19.7737
CopheneticL2Metric_toYuleAvg    0.5040
CopheneticL2Metric_toUnifAvg    0.4375

                 Name         Avg  Std         Min         Max  Count
0     MatchingCluster   47.000000  0.0   47.000000   47.000000      1
1         R-F_Cluster   12.500000  0.0   12.500000   12.500000      1
2       NodalSplitted   33.985291  0.0   33.985291   33.985291      1
3             Triples  416.000000  0.0  416.000000  416.000000      1
4        MatchingPair   86.000000  0.0   86.000000   86.000000      1
5                MAST    9.000000  0.0    9.000000    9.000000      1
6  CopheneticL2Metric   19.773720  0.0   19.773720   19.773720      1
