                              metrics
No                             1.0000
RefTree                        1.0000
Tree                           1.0000
RefTree_taxa                  17.0000
Tree_taxa                     17.0000
Common_taxa                   17.0000
MatchingCluster               14.0000
MatchingCluster_toYuleAvg      0.2166
MatchingCluster_toUnifAvg      0.1926
R-F_Cluster                    5.0000
R-F_Cluster_toYuleAvg          0.3385
R-F_Cluster_toUnifAvg          0.3368
NodalSplitted                 14.8997
NodalSplitted_toYuleAvg        0.3251
NodalSplitted_toUnifAvg        0.2721
Triples                       83.0000
Triples_toYuleAvg              0.1828
Triples_toUnifAvg              0.1825
MatchingPair                  35.0000
MatchingPair_toYuleAvg         0.3746
MatchingPair_toUnifAvg         0.3805
MAST                           5.0000
MAST_toYuleAvg                 0.4598
MAST_toUnifAvg                 0.4567
CopheneticL2Metric             9.0000
CopheneticL2Metric_toYuleAvg   0.2506
CopheneticL2Metric_toUnifAvg   0.2177

                 Name        Avg  Std        Min        Max  Count
0     MatchingCluster  14.000000  0.0  14.000000  14.000000      1
1         R-F_Cluster   5.000000  0.0   5.000000   5.000000      1
2       NodalSplitted  14.899664  0.0  14.899664  14.899664      1
3             Triples  83.000000  0.0  83.000000  83.000000      1
4        MatchingPair  35.000000  0.0  35.000000  35.000000      1
5                MAST   5.000000  0.0   5.000000   5.000000      1
6  CopheneticL2Metric   9.000000  0.0   9.000000   9.000000      1
