                               metrics
No                              1.0000
RefTree                         1.0000
Tree                            1.0000
RefTree_taxa                   14.0000
Tree_taxa                      14.0000
Common_taxa                    14.0000
MatchingCluster                42.0000
MatchingCluster_toYuleAvg       0.8990
MatchingCluster_toUnifAvg       0.8325
R-F_Cluster                     6.0000
R-F_Cluster_toYuleAvg           0.5095
R-F_Cluster_toUnifAvg           0.5078
NodalSplitted                  34.1760
NodalSplitted_toYuleAvg         0.9836
NodalSplitted_toUnifAvg         0.8752
Triples                       310.0000
Triples_toYuleAvg               1.2758
Triples_toUnifAvg               1.2788
MatchingPair                   38.0000
MatchingPair_toYuleAvg          0.6320
MatchingPair_toUnifAvg          0.6434
MAST                           10.0000
MAST_toYuleAvg                  1.1787
MAST_toUnifAvg                  1.1673
CopheneticL2Metric             20.0998
CopheneticL2Metric_toYuleAvg    0.7343
CopheneticL2Metric_toUnifAvg    0.6588

                 Name         Avg  Std         Min         Max  Count
0     MatchingCluster   42.000000  0.0   42.000000   42.000000      1
1         R-F_Cluster    6.000000  0.0    6.000000    6.000000      1
2       NodalSplitted   34.176015  0.0   34.176015   34.176015      1
3             Triples  310.000000  0.0  310.000000  310.000000      1
4        MatchingPair   38.000000  0.0   38.000000   38.000000      1
5                MAST   10.000000  0.0   10.000000   10.000000      1
6  CopheneticL2Metric   20.099751  0.0   20.099751   20.099751      1
