                               metrics
No                              1.0000
RefTree                         1.0000
Tree                            1.0000
RefTree_taxa                   14.0000
Tree_taxa                      14.0000
Common_taxa                    14.0000
MatchingCluster                34.0000
MatchingCluster_toYuleAvg       0.7278
MatchingCluster_toUnifAvg       0.6739
R-F_Cluster                     7.0000
R-F_Cluster_toYuleAvg           0.5944
R-F_Cluster_toUnifAvg           0.5925
NodalSplitted                  28.3549
NodalSplitted_toYuleAvg         0.8161
NodalSplitted_toUnifAvg         0.7261
Triples                       241.0000
Triples_toYuleAvg               0.9918
Triples_toUnifAvg               0.9942
MatchingPair                   40.0000
MatchingPair_toYuleAvg          0.6652
MatchingPair_toUnifAvg          0.6773
MAST                            9.0000
MAST_toYuleAvg                  1.0608
MAST_toUnifAvg                  1.0505
CopheneticL2Metric             16.5529
CopheneticL2Metric_toYuleAvg    0.6047
CopheneticL2Metric_toUnifAvg    0.5425

                 Name         Avg  Std         Min         Max  Count
0     MatchingCluster   34.000000  0.0   34.000000   34.000000      1
1         R-F_Cluster    7.000000  0.0    7.000000    7.000000      1
2       NodalSplitted   28.354894  0.0   28.354894   28.354894      1
3             Triples  241.000000  0.0  241.000000  241.000000      1
4        MatchingPair   40.000000  0.0   40.000000   40.000000      1
5                MAST    9.000000  0.0    9.000000    9.000000      1
6  CopheneticL2Metric   16.552945  0.0   16.552945   16.552945      1
