                               metrics
No                              1.0000
RefTree                         1.0000
Tree                            1.0000
RefTree_taxa                   14.0000
Tree_taxa                      14.0000
Common_taxa                    14.0000
MatchingCluster                25.0000
MatchingCluster_toYuleAvg       0.5351
MatchingCluster_toUnifAvg       0.4955
R-F_Cluster                     5.5000
R-F_Cluster_toYuleAvg           0.4671
R-F_Cluster_toUnifAvg           0.4655
NodalSplitted                  22.2486
NodalSplitted_toYuleAvg         0.6403
NodalSplitted_toUnifAvg         0.5698
Triples                       124.0000
Triples_toYuleAvg               0.5103
Triples_toUnifAvg               0.5115
MatchingPair                   35.0000
MatchingPair_toYuleAvg          0.5821
MatchingPair_toUnifAvg          0.5926
MAST                            6.0000
MAST_toYuleAvg                  0.7072
MAST_toUnifAvg                  0.7004
CopheneticL2Metric             15.4596
CopheneticL2Metric_toYuleAvg    0.5648
CopheneticL2Metric_toUnifAvg    0.5067

                 Name         Avg  Std         Min         Max  Count
0     MatchingCluster   25.000000  0.0   25.000000   25.000000      1
1         R-F_Cluster    5.500000  0.0    5.500000    5.500000      1
2       NodalSplitted   22.248595  0.0   22.248595   22.248595      1
3             Triples  124.000000  0.0  124.000000  124.000000      1
4        MatchingPair   35.000000  0.0   35.000000   35.000000      1
5                MAST    6.000000  0.0    6.000000    6.000000      1
6  CopheneticL2Metric   15.459625  0.0   15.459625   15.459625      1
