                               metrics
No                              1.0000
RefTree                         1.0000
Tree                            1.0000
RefTree_taxa                   19.0000
Tree_taxa                      19.0000
Common_taxa                    19.0000
MatchingCluster                54.0000
MatchingCluster_toYuleAvg       0.6964
MatchingCluster_toUnifAvg       0.6076
R-F_Cluster                    12.5000
R-F_Cluster_toYuleAvg           0.7464
R-F_Cluster_toUnifAvg           0.7426
NodalSplitted                  42.1663
NodalSplitted_toYuleAvg         0.7840
NodalSplitted_toUnifAvg         0.6392
Triples                       385.0000
Triples_toYuleAvg               0.5983
Triples_toUnifAvg               0.5954
MatchingPair                   74.0000
MatchingPair_toYuleAvg          0.6183
MatchingPair_toUnifAvg          0.6283
MAST                           11.0000
MAST_toYuleAvg                  0.8789
MAST_toUnifAvg                  0.8721
CopheneticL2Metric             26.9444
CopheneticL2Metric_toYuleAvg    0.6383
CopheneticL2Metric_toUnifAvg    0.5471

                 Name         Avg  Std         Min         Max  Count
0     MatchingCluster   54.000000  0.0   54.000000   54.000000      1
1         R-F_Cluster   12.500000  0.0   12.500000   12.500000      1
2       NodalSplitted   42.166337  0.0   42.166337   42.166337      1
3             Triples  385.000000  0.0  385.000000  385.000000      1
4        MatchingPair   74.000000  0.0   74.000000   74.000000      1
5                MAST   11.000000  0.0   11.000000   11.000000      1
6  CopheneticL2Metric   26.944387  0.0   26.944387   26.944387      1
