                               metrics
No                              1.0000
RefTree                         1.0000
Tree                            1.0000
RefTree_taxa                   15.0000
Tree_taxa                      15.0000
Common_taxa                    15.0000
MatchingCluster                33.0000
MatchingCluster_toYuleAvg       0.6376
MatchingCluster_toUnifAvg       0.5743
R-F_Cluster                     7.0000
R-F_Cluster_toYuleAvg           0.5492
R-F_Cluster_toUnifAvg           0.5461
NodalSplitted                  23.6220
NodalSplitted_toYuleAvg         0.6239
NodalSplitted_toUnifAvg         0.5372
Triples                       220.0000
Triples_toYuleAvg               0.7289
Triples_toUnifAvg               0.7268
MatchingPair                   50.0000
MatchingPair_toYuleAvg          0.7108
MatchingPair_toUnifAvg          0.7208
MAST                            8.0000
MAST_toYuleAvg                  0.8666
MAST_toUnifAvg                  0.8533
CopheneticL2Metric             20.6640
CopheneticL2Metric_toYuleAvg    0.6896
CopheneticL2Metric_toUnifAvg    0.6101

                 Name         Avg  Std         Min         Max  Count
0     MatchingCluster   33.000000  0.0   33.000000   33.000000      1
1         R-F_Cluster    7.000000  0.0    7.000000    7.000000      1
2       NodalSplitted   23.622024  0.0   23.622024   23.622024      1
3             Triples  220.000000  0.0  220.000000  220.000000      1
4        MatchingPair   50.000000  0.0   50.000000   50.000000      1
5                MAST    8.000000  0.0    8.000000    8.000000      1
6  CopheneticL2Metric   20.663978  0.0   20.663978   20.663978      1
