                              metrics
No                             1.0000
RefTree                        1.0000
Tree                           1.0000
RefTree_taxa                  21.0000
Tree_taxa                     21.0000
Common_taxa                   21.0000
MatchingCluster               18.0000
MatchingCluster_toYuleAvg      0.1965
MatchingCluster_toUnifAvg      0.1702
R-F_Cluster                    5.0000
R-F_Cluster_toYuleAvg          0.2664
R-F_Cluster_toUnifAvg          0.2653
NodalSplitted                 21.1660
NodalSplitted_toYuleAvg        0.3438
NodalSplitted_toUnifAvg        0.2719
Triples                       15.0000
Triples_toYuleAvg              0.0169
Triples_toUnifAvg              0.0169
MatchingPair                  11.0000
MatchingPair_toYuleAvg         0.0737
MatchingPair_toUnifAvg         0.0751
MAST                           5.0000
MAST_toYuleAvg                 0.3527
MAST_toUnifAvg                 0.3502
CopheneticL2Metric             7.4833
CopheneticL2Metric_toYuleAvg   0.1573
CopheneticL2Metric_toUnifAvg   0.1295

                 Name        Avg  Std        Min        Max  Count
0     MatchingCluster  18.000000  0.0  18.000000  18.000000      1
1         R-F_Cluster   5.000000  0.0   5.000000   5.000000      1
2       NodalSplitted  21.166010  0.0  21.166010  21.166010      1
3             Triples  15.000000  0.0  15.000000  15.000000      1
4        MatchingPair  11.000000  0.0  11.000000  11.000000      1
5                MAST   5.000000  0.0   5.000000   5.000000      1
6  CopheneticL2Metric   7.483315  0.0   7.483315   7.483315      1
