                              metrics
No                             1.0000
RefTree                        1.0000
Tree                           1.0000
RefTree_taxa                   6.0000
Tree_taxa                      6.0000
Common_taxa                    6.0000
MatchingCluster                9.0000
MatchingCluster_toYuleAvg      0.9949
MatchingCluster_toUnifAvg      0.9830
R-F_Cluster                    3.0000
R-F_Cluster_toYuleAvg          0.8181
R-F_Cluster_toUnifAvg          0.8177
NodalSplitted                  8.1854
NodalSplitted_toYuleAvg        1.0044
NodalSplitted_toUnifAvg        0.9886
Triples                       13.0000
Triples_toYuleAvg              0.9717
Triples_toUnifAvg              0.9620
MatchingPair                   6.0000
MatchingPair_toYuleAvg         0.7976
MatchingPair_toUnifAvg         0.7960
MAST                           2.0000
MAST_toYuleAvg                 0.7968
MAST_toUnifAvg                 0.7955
CopheneticL2Metric             7.6158
CopheneticL2Metric_toYuleAvg   1.0894
CopheneticL2Metric_toUnifAvg   1.0744

                 Name        Avg  Std        Min        Max  Count
0     MatchingCluster   9.000000  0.0   9.000000   9.000000      1
1         R-F_Cluster   3.000000  0.0   3.000000   3.000000      1
2       NodalSplitted   8.185353  0.0   8.185353   8.185353      1
3             Triples  13.000000  0.0  13.000000  13.000000      1
4        MatchingPair   6.000000  0.0   6.000000   6.000000      1
5                MAST   2.000000  0.0   2.000000   2.000000      1
6  CopheneticL2Metric   7.615773  0.0   7.615773   7.615773      1
