                              metrics
No                             1.0000
RefTree                        1.0000
Tree                           1.0000
RefTree_taxa                  18.0000
Tree_taxa                     18.0000
Common_taxa                   18.0000
MatchingCluster               21.0000
MatchingCluster_toYuleAvg      0.2956
MatchingCluster_toUnifAvg      0.2611
R-F_Cluster                    3.5000
R-F_Cluster_toYuleAvg          0.2217
R-F_Cluster_toUnifAvg          0.2212
NodalSplitted                 22.8692
NodalSplitted_toYuleAvg        0.4600
NodalSplitted_toUnifAvg        0.3773
Triples                       39.0000
Triples_toYuleAvg              0.0713
Triples_toUnifAvg              0.0718
MatchingPair                  18.0000
MatchingPair_toYuleAvg         0.1692
MatchingPair_toUnifAvg         0.1731
MAST                           4.0000
MAST_toYuleAvg                 0.3408
MAST_toUnifAvg                 0.3399
CopheneticL2Metric            14.3527
CopheneticL2Metric_toYuleAvg   0.3658
CopheneticL2Metric_toUnifAvg   0.3175

                 Name        Avg  Std        Min        Max  Count
0     MatchingCluster  21.000000  0.0  21.000000  21.000000      1
1         R-F_Cluster   3.500000  0.0   3.500000   3.500000      1
2       NodalSplitted  22.869193  0.0  22.869193  22.869193      1
3             Triples  39.000000  0.0  39.000000  39.000000      1
4        MatchingPair  18.000000  0.0  18.000000  18.000000      1
5                MAST   4.000000  0.0   4.000000   4.000000      1
6  CopheneticL2Metric  14.352700  0.0  14.352700  14.352700      1
