                              metrics
No                             1.0000
RefTree                        1.0000
Tree                           1.0000
RefTree_taxa                  19.0000
Tree_taxa                     19.0000
Common_taxa                   19.0000
MatchingCluster               19.0000
MatchingCluster_toYuleAvg      0.2450
MatchingCluster_toUnifAvg      0.2138
R-F_Cluster                    4.0000
R-F_Cluster_toYuleAvg          0.2389
R-F_Cluster_toUnifAvg          0.2376
NodalSplitted                 16.9706
NodalSplitted_toYuleAvg        0.3155
NodalSplitted_toUnifAvg        0.2572
Triples                       44.0000
Triples_toYuleAvg              0.0684
Triples_toUnifAvg              0.0680
MatchingPair                  15.0000
MatchingPair_toYuleAvg         0.1253
MatchingPair_toUnifAvg         0.1274
MAST                           4.0000
MAST_toYuleAvg                 0.3196
MAST_toUnifAvg                 0.3171
CopheneticL2Metric            11.0454
CopheneticL2Metric_toYuleAvg   0.2617
CopheneticL2Metric_toUnifAvg   0.2243

                 Name        Avg  Std        Min        Max  Count
0     MatchingCluster  19.000000  0.0  19.000000  19.000000      1
1         R-F_Cluster   4.000000  0.0   4.000000   4.000000      1
2       NodalSplitted  16.970563  0.0  16.970563  16.970563      1
3             Triples  44.000000  0.0  44.000000  44.000000      1
4        MatchingPair  15.000000  0.0  15.000000  15.000000      1
5                MAST   4.000000  0.0   4.000000   4.000000      1
6  CopheneticL2Metric  11.045361  0.0  11.045361  11.045361      1
