                              metrics
No                             1.0000
RefTree                        1.0000
Tree                           1.0000
RefTree_taxa                  13.0000
Tree_taxa                     13.0000
Common_taxa                   13.0000
MatchingCluster                5.0000
MatchingCluster_toYuleAvg      0.1225
MatchingCluster_toUnifAvg      0.1134
R-F_Cluster                    1.0000
R-F_Cluster_toYuleAvg          0.0928
R-F_Cluster_toUnifAvg          0.0924
NodalSplitted                  6.9282
NodalSplitted_toYuleAvg        0.2262
NodalSplitted_toUnifAvg        0.1999
Triples                        4.0000
Triples_toYuleAvg              0.0209
Triples_toUnifAvg              0.0209
MatchingPair                   4.0000
MatchingPair_toYuleAvg         0.0785
MatchingPair_toUnifAvg         0.0799
MAST                           1.0000
MAST_toYuleAvg                 0.1299
MAST_toUnifAvg                 0.1288
CopheneticL2Metric             4.0000
CopheneticL2Metric_toYuleAvg   0.1649
CopheneticL2Metric_toUnifAvg   0.1497

                 Name       Avg  Std       Min       Max  Count
0     MatchingCluster  5.000000  0.0  5.000000  5.000000      1
1         R-F_Cluster  1.000000  0.0  1.000000  1.000000      1
2       NodalSplitted  6.928203  0.0  6.928203  6.928203      1
3             Triples  4.000000  0.0  4.000000  4.000000      1
4        MatchingPair  4.000000  0.0  4.000000  4.000000      1
5                MAST  1.000000  0.0  1.000000  1.000000      1
6  CopheneticL2Metric  4.000000  0.0  4.000000  4.000000      1
