                              metrics
No                             1.0000
RefTree                        1.0000
Tree                           1.0000
RefTree_taxa                  10.0000
Tree_taxa                     10.0000
Common_taxa                   10.0000
MatchingCluster               12.0000
MatchingCluster_toYuleAvg      0.4722
MatchingCluster_toUnifAvg      0.4539
R-F_Cluster                    3.5000
R-F_Cluster_toYuleAvg          0.4522
R-F_Cluster_toUnifAvg          0.4501
NodalSplitted                 13.2665
NodalSplitted_toYuleAvg        0.6552
NodalSplitted_toUnifAvg        0.6164
Triples                       19.0000
Triples_toYuleAvg              0.2370
Triples_toUnifAvg              0.2391
MatchingPair                   9.0000
MatchingPair_toYuleAvg         0.3254
MatchingPair_toUnifAvg         0.3327
MAST                           3.0000
MAST_toYuleAvg                 0.5573
MAST_toUnifAvg                 0.5606
CopheneticL2Metric             8.6023
CopheneticL2Metric_toYuleAvg   0.5253
CopheneticL2Metric_toUnifAvg   0.5010

                 Name        Avg  Std        Min        Max  Count
0     MatchingCluster  12.000000  0.0  12.000000  12.000000      1
1         R-F_Cluster   3.500000  0.0   3.500000   3.500000      1
2       NodalSplitted  13.266499  0.0  13.266499  13.266499      1
3             Triples  19.000000  0.0  19.000000  19.000000      1
4        MatchingPair   9.000000  0.0   9.000000   9.000000      1
5                MAST   3.000000  0.0   3.000000   3.000000      1
6  CopheneticL2Metric   8.602325  0.0   8.602325   8.602325      1
