                               metrics
No                              1.0000
RefTree                         1.0000
Tree                            1.0000
RefTree_taxa                   16.0000
Tree_taxa                      15.0000
Common_taxa                    15.0000
MatchingCluster                45.0000
MatchingCluster_toYuleAvg       0.8694
MatchingCluster_toUnifAvg       0.7832
R-F_Cluster                     8.5000
R-F_Cluster_toYuleAvg           0.6669
R-F_Cluster_toUnifAvg           0.6632
NodalSplitted                  32.2800
NodalSplitted_toYuleAvg         0.8526
NodalSplitted_toUnifAvg         0.7341
Triples                       397.0000
Triples_toYuleAvg               1.3154
Triples_toUnifAvg               1.3115
MatchingPair                   49.0000
MatchingPair_toYuleAvg          0.6966
MatchingPair_toUnifAvg          0.7064
MAST                           10.0000
MAST_toYuleAvg                  1.0832
MAST_toUnifAvg                  1.0667
CopheneticL2Metric             18.4932
CopheneticL2Metric_toYuleAvg    0.6171
CopheneticL2Metric_toUnifAvg    0.5460

                 Name         Avg  Std         Min         Max  Count
0     MatchingCluster   45.000000  0.0   45.000000   45.000000      1
1         R-F_Cluster    8.500000  0.0    8.500000    8.500000      1
2       NodalSplitted   32.280025  0.0   32.280025   32.280025      1
3             Triples  397.000000  0.0  397.000000  397.000000      1
4        MatchingPair   49.000000  0.0   49.000000   49.000000      1
5                MAST   10.000000  0.0   10.000000   10.000000      1
6  CopheneticL2Metric   18.493242  0.0   18.493242   18.493242      1
