                              metrics
No                             1.0000
RefTree                        1.0000
Tree                           1.0000
RefTree_taxa                  22.0000
Tree_taxa                     22.0000
Common_taxa                   22.0000
MatchingCluster               34.0000
MatchingCluster_toYuleAvg      0.3440
MatchingCluster_toUnifAvg      0.2936
R-F_Cluster                    6.5000
R-F_Cluster_toYuleAvg          0.3288
R-F_Cluster_toUnifAvg          0.3273
NodalSplitted                 41.7133
NodalSplitted_toYuleAvg        0.6262
NodalSplitted_toUnifAvg        0.4903
Triples                       80.0000
Triples_toYuleAvg              0.0780
Triples_toUnifAvg              0.0777
MatchingPair                  36.0000
MatchingPair_toYuleAvg         0.2185
MatchingPair_toUnifAvg         0.2223
MAST                           7.0000
MAST_toYuleAvg                 0.4667
MAST_toUnifAvg                 0.4633
CopheneticL2Metric            23.1084
CopheneticL2Metric_toYuleAvg   0.4546
CopheneticL2Metric_toUnifAvg   0.3682

                 Name        Avg  Std        Min        Max  Count
0     MatchingCluster  34.000000  0.0  34.000000  34.000000      1
1         R-F_Cluster   6.500000  0.0   6.500000   6.500000      1
2       NodalSplitted  41.713307  0.0  41.713307  41.713307      1
3             Triples  80.000000  0.0  80.000000  80.000000      1
4        MatchingPair  36.000000  0.0  36.000000  36.000000      1
5                MAST   7.000000  0.0   7.000000   7.000000      1
6  CopheneticL2Metric  23.108440  0.0  23.108440  23.108440      1
