                               metrics
No                              1.0000
RefTree                         1.0000
Tree                            1.0000
RefTree_taxa                   18.0000
Tree_taxa                      18.0000
Common_taxa                    18.0000
MatchingCluster                60.0000
MatchingCluster_toYuleAvg       0.8446
MatchingCluster_toUnifAvg       0.7461
R-F_Cluster                    11.5000
R-F_Cluster_toYuleAvg           0.7285
R-F_Cluster_toUnifAvg           0.7267
NodalSplitted                  37.4433
NodalSplitted_toYuleAvg         0.7532
NodalSplitted_toUnifAvg         0.6177
Triples                       586.0000
Triples_toYuleAvg               1.0719
Triples_toUnifAvg               1.0792
MatchingPair                  108.0000
MatchingPair_toYuleAvg          1.0152
MatchingPair_toUnifAvg          1.0384
MAST                           11.0000
MAST_toYuleAvg                  0.9372
MAST_toUnifAvg                  0.9347
CopheneticL2Metric             27.5318
CopheneticL2Metric_toYuleAvg    0.7017
CopheneticL2Metric_toUnifAvg    0.6091

                 Name        Avg  Std        Min        Max  Count
0     MatchingCluster   60.00000  0.0   60.00000   60.00000      1
1         R-F_Cluster   11.50000  0.0   11.50000   11.50000      1
2       NodalSplitted   37.44329  0.0   37.44329   37.44329      1
3             Triples  586.00000  0.0  586.00000  586.00000      1
4        MatchingPair  108.00000  0.0  108.00000  108.00000      1
5                MAST   11.00000  0.0   11.00000   11.00000      1
6  CopheneticL2Metric   27.53180  0.0   27.53180   27.53180      1
