                               metrics
No                              1.0000
RefTree                         1.0000
Tree                            1.0000
RefTree_taxa                   21.0000
Tree_taxa                      21.0000
Common_taxa                    21.0000
MatchingCluster                54.0000
MatchingCluster_toYuleAvg       0.5895
MatchingCluster_toUnifAvg       0.5105
R-F_Cluster                    10.5000
R-F_Cluster_toYuleAvg           0.5594
R-F_Cluster_toUnifAvg           0.5570
NodalSplitted                  39.2938
NodalSplitted_toYuleAvg         0.6382
NodalSplitted_toUnifAvg         0.5049
Triples                       299.0000
Triples_toYuleAvg               0.3367
Triples_toUnifAvg               0.3374
MatchingPair                   73.0000
MatchingPair_toYuleAvg          0.4888
MatchingPair_toUnifAvg          0.4987
MAST                           11.0000
MAST_toYuleAvg                  0.7760
MAST_toUnifAvg                  0.7705
CopheneticL2Metric             25.3574
CopheneticL2Metric_toYuleAvg    0.5329
CopheneticL2Metric_toUnifAvg    0.4389

                 Name         Avg  Std         Min         Max  Count
0     MatchingCluster   54.000000  0.0   54.000000   54.000000      1
1         R-F_Cluster   10.500000  0.0   10.500000   10.500000      1
2       NodalSplitted   39.293765  0.0   39.293765   39.293765      1
3             Triples  299.000000  0.0  299.000000  299.000000      1
4        MatchingPair   73.000000  0.0   73.000000   73.000000      1
5                MAST   11.000000  0.0   11.000000   11.000000      1
6  CopheneticL2Metric   25.357445  0.0   25.357445   25.357445      1
