                              metrics
No                             1.0000
RefTree                        1.0000
Tree                           1.0000
RefTree_taxa                  22.0000
Tree_taxa                     22.0000
Common_taxa                   22.0000
MatchingCluster                2.0000
MatchingCluster_toYuleAvg      0.0202
MatchingCluster_toUnifAvg      0.0173
R-F_Cluster                    0.5000
R-F_Cluster_toYuleAvg          0.0253
R-F_Cluster_toUnifAvg          0.0252
NodalSplitted                  6.3246
NodalSplitted_toYuleAvg        0.0949
NodalSplitted_toUnifAvg        0.0743
Triples                        1.0000
Triples_toYuleAvg              0.0010
Triples_toUnifAvg              0.0010
MatchingPair                   1.0000
MatchingPair_toYuleAvg         0.0061
MatchingPair_toUnifAvg         0.0062
MAST                           1.0000
MAST_toYuleAvg                 0.0667
MAST_toUnifAvg                 0.0662
CopheneticL2Metric             1.7321
CopheneticL2Metric_toYuleAvg   0.0341
CopheneticL2Metric_toUnifAvg   0.0276

                 Name       Avg  Std       Min       Max  Count
0     MatchingCluster  2.000000  0.0  2.000000  2.000000      1
1         R-F_Cluster  0.500000  0.0  0.500000  0.500000      1
2       NodalSplitted  6.324555  0.0  6.324555  6.324555      1
3             Triples  1.000000  0.0  1.000000  1.000000      1
4        MatchingPair  1.000000  0.0  1.000000  1.000000      1
5                MAST  1.000000  0.0  1.000000  1.000000      1
6  CopheneticL2Metric  1.732051  0.0  1.732051  1.732051      1
