
                            < M A T L A B (R) >
                  Copyright 1984-2017 The MathWorks, Inc.
                   R2017a (9.2.0.538062) 64-bit (glnxa64)
                             February 23, 2017

 
To get started, type one of these: helpwin, helpdesk, or demo.
For product information, visit www.mathworks.com.
 
Running "Run1", Seed: 263803
 *** Finished Simulation Run ***

config-07.json #############################################

[#.........] | Progress: 1 | Time: 0.0s | ETA: --[##########] | Progress: 86 | Time: 0.0s | ETA: --fit<>, fid</home/chun/projects/clineage-simulation/analysis/tmc-263803/tmc-002/case-07/triplets-list.raw.txt>, flg<treeReconstruction.log>, frt<resTree.tree>, frtN</home/chun/projects/clineage-simulation/analysis/tmc-263803/tmc-002/case-07/reconstructed.tmp.newick>, fsd<qqq.dat>, fst<simul.tree>, -->index=2
Read triplets from file...
Read triplets from file...Finished
N_triplets = 76, idMaxFound = 10
treeBuildBasedOnTriplets_run...
make_isTogetherInTripletAndDeleteExtraTriplets: Finished
maxCut with 10 nodes: Finished
treeBuildBasedOnTriplets_run...Finished
Saving tree to file...
Saving tree to file...Finished

                            < M A T L A B (R) >
                  Copyright 1984-2017 The MathWorks, Inc.
                   R2017a (9.2.0.538062) 64-bit (glnxa64)
                             February 23, 2017

 
To get started, type one of these: helpwin, helpdesk, or demo.
For product information, visit www.mathworks.com.
 
TreeCmp version build2

Active options:
Type of the analysis:  ref-to-all comparison mode (-r)
Metrics:
  1. MatchingCluster (mc)
  2. R-F_Cluster (rc)
  3. NodalSplitted (ns)
  4. Triples (tt)
  5. MatchingPair (mp)
  6. MAST (mt)
  7. CopheneticL2Metric (co)
Input file: /home/chun/projects/clineage-simulation/analysis/tmc-263803/tmc-002/case-07/reconstructed.newick
Output file: /home/chun/projects/clineage-simulation/analysis/tmc-263803/tmc-002/case-07/scores.raw.out
Additional options:
N - Report normalized distances.
P - Prune compared trees if needed (trees can have different leaf sets).
I - Include summary section in the output file.
-----
2018-06-19 06:29:06: Start of reading random statistics.
2018-06-19 06:29:06: End of reading random statistics.
2018-06-19 06:29:06: Start of scanning input file: /home/chun/projects/clineage-simulation/analysis/tmc-263803/tmc-002/case-07/reconstructed.newick
2018-06-19 06:29:06: End of scanning input file: /home/chun/projects/clineage-simulation/analysis/tmc-263803/tmc-002/case-07/reconstructed.newick
2018-06-19 06:29:06: 1 valid trees found in file: /home/chun/projects/clineage-simulation/analysis/tmc-263803/tmc-002/case-07/reconstructed.newick
2018-06-19 06:29:06: Start of calculation...please wait...
2018-06-19 06:29:06: 0.00% completed...
2018-06-19 06:29:06: 100.00% completed.
2018-06-19 06:29:06: End of calculation.
2018-06-19 06:29:06: Total calculation time: 20 ms.
                              metrics
No                             1.0000
RefTree                        1.0000
Tree                           1.0000
RefTree_taxa                  10.0000
Tree_taxa                     10.0000
Common_taxa                   10.0000
MatchingCluster               17.0000
MatchingCluster_toYuleAvg      0.6689
MatchingCluster_toUnifAvg      0.6430
R-F_Cluster                    5.0000
R-F_Cluster_toYuleAvg          0.6460
R-F_Cluster_toUnifAvg          0.6430
NodalSplitted                 11.7898
NodalSplitted_toYuleAvg        0.5822
NodalSplitted_toUnifAvg        0.5478
Triples                       49.0000
Triples_toYuleAvg              0.6113
Triples_toUnifAvg              0.6167
MatchingPair                  19.0000
MatchingPair_toYuleAvg         0.6870
MatchingPair_toUnifAvg         0.7024
MAST                           6.0000
MAST_toYuleAvg                 1.1146
MAST_toUnifAvg                 1.1213
CopheneticL2Metric             6.4031
CopheneticL2Metric_toYuleAvg   0.3910
CopheneticL2Metric_toUnifAvg   0.3729

                 Name        Avg  Std        Min        Max  Count
0     MatchingCluster  17.000000  0.0  17.000000  17.000000      1
1         R-F_Cluster   5.000000  0.0   5.000000   5.000000      1
2       NodalSplitted  11.789826  0.0  11.789826  11.789826      1
3             Triples  49.000000  0.0  49.000000  49.000000      1
4        MatchingPair  19.000000  0.0  19.000000  19.000000      1
5                MAST   6.000000  0.0   6.000000   6.000000      1
6  CopheneticL2Metric   6.403124  0.0   6.403124   6.403124      1
