
                            < M A T L A B (R) >
                  Copyright 1984-2017 The MathWorks, Inc.
                   R2017a (9.2.0.538062) 64-bit (glnxa64)
                             February 23, 2017

 
To get started, type one of these: helpwin, helpdesk, or demo.
For product information, visit www.mathworks.com.
 
Running "Run1", Seed: 263803
 *** Finished Simulation Run ***

config-14.json #############################################

[#.........] | Progress: 1 | Time: 0.0s | ETA: --[.#........] | Progress: 381 | Time: 0.1s | ETA: --[##########] | Progress: 473 | Time: 0.1s | ETA: --fit<>, fid</home/chun/projects/clineage-simulation/analysis/tmc-263803/tmc-002/case-14/triplets-list.raw.txt>, flg<treeReconstruction.log>, frt<resTree.tree>, frtN</home/chun/projects/clineage-simulation/analysis/tmc-263803/tmc-002/case-14/reconstructed.tmp.newick>, fsd<qqq.dat>, fst<simul.tree>, -->index=2
Read triplets from file...
Read triplets from file...Finished
N_triplets = 430, idMaxFound = 17
treeBuildBasedOnTriplets_run...
make_isTogetherInTripletAndDeleteExtraTriplets: Finished
maxCut with 17 nodes: Finished
maxCut with 8 nodes: Finished
treeBuildBasedOnTriplets_run...Finished
Saving tree to file...
Saving tree to file...Finished

                            < M A T L A B (R) >
                  Copyright 1984-2017 The MathWorks, Inc.
                   R2017a (9.2.0.538062) 64-bit (glnxa64)
                             February 23, 2017

 
To get started, type one of these: helpwin, helpdesk, or demo.
For product information, visit www.mathworks.com.
 
TreeCmp version build2

Active options:
Type of the analysis:  ref-to-all comparison mode (-r)
Metrics:
  1. MatchingCluster (mc)
  2. R-F_Cluster (rc)
  3. NodalSplitted (ns)
  4. Triples (tt)
  5. MatchingPair (mp)
  6. MAST (mt)
  7. CopheneticL2Metric (co)
Input file: /home/chun/projects/clineage-simulation/analysis/tmc-263803/tmc-002/case-14/reconstructed.newick
Output file: /home/chun/projects/clineage-simulation/analysis/tmc-263803/tmc-002/case-14/scores.raw.out
Additional options:
N - Report normalized distances.
P - Prune compared trees if needed (trees can have different leaf sets).
I - Include summary section in the output file.
-----
2018-06-19 06:29:09: Start of reading random statistics.
2018-06-19 06:29:09: End of reading random statistics.
2018-06-19 06:29:09: Start of scanning input file: /home/chun/projects/clineage-simulation/analysis/tmc-263803/tmc-002/case-14/reconstructed.newick
2018-06-19 06:29:09: End of scanning input file: /home/chun/projects/clineage-simulation/analysis/tmc-263803/tmc-002/case-14/reconstructed.newick
2018-06-19 06:29:09: 1 valid trees found in file: /home/chun/projects/clineage-simulation/analysis/tmc-263803/tmc-002/case-14/reconstructed.newick
2018-06-19 06:29:09: Start of calculation...please wait...
2018-06-19 06:29:09: 0.00% completed...
2018-06-19 06:29:09: 100.00% completed.
2018-06-19 06:29:09: End of calculation.
2018-06-19 06:29:09: Total calculation time: 24 ms.
                               metrics
No                              1.0000
RefTree                         1.0000
Tree                            1.0000
RefTree_taxa                   17.0000
Tree_taxa                      17.0000
Common_taxa                    17.0000
MatchingCluster                32.0000
MatchingCluster_toYuleAvg       0.4951
MatchingCluster_toUnifAvg       0.4402
R-F_Cluster                    11.5000
R-F_Cluster_toYuleAvg           0.7785
R-F_Cluster_toUnifAvg           0.7747
NodalSplitted                  21.2603
NodalSplitted_toYuleAvg         0.4638
NodalSplitted_toUnifAvg         0.3883
Triples                       210.0000
Triples_toYuleAvg               0.4625
Triples_toUnifAvg               0.4618
MatchingPair                   56.0000
MatchingPair_toYuleAvg          0.5994
MatchingPair_toUnifAvg          0.6087
MAST                            9.0000
MAST_toYuleAvg                  0.8277
MAST_toUnifAvg                  0.8221
CopheneticL2Metric             10.8167
CopheneticL2Metric_toYuleAvg    0.3012
CopheneticL2Metric_toUnifAvg    0.2617

                 Name         Avg  Std         Min         Max  Count
0     MatchingCluster   32.000000  0.0   32.000000   32.000000      1
1         R-F_Cluster   11.500000  0.0   11.500000   11.500000      1
2       NodalSplitted   21.260292  0.0   21.260292   21.260292      1
3             Triples  210.000000  0.0  210.000000  210.000000      1
4        MatchingPair   56.000000  0.0   56.000000   56.000000      1
5                MAST    9.000000  0.0    9.000000    9.000000      1
6  CopheneticL2Metric   10.816654  0.0   10.816654   10.816654      1
