
                            < M A T L A B (R) >
                  Copyright 1984-2017 The MathWorks, Inc.
                   R2017a (9.2.0.538062) 64-bit (glnxa64)
                             February 23, 2017

 
To get started, type one of these: helpwin, helpdesk, or demo.
For product information, visit www.mathworks.com.
 
Running "Run1", Seed: 263803
 *** Finished Simulation Run ***

config-18.json #############################################

[#.........] | Progress: 1 | Time: 0.0s | ETA: --[.#........] | Progress: 321 | Time: 0.1s | ETA: --[..#.......] | Progress: 678 | Time: 0.1s | ETA: --[##########] | Progress: 930 | Time: 0.1s | ETA: --fit<>, fid</home/chun/projects/clineage-simulation/analysis/tmc-263803/tmc-002/case-18/triplets-list.raw.txt>, flg<treeReconstruction.log>, frt<resTree.tree>, frtN</home/chun/projects/clineage-simulation/analysis/tmc-263803/tmc-002/case-18/reconstructed.tmp.newick>, fsd<qqq.dat>, fst<simul.tree>, -->index=2
Read triplets from file...
Read triplets from file...Finished
N_triplets = 826, idMaxFound = 21
treeBuildBasedOnTriplets_run...
make_isTogetherInTripletAndDeleteExtraTriplets: Finished
maxCut with 21 nodes: Finished
maxCut with 10 nodes: Finished
maxCut with 10 nodes: Finished
maxCut with 7 nodes: Finished
maxCut with 6 nodes: Finished
maxCut with 5 nodes: Finished
treeBuildBasedOnTriplets_run...Finished
Saving tree to file...
Saving tree to file...Finished

                            < M A T L A B (R) >
                  Copyright 1984-2017 The MathWorks, Inc.
                   R2017a (9.2.0.538062) 64-bit (glnxa64)
                             February 23, 2017

 
To get started, type one of these: helpwin, helpdesk, or demo.
For product information, visit www.mathworks.com.
 
TreeCmp version build2

Active options:
Type of the analysis:  ref-to-all comparison mode (-r)
Metrics:
  1. MatchingCluster (mc)
  2. R-F_Cluster (rc)
  3. NodalSplitted (ns)
  4. Triples (tt)
  5. MatchingPair (mp)
  6. MAST (mt)
  7. CopheneticL2Metric (co)
Input file: /home/chun/projects/clineage-simulation/analysis/tmc-263803/tmc-002/case-18/reconstructed.newick
Output file: /home/chun/projects/clineage-simulation/analysis/tmc-263803/tmc-002/case-18/scores.raw.out
Additional options:
N - Report normalized distances.
P - Prune compared trees if needed (trees can have different leaf sets).
I - Include summary section in the output file.
-----
2018-06-19 06:29:08: Start of reading random statistics.
2018-06-19 06:29:08: End of reading random statistics.
2018-06-19 06:29:08: Start of scanning input file: /home/chun/projects/clineage-simulation/analysis/tmc-263803/tmc-002/case-18/reconstructed.newick
2018-06-19 06:29:08: End of scanning input file: /home/chun/projects/clineage-simulation/analysis/tmc-263803/tmc-002/case-18/reconstructed.newick
2018-06-19 06:29:08: 1 valid trees found in file: /home/chun/projects/clineage-simulation/analysis/tmc-263803/tmc-002/case-18/reconstructed.newick
2018-06-19 06:29:08: Start of calculation...please wait...
2018-06-19 06:29:08: 0.00% completed...
2018-06-19 06:29:08: 100.00% completed.
2018-06-19 06:29:08: End of calculation.
2018-06-19 06:29:08: Total calculation time: 27 ms.
                               metrics
No                              1.0000
RefTree                         1.0000
Tree                            1.0000
RefTree_taxa                   21.0000
Tree_taxa                      21.0000
Common_taxa                    21.0000
MatchingCluster                42.0000
MatchingCluster_toYuleAvg       0.4585
MatchingCluster_toUnifAvg       0.3971
R-F_Cluster                    14.5000
R-F_Cluster_toYuleAvg           0.7725
R-F_Cluster_toUnifAvg           0.7692
NodalSplitted                  24.6171
NodalSplitted_toYuleAvg         0.3998
NodalSplitted_toUnifAvg         0.3163
Triples                       348.0000
Triples_toYuleAvg               0.3919
Triples_toUnifAvg               0.3926
MatchingPair                   85.0000
MatchingPair_toYuleAvg          0.5691
MatchingPair_toUnifAvg          0.5807
MAST                           10.0000
MAST_toYuleAvg                  0.7055
MAST_toUnifAvg                  0.7005
CopheneticL2Metric             14.8324
CopheneticL2Metric_toYuleAvg    0.3117
CopheneticL2Metric_toUnifAvg    0.2568

                 Name         Avg  Std         Min         Max  Count
0     MatchingCluster   42.000000  0.0   42.000000   42.000000      1
1         R-F_Cluster   14.500000  0.0   14.500000   14.500000      1
2       NodalSplitted   24.617067  0.0   24.617067   24.617067      1
3             Triples  348.000000  0.0  348.000000  348.000000      1
4        MatchingPair   85.000000  0.0   85.000000   85.000000      1
5                MAST   10.000000  0.0   10.000000   10.000000      1
6  CopheneticL2Metric   14.832397  0.0   14.832397   14.832397      1
