
                            < M A T L A B (R) >
                  Copyright 1984-2017 The MathWorks, Inc.
                   R2017a (9.2.0.538062) 64-bit (glnxa64)
                             February 23, 2017

 
To get started, type one of these: helpwin, helpdesk, or demo.
For product information, visit www.mathworks.com.
 
Running "Run1", Seed: 263803
 *** Finished Simulation Run ***

config-11.json #############################################

[#.........] | Progress: 1 | Time: 0.0s | ETA: --[##########] | Progress: 248 | Time: 0.0s | ETA: --fit<>, fid</home/chun/projects/clineage-simulation/analysis/tmc-263803/tmc-002/case-11/triplets-list.raw.txt>, flg<treeReconstruction.log>, frt<resTree.tree>, frtN</home/chun/projects/clineage-simulation/analysis/tmc-263803/tmc-002/case-11/reconstructed.tmp.newick>, fsd<qqq.dat>, fst<simul.tree>, -->index=2
Read triplets from file...
Read triplets from file...Finished
N_triplets = 224, idMaxFound = 13
treeBuildBasedOnTriplets_run...
make_isTogetherInTripletAndDeleteExtraTriplets: Finished
maxCut with 14 nodes: Finished
maxCut with 13 nodes: Finished
maxCut with 12 nodes: Finished
treeBuildBasedOnTriplets_run...Finished
Saving tree to file...
Saving tree to file...Finished

                            < M A T L A B (R) >
                  Copyright 1984-2017 The MathWorks, Inc.
                   R2017a (9.2.0.538062) 64-bit (glnxa64)
                             February 23, 2017

 
To get started, type one of these: helpwin, helpdesk, or demo.
For product information, visit www.mathworks.com.
 
TreeCmp version build2

Active options:
Type of the analysis:  ref-to-all comparison mode (-r)
Metrics:
  1. MatchingCluster (mc)
  2. R-F_Cluster (rc)
  3. NodalSplitted (ns)
  4. Triples (tt)
  5. MatchingPair (mp)
  6. MAST (mt)
  7. CopheneticL2Metric (co)
Input file: /home/chun/projects/clineage-simulation/analysis/tmc-263803/tmc-002/case-11/reconstructed.newick
Output file: /home/chun/projects/clineage-simulation/analysis/tmc-263803/tmc-002/case-11/scores.raw.out
Additional options:
N - Report normalized distances.
P - Prune compared trees if needed (trees can have different leaf sets).
I - Include summary section in the output file.
-----
2018-06-19 06:29:06: Start of reading random statistics.
2018-06-19 06:29:07: End of reading random statistics.
2018-06-19 06:29:07: Start of scanning input file: /home/chun/projects/clineage-simulation/analysis/tmc-263803/tmc-002/case-11/reconstructed.newick
2018-06-19 06:29:07: End of scanning input file: /home/chun/projects/clineage-simulation/analysis/tmc-263803/tmc-002/case-11/reconstructed.newick
2018-06-19 06:29:07: 1 valid trees found in file: /home/chun/projects/clineage-simulation/analysis/tmc-263803/tmc-002/case-11/reconstructed.newick
2018-06-19 06:29:07: Start of calculation...please wait...
2018-06-19 06:29:07: 0.00% completed...
2018-06-19 06:29:07: 100.00% completed.
2018-06-19 06:29:07: End of calculation.
2018-06-19 06:29:07: Total calculation time: 23 ms.
                               metrics
No                              1.0000
RefTree                         1.0000
Tree                            1.0000
RefTree_taxa                   14.0000
Tree_taxa                      14.0000
Common_taxa                    14.0000
MatchingCluster                34.0000
MatchingCluster_toYuleAvg       0.7278
MatchingCluster_toUnifAvg       0.6739
R-F_Cluster                     9.0000
R-F_Cluster_toYuleAvg           0.7643
R-F_Cluster_toUnifAvg           0.7617
NodalSplitted                  19.9499
NodalSplitted_toYuleAvg         0.5742
NodalSplitted_toUnifAvg         0.5109
Triples                       142.0000
Triples_toYuleAvg               0.5844
Triples_toUnifAvg               0.5858
MatchingPair                   41.0000
MatchingPair_toYuleAvg          0.6818
MatchingPair_toUnifAvg          0.6942
MAST                            8.0000
MAST_toYuleAvg                  0.9430
MAST_toUnifAvg                  0.9338
CopheneticL2Metric             18.5472
CopheneticL2Metric_toYuleAvg    0.6776
CopheneticL2Metric_toUnifAvg    0.6079

                 Name         Avg  Std         Min         Max  Count
0     MatchingCluster   34.000000  0.0   34.000000   34.000000      1
1         R-F_Cluster    9.000000  0.0    9.000000    9.000000      1
2       NodalSplitted   19.949937  0.0   19.949937   19.949937      1
3             Triples  142.000000  0.0  142.000000  142.000000      1
4        MatchingPair   41.000000  0.0   41.000000   41.000000      1
5                MAST    8.000000  0.0    8.000000    8.000000      1
6  CopheneticL2Metric   18.547237  0.0   18.547237   18.547237      1
