                               metrics
No                              1.0000
RefTree                         1.0000
Tree                            1.0000
RefTree_taxa                   13.0000
Tree_taxa                      13.0000
Common_taxa                    13.0000
MatchingCluster                33.0000
MatchingCluster_toYuleAvg       0.8082
MatchingCluster_toUnifAvg       0.7482
R-F_Cluster                     9.5000
R-F_Cluster_toYuleAvg           0.8812
R-F_Cluster_toUnifAvg           0.8778
NodalSplitted                  22.0454
NodalSplitted_toYuleAvg         0.7199
NodalSplitted_toUnifAvg         0.6359
Triples                       130.0000
Triples_toYuleAvg               0.6802
Triples_toUnifAvg               0.6805
MatchingPair                   43.0000
MatchingPair_toYuleAvg          0.8443
MatchingPair_toUnifAvg          0.8587
MAST                            7.0000
MAST_toYuleAvg                  0.9094
MAST_toUnifAvg                  0.9015
CopheneticL2Metric             13.7113
CopheneticL2Metric_toYuleAvg    0.5652
CopheneticL2Metric_toUnifAvg    0.5133

                 Name         Avg  Std         Min         Max  Count
0     MatchingCluster   33.000000  0.0   33.000000   33.000000      1
1         R-F_Cluster    9.500000  0.0    9.500000    9.500000      1
2       NodalSplitted   22.045408  0.0   22.045408   22.045408      1
3             Triples  130.000000  0.0  130.000000  130.000000      1
4        MatchingPair   43.000000  0.0   43.000000   43.000000      1
5                MAST    7.000000  0.0    7.000000    7.000000      1
6  CopheneticL2Metric   13.711309  0.0   13.711309   13.711309      1
