                               metrics
No                              1.0000
RefTree                         1.0000
Tree                            1.0000
RefTree_taxa                   21.0000
Tree_taxa                      21.0000
Common_taxa                    21.0000
MatchingCluster                77.0000
MatchingCluster_toYuleAvg       0.8406
MatchingCluster_toUnifAvg       0.7280
R-F_Cluster                    15.5000
R-F_Cluster_toYuleAvg           0.8257
R-F_Cluster_toUnifAvg           0.8223
NodalSplitted                  44.4522
NodalSplitted_toYuleAvg         0.7219
NodalSplitted_toUnifAvg         0.5711
Triples                       822.0000
Triples_toYuleAvg               0.9257
Triples_toUnifAvg               0.9274
MatchingPair                  135.0000
MatchingPair_toYuleAvg          0.9039
MatchingPair_toUnifAvg          0.9222
MAST                           13.0000
MAST_toYuleAvg                  0.9171
MAST_toUnifAvg                  0.9106
CopheneticL2Metric             29.8329
CopheneticL2Metric_toYuleAvg    0.6270
CopheneticL2Metric_toUnifAvg    0.5164

                 Name         Avg  Std         Min         Max  Count
0     MatchingCluster   77.000000  0.0   77.000000   77.000000      1
1         R-F_Cluster   15.500000  0.0   15.500000   15.500000      1
2       NodalSplitted   44.452222  0.0   44.452222   44.452222      1
3             Triples  822.000000  0.0  822.000000  822.000000      1
4        MatchingPair  135.000000  0.0  135.000000  135.000000      1
5                MAST   13.000000  0.0   13.000000   13.000000      1
6  CopheneticL2Metric   29.832868  0.0   29.832868   29.832868      1
