
                            < M A T L A B (R) >
                  Copyright 1984-2017 The MathWorks, Inc.
                   R2017a (9.2.0.538062) 64-bit (glnxa64)
                             February 23, 2017

 
To get started, type one of these: helpwin, helpdesk, or demo.
For product information, visit www.mathworks.com.
 
Running "Run1", Seed: 136069
 *** Finished Simulation Run ***

config-11.json #############################################

[#.........] | Progress: 1 | Time: 0.0s | ETA: --[##########] | Progress: 251 | Time: 0.0s | ETA: --fit<>, fid</home/chun/projects/clineage-simulation/analysis/tmc-136069/tmc-001/case-11/triplets-list.raw.txt>, flg<treeReconstruction.log>, frt<resTree.tree>, frtN</home/chun/projects/clineage-simulation/analysis/tmc-136069/tmc-001/case-11/reconstructed.tmp.newick>, fsd<qqq.dat>, fst<simul.tree>, -->index=2
Read triplets from file...
Read triplets from file...Finished
N_triplets = 71, idMaxFound = 14
treeBuildBasedOnTriplets_run...
make_isTogetherInTripletAndDeleteExtraTriplets: Finished
maxCut with 10 nodes: Finished
treeBuildBasedOnTriplets_run...Finished
Saving tree to file...
Saving tree to file...Finished

                            < M A T L A B (R) >
                  Copyright 1984-2017 The MathWorks, Inc.
                   R2017a (9.2.0.538062) 64-bit (glnxa64)
                             February 23, 2017

 
To get started, type one of these: helpwin, helpdesk, or demo.
For product information, visit www.mathworks.com.
 
TreeCmp version build2

Active options:
Type of the analysis:  ref-to-all comparison mode (-r)
Metrics:
  1. MatchingCluster (mc)
  2. R-F_Cluster (rc)
  3. NodalSplitted (ns)
  4. Triples (tt)
  5. MatchingPair (mp)
  6. MAST (mt)
  7. CopheneticL2Metric (co)
Input file: /home/chun/projects/clineage-simulation/analysis/tmc-136069/tmc-001/case-11/reconstructed.newick
Output file: /home/chun/projects/clineage-simulation/analysis/tmc-136069/tmc-001/case-11/scores.raw.out
Additional options:
N - Report normalized distances.
P - Prune compared trees if needed (trees can have different leaf sets).
I - Include summary section in the output file.
-----
2018-06-19 06:53:21: Start of reading random statistics.
2018-06-19 06:53:21: End of reading random statistics.
2018-06-19 06:53:21: Start of scanning input file: /home/chun/projects/clineage-simulation/analysis/tmc-136069/tmc-001/case-11/reconstructed.newick
2018-06-19 06:53:21: End of scanning input file: /home/chun/projects/clineage-simulation/analysis/tmc-136069/tmc-001/case-11/reconstructed.newick
2018-06-19 06:53:21: 1 valid trees found in file: /home/chun/projects/clineage-simulation/analysis/tmc-136069/tmc-001/case-11/reconstructed.newick
2018-06-19 06:53:21: Start of calculation...please wait...
2018-06-19 06:53:21: 0.00% completed...
2018-06-19 06:53:21: 100.00% completed.
2018-06-19 06:53:21: End of calculation.
2018-06-19 06:53:21: Total calculation time: 32 ms.
                               metrics
No                              1.0000
RefTree                         1.0000
Tree                            1.0000
RefTree_taxa                   14.0000
Tree_taxa                      14.0000
Common_taxa                    14.0000
MatchingCluster                35.0000
MatchingCluster_toYuleAvg       0.7492
MatchingCluster_toUnifAvg       0.6937
R-F_Cluster                     8.5000
R-F_Cluster_toYuleAvg           0.7218
R-F_Cluster_toUnifAvg           0.7194
NodalSplitted                  23.5160
NodalSplitted_toYuleAvg         0.6768
NodalSplitted_toUnifAvg         0.6022
Triples                       251.0000
Triples_toYuleAvg               1.0330
Triples_toUnifAvg               1.0354
MatchingPair                   54.0000
MatchingPair_toYuleAvg          0.8980
MatchingPair_toUnifAvg          0.9143
MAST                            8.0000
MAST_toYuleAvg                  0.9430
MAST_toUnifAvg                  0.9338
CopheneticL2Metric             14.4914
CopheneticL2Metric_toYuleAvg    0.5294
CopheneticL2Metric_toUnifAvg    0.4749

                 Name         Avg  Std         Min         Max  Count
0     MatchingCluster   35.000000  0.0   35.000000   35.000000      1
1         R-F_Cluster    8.500000  0.0    8.500000    8.500000      1
2       NodalSplitted   23.515952  0.0   23.515952   23.515952      1
3             Triples  251.000000  0.0  251.000000  251.000000      1
4        MatchingPair   54.000000  0.0   54.000000   54.000000      1
5                MAST    8.000000  0.0    8.000000    8.000000      1
6  CopheneticL2Metric   14.491377  0.0   14.491377   14.491377      1
