
                            < M A T L A B (R) >
                  Copyright 1984-2017 The MathWorks, Inc.
                   R2017a (9.2.0.538062) 64-bit (glnxa64)
                             February 23, 2017

 
To get started, type one of these: helpwin, helpdesk, or demo.
For product information, visit www.mathworks.com.
 
Running "Run1", Seed: 136069
 *** Finished Simulation Run ***

config-19.json #############################################

[#.........] | Progress: 1 | Time: 0.0s | ETA: --[.#........] | Progress: 514 | Time: 0.1s | ETA: --[..#.......] | Progress: 1026 | Time: 0.1s | ETA: --[##########] | Progress: 1040 | Time: 0.1s | ETA: --fit<>, fid</home/chun/projects/clineage-simulation/analysis/tmc-136069/tmc-001/case-19/triplets-list.raw.txt>, flg<treeReconstruction.log>, frt<resTree.tree>, frtN</home/chun/projects/clineage-simulation/analysis/tmc-136069/tmc-001/case-19/reconstructed.tmp.newick>, fsd<qqq.dat>, fst<simul.tree>, -->index=2
Read triplets from file...
Read triplets from file...Finished
N_triplets = 478, idMaxFound = 22
treeBuildBasedOnTriplets_run...
make_isTogetherInTripletAndDeleteExtraTriplets: Finished
maxCut with 18 nodes: Finished
maxCut with 14 nodes: Finished
treeBuildBasedOnTriplets_run...Finished
Saving tree to file...
Saving tree to file...Finished

                            < M A T L A B (R) >
                  Copyright 1984-2017 The MathWorks, Inc.
                   R2017a (9.2.0.538062) 64-bit (glnxa64)
                             February 23, 2017

 
To get started, type one of these: helpwin, helpdesk, or demo.
For product information, visit www.mathworks.com.
 
TreeCmp version build2

Active options:
Type of the analysis:  ref-to-all comparison mode (-r)
Metrics:
  1. MatchingCluster (mc)
  2. R-F_Cluster (rc)
  3. NodalSplitted (ns)
  4. Triples (tt)
  5. MatchingPair (mp)
  6. MAST (mt)
  7. CopheneticL2Metric (co)
Input file: /home/chun/projects/clineage-simulation/analysis/tmc-136069/tmc-001/case-19/reconstructed.newick
Output file: /home/chun/projects/clineage-simulation/analysis/tmc-136069/tmc-001/case-19/scores.raw.out
Additional options:
N - Report normalized distances.
P - Prune compared trees if needed (trees can have different leaf sets).
I - Include summary section in the output file.
-----
2018-06-19 06:53:22: Start of reading random statistics.
2018-06-19 06:53:22: End of reading random statistics.
2018-06-19 06:53:22: Start of scanning input file: /home/chun/projects/clineage-simulation/analysis/tmc-136069/tmc-001/case-19/reconstructed.newick
2018-06-19 06:53:22: End of scanning input file: /home/chun/projects/clineage-simulation/analysis/tmc-136069/tmc-001/case-19/reconstructed.newick
2018-06-19 06:53:22: 1 valid trees found in file: /home/chun/projects/clineage-simulation/analysis/tmc-136069/tmc-001/case-19/reconstructed.newick
2018-06-19 06:53:22: Start of calculation...please wait...
2018-06-19 06:53:22: 0.00% completed...
2018-06-19 06:53:22: 100.00% completed.
2018-06-19 06:53:22: End of calculation.
2018-06-19 06:53:22: Total calculation time: 28 ms.
                                metrics
No                               1.0000
RefTree                          1.0000
Tree                             1.0000
RefTree_taxa                    22.0000
Tree_taxa                       22.0000
Common_taxa                     22.0000
MatchingCluster                 80.0000
MatchingCluster_toYuleAvg        0.8095
MatchingCluster_toUnifAvg        0.6908
R-F_Cluster                     13.0000
R-F_Cluster_toYuleAvg            0.6575
R-F_Cluster_toUnifAvg            0.6546
NodalSplitted                   47.7284
NodalSplitted_toYuleAvg          0.7165
NodalSplitted_toUnifAvg          0.5610
Triples                       1027.0000
Triples_toYuleAvg                1.0009
Triples_toUnifAvg                0.9978
MatchingPair                   158.0000
MatchingPair_toYuleAvg           0.9591
MatchingPair_toUnifAvg           0.9758
MAST                            15.0000
MAST_toYuleAvg                   1.0001
MAST_toUnifAvg                   0.9929
CopheneticL2Metric              27.2029
CopheneticL2Metric_toYuleAvg     0.5352
CopheneticL2Metric_toUnifAvg     0.4335

                 Name          Avg  Std          Min          Max  Count
0     MatchingCluster    80.000000  0.0    80.000000    80.000000      1
1         R-F_Cluster    13.000000  0.0    13.000000    13.000000      1
2       NodalSplitted    47.728398  0.0    47.728398    47.728398      1
3             Triples  1027.000000  0.0  1027.000000  1027.000000      1
4        MatchingPair   158.000000  0.0   158.000000   158.000000      1
5                MAST    15.000000  0.0    15.000000    15.000000      1
6  CopheneticL2Metric    27.202941  0.0    27.202941    27.202941      1
