
                            < M A T L A B (R) >
                  Copyright 1984-2017 The MathWorks, Inc.
                   R2017a (9.2.0.538062) 64-bit (glnxa64)
                             February 23, 2017

 
To get started, type one of these: helpwin, helpdesk, or demo.
For product information, visit www.mathworks.com.
 
Running "Run1", Seed: 136069
 *** Finished Simulation Run ***

config-09.json #############################################

[#.........] | Progress: 1 | Time: 0.0s | ETA: --[##########] | Progress: 164 | Time: 0.0s | ETA: --fit<>, fid</home/chun/projects/clineage-simulation/analysis/tmc-136069/tmc-001/case-09/triplets-list.raw.txt>, flg<treeReconstruction.log>, frt<resTree.tree>, frtN</home/chun/projects/clineage-simulation/analysis/tmc-136069/tmc-001/case-09/reconstructed.tmp.newick>, fsd<qqq.dat>, fst<simul.tree>, -->index=2
Read triplets from file...
Read triplets from file...Finished
N_triplets = 51, idMaxFound = 11
treeBuildBasedOnTriplets_run...
make_isTogetherInTripletAndDeleteExtraTriplets: Finished
maxCut with 9 nodes: Finished
treeBuildBasedOnTriplets_run...Finished
Saving tree to file...
Saving tree to file...Finished

                            < M A T L A B (R) >
                  Copyright 1984-2017 The MathWorks, Inc.
                   R2017a (9.2.0.538062) 64-bit (glnxa64)
                             February 23, 2017

 
To get started, type one of these: helpwin, helpdesk, or demo.
For product information, visit www.mathworks.com.
 
TreeCmp version build2

Active options:
Type of the analysis:  ref-to-all comparison mode (-r)
Metrics:
  1. MatchingCluster (mc)
  2. R-F_Cluster (rc)
  3. NodalSplitted (ns)
  4. Triples (tt)
  5. MatchingPair (mp)
  6. MAST (mt)
  7. CopheneticL2Metric (co)
Input file: /home/chun/projects/clineage-simulation/analysis/tmc-136069/tmc-001/case-09/reconstructed.newick
Output file: /home/chun/projects/clineage-simulation/analysis/tmc-136069/tmc-001/case-09/scores.raw.out
Additional options:
N - Report normalized distances.
P - Prune compared trees if needed (trees can have different leaf sets).
I - Include summary section in the output file.
-----
2018-06-19 06:53:22: Start of reading random statistics.
2018-06-19 06:53:22: End of reading random statistics.
2018-06-19 06:53:22: Start of scanning input file: /home/chun/projects/clineage-simulation/analysis/tmc-136069/tmc-001/case-09/reconstructed.newick
2018-06-19 06:53:22: End of scanning input file: /home/chun/projects/clineage-simulation/analysis/tmc-136069/tmc-001/case-09/reconstructed.newick
2018-06-19 06:53:22: 1 valid trees found in file: /home/chun/projects/clineage-simulation/analysis/tmc-136069/tmc-001/case-09/reconstructed.newick
2018-06-19 06:53:22: Start of calculation...please wait...
2018-06-19 06:53:22: 0.00% completed...
2018-06-19 06:53:22: 100.00% completed.
2018-06-19 06:53:22: End of calculation.
2018-06-19 06:53:22: Total calculation time: 20 ms.
                               metrics
No                              1.0000
RefTree                         1.0000
Tree                            1.0000
RefTree_taxa                   12.0000
Tree_taxa                      11.0000
Common_taxa                    11.0000
MatchingCluster                23.0000
MatchingCluster_toYuleAvg       0.7578
MatchingCluster_toUnifAvg       0.7198
R-F_Cluster                     7.0000
R-F_Cluster_toYuleAvg           0.8014
R-F_Cluster_toUnifAvg           0.7952
NodalSplitted                  16.6132
NodalSplitted_toYuleAvg         0.7000
NodalSplitted_toUnifAvg         0.6480
Triples                       108.0000
Triples_toYuleAvg               0.9827
Triples_toUnifAvg               0.9799
MatchingPair                   33.0000
MatchingPair_toYuleAvg          0.9608
MatchingPair_toUnifAvg          0.9689
MAST                            5.0000
MAST_toYuleAvg                  0.8092
MAST_toUnifAvg                  0.8080
CopheneticL2Metric             11.8322
CopheneticL2Metric_toYuleAvg    0.6207
CopheneticL2Metric_toUnifAvg    0.5754

                 Name         Avg  Std         Min         Max  Count
0     MatchingCluster   23.000000  0.0   23.000000   23.000000      1
1         R-F_Cluster    7.000000  0.0    7.000000    7.000000      1
2       NodalSplitted   16.613248  0.0   16.613248   16.613248      1
3             Triples  108.000000  0.0  108.000000  108.000000      1
4        MatchingPair   33.000000  0.0   33.000000   33.000000      1
5                MAST    5.000000  0.0    5.000000    5.000000      1
6  CopheneticL2Metric   11.832160  0.0   11.832160   11.832160      1
