
                            < M A T L A B (R) >
                  Copyright 1984-2017 The MathWorks, Inc.
                   R2017a (9.2.0.538062) 64-bit (glnxa64)
                             February 23, 2017

 
To get started, type one of these: helpwin, helpdesk, or demo.
For product information, visit www.mathworks.com.
 
Running "Run1", Seed: 136069
 *** Finished Simulation Run ***

config-16.json #############################################

[#.........] | Progress: 1 | Time: 0.0s | ETA: --[.#........] | Progress: 457 | Time: 0.1s | ETA: --[##########] | Progress: 672 | Time: 0.1s | ETA: --fit<>, fid</home/chun/projects/clineage-simulation/analysis/tmc-136069/tmc-001/case-16/triplets-list.raw.txt>, flg<treeReconstruction.log>, frt<resTree.tree>, frtN</home/chun/projects/clineage-simulation/analysis/tmc-136069/tmc-001/case-16/reconstructed.tmp.newick>, fsd<qqq.dat>, fst<simul.tree>, -->index=2
Read triplets from file...
Read triplets from file...Finished
N_triplets = 286, idMaxFound = 19
treeBuildBasedOnTriplets_run...
make_isTogetherInTripletAndDeleteExtraTriplets: Finished
maxCut with 15 nodes: Finished
treeBuildBasedOnTriplets_run...Finished
Saving tree to file...
Saving tree to file...Finished

                            < M A T L A B (R) >
                  Copyright 1984-2017 The MathWorks, Inc.
                   R2017a (9.2.0.538062) 64-bit (glnxa64)
                             February 23, 2017

 
To get started, type one of these: helpwin, helpdesk, or demo.
For product information, visit www.mathworks.com.
 
TreeCmp version build2

Active options:
Type of the analysis:  ref-to-all comparison mode (-r)
Metrics:
  1. MatchingCluster (mc)
  2. R-F_Cluster (rc)
  3. NodalSplitted (ns)
  4. Triples (tt)
  5. MatchingPair (mp)
  6. MAST (mt)
  7. CopheneticL2Metric (co)
Input file: /home/chun/projects/clineage-simulation/analysis/tmc-136069/tmc-001/case-16/reconstructed.newick
Output file: /home/chun/projects/clineage-simulation/analysis/tmc-136069/tmc-001/case-16/scores.raw.out
Additional options:
N - Report normalized distances.
P - Prune compared trees if needed (trees can have different leaf sets).
I - Include summary section in the output file.
-----
2018-06-19 06:53:21: Start of reading random statistics.
2018-06-19 06:53:21: End of reading random statistics.
2018-06-19 06:53:21: Start of scanning input file: /home/chun/projects/clineage-simulation/analysis/tmc-136069/tmc-001/case-16/reconstructed.newick
2018-06-19 06:53:21: End of scanning input file: /home/chun/projects/clineage-simulation/analysis/tmc-136069/tmc-001/case-16/reconstructed.newick
2018-06-19 06:53:21: 1 valid trees found in file: /home/chun/projects/clineage-simulation/analysis/tmc-136069/tmc-001/case-16/reconstructed.newick
2018-06-19 06:53:21: Start of calculation...please wait...
2018-06-19 06:53:21: 0.00% completed...
2018-06-19 06:53:21: 100.00% completed.
2018-06-19 06:53:21: End of calculation.
2018-06-19 06:53:21: Total calculation time: 24 ms.
                               metrics
No                              1.0000
RefTree                         1.0000
Tree                            1.0000
RefTree_taxa                   19.0000
Tree_taxa                      19.0000
Common_taxa                    19.0000
MatchingCluster                58.0000
MatchingCluster_toYuleAvg       0.7480
MatchingCluster_toUnifAvg       0.6526
R-F_Cluster                    12.0000
R-F_Cluster_toYuleAvg           0.7166
R-F_Cluster_toUnifAvg           0.7129
NodalSplitted                  38.3145
NodalSplitted_toYuleAvg         0.7124
NodalSplitted_toUnifAvg         0.5808
Triples                       614.0000
Triples_toYuleAvg               0.9541
Triples_toUnifAvg               0.9495
MatchingPair                   99.0000
MatchingPair_toYuleAvg          0.8272
MatchingPair_toUnifAvg          0.8405
MAST                           13.0000
MAST_toYuleAvg                  1.0388
MAST_toUnifAvg                  1.0307
CopheneticL2Metric             20.9045
CopheneticL2Metric_toYuleAvg    0.4952
CopheneticL2Metric_toUnifAvg    0.4245

                 Name         Avg  Std         Min         Max  Count
0     MatchingCluster   58.000000  0.0   58.000000   58.000000      1
1         R-F_Cluster   12.000000  0.0   12.000000   12.000000      1
2       NodalSplitted   38.314488  0.0   38.314488   38.314488      1
3             Triples  614.000000  0.0  614.000000  614.000000      1
4        MatchingPair   99.000000  0.0   99.000000   99.000000      1
5                MAST   13.000000  0.0   13.000000   13.000000      1
6  CopheneticL2Metric   20.904545  0.0   20.904545   20.904545      1
