
                            < M A T L A B (R) >
                  Copyright 1984-2017 The MathWorks, Inc.
                   R2017a (9.2.0.538062) 64-bit (glnxa64)
                             February 23, 2017

 
To get started, type one of these: helpwin, helpdesk, or demo.
For product information, visit www.mathworks.com.
 
Running "Run1", Seed: 136069
 *** Finished Simulation Run ***

config-07.json #############################################

[#.........] | Progress: 1 | Time: 0.0s | ETA: --[##########] | Progress: 88 | Time: 0.0s | ETA: --fit<>, fid</home/chun/projects/clineage-simulation/analysis/tmc-136069/tmc-001/case-07/triplets-list.raw.txt>, flg<treeReconstruction.log>, frt<resTree.tree>, frtN</home/chun/projects/clineage-simulation/analysis/tmc-136069/tmc-001/case-07/reconstructed.tmp.newick>, fsd<qqq.dat>, fst<simul.tree>, -->index=2
Read triplets from file...
Read triplets from file...Finished
N_triplets = 16, idMaxFound = 10
treeBuildBasedOnTriplets_run...
make_isTogetherInTripletAndDeleteExtraTriplets: Finished
treeBuildBasedOnTriplets_run...Finished
Saving tree to file...
Saving tree to file...Finished

                            < M A T L A B (R) >
                  Copyright 1984-2017 The MathWorks, Inc.
                   R2017a (9.2.0.538062) 64-bit (glnxa64)
                             February 23, 2017

 
To get started, type one of these: helpwin, helpdesk, or demo.
For product information, visit www.mathworks.com.
 
TreeCmp version build2

Active options:
Type of the analysis:  ref-to-all comparison mode (-r)
Metrics:
  1. MatchingCluster (mc)
  2. R-F_Cluster (rc)
  3. NodalSplitted (ns)
  4. Triples (tt)
  5. MatchingPair (mp)
  6. MAST (mt)
  7. CopheneticL2Metric (co)
Input file: /home/chun/projects/clineage-simulation/analysis/tmc-136069/tmc-001/case-07/reconstructed.newick
Output file: /home/chun/projects/clineage-simulation/analysis/tmc-136069/tmc-001/case-07/scores.raw.out
Additional options:
N - Report normalized distances.
P - Prune compared trees if needed (trees can have different leaf sets).
I - Include summary section in the output file.
-----
2018-06-19 06:53:20: Start of reading random statistics.
2018-06-19 06:53:20: End of reading random statistics.
2018-06-19 06:53:20: Start of scanning input file: /home/chun/projects/clineage-simulation/analysis/tmc-136069/tmc-001/case-07/reconstructed.newick
2018-06-19 06:53:20: End of scanning input file: /home/chun/projects/clineage-simulation/analysis/tmc-136069/tmc-001/case-07/reconstructed.newick
2018-06-19 06:53:20: 1 valid trees found in file: /home/chun/projects/clineage-simulation/analysis/tmc-136069/tmc-001/case-07/reconstructed.newick
2018-06-19 06:53:20: Start of calculation...please wait...
2018-06-19 06:53:20: 0.00% completed...
2018-06-19 06:53:20: 100.00% completed.
2018-06-19 06:53:20: End of calculation.
2018-06-19 06:53:20: Total calculation time: 21 ms.
                              metrics
No                             1.0000
RefTree                        1.0000
Tree                           1.0000
RefTree_taxa                  10.0000
Tree_taxa                     10.0000
Common_taxa                   10.0000
MatchingCluster               21.0000
MatchingCluster_toYuleAvg      0.8263
MatchingCluster_toUnifAvg      0.7943
R-F_Cluster                    5.5000
R-F_Cluster_toYuleAvg          0.7106
R-F_Cluster_toUnifAvg          0.7073
NodalSplitted                 14.9332
NodalSplitted_toYuleAvg        0.7375
NodalSplitted_toUnifAvg        0.6938
Triples                       97.0000
Triples_toYuleAvg              1.2101
Triples_toUnifAvg              1.2208
MatchingPair                  22.0000
MatchingPair_toYuleAvg         0.7954
MatchingPair_toUnifAvg         0.8133
MAST                           5.0000
MAST_toYuleAvg                 0.9289
MAST_toUnifAvg                 0.9344
CopheneticL2Metric            10.0499
CopheneticL2Metric_toYuleAvg   0.6137
CopheneticL2Metric_toUnifAvg   0.5853

                 Name        Avg  Std        Min        Max  Count
0     MatchingCluster  21.000000  0.0  21.000000  21.000000      1
1         R-F_Cluster   5.500000  0.0   5.500000   5.500000      1
2       NodalSplitted  14.933185  0.0  14.933185  14.933185      1
3             Triples  97.000000  0.0  97.000000  97.000000      1
4        MatchingPair  22.000000  0.0  22.000000  22.000000      1
5                MAST   5.000000  0.0   5.000000   5.000000      1
6  CopheneticL2Metric  10.049876  0.0  10.049876  10.049876      1
