
                            < M A T L A B (R) >
                  Copyright 1984-2017 The MathWorks, Inc.
                   R2017a (9.2.0.538062) 64-bit (glnxa64)
                             February 23, 2017

 
To get started, type one of these: helpwin, helpdesk, or demo.
For product information, visit www.mathworks.com.
 
Running "Run1", Seed: 136069
 *** Finished Simulation Run ***

config-08.json #############################################

[#.........] | Progress: 1 | Time: 0.0s | ETA: --[##########] | Progress: 115 | Time: 0.0s | ETA: --fit<>, fid</home/chun/projects/clineage-simulation/analysis/tmc-136069/tmc-001/case-08/triplets-list.raw.txt>, flg<treeReconstruction.log>, frt<resTree.tree>, frtN</home/chun/projects/clineage-simulation/analysis/tmc-136069/tmc-001/case-08/reconstructed.tmp.newick>, fsd<qqq.dat>, fst<simul.tree>, -->index=2
Read triplets from file...
Read triplets from file...Finished
N_triplets = 34, idMaxFound = 11
treeBuildBasedOnTriplets_run...
make_isTogetherInTripletAndDeleteExtraTriplets: Finished
treeBuildBasedOnTriplets_run...Finished
Saving tree to file...
Saving tree to file...Finished

                            < M A T L A B (R) >
                  Copyright 1984-2017 The MathWorks, Inc.
                   R2017a (9.2.0.538062) 64-bit (glnxa64)
                             February 23, 2017

 
To get started, type one of these: helpwin, helpdesk, or demo.
For product information, visit www.mathworks.com.
 
TreeCmp version build2

Active options:
Type of the analysis:  ref-to-all comparison mode (-r)
Metrics:
  1. MatchingCluster (mc)
  2. R-F_Cluster (rc)
  3. NodalSplitted (ns)
  4. Triples (tt)
  5. MatchingPair (mp)
  6. MAST (mt)
  7. CopheneticL2Metric (co)
Input file: /home/chun/projects/clineage-simulation/analysis/tmc-136069/tmc-001/case-08/reconstructed.newick
Output file: /home/chun/projects/clineage-simulation/analysis/tmc-136069/tmc-001/case-08/scores.raw.out
Additional options:
N - Report normalized distances.
P - Prune compared trees if needed (trees can have different leaf sets).
I - Include summary section in the output file.
-----
2018-06-19 06:53:25: Start of reading random statistics.
2018-06-19 06:53:25: End of reading random statistics.
2018-06-19 06:53:25: Start of scanning input file: /home/chun/projects/clineage-simulation/analysis/tmc-136069/tmc-001/case-08/reconstructed.newick
2018-06-19 06:53:25: End of scanning input file: /home/chun/projects/clineage-simulation/analysis/tmc-136069/tmc-001/case-08/reconstructed.newick
2018-06-19 06:53:25: 1 valid trees found in file: /home/chun/projects/clineage-simulation/analysis/tmc-136069/tmc-001/case-08/reconstructed.newick
2018-06-19 06:53:25: Start of calculation...please wait...
2018-06-19 06:53:25: 0.00% completed...
2018-06-19 06:53:25: 100.00% completed.
2018-06-19 06:53:25: End of calculation.
2018-06-19 06:53:25: Total calculation time: 22 ms.
                               metrics
No                              1.0000
RefTree                         1.0000
Tree                            1.0000
RefTree_taxa                   11.0000
Tree_taxa                      11.0000
Common_taxa                    11.0000
MatchingCluster                22.0000
MatchingCluster_toYuleAvg       0.7249
MatchingCluster_toUnifAvg       0.6885
R-F_Cluster                     6.0000
R-F_Cluster_toYuleAvg           0.6869
R-F_Cluster_toUnifAvg           0.6816
NodalSplitted                  15.1658
NodalSplitted_toYuleAvg         0.6390
NodalSplitted_toUnifAvg         0.5915
Triples                       130.0000
Triples_toYuleAvg               1.1829
Triples_toUnifAvg               1.1795
MatchingPair                   27.0000
MatchingPair_toYuleAvg          0.7861
MatchingPair_toUnifAvg          0.7928
MAST                            6.0000
MAST_toYuleAvg                  0.9710
MAST_toUnifAvg                  0.9696
CopheneticL2Metric             10.0000
CopheneticL2Metric_toYuleAvg    0.5246
CopheneticL2Metric_toUnifAvg    0.4863

                 Name         Avg  Std         Min         Max  Count
0     MatchingCluster   22.000000  0.0   22.000000   22.000000      1
1         R-F_Cluster    6.000000  0.0    6.000000    6.000000      1
2       NodalSplitted   15.165751  0.0   15.165751   15.165751      1
3             Triples  130.000000  0.0  130.000000  130.000000      1
4        MatchingPair   27.000000  0.0   27.000000   27.000000      1
5                MAST    6.000000  0.0    6.000000    6.000000      1
6  CopheneticL2Metric   10.000000  0.0   10.000000   10.000000      1
