
                            < M A T L A B (R) >
                  Copyright 1984-2017 The MathWorks, Inc.
                   R2017a (9.2.0.538062) 64-bit (glnxa64)
                             February 23, 2017

 
To get started, type one of these: helpwin, helpdesk, or demo.
For product information, visit www.mathworks.com.
 
Running "Run1", Seed: 136069
 *** Finished Simulation Run ***

config-15.json #############################################

[#.........] | Progress: 1 | Time: 0.0s | ETA: --[##########] | Progress: 568 | Time: 0.1s | ETA: --fit<>, fid</home/chun/projects/clineage-simulation/analysis/tmc-136069/tmc-001/case-15/triplets-list.raw.txt>, flg<treeReconstruction.log>, frt<resTree.tree>, frtN</home/chun/projects/clineage-simulation/analysis/tmc-136069/tmc-001/case-15/reconstructed.tmp.newick>, fsd<qqq.dat>, fst<simul.tree>, -->index=2
Read triplets from file...
Read triplets from file...Finished
N_triplets = 226, idMaxFound = 18
treeBuildBasedOnTriplets_run...
make_isTogetherInTripletAndDeleteExtraTriplets: Finished
maxCut with 14 nodes: Finished
treeBuildBasedOnTriplets_run...Finished
Saving tree to file...
Saving tree to file...Finished

                            < M A T L A B (R) >
                  Copyright 1984-2017 The MathWorks, Inc.
                   R2017a (9.2.0.538062) 64-bit (glnxa64)
                             February 23, 2017

 
To get started, type one of these: helpwin, helpdesk, or demo.
For product information, visit www.mathworks.com.
 
TreeCmp version build2

Active options:
Type of the analysis:  ref-to-all comparison mode (-r)
Metrics:
  1. MatchingCluster (mc)
  2. R-F_Cluster (rc)
  3. NodalSplitted (ns)
  4. Triples (tt)
  5. MatchingPair (mp)
  6. MAST (mt)
  7. CopheneticL2Metric (co)
Input file: /home/chun/projects/clineage-simulation/analysis/tmc-136069/tmc-001/case-15/reconstructed.newick
Output file: /home/chun/projects/clineage-simulation/analysis/tmc-136069/tmc-001/case-15/scores.raw.out
Additional options:
N - Report normalized distances.
P - Prune compared trees if needed (trees can have different leaf sets).
I - Include summary section in the output file.
-----
2018-06-19 06:53:27: Start of reading random statistics.
2018-06-19 06:53:27: End of reading random statistics.
2018-06-19 06:53:27: Start of scanning input file: /home/chun/projects/clineage-simulation/analysis/tmc-136069/tmc-001/case-15/reconstructed.newick
2018-06-19 06:53:27: End of scanning input file: /home/chun/projects/clineage-simulation/analysis/tmc-136069/tmc-001/case-15/reconstructed.newick
2018-06-19 06:53:27: 1 valid trees found in file: /home/chun/projects/clineage-simulation/analysis/tmc-136069/tmc-001/case-15/reconstructed.newick
2018-06-19 06:53:27: Start of calculation...please wait...
2018-06-19 06:53:27: 0.00% completed...
2018-06-19 06:53:27: 100.00% completed.
2018-06-19 06:53:27: End of calculation.
2018-06-19 06:53:27: Total calculation time: 25 ms.
                               metrics
No                              1.0000
RefTree                         1.0000
Tree                            1.0000
RefTree_taxa                   18.0000
Tree_taxa                      18.0000
Common_taxa                    18.0000
MatchingCluster                55.0000
MatchingCluster_toYuleAvg       0.7742
MatchingCluster_toUnifAvg       0.6839
R-F_Cluster                    12.0000
R-F_Cluster_toYuleAvg           0.7602
R-F_Cluster_toUnifAvg           0.7583
NodalSplitted                  35.0856
NodalSplitted_toYuleAvg         0.7057
NodalSplitted_toUnifAvg         0.5788
Triples                       544.0000
Triples_toYuleAvg               0.9950
Triples_toUnifAvg               1.0019
MatchingPair                   94.0000
MatchingPair_toYuleAvg          0.8836
MatchingPair_toUnifAvg          0.9038
MAST                           12.0000
MAST_toYuleAvg                  1.0224
MAST_toUnifAvg                  1.0196
CopheneticL2Metric             19.4165
CopheneticL2Metric_toYuleAvg    0.4949
CopheneticL2Metric_toUnifAvg    0.4296

                 Name         Avg  Std         Min         Max  Count
0     MatchingCluster   55.000000  0.0   55.000000   55.000000      1
1         R-F_Cluster   12.000000  0.0   12.000000   12.000000      1
2       NodalSplitted   35.085610  0.0   35.085610   35.085610      1
3             Triples  544.000000  0.0  544.000000  544.000000      1
4        MatchingPair   94.000000  0.0   94.000000   94.000000      1
5                MAST   12.000000  0.0   12.000000   12.000000      1
6  CopheneticL2Metric   19.416488  0.0   19.416488   19.416488      1
