                               metrics
No                              1.0000
RefTree                         1.0000
Tree                            1.0000
RefTree_taxa                   13.0000
Tree_taxa                      13.0000
Common_taxa                    13.0000
MatchingCluster                37.0000
MatchingCluster_toYuleAvg       0.9062
MatchingCluster_toUnifAvg       0.8389
R-F_Cluster                    10.0000
R-F_Cluster_toYuleAvg           0.9276
R-F_Cluster_toUnifAvg           0.9240
NodalSplitted                  24.9399
NodalSplitted_toYuleAvg         0.8144
NodalSplitted_toUnifAvg         0.7194
Triples                       189.0000
Triples_toYuleAvg               0.9889
Triples_toUnifAvg               0.9894
MatchingPair                   51.0000
MatchingPair_toYuleAvg          1.0014
MatchingPair_toUnifAvg          1.0184
MAST                            8.0000
MAST_toYuleAvg                  1.0394
MAST_toUnifAvg                  1.0303
CopheneticL2Metric             23.7487
CopheneticL2Metric_toYuleAvg    0.9789
CopheneticL2Metric_toUnifAvg    0.8891

                 Name         Avg  Std         Min         Max  Count
0     MatchingCluster   37.000000  0.0   37.000000   37.000000      1
1         R-F_Cluster   10.000000  0.0   10.000000   10.000000      1
2       NodalSplitted   24.939928  0.0   24.939928   24.939928      1
3             Triples  189.000000  0.0  189.000000  189.000000      1
4        MatchingPair   51.000000  0.0   51.000000   51.000000      1
5                MAST    8.000000  0.0    8.000000    8.000000      1
6  CopheneticL2Metric   23.748684  0.0   23.748684   23.748684      1
