                              metrics
No                             1.0000
RefTree                        1.0000
Tree                           1.0000
RefTree_taxa                  14.0000
Tree_taxa                     14.0000
Common_taxa                   14.0000
MatchingCluster               15.0000
MatchingCluster_toYuleAvg      0.3211
MatchingCluster_toUnifAvg      0.2973
R-F_Cluster                    4.5000
R-F_Cluster_toYuleAvg          0.3821
R-F_Cluster_toUnifAvg          0.3809
NodalSplitted                 13.0767
NodalSplitted_toYuleAvg        0.3764
NodalSplitted_toUnifAvg        0.3349
Triples                       95.0000
Triples_toYuleAvg              0.3910
Triples_toUnifAvg              0.3919
MatchingPair                  29.0000
MatchingPair_toYuleAvg         0.4823
MatchingPair_toUnifAvg         0.4910
MAST                           5.0000
MAST_toYuleAvg                 0.5893
MAST_toUnifAvg                 0.5836
CopheneticL2Metric             9.7468
CopheneticL2Metric_toYuleAvg   0.3561
CopheneticL2Metric_toUnifAvg   0.3194

                 Name        Avg  Std        Min        Max  Count
0     MatchingCluster  15.000000  0.0  15.000000  15.000000      1
1         R-F_Cluster   4.500000  0.0   4.500000   4.500000      1
2       NodalSplitted  13.076697  0.0  13.076697  13.076697      1
3             Triples  95.000000  0.0  95.000000  95.000000      1
4        MatchingPair  29.000000  0.0  29.000000  29.000000      1
5                MAST   5.000000  0.0   5.000000   5.000000      1
6  CopheneticL2Metric   9.746794  0.0   9.746794   9.746794      1
