                              metrics
No                             1.0000
RefTree                        1.0000
Tree                           1.0000
RefTree_taxa                  11.0000
Tree_taxa                     11.0000
Common_taxa                   11.0000
MatchingCluster               17.0000
MatchingCluster_toYuleAvg      0.5601
MatchingCluster_toUnifAvg      0.5320
R-F_Cluster                    5.5000
R-F_Cluster_toYuleAvg          0.6297
R-F_Cluster_toUnifAvg          0.6248
NodalSplitted                 12.1655
NodalSplitted_toYuleAvg        0.5126
NodalSplitted_toUnifAvg        0.4745
Triples                       39.0000
Triples_toYuleAvg              0.3549
Triples_toUnifAvg              0.3539
MatchingPair                  19.0000
MatchingPair_toYuleAvg         0.5532
MatchingPair_toUnifAvg         0.5579
MAST                           4.0000
MAST_toYuleAvg                 0.6474
MAST_toUnifAvg                 0.6464
CopheneticL2Metric             9.7468
CopheneticL2Metric_toYuleAvg   0.5113
CopheneticL2Metric_toUnifAvg   0.4740

                 Name        Avg  Std        Min        Max  Count
0     MatchingCluster  17.000000  0.0  17.000000  17.000000      1
1         R-F_Cluster   5.500000  0.0   5.500000   5.500000      1
2       NodalSplitted  12.165525  0.0  12.165525  12.165525      1
3             Triples  39.000000  0.0  39.000000  39.000000      1
4        MatchingPair  19.000000  0.0  19.000000  19.000000      1
5                MAST   4.000000  0.0   4.000000   4.000000      1
6  CopheneticL2Metric   9.746794  0.0   9.746794   9.746794      1
