                              metrics
No                             1.0000
RefTree                        1.0000
Tree                           1.0000
RefTree_taxa                  13.0000
Tree_taxa                     13.0000
Common_taxa                   13.0000
MatchingCluster               17.0000
MatchingCluster_toYuleAvg      0.4164
MatchingCluster_toUnifAvg      0.3855
R-F_Cluster                    4.5000
R-F_Cluster_toYuleAvg          0.4174
R-F_Cluster_toUnifAvg          0.4158
NodalSplitted                 18.4391
NodalSplitted_toYuleAvg        0.6021
NodalSplitted_toUnifAvg        0.5319
Triples                       42.0000
Triples_toYuleAvg              0.2198
Triples_toUnifAvg              0.2199
MatchingPair                  14.0000
MatchingPair_toYuleAvg         0.2749
MatchingPair_toUnifAvg         0.2796
MAST                           4.0000
MAST_toYuleAvg                 0.5197
MAST_toUnifAvg                 0.5151
CopheneticL2Metric            12.3693
CopheneticL2Metric_toYuleAvg   0.5099
CopheneticL2Metric_toUnifAvg   0.4631

                 Name        Avg  Std        Min        Max  Count
0     MatchingCluster  17.000000  0.0  17.000000  17.000000      1
1         R-F_Cluster   4.500000  0.0   4.500000   4.500000      1
2       NodalSplitted  18.439089  0.0  18.439089  18.439089      1
3             Triples  42.000000  0.0  42.000000  42.000000      1
4        MatchingPair  14.000000  0.0  14.000000  14.000000      1
5                MAST   4.000000  0.0   4.000000   4.000000      1
6  CopheneticL2Metric  12.369317  0.0  12.369317  12.369317      1
