                              metrics
No                             1.0000
RefTree                        1.0000
Tree                           1.0000
RefTree_taxa                  23.0000
Tree_taxa                     23.0000
Common_taxa                   23.0000
MatchingCluster               23.0000
MatchingCluster_toYuleAvg      0.2169
MatchingCluster_toUnifAvg      0.1856
R-F_Cluster                    4.5000
R-F_Cluster_toYuleAvg          0.2166
R-F_Cluster_toUnifAvg          0.2162
NodalSplitted                 26.9815
NodalSplitted_toYuleAvg        0.3825
NodalSplitted_toUnifAvg        0.3010
Triples                       32.0000
Triples_toYuleAvg              0.0271
Triples_toUnifAvg              0.0272
MatchingPair                  17.0000
MatchingPair_toYuleAvg         0.0931
MatchingPair_toUnifAvg         0.0952
MAST                           4.0000
MAST_toYuleAvg                 0.2521
MAST_toUnifAvg                 0.2498
CopheneticL2Metric            11.2694
CopheneticL2Metric_toYuleAvg   0.2080
CopheneticL2Metric_toUnifAvg   0.1669

                 Name        Avg  Std        Min        Max  Count
0     MatchingCluster  23.000000  0.0  23.000000  23.000000      1
1         R-F_Cluster   4.500000  0.0   4.500000   4.500000      1
2       NodalSplitted  26.981475  0.0  26.981475  26.981475      1
3             Triples  32.000000  0.0  32.000000  32.000000      1
4        MatchingPair  17.000000  0.0  17.000000  17.000000      1
5                MAST   4.000000  0.0   4.000000   4.000000      1
6  CopheneticL2Metric  11.269428  0.0  11.269428  11.269428      1
