                              metrics
No                             1.0000
RefTree                        1.0000
Tree                           1.0000
RefTree_taxa                   6.0000
Tree_taxa                      6.0000
Common_taxa                    6.0000
MatchingCluster                7.0000
MatchingCluster_toYuleAvg      0.7738
MatchingCluster_toUnifAvg      0.7645
R-F_Cluster                    3.5000
R-F_Cluster_toYuleAvg          0.9545
R-F_Cluster_toUnifAvg          0.9539
NodalSplitted                  6.2450
NodalSplitted_toYuleAvg        0.7663
NodalSplitted_toUnifAvg        0.7543
Triples                       11.0000
Triples_toYuleAvg              0.8222
Triples_toUnifAvg              0.8140
MatchingPair                   5.0000
MatchingPair_toYuleAvg         0.6646
MatchingPair_toUnifAvg         0.6633
MAST                           2.0000
MAST_toYuleAvg                 0.7968
MAST_toUnifAvg                 0.7955
CopheneticL2Metric             5.9161
CopheneticL2Metric_toYuleAvg   0.8462
CopheneticL2Metric_toUnifAvg   0.8346

                 Name        Avg  Std        Min        Max  Count
0     MatchingCluster   7.000000  0.0   7.000000   7.000000      1
1         R-F_Cluster   3.500000  0.0   3.500000   3.500000      1
2       NodalSplitted   6.244998  0.0   6.244998   6.244998      1
3             Triples  11.000000  0.0  11.000000  11.000000      1
4        MatchingPair   5.000000  0.0   5.000000   5.000000      1
5                MAST   2.000000  0.0   2.000000   2.000000      1
6  CopheneticL2Metric   5.916080  0.0   5.916080   5.916080      1
