                              metrics
No                             1.0000
RefTree                        1.0000
Tree                           1.0000
RefTree_taxa                  12.0000
Tree_taxa                     12.0000
Common_taxa                   12.0000
MatchingCluster               17.0000
MatchingCluster_toYuleAvg      0.4789
MatchingCluster_toUnifAvg      0.4496
R-F_Cluster                    3.0000
R-F_Cluster_toYuleAvg          0.3077
R-F_Cluster_toUnifAvg          0.3065
NodalSplitted                 13.0000
NodalSplitted_toYuleAvg        0.4773
NodalSplitted_toUnifAvg        0.4345
Triples                       62.0000
Triples_toYuleAvg              0.4212
Triples_toUnifAvg              0.4225
MatchingPair                  23.0000
MatchingPair_toYuleAvg         0.5437
MatchingPair_toUnifAvg         0.5510
MAST                           5.0000
MAST_toYuleAvg                 0.7256
MAST_toUnifAvg                 0.7185
CopheneticL2Metric             9.9499
CopheneticL2Metric_toYuleAvg   0.4590
CopheneticL2Metric_toUnifAvg   0.4223

                 Name        Avg  Std        Min        Max  Count
0     MatchingCluster  17.000000  0.0  17.000000  17.000000      1
1         R-F_Cluster   3.000000  0.0   3.000000   3.000000      1
2       NodalSplitted  13.000000  0.0  13.000000  13.000000      1
3             Triples  62.000000  0.0  62.000000  62.000000      1
4        MatchingPair  23.000000  0.0  23.000000  23.000000      1
5                MAST   5.000000  0.0   5.000000   5.000000      1
6  CopheneticL2Metric   9.949874  0.0   9.949874   9.949874      1
