                              metrics
No                             1.0000
RefTree                        1.0000
Tree                           1.0000
RefTree_taxa                  12.0000
Tree_taxa                     12.0000
Common_taxa                   12.0000
MatchingCluster                5.0000
MatchingCluster_toYuleAvg      0.1408
MatchingCluster_toUnifAvg      0.1322
R-F_Cluster                    1.5000
R-F_Cluster_toYuleAvg          0.1538
R-F_Cluster_toUnifAvg          0.1532
NodalSplitted                  7.1414
NodalSplitted_toYuleAvg        0.2622
NodalSplitted_toUnifAvg        0.2387
Triples                        3.0000
Triples_toYuleAvg              0.0204
Triples_toUnifAvg              0.0204
MatchingPair                   3.0000
MatchingPair_toYuleAvg         0.0709
MatchingPair_toUnifAvg         0.0719
MAST                           2.0000
MAST_toYuleAvg                 0.2902
MAST_toUnifAvg                 0.2874
CopheneticL2Metric             3.1623
CopheneticL2Metric_toYuleAvg   0.1459
CopheneticL2Metric_toUnifAvg   0.1342

                 Name       Avg  Std       Min       Max  Count
0     MatchingCluster  5.000000  0.0  5.000000  5.000000      1
1         R-F_Cluster  1.500000  0.0  1.500000  1.500000      1
2       NodalSplitted  7.141428  0.0  7.141428  7.141428      1
3             Triples  3.000000  0.0  3.000000  3.000000      1
4        MatchingPair  3.000000  0.0  3.000000  3.000000      1
5                MAST  2.000000  0.0  2.000000  2.000000      1
6  CopheneticL2Metric  3.162278  0.0  3.162278  3.162278      1
