                               metrics
No                              1.0000
RefTree                         1.0000
Tree                            1.0000
RefTree_taxa                   20.0000
Tree_taxa                      20.0000
Common_taxa                    20.0000
MatchingCluster                74.0000
MatchingCluster_toYuleAvg       0.8687
MatchingCluster_toUnifAvg       0.7607
R-F_Cluster                    16.5000
R-F_Cluster_toYuleAvg           0.9290
R-F_Cluster_toUnifAvg           0.9245
NodalSplitted                  44.0908
NodalSplitted_toYuleAvg         0.7577
NodalSplitted_toUnifAvg         0.6135
Triples                       714.0000
Triples_toYuleAvg               0.9340
Triples_toUnifAvg               0.9400
MatchingPair                  120.0000
MatchingPair_toYuleAvg          0.8920
MatchingPair_toUnifAvg          0.9121
MAST                           13.0000
MAST_toYuleAvg                  0.9744
MAST_toUnifAvg                  0.9663
CopheneticL2Metric             29.5296
CopheneticL2Metric_toYuleAvg    0.6649
CopheneticL2Metric_toUnifAvg    0.5436

                 Name         Avg  Std         Min         Max  Count
0     MatchingCluster   74.000000  0.0   74.000000   74.000000      1
1         R-F_Cluster   16.500000  0.0   16.500000   16.500000      1
2       NodalSplitted   44.090815  0.0   44.090815   44.090815      1
3             Triples  714.000000  0.0  714.000000  714.000000      1
4        MatchingPair  120.000000  0.0  120.000000  120.000000      1
5                MAST   13.000000  0.0   13.000000   13.000000      1
6  CopheneticL2Metric   29.529646  0.0   29.529646   29.529646      1
