                              metrics
No                             1.0000
RefTree                        1.0000
Tree                           1.0000
RefTree_taxa                  17.0000
Tree_taxa                     17.0000
Common_taxa                   17.0000
MatchingCluster                9.0000
MatchingCluster_toYuleAvg      0.1392
MatchingCluster_toUnifAvg      0.1238
R-F_Cluster                    2.0000
R-F_Cluster_toYuleAvg          0.1354
R-F_Cluster_toUnifAvg          0.1347
NodalSplitted                 11.3137
NodalSplitted_toYuleAvg        0.2468
NodalSplitted_toUnifAvg        0.2066
Triples                        8.0000
Triples_toYuleAvg              0.0176
Triples_toUnifAvg              0.0176
MatchingPair                   6.0000
MatchingPair_toYuleAvg         0.0642
MatchingPair_toUnifAvg         0.0652
MAST                           3.0000
MAST_toYuleAvg                 0.2759
MAST_toUnifAvg                 0.2740
CopheneticL2Metric             4.6904
CopheneticL2Metric_toYuleAvg   0.1306
CopheneticL2Metric_toUnifAvg   0.1135

                 Name        Avg  Std        Min        Max  Count
0     MatchingCluster   9.000000  0.0   9.000000   9.000000      1
1         R-F_Cluster   2.000000  0.0   2.000000   2.000000      1
2       NodalSplitted  11.313708  0.0  11.313708  11.313708      1
3             Triples   8.000000  0.0   8.000000   8.000000      1
4        MatchingPair   6.000000  0.0   6.000000   6.000000      1
5                MAST   3.000000  0.0   3.000000   3.000000      1
6  CopheneticL2Metric   4.690416  0.0   4.690416   4.690416      1
