                              metrics
No                             1.0000
RefTree                        1.0000
Tree                           1.0000
RefTree_taxa                  16.0000
Tree_taxa                     16.0000
Common_taxa                   16.0000
MatchingCluster               36.0000
MatchingCluster_toYuleAvg      0.6160
MatchingCluster_toUnifAvg      0.5576
R-F_Cluster                    6.0000
R-F_Cluster_toYuleAvg          0.4357
R-F_Cluster_toUnifAvg          0.4340
NodalSplitted                 33.6452
NodalSplitted_toYuleAvg        0.7993
NodalSplitted_toUnifAvg        0.6836
Triples                       75.0000
Triples_toYuleAvg              0.2010
Triples_toUnifAvg              0.2015
MatchingPair                  34.0000
MatchingPair_toYuleAvg         0.4163
MatchingPair_toUnifAvg         0.4248
MAST                           6.0000
MAST_toYuleAvg                 0.5961
MAST_toUnifAvg                 0.5925
CopheneticL2Metric            26.8887
CopheneticL2Metric_toYuleAvg   0.8182
CopheneticL2Metric_toUnifAvg   0.7229

                 Name        Avg  Std        Min        Max  Count
0     MatchingCluster  36.000000  0.0  36.000000  36.000000      1
1         R-F_Cluster   6.000000  0.0   6.000000   6.000000      1
2       NodalSplitted  33.645208  0.0  33.645208  33.645208      1
3             Triples  75.000000  0.0  75.000000  75.000000      1
4        MatchingPair  34.000000  0.0  34.000000  34.000000      1
5                MAST   6.000000  0.0   6.000000   6.000000      1
6  CopheneticL2Metric  26.888659  0.0  26.888659  26.888659      1
