                               metrics
No                              1.0000
RefTree                         1.0000
Tree                            1.0000
RefTree_taxa                   16.0000
Tree_taxa                      16.0000
Common_taxa                    16.0000
MatchingCluster                41.0000
MatchingCluster_toYuleAvg       0.7016
MatchingCluster_toUnifAvg       0.6350
R-F_Cluster                    10.5000
R-F_Cluster_toYuleAvg           0.7624
R-F_Cluster_toUnifAvg           0.7595
NodalSplitted                  27.6948
NodalSplitted_toYuleAvg         0.6580
NodalSplitted_toUnifAvg         0.5627
Triples                       250.0000
Triples_toYuleAvg               0.6700
Triples_toUnifAvg               0.6717
MatchingPair                   68.0000
MatchingPair_toYuleAvg          0.8327
MatchingPair_toUnifAvg          0.8496
MAST                            9.0000
MAST_toYuleAvg                  0.8942
MAST_toUnifAvg                  0.8888
CopheneticL2Metric             17.0000
CopheneticL2Metric_toYuleAvg    0.5173
CopheneticL2Metric_toUnifAvg    0.4571

                 Name         Avg  Std         Min         Max  Count
0     MatchingCluster   41.000000  0.0   41.000000   41.000000      1
1         R-F_Cluster   10.500000  0.0   10.500000   10.500000      1
2       NodalSplitted   27.694765  0.0   27.694765   27.694765      1
3             Triples  250.000000  0.0  250.000000  250.000000      1
4        MatchingPair   68.000000  0.0   68.000000   68.000000      1
5                MAST    9.000000  0.0    9.000000    9.000000      1
6  CopheneticL2Metric   17.000000  0.0   17.000000   17.000000      1
