                               metrics
No                              1.0000
RefTree                         1.0000
Tree                            1.0000
RefTree_taxa                   23.0000
Tree_taxa                      23.0000
Common_taxa                    23.0000
MatchingCluster                70.0000
MatchingCluster_toYuleAvg       0.6602
MatchingCluster_toUnifAvg       0.5648
R-F_Cluster                    14.5000
R-F_Cluster_toYuleAvg           0.6979
R-F_Cluster_toUnifAvg           0.6965
NodalSplitted                  40.6940
NodalSplitted_toYuleAvg         0.5769
NodalSplitted_toUnifAvg         0.4539
Triples                       840.0000
Triples_toYuleAvg               0.7107
Triples_toUnifAvg               0.7139
MatchingPair                  152.0000
MatchingPair_toYuleAvg          0.8327
MatchingPair_toUnifAvg          0.8509
MAST                           15.0000
MAST_toYuleAvg                  0.9454
MAST_toUnifAvg                  0.9367
CopheneticL2Metric             26.7208
CopheneticL2Metric_toYuleAvg    0.4932
CopheneticL2Metric_toUnifAvg    0.3957

                 Name         Avg  Std         Min         Max  Count
0     MatchingCluster   70.000000  0.0   70.000000   70.000000      1
1         R-F_Cluster   14.500000  0.0   14.500000   14.500000      1
2       NodalSplitted   40.693980  0.0   40.693980   40.693980      1
3             Triples  840.000000  0.0  840.000000  840.000000      1
4        MatchingPair  152.000000  0.0  152.000000  152.000000      1
5                MAST   15.000000  0.0   15.000000   15.000000      1
6  CopheneticL2Metric   26.720778  0.0   26.720778   26.720778      1
