                              metrics
No                             1.0000
RefTree                        1.0000
Tree                           1.0000
RefTree_taxa                  20.0000
Tree_taxa                     20.0000
Common_taxa                   20.0000
MatchingCluster               20.0000
MatchingCluster_toYuleAvg      0.2348
MatchingCluster_toUnifAvg      0.2056
R-F_Cluster                    6.0000
R-F_Cluster_toYuleAvg          0.3378
R-F_Cluster_toUnifAvg          0.3362
NodalSplitted                 25.1794
NodalSplitted_toYuleAvg        0.4327
NodalSplitted_toUnifAvg        0.3504
Triples                       26.0000
Triples_toYuleAvg              0.0340
Triples_toUnifAvg              0.0342
MatchingPair                  16.0000
MatchingPair_toYuleAvg         0.1189
MatchingPair_toUnifAvg         0.1216
MAST                           6.0000
MAST_toYuleAvg                 0.4497
MAST_toUnifAvg                 0.4460
CopheneticL2Metric            10.3441
CopheneticL2Metric_toYuleAvg   0.2329
CopheneticL2Metric_toUnifAvg   0.1904

                 Name        Avg  Std        Min        Max  Count
0     MatchingCluster  20.000000  0.0  20.000000  20.000000      1
1         R-F_Cluster   6.000000  0.0   6.000000   6.000000      1
2       NodalSplitted  25.179357  0.0  25.179357  25.179357      1
3             Triples  26.000000  0.0  26.000000  26.000000      1
4        MatchingPair  16.000000  0.0  16.000000  16.000000      1
5                MAST   6.000000  0.0   6.000000   6.000000      1
6  CopheneticL2Metric  10.344080  0.0  10.344080  10.344080      1
