                              metrics
No                             1.0000
RefTree                        1.0000
Tree                           1.0000
RefTree_taxa                   8.0000
Tree_taxa                      8.0000
Common_taxa                    8.0000
MatchingCluster               13.0000
MatchingCluster_toYuleAvg      0.7936
MatchingCluster_toUnifAvg      0.7639
R-F_Cluster                    5.0000
R-F_Cluster_toYuleAvg          0.8749
R-F_Cluster_toUnifAvg          0.8676
NodalSplitted                 10.2470
NodalSplitted_toYuleAvg        0.7467
NodalSplitted_toUnifAvg        0.7087
Triples                       31.0000
Triples_toYuleAvg              0.8379
Triples_toUnifAvg              0.8200
MatchingPair                  14.0000
MatchingPair_toYuleAvg         0.8824
MatchingPair_toUnifAvg         0.8792
MAST                           3.0000
MAST_toYuleAvg                 0.7702
MAST_toUnifAvg                 0.7647
CopheneticL2Metric             9.3274
CopheneticL2Metric_toYuleAvg   0.8186
CopheneticL2Metric_toUnifAvg   0.7901

                 Name        Avg  Std        Min        Max  Count
0     MatchingCluster  13.000000  0.0  13.000000  13.000000      1
1         R-F_Cluster   5.000000  0.0   5.000000   5.000000      1
2       NodalSplitted  10.246951  0.0  10.246951  10.246951      1
3             Triples  31.000000  0.0  31.000000  31.000000      1
4        MatchingPair  14.000000  0.0  14.000000  14.000000      1
5                MAST   3.000000  0.0   3.000000   3.000000      1
6  CopheneticL2Metric   9.327379  0.0   9.327379   9.327379      1
