                              metrics
No                             1.0000
RefTree                        1.0000
Tree                           1.0000
RefTree_taxa                  21.0000
Tree_taxa                     21.0000
Common_taxa                   21.0000
MatchingCluster               20.0000
MatchingCluster_toYuleAvg      0.2183
MatchingCluster_toUnifAvg      0.1891
R-F_Cluster                    4.5000
R-F_Cluster_toYuleAvg          0.2397
R-F_Cluster_toUnifAvg          0.2387
NodalSplitted                 22.1359
NodalSplitted_toYuleAvg        0.3595
NodalSplitted_toUnifAvg        0.2844
Triples                       49.0000
Triples_toYuleAvg              0.0552
Triples_toUnifAvg              0.0553
MatchingPair                  15.0000
MatchingPair_toYuleAvg         0.1004
MatchingPair_toUnifAvg         0.1025
MAST                           5.0000
MAST_toYuleAvg                 0.3527
MAST_toUnifAvg                 0.3502
CopheneticL2Metric            11.2250
CopheneticL2Metric_toYuleAvg   0.2359
CopheneticL2Metric_toUnifAvg   0.1943

                 Name        Avg  Std        Min        Max  Count
0     MatchingCluster  20.000000  0.0  20.000000  20.000000      1
1         R-F_Cluster   4.500000  0.0   4.500000   4.500000      1
2       NodalSplitted  22.135944  0.0  22.135944  22.135944      1
3             Triples  49.000000  0.0  49.000000  49.000000      1
4        MatchingPair  15.000000  0.0  15.000000  15.000000      1
5                MAST   5.000000  0.0   5.000000   5.000000      1
6  CopheneticL2Metric  11.224972  0.0  11.224972  11.224972      1
