                               metrics
No                              1.0000
RefTree                         1.0000
Tree                            1.0000
RefTree_taxa                   23.0000
Tree_taxa                      23.0000
Common_taxa                    23.0000
MatchingCluster                33.0000
MatchingCluster_toYuleAvg       0.3112
MatchingCluster_toUnifAvg       0.2663
R-F_Cluster                     8.0000
R-F_Cluster_toYuleAvg           0.3850
R-F_Cluster_toUnifAvg           0.3843
NodalSplitted                  27.7128
NodalSplitted_toYuleAvg         0.3928
NodalSplitted_toUnifAvg         0.3091
Triples                       214.0000
Triples_toYuleAvg               0.1811
Triples_toUnifAvg               0.1819
MatchingPair                   46.0000
MatchingPair_toYuleAvg          0.2520
MatchingPair_toUnifAvg          0.2575
MAST                           10.0000
MAST_toYuleAvg                  0.6303
MAST_toUnifAvg                  0.6245
CopheneticL2Metric             13.5277
CopheneticL2Metric_toYuleAvg    0.2497
CopheneticL2Metric_toUnifAvg    0.2003

                 Name         Avg  Std         Min         Max  Count
0     MatchingCluster   33.000000  0.0   33.000000   33.000000      1
1         R-F_Cluster    8.000000  0.0    8.000000    8.000000      1
2       NodalSplitted   27.712813  0.0   27.712813   27.712813      1
3             Triples  214.000000  0.0  214.000000  214.000000      1
4        MatchingPair   46.000000  0.0   46.000000   46.000000      1
5                MAST   10.000000  0.0   10.000000   10.000000      1
6  CopheneticL2Metric   13.527749  0.0   13.527749   13.527749      1
