                               metrics
No                              1.0000
RefTree                         1.0000
Tree                            1.0000
RefTree_taxa                   22.0000
Tree_taxa                      22.0000
Common_taxa                    22.0000
MatchingCluster                42.0000
MatchingCluster_toYuleAvg       0.4250
MatchingCluster_toUnifAvg       0.3627
R-F_Cluster                    11.0000
R-F_Cluster_toYuleAvg           0.5564
R-F_Cluster_toUnifAvg           0.5539
NodalSplitted                  30.9516
NodalSplitted_toYuleAvg         0.4646
NodalSplitted_toUnifAvg         0.3638
Triples                       232.0000
Triples_toYuleAvg               0.2261
Triples_toUnifAvg               0.2254
MatchingPair                   69.0000
MatchingPair_toYuleAvg          0.4188
MatchingPair_toUnifAvg          0.4261
MAST                           10.0000
MAST_toYuleAvg                  0.6668
MAST_toUnifAvg                  0.6619
CopheneticL2Metric             19.2094
CopheneticL2Metric_toYuleAvg    0.3779
CopheneticL2Metric_toUnifAvg    0.3061

                 Name         Avg  Std         Min         Max  Count
0     MatchingCluster   42.000000  0.0   42.000000   42.000000      1
1         R-F_Cluster   11.000000  0.0   11.000000   11.000000      1
2       NodalSplitted   30.951575  0.0   30.951575   30.951575      1
3             Triples  232.000000  0.0  232.000000  232.000000      1
4        MatchingPair   69.000000  0.0   69.000000   69.000000      1
5                MAST   10.000000  0.0   10.000000   10.000000      1
6  CopheneticL2Metric   19.209373  0.0   19.209373   19.209373      1
