                              metrics
No                             1.0000
RefTree                        1.0000
Tree                           1.0000
RefTree_taxa                  21.0000
Tree_taxa                     21.0000
Common_taxa                   21.0000
MatchingCluster               31.0000
MatchingCluster_toYuleAvg      0.3384
MatchingCluster_toUnifAvg      0.2931
R-F_Cluster                    5.0000
R-F_Cluster_toYuleAvg          0.2664
R-F_Cluster_toUnifAvg          0.2653
NodalSplitted                 28.8097
NodalSplitted_toYuleAvg        0.4679
NodalSplitted_toUnifAvg        0.3702
Triples                       87.0000
Triples_toYuleAvg              0.0980
Triples_toUnifAvg              0.0982
MatchingPair                  29.0000
MatchingPair_toYuleAvg         0.1942
MatchingPair_toUnifAvg         0.1981
MAST                           5.0000
MAST_toYuleAvg                 0.3527
MAST_toUnifAvg                 0.3502
CopheneticL2Metric            21.1187
CopheneticL2Metric_toYuleAvg   0.4438
CopheneticL2Metric_toUnifAvg   0.3656

                 Name        Avg  Std        Min        Max  Count
0     MatchingCluster  31.000000  0.0  31.000000  31.000000      1
1         R-F_Cluster   5.000000  0.0   5.000000   5.000000      1
2       NodalSplitted  28.809721  0.0  28.809721  28.809721      1
3             Triples  87.000000  0.0  87.000000  87.000000      1
4        MatchingPair  29.000000  0.0  29.000000  29.000000      1
5                MAST   5.000000  0.0   5.000000   5.000000      1
6  CopheneticL2Metric  21.118712  0.0  21.118712  21.118712      1
