                               metrics
No                              1.0000
RefTree                         1.0000
Tree                            1.0000
RefTree_taxa                   15.0000
Tree_taxa                      15.0000
Common_taxa                    15.0000
MatchingCluster                33.0000
MatchingCluster_toYuleAvg       0.6376
MatchingCluster_toUnifAvg       0.5743
R-F_Cluster                     7.5000
R-F_Cluster_toYuleAvg           0.5884
R-F_Cluster_toUnifAvg           0.5852
NodalSplitted                  30.0998
NodalSplitted_toYuleAvg         0.7950
NodalSplitted_toUnifAvg         0.6845
Triples                       136.0000
Triples_toYuleAvg               0.4506
Triples_toUnifAvg               0.4493
MatchingPair                   41.0000
MatchingPair_toYuleAvg          0.5829
MatchingPair_toUnifAvg          0.5911
MAST                            6.0000
MAST_toYuleAvg                  0.6499
MAST_toUnifAvg                  0.6400
CopheneticL2Metric             19.4679
CopheneticL2Metric_toYuleAvg    0.6497
CopheneticL2Metric_toUnifAvg    0.5748

                 Name         Avg  Std         Min         Max  Count
0     MatchingCluster   33.000000  0.0   33.000000   33.000000      1
1         R-F_Cluster    7.500000  0.0    7.500000    7.500000      1
2       NodalSplitted   30.099834  0.0   30.099834   30.099834      1
3             Triples  136.000000  0.0  136.000000  136.000000      1
4        MatchingPair   41.000000  0.0   41.000000   41.000000      1
5                MAST    6.000000  0.0    6.000000    6.000000      1
6  CopheneticL2Metric   19.467922  0.0   19.467922   19.467922      1
