                               metrics
No                              1.0000
RefTree                         1.0000
Tree                            1.0000
RefTree_taxa                   19.0000
Tree_taxa                      19.0000
Common_taxa                    19.0000
MatchingCluster                36.0000
MatchingCluster_toYuleAvg       0.4642
MatchingCluster_toUnifAvg       0.4051
R-F_Cluster                    10.5000
R-F_Cluster_toYuleAvg           0.6270
R-F_Cluster_toUnifAvg           0.6238
NodalSplitted                  33.5857
NodalSplitted_toYuleAvg         0.6244
NodalSplitted_toUnifAvg         0.5091
Triples                       285.0000
Triples_toYuleAvg               0.4429
Triples_toUnifAvg               0.4407
MatchingPair                   77.0000
MatchingPair_toYuleAvg          0.6434
MatchingPair_toUnifAvg          0.6538
MAST                            9.0000
MAST_toYuleAvg                  0.7191
MAST_toUnifAvg                  0.7135
CopheneticL2Metric             22.3607
CopheneticL2Metric_toYuleAvg    0.5297
CopheneticL2Metric_toUnifAvg    0.4540

                 Name         Avg  Std         Min         Max  Count
0     MatchingCluster   36.000000  0.0   36.000000   36.000000      1
1         R-F_Cluster   10.500000  0.0   10.500000   10.500000      1
2       NodalSplitted   33.585711  0.0   33.585711   33.585711      1
3             Triples  285.000000  0.0  285.000000  285.000000      1
4        MatchingPair   77.000000  0.0   77.000000   77.000000      1
5                MAST    9.000000  0.0    9.000000    9.000000      1
6  CopheneticL2Metric   22.360680  0.0   22.360680   22.360680      1
