                              metrics
No                             1.0000
RefTree                        1.0000
Tree                           1.0000
RefTree_taxa                  20.0000
Tree_taxa                     20.0000
Common_taxa                   20.0000
MatchingCluster               15.0000
MatchingCluster_toYuleAvg      0.1761
MatchingCluster_toUnifAvg      0.1542
R-F_Cluster                    3.0000
R-F_Cluster_toYuleAvg          0.1689
R-F_Cluster_toUnifAvg          0.1681
NodalSplitted                 16.4012
NodalSplitted_toYuleAvg        0.2819
NodalSplitted_toUnifAvg        0.2282
Triples                       19.0000
Triples_toYuleAvg              0.0249
Triples_toUnifAvg              0.0250
MatchingPair                  12.0000
MatchingPair_toYuleAvg         0.0892
MatchingPair_toUnifAvg         0.0912
MAST                           3.0000
MAST_toYuleAvg                 0.2249
MAST_toUnifAvg                 0.2230
CopheneticL2Metric             8.2462
CopheneticL2Metric_toYuleAvg   0.1857
CopheneticL2Metric_toUnifAvg   0.1518

                 Name        Avg  Std        Min        Max  Count
0     MatchingCluster  15.000000  0.0  15.000000  15.000000      1
1         R-F_Cluster   3.000000  0.0   3.000000   3.000000      1
2       NodalSplitted  16.401219  0.0  16.401219  16.401219      1
3             Triples  19.000000  0.0  19.000000  19.000000      1
4        MatchingPair  12.000000  0.0  12.000000  12.000000      1
5                MAST   3.000000  0.0   3.000000   3.000000      1
6  CopheneticL2Metric   8.246211  0.0   8.246211   8.246211      1
