                              metrics
No                             1.0000
RefTree                        1.0000
Tree                           1.0000
RefTree_taxa                   8.0000
Tree_taxa                      8.0000
Common_taxa                    8.0000
MatchingCluster               15.0000
MatchingCluster_toYuleAvg      0.9156
MatchingCluster_toUnifAvg      0.8814
R-F_Cluster                    6.0000
R-F_Cluster_toYuleAvg          1.0499
R-F_Cluster_toUnifAvg          1.0411
NodalSplitted                 10.8167
NodalSplitted_toYuleAvg        0.7882
NodalSplitted_toUnifAvg        0.7481
Triples                       33.0000
Triples_toYuleAvg              0.8919
Triples_toUnifAvg              0.8729
MatchingPair                  15.0000
MatchingPair_toYuleAvg         0.9454
MatchingPair_toUnifAvg         0.9420
MAST                           4.0000
MAST_toYuleAvg                 1.0270
MAST_toUnifAvg                 1.0196
CopheneticL2Metric             7.8740
CopheneticL2Metric_toYuleAvg   0.6910
CopheneticL2Metric_toUnifAvg   0.6670

                 Name        Avg  Std        Min        Max  Count
0     MatchingCluster  15.000000  0.0  15.000000  15.000000      1
1         R-F_Cluster   6.000000  0.0   6.000000   6.000000      1
2       NodalSplitted  10.816654  0.0  10.816654  10.816654      1
3             Triples  33.000000  0.0  33.000000  33.000000      1
4        MatchingPair  15.000000  0.0  15.000000  15.000000      1
5                MAST   4.000000  0.0   4.000000   4.000000      1
6  CopheneticL2Metric   7.874008  0.0   7.874008   7.874008      1
