
                            < M A T L A B (R) >
                  Copyright 1984-2017 The MathWorks, Inc.
                   R2017a (9.2.0.538062) 64-bit (glnxa64)
                             February 23, 2017

 
To get started, type one of these: helpwin, helpdesk, or demo.
For product information, visit www.mathworks.com.
 
Running "Run1", Seed: 136069
 *** Finished Simulation Run ***

config-08.json #############################################

[#.........] | Progress: 1 | Time: 0.0s | ETA: --[##########] | Progress: 112 | Time: 0.0s | ETA: --fit<>, fid</home/chun/projects/clineage-simulation/analysis/tmc-136069/tmc-003/case-08/triplets-list.raw.txt>, flg<treeReconstruction.log>, frt<resTree.tree>, frtN</home/chun/projects/clineage-simulation/analysis/tmc-136069/tmc-003/case-08/reconstructed.tmp.newick>, fsd<qqq.dat>, fst<simul.tree>, -->index=2
Read triplets from file...
Read triplets from file...Finished
N_triplets = 81, idMaxFound = 11
treeBuildBasedOnTriplets_run...
make_isTogetherInTripletAndDeleteExtraTriplets: Finished
maxCut with 10 nodes: Finished
maxCut with 6 nodes: Finished
treeBuildBasedOnTriplets_run...Finished
Saving tree to file...
Saving tree to file...Finished

                            < M A T L A B (R) >
                  Copyright 1984-2017 The MathWorks, Inc.
                   R2017a (9.2.0.538062) 64-bit (glnxa64)
                             February 23, 2017

 
To get started, type one of these: helpwin, helpdesk, or demo.
For product information, visit www.mathworks.com.
 
TreeCmp version build2

Active options:
Type of the analysis:  ref-to-all comparison mode (-r)
Metrics:
  1. MatchingCluster (mc)
  2. R-F_Cluster (rc)
  3. NodalSplitted (ns)
  4. Triples (tt)
  5. MatchingPair (mp)
  6. MAST (mt)
  7. CopheneticL2Metric (co)
Input file: /home/chun/projects/clineage-simulation/analysis/tmc-136069/tmc-003/case-08/reconstructed.newick
Output file: /home/chun/projects/clineage-simulation/analysis/tmc-136069/tmc-003/case-08/scores.raw.out
Additional options:
N - Report normalized distances.
P - Prune compared trees if needed (trees can have different leaf sets).
I - Include summary section in the output file.
-----
2018-06-19 06:53:22: Start of reading random statistics.
2018-06-19 06:53:22: End of reading random statistics.
2018-06-19 06:53:22: Start of scanning input file: /home/chun/projects/clineage-simulation/analysis/tmc-136069/tmc-003/case-08/reconstructed.newick
2018-06-19 06:53:22: End of scanning input file: /home/chun/projects/clineage-simulation/analysis/tmc-136069/tmc-003/case-08/reconstructed.newick
2018-06-19 06:53:22: 1 valid trees found in file: /home/chun/projects/clineage-simulation/analysis/tmc-136069/tmc-003/case-08/reconstructed.newick
2018-06-19 06:53:22: Start of calculation...please wait...
2018-06-19 06:53:22: 0.00% completed...
2018-06-19 06:53:22: 100.00% completed.
2018-06-19 06:53:22: End of calculation.
2018-06-19 06:53:22: Total calculation time: 20 ms.
                              metrics
No                             1.0000
RefTree                        1.0000
Tree                           1.0000
RefTree_taxa                  11.0000
Tree_taxa                     11.0000
Common_taxa                   11.0000
MatchingCluster               22.0000
MatchingCluster_toYuleAvg      0.7249
MatchingCluster_toUnifAvg      0.6885
R-F_Cluster                    6.5000
R-F_Cluster_toYuleAvg          0.7441
R-F_Cluster_toUnifAvg          0.7384
NodalSplitted                 18.3303
NodalSplitted_toYuleAvg        0.7723
NodalSplitted_toUnifAvg        0.7150
Triples                       87.0000
Triples_toYuleAvg              0.7916
Triples_toUnifAvg              0.7894
MatchingPair                  27.0000
MatchingPair_toYuleAvg         0.7861
MatchingPair_toUnifAvg         0.7928
MAST                           5.0000
MAST_toYuleAvg                 0.8092
MAST_toUnifAvg                 0.8080
CopheneticL2Metric            14.1421
CopheneticL2Metric_toYuleAvg   0.7419
CopheneticL2Metric_toUnifAvg   0.6877

                 Name        Avg  Std        Min        Max  Count
0     MatchingCluster  22.000000  0.0  22.000000  22.000000      1
1         R-F_Cluster   6.500000  0.0   6.500000   6.500000      1
2       NodalSplitted  18.330303  0.0  18.330303  18.330303      1
3             Triples  87.000000  0.0  87.000000  87.000000      1
4        MatchingPair  27.000000  0.0  27.000000  27.000000      1
5                MAST   5.000000  0.0   5.000000   5.000000      1
6  CopheneticL2Metric  14.142136  0.0  14.142136  14.142136      1
