
                            < M A T L A B (R) >
                  Copyright 1984-2017 The MathWorks, Inc.
                   R2017a (9.2.0.538062) 64-bit (glnxa64)
                             February 23, 2017

 
To get started, type one of these: helpwin, helpdesk, or demo.
For product information, visit www.mathworks.com.
 
Running "Run1", Seed: 136069
 *** Finished Simulation Run ***

config-03.json #############################################

[#.........] | Progress: 1 | Time: 0.0s | ETA: --[##########] | Progress: 16 | Time: 0.0s | ETA: --fit<>, fid</home/chun/projects/clineage-simulation/analysis/tmc-136069/tmc-003/case-03/triplets-list.raw.txt>, flg<treeReconstruction.log>, frt<resTree.tree>, frtN</home/chun/projects/clineage-simulation/analysis/tmc-136069/tmc-003/case-03/reconstructed.tmp.newick>, fsd<qqq.dat>, fst<simul.tree>, -->index=2
Read triplets from file...
Read triplets from file...Finished
N_triplets = 15, idMaxFound = 5
treeBuildBasedOnTriplets_run...
make_isTogetherInTripletAndDeleteExtraTriplets: Finished
maxCut with 6 nodes: Finished
treeBuildBasedOnTriplets_run...Finished
Saving tree to file...
Saving tree to file...Finished

                            < M A T L A B (R) >
                  Copyright 1984-2017 The MathWorks, Inc.
                   R2017a (9.2.0.538062) 64-bit (glnxa64)
                             February 23, 2017

 
To get started, type one of these: helpwin, helpdesk, or demo.
For product information, visit www.mathworks.com.
 
TreeCmp version build2

Active options:
Type of the analysis:  ref-to-all comparison mode (-r)
Metrics:
  1. MatchingCluster (mc)
  2. R-F_Cluster (rc)
  3. NodalSplitted (ns)
  4. Triples (tt)
  5. MatchingPair (mp)
  6. MAST (mt)
  7. CopheneticL2Metric (co)
Input file: /home/chun/projects/clineage-simulation/analysis/tmc-136069/tmc-003/case-03/reconstructed.newick
Output file: /home/chun/projects/clineage-simulation/analysis/tmc-136069/tmc-003/case-03/scores.raw.out
Additional options:
N - Report normalized distances.
P - Prune compared trees if needed (trees can have different leaf sets).
I - Include summary section in the output file.
-----
2018-06-19 06:53:20: Start of reading random statistics.
2018-06-19 06:53:20: End of reading random statistics.
2018-06-19 06:53:20: Start of scanning input file: /home/chun/projects/clineage-simulation/analysis/tmc-136069/tmc-003/case-03/reconstructed.newick
2018-06-19 06:53:20: End of scanning input file: /home/chun/projects/clineage-simulation/analysis/tmc-136069/tmc-003/case-03/reconstructed.newick
2018-06-19 06:53:20: 1 valid trees found in file: /home/chun/projects/clineage-simulation/analysis/tmc-136069/tmc-003/case-03/reconstructed.newick
2018-06-19 06:53:20: Start of calculation...please wait...
2018-06-19 06:53:20: 0.00% completed...
2018-06-19 06:53:20: 100.00% completed.
2018-06-19 06:53:20: End of calculation.
2018-06-19 06:53:20: Total calculation time: 18 ms.
                              metrics
No                             1.0000
RefTree                        1.0000
Tree                           1.0000
RefTree_taxa                   6.0000
Tree_taxa                      6.0000
Common_taxa                    6.0000
MatchingCluster                5.0000
MatchingCluster_toYuleAvg      0.5527
MatchingCluster_toUnifAvg      0.5461
R-F_Cluster                    3.0000
R-F_Cluster_toYuleAvg          0.8181
R-F_Cluster_toUnifAvg          0.8177
NodalSplitted                  6.2450
NodalSplitted_toYuleAvg        0.7663
NodalSplitted_toUnifAvg        0.7543
Triples                        9.0000
Triples_toYuleAvg              0.6727
Triples_toUnifAvg              0.6660
MatchingPair                   5.0000
MatchingPair_toYuleAvg         0.6646
MatchingPair_toUnifAvg         0.6633
MAST                           1.0000
MAST_toYuleAvg                 0.3984
MAST_toUnifAvg                 0.3978
CopheneticL2Metric             4.8990
CopheneticL2Metric_toYuleAvg   0.7008
CopheneticL2Metric_toUnifAvg   0.6911

                 Name       Avg  Std       Min       Max  Count
0     MatchingCluster  5.000000  0.0  5.000000  5.000000      1
1         R-F_Cluster  3.000000  0.0  3.000000  3.000000      1
2       NodalSplitted  6.244998  0.0  6.244998  6.244998      1
3             Triples  9.000000  0.0  9.000000  9.000000      1
4        MatchingPair  5.000000  0.0  5.000000  5.000000      1
5                MAST  1.000000  0.0  1.000000  1.000000      1
6  CopheneticL2Metric  4.898979  0.0  4.898979  4.898979      1
