
                            < M A T L A B (R) >
                  Copyright 1984-2017 The MathWorks, Inc.
                   R2017a (9.2.0.538062) 64-bit (glnxa64)
                             February 23, 2017

 
To get started, type one of these: helpwin, helpdesk, or demo.
For product information, visit www.mathworks.com.
 
Running "Run1", Seed: 136069
 *** Finished Simulation Run ***

config-16.json #############################################

[#.........] | Progress: 1 | Time: 0.0s | ETA: --[.#........] | Progress: 392 | Time: 0.1s | ETA: --[##########] | Progress: 639 | Time: 0.1s | ETA: --fit<>, fid</home/chun/projects/clineage-simulation/analysis/tmc-136069/tmc-003/case-16/triplets-list.raw.txt>, flg<treeReconstruction.log>, frt<resTree.tree>, frtN</home/chun/projects/clineage-simulation/analysis/tmc-136069/tmc-003/case-16/reconstructed.tmp.newick>, fsd<qqq.dat>, fst<simul.tree>, -->index=2
Read triplets from file...
Read triplets from file...Finished
N_triplets = 417, idMaxFound = 19
treeBuildBasedOnTriplets_run...
make_isTogetherInTripletAndDeleteExtraTriplets: Finished
maxCut with 17 nodes: Finished
maxCut with 16 nodes: Finished
maxCut with 9 nodes: Finished
maxCut with 8 nodes: Finished
maxCut with 6 nodes: Finished
treeBuildBasedOnTriplets_run...Finished
Saving tree to file...
Saving tree to file...Finished

                            < M A T L A B (R) >
                  Copyright 1984-2017 The MathWorks, Inc.
                   R2017a (9.2.0.538062) 64-bit (glnxa64)
                             February 23, 2017

 
To get started, type one of these: helpwin, helpdesk, or demo.
For product information, visit www.mathworks.com.
 
TreeCmp version build2

Active options:
Type of the analysis:  ref-to-all comparison mode (-r)
Metrics:
  1. MatchingCluster (mc)
  2. R-F_Cluster (rc)
  3. NodalSplitted (ns)
  4. Triples (tt)
  5. MatchingPair (mp)
  6. MAST (mt)
  7. CopheneticL2Metric (co)
Input file: /home/chun/projects/clineage-simulation/analysis/tmc-136069/tmc-003/case-16/reconstructed.newick
Output file: /home/chun/projects/clineage-simulation/analysis/tmc-136069/tmc-003/case-16/scores.raw.out
Additional options:
N - Report normalized distances.
P - Prune compared trees if needed (trees can have different leaf sets).
I - Include summary section in the output file.
-----
2018-06-19 06:53:22: Start of reading random statistics.
2018-06-19 06:53:23: End of reading random statistics.
2018-06-19 06:53:23: Start of scanning input file: /home/chun/projects/clineage-simulation/analysis/tmc-136069/tmc-003/case-16/reconstructed.newick
2018-06-19 06:53:23: End of scanning input file: /home/chun/projects/clineage-simulation/analysis/tmc-136069/tmc-003/case-16/reconstructed.newick
2018-06-19 06:53:23: 1 valid trees found in file: /home/chun/projects/clineage-simulation/analysis/tmc-136069/tmc-003/case-16/reconstructed.newick
2018-06-19 06:53:23: Start of calculation...please wait...
2018-06-19 06:53:23: 0.00% completed...
2018-06-19 06:53:23: 100.00% completed.
2018-06-19 06:53:23: End of calculation.
2018-06-19 06:53:23: Total calculation time: 25 ms.
                               metrics
No                              1.0000
RefTree                         1.0000
Tree                            1.0000
RefTree_taxa                   19.0000
Tree_taxa                      19.0000
Common_taxa                    19.0000
MatchingCluster                59.0000
MatchingCluster_toYuleAvg       0.7608
MatchingCluster_toUnifAvg       0.6639
R-F_Cluster                    11.5000
R-F_Cluster_toYuleAvg           0.6867
R-F_Cluster_toUnifAvg           0.6832
NodalSplitted                  39.6232
NodalSplitted_toYuleAvg         0.7367
NodalSplitted_toUnifAvg         0.6006
Triples                       541.0000
Triples_toYuleAvg               0.8407
Triples_toUnifAvg               0.8366
MatchingPair                   92.0000
MatchingPair_toYuleAvg          0.7687
MatchingPair_toUnifAvg          0.7811
MAST                           10.0000
MAST_toYuleAvg                  0.7990
MAST_toUnifAvg                  0.7928
CopheneticL2Metric             30.9516
CopheneticL2Metric_toYuleAvg    0.7332
CopheneticL2Metric_toUnifAvg    0.6285

                 Name         Avg  Std         Min         Max  Count
0     MatchingCluster   59.000000  0.0   59.000000   59.000000      1
1         R-F_Cluster   11.500000  0.0   11.500000   11.500000      1
2       NodalSplitted   39.623226  0.0   39.623226   39.623226      1
3             Triples  541.000000  0.0  541.000000  541.000000      1
4        MatchingPair   92.000000  0.0   92.000000   92.000000      1
5                MAST   10.000000  0.0   10.000000   10.000000      1
6  CopheneticL2Metric   30.951575  0.0   30.951575   30.951575      1
