
                            < M A T L A B (R) >
                  Copyright 1984-2017 The MathWorks, Inc.
                   R2017a (9.2.0.538062) 64-bit (glnxa64)
                             February 23, 2017

 
To get started, type one of these: helpwin, helpdesk, or demo.
For product information, visit www.mathworks.com.
 
Running "Run1", Seed: 136069
 *** Finished Simulation Run ***

config-10.json #############################################

[#.........] | Progress: 1 | Time: 0.0s | ETA: --[##########] | Progress: 202 | Time: 0.0s | ETA: --fit<>, fid</home/chun/projects/clineage-simulation/analysis/tmc-136069/tmc-003/case-10/triplets-list.raw.txt>, flg<treeReconstruction.log>, frt<resTree.tree>, frtN</home/chun/projects/clineage-simulation/analysis/tmc-136069/tmc-003/case-10/reconstructed.tmp.newick>, fsd<qqq.dat>, fst<simul.tree>, -->index=2
Read triplets from file...
Read triplets from file...Finished
N_triplets = 105, idMaxFound = 12
treeBuildBasedOnTriplets_run...
make_isTogetherInTripletAndDeleteExtraTriplets: Finished
maxCut with 11 nodes: Finished
maxCut with 10 nodes: Finished
maxCut with 6 nodes: Finished
treeBuildBasedOnTriplets_run...Finished
Saving tree to file...
Saving tree to file...Finished

                            < M A T L A B (R) >
                  Copyright 1984-2017 The MathWorks, Inc.
                   R2017a (9.2.0.538062) 64-bit (glnxa64)
                             February 23, 2017

 
To get started, type one of these: helpwin, helpdesk, or demo.
For product information, visit www.mathworks.com.
 
TreeCmp version build2

Active options:
Type of the analysis:  ref-to-all comparison mode (-r)
Metrics:
  1. MatchingCluster (mc)
  2. R-F_Cluster (rc)
  3. NodalSplitted (ns)
  4. Triples (tt)
  5. MatchingPair (mp)
  6. MAST (mt)
  7. CopheneticL2Metric (co)
Input file: /home/chun/projects/clineage-simulation/analysis/tmc-136069/tmc-003/case-10/reconstructed.newick
Output file: /home/chun/projects/clineage-simulation/analysis/tmc-136069/tmc-003/case-10/scores.raw.out
Additional options:
N - Report normalized distances.
P - Prune compared trees if needed (trees can have different leaf sets).
I - Include summary section in the output file.
-----
2018-06-19 06:53:20: Start of reading random statistics.
2018-06-19 06:53:20: End of reading random statistics.
2018-06-19 06:53:20: Start of scanning input file: /home/chun/projects/clineage-simulation/analysis/tmc-136069/tmc-003/case-10/reconstructed.newick
2018-06-19 06:53:20: End of scanning input file: /home/chun/projects/clineage-simulation/analysis/tmc-136069/tmc-003/case-10/reconstructed.newick
2018-06-19 06:53:20: 1 valid trees found in file: /home/chun/projects/clineage-simulation/analysis/tmc-136069/tmc-003/case-10/reconstructed.newick
2018-06-19 06:53:20: Start of calculation...please wait...
2018-06-19 06:53:20: 0.00% completed...
2018-06-19 06:53:20: 100.00% completed.
2018-06-19 06:53:20: End of calculation.
2018-06-19 06:53:20: Total calculation time: 22 ms.
                               metrics
No                              1.0000
RefTree                         1.0000
Tree                            1.0000
RefTree_taxa                   13.0000
Tree_taxa                      12.0000
Common_taxa                    12.0000
MatchingCluster                27.0000
MatchingCluster_toYuleAvg       0.7605
MatchingCluster_toUnifAvg       0.7141
R-F_Cluster                     8.0000
R-F_Cluster_toYuleAvg           0.8205
R-F_Cluster_toUnifAvg           0.8172
NodalSplitted                  19.2094
NodalSplitted_toYuleAvg         0.7052
NodalSplitted_toUnifAvg         0.6420
Triples                       104.0000
Triples_toYuleAvg               0.7065
Triples_toUnifAvg               0.7088
MatchingPair                   29.0000
MatchingPair_toYuleAvg          0.6856
MatchingPair_toUnifAvg          0.6947
MAST                            5.0000
MAST_toYuleAvg                  0.7256
MAST_toUnifAvg                  0.7185
CopheneticL2Metric             17.7200
CopheneticL2Metric_toYuleAvg    0.8174
CopheneticL2Metric_toUnifAvg    0.7521

                 Name         Avg  Std         Min         Max  Count
0     MatchingCluster   27.000000  0.0   27.000000   27.000000      1
1         R-F_Cluster    8.000000  0.0    8.000000    8.000000      1
2       NodalSplitted   19.209373  0.0   19.209373   19.209373      1
3             Triples  104.000000  0.0  104.000000  104.000000      1
4        MatchingPair   29.000000  0.0   29.000000   29.000000      1
5                MAST    5.000000  0.0    5.000000    5.000000      1
6  CopheneticL2Metric   17.720045  0.0   17.720045   17.720045      1
