
                            < M A T L A B (R) >
                  Copyright 1984-2017 The MathWorks, Inc.
                   R2017a (9.2.0.538062) 64-bit (glnxa64)
                             February 23, 2017

 
To get started, type one of these: helpwin, helpdesk, or demo.
For product information, visit www.mathworks.com.
 
Running "Run1", Seed: 136069
 *** Finished Simulation Run ***

config-05.json #############################################

[#.........] | Progress: 1 | Time: 0.0s | ETA: --[##########] | Progress: 44 | Time: 0.0s | ETA: --fit<>, fid</home/chun/projects/clineage-simulation/analysis/tmc-136069/tmc-003/case-05/triplets-list.raw.txt>, flg<treeReconstruction.log>, frt<resTree.tree>, frtN</home/chun/projects/clineage-simulation/analysis/tmc-136069/tmc-003/case-05/reconstructed.tmp.newick>, fsd<qqq.dat>, fst<simul.tree>, -->index=2
Read triplets from file...
Read triplets from file...Finished
N_triplets = 42, idMaxFound = 8
treeBuildBasedOnTriplets_run...
make_isTogetherInTripletAndDeleteExtraTriplets: Finished
maxCut with 8 nodes: Finished
treeBuildBasedOnTriplets_run...Finished
Saving tree to file...
Saving tree to file...Finished

                            < M A T L A B (R) >
                  Copyright 1984-2017 The MathWorks, Inc.
                   R2017a (9.2.0.538062) 64-bit (glnxa64)
                             February 23, 2017

 
To get started, type one of these: helpwin, helpdesk, or demo.
For product information, visit www.mathworks.com.
 
TreeCmp version build2

Active options:
Type of the analysis:  ref-to-all comparison mode (-r)
Metrics:
  1. MatchingCluster (mc)
  2. R-F_Cluster (rc)
  3. NodalSplitted (ns)
  4. Triples (tt)
  5. MatchingPair (mp)
  6. MAST (mt)
  7. CopheneticL2Metric (co)
Input file: /home/chun/projects/clineage-simulation/analysis/tmc-136069/tmc-003/case-05/reconstructed.newick
Output file: /home/chun/projects/clineage-simulation/analysis/tmc-136069/tmc-003/case-05/scores.raw.out
Additional options:
N - Report normalized distances.
P - Prune compared trees if needed (trees can have different leaf sets).
I - Include summary section in the output file.
-----
2018-06-19 06:53:20: Start of reading random statistics.
2018-06-19 06:53:20: End of reading random statistics.
2018-06-19 06:53:20: Start of scanning input file: /home/chun/projects/clineage-simulation/analysis/tmc-136069/tmc-003/case-05/reconstructed.newick
2018-06-19 06:53:20: End of scanning input file: /home/chun/projects/clineage-simulation/analysis/tmc-136069/tmc-003/case-05/reconstructed.newick
2018-06-19 06:53:20: 1 valid trees found in file: /home/chun/projects/clineage-simulation/analysis/tmc-136069/tmc-003/case-05/reconstructed.newick
2018-06-19 06:53:20: Start of calculation...please wait...
2018-06-19 06:53:20: 0.00% completed...
2018-06-19 06:53:20: 100.00% completed.
2018-06-19 06:53:20: End of calculation.
2018-06-19 06:53:20: Total calculation time: 17 ms.
                              metrics
No                             1.0000
RefTree                        1.0000
Tree                           1.0000
RefTree_taxa                   8.0000
Tree_taxa                      8.0000
Common_taxa                    8.0000
MatchingCluster                9.0000
MatchingCluster_toYuleAvg      0.5494
MatchingCluster_toUnifAvg      0.5289
R-F_Cluster                    5.5000
R-F_Cluster_toYuleAvg          0.9624
R-F_Cluster_toUnifAvg          0.9544
NodalSplitted                  7.6811
NodalSplitted_toYuleAvg        0.5597
NodalSplitted_toUnifAvg        0.5312
Triples                       21.0000
Triples_toYuleAvg              0.5676
Triples_toUnifAvg              0.5555
MatchingPair                   9.0000
MatchingPair_toYuleAvg         0.5673
MatchingPair_toUnifAvg         0.5652
MAST                           3.0000
MAST_toYuleAvg                 0.7702
MAST_toUnifAvg                 0.7647
CopheneticL2Metric             5.6569
CopheneticL2Metric_toYuleAvg   0.4965
CopheneticL2Metric_toUnifAvg   0.4792

                 Name        Avg  Std        Min        Max  Count
0     MatchingCluster   9.000000  0.0   9.000000   9.000000      1
1         R-F_Cluster   5.500000  0.0   5.500000   5.500000      1
2       NodalSplitted   7.681146  0.0   7.681146   7.681146      1
3             Triples  21.000000  0.0  21.000000  21.000000      1
4        MatchingPair   9.000000  0.0   9.000000   9.000000      1
5                MAST   3.000000  0.0   3.000000   3.000000      1
6  CopheneticL2Metric   5.656854  0.0   5.656854   5.656854      1
