                              metrics
No                             1.0000
RefTree                        1.0000
Tree                           1.0000
RefTree_taxa                  13.0000
Tree_taxa                     13.0000
Common_taxa                   13.0000
MatchingCluster               22.0000
MatchingCluster_toYuleAvg      0.5388
MatchingCluster_toUnifAvg      0.4988
R-F_Cluster                    8.0000
R-F_Cluster_toYuleAvg          0.7420
R-F_Cluster_toUnifAvg          0.7392
NodalSplitted                 16.5529
NodalSplitted_toYuleAvg        0.5405
NodalSplitted_toUnifAvg        0.4775
Triples                       86.0000
Triples_toYuleAvg              0.4500
Triples_toUnifAvg              0.4502
MatchingPair                  28.0000
MatchingPair_toYuleAvg         0.5498
MatchingPair_toUnifAvg         0.5591
MAST                           7.0000
MAST_toYuleAvg                 0.9094
MAST_toUnifAvg                 0.9015
CopheneticL2Metric            10.2956
CopheneticL2Metric_toYuleAvg   0.4244
CopheneticL2Metric_toUnifAvg   0.3854

                 Name        Avg  Std        Min        Max  Count
0     MatchingCluster  22.000000  0.0  22.000000  22.000000      1
1         R-F_Cluster   8.000000  0.0   8.000000   8.000000      1
2       NodalSplitted  16.552945  0.0  16.552945  16.552945      1
3             Triples  86.000000  0.0  86.000000  86.000000      1
4        MatchingPair  28.000000  0.0  28.000000  28.000000      1
5                MAST   7.000000  0.0   7.000000   7.000000      1
6  CopheneticL2Metric  10.295630  0.0  10.295630  10.295630      1
