                               metrics
No                              1.0000
RefTree                         1.0000
Tree                            1.0000
RefTree_taxa                   21.0000
Tree_taxa                      21.0000
Common_taxa                    21.0000
MatchingCluster                46.0000
MatchingCluster_toYuleAvg       0.5022
MatchingCluster_toUnifAvg       0.4349
R-F_Cluster                    10.0000
R-F_Cluster_toYuleAvg           0.5327
R-F_Cluster_toUnifAvg           0.5305
NodalSplitted                  35.6931
NodalSplitted_toYuleAvg         0.5797
NodalSplitted_toUnifAvg         0.4586
Triples                       543.0000
Triples_toYuleAvg               0.6115
Triples_toUnifAvg               0.6126
MatchingPair                  103.0000
MatchingPair_toYuleAvg          0.6896
MatchingPair_toUnifAvg          0.7036
MAST                           11.0000
MAST_toYuleAvg                  0.7760
MAST_toUnifAvg                  0.7705
CopheneticL2Metric             22.5389
CopheneticL2Metric_toYuleAvg    0.4737
CopheneticL2Metric_toUnifAvg    0.3902

                 Name         Avg  Std         Min         Max  Count
0     MatchingCluster   46.000000  0.0   46.000000   46.000000      1
1         R-F_Cluster   10.000000  0.0   10.000000   10.000000      1
2       NodalSplitted   35.693137  0.0   35.693137   35.693137      1
3             Triples  543.000000  0.0  543.000000  543.000000      1
4        MatchingPair  103.000000  0.0  103.000000  103.000000      1
5                MAST   11.000000  0.0   11.000000   11.000000      1
6  CopheneticL2Metric   22.538855  0.0   22.538855   22.538855      1
