                              metrics
No                             1.0000
RefTree                        1.0000
Tree                           1.0000
RefTree_taxa                  17.0000
Tree_taxa                     17.0000
Common_taxa                   17.0000
MatchingCluster                6.0000
MatchingCluster_toYuleAvg      0.0928
MatchingCluster_toUnifAvg      0.0825
R-F_Cluster                    1.0000
R-F_Cluster_toYuleAvg          0.0677
R-F_Cluster_toUnifAvg          0.0674
NodalSplitted                  8.7178
NodalSplitted_toYuleAvg        0.1902
NodalSplitted_toUnifAvg        0.1592
Triples                        5.0000
Triples_toYuleAvg              0.0110
Triples_toUnifAvg              0.0110
MatchingPair                   5.0000
MatchingPair_toYuleAvg         0.0535
MatchingPair_toUnifAvg         0.0544
MAST                           1.0000
MAST_toYuleAvg                 0.0920
MAST_toUnifAvg                 0.0913
CopheneticL2Metric             4.6904
CopheneticL2Metric_toYuleAvg   0.1306
CopheneticL2Metric_toUnifAvg   0.1135

                 Name       Avg  Std       Min       Max  Count
0     MatchingCluster  6.000000  0.0  6.000000  6.000000      1
1         R-F_Cluster  1.000000  0.0  1.000000  1.000000      1
2       NodalSplitted  8.717798  0.0  8.717798  8.717798      1
3             Triples  5.000000  0.0  5.000000  5.000000      1
4        MatchingPair  5.000000  0.0  5.000000  5.000000      1
5                MAST  1.000000  0.0  1.000000  1.000000      1
6  CopheneticL2Metric  4.690416  0.0  4.690416  4.690416      1
