                              metrics
No                             1.0000
RefTree                        1.0000
Tree                           1.0000
RefTree_taxa                  22.0000
Tree_taxa                     22.0000
Common_taxa                   22.0000
MatchingCluster               18.0000
MatchingCluster_toYuleAvg      0.1821
MatchingCluster_toUnifAvg      0.1554
R-F_Cluster                    3.5000
R-F_Cluster_toYuleAvg          0.1770
R-F_Cluster_toUnifAvg          0.1763
NodalSplitted                 19.1311
NodalSplitted_toYuleAvg        0.2872
NodalSplitted_toUnifAvg        0.2249
Triples                       29.0000
Triples_toYuleAvg              0.0283
Triples_toUnifAvg              0.0282
MatchingPair                  14.0000
MatchingPair_toYuleAvg         0.0850
MatchingPair_toUnifAvg         0.0865
MAST                           4.0000
MAST_toYuleAvg                 0.2667
MAST_toUnifAvg                 0.2648
CopheneticL2Metric             9.4868
CopheneticL2Metric_toYuleAvg   0.1866
CopheneticL2Metric_toUnifAvg   0.1512

                 Name        Avg  Std        Min        Max  Count
0     MatchingCluster  18.000000  0.0  18.000000  18.000000      1
1         R-F_Cluster   3.500000  0.0   3.500000   3.500000      1
2       NodalSplitted  19.131126  0.0  19.131126  19.131126      1
3             Triples  29.000000  0.0  29.000000  29.000000      1
4        MatchingPair  14.000000  0.0  14.000000  14.000000      1
5                MAST   4.000000  0.0   4.000000   4.000000      1
6  CopheneticL2Metric   9.486833  0.0   9.486833   9.486833      1
