                              metrics
No                             1.0000
RefTree                        1.0000
Tree                           1.0000
RefTree_taxa                  13.0000
Tree_taxa                     13.0000
Common_taxa                   13.0000
MatchingCluster                3.0000
MatchingCluster_toYuleAvg      0.0735
MatchingCluster_toUnifAvg      0.0680
R-F_Cluster                    1.0000
R-F_Cluster_toYuleAvg          0.0928
R-F_Cluster_toUnifAvg          0.0924
NodalSplitted                  5.8310
NodalSplitted_toYuleAvg        0.1904
NodalSplitted_toUnifAvg        0.1682
Triples                        2.0000
Triples_toYuleAvg              0.0105
Triples_toUnifAvg              0.0105
MatchingPair                   2.0000
MatchingPair_toYuleAvg         0.0393
MatchingPair_toUnifAvg         0.0399
MAST                           1.0000
MAST_toYuleAvg                 0.1299
MAST_toUnifAvg                 0.1288
CopheneticL2Metric             2.6458
CopheneticL2Metric_toYuleAvg   0.1091
CopheneticL2Metric_toUnifAvg   0.0990

                 Name       Avg  Std       Min       Max  Count
0     MatchingCluster  3.000000  0.0  3.000000  3.000000      1
1         R-F_Cluster  1.000000  0.0  1.000000  1.000000      1
2       NodalSplitted  5.830952  0.0  5.830952  5.830952      1
3             Triples  2.000000  0.0  2.000000  2.000000      1
4        MatchingPair  2.000000  0.0  2.000000  2.000000      1
5                MAST  1.000000  0.0  1.000000  1.000000      1
6  CopheneticL2Metric  2.645751  0.0  2.645751  2.645751      1
