                               metrics
No                              1.0000
RefTree                         1.0000
Tree                            1.0000
RefTree_taxa                   14.0000
Tree_taxa                      14.0000
Common_taxa                    14.0000
MatchingCluster                36.0000
MatchingCluster_toYuleAvg       0.7706
MatchingCluster_toUnifAvg       0.7135
R-F_Cluster                     8.5000
R-F_Cluster_toYuleAvg           0.7218
R-F_Cluster_toUnifAvg           0.7194
NodalSplitted                  28.6705
NodalSplitted_toYuleAvg         0.8251
NodalSplitted_toUnifAvg         0.7342
Triples                       205.0000
Triples_toYuleAvg               0.8437
Triples_toUnifAvg               0.8457
MatchingPair                   49.0000
MatchingPair_toYuleAvg          0.8149
MatchingPair_toUnifAvg          0.8297
MAST                            6.0000
MAST_toYuleAvg                  0.7072
MAST_toUnifAvg                  0.7004
CopheneticL2Metric             21.4942
CopheneticL2Metric_toYuleAvg    0.7852
CopheneticL2Metric_toUnifAvg    0.7045

                 Name         Avg  Std         Min         Max  Count
0     MatchingCluster   36.000000  0.0   36.000000   36.000000      1
1         R-F_Cluster    8.500000  0.0    8.500000    8.500000      1
2       NodalSplitted   28.670542  0.0   28.670542   28.670542      1
3             Triples  205.000000  0.0  205.000000  205.000000      1
4        MatchingPair   49.000000  0.0   49.000000   49.000000      1
5                MAST    6.000000  0.0    6.000000    6.000000      1
6  CopheneticL2Metric   21.494185  0.0   21.494185   21.494185      1
