                              metrics
No                             1.0000
RefTree                        1.0000
Tree                           1.0000
RefTree_taxa                  14.0000
Tree_taxa                     14.0000
Common_taxa                   14.0000
MatchingCluster                8.0000
MatchingCluster_toYuleAvg      0.1712
MatchingCluster_toUnifAvg      0.1586
R-F_Cluster                    2.5000
R-F_Cluster_toYuleAvg          0.2123
R-F_Cluster_toUnifAvg          0.2116
NodalSplitted                 10.5830
NodalSplitted_toYuleAvg        0.3046
NodalSplitted_toUnifAvg        0.2710
Triples                        7.0000
Triples_toYuleAvg              0.0288
Triples_toUnifAvg              0.0289
MatchingPair                   6.0000
MatchingPair_toYuleAvg         0.0998
MatchingPair_toUnifAvg         0.1016
MAST                           2.0000
MAST_toYuleAvg                 0.2357
MAST_toUnifAvg                 0.2335
CopheneticL2Metric             5.0990
CopheneticL2Metric_toYuleAvg   0.1863
CopheneticL2Metric_toUnifAvg   0.1671

                 Name        Avg  Std        Min        Max  Count
0     MatchingCluster   8.000000  0.0   8.000000   8.000000      1
1         R-F_Cluster   2.500000  0.0   2.500000   2.500000      1
2       NodalSplitted  10.583005  0.0  10.583005  10.583005      1
3             Triples   7.000000  0.0   7.000000   7.000000      1
4        MatchingPair   6.000000  0.0   6.000000   6.000000      1
5                MAST   2.000000  0.0   2.000000   2.000000      1
6  CopheneticL2Metric   5.099020  0.0   5.099020   5.099020      1
