                               metrics
No                              1.0000
RefTree                         1.0000
Tree                            1.0000
RefTree_taxa                   15.0000
Tree_taxa                      15.0000
Common_taxa                    15.0000
MatchingCluster                34.0000
MatchingCluster_toYuleAvg       0.6569
MatchingCluster_toUnifAvg       0.5917
R-F_Cluster                     9.0000
R-F_Cluster_toYuleAvg           0.7061
R-F_Cluster_toUnifAvg           0.7022
NodalSplitted                  25.8844
NodalSplitted_toYuleAvg         0.6837
NodalSplitted_toUnifAvg         0.5886
Triples                       117.0000
Triples_toYuleAvg               0.3877
Triples_toUnifAvg               0.3865
MatchingPair                   40.0000
MatchingPair_toYuleAvg          0.5687
MatchingPair_toUnifAvg          0.5766
MAST                            9.0000
MAST_toYuleAvg                  0.9749
MAST_toUnifAvg                  0.9600
CopheneticL2Metric             18.3576
CopheneticL2Metric_toYuleAvg    0.6126
CopheneticL2Metric_toUnifAvg    0.5420

                 Name         Avg  Std         Min         Max  Count
0     MatchingCluster   34.000000  0.0   34.000000   34.000000      1
1         R-F_Cluster    9.000000  0.0    9.000000    9.000000      1
2       NodalSplitted   25.884358  0.0   25.884358   25.884358      1
3             Triples  117.000000  0.0  117.000000  117.000000      1
4        MatchingPair   40.000000  0.0   40.000000   40.000000      1
5                MAST    9.000000  0.0    9.000000    9.000000      1
6  CopheneticL2Metric   18.357560  0.0   18.357560   18.357560      1
