                               metrics
No                              1.0000
RefTree                         1.0000
Tree                            1.0000
RefTree_taxa                   20.0000
Tree_taxa                      20.0000
Common_taxa                    20.0000
MatchingCluster                75.0000
MatchingCluster_toYuleAvg       0.8804
MatchingCluster_toUnifAvg       0.7710
R-F_Cluster                    13.0000
R-F_Cluster_toYuleAvg           0.7319
R-F_Cluster_toUnifAvg           0.7284
NodalSplitted                  46.9361
NodalSplitted_toYuleAvg         0.8066
NodalSplitted_toUnifAvg         0.6531
Triples                       829.0000
Triples_toYuleAvg               1.0845
Triples_toUnifAvg               1.0914
MatchingPair                  136.0000
MatchingPair_toYuleAvg          1.0109
MatchingPair_toUnifAvg          1.0337
MAST                           13.0000
MAST_toYuleAvg                  0.9744
MAST_toUnifAvg                  0.9663
CopheneticL2Metric             31.7648
CopheneticL2Metric_toYuleAvg    0.7152
CopheneticL2Metric_toUnifAvg    0.5847

                 Name         Avg  Std         Min         Max  Count
0     MatchingCluster   75.000000  0.0   75.000000   75.000000      1
1         R-F_Cluster   13.000000  0.0   13.000000   13.000000      1
2       NodalSplitted   46.936127  0.0   46.936127   46.936127      1
3             Triples  829.000000  0.0  829.000000  829.000000      1
4        MatchingPair  136.000000  0.0  136.000000  136.000000      1
5                MAST   13.000000  0.0   13.000000   13.000000      1
6  CopheneticL2Metric   31.764760  0.0   31.764760   31.764760      1
