                              metrics
No                             1.0000
RefTree                        1.0000
Tree                           1.0000
RefTree_taxa                  14.0000
Tree_taxa                     14.0000
Common_taxa                   14.0000
MatchingCluster               12.0000
MatchingCluster_toYuleAvg      0.2569
MatchingCluster_toUnifAvg      0.2378
R-F_Cluster                    3.5000
R-F_Cluster_toYuleAvg          0.2972
R-F_Cluster_toUnifAvg          0.2962
NodalSplitted                 13.7840
NodalSplitted_toYuleAvg        0.3967
NodalSplitted_toUnifAvg        0.3530
Triples                       14.0000
Triples_toYuleAvg              0.0576
Triples_toUnifAvg              0.0578
MatchingPair                   9.0000
MatchingPair_toYuleAvg         0.1497
MatchingPair_toUnifAvg         0.1524
MAST                           4.0000
MAST_toYuleAvg                 0.4715
MAST_toUnifAvg                 0.4669
CopheneticL2Metric             6.1644
CopheneticL2Metric_toYuleAvg   0.2252
CopheneticL2Metric_toUnifAvg   0.2020

                 Name        Avg  Std        Min        Max  Count
0     MatchingCluster  12.000000  0.0  12.000000  12.000000      1
1         R-F_Cluster   3.500000  0.0   3.500000   3.500000      1
2       NodalSplitted  13.784049  0.0  13.784049  13.784049      1
3             Triples  14.000000  0.0  14.000000  14.000000      1
4        MatchingPair   9.000000  0.0   9.000000   9.000000      1
5                MAST   4.000000  0.0   4.000000   4.000000      1
6  CopheneticL2Metric   6.164414  0.0   6.164414   6.164414      1
