                               metrics
No                              1.0000
RefTree                         1.0000
Tree                            1.0000
RefTree_taxa                   17.0000
Tree_taxa                      17.0000
Common_taxa                    17.0000
MatchingCluster                27.0000
MatchingCluster_toYuleAvg       0.4177
MatchingCluster_toUnifAvg       0.3714
R-F_Cluster                     9.5000
R-F_Cluster_toYuleAvg           0.6431
R-F_Cluster_toUnifAvg           0.6399
NodalSplitted                  22.8910
NodalSplitted_toYuleAvg         0.4994
NodalSplitted_toUnifAvg         0.4181
Triples                       168.0000
Triples_toYuleAvg               0.3700
Triples_toUnifAvg               0.3694
MatchingPair                   48.0000
MatchingPair_toYuleAvg          0.5137
MatchingPair_toUnifAvg          0.5218
MAST                            7.0000
MAST_toYuleAvg                  0.6437
MAST_toUnifAvg                  0.6394
CopheneticL2Metric             13.3417
CopheneticL2Metric_toYuleAvg    0.3715
CopheneticL2Metric_toUnifAvg    0.3228

                 Name         Avg  Std         Min         Max  Count
0     MatchingCluster   27.000000  0.0   27.000000   27.000000      1
1         R-F_Cluster    9.500000  0.0    9.500000    9.500000      1
2       NodalSplitted   22.891046  0.0   22.891046   22.891046      1
3             Triples  168.000000  0.0  168.000000  168.000000      1
4        MatchingPair   48.000000  0.0   48.000000   48.000000      1
5                MAST    7.000000  0.0    7.000000    7.000000      1
6  CopheneticL2Metric   13.341664  0.0   13.341664   13.341664      1
