                               metrics
No                              1.0000
RefTree                         1.0000
Tree                            1.0000
RefTree_taxa                   19.0000
Tree_taxa                      19.0000
Common_taxa                    19.0000
MatchingCluster                26.0000
MatchingCluster_toYuleAvg       0.3353
MatchingCluster_toUnifAvg       0.2926
R-F_Cluster                    10.0000
R-F_Cluster_toYuleAvg           0.5972
R-F_Cluster_toUnifAvg           0.5941
NodalSplitted                  20.9762
NodalSplitted_toYuleAvg         0.3900
NodalSplitted_toUnifAvg         0.3180
Triples                       183.0000
Triples_toYuleAvg               0.2844
Triples_toUnifAvg               0.2830
MatchingPair                   48.0000
MatchingPair_toYuleAvg          0.4011
MatchingPair_toUnifAvg          0.4075
MAST                            7.0000
MAST_toYuleAvg                  0.5593
MAST_toUnifAvg                  0.5550
CopheneticL2Metric             14.7648
CopheneticL2Metric_toYuleAvg    0.3498
CopheneticL2Metric_toUnifAvg    0.2998

                 Name         Avg  Std         Min         Max  Count
0     MatchingCluster   26.000000  0.0   26.000000   26.000000      1
1         R-F_Cluster   10.000000  0.0   10.000000   10.000000      1
2       NodalSplitted   20.976177  0.0   20.976177   20.976177      1
3             Triples  183.000000  0.0  183.000000  183.000000      1
4        MatchingPair   48.000000  0.0   48.000000   48.000000      1
5                MAST    7.000000  0.0    7.000000    7.000000      1
6  CopheneticL2Metric   14.764823  0.0   14.764823   14.764823      1
