                              metrics
No                             1.0000
RefTree                        1.0000
Tree                           1.0000
RefTree_taxa                   8.0000
Tree_taxa                      8.0000
Common_taxa                    8.0000
MatchingCluster               11.0000
MatchingCluster_toYuleAvg      0.6715
MatchingCluster_toUnifAvg      0.6464
R-F_Cluster                    3.5000
R-F_Cluster_toYuleAvg          0.6124
R-F_Cluster_toUnifAvg          0.6073
NodalSplitted                  8.7750
NodalSplitted_toYuleAvg        0.6394
NodalSplitted_toUnifAvg        0.6069
Triples                       26.0000
Triples_toYuleAvg              0.7027
Triples_toUnifAvg              0.6877
MatchingPair                  12.0000
MatchingPair_toYuleAvg         0.7563
MatchingPair_toUnifAvg         0.7536
MAST                           4.0000
MAST_toYuleAvg                 1.0270
MAST_toUnifAvg                 1.0196
CopheneticL2Metric             5.3852
CopheneticL2Metric_toYuleAvg   0.4726
CopheneticL2Metric_toUnifAvg   0.4562

                 Name        Avg  Std        Min        Max  Count
0     MatchingCluster  11.000000  0.0  11.000000  11.000000      1
1         R-F_Cluster   3.500000  0.0   3.500000   3.500000      1
2       NodalSplitted   8.774964  0.0   8.774964   8.774964      1
3             Triples  26.000000  0.0  26.000000  26.000000      1
4        MatchingPair  12.000000  0.0  12.000000  12.000000      1
5                MAST   4.000000  0.0   4.000000   4.000000      1
6  CopheneticL2Metric   5.385165  0.0   5.385165   5.385165      1
