
                            < M A T L A B (R) >
                  Copyright 1984-2017 The MathWorks, Inc.
                   R2017a (9.2.0.538062) 64-bit (glnxa64)
                             February 23, 2017

 
To get started, type one of these: helpwin, helpdesk, or demo.
For product information, visit www.mathworks.com.
 
Running "Run1", Seed: 263803
 *** Finished Simulation Run ***

config-08.json #############################################

[#.........] | Progress: 1 | Time: 0.0s | ETA: --[.#........] | Progress: 17 | Time: 0.1s | ETA: --[..#.......] | Progress: 33 | Time: 0.1s | ETA: --[...#......] | Progress: 49 | Time: 0.2s | ETA: --[....#.....] | Progress: 65 | Time: 0.2s | ETA: --[.....#....] | Progress: 81 | Time: 0.3s | ETA: --[......#...] | Progress: 97 | Time: 0.3s | ETA: --[.......#..] | Progress: 113 | Time: 0.4s | ETA: --[##########] | Progress: 127 | Time: 0.4s | ETA: --fit<>, fid</home/chun/projects/clineage-simulation/analysis/tmc-263803/tmc-009/case-08/triplets-list.raw.txt>, flg<treeReconstruction.log>, frt<resTree.tree>, frtN</home/chun/projects/clineage-simulation/analysis/tmc-263803/tmc-009/case-08/reconstructed.tmp.newick>, fsd<qqq.dat>, fst<simul.tree>, -->index=2
Read triplets from file...
Read triplets from file...Finished
N_triplets = 127, idMaxFound = 11
treeBuildBasedOnTriplets_run...
make_isTogetherInTripletAndDeleteExtraTriplets: Finished
treeBuildBasedOnTriplets_run...Finished
Saving tree to file...
Saving tree to file...Finished

                            < M A T L A B (R) >
                  Copyright 1984-2017 The MathWorks, Inc.
                   R2017a (9.2.0.538062) 64-bit (glnxa64)
                             February 23, 2017

 
To get started, type one of these: helpwin, helpdesk, or demo.
For product information, visit www.mathworks.com.
 
TreeCmp version build2

Active options:
Type of the analysis:  ref-to-all comparison mode (-r)
Metrics:
  1. MatchingCluster (mc)
  2. R-F_Cluster (rc)
  3. NodalSplitted (ns)
  4. Triples (tt)
  5. MatchingPair (mp)
  6. MAST (mt)
  7. CopheneticL2Metric (co)
Input file: /home/chun/projects/clineage-simulation/analysis/tmc-263803/tmc-009/case-08/reconstructed.newick
Output file: /home/chun/projects/clineage-simulation/analysis/tmc-263803/tmc-009/case-08/scores.raw.out
Additional options:
N - Report normalized distances.
P - Prune compared trees if needed (trees can have different leaf sets).
I - Include summary section in the output file.
-----
2018-06-19 06:29:50: Start of reading random statistics.
2018-06-19 06:29:50: End of reading random statistics.
2018-06-19 06:29:50: Start of scanning input file: /home/chun/projects/clineage-simulation/analysis/tmc-263803/tmc-009/case-08/reconstructed.newick
2018-06-19 06:29:50: End of scanning input file: /home/chun/projects/clineage-simulation/analysis/tmc-263803/tmc-009/case-08/reconstructed.newick
2018-06-19 06:29:50: 1 valid trees found in file: /home/chun/projects/clineage-simulation/analysis/tmc-263803/tmc-009/case-08/reconstructed.newick
2018-06-19 06:29:50: Start of calculation...please wait...
2018-06-19 06:29:50: 0.00% completed...
2018-06-19 06:29:50: 100.00% completed.
2018-06-19 06:29:50: End of calculation.
2018-06-19 06:29:50: Total calculation time: 19 ms.
                              metrics
No                             1.0000
RefTree                        1.0000
Tree                           1.0000
RefTree_taxa                  11.0000
Tree_taxa                     11.0000
Common_taxa                   11.0000
MatchingCluster                4.0000
MatchingCluster_toYuleAvg      0.1318
MatchingCluster_toUnifAvg      0.1252
R-F_Cluster                    1.0000
R-F_Cluster_toYuleAvg          0.1145
R-F_Cluster_toUnifAvg          0.1136
NodalSplitted                  6.0000
NodalSplitted_toYuleAvg        0.2528
NodalSplitted_toUnifAvg        0.2340
Triples                        2.0000
Triples_toYuleAvg              0.0182
Triples_toUnifAvg              0.0181
MatchingPair                   2.0000
MatchingPair_toYuleAvg         0.0582
MatchingPair_toUnifAvg         0.0587
MAST                           2.0000
MAST_toYuleAvg                 0.3237
MAST_toUnifAvg                 0.3232
CopheneticL2Metric             2.4495
CopheneticL2Metric_toYuleAvg   0.1285
CopheneticL2Metric_toUnifAvg   0.1191

                 Name      Avg  Std      Min      Max  Count
0     MatchingCluster  4.00000  0.0  4.00000  4.00000      1
1         R-F_Cluster  1.00000  0.0  1.00000  1.00000      1
2       NodalSplitted  6.00000  0.0  6.00000  6.00000      1
3             Triples  2.00000  0.0  2.00000  2.00000      1
4        MatchingPair  2.00000  0.0  2.00000  2.00000      1
5                MAST  2.00000  0.0  2.00000  2.00000      1
6  CopheneticL2Metric  2.44949  0.0  2.44949  2.44949      1
