                               metrics
No                              1.0000
RefTree                         1.0000
Tree                            1.0000
RefTree_taxa                   14.0000
Tree_taxa                      14.0000
Common_taxa                    14.0000
MatchingCluster                37.0000
MatchingCluster_toYuleAvg       0.7920
MatchingCluster_toUnifAvg       0.7334
R-F_Cluster                    10.0000
R-F_Cluster_toYuleAvg           0.8492
R-F_Cluster_toUnifAvg           0.8464
NodalSplitted                  26.2869
NodalSplitted_toYuleAvg         0.7565
NodalSplitted_toUnifAvg         0.6732
Triples                       186.0000
Triples_toYuleAvg               0.7655
Triples_toUnifAvg               0.7673
MatchingPair                   52.0000
MatchingPair_toYuleAvg          0.8648
MatchingPair_toUnifAvg          0.8805
MAST                            7.0000
MAST_toYuleAvg                  0.8251
MAST_toUnifAvg                  0.8171
CopheneticL2Metric             17.7482
CopheneticL2Metric_toYuleAvg    0.6484
CopheneticL2Metric_toUnifAvg    0.5817

                 Name         Avg  Std         Min         Max  Count
0     MatchingCluster   37.000000  0.0   37.000000   37.000000      1
1         R-F_Cluster   10.000000  0.0   10.000000   10.000000      1
2       NodalSplitted   26.286879  0.0   26.286879   26.286879      1
3             Triples  186.000000  0.0  186.000000  186.000000      1
4        MatchingPair   52.000000  0.0   52.000000   52.000000      1
5                MAST    7.000000  0.0    7.000000    7.000000      1
6  CopheneticL2Metric   17.748239  0.0   17.748239   17.748239      1
