                               metrics
No                              1.0000
RefTree                         1.0000
Tree                            1.0000
RefTree_taxa                   14.0000
Tree_taxa                      14.0000
Common_taxa                    14.0000
MatchingCluster                38.0000
MatchingCluster_toYuleAvg       0.8134
MatchingCluster_toUnifAvg       0.7532
R-F_Cluster                     8.5000
R-F_Cluster_toYuleAvg           0.7218
R-F_Cluster_toUnifAvg           0.7194
NodalSplitted                  29.8329
NodalSplitted_toYuleAvg         0.8586
NodalSplitted_toUnifAvg         0.7640
Triples                       249.0000
Triples_toYuleAvg               1.0247
Triples_toUnifAvg               1.0272
MatchingPair                   58.0000
MatchingPair_toYuleAvg          0.9646
MatchingPair_toUnifAvg          0.9821
MAST                            8.0000
MAST_toYuleAvg                  0.9430
MAST_toUnifAvg                  0.9338
CopheneticL2Metric             20.0499
CopheneticL2Metric_toYuleAvg    0.7325
CopheneticL2Metric_toUnifAvg    0.6571

                 Name         Avg  Std         Min         Max  Count
0     MatchingCluster   38.000000  0.0   38.000000   38.000000      1
1         R-F_Cluster    8.500000  0.0    8.500000    8.500000      1
2       NodalSplitted   29.832868  0.0   29.832868   29.832868      1
3             Triples  249.000000  0.0  249.000000  249.000000      1
4        MatchingPair   58.000000  0.0   58.000000   58.000000      1
5                MAST    8.000000  0.0    8.000000    8.000000      1
6  CopheneticL2Metric   20.049938  0.0   20.049938   20.049938      1
