                              metrics
No                             1.0000
RefTree                        1.0000
Tree                           1.0000
RefTree_taxa                  18.0000
Tree_taxa                     18.0000
Common_taxa                   18.0000
MatchingCluster               18.0000
MatchingCluster_toYuleAvg      0.2534
MatchingCluster_toUnifAvg      0.2238
R-F_Cluster                    4.5000
R-F_Cluster_toYuleAvg          0.2851
R-F_Cluster_toUnifAvg          0.2844
NodalSplitted                 19.7990
NodalSplitted_toYuleAvg        0.3983
NodalSplitted_toUnifAvg        0.3266
Triples                       16.0000
Triples_toYuleAvg              0.0293
Triples_toUnifAvg              0.0295
MatchingPair                  13.0000
MatchingPair_toYuleAvg         0.1222
MatchingPair_toUnifAvg         0.1250
MAST                           5.0000
MAST_toYuleAvg                 0.4260
MAST_toUnifAvg                 0.4248
CopheneticL2Metric             8.7178
CopheneticL2Metric_toYuleAvg   0.2222
CopheneticL2Metric_toUnifAvg   0.1929

                 Name        Avg  Std        Min        Max  Count
0     MatchingCluster  18.000000  0.0  18.000000  18.000000      1
1         R-F_Cluster   4.500000  0.0   4.500000   4.500000      1
2       NodalSplitted  19.798990  0.0  19.798990  19.798990      1
3             Triples  16.000000  0.0  16.000000  16.000000      1
4        MatchingPair  13.000000  0.0  13.000000  13.000000      1
5                MAST   5.000000  0.0   5.000000   5.000000      1
6  CopheneticL2Metric   8.717798  0.0   8.717798   8.717798      1
