                              metrics
No                             1.0000
RefTree                        1.0000
Tree                           1.0000
RefTree_taxa                  17.0000
Tree_taxa                     17.0000
Common_taxa                   17.0000
MatchingCluster               18.0000
MatchingCluster_toYuleAvg      0.2785
MatchingCluster_toUnifAvg      0.2476
R-F_Cluster                    5.0000
R-F_Cluster_toYuleAvg          0.3385
R-F_Cluster_toUnifAvg          0.3368
NodalSplitted                 20.2485
NodalSplitted_toYuleAvg        0.4418
NodalSplitted_toUnifAvg        0.3698
Triples                       43.0000
Triples_toYuleAvg              0.0947
Triples_toUnifAvg              0.0946
MatchingPair                  21.0000
MatchingPair_toYuleAvg         0.2248
MatchingPair_toUnifAvg         0.2283
MAST                           5.0000
MAST_toYuleAvg                 0.4598
MAST_toUnifAvg                 0.4567
CopheneticL2Metric            10.4403
CopheneticL2Metric_toYuleAvg   0.2907
CopheneticL2Metric_toUnifAvg   0.2526

                 Name        Avg  Std        Min        Max  Count
0     MatchingCluster  18.000000  0.0  18.000000  18.000000      1
1         R-F_Cluster   5.000000  0.0   5.000000   5.000000      1
2       NodalSplitted  20.248457  0.0  20.248457  20.248457      1
3             Triples  43.000000  0.0  43.000000  43.000000      1
4        MatchingPair  21.000000  0.0  21.000000  21.000000      1
5                MAST   5.000000  0.0   5.000000   5.000000      1
6  CopheneticL2Metric  10.440307  0.0  10.440307  10.440307      1
