                              metrics
No                             1.0000
RefTree                        1.0000
Tree                           1.0000
RefTree_taxa                  18.0000
Tree_taxa                     18.0000
Common_taxa                   18.0000
MatchingCluster               27.0000
MatchingCluster_toYuleAvg      0.3801
MatchingCluster_toUnifAvg      0.3357
R-F_Cluster                    4.0000
R-F_Cluster_toYuleAvg          0.2534
R-F_Cluster_toUnifAvg          0.2528
NodalSplitted                 24.5153
NodalSplitted_toYuleAvg        0.4931
NodalSplitted_toUnifAvg        0.4044
Triples                       59.0000
Triples_toYuleAvg              0.1079
Triples_toUnifAvg              0.1087
MatchingPair                  24.0000
MatchingPair_toYuleAvg         0.2256
MatchingPair_toUnifAvg         0.2308
MAST                           4.0000
MAST_toYuleAvg                 0.3408
MAST_toUnifAvg                 0.3399
CopheneticL2Metric            17.9444
CopheneticL2Metric_toYuleAvg   0.4573
CopheneticL2Metric_toUnifAvg   0.3970

                 Name        Avg  Std        Min        Max  Count
0     MatchingCluster  27.000000  0.0  27.000000  27.000000      1
1         R-F_Cluster   4.000000  0.0   4.000000   4.000000      1
2       NodalSplitted  24.515301  0.0  24.515301  24.515301      1
3             Triples  59.000000  0.0  59.000000  59.000000      1
4        MatchingPair  24.000000  0.0  24.000000  24.000000      1
5                MAST   4.000000  0.0   4.000000   4.000000      1
6  CopheneticL2Metric  17.944358  0.0  17.944358  17.944358      1
