
                            < M A T L A B (R) >
                  Copyright 1984-2017 The MathWorks, Inc.
                   R2017a (9.2.0.538062) 64-bit (glnxa64)
                             February 23, 2017

 
To get started, type one of these: helpwin, helpdesk, or demo.
For product information, visit www.mathworks.com.
 
Running "Run1", Seed: 145539
 *** Finished Simulation Run ***

config-12.json #############################################

[#.........] | Progress: 1 | Time: 0.0s | ETA: --[.#........] | Progress: 156 | Time: 0.1s | ETA: --[..#.......] | Progress: 271 | Time: 0.1s | ETA: --[##########] | Progress: 328 | Time: 0.1s | ETA: --fit<>, fid</home/chun/projects/clineage-simulation/analysis/tmc-145539/tmc-004/case-12/triplets-list.raw.txt>, flg<treeReconstruction.log>, frt<resTree.tree>, frtN</home/chun/projects/clineage-simulation/analysis/tmc-145539/tmc-004/case-12/reconstructed.tmp.newick>, fsd<qqq.dat>, fst<simul.tree>, -->index=2
Read triplets from file...
Read triplets from file...Finished
N_triplets = 318, idMaxFound = 15
treeBuildBasedOnTriplets_run...
make_isTogetherInTripletAndDeleteExtraTriplets: Finished
maxCut with 15 nodes: Finished
maxCut with 13 nodes: Finished
maxCut with 10 nodes: Finished
maxCut with 8 nodes: Finished
treeBuildBasedOnTriplets_run...Finished
Saving tree to file...
Saving tree to file...Finished

                            < M A T L A B (R) >
                  Copyright 1984-2017 The MathWorks, Inc.
                   R2017a (9.2.0.538062) 64-bit (glnxa64)
                             February 23, 2017

 
To get started, type one of these: helpwin, helpdesk, or demo.
For product information, visit www.mathworks.com.
 
TreeCmp version build2

Active options:
Type of the analysis:  ref-to-all comparison mode (-r)
Metrics:
  1. MatchingCluster (mc)
  2. R-F_Cluster (rc)
  3. NodalSplitted (ns)
  4. Triples (tt)
  5. MatchingPair (mp)
  6. MAST (mt)
  7. CopheneticL2Metric (co)
Input file: /home/chun/projects/clineage-simulation/analysis/tmc-145539/tmc-004/case-12/reconstructed.newick
Output file: /home/chun/projects/clineage-simulation/analysis/tmc-145539/tmc-004/case-12/scores.raw.out
Additional options:
N - Report normalized distances.
P - Prune compared trees if needed (trees can have different leaf sets).
I - Include summary section in the output file.
-----
2018-06-19 06:47:51: Start of reading random statistics.
2018-06-19 06:47:52: End of reading random statistics.
2018-06-19 06:47:52: Start of scanning input file: /home/chun/projects/clineage-simulation/analysis/tmc-145539/tmc-004/case-12/reconstructed.newick
2018-06-19 06:47:52: End of scanning input file: /home/chun/projects/clineage-simulation/analysis/tmc-145539/tmc-004/case-12/reconstructed.newick
2018-06-19 06:47:52: 1 valid trees found in file: /home/chun/projects/clineage-simulation/analysis/tmc-145539/tmc-004/case-12/reconstructed.newick
2018-06-19 06:47:52: Start of calculation...please wait...
2018-06-19 06:47:52: 0.00% completed...
2018-06-19 06:47:52: 100.00% completed.
2018-06-19 06:47:52: End of calculation.
2018-06-19 06:47:52: Total calculation time: 20 ms.
                               metrics
No                              1.0000
RefTree                         1.0000
Tree                            1.0000
RefTree_taxa                   15.0000
Tree_taxa                      15.0000
Common_taxa                    15.0000
MatchingCluster                33.0000
MatchingCluster_toYuleAvg       0.6376
MatchingCluster_toUnifAvg       0.5743
R-F_Cluster                     7.5000
R-F_Cluster_toYuleAvg           0.5884
R-F_Cluster_toUnifAvg           0.5852
NodalSplitted                  30.0998
NodalSplitted_toYuleAvg         0.7950
NodalSplitted_toUnifAvg         0.6845
Triples                       136.0000
Triples_toYuleAvg               0.4506
Triples_toUnifAvg               0.4493
MatchingPair                   41.0000
MatchingPair_toYuleAvg          0.5829
MatchingPair_toUnifAvg          0.5911
MAST                            6.0000
MAST_toYuleAvg                  0.6499
MAST_toUnifAvg                  0.6400
CopheneticL2Metric             19.4679
CopheneticL2Metric_toYuleAvg    0.6497
CopheneticL2Metric_toUnifAvg    0.5748

                 Name         Avg  Std         Min         Max  Count
0     MatchingCluster   33.000000  0.0   33.000000   33.000000      1
1         R-F_Cluster    7.500000  0.0    7.500000    7.500000      1
2       NodalSplitted   30.099834  0.0   30.099834   30.099834      1
3             Triples  136.000000  0.0  136.000000  136.000000      1
4        MatchingPair   41.000000  0.0   41.000000   41.000000      1
5                MAST    6.000000  0.0    6.000000    6.000000      1
6  CopheneticL2Metric   19.467922  0.0   19.467922   19.467922      1
