
                            < M A T L A B (R) >
                  Copyright 1984-2017 The MathWorks, Inc.
                   R2017a (9.2.0.538062) 64-bit (glnxa64)
                             February 23, 2017

 
To get started, type one of these: helpwin, helpdesk, or demo.
For product information, visit www.mathworks.com.
 
Running "Run1", Seed: 145539
 *** Finished Simulation Run ***

config-16.json #############################################

[#.........] | Progress: 1 | Time: 0.0s | ETA: --[.#........] | Progress: 222 | Time: 0.1s | ETA: --[..#.......] | Progress: 441 | Time: 0.1s | ETA: --[...#......] | Progress: 652 | Time: 0.2s | ETA: --[##########] | Progress: 662 | Time: 0.2s | ETA: --fit<>, fid</home/chun/projects/clineage-simulation/analysis/tmc-145539/tmc-004/case-16/triplets-list.raw.txt>, flg<treeReconstruction.log>, frt<resTree.tree>, frtN</home/chun/projects/clineage-simulation/analysis/tmc-145539/tmc-004/case-16/reconstructed.tmp.newick>, fsd<qqq.dat>, fst<simul.tree>, -->index=2
Read triplets from file...
Read triplets from file...Finished
N_triplets = 636, idMaxFound = 19
treeBuildBasedOnTriplets_run...
make_isTogetherInTripletAndDeleteExtraTriplets: Finished
maxCut with 19 nodes: Finished
maxCut with 17 nodes: Finished
maxCut with 10 nodes: Finished
maxCut with 5 nodes: Finished
treeBuildBasedOnTriplets_run...Finished
Saving tree to file...
Saving tree to file...Finished

                            < M A T L A B (R) >
                  Copyright 1984-2017 The MathWorks, Inc.
                   R2017a (9.2.0.538062) 64-bit (glnxa64)
                             February 23, 2017

 
To get started, type one of these: helpwin, helpdesk, or demo.
For product information, visit www.mathworks.com.
 
TreeCmp version build2

Active options:
Type of the analysis:  ref-to-all comparison mode (-r)
Metrics:
  1. MatchingCluster (mc)
  2. R-F_Cluster (rc)
  3. NodalSplitted (ns)
  4. Triples (tt)
  5. MatchingPair (mp)
  6. MAST (mt)
  7. CopheneticL2Metric (co)
Input file: /home/chun/projects/clineage-simulation/analysis/tmc-145539/tmc-004/case-16/reconstructed.newick
Output file: /home/chun/projects/clineage-simulation/analysis/tmc-145539/tmc-004/case-16/scores.raw.out
Additional options:
N - Report normalized distances.
P - Prune compared trees if needed (trees can have different leaf sets).
I - Include summary section in the output file.
-----
2018-06-19 06:47:52: Start of reading random statistics.
2018-06-19 06:47:52: End of reading random statistics.
2018-06-19 06:47:52: Start of scanning input file: /home/chun/projects/clineage-simulation/analysis/tmc-145539/tmc-004/case-16/reconstructed.newick
2018-06-19 06:47:52: End of scanning input file: /home/chun/projects/clineage-simulation/analysis/tmc-145539/tmc-004/case-16/reconstructed.newick
2018-06-19 06:47:52: 1 valid trees found in file: /home/chun/projects/clineage-simulation/analysis/tmc-145539/tmc-004/case-16/reconstructed.newick
2018-06-19 06:47:52: Start of calculation...please wait...
2018-06-19 06:47:52: 0.00% completed...
2018-06-19 06:47:52: 100.00% completed.
2018-06-19 06:47:52: End of calculation.
2018-06-19 06:47:52: Total calculation time: 24 ms.
                               metrics
No                              1.0000
RefTree                         1.0000
Tree                            1.0000
RefTree_taxa                   19.0000
Tree_taxa                      19.0000
Common_taxa                    19.0000
MatchingCluster                36.0000
MatchingCluster_toYuleAvg       0.4642
MatchingCluster_toUnifAvg       0.4051
R-F_Cluster                    10.5000
R-F_Cluster_toYuleAvg           0.6270
R-F_Cluster_toUnifAvg           0.6238
NodalSplitted                  33.5857
NodalSplitted_toYuleAvg         0.6244
NodalSplitted_toUnifAvg         0.5091
Triples                       285.0000
Triples_toYuleAvg               0.4429
Triples_toUnifAvg               0.4407
MatchingPair                   77.0000
MatchingPair_toYuleAvg          0.6434
MatchingPair_toUnifAvg          0.6538
MAST                            9.0000
MAST_toYuleAvg                  0.7191
MAST_toUnifAvg                  0.7135
CopheneticL2Metric             22.3607
CopheneticL2Metric_toYuleAvg    0.5297
CopheneticL2Metric_toUnifAvg    0.4540

                 Name         Avg  Std         Min         Max  Count
0     MatchingCluster   36.000000  0.0   36.000000   36.000000      1
1         R-F_Cluster   10.500000  0.0   10.500000   10.500000      1
2       NodalSplitted   33.585711  0.0   33.585711   33.585711      1
3             Triples  285.000000  0.0  285.000000  285.000000      1
4        MatchingPair   77.000000  0.0   77.000000   77.000000      1
5                MAST    9.000000  0.0    9.000000    9.000000      1
6  CopheneticL2Metric   22.360680  0.0   22.360680   22.360680      1
