
                            < M A T L A B (R) >
                  Copyright 1984-2017 The MathWorks, Inc.
                   R2017a (9.2.0.538062) 64-bit (glnxa64)
                             February 23, 2017

 
To get started, type one of these: helpwin, helpdesk, or demo.
For product information, visit www.mathworks.com.
 
Running "Run1", Seed: 145539
 *** Finished Simulation Run ***

config-15.json #############################################

[#.........] | Progress: 1 | Time: 0.0s | ETA: --[.#........] | Progress: 256 | Time: 0.1s | ETA: --[..#.......] | Progress: 502 | Time: 0.1s | ETA: --[##########] | Progress: 547 | Time: 0.1s | ETA: --fit<>, fid</home/chun/projects/clineage-simulation/analysis/tmc-145539/tmc-004/case-15/triplets-list.raw.txt>, flg<treeReconstruction.log>, frt<resTree.tree>, frtN</home/chun/projects/clineage-simulation/analysis/tmc-145539/tmc-004/case-15/reconstructed.tmp.newick>, fsd<qqq.dat>, fst<simul.tree>, -->index=2
Read triplets from file...
Read triplets from file...Finished
N_triplets = 532, idMaxFound = 18
treeBuildBasedOnTriplets_run...
make_isTogetherInTripletAndDeleteExtraTriplets: Finished
maxCut with 18 nodes: Finished
maxCut with 16 nodes: Finished
maxCut with 8 nodes: Finished
maxCut with 8 nodes: Finished
maxCut with 5 nodes: Finished
treeBuildBasedOnTriplets_run...Finished
Saving tree to file...
Saving tree to file...Finished

                            < M A T L A B (R) >
                  Copyright 1984-2017 The MathWorks, Inc.
                   R2017a (9.2.0.538062) 64-bit (glnxa64)
                             February 23, 2017

 
To get started, type one of these: helpwin, helpdesk, or demo.
For product information, visit www.mathworks.com.
 
TreeCmp version build2

Active options:
Type of the analysis:  ref-to-all comparison mode (-r)
Metrics:
  1. MatchingCluster (mc)
  2. R-F_Cluster (rc)
  3. NodalSplitted (ns)
  4. Triples (tt)
  5. MatchingPair (mp)
  6. MAST (mt)
  7. CopheneticL2Metric (co)
Input file: /home/chun/projects/clineage-simulation/analysis/tmc-145539/tmc-004/case-15/reconstructed.newick
Output file: /home/chun/projects/clineage-simulation/analysis/tmc-145539/tmc-004/case-15/scores.raw.out
Additional options:
N - Report normalized distances.
P - Prune compared trees if needed (trees can have different leaf sets).
I - Include summary section in the output file.
-----
2018-06-19 06:47:53: Start of reading random statistics.
2018-06-19 06:47:53: End of reading random statistics.
2018-06-19 06:47:53: Start of scanning input file: /home/chun/projects/clineage-simulation/analysis/tmc-145539/tmc-004/case-15/reconstructed.newick
2018-06-19 06:47:53: End of scanning input file: /home/chun/projects/clineage-simulation/analysis/tmc-145539/tmc-004/case-15/reconstructed.newick
2018-06-19 06:47:53: 1 valid trees found in file: /home/chun/projects/clineage-simulation/analysis/tmc-145539/tmc-004/case-15/reconstructed.newick
2018-06-19 06:47:53: Start of calculation...please wait...
2018-06-19 06:47:53: 0.00% completed...
2018-06-19 06:47:53: 100.00% completed.
2018-06-19 06:47:53: End of calculation.
2018-06-19 06:47:53: Total calculation time: 22 ms.
                               metrics
No                              1.0000
RefTree                         1.0000
Tree                            1.0000
RefTree_taxa                   18.0000
Tree_taxa                      18.0000
Common_taxa                    18.0000
MatchingCluster                40.0000
MatchingCluster_toYuleAvg       0.5630
MatchingCluster_toUnifAvg       0.4974
R-F_Cluster                    10.0000
R-F_Cluster_toYuleAvg           0.6335
R-F_Cluster_toUnifAvg           0.6319
NodalSplitted                  36.9594
NodalSplitted_toYuleAvg         0.7434
NodalSplitted_toUnifAvg         0.6097
Triples                       241.0000
Triples_toYuleAvg               0.4408
Triples_toUnifAvg               0.4438
MatchingPair                   61.0000
MatchingPair_toYuleAvg          0.5734
MatchingPair_toUnifAvg          0.5865
MAST                            9.0000
MAST_toYuleAvg                  0.7668
MAST_toUnifAvg                  0.7647
CopheneticL2Metric             24.5561
CopheneticL2Metric_toYuleAvg    0.6258
CopheneticL2Metric_toUnifAvg    0.5433

                 Name         Avg  Std         Min         Max  Count
0     MatchingCluster   40.000000  0.0   40.000000   40.000000      1
1         R-F_Cluster   10.000000  0.0   10.000000   10.000000      1
2       NodalSplitted   36.959437  0.0   36.959437   36.959437      1
3             Triples  241.000000  0.0  241.000000  241.000000      1
4        MatchingPair   61.000000  0.0   61.000000   61.000000      1
5                MAST    9.000000  0.0    9.000000    9.000000      1
6  CopheneticL2Metric   24.556058  0.0   24.556058   24.556058      1
