
                            < M A T L A B (R) >
                  Copyright 1984-2017 The MathWorks, Inc.
                   R2017a (9.2.0.538062) 64-bit (glnxa64)
                             February 23, 2017

 
To get started, type one of these: helpwin, helpdesk, or demo.
For product information, visit www.mathworks.com.
 
Running "Run1", Seed: 145539
 *** Finished Simulation Run ***

config-18.json #############################################

[#.........] | Progress: 1 | Time: 0.0s | ETA: --[.#........] | Progress: 226 | Time: 0.1s | ETA: --[..#.......] | Progress: 450 | Time: 0.1s | ETA: --[...#......] | Progress: 670 | Time: 0.2s | ETA: --[....#.....] | Progress: 886 | Time: 0.2s | ETA: --[##########] | Progress: 924 | Time: 0.2s | ETA: --fit<>, fid</home/chun/projects/clineage-simulation/analysis/tmc-145539/tmc-004/case-18/triplets-list.raw.txt>, flg<treeReconstruction.log>, frt<resTree.tree>, frtN</home/chun/projects/clineage-simulation/analysis/tmc-145539/tmc-004/case-18/reconstructed.tmp.newick>, fsd<qqq.dat>, fst<simul.tree>, -->index=2
Read triplets from file...
Read triplets from file...Finished
N_triplets = 885, idMaxFound = 21
treeBuildBasedOnTriplets_run...
make_isTogetherInTripletAndDeleteExtraTriplets: Finished
maxCut with 21 nodes: Finished
maxCut with 19 nodes: Finished
maxCut with 12 nodes: Finished
maxCut with 5 nodes: Finished
maxCut with 7 nodes: Finished
treeBuildBasedOnTriplets_run...Finished
Saving tree to file...
Saving tree to file...Finished

                            < M A T L A B (R) >
                  Copyright 1984-2017 The MathWorks, Inc.
                   R2017a (9.2.0.538062) 64-bit (glnxa64)
                             February 23, 2017

 
To get started, type one of these: helpwin, helpdesk, or demo.
For product information, visit www.mathworks.com.
 
TreeCmp version build2

Active options:
Type of the analysis:  ref-to-all comparison mode (-r)
Metrics:
  1. MatchingCluster (mc)
  2. R-F_Cluster (rc)
  3. NodalSplitted (ns)
  4. Triples (tt)
  5. MatchingPair (mp)
  6. MAST (mt)
  7. CopheneticL2Metric (co)
Input file: /home/chun/projects/clineage-simulation/analysis/tmc-145539/tmc-004/case-18/reconstructed.newick
Output file: /home/chun/projects/clineage-simulation/analysis/tmc-145539/tmc-004/case-18/scores.raw.out
Additional options:
N - Report normalized distances.
P - Prune compared trees if needed (trees can have different leaf sets).
I - Include summary section in the output file.
-----
2018-06-19 06:47:54: Start of reading random statistics.
2018-06-19 06:47:54: End of reading random statistics.
2018-06-19 06:47:54: Start of scanning input file: /home/chun/projects/clineage-simulation/analysis/tmc-145539/tmc-004/case-18/reconstructed.newick
2018-06-19 06:47:54: End of scanning input file: /home/chun/projects/clineage-simulation/analysis/tmc-145539/tmc-004/case-18/reconstructed.newick
2018-06-19 06:47:54: 1 valid trees found in file: /home/chun/projects/clineage-simulation/analysis/tmc-145539/tmc-004/case-18/reconstructed.newick
2018-06-19 06:47:54: Start of calculation...please wait...
2018-06-19 06:47:54: 0.00% completed...
2018-06-19 06:47:54: 100.00% completed.
2018-06-19 06:47:54: End of calculation.
2018-06-19 06:47:54: Total calculation time: 24 ms.
                               metrics
No                              1.0000
RefTree                         1.0000
Tree                            1.0000
RefTree_taxa                   21.0000
Tree_taxa                      21.0000
Common_taxa                    21.0000
MatchingCluster                49.0000
MatchingCluster_toYuleAvg       0.5349
MatchingCluster_toUnifAvg       0.4633
R-F_Cluster                    11.5000
R-F_Cluster_toYuleAvg           0.6126
R-F_Cluster_toUnifAvg           0.6101
NodalSplitted                  43.6807
NodalSplitted_toYuleAvg         0.7094
NodalSplitted_toUnifAvg         0.5612
Triples                       396.0000
Triples_toYuleAvg               0.4460
Triples_toUnifAvg               0.4468
MatchingPair                   88.0000
MatchingPair_toYuleAvg          0.5892
MatchingPair_toUnifAvg          0.6012
MAST                           12.0000
MAST_toYuleAvg                  0.8466
MAST_toUnifAvg                  0.8406
CopheneticL2Metric             28.7402
CopheneticL2Metric_toYuleAvg    0.6040
CopheneticL2Metric_toUnifAvg    0.4975

                 Name         Avg  Std         Min         Max  Count
0     MatchingCluster   49.000000  0.0   49.000000   49.000000      1
1         R-F_Cluster   11.500000  0.0   11.500000   11.500000      1
2       NodalSplitted   43.680659  0.0   43.680659   43.680659      1
3             Triples  396.000000  0.0  396.000000  396.000000      1
4        MatchingPair   88.000000  0.0   88.000000   88.000000      1
5                MAST   12.000000  0.0   12.000000   12.000000      1
6  CopheneticL2Metric   28.740216  0.0   28.740216   28.740216      1
