
                            < M A T L A B (R) >
                  Copyright 1984-2017 The MathWorks, Inc.
                   R2017a (9.2.0.538062) 64-bit (glnxa64)
                             February 23, 2017

 
To get started, type one of these: helpwin, helpdesk, or demo.
For product information, visit www.mathworks.com.
 
Running "Run1", Seed: 145539
 *** Finished Simulation Run ***

config-11.json #############################################

[#.........] | Progress: 1 | Time: 0.0s | ETA: --[.#........] | Progress: 185 | Time: 0.1s | ETA: --[##########] | Progress: 254 | Time: 0.1s | ETA: --fit<>, fid</home/chun/projects/clineage-simulation/analysis/tmc-145539/tmc-004/case-11/triplets-list.raw.txt>, flg<treeReconstruction.log>, frt<resTree.tree>, frtN</home/chun/projects/clineage-simulation/analysis/tmc-145539/tmc-004/case-11/reconstructed.tmp.newick>, fsd<qqq.dat>, fst<simul.tree>, -->index=2
Read triplets from file...
Read triplets from file...Finished
N_triplets = 247, idMaxFound = 14
treeBuildBasedOnTriplets_run...
make_isTogetherInTripletAndDeleteExtraTriplets: Finished
maxCut with 14 nodes: Finished
maxCut with 13 nodes: Finished
maxCut with 10 nodes: Finished
maxCut with 8 nodes: Finished
maxCut with 4 nodes: Finished
treeBuildBasedOnTriplets_run...Finished
Saving tree to file...
Saving tree to file...Finished

                            < M A T L A B (R) >
                  Copyright 1984-2017 The MathWorks, Inc.
                   R2017a (9.2.0.538062) 64-bit (glnxa64)
                             February 23, 2017

 
To get started, type one of these: helpwin, helpdesk, or demo.
For product information, visit www.mathworks.com.
 
TreeCmp version build2

Active options:
Type of the analysis:  ref-to-all comparison mode (-r)
Metrics:
  1. MatchingCluster (mc)
  2. R-F_Cluster (rc)
  3. NodalSplitted (ns)
  4. Triples (tt)
  5. MatchingPair (mp)
  6. MAST (mt)
  7. CopheneticL2Metric (co)
Input file: /home/chun/projects/clineage-simulation/analysis/tmc-145539/tmc-004/case-11/reconstructed.newick
Output file: /home/chun/projects/clineage-simulation/analysis/tmc-145539/tmc-004/case-11/scores.raw.out
Additional options:
N - Report normalized distances.
P - Prune compared trees if needed (trees can have different leaf sets).
I - Include summary section in the output file.
-----
2018-06-19 06:47:56: Start of reading random statistics.
2018-06-19 06:47:56: End of reading random statistics.
2018-06-19 06:47:56: Start of scanning input file: /home/chun/projects/clineage-simulation/analysis/tmc-145539/tmc-004/case-11/reconstructed.newick
2018-06-19 06:47:56: End of scanning input file: /home/chun/projects/clineage-simulation/analysis/tmc-145539/tmc-004/case-11/reconstructed.newick
2018-06-19 06:47:56: 1 valid trees found in file: /home/chun/projects/clineage-simulation/analysis/tmc-145539/tmc-004/case-11/reconstructed.newick
2018-06-19 06:47:56: Start of calculation...please wait...
2018-06-19 06:47:56: 0.00% completed...
2018-06-19 06:47:56: 100.00% completed.
2018-06-19 06:47:56: End of calculation.
2018-06-19 06:47:56: Total calculation time: 23 ms.
                               metrics
No                              1.0000
RefTree                         1.0000
Tree                            1.0000
RefTree_taxa                   14.0000
Tree_taxa                      14.0000
Common_taxa                    14.0000
MatchingCluster                25.0000
MatchingCluster_toYuleAvg       0.5351
MatchingCluster_toUnifAvg       0.4955
R-F_Cluster                     5.5000
R-F_Cluster_toYuleAvg           0.4671
R-F_Cluster_toUnifAvg           0.4655
NodalSplitted                  22.2486
NodalSplitted_toYuleAvg         0.6403
NodalSplitted_toUnifAvg         0.5698
Triples                       124.0000
Triples_toYuleAvg               0.5103
Triples_toUnifAvg               0.5115
MatchingPair                   35.0000
MatchingPair_toYuleAvg          0.5821
MatchingPair_toUnifAvg          0.5926
MAST                            6.0000
MAST_toYuleAvg                  0.7072
MAST_toUnifAvg                  0.7004
CopheneticL2Metric             15.4596
CopheneticL2Metric_toYuleAvg    0.5648
CopheneticL2Metric_toUnifAvg    0.5067

                 Name         Avg  Std         Min         Max  Count
0     MatchingCluster   25.000000  0.0   25.000000   25.000000      1
1         R-F_Cluster    5.500000  0.0    5.500000    5.500000      1
2       NodalSplitted   22.248595  0.0   22.248595   22.248595      1
3             Triples  124.000000  0.0  124.000000  124.000000      1
4        MatchingPair   35.000000  0.0   35.000000   35.000000      1
5                MAST    6.000000  0.0    6.000000    6.000000      1
6  CopheneticL2Metric   15.459625  0.0   15.459625   15.459625      1
