
                            < M A T L A B (R) >
                  Copyright 1984-2017 The MathWorks, Inc.
                   R2017a (9.2.0.538062) 64-bit (glnxa64)
                             February 23, 2017

 
To get started, type one of these: helpwin, helpdesk, or demo.
For product information, visit www.mathworks.com.
 
Running "Run1", Seed: 145539
 *** Finished Simulation Run ***

config-10.json #############################################

[#.........] | Progress: 1 | Time: 0.0s | ETA: --[.#........] | Progress: 183 | Time: 0.1s | ETA: --[##########] | Progress: 201 | Time: 0.1s | ETA: --fit<>, fid</home/chun/projects/clineage-simulation/analysis/tmc-145539/tmc-004/case-10/triplets-list.raw.txt>, flg<treeReconstruction.log>, frt<resTree.tree>, frtN</home/chun/projects/clineage-simulation/analysis/tmc-145539/tmc-004/case-10/reconstructed.tmp.newick>, fsd<qqq.dat>, fst<simul.tree>, -->index=2
Read triplets from file...
Read triplets from file...Finished
N_triplets = 191, idMaxFound = 13
treeBuildBasedOnTriplets_run...
make_isTogetherInTripletAndDeleteExtraTriplets: Finished
maxCut with 13 nodes: Finished
maxCut with 12 nodes: Finished
maxCut with 9 nodes: Finished
maxCut with 7 nodes: Finished
treeBuildBasedOnTriplets_run...Finished
Saving tree to file...
Saving tree to file...Finished

                            < M A T L A B (R) >
                  Copyright 1984-2017 The MathWorks, Inc.
                   R2017a (9.2.0.538062) 64-bit (glnxa64)
                             February 23, 2017

 
To get started, type one of these: helpwin, helpdesk, or demo.
For product information, visit www.mathworks.com.
 
TreeCmp version build2

Active options:
Type of the analysis:  ref-to-all comparison mode (-r)
Metrics:
  1. MatchingCluster (mc)
  2. R-F_Cluster (rc)
  3. NodalSplitted (ns)
  4. Triples (tt)
  5. MatchingPair (mp)
  6. MAST (mt)
  7. CopheneticL2Metric (co)
Input file: /home/chun/projects/clineage-simulation/analysis/tmc-145539/tmc-004/case-10/reconstructed.newick
Output file: /home/chun/projects/clineage-simulation/analysis/tmc-145539/tmc-004/case-10/scores.raw.out
Additional options:
N - Report normalized distances.
P - Prune compared trees if needed (trees can have different leaf sets).
I - Include summary section in the output file.
-----
2018-06-19 06:47:57: Start of reading random statistics.
2018-06-19 06:47:57: End of reading random statistics.
2018-06-19 06:47:57: Start of scanning input file: /home/chun/projects/clineage-simulation/analysis/tmc-145539/tmc-004/case-10/reconstructed.newick
2018-06-19 06:47:57: End of scanning input file: /home/chun/projects/clineage-simulation/analysis/tmc-145539/tmc-004/case-10/reconstructed.newick
2018-06-19 06:47:57: 1 valid trees found in file: /home/chun/projects/clineage-simulation/analysis/tmc-145539/tmc-004/case-10/reconstructed.newick
2018-06-19 06:47:57: Start of calculation...please wait...
2018-06-19 06:47:57: 0.00% completed...
2018-06-19 06:47:57: 100.00% completed.
2018-06-19 06:47:57: End of calculation.
2018-06-19 06:47:57: Total calculation time: 24 ms.
                               metrics
No                              1.0000
RefTree                         1.0000
Tree                            1.0000
RefTree_taxa                   13.0000
Tree_taxa                      13.0000
Common_taxa                    13.0000
MatchingCluster                26.0000
MatchingCluster_toYuleAvg       0.6368
MatchingCluster_toUnifAvg       0.5895
R-F_Cluster                     6.0000
R-F_Cluster_toYuleAvg           0.5565
R-F_Cluster_toUnifAvg           0.5544
NodalSplitted                  25.5343
NodalSplitted_toYuleAvg         0.8338
NodalSplitted_toUnifAvg         0.7366
Triples                       105.0000
Triples_toYuleAvg               0.5494
Triples_toUnifAvg               0.5497
MatchingPair                   35.0000
MatchingPair_toYuleAvg          0.6872
MatchingPair_toUnifAvg          0.6989
MAST                            6.0000
MAST_toYuleAvg                  0.7795
MAST_toUnifAvg                  0.7727
CopheneticL2Metric             17.5784
CopheneticL2Metric_toYuleAvg    0.7246
CopheneticL2Metric_toUnifAvg    0.6581

                 Name         Avg  Std         Min         Max  Count
0     MatchingCluster   26.000000  0.0   26.000000   26.000000      1
1         R-F_Cluster    6.000000  0.0    6.000000    6.000000      1
2       NodalSplitted   25.534291  0.0   25.534291   25.534291      1
3             Triples  105.000000  0.0  105.000000  105.000000      1
4        MatchingPair   35.000000  0.0   35.000000   35.000000      1
5                MAST    6.000000  0.0    6.000000    6.000000      1
6  CopheneticL2Metric   17.578396  0.0   17.578396   17.578396      1
