
                            < M A T L A B (R) >
                  Copyright 1984-2017 The MathWorks, Inc.
                   R2017a (9.2.0.538062) 64-bit (glnxa64)
                             February 23, 2017

 
To get started, type one of these: helpwin, helpdesk, or demo.
For product information, visit www.mathworks.com.
 
Running "Run1", Seed: 263803
 *** Finished Simulation Run ***

config-19.json #############################################

[#.........] | Progress: 1 | Time: 0.0s | ETA: --[.#........] | Progress: 88 | Time: 0.1s | ETA: --[..#.......] | Progress: 202 | Time: 0.1s | ETA: --[...#......] | Progress: 364 | Time: 0.2s | ETA: --[....#.....] | Progress: 526 | Time: 0.2s | ETA: --[.....#....] | Progress: 686 | Time: 0.3s | ETA: --[......#...] | Progress: 846 | Time: 0.3s | ETA: --[.......#..] | Progress: 1004 | Time: 0.4s | ETA: --[##########] | Progress: 1038 | Time: 0.4s | ETA: --fit<>, fid</home/chun/projects/clineage-simulation/analysis/tmc-263803/tmc-005/case-19/triplets-list.raw.txt>, flg<treeReconstruction.log>, frt<resTree.tree>, frtN</home/chun/projects/clineage-simulation/analysis/tmc-263803/tmc-005/case-19/reconstructed.tmp.newick>, fsd<qqq.dat>, fst<simul.tree>, -->index=2
Read triplets from file...
Read triplets from file...Finished
N_triplets = 1025, idMaxFound = 22
treeBuildBasedOnTriplets_run...
make_isTogetherInTripletAndDeleteExtraTriplets: Finished
maxCut with 22 nodes: Finished
maxCut with 12 nodes: Finished
maxCut with 8 nodes: Finished
maxCut with 6 nodes: Finished
maxCut with 4 nodes: Finished
maxCut with 10 nodes: Finished
maxCut with 7 nodes: Finished
maxCut with 6 nodes: Finished
treeBuildBasedOnTriplets_run...Finished
Saving tree to file...
Saving tree to file...Finished

                            < M A T L A B (R) >
                  Copyright 1984-2017 The MathWorks, Inc.
                   R2017a (9.2.0.538062) 64-bit (glnxa64)
                             February 23, 2017

 
To get started, type one of these: helpwin, helpdesk, or demo.
For product information, visit www.mathworks.com.
 
TreeCmp version build2

Active options:
Type of the analysis:  ref-to-all comparison mode (-r)
Metrics:
  1. MatchingCluster (mc)
  2. R-F_Cluster (rc)
  3. NodalSplitted (ns)
  4. Triples (tt)
  5. MatchingPair (mp)
  6. MAST (mt)
  7. CopheneticL2Metric (co)
Input file: /home/chun/projects/clineage-simulation/analysis/tmc-263803/tmc-005/case-19/reconstructed.newick
Output file: /home/chun/projects/clineage-simulation/analysis/tmc-263803/tmc-005/case-19/scores.raw.out
Additional options:
N - Report normalized distances.
P - Prune compared trees if needed (trees can have different leaf sets).
I - Include summary section in the output file.
-----
2018-06-19 06:29:11: Start of reading random statistics.
2018-06-19 06:29:11: End of reading random statistics.
2018-06-19 06:29:11: Start of scanning input file: /home/chun/projects/clineage-simulation/analysis/tmc-263803/tmc-005/case-19/reconstructed.newick
2018-06-19 06:29:11: End of scanning input file: /home/chun/projects/clineage-simulation/analysis/tmc-263803/tmc-005/case-19/reconstructed.newick
2018-06-19 06:29:11: 1 valid trees found in file: /home/chun/projects/clineage-simulation/analysis/tmc-263803/tmc-005/case-19/reconstructed.newick
2018-06-19 06:29:11: Start of calculation...please wait...
2018-06-19 06:29:11: 0.00% completed...
2018-06-19 06:29:11: 100.00% completed.
2018-06-19 06:29:11: End of calculation.
2018-06-19 06:29:11: Total calculation time: 37 ms.
                               metrics
No                              1.0000
RefTree                         1.0000
Tree                            1.0000
RefTree_taxa                   22.0000
Tree_taxa                      22.0000
Common_taxa                    22.0000
MatchingCluster                43.0000
MatchingCluster_toYuleAvg       0.4351
MatchingCluster_toUnifAvg       0.3713
R-F_Cluster                    10.5000
R-F_Cluster_toYuleAvg           0.5311
R-F_Cluster_toUnifAvg           0.5288
NodalSplitted                  31.1929
NodalSplitted_toYuleAvg         0.4683
NodalSplitted_toUnifAvg         0.3666
Triples                       553.0000
Triples_toYuleAvg               0.5390
Triples_toUnifAvg               0.5373
MatchingPair                   90.0000
MatchingPair_toYuleAvg          0.5463
MatchingPair_toUnifAvg          0.5558
MAST                            9.0000
MAST_toYuleAvg                  0.6001
MAST_toUnifAvg                  0.5957
CopheneticL2Metric             17.0880
CopheneticL2Metric_toYuleAvg    0.3362
CopheneticL2Metric_toUnifAvg    0.2723

                 Name         Avg  Std         Min         Max  Count
0     MatchingCluster   43.000000  0.0   43.000000   43.000000      1
1         R-F_Cluster   10.500000  0.0   10.500000   10.500000      1
2       NodalSplitted   31.192948  0.0   31.192948   31.192948      1
3             Triples  553.000000  0.0  553.000000  553.000000      1
4        MatchingPair   90.000000  0.0   90.000000   90.000000      1
5                MAST    9.000000  0.0    9.000000    9.000000      1
6  CopheneticL2Metric   17.088007  0.0   17.088007   17.088007      1
