
                            < M A T L A B (R) >
                  Copyright 1984-2017 The MathWorks, Inc.
                   R2017a (9.2.0.538062) 64-bit (glnxa64)
                             February 23, 2017

 
To get started, type one of these: helpwin, helpdesk, or demo.
For product information, visit www.mathworks.com.
 
Running "Run1", Seed: 263803
 *** Finished Simulation Run ***

config-10.json #############################################

[#.........] | Progress: 1 | Time: 0.0s | ETA: --[.#........] | Progress: 157 | Time: 0.1s | ETA: --[##########] | Progress: 207 | Time: 0.1s | ETA: --fit<>, fid</home/chun/projects/clineage-simulation/analysis/tmc-263803/tmc-005/case-10/triplets-list.raw.txt>, flg<treeReconstruction.log>, frt<resTree.tree>, frtN</home/chun/projects/clineage-simulation/analysis/tmc-263803/tmc-005/case-10/reconstructed.tmp.newick>, fsd<qqq.dat>, fst<simul.tree>, -->index=2
Read triplets from file...
Read triplets from file...Finished
N_triplets = 203, idMaxFound = 13
treeBuildBasedOnTriplets_run...
make_isTogetherInTripletAndDeleteExtraTriplets: Finished
maxCut with 13 nodes: Finished
maxCut with 7 nodes: Finished
maxCut with 6 nodes: Finished
treeBuildBasedOnTriplets_run...Finished
Saving tree to file...
Saving tree to file...Finished

                            < M A T L A B (R) >
                  Copyright 1984-2017 The MathWorks, Inc.
                   R2017a (9.2.0.538062) 64-bit (glnxa64)
                             February 23, 2017

 
To get started, type one of these: helpwin, helpdesk, or demo.
For product information, visit www.mathworks.com.
 
TreeCmp version build2

Active options:
Type of the analysis:  ref-to-all comparison mode (-r)
Metrics:
  1. MatchingCluster (mc)
  2. R-F_Cluster (rc)
  3. NodalSplitted (ns)
  4. Triples (tt)
  5. MatchingPair (mp)
  6. MAST (mt)
  7. CopheneticL2Metric (co)
Input file: /home/chun/projects/clineage-simulation/analysis/tmc-263803/tmc-005/case-10/reconstructed.newick
Output file: /home/chun/projects/clineage-simulation/analysis/tmc-263803/tmc-005/case-10/scores.raw.out
Additional options:
N - Report normalized distances.
P - Prune compared trees if needed (trees can have different leaf sets).
I - Include summary section in the output file.
-----
2018-06-19 06:29:07: Start of reading random statistics.
2018-06-19 06:29:07: End of reading random statistics.
2018-06-19 06:29:07: Start of scanning input file: /home/chun/projects/clineage-simulation/analysis/tmc-263803/tmc-005/case-10/reconstructed.newick
2018-06-19 06:29:07: End of scanning input file: /home/chun/projects/clineage-simulation/analysis/tmc-263803/tmc-005/case-10/reconstructed.newick
2018-06-19 06:29:07: 1 valid trees found in file: /home/chun/projects/clineage-simulation/analysis/tmc-263803/tmc-005/case-10/reconstructed.newick
2018-06-19 06:29:07: Start of calculation...please wait...
2018-06-19 06:29:07: 0.00% completed...
2018-06-19 06:29:07: 100.00% completed.
2018-06-19 06:29:07: End of calculation.
2018-06-19 06:29:07: Total calculation time: 20 ms.
                              metrics
No                             1.0000
RefTree                        1.0000
Tree                           1.0000
RefTree_taxa                  13.0000
Tree_taxa                     13.0000
Common_taxa                   13.0000
MatchingCluster               16.0000
MatchingCluster_toYuleAvg      0.3919
MatchingCluster_toUnifAvg      0.3628
R-F_Cluster                    3.0000
R-F_Cluster_toYuleAvg          0.2783
R-F_Cluster_toUnifAvg          0.2772
NodalSplitted                 12.2474
NodalSplitted_toYuleAvg        0.3999
NodalSplitted_toUnifAvg        0.3533
Triples                       67.0000
Triples_toYuleAvg              0.3506
Triples_toUnifAvg              0.3507
MatchingPair                  25.0000
MatchingPair_toYuleAvg         0.4909
MatchingPair_toUnifAvg         0.4992
MAST                           5.0000
MAST_toYuleAvg                 0.6496
MAST_toUnifAvg                 0.6439
CopheneticL2Metric             9.6437
CopheneticL2Metric_toYuleAvg   0.3975
CopheneticL2Metric_toUnifAvg   0.3610

                 Name        Avg  Std        Min        Max  Count
0     MatchingCluster  16.000000  0.0  16.000000  16.000000      1
1         R-F_Cluster   3.000000  0.0   3.000000   3.000000      1
2       NodalSplitted  12.247449  0.0  12.247449  12.247449      1
3             Triples  67.000000  0.0  67.000000  67.000000      1
4        MatchingPair  25.000000  0.0  25.000000  25.000000      1
5                MAST   5.000000  0.0   5.000000   5.000000      1
6  CopheneticL2Metric   9.643651  0.0   9.643651   9.643651      1
