
                            < M A T L A B (R) >
                  Copyright 1984-2017 The MathWorks, Inc.
                   R2017a (9.2.0.538062) 64-bit (glnxa64)
                             February 23, 2017

 
To get started, type one of these: helpwin, helpdesk, or demo.
For product information, visit www.mathworks.com.
 
Running "Run1", Seed: 263803
 *** Finished Simulation Run ***

config-07.json #############################################

[#.........] | Progress: 1 | Time: 0.0s | ETA: --[##########] | Progress: 81 | Time: 0.0s | ETA: --fit<>, fid</home/chun/projects/clineage-simulation/analysis/tmc-263803/tmc-005/case-07/triplets-list.raw.txt>, flg<treeReconstruction.log>, frt<resTree.tree>, frtN</home/chun/projects/clineage-simulation/analysis/tmc-263803/tmc-005/case-07/reconstructed.tmp.newick>, fsd<qqq.dat>, fst<simul.tree>, -->index=2
Read triplets from file...
Read triplets from file...Finished
N_triplets = 79, idMaxFound = 10
treeBuildBasedOnTriplets_run...
make_isTogetherInTripletAndDeleteExtraTriplets: Finished
maxCut with 10 nodes: Finished
maxCut with 7 nodes: Finished
maxCut with 5 nodes: Finished
treeBuildBasedOnTriplets_run...Finished
Saving tree to file...
Saving tree to file...Finished

                            < M A T L A B (R) >
                  Copyright 1984-2017 The MathWorks, Inc.
                   R2017a (9.2.0.538062) 64-bit (glnxa64)
                             February 23, 2017

 
To get started, type one of these: helpwin, helpdesk, or demo.
For product information, visit www.mathworks.com.
 
TreeCmp version build2

Active options:
Type of the analysis:  ref-to-all comparison mode (-r)
Metrics:
  1. MatchingCluster (mc)
  2. R-F_Cluster (rc)
  3. NodalSplitted (ns)
  4. Triples (tt)
  5. MatchingPair (mp)
  6. MAST (mt)
  7. CopheneticL2Metric (co)
Input file: /home/chun/projects/clineage-simulation/analysis/tmc-263803/tmc-005/case-07/reconstructed.newick
Output file: /home/chun/projects/clineage-simulation/analysis/tmc-263803/tmc-005/case-07/scores.raw.out
Additional options:
N - Report normalized distances.
P - Prune compared trees if needed (trees can have different leaf sets).
I - Include summary section in the output file.
-----
2018-06-19 06:29:11: Start of reading random statistics.
2018-06-19 06:29:11: End of reading random statistics.
2018-06-19 06:29:11: Start of scanning input file: /home/chun/projects/clineage-simulation/analysis/tmc-263803/tmc-005/case-07/reconstructed.newick
2018-06-19 06:29:11: End of scanning input file: /home/chun/projects/clineage-simulation/analysis/tmc-263803/tmc-005/case-07/reconstructed.newick
2018-06-19 06:29:11: 1 valid trees found in file: /home/chun/projects/clineage-simulation/analysis/tmc-263803/tmc-005/case-07/reconstructed.newick
2018-06-19 06:29:11: Start of calculation...please wait...
2018-06-19 06:29:11: 0.00% completed...
2018-06-19 06:29:11: 100.00% completed.
2018-06-19 06:29:11: End of calculation.
2018-06-19 06:29:11: Total calculation time: 23 ms.
                              metrics
No                             1.0000
RefTree                        1.0000
Tree                           1.0000
RefTree_taxa                  10.0000
Tree_taxa                     10.0000
Common_taxa                   10.0000
MatchingCluster               10.0000
MatchingCluster_toYuleAvg      0.3935
MatchingCluster_toUnifAvg      0.3782
R-F_Cluster                    2.0000
R-F_Cluster_toYuleAvg          0.2584
R-F_Cluster_toUnifAvg          0.2572
NodalSplitted                  6.9282
NodalSplitted_toYuleAvg        0.3421
NodalSplitted_toUnifAvg        0.3219
Triples                       15.0000
Triples_toYuleAvg              0.1871
Triples_toUnifAvg              0.1888
MatchingPair                   8.0000
MatchingPair_toYuleAvg         0.2892
MatchingPair_toUnifAvg         0.2957
MAST                           2.0000
MAST_toYuleAvg                 0.3715
MAST_toUnifAvg                 0.3738
CopheneticL2Metric             7.0000
CopheneticL2Metric_toYuleAvg   0.4274
CopheneticL2Metric_toUnifAvg   0.4077

                 Name        Avg  Std        Min        Max  Count
0     MatchingCluster  10.000000  0.0  10.000000  10.000000      1
1         R-F_Cluster   2.000000  0.0   2.000000   2.000000      1
2       NodalSplitted   6.928203  0.0   6.928203   6.928203      1
3             Triples  15.000000  0.0  15.000000  15.000000      1
4        MatchingPair   8.000000  0.0   8.000000   8.000000      1
5                MAST   2.000000  0.0   2.000000   2.000000      1
6  CopheneticL2Metric   7.000000  0.0   7.000000   7.000000      1
