                              metrics
No                             1.0000
RefTree                        1.0000
Tree                           1.0000
RefTree_taxa                  17.0000
Tree_taxa                     17.0000
Common_taxa                   17.0000
MatchingCluster                5.0000
MatchingCluster_toYuleAvg      0.0774
MatchingCluster_toUnifAvg      0.0688
R-F_Cluster                    1.5000
R-F_Cluster_toYuleAvg          0.1015
R-F_Cluster_toUnifAvg          0.1010
NodalSplitted                  8.4853
NodalSplitted_toYuleAvg        0.1851
NodalSplitted_toUnifAvg        0.1550
Triples                        5.0000
Triples_toYuleAvg              0.0110
Triples_toUnifAvg              0.0110
MatchingPair                   3.0000
MatchingPair_toYuleAvg         0.0321
MatchingPair_toUnifAvg         0.0326
MAST                           1.0000
MAST_toYuleAvg                 0.0920
MAST_toUnifAvg                 0.0913
CopheneticL2Metric             3.6056
CopheneticL2Metric_toYuleAvg   0.1004
CopheneticL2Metric_toUnifAvg   0.0872

                 Name       Avg  Std       Min       Max  Count
0     MatchingCluster  5.000000  0.0  5.000000  5.000000      1
1         R-F_Cluster  1.500000  0.0  1.500000  1.500000      1
2       NodalSplitted  8.485281  0.0  8.485281  8.485281      1
3             Triples  5.000000  0.0  5.000000  5.000000      1
4        MatchingPair  3.000000  0.0  3.000000  3.000000      1
5                MAST  1.000000  0.0  1.000000  1.000000      1
6  CopheneticL2Metric  3.605551  0.0  3.605551  3.605551      1
