                              metrics
No                             1.0000
RefTree                        1.0000
Tree                           1.0000
RefTree_taxa                  14.0000
Tree_taxa                     14.0000
Common_taxa                   14.0000
MatchingCluster               17.0000
MatchingCluster_toYuleAvg      0.3639
MatchingCluster_toUnifAvg      0.3369
R-F_Cluster                    3.0000
R-F_Cluster_toYuleAvg          0.2548
R-F_Cluster_toUnifAvg          0.2539
NodalSplitted                 13.7477
NodalSplitted_toYuleAvg        0.3957
NodalSplitted_toUnifAvg        0.3521
Triples                       98.0000
Triples_toYuleAvg              0.4033
Triples_toUnifAvg              0.4043
MatchingPair                  38.0000
MatchingPair_toYuleAvg         0.6320
MatchingPair_toUnifAvg         0.6434
MAST                           5.0000
MAST_toYuleAvg                 0.5893
MAST_toUnifAvg                 0.5836
CopheneticL2Metric             9.4340
CopheneticL2Metric_toYuleAvg   0.3446
CopheneticL2Metric_toUnifAvg   0.3092

                 Name        Avg  Std        Min        Max  Count
0     MatchingCluster  17.000000  0.0  17.000000  17.000000      1
1         R-F_Cluster   3.000000  0.0   3.000000   3.000000      1
2       NodalSplitted  13.747727  0.0  13.747727  13.747727      1
3             Triples  98.000000  0.0  98.000000  98.000000      1
4        MatchingPair  38.000000  0.0  38.000000  38.000000      1
5                MAST   5.000000  0.0   5.000000   5.000000      1
6  CopheneticL2Metric   9.433981  0.0   9.433981   9.433981      1
