
                            < M A T L A B (R) >
                  Copyright 1984-2017 The MathWorks, Inc.
                   R2017a (9.2.0.538062) 64-bit (glnxa64)
                             February 23, 2017

 
To get started, type one of these: helpwin, helpdesk, or demo.
For product information, visit www.mathworks.com.
 
Running "Run1", Seed: 875887
Current Simulation Time (Real Clock): 1.3133 (5.5573 sec.)
Current Simulation Time (Real Clock): 1.349 (13.2835 sec.)
Current Simulation Time (Real Clock): 1.5245 (19.9126 sec.)
Current Simulation Time (Real Clock): 1.7078 (25.0287 sec.)
Current Simulation Time (Real Clock): 1.7581 (30.3333 sec.)
 *** Finished Simulation Run ***

config-03.json #############################################

[#.........] | Progress: 1 | Time: 0.2s | ETA: --[.#........] | Progress: 2 | Time: 0.7s | ETA: --[..#.......] | Progress: 3 | Time: 1.2s | ETA: --[...#......] | Progress: 4 | Time: 1.5s | ETA: --[....#.....] | Progress: 5 | Time: 1.6s | ETA: --[.....#....] | Progress: 6 | Time: 1.7s | ETA: --[......#...] | Progress: 7 | Time: 1.9s | ETA: --[.......#..] | Progress: 8 | Time: 2.1s | ETA: --[........#.] | Progress: 9 | Time: 2.5s | ETA: --[.........#] | Progress: 10 | Time: 3.0s | ETA: --[........#.] | Progress: 11 | Time: 3.2s | ETA: --[.......#..] | Progress: 12 | Time: 3.3s | ETA: --[......#...] | Progress: 13 | Time: 3.4s | ETA: --[.....#....] | Progress: 14 | Time: 3.7s | ETA: --[....#.....] | Progress: 15 | Time: 4.6s | ETA: --[...#......] | Progress: 16 | Time: 4.8s | ETA: --[..#.......] | Progress: 17 | Time: 4.9s | ETA: --[##########] | Progress: 17 | Time: 4.9s | ETA: --fit<>, fid</home/chun/projects/clineage-simulation/analysis/tmc-004/case-03/triplets-list.raw.txt>, flg<treeReconstruction.log>, frt<resTree.tree>, frtN</home/chun/projects/clineage-simulation/analysis/tmc-004/case-03/reconstructed.tmp.newick>, fsd<qqq.dat>, fst<simul.tree>, -->index=2
Read triplets from file...
Read triplets from file...Finished
N_triplets = 17, idMaxFound = 6
treeBuildBasedOnTriplets_run...
make_isTogetherInTripletAndDeleteExtraTriplets: Finished
treeBuildBasedOnTriplets_run...Finished
Saving tree to file...
Saving tree to file...Finished

                            < M A T L A B (R) >
                  Copyright 1984-2017 The MathWorks, Inc.
                   R2017a (9.2.0.538062) 64-bit (glnxa64)
                             February 23, 2017

 
To get started, type one of these: helpwin, helpdesk, or demo.
For product information, visit www.mathworks.com.
 
TreeCmp version build2

Active options:
Type of the analysis:  ref-to-all comparison mode (-r)
Metrics:
  1. MatchingCluster (mc)
  2. R-F_Cluster (rc)
  3. NodalSplitted (ns)
  4. Triples (tt)
  5. MatchingPair (mp)
  6. MAST (mt)
  7. CopheneticL2Metric (co)
Input file: /home/chun/projects/clineage-simulation/analysis/tmc-004/case-03/reconstructed.newick
Output file: /home/chun/projects/clineage-simulation/analysis/tmc-004/case-03/scores.raw.out
Additional options:
N - Report normalized distances.
P - Prune compared trees if needed (trees can have different leaf sets).
I - Include summary section in the output file.
-----
2018-06-18 17:33:47: Start of reading random statistics.
2018-06-18 17:33:48: End of reading random statistics.
2018-06-18 17:33:48: Start of scanning input file: /home/chun/projects/clineage-simulation/analysis/tmc-004/case-03/reconstructed.newick
2018-06-18 17:33:48: End of scanning input file: /home/chun/projects/clineage-simulation/analysis/tmc-004/case-03/reconstructed.newick
2018-06-18 17:33:48: 1 valid trees found in file: /home/chun/projects/clineage-simulation/analysis/tmc-004/case-03/reconstructed.newick
2018-06-18 17:33:48: Start of calculation...please wait...
2018-06-18 17:33:48: 0.00% completed...
2018-06-18 17:33:48: 100.00% completed.
2018-06-18 17:33:48: End of calculation.
2018-06-18 17:33:48: Total calculation time: 230 ms.
                              metrics
No                                1.0
RefTree                           1.0
Tree                              1.0
RefTree_taxa                      6.0
Tree_taxa                         6.0
Common_taxa                       6.0
MatchingCluster                   0.0
MatchingCluster_toYuleAvg         0.0
MatchingCluster_toUnifAvg         0.0
R-F_Cluster                       0.0
R-F_Cluster_toYuleAvg             0.0
R-F_Cluster_toUnifAvg             0.0
NodalSplitted                     0.0
NodalSplitted_toYuleAvg           0.0
NodalSplitted_toUnifAvg           0.0
Triples                           0.0
Triples_toYuleAvg                 0.0
Triples_toUnifAvg                 0.0
MatchingPair                      0.0
MatchingPair_toYuleAvg            0.0
MatchingPair_toUnifAvg            0.0
MAST                              0.0
MAST_toYuleAvg                    0.0
MAST_toUnifAvg                    0.0
CopheneticL2Metric                0.0
CopheneticL2Metric_toYuleAvg      0.0
CopheneticL2Metric_toUnifAvg      0.0

                 Name  Avg  Std  Min  Max  Count
0     MatchingCluster  0.0  0.0  0.0  0.0      1
1         R-F_Cluster  0.0  0.0  0.0  0.0      1
2       NodalSplitted  0.0  0.0  0.0  0.0      1
3             Triples  0.0  0.0  0.0  0.0      1
4        MatchingPair  0.0  0.0  0.0  0.0      1
5                MAST  0.0  0.0  0.0  0.0      1
6  CopheneticL2Metric  0.0  0.0  0.0  0.0      1
