                              metrics
No                             1.0000
RefTree                        1.0000
Tree                           1.0000
RefTree_taxa                   9.0000
Tree_taxa                      9.0000
Common_taxa                    9.0000
MatchingCluster               13.0000
MatchingCluster_toYuleAvg      0.6326
MatchingCluster_toUnifAvg      0.6092
R-F_Cluster                    5.0000
R-F_Cluster_toYuleAvg          0.7502
R-F_Cluster_toUnifAvg          0.7412
NodalSplitted                 11.6619
NodalSplitted_toYuleAvg        0.6893
NodalSplitted_toUnifAvg        0.6543
Triples                       48.0000
Triples_toYuleAvg              0.8584
Triples_toUnifAvg              0.8633
MatchingPair                  18.0000
MatchingPair_toYuleAvg         0.8491
MatchingPair_toUnifAvg         0.8604
MAST                           3.0000
MAST_toYuleAvg                 0.6542
MAST_toUnifAvg                 0.6438
CopheneticL2Metric             8.1240
CopheneticL2Metric_toYuleAvg   0.5817
CopheneticL2Metric_toUnifAvg   0.5610

                 Name        Avg  Std        Min        Max  Count
0     MatchingCluster  13.000000  0.0  13.000000  13.000000      1
1         R-F_Cluster   5.000000  0.0   5.000000   5.000000      1
2       NodalSplitted  11.661904  0.0  11.661904  11.661904      1
3             Triples  48.000000  0.0  48.000000  48.000000      1
4        MatchingPair  18.000000  0.0  18.000000  18.000000      1
5                MAST   3.000000  0.0   3.000000   3.000000      1
6  CopheneticL2Metric   8.124038  0.0   8.124038   8.124038      1
