                               metrics
No                              1.0000
RefTree                         1.0000
Tree                            1.0000
RefTree_taxa                   23.0000
Tree_taxa                      23.0000
Common_taxa                    23.0000
MatchingCluster                28.0000
MatchingCluster_toYuleAvg       0.2641
MatchingCluster_toUnifAvg       0.2259
R-F_Cluster                     5.0000
R-F_Cluster_toYuleAvg           0.2406
R-F_Cluster_toUnifAvg           0.2402
NodalSplitted                  19.7990
NodalSplitted_toYuleAvg         0.2807
NodalSplitted_toUnifAvg         0.2209
Triples                       197.0000
Triples_toYuleAvg               0.1667
Triples_toUnifAvg               0.1674
MatchingPair                   38.0000
MatchingPair_toYuleAvg          0.2082
MatchingPair_toUnifAvg          0.2127
MAST                            5.0000
MAST_toYuleAvg                  0.3151
MAST_toUnifAvg                  0.3122
CopheneticL2Metric             15.1658
CopheneticL2Metric_toYuleAvg    0.2799
CopheneticL2Metric_toUnifAvg    0.2246

                 Name         Avg  Std         Min         Max  Count
0     MatchingCluster   28.000000  0.0   28.000000   28.000000      1
1         R-F_Cluster    5.000000  0.0    5.000000    5.000000      1
2       NodalSplitted   19.798990  0.0   19.798990   19.798990      1
3             Triples  197.000000  0.0  197.000000  197.000000      1
4        MatchingPair   38.000000  0.0   38.000000   38.000000      1
5                MAST    5.000000  0.0    5.000000    5.000000      1
6  CopheneticL2Metric   15.165751  0.0   15.165751   15.165751      1
