                              metrics
No                             1.0000
RefTree                        1.0000
Tree                           1.0000
RefTree_taxa                  14.0000
Tree_taxa                     14.0000
Common_taxa                   14.0000
MatchingCluster                8.0000
MatchingCluster_toYuleAvg      0.1712
MatchingCluster_toUnifAvg      0.1586
R-F_Cluster                    2.0000
R-F_Cluster_toYuleAvg          0.1698
R-F_Cluster_toUnifAvg          0.1693
NodalSplitted                  9.6954
NodalSplitted_toYuleAvg        0.2790
NodalSplitted_toUnifAvg        0.2483
Triples                        5.0000
Triples_toYuleAvg              0.0206
Triples_toUnifAvg              0.0206
MatchingPair                   5.0000
MatchingPair_toYuleAvg         0.0832
MatchingPair_toUnifAvg         0.0847
MAST                           3.0000
MAST_toYuleAvg                 0.3536
MAST_toUnifAvg                 0.3502
CopheneticL2Metric             4.1231
CopheneticL2Metric_toYuleAvg   0.1506
CopheneticL2Metric_toUnifAvg   0.1351

                 Name       Avg  Std       Min       Max  Count
0     MatchingCluster  8.000000  0.0  8.000000  8.000000      1
1         R-F_Cluster  2.000000  0.0  2.000000  2.000000      1
2       NodalSplitted  9.695360  0.0  9.695360  9.695360      1
3             Triples  5.000000  0.0  5.000000  5.000000      1
4        MatchingPair  5.000000  0.0  5.000000  5.000000      1
5                MAST  3.000000  0.0  3.000000  3.000000      1
6  CopheneticL2Metric  4.123106  0.0  4.123106  4.123106      1
