                              metrics
No                             1.0000
RefTree                        1.0000
Tree                           1.0000
RefTree_taxa                  18.0000
Tree_taxa                     18.0000
Common_taxa                   18.0000
MatchingCluster               17.0000
MatchingCluster_toYuleAvg      0.2393
MatchingCluster_toUnifAvg      0.2114
R-F_Cluster                    5.5000
R-F_Cluster_toYuleAvg          0.3484
R-F_Cluster_toUnifAvg          0.3476
NodalSplitted                 17.5214
NodalSplitted_toYuleAvg        0.3524
NodalSplitted_toUnifAvg        0.2891
Triples                       49.0000
Triples_toYuleAvg              0.0896
Triples_toUnifAvg              0.0902
MatchingPair                  28.0000
MatchingPair_toYuleAvg         0.2632
MatchingPair_toUnifAvg         0.2692
MAST                           6.0000
MAST_toYuleAvg                 0.5112
MAST_toUnifAvg                 0.5098
CopheneticL2Metric             8.7178
CopheneticL2Metric_toYuleAvg   0.2222
CopheneticL2Metric_toUnifAvg   0.1929

                 Name        Avg  Std        Min        Max  Count
0     MatchingCluster  17.000000  0.0  17.000000  17.000000      1
1         R-F_Cluster   5.500000  0.0   5.500000   5.500000      1
2       NodalSplitted  17.521415  0.0  17.521415  17.521415      1
3             Triples  49.000000  0.0  49.000000  49.000000      1
4        MatchingPair  28.000000  0.0  28.000000  28.000000      1
5                MAST   6.000000  0.0   6.000000   6.000000      1
6  CopheneticL2Metric   8.717798  0.0   8.717798   8.717798      1
