
                            < M A T L A B (R) >
                  Copyright 1984-2017 The MathWorks, Inc.
                   R2017a (9.2.0.538062) 64-bit (glnxa64)
                             February 23, 2017

 
To get started, type one of these: helpwin, helpdesk, or demo.
For product information, visit www.mathworks.com.
 
Running "Run1", Seed: 875887
 *** Finished Simulation Run ***

config-06.json #############################################

[#.........] | Progress: 1 | Time: 0.0s | ETA: --[##########] | Progress: 60 | Time: 0.0s | ETA: --fit<>, fid</home/chun/projects/clineage-simulation/analysis/tmc/tmc-004/case-06/triplets-list.raw.txt>, flg<treeReconstruction.log>, frt<resTree.tree>, frtN</home/chun/projects/clineage-simulation/analysis/tmc/tmc-004/case-06/reconstructed.tmp.newick>, fsd<qqq.dat>, fst<simul.tree>, -->index=2
Read triplets from file...
Read triplets from file...Finished
N_triplets = 59, idMaxFound = 9
treeBuildBasedOnTriplets_run...
make_isTogetherInTripletAndDeleteExtraTriplets: Finished
maxCut with 8 nodes: Finished
treeBuildBasedOnTriplets_run...Finished
Saving tree to file...
Saving tree to file...Finished

                            < M A T L A B (R) >
                  Copyright 1984-2017 The MathWorks, Inc.
                   R2017a (9.2.0.538062) 64-bit (glnxa64)
                             February 23, 2017

 
To get started, type one of these: helpwin, helpdesk, or demo.
For product information, visit www.mathworks.com.
 
TreeCmp version build2

Active options:
Type of the analysis:  ref-to-all comparison mode (-r)
Metrics:
  1. MatchingCluster (mc)
  2. R-F_Cluster (rc)
  3. NodalSplitted (ns)
  4. Triples (tt)
  5. MatchingPair (mp)
  6. MAST (mt)
  7. CopheneticL2Metric (co)
Input file: /home/chun/projects/clineage-simulation/analysis/tmc/tmc-004/case-06/reconstructed.newick
Output file: /home/chun/projects/clineage-simulation/analysis/tmc/tmc-004/case-06/scores.raw.out
Additional options:
N - Report normalized distances.
P - Prune compared trees if needed (trees can have different leaf sets).
I - Include summary section in the output file.
-----
2018-06-18 18:38:25: Start of reading random statistics.
2018-06-18 18:38:25: End of reading random statistics.
2018-06-18 18:38:25: Start of scanning input file: /home/chun/projects/clineage-simulation/analysis/tmc/tmc-004/case-06/reconstructed.newick
2018-06-18 18:38:25: End of scanning input file: /home/chun/projects/clineage-simulation/analysis/tmc/tmc-004/case-06/reconstructed.newick
2018-06-18 18:38:25: 1 valid trees found in file: /home/chun/projects/clineage-simulation/analysis/tmc/tmc-004/case-06/reconstructed.newick
2018-06-18 18:38:25: Start of calculation...please wait...
2018-06-18 18:38:25: 0.00% completed...
2018-06-18 18:38:25: 100.00% completed.
2018-06-18 18:38:25: End of calculation.
2018-06-18 18:38:25: Total calculation time: 19 ms.
                              metrics
No                             1.0000
RefTree                        1.0000
Tree                           1.0000
RefTree_taxa                   9.0000
Tree_taxa                      9.0000
Common_taxa                    9.0000
MatchingCluster                8.0000
MatchingCluster_toYuleAvg      0.3893
MatchingCluster_toUnifAvg      0.3749
R-F_Cluster                    3.0000
R-F_Cluster_toYuleAvg          0.4501
R-F_Cluster_toUnifAvg          0.4447
NodalSplitted                  8.3666
NodalSplitted_toYuleAvg        0.4945
NodalSplitted_toUnifAvg        0.4694
Triples                       17.0000
Triples_toYuleAvg              0.3040
Triples_toUnifAvg              0.3058
MatchingPair                  10.0000
MatchingPair_toYuleAvg         0.4717
MatchingPair_toUnifAvg         0.4780
MAST                           3.0000
MAST_toYuleAvg                 0.6542
MAST_toUnifAvg                 0.6438
CopheneticL2Metric             5.7446
CopheneticL2Metric_toYuleAvg   0.4113
CopheneticL2Metric_toUnifAvg   0.3967

                 Name        Avg  Std        Min        Max  Count
0     MatchingCluster   8.000000  0.0   8.000000   8.000000      1
1         R-F_Cluster   3.000000  0.0   3.000000   3.000000      1
2       NodalSplitted   8.366600  0.0   8.366600   8.366600      1
3             Triples  17.000000  0.0  17.000000  17.000000      1
4        MatchingPair  10.000000  0.0  10.000000  10.000000      1
5                MAST   3.000000  0.0   3.000000   3.000000      1
6  CopheneticL2Metric   5.744563  0.0   5.744563   5.744563      1
