                               metrics
No                              1.0000
RefTree                         1.0000
Tree                            1.0000
RefTree_taxa                   23.0000
Tree_taxa                      23.0000
Common_taxa                    23.0000
MatchingCluster                64.0000
MatchingCluster_toYuleAvg       0.6036
MatchingCluster_toUnifAvg       0.5164
R-F_Cluster                    11.5000
R-F_Cluster_toYuleAvg           0.5535
R-F_Cluster_toUnifAvg           0.5524
NodalSplitted                  44.0454
NodalSplitted_toYuleAvg         0.6244
NodalSplitted_toUnifAvg         0.4913
Triples                       432.0000
Triples_toYuleAvg               0.3655
Triples_toUnifAvg               0.3671
MatchingPair                   96.0000
MatchingPair_toYuleAvg          0.5259
MatchingPair_toUnifAvg          0.5374
MAST                           12.0000
MAST_toYuleAvg                  0.7563
MAST_toUnifAvg                  0.7493
CopheneticL2Metric             27.6586
CopheneticL2Metric_toYuleAvg    0.5106
CopheneticL2Metric_toUnifAvg    0.4096

                 Name         Avg  Std         Min         Max  Count
0     MatchingCluster   64.000000  0.0   64.000000   64.000000      1
1         R-F_Cluster   11.500000  0.0   11.500000   11.500000      1
2       NodalSplitted   44.045431  0.0   44.045431   44.045431      1
3             Triples  432.000000  0.0  432.000000  432.000000      1
4        MatchingPair   96.000000  0.0   96.000000   96.000000      1
5                MAST   12.000000  0.0   12.000000   12.000000      1
6  CopheneticL2Metric   27.658633  0.0   27.658633   27.658633      1
