
                            < M A T L A B (R) >
                  Copyright 1984-2017 The MathWorks, Inc.
                   R2017a (9.2.0.538062) 64-bit (glnxa64)
                             February 23, 2017

 
To get started, type one of these: helpwin, helpdesk, or demo.
For product information, visit www.mathworks.com.
 
Running "Run1", Seed: 136069
 *** Finished Simulation Run ***

config-04.json #############################################

[#.........] | Progress: 1 | Time: 0.0s | ETA: --[##########] | Progress: 26 | Time: 0.0s | ETA: --fit<>, fid</home/chun/projects/clineage-simulation/analysis/tmc-136069/tmc-004/case-04/triplets-list.raw.txt>, flg<treeReconstruction.log>, frt<resTree.tree>, frtN</home/chun/projects/clineage-simulation/analysis/tmc-136069/tmc-004/case-04/reconstructed.tmp.newick>, fsd<qqq.dat>, fst<simul.tree>, -->index=2
Read triplets from file...
Read triplets from file...Finished
N_triplets = 25, idMaxFound = 7
treeBuildBasedOnTriplets_run...
make_isTogetherInTripletAndDeleteExtraTriplets: Finished
maxCut with 7 nodes: Finished
maxCut with 5 nodes: Finished
treeBuildBasedOnTriplets_run...Finished
Saving tree to file...
Saving tree to file...Finished

                            < M A T L A B (R) >
                  Copyright 1984-2017 The MathWorks, Inc.
                   R2017a (9.2.0.538062) 64-bit (glnxa64)
                             February 23, 2017

 
To get started, type one of these: helpwin, helpdesk, or demo.
For product information, visit www.mathworks.com.
 
TreeCmp version build2

Active options:
Type of the analysis:  ref-to-all comparison mode (-r)
Metrics:
  1. MatchingCluster (mc)
  2. R-F_Cluster (rc)
  3. NodalSplitted (ns)
  4. Triples (tt)
  5. MatchingPair (mp)
  6. MAST (mt)
  7. CopheneticL2Metric (co)
Input file: /home/chun/projects/clineage-simulation/analysis/tmc-136069/tmc-004/case-04/reconstructed.newick
Output file: /home/chun/projects/clineage-simulation/analysis/tmc-136069/tmc-004/case-04/scores.raw.out
Additional options:
N - Report normalized distances.
P - Prune compared trees if needed (trees can have different leaf sets).
I - Include summary section in the output file.
-----
2018-06-19 06:53:28: Start of reading random statistics.
2018-06-19 06:53:28: End of reading random statistics.
2018-06-19 06:53:28: Start of scanning input file: /home/chun/projects/clineage-simulation/analysis/tmc-136069/tmc-004/case-04/reconstructed.newick
2018-06-19 06:53:28: End of scanning input file: /home/chun/projects/clineage-simulation/analysis/tmc-136069/tmc-004/case-04/reconstructed.newick
2018-06-19 06:53:28: 1 valid trees found in file: /home/chun/projects/clineage-simulation/analysis/tmc-136069/tmc-004/case-04/reconstructed.newick
2018-06-19 06:53:28: Start of calculation...please wait...
2018-06-19 06:53:28: 0.00% completed...
2018-06-19 06:53:28: 100.00% completed.
2018-06-19 06:53:28: End of calculation.
2018-06-19 06:53:28: Total calculation time: 27 ms.
                              metrics
No                             1.0000
RefTree                        1.0000
Tree                           1.0000
RefTree_taxa                   7.0000
Tree_taxa                      7.0000
Common_taxa                    7.0000
MatchingCluster                6.0000
MatchingCluster_toYuleAvg      0.4755
MatchingCluster_toUnifAvg      0.4736
R-F_Cluster                    2.0000
R-F_Cluster_toYuleAvg          0.4257
R-F_Cluster_toUnifAvg          0.4272
NodalSplitted                  7.6158
NodalSplitted_toYuleAvg        0.6942
NodalSplitted_toUnifAvg        0.6914
Triples                        7.0000
Triples_toYuleAvg              0.2985
Triples_toUnifAvg              0.3028
MatchingPair                   5.0000
MatchingPair_toYuleAvg         0.4405
MatchingPair_toUnifAvg         0.4472
MAST                           2.0000
MAST_toYuleAvg                 0.6283
MAST_toUnifAvg                 0.6217
CopheneticL2Metric             5.5678
CopheneticL2Metric_toYuleAvg   0.6092
CopheneticL2Metric_toUnifAvg   0.5970

                 Name       Avg  Std       Min       Max  Count
0     MatchingCluster  6.000000  0.0  6.000000  6.000000      1
1         R-F_Cluster  2.000000  0.0  2.000000  2.000000      1
2       NodalSplitted  7.615773  0.0  7.615773  7.615773      1
3             Triples  7.000000  0.0  7.000000  7.000000      1
4        MatchingPair  5.000000  0.0  5.000000  5.000000      1
5                MAST  2.000000  0.0  2.000000  2.000000      1
6  CopheneticL2Metric  5.567764  0.0  5.567764  5.567764      1
