
                            < M A T L A B (R) >
                  Copyright 1984-2017 The MathWorks, Inc.
                   R2017a (9.2.0.538062) 64-bit (glnxa64)
                             February 23, 2017

 
To get started, type one of these: helpwin, helpdesk, or demo.
For product information, visit www.mathworks.com.
 
Running "Run1", Seed: 136069
 *** Finished Simulation Run ***

config-11.json #############################################

[#.........] | Progress: 1 | Time: 0.0s | ETA: --[.#........] | Progress: 187 | Time: 0.1s | ETA: --[##########] | Progress: 250 | Time: 0.1s | ETA: --fit<>, fid</home/chun/projects/clineage-simulation/analysis/tmc-136069/tmc-004/case-11/triplets-list.raw.txt>, flg<treeReconstruction.log>, frt<resTree.tree>, frtN</home/chun/projects/clineage-simulation/analysis/tmc-136069/tmc-004/case-11/reconstructed.tmp.newick>, fsd<qqq.dat>, fst<simul.tree>, -->index=2
Read triplets from file...
Read triplets from file...Finished
N_triplets = 241, idMaxFound = 14
treeBuildBasedOnTriplets_run...
make_isTogetherInTripletAndDeleteExtraTriplets: Finished
maxCut with 14 nodes: Finished
maxCut with 10 nodes: Finished
maxCut with 8 nodes: Finished
maxCut with 7 nodes: Finished
treeBuildBasedOnTriplets_run...Finished
Saving tree to file...
Saving tree to file...Finished

                            < M A T L A B (R) >
                  Copyright 1984-2017 The MathWorks, Inc.
                   R2017a (9.2.0.538062) 64-bit (glnxa64)
                             February 23, 2017

 
To get started, type one of these: helpwin, helpdesk, or demo.
For product information, visit www.mathworks.com.
 
TreeCmp version build2

Active options:
Type of the analysis:  ref-to-all comparison mode (-r)
Metrics:
  1. MatchingCluster (mc)
  2. R-F_Cluster (rc)
  3. NodalSplitted (ns)
  4. Triples (tt)
  5. MatchingPair (mp)
  6. MAST (mt)
  7. CopheneticL2Metric (co)
Input file: /home/chun/projects/clineage-simulation/analysis/tmc-136069/tmc-004/case-11/reconstructed.newick
Output file: /home/chun/projects/clineage-simulation/analysis/tmc-136069/tmc-004/case-11/scores.raw.out
Additional options:
N - Report normalized distances.
P - Prune compared trees if needed (trees can have different leaf sets).
I - Include summary section in the output file.
-----
2018-06-19 06:53:26: Start of reading random statistics.
2018-06-19 06:53:26: End of reading random statistics.
2018-06-19 06:53:26: Start of scanning input file: /home/chun/projects/clineage-simulation/analysis/tmc-136069/tmc-004/case-11/reconstructed.newick
2018-06-19 06:53:26: End of scanning input file: /home/chun/projects/clineage-simulation/analysis/tmc-136069/tmc-004/case-11/reconstructed.newick
2018-06-19 06:53:26: 1 valid trees found in file: /home/chun/projects/clineage-simulation/analysis/tmc-136069/tmc-004/case-11/reconstructed.newick
2018-06-19 06:53:26: Start of calculation...please wait...
2018-06-19 06:53:26: 0.00% completed...
2018-06-19 06:53:26: 100.00% completed.
2018-06-19 06:53:26: End of calculation.
2018-06-19 06:53:26: Total calculation time: 25 ms.
                              metrics
No                             1.0000
RefTree                        1.0000
Tree                           1.0000
RefTree_taxa                  14.0000
Tree_taxa                     14.0000
Common_taxa                   14.0000
MatchingCluster               18.0000
MatchingCluster_toYuleAvg      0.3853
MatchingCluster_toUnifAvg      0.3568
R-F_Cluster                    6.0000
R-F_Cluster_toYuleAvg          0.5095
R-F_Cluster_toUnifAvg          0.5078
NodalSplitted                 17.6635
NodalSplitted_toYuleAvg        0.5084
NodalSplitted_toUnifAvg        0.4523
Triples                       29.0000
Triples_toYuleAvg              0.1193
Triples_toUnifAvg              0.1196
MatchingPair                  20.0000
MatchingPair_toYuleAvg         0.3326
MatchingPair_toUnifAvg         0.3386
MAST                           6.0000
MAST_toYuleAvg                 0.7072
MAST_toUnifAvg                 0.7004
CopheneticL2Metric             8.6603
CopheneticL2Metric_toYuleAvg   0.3164
CopheneticL2Metric_toUnifAvg   0.2838

                 Name        Avg  Std        Min        Max  Count
0     MatchingCluster  18.000000  0.0  18.000000  18.000000      1
1         R-F_Cluster   6.000000  0.0   6.000000   6.000000      1
2       NodalSplitted  17.663522  0.0  17.663522  17.663522      1
3             Triples  29.000000  0.0  29.000000  29.000000      1
4        MatchingPair  20.000000  0.0  20.000000  20.000000      1
5                MAST   6.000000  0.0   6.000000   6.000000      1
6  CopheneticL2Metric   8.660254  0.0   8.660254   8.660254      1
