
                            < M A T L A B (R) >
                  Copyright 1984-2017 The MathWorks, Inc.
                   R2017a (9.2.0.538062) 64-bit (glnxa64)
                             February 23, 2017

 
To get started, type one of these: helpwin, helpdesk, or demo.
For product information, visit www.mathworks.com.
 
Running "Run1", Seed: 136069
 *** Finished Simulation Run ***

config-13.json #############################################

[#.........] | Progress: 1 | Time: 0.0s | ETA: --[.#........] | Progress: 216 | Time: 0.1s | ETA: --[##########] | Progress: 378 | Time: 0.1s | ETA: --fit<>, fid</home/chun/projects/clineage-simulation/analysis/tmc-136069/tmc-004/case-13/triplets-list.raw.txt>, flg<treeReconstruction.log>, frt<resTree.tree>, frtN</home/chun/projects/clineage-simulation/analysis/tmc-136069/tmc-004/case-13/reconstructed.tmp.newick>, fsd<qqq.dat>, fst<simul.tree>, -->index=2
Read triplets from file...
Read triplets from file...Finished
N_triplets = 362, idMaxFound = 16
treeBuildBasedOnTriplets_run...
make_isTogetherInTripletAndDeleteExtraTriplets: Finished
maxCut with 16 nodes: Finished
maxCut with 13 nodes: Finished
maxCut with 11 nodes: Finished
maxCut with 10 nodes: Finished
maxCut with 5 nodes: Finished
treeBuildBasedOnTriplets_run...Finished
Saving tree to file...
Saving tree to file...Finished

                            < M A T L A B (R) >
                  Copyright 1984-2017 The MathWorks, Inc.
                   R2017a (9.2.0.538062) 64-bit (glnxa64)
                             February 23, 2017

 
To get started, type one of these: helpwin, helpdesk, or demo.
For product information, visit www.mathworks.com.
 
TreeCmp version build2

Active options:
Type of the analysis:  ref-to-all comparison mode (-r)
Metrics:
  1. MatchingCluster (mc)
  2. R-F_Cluster (rc)
  3. NodalSplitted (ns)
  4. Triples (tt)
  5. MatchingPair (mp)
  6. MAST (mt)
  7. CopheneticL2Metric (co)
Input file: /home/chun/projects/clineage-simulation/analysis/tmc-136069/tmc-004/case-13/reconstructed.newick
Output file: /home/chun/projects/clineage-simulation/analysis/tmc-136069/tmc-004/case-13/scores.raw.out
Additional options:
N - Report normalized distances.
P - Prune compared trees if needed (trees can have different leaf sets).
I - Include summary section in the output file.
-----
2018-06-19 06:53:23: Start of reading random statistics.
2018-06-19 06:53:23: End of reading random statistics.
2018-06-19 06:53:23: Start of scanning input file: /home/chun/projects/clineage-simulation/analysis/tmc-136069/tmc-004/case-13/reconstructed.newick
2018-06-19 06:53:23: End of scanning input file: /home/chun/projects/clineage-simulation/analysis/tmc-136069/tmc-004/case-13/reconstructed.newick
2018-06-19 06:53:23: 1 valid trees found in file: /home/chun/projects/clineage-simulation/analysis/tmc-136069/tmc-004/case-13/reconstructed.newick
2018-06-19 06:53:23: Start of calculation...please wait...
2018-06-19 06:53:23: 0.00% completed...
2018-06-19 06:53:23: 100.00% completed.
2018-06-19 06:53:23: End of calculation.
2018-06-19 06:53:23: Total calculation time: 21 ms.
                               metrics
No                              1.0000
RefTree                         1.0000
Tree                            1.0000
RefTree_taxa                   16.0000
Tree_taxa                      16.0000
Common_taxa                    16.0000
MatchingCluster                35.0000
MatchingCluster_toYuleAvg       0.5989
MatchingCluster_toUnifAvg       0.5421
R-F_Cluster                    12.5000
R-F_Cluster_toYuleAvg           0.9076
R-F_Cluster_toUnifAvg           0.9042
NodalSplitted                  25.8263
NodalSplitted_toYuleAvg         0.6136
NodalSplitted_toUnifAvg         0.5248
Triples                       157.0000
Triples_toYuleAvg               0.4208
Triples_toUnifAvg               0.4218
MatchingPair                   51.0000
MatchingPair_toYuleAvg          0.6245
MatchingPair_toUnifAvg          0.6372
MAST                            7.0000
MAST_toYuleAvg                  0.6955
MAST_toUnifAvg                  0.6913
CopheneticL2Metric             17.4069
CopheneticL2Metric_toYuleAvg    0.5297
CopheneticL2Metric_toUnifAvg    0.4680

                 Name         Avg  Std         Min         Max  Count
0     MatchingCluster   35.000000  0.0   35.000000   35.000000      1
1         R-F_Cluster   12.500000  0.0   12.500000   12.500000      1
2       NodalSplitted   25.826343  0.0   25.826343   25.826343      1
3             Triples  157.000000  0.0  157.000000  157.000000      1
4        MatchingPair   51.000000  0.0   51.000000   51.000000      1
5                MAST    7.000000  0.0    7.000000    7.000000      1
6  CopheneticL2Metric   17.406895  0.0   17.406895   17.406895      1
