                               metrics
No                              1.0000
RefTree                         1.0000
Tree                            1.0000
RefTree_taxa                   18.0000
Tree_taxa                      18.0000
Common_taxa                    18.0000
MatchingCluster                28.0000
MatchingCluster_toYuleAvg       0.3941
MatchingCluster_toUnifAvg       0.3482
R-F_Cluster                     9.0000
R-F_Cluster_toYuleAvg           0.5701
R-F_Cluster_toUnifAvg           0.5687
NodalSplitted                  23.6643
NodalSplitted_toYuleAvg         0.4760
NodalSplitted_toUnifAvg         0.3904
Triples                       197.0000
Triples_toYuleAvg               0.3603
Triples_toUnifAvg               0.3628
MatchingPair                   51.0000
MatchingPair_toYuleAvg          0.4794
MatchingPair_toUnifAvg          0.4903
MAST                            8.0000
MAST_toYuleAvg                  0.6816
MAST_toUnifAvg                  0.6798
CopheneticL2Metric             13.1149
CopheneticL2Metric_toYuleAvg    0.3343
CopheneticL2Metric_toUnifAvg    0.2902

                 Name         Avg  Std         Min         Max  Count
0     MatchingCluster   28.000000  0.0   28.000000   28.000000      1
1         R-F_Cluster    9.000000  0.0    9.000000    9.000000      1
2       NodalSplitted   23.664319  0.0   23.664319   23.664319      1
3             Triples  197.000000  0.0  197.000000  197.000000      1
4        MatchingPair   51.000000  0.0   51.000000   51.000000      1
5                MAST    8.000000  0.0    8.000000    8.000000      1
6  CopheneticL2Metric   13.114877  0.0   13.114877   13.114877      1
