                              metrics
No                             1.0000
RefTree                        1.0000
Tree                           1.0000
RefTree_taxa                  23.0000
Tree_taxa                     23.0000
Common_taxa                   23.0000
MatchingCluster               10.0000
MatchingCluster_toYuleAvg      0.0943
MatchingCluster_toUnifAvg      0.0807
R-F_Cluster                    2.5000
R-F_Cluster_toYuleAvg          0.1203
R-F_Cluster_toUnifAvg          0.1201
NodalSplitted                 14.4222
NodalSplitted_toYuleAvg        0.2044
NodalSplitted_toUnifAvg        0.1609
Triples                        6.0000
Triples_toYuleAvg              0.0051
Triples_toUnifAvg              0.0051
MatchingPair                   6.0000
MatchingPair_toYuleAvg         0.0329
MatchingPair_toUnifAvg         0.0336
MAST                           4.0000
MAST_toYuleAvg                 0.2521
MAST_toUnifAvg                 0.2498
CopheneticL2Metric             4.4721
CopheneticL2Metric_toYuleAvg   0.0826
CopheneticL2Metric_toUnifAvg   0.0662

                 Name        Avg  Std        Min        Max  Count
0     MatchingCluster  10.000000  0.0  10.000000  10.000000      1
1         R-F_Cluster   2.500000  0.0   2.500000   2.500000      1
2       NodalSplitted  14.422205  0.0  14.422205  14.422205      1
3             Triples   6.000000  0.0   6.000000   6.000000      1
4        MatchingPair   6.000000  0.0   6.000000   6.000000      1
5                MAST   4.000000  0.0   4.000000   4.000000      1
6  CopheneticL2Metric   4.472136  0.0   4.472136   4.472136      1
