                              metrics
No                             1.0000
RefTree                        1.0000
Tree                           1.0000
RefTree_taxa                  16.0000
Tree_taxa                     16.0000
Common_taxa                   16.0000
MatchingCluster               12.0000
MatchingCluster_toYuleAvg      0.2053
MatchingCluster_toUnifAvg      0.1859
R-F_Cluster                    3.0000
R-F_Cluster_toYuleAvg          0.2178
R-F_Cluster_toUnifAvg          0.2170
NodalSplitted                 15.4272
NodalSplitted_toYuleAvg        0.3665
NodalSplitted_toUnifAvg        0.3135
Triples                       12.0000
Triples_toYuleAvg              0.0322
Triples_toUnifAvg              0.0322
MatchingPair                   9.0000
MatchingPair_toYuleAvg         0.1102
MatchingPair_toUnifAvg         0.1124
MAST                           3.0000
MAST_toYuleAvg                 0.2981
MAST_toUnifAvg                 0.2963
CopheneticL2Metric             7.4162
CopheneticL2Metric_toYuleAvg   0.2257
CopheneticL2Metric_toUnifAvg   0.1994

                 Name        Avg  Std        Min        Max  Count
0     MatchingCluster  12.000000  0.0  12.000000  12.000000      1
1         R-F_Cluster   3.000000  0.0   3.000000   3.000000      1
2       NodalSplitted  15.427249  0.0  15.427249  15.427249      1
3             Triples  12.000000  0.0  12.000000  12.000000      1
4        MatchingPair   9.000000  0.0   9.000000   9.000000      1
5                MAST   3.000000  0.0   3.000000   3.000000      1
6  CopheneticL2Metric   7.416198  0.0   7.416198   7.416198      1
