                               metrics
No                              1.0000
RefTree                         1.0000
Tree                            1.0000
RefTree_taxa                   14.0000
Tree_taxa                      14.0000
Common_taxa                    14.0000
MatchingCluster                22.0000
MatchingCluster_toYuleAvg       0.4709
MatchingCluster_toUnifAvg       0.4360
R-F_Cluster                     5.5000
R-F_Cluster_toYuleAvg           0.4671
R-F_Cluster_toUnifAvg           0.4655
NodalSplitted                  17.5499
NodalSplitted_toYuleAvg         0.5051
NodalSplitted_toUnifAvg         0.4494
Triples                       100.0000
Triples_toYuleAvg               0.4115
Triples_toUnifAvg               0.4125
MatchingPair                   38.0000
MatchingPair_toYuleAvg          0.6320
MatchingPair_toUnifAvg          0.6434
MAST                            6.0000
MAST_toYuleAvg                  0.7072
MAST_toUnifAvg                  0.7004
CopheneticL2Metric             11.1355
CopheneticL2Metric_toYuleAvg    0.4068
CopheneticL2Metric_toUnifAvg    0.3650

                 Name         Avg  Std         Min         Max  Count
0     MatchingCluster   22.000000  0.0   22.000000   22.000000      1
1         R-F_Cluster    5.500000  0.0    5.500000    5.500000      1
2       NodalSplitted   17.549929  0.0   17.549929   17.549929      1
3             Triples  100.000000  0.0  100.000000  100.000000      1
4        MatchingPair   38.000000  0.0   38.000000   38.000000      1
5                MAST    6.000000  0.0    6.000000    6.000000      1
6  CopheneticL2Metric   11.135529  0.0   11.135529   11.135529      1
