                              metrics
No                             1.0000
RefTree                        1.0000
Tree                           1.0000
RefTree_taxa                  10.0000
Tree_taxa                     10.0000
Common_taxa                   10.0000
MatchingCluster                7.0000
MatchingCluster_toYuleAvg      0.2754
MatchingCluster_toUnifAvg      0.2648
R-F_Cluster                    2.0000
R-F_Cluster_toYuleAvg          0.2584
R-F_Cluster_toUnifAvg          0.2572
NodalSplitted                  8.7750
NodalSplitted_toYuleAvg        0.4333
NodalSplitted_toUnifAvg        0.4077
Triples                        8.0000
Triples_toYuleAvg              0.0998
Triples_toUnifAvg              0.1007
MatchingPair                   4.0000
MatchingPair_toYuleAvg         0.1446
MatchingPair_toUnifAvg         0.1479
MAST                           2.0000
MAST_toYuleAvg                 0.3715
MAST_toUnifAvg                 0.3738
CopheneticL2Metric             4.6904
CopheneticL2Metric_toYuleAvg   0.2864
CopheneticL2Metric_toUnifAvg   0.2732

                 Name       Avg  Std       Min       Max  Count
0     MatchingCluster  7.000000  0.0  7.000000  7.000000      1
1         R-F_Cluster  2.000000  0.0  2.000000  2.000000      1
2       NodalSplitted  8.774964  0.0  8.774964  8.774964      1
3             Triples  8.000000  0.0  8.000000  8.000000      1
4        MatchingPair  4.000000  0.0  4.000000  4.000000      1
5                MAST  2.000000  0.0  2.000000  2.000000      1
6  CopheneticL2Metric  4.690416  0.0  4.690416  4.690416      1
