                              metrics
No                             1.0000
RefTree                        1.0000
Tree                           1.0000
RefTree_taxa                   7.0000
Tree_taxa                      7.0000
Common_taxa                    7.0000
MatchingCluster                3.0000
MatchingCluster_toYuleAvg      0.2378
MatchingCluster_toUnifAvg      0.2368
R-F_Cluster                    1.5000
R-F_Cluster_toYuleAvg          0.3193
R-F_Cluster_toUnifAvg          0.3204
NodalSplitted                  4.8990
NodalSplitted_toYuleAvg        0.4466
NodalSplitted_toUnifAvg        0.4447
Triples                        3.0000
Triples_toYuleAvg              0.1279
Triples_toUnifAvg              0.1298
MatchingPair                   2.0000
MatchingPair_toYuleAvg         0.1762
MatchingPair_toUnifAvg         0.1789
MAST                           1.0000
MAST_toYuleAvg                 0.3142
MAST_toUnifAvg                 0.3108
CopheneticL2Metric             3.1623
CopheneticL2Metric_toYuleAvg   0.3460
CopheneticL2Metric_toUnifAvg   0.3391

                 Name       Avg  Std       Min       Max  Count
0     MatchingCluster  3.000000  0.0  3.000000  3.000000      1
1         R-F_Cluster  1.500000  0.0  1.500000  1.500000      1
2       NodalSplitted  4.898979  0.0  4.898979  4.898979      1
3             Triples  3.000000  0.0  3.000000  3.000000      1
4        MatchingPair  2.000000  0.0  2.000000  2.000000      1
5                MAST  1.000000  0.0  1.000000  1.000000      1
6  CopheneticL2Metric  3.162278  0.0  3.162278  3.162278      1
