                               metrics
No                              1.0000
RefTree                         1.0000
Tree                            1.0000
RefTree_taxa                   14.0000
Tree_taxa                      14.0000
Common_taxa                    14.0000
MatchingCluster                29.0000
MatchingCluster_toYuleAvg       0.6208
MatchingCluster_toUnifAvg       0.5748
R-F_Cluster                     9.5000
R-F_Cluster_toYuleAvg           0.8067
R-F_Cluster_toUnifAvg           0.8041
NodalSplitted                  22.2935
NodalSplitted_toYuleAvg         0.6416
NodalSplitted_toUnifAvg         0.5709
Triples                       165.0000
Triples_toYuleAvg               0.6790
Triples_toUnifAvg               0.6807
MatchingPair                   51.0000
MatchingPair_toYuleAvg          0.8481
MatchingPair_toUnifAvg          0.8635
MAST                            7.0000
MAST_toYuleAvg                  0.8251
MAST_toUnifAvg                  0.8171
CopheneticL2Metric             14.6629
CopheneticL2Metric_toYuleAvg    0.5357
CopheneticL2Metric_toUnifAvg    0.4806

                 Name         Avg  Std         Min         Max  Count
0     MatchingCluster   29.000000  0.0   29.000000   29.000000      1
1         R-F_Cluster    9.500000  0.0    9.500000    9.500000      1
2       NodalSplitted   22.293497  0.0   22.293497   22.293497      1
3             Triples  165.000000  0.0  165.000000  165.000000      1
4        MatchingPair   51.000000  0.0   51.000000   51.000000      1
5                MAST    7.000000  0.0    7.000000    7.000000      1
6  CopheneticL2Metric   14.662878  0.0   14.662878   14.662878      1
