
                            < M A T L A B (R) >
                  Copyright 1984-2017 The MathWorks, Inc.
                   R2017a (9.2.0.538062) 64-bit (glnxa64)
                             February 23, 2017

 
To get started, type one of these: helpwin, helpdesk, or demo.
For product information, visit www.mathworks.com.
 
Running "Run1", Seed: 181848
 *** Finished Simulation Run ***

config-19.json #############################################

[#.........] | Progress: 1 | Time: 0.0s | ETA: --[.#........] | Progress: 584 | Time: 0.1s | ETA: --[##########] | Progress: 1028 | Time: 0.1s | ETA: --fit<>, fid</home/chun/projects/clineage-simulation/analysis/tmc-181848/tmc-001/case-19/triplets-list.raw.txt>, flg<treeReconstruction.log>, frt<resTree.tree>, frtN</home/chun/projects/clineage-simulation/analysis/tmc-181848/tmc-001/case-19/reconstructed.tmp.newick>, fsd<qqq.dat>, fst<simul.tree>, -->index=2
Read triplets from file...
Read triplets from file...Finished
N_triplets = 307, idMaxFound = 22
treeBuildBasedOnTriplets_run...
make_isTogetherInTripletAndDeleteExtraTriplets: Finished
maxCut with 16 nodes: Finished
maxCut with 10 nodes: Finished
maxCut with 6 nodes: Finished
treeBuildBasedOnTriplets_run...Finished
Saving tree to file...
Saving tree to file...Finished

                            < M A T L A B (R) >
                  Copyright 1984-2017 The MathWorks, Inc.
                   R2017a (9.2.0.538062) 64-bit (glnxa64)
                             February 23, 2017

 
To get started, type one of these: helpwin, helpdesk, or demo.
For product information, visit www.mathworks.com.
 
TreeCmp version build2

Active options:
Type of the analysis:  ref-to-all comparison mode (-r)
Metrics:
  1. MatchingCluster (mc)
  2. R-F_Cluster (rc)
  3. NodalSplitted (ns)
  4. Triples (tt)
  5. MatchingPair (mp)
  6. MAST (mt)
  7. CopheneticL2Metric (co)
Input file: /home/chun/projects/clineage-simulation/analysis/tmc-181848/tmc-001/case-19/reconstructed.newick
Output file: /home/chun/projects/clineage-simulation/analysis/tmc-181848/tmc-001/case-19/scores.raw.out
Additional options:
N - Report normalized distances.
P - Prune compared trees if needed (trees can have different leaf sets).
I - Include summary section in the output file.
-----
2018-06-19 06:08:38: Start of reading random statistics.
2018-06-19 06:08:39: End of reading random statistics.
2018-06-19 06:08:39: Start of scanning input file: /home/chun/projects/clineage-simulation/analysis/tmc-181848/tmc-001/case-19/reconstructed.newick
2018-06-19 06:08:39: End of scanning input file: /home/chun/projects/clineage-simulation/analysis/tmc-181848/tmc-001/case-19/reconstructed.newick
2018-06-19 06:08:39: 1 valid trees found in file: /home/chun/projects/clineage-simulation/analysis/tmc-181848/tmc-001/case-19/reconstructed.newick
2018-06-19 06:08:39: Start of calculation...please wait...
2018-06-19 06:08:39: 0.00% completed...
2018-06-19 06:08:39: 100.00% completed.
2018-06-19 06:08:39: End of calculation.
2018-06-19 06:08:39: Total calculation time: 24 ms.
                               metrics
No                              1.0000
RefTree                         1.0000
Tree                            1.0000
RefTree_taxa                   22.0000
Tree_taxa                      22.0000
Common_taxa                    22.0000
MatchingCluster                68.0000
MatchingCluster_toYuleAvg       0.6881
MatchingCluster_toUnifAvg       0.5872
R-F_Cluster                    13.0000
R-F_Cluster_toYuleAvg           0.6575
R-F_Cluster_toUnifAvg           0.6546
NodalSplitted                  48.3322
NodalSplitted_toYuleAvg         0.7256
NodalSplitted_toUnifAvg         0.5681
Triples                       920.0000
Triples_toYuleAvg               0.8967
Triples_toUnifAvg               0.8939
MatchingPair                  139.0000
MatchingPair_toYuleAvg          0.8438
MatchingPair_toUnifAvg          0.8584
MAST                           14.0000
MAST_toYuleAvg                  0.9335
MAST_toUnifAvg                  0.9267
CopheneticL2Metric             25.9422
CopheneticL2Metric_toYuleAvg    0.5104
CopheneticL2Metric_toUnifAvg    0.4134

                 Name         Avg  Std         Min         Max  Count
0     MatchingCluster   68.000000  0.0   68.000000   68.000000      1
1         R-F_Cluster   13.000000  0.0   13.000000   13.000000      1
2       NodalSplitted   48.332184  0.0   48.332184   48.332184      1
3             Triples  920.000000  0.0  920.000000  920.000000      1
4        MatchingPair  139.000000  0.0  139.000000  139.000000      1
5                MAST   14.000000  0.0   14.000000   14.000000      1
6  CopheneticL2Metric   25.942244  0.0   25.942244   25.942244      1
