
                            < M A T L A B (R) >
                  Copyright 1984-2017 The MathWorks, Inc.
                   R2017a (9.2.0.538062) 64-bit (glnxa64)
                             February 23, 2017

 
To get started, type one of these: helpwin, helpdesk, or demo.
For product information, visit www.mathworks.com.
 
Running "Run1", Seed: 181848
 *** Finished Simulation Run ***

config-07.json #############################################

[#.........] | Progress: 1 | Time: 0.0s | ETA: --[##########] | Progress: 91 | Time: 0.0s | ETA: --fit<>, fid</home/chun/projects/clineage-simulation/analysis/tmc-181848/tmc-001/case-07/triplets-list.raw.txt>, flg<treeReconstruction.log>, frt<resTree.tree>, frtN</home/chun/projects/clineage-simulation/analysis/tmc-181848/tmc-001/case-07/reconstructed.tmp.newick>, fsd<qqq.dat>, fst<simul.tree>, -->index=2
Read triplets from file...
Read triplets from file...Finished
N_triplets = 4, idMaxFound = 10
treeBuildBasedOnTriplets_run...
make_isTogetherInTripletAndDeleteExtraTriplets: Finished
treeBuildBasedOnTriplets_run...Finished
Saving tree to file...
Saving tree to file...Finished

                            < M A T L A B (R) >
                  Copyright 1984-2017 The MathWorks, Inc.
                   R2017a (9.2.0.538062) 64-bit (glnxa64)
                             February 23, 2017

 
To get started, type one of these: helpwin, helpdesk, or demo.
For product information, visit www.mathworks.com.
 
TreeCmp version build2

Active options:
Type of the analysis:  ref-to-all comparison mode (-r)
Metrics:
  1. MatchingCluster (mc)
  2. R-F_Cluster (rc)
  3. NodalSplitted (ns)
  4. Triples (tt)
  5. MatchingPair (mp)
  6. MAST (mt)
  7. CopheneticL2Metric (co)
Input file: /home/chun/projects/clineage-simulation/analysis/tmc-181848/tmc-001/case-07/reconstructed.newick
Output file: /home/chun/projects/clineage-simulation/analysis/tmc-181848/tmc-001/case-07/scores.raw.out
Additional options:
N - Report normalized distances.
P - Prune compared trees if needed (trees can have different leaf sets).
I - Include summary section in the output file.
-----
2018-06-19 06:08:42: Start of reading random statistics.
2018-06-19 06:08:42: End of reading random statistics.
2018-06-19 06:08:42: Start of scanning input file: /home/chun/projects/clineage-simulation/analysis/tmc-181848/tmc-001/case-07/reconstructed.newick
2018-06-19 06:08:42: End of scanning input file: /home/chun/projects/clineage-simulation/analysis/tmc-181848/tmc-001/case-07/reconstructed.newick
2018-06-19 06:08:42: 1 valid trees found in file: /home/chun/projects/clineage-simulation/analysis/tmc-181848/tmc-001/case-07/reconstructed.newick
2018-06-19 06:08:42: Start of calculation...please wait...
2018-06-19 06:08:42: 0.00% completed...
2018-06-19 06:08:42: 100.00% completed.
2018-06-19 06:08:42: End of calculation.
2018-06-19 06:08:42: Total calculation time: 18 ms.
                              metrics
No                             1.0000
RefTree                        1.0000
Tree                           1.0000
RefTree_taxa                  10.0000
Tree_taxa                     10.0000
Common_taxa                   10.0000
MatchingCluster               22.0000
MatchingCluster_toYuleAvg      0.8657
MatchingCluster_toUnifAvg      0.8321
R-F_Cluster                    5.0000
R-F_Cluster_toYuleAvg          0.6460
R-F_Cluster_toUnifAvg          0.6430
NodalSplitted                 19.0788
NodalSplitted_toYuleAvg        0.9422
NodalSplitted_toUnifAvg        0.8865
Triples                       89.0000
Triples_toYuleAvg              1.1103
Triples_toUnifAvg              1.1201
MatchingPair                  17.0000
MatchingPair_toYuleAvg         0.6147
MatchingPair_toUnifAvg         0.6284
MAST                           7.0000
MAST_toYuleAvg                 1.3004
MAST_toUnifAvg                 1.3082
CopheneticL2Metric            11.3137
CopheneticL2Metric_toYuleAvg   0.6908
CopheneticL2Metric_toUnifAvg   0.6589

                 Name        Avg  Std        Min        Max  Count
0     MatchingCluster  22.000000  0.0  22.000000  22.000000      1
1         R-F_Cluster   5.000000  0.0   5.000000   5.000000      1
2       NodalSplitted  19.078784  0.0  19.078784  19.078784      1
3             Triples  89.000000  0.0  89.000000  89.000000      1
4        MatchingPair  17.000000  0.0  17.000000  17.000000      1
5                MAST   7.000000  0.0   7.000000   7.000000      1
6  CopheneticL2Metric  11.313708  0.0  11.313708  11.313708      1
