
                            < M A T L A B (R) >
                  Copyright 1984-2017 The MathWorks, Inc.
                   R2017a (9.2.0.538062) 64-bit (glnxa64)
                             February 23, 2017

 
To get started, type one of these: helpwin, helpdesk, or demo.
For product information, visit www.mathworks.com.
 
Running "Run1", Seed: 181848
 *** Finished Simulation Run ***

config-06.json #############################################

[#.........] | Progress: 1 | Time: 0.0s | ETA: --[##########] | Progress: 61 | Time: 0.0s | ETA: --fit<>, fid</home/chun/projects/clineage-simulation/analysis/tmc-181848/tmc-001/case-06/triplets-list.raw.txt>, flg<treeReconstruction.log>, frt<resTree.tree>, frtN</home/chun/projects/clineage-simulation/analysis/tmc-181848/tmc-001/case-06/reconstructed.tmp.newick>, fsd<qqq.dat>, fst<simul.tree>, -->index=2
Read triplets from file...
Read triplets from file...Finished
N_triplets = 2, idMaxFound = 4
treeBuildBasedOnTriplets_run...
make_isTogetherInTripletAndDeleteExtraTriplets: Finished
treeBuildBasedOnTriplets_run...Finished
Saving tree to file...
Saving tree to file...Finished

                            < M A T L A B (R) >
                  Copyright 1984-2017 The MathWorks, Inc.
                   R2017a (9.2.0.538062) 64-bit (glnxa64)
                             February 23, 2017

 
To get started, type one of these: helpwin, helpdesk, or demo.
For product information, visit www.mathworks.com.
 
TreeCmp version build2

Active options:
Type of the analysis:  ref-to-all comparison mode (-r)
Metrics:
  1. MatchingCluster (mc)
  2. R-F_Cluster (rc)
  3. NodalSplitted (ns)
  4. Triples (tt)
  5. MatchingPair (mp)
  6. MAST (mt)
  7. CopheneticL2Metric (co)
Input file: /home/chun/projects/clineage-simulation/analysis/tmc-181848/tmc-001/case-06/reconstructed.newick
Output file: /home/chun/projects/clineage-simulation/analysis/tmc-181848/tmc-001/case-06/scores.raw.out
Additional options:
N - Report normalized distances.
P - Prune compared trees if needed (trees can have different leaf sets).
I - Include summary section in the output file.
-----
2018-06-19 06:08:42: Start of reading random statistics.
2018-06-19 06:08:43: End of reading random statistics.
2018-06-19 06:08:43: Start of scanning input file: /home/chun/projects/clineage-simulation/analysis/tmc-181848/tmc-001/case-06/reconstructed.newick
2018-06-19 06:08:43: End of scanning input file: /home/chun/projects/clineage-simulation/analysis/tmc-181848/tmc-001/case-06/reconstructed.newick
2018-06-19 06:08:43: 1 valid trees found in file: /home/chun/projects/clineage-simulation/analysis/tmc-181848/tmc-001/case-06/reconstructed.newick
2018-06-19 06:08:43: Start of calculation...please wait...
2018-06-19 06:08:43: 0.00% completed...
2018-06-19 06:08:43: 100.00% completed.
2018-06-19 06:08:43: End of calculation.
2018-06-19 06:08:43: Total calculation time: 17 ms.
                              metrics
No                             1.0000
RefTree                        1.0000
Tree                           1.0000
RefTree_taxa                   9.0000
Tree_taxa                      5.0000
Common_taxa                    5.0000
MatchingCluster                5.0000
MatchingCluster_toYuleAvg      0.8377
MatchingCluster_toUnifAvg      0.8415
R-F_Cluster                    2.5000
R-F_Cluster_toYuleAvg          0.9513
R-F_Cluster_toUnifAvg          0.9441
NodalSplitted                  4.0000
NodalSplitted_toYuleAvg        0.7126
NodalSplitted_toUnifAvg        0.7098
Triples                        6.0000
Triples_toYuleAvg              0.8965
Triples_toUnifAvg              0.8970
MatchingPair                   4.0000
MatchingPair_toYuleAvg         0.8923
MatchingPair_toUnifAvg         0.8897
MAST                           2.0000
MAST_toYuleAvg                 1.1093
MAST_toUnifAvg                 1.0965
CopheneticL2Metric             3.6056
CopheneticL2Metric_toYuleAvg   0.7407
CopheneticL2Metric_toUnifAvg   0.7219

                 Name       Avg  Std       Min       Max  Count
0     MatchingCluster  5.000000  0.0  5.000000  5.000000      1
1         R-F_Cluster  2.500000  0.0  2.500000  2.500000      1
2       NodalSplitted  4.000000  0.0  4.000000  4.000000      1
3             Triples  6.000000  0.0  6.000000  6.000000      1
4        MatchingPair  4.000000  0.0  4.000000  4.000000      1
5                MAST  2.000000  0.0  2.000000  2.000000      1
6  CopheneticL2Metric  3.605551  0.0  3.605551  3.605551      1
