
                            < M A T L A B (R) >
                  Copyright 1984-2017 The MathWorks, Inc.
                   R2017a (9.2.0.538062) 64-bit (glnxa64)
                             February 23, 2017

 
To get started, type one of these: helpwin, helpdesk, or demo.
For product information, visit www.mathworks.com.
 
Running "Run1", Seed: 181848
 *** Finished Simulation Run ***

config-17.json #############################################

[#.........] | Progress: 1 | Time: 0.0s | ETA: --[.#........] | Progress: 678 | Time: 0.1s | ETA: --[##########] | Progress: 762 | Time: 0.1s | ETA: --fit<>, fid</home/chun/projects/clineage-simulation/analysis/tmc-181848/tmc-001/case-17/triplets-list.raw.txt>, flg<treeReconstruction.log>, frt<resTree.tree>, frtN</home/chun/projects/clineage-simulation/analysis/tmc-181848/tmc-001/case-17/reconstructed.tmp.newick>, fsd<qqq.dat>, fst<simul.tree>, -->index=2
Read triplets from file...
Read triplets from file...Finished
N_triplets = 199, idMaxFound = 19
treeBuildBasedOnTriplets_run...
make_isTogetherInTripletAndDeleteExtraTriplets: Finished
maxCut with 14 nodes: Finished
maxCut with 8 nodes: Finished
treeBuildBasedOnTriplets_run...Finished
Saving tree to file...
Saving tree to file...Finished

                            < M A T L A B (R) >
                  Copyright 1984-2017 The MathWorks, Inc.
                   R2017a (9.2.0.538062) 64-bit (glnxa64)
                             February 23, 2017

 
To get started, type one of these: helpwin, helpdesk, or demo.
For product information, visit www.mathworks.com.
 
TreeCmp version build2

Active options:
Type of the analysis:  ref-to-all comparison mode (-r)
Metrics:
  1. MatchingCluster (mc)
  2. R-F_Cluster (rc)
  3. NodalSplitted (ns)
  4. Triples (tt)
  5. MatchingPair (mp)
  6. MAST (mt)
  7. CopheneticL2Metric (co)
Input file: /home/chun/projects/clineage-simulation/analysis/tmc-181848/tmc-001/case-17/reconstructed.newick
Output file: /home/chun/projects/clineage-simulation/analysis/tmc-181848/tmc-001/case-17/scores.raw.out
Additional options:
N - Report normalized distances.
P - Prune compared trees if needed (trees can have different leaf sets).
I - Include summary section in the output file.
-----
2018-06-19 06:08:39: Start of reading random statistics.
2018-06-19 06:08:39: End of reading random statistics.
2018-06-19 06:08:39: Start of scanning input file: /home/chun/projects/clineage-simulation/analysis/tmc-181848/tmc-001/case-17/reconstructed.newick
2018-06-19 06:08:39: End of scanning input file: /home/chun/projects/clineage-simulation/analysis/tmc-181848/tmc-001/case-17/reconstructed.newick
2018-06-19 06:08:39: 1 valid trees found in file: /home/chun/projects/clineage-simulation/analysis/tmc-181848/tmc-001/case-17/reconstructed.newick
2018-06-19 06:08:39: Start of calculation...please wait...
2018-06-19 06:08:39: 0.00% completed...
2018-06-19 06:08:39: 100.00% completed.
2018-06-19 06:08:39: End of calculation.
2018-06-19 06:08:39: Total calculation time: 25 ms.
                               metrics
No                              1.0000
RefTree                         1.0000
Tree                            1.0000
RefTree_taxa                   20.0000
Tree_taxa                      19.0000
Common_taxa                    19.0000
MatchingCluster                59.0000
MatchingCluster_toYuleAvg       0.7608
MatchingCluster_toUnifAvg       0.6639
R-F_Cluster                    12.5000
R-F_Cluster_toYuleAvg           0.7464
R-F_Cluster_toUnifAvg           0.7426
NodalSplitted                  39.3700
NodalSplitted_toYuleAvg         0.7320
NodalSplitted_toUnifAvg         0.5968
Triples                       609.0000
Triples_toYuleAvg               0.9463
Triples_toUnifAvg               0.9418
MatchingPair                  104.0000
MatchingPair_toYuleAvg          0.8690
MatchingPair_toUnifAvg          0.8830
MAST                           12.0000
MAST_toYuleAvg                  0.9588
MAST_toUnifAvg                  0.9514
CopheneticL2Metric             22.6936
CopheneticL2Metric_toYuleAvg    0.5376
CopheneticL2Metric_toUnifAvg    0.4608

                 Name         Avg  Std         Min         Max  Count
0     MatchingCluster   59.000000  0.0   59.000000   59.000000      1
1         R-F_Cluster   12.500000  0.0   12.500000   12.500000      1
2       NodalSplitted   39.370039  0.0   39.370039   39.370039      1
3             Triples  609.000000  0.0  609.000000  609.000000      1
4        MatchingPair  104.000000  0.0  104.000000  104.000000      1
5                MAST   12.000000  0.0   12.000000   12.000000      1
6  CopheneticL2Metric   22.693611  0.0   22.693611   22.693611      1
