
                            < M A T L A B (R) >
                  Copyright 1984-2017 The MathWorks, Inc.
                   R2017a (9.2.0.538062) 64-bit (glnxa64)
                             February 23, 2017

 
To get started, type one of these: helpwin, helpdesk, or demo.
For product information, visit www.mathworks.com.
 
Running "Run1", Seed: 181848
 *** Finished Simulation Run ***

config-08.json #############################################

[#.........] | Progress: 1 | Time: 0.0s | ETA: --[##########] | Progress: 121 | Time: 0.0s | ETA: --fit<>, fid</home/chun/projects/clineage-simulation/analysis/tmc-181848/tmc-001/case-08/triplets-list.raw.txt>, flg<treeReconstruction.log>, frt<resTree.tree>, frtN</home/chun/projects/clineage-simulation/analysis/tmc-181848/tmc-001/case-08/reconstructed.tmp.newick>, fsd<qqq.dat>, fst<simul.tree>, -->index=2
Read triplets from file...
Read triplets from file...Finished
N_triplets = 4, idMaxFound = 11
treeBuildBasedOnTriplets_run...
make_isTogetherInTripletAndDeleteExtraTriplets: Finished
treeBuildBasedOnTriplets_run...Finished
Saving tree to file...
Saving tree to file...Finished

                            < M A T L A B (R) >
                  Copyright 1984-2017 The MathWorks, Inc.
                   R2017a (9.2.0.538062) 64-bit (glnxa64)
                             February 23, 2017

 
To get started, type one of these: helpwin, helpdesk, or demo.
For product information, visit www.mathworks.com.
 
TreeCmp version build2

Active options:
Type of the analysis:  ref-to-all comparison mode (-r)
Metrics:
  1. MatchingCluster (mc)
  2. R-F_Cluster (rc)
  3. NodalSplitted (ns)
  4. Triples (tt)
  5. MatchingPair (mp)
  6. MAST (mt)
  7. CopheneticL2Metric (co)
Input file: /home/chun/projects/clineage-simulation/analysis/tmc-181848/tmc-001/case-08/reconstructed.newick
Output file: /home/chun/projects/clineage-simulation/analysis/tmc-181848/tmc-001/case-08/scores.raw.out
Additional options:
N - Report normalized distances.
P - Prune compared trees if needed (trees can have different leaf sets).
I - Include summary section in the output file.
-----
2018-06-19 06:09:03: Start of reading random statistics.
2018-06-19 06:09:03: End of reading random statistics.
2018-06-19 06:09:03: Start of scanning input file: /home/chun/projects/clineage-simulation/analysis/tmc-181848/tmc-001/case-08/reconstructed.newick
2018-06-19 06:09:03: End of scanning input file: /home/chun/projects/clineage-simulation/analysis/tmc-181848/tmc-001/case-08/reconstructed.newick
2018-06-19 06:09:03: 1 valid trees found in file: /home/chun/projects/clineage-simulation/analysis/tmc-181848/tmc-001/case-08/reconstructed.newick
2018-06-19 06:09:03: Start of calculation...please wait...
2018-06-19 06:09:03: 0.00% completed...
2018-06-19 06:09:03: 100.00% completed.
2018-06-19 06:09:03: End of calculation.
2018-06-19 06:09:03: Total calculation time: 25 ms.
                               metrics
No                              1.0000
RefTree                         1.0000
Tree                            1.0000
RefTree_taxa                   11.0000
Tree_taxa                      11.0000
Common_taxa                    11.0000
MatchingCluster                26.0000
MatchingCluster_toYuleAvg       0.8567
MatchingCluster_toUnifAvg       0.8137
R-F_Cluster                     5.5000
R-F_Cluster_toYuleAvg           0.6297
R-F_Cluster_toUnifAvg           0.6248
NodalSplitted                  21.6795
NodalSplitted_toYuleAvg         0.9135
NodalSplitted_toUnifAvg         0.8456
Triples                       128.0000
Triples_toYuleAvg               1.1647
Triples_toUnifAvg               1.1614
MatchingPair                   22.0000
MatchingPair_toYuleAvg          0.6405
MatchingPair_toUnifAvg          0.6460
MAST                            8.0000
MAST_toYuleAvg                  1.2947
MAST_toUnifAvg                  1.2928
CopheneticL2Metric             12.8062
CopheneticL2Metric_toYuleAvg    0.6718
CopheneticL2Metric_toUnifAvg    0.6227

                 Name         Avg  Std         Min         Max  Count
0     MatchingCluster   26.000000  0.0   26.000000   26.000000      1
1         R-F_Cluster    5.500000  0.0    5.500000    5.500000      1
2       NodalSplitted   21.679483  0.0   21.679483   21.679483      1
3             Triples  128.000000  0.0  128.000000  128.000000      1
4        MatchingPair   22.000000  0.0   22.000000   22.000000      1
5                MAST    8.000000  0.0    8.000000    8.000000      1
6  CopheneticL2Metric   12.806248  0.0   12.806248   12.806248      1
