
                            < M A T L A B (R) >
                  Copyright 1984-2017 The MathWorks, Inc.
                   R2017a (9.2.0.538062) 64-bit (glnxa64)
                             February 23, 2017

 
To get started, type one of these: helpwin, helpdesk, or demo.
For product information, visit www.mathworks.com.
 
Running "Run1", Seed: 181848
 *** Finished Simulation Run ***

config-18.json #############################################

[#.........] | Progress: 1 | Time: 0.0s | ETA: --[.#........] | Progress: 554 | Time: 0.1s | ETA: --[##########] | Progress: 889 | Time: 0.1s | ETA: --fit<>, fid</home/chun/projects/clineage-simulation/analysis/tmc-181848/tmc-001/case-18/triplets-list.raw.txt>, flg<treeReconstruction.log>, frt<resTree.tree>, frtN</home/chun/projects/clineage-simulation/analysis/tmc-181848/tmc-001/case-18/reconstructed.tmp.newick>, fsd<qqq.dat>, fst<simul.tree>, -->index=2
Read triplets from file...
Read triplets from file...Finished
N_triplets = 239, idMaxFound = 21
treeBuildBasedOnTriplets_run...
make_isTogetherInTripletAndDeleteExtraTriplets: Finished
maxCut with 15 nodes: Finished
maxCut with 11 nodes: Finished
maxCut with 9 nodes: Finished
treeBuildBasedOnTriplets_run...Finished
Saving tree to file...
Saving tree to file...Finished

                            < M A T L A B (R) >
                  Copyright 1984-2017 The MathWorks, Inc.
                   R2017a (9.2.0.538062) 64-bit (glnxa64)
                             February 23, 2017

 
To get started, type one of these: helpwin, helpdesk, or demo.
For product information, visit www.mathworks.com.
 
TreeCmp version build2

Active options:
Type of the analysis:  ref-to-all comparison mode (-r)
Metrics:
  1. MatchingCluster (mc)
  2. R-F_Cluster (rc)
  3. NodalSplitted (ns)
  4. Triples (tt)
  5. MatchingPair (mp)
  6. MAST (mt)
  7. CopheneticL2Metric (co)
Input file: /home/chun/projects/clineage-simulation/analysis/tmc-181848/tmc-001/case-18/reconstructed.newick
Output file: /home/chun/projects/clineage-simulation/analysis/tmc-181848/tmc-001/case-18/scores.raw.out
Additional options:
N - Report normalized distances.
P - Prune compared trees if needed (trees can have different leaf sets).
I - Include summary section in the output file.
-----
2018-06-19 06:08:38: Start of reading random statistics.
2018-06-19 06:08:38: End of reading random statistics.
2018-06-19 06:08:38: Start of scanning input file: /home/chun/projects/clineage-simulation/analysis/tmc-181848/tmc-001/case-18/reconstructed.newick
2018-06-19 06:08:38: End of scanning input file: /home/chun/projects/clineage-simulation/analysis/tmc-181848/tmc-001/case-18/reconstructed.newick
2018-06-19 06:08:38: 1 valid trees found in file: /home/chun/projects/clineage-simulation/analysis/tmc-181848/tmc-001/case-18/reconstructed.newick
2018-06-19 06:08:38: Start of calculation...please wait...
2018-06-19 06:08:38: 0.00% completed...
2018-06-19 06:08:38: 100.00% completed.
2018-06-19 06:08:38: End of calculation.
2018-06-19 06:08:38: Total calculation time: 26 ms.
                               metrics
No                              1.0000
RefTree                         1.0000
Tree                            1.0000
RefTree_taxa                   21.0000
Tree_taxa                      21.0000
Common_taxa                    21.0000
MatchingCluster                69.0000
MatchingCluster_toYuleAvg       0.7533
MatchingCluster_toUnifAvg       0.6523
R-F_Cluster                    13.0000
R-F_Cluster_toYuleAvg           0.6926
R-F_Cluster_toUnifAvg           0.6897
NodalSplitted                  46.7333
NodalSplitted_toYuleAvg         0.7590
NodalSplitted_toUnifAvg         0.6004
Triples                       855.0000
Triples_toYuleAvg               0.9629
Triples_toUnifAvg               0.9647
MatchingPair                  131.0000
MatchingPair_toYuleAvg          0.8771
MatchingPair_toUnifAvg          0.8949
MAST                           14.0000
MAST_toYuleAvg                  0.9877
MAST_toUnifAvg                  0.9807
CopheneticL2Metric             28.7402
CopheneticL2Metric_toYuleAvg    0.6040
CopheneticL2Metric_toUnifAvg    0.4975

                 Name         Avg  Std         Min         Max  Count
0     MatchingCluster   69.000000  0.0   69.000000   69.000000      1
1         R-F_Cluster   13.000000  0.0   13.000000   13.000000      1
2       NodalSplitted   46.733286  0.0   46.733286   46.733286      1
3             Triples  855.000000  0.0  855.000000  855.000000      1
4        MatchingPair  131.000000  0.0  131.000000  131.000000      1
5                MAST   14.000000  0.0   14.000000   14.000000      1
6  CopheneticL2Metric   28.740216  0.0   28.740216   28.740216      1
