
                            < M A T L A B (R) >
                  Copyright 1984-2017 The MathWorks, Inc.
                   R2017a (9.2.0.538062) 64-bit (glnxa64)
                             February 23, 2017

 
To get started, type one of these: helpwin, helpdesk, or demo.
For product information, visit www.mathworks.com.
 
Running "Run1", Seed: 181848
 *** Finished Simulation Run ***

config-20.json #############################################

[#.........] | Progress: 1 | Time: 0.0s | ETA: --[.#........] | Progress: 450 | Time: 0.1s | ETA: --[..#.......] | Progress: 898 | Time: 0.1s | ETA: --[##########] | Progress: 1195 | Time: 0.1s | ETA: --fit<>, fid</home/chun/projects/clineage-simulation/analysis/tmc-181848/tmc-001/case-20/triplets-list.raw.txt>, flg<treeReconstruction.log>, frt<resTree.tree>, frtN</home/chun/projects/clineage-simulation/analysis/tmc-181848/tmc-001/case-20/reconstructed.tmp.newick>, fsd<qqq.dat>, fst<simul.tree>, -->index=2
Read triplets from file...
Read triplets from file...Finished
N_triplets = 449, idMaxFound = 23
treeBuildBasedOnTriplets_run...
make_isTogetherInTripletAndDeleteExtraTriplets: Finished
maxCut with 18 nodes: Finished
maxCut with 12 nodes: Finished
maxCut with 9 nodes: Finished
treeBuildBasedOnTriplets_run...Finished
Saving tree to file...
Saving tree to file...Finished

                            < M A T L A B (R) >
                  Copyright 1984-2017 The MathWorks, Inc.
                   R2017a (9.2.0.538062) 64-bit (glnxa64)
                             February 23, 2017

 
To get started, type one of these: helpwin, helpdesk, or demo.
For product information, visit www.mathworks.com.
 
TreeCmp version build2

Active options:
Type of the analysis:  ref-to-all comparison mode (-r)
Metrics:
  1. MatchingCluster (mc)
  2. R-F_Cluster (rc)
  3. NodalSplitted (ns)
  4. Triples (tt)
  5. MatchingPair (mp)
  6. MAST (mt)
  7. CopheneticL2Metric (co)
Input file: /home/chun/projects/clineage-simulation/analysis/tmc-181848/tmc-001/case-20/reconstructed.newick
Output file: /home/chun/projects/clineage-simulation/analysis/tmc-181848/tmc-001/case-20/scores.raw.out
Additional options:
N - Report normalized distances.
P - Prune compared trees if needed (trees can have different leaf sets).
I - Include summary section in the output file.
-----
2018-06-19 06:08:41: Start of reading random statistics.
2018-06-19 06:08:41: End of reading random statistics.
2018-06-19 06:08:41: Start of scanning input file: /home/chun/projects/clineage-simulation/analysis/tmc-181848/tmc-001/case-20/reconstructed.newick
2018-06-19 06:08:41: End of scanning input file: /home/chun/projects/clineage-simulation/analysis/tmc-181848/tmc-001/case-20/reconstructed.newick
2018-06-19 06:08:41: 1 valid trees found in file: /home/chun/projects/clineage-simulation/analysis/tmc-181848/tmc-001/case-20/reconstructed.newick
2018-06-19 06:08:41: Start of calculation...please wait...
2018-06-19 06:08:41: 0.00% completed...
2018-06-19 06:08:41: 100.00% completed.
2018-06-19 06:08:41: End of calculation.
2018-06-19 06:08:41: Total calculation time: 27 ms.
                                metrics
No                               1.0000
RefTree                          1.0000
Tree                             1.0000
RefTree_taxa                    23.0000
Tree_taxa                       23.0000
Common_taxa                     23.0000
MatchingCluster                 79.0000
MatchingCluster_toYuleAvg        0.7451
MatchingCluster_toUnifAvg        0.6374
R-F_Cluster                     14.5000
R-F_Cluster_toYuleAvg            0.6979
R-F_Cluster_toUnifAvg            0.6965
NodalSplitted                   55.0454
NodalSplitted_toYuleAvg          0.7803
NodalSplitted_toUnifAvg          0.6140
Triples                       1078.0000
Triples_toYuleAvg                0.9121
Triples_toUnifAvg                0.9161
MatchingPair                   162.0000
MatchingPair_toYuleAvg           0.8875
MatchingPair_toUnifAvg           0.9069
MAST                            15.0000
MAST_toYuleAvg                   0.9454
MAST_toUnifAvg                   0.9367
CopheneticL2Metric              30.9031
CopheneticL2Metric_toYuleAvg     0.5704
CopheneticL2Metric_toUnifAvg     0.4577

                 Name          Avg  Std          Min          Max  Count
0     MatchingCluster    79.000000  0.0    79.000000    79.000000      1
1         R-F_Cluster    14.500000  0.0    14.500000    14.500000      1
2       NodalSplitted    55.045436  0.0    55.045436    55.045436      1
3             Triples  1078.000000  0.0  1078.000000  1078.000000      1
4        MatchingPair   162.000000  0.0   162.000000   162.000000      1
5                MAST    15.000000  0.0    15.000000    15.000000      1
6  CopheneticL2Metric    30.903074  0.0    30.903074    30.903074      1
