
                            < M A T L A B (R) >
                  Copyright 1984-2017 The MathWorks, Inc.
                   R2017a (9.2.0.538062) 64-bit (glnxa64)
                             February 23, 2017

 
To get started, type one of these: helpwin, helpdesk, or demo.
For product information, visit www.mathworks.com.
 
Running "Run1", Seed: 136069
 *** Finished Simulation Run ***

config-11.json #############################################

[#.........] | Progress: 1 | Time: 0.0s | ETA: --[##########] | Progress: 253 | Time: 0.0s | ETA: --fit<>, fid</home/chun/projects/clineage-simulation/analysis/tmc-136069/tmc-002/case-11/triplets-list.raw.txt>, flg<treeReconstruction.log>, frt<resTree.tree>, frtN</home/chun/projects/clineage-simulation/analysis/tmc-136069/tmc-002/case-11/reconstructed.tmp.newick>, fsd<qqq.dat>, fst<simul.tree>, -->index=2
Read triplets from file...
Read triplets from file...Finished
N_triplets = 9, idMaxFound = 14
treeBuildBasedOnTriplets_run...
make_isTogetherInTripletAndDeleteExtraTriplets: Finished
treeBuildBasedOnTriplets_run...Finished
Saving tree to file...
Saving tree to file...Finished

                            < M A T L A B (R) >
                  Copyright 1984-2017 The MathWorks, Inc.
                   R2017a (9.2.0.538062) 64-bit (glnxa64)
                             February 23, 2017

 
To get started, type one of these: helpwin, helpdesk, or demo.
For product information, visit www.mathworks.com.
 
TreeCmp version build2

Active options:
Type of the analysis:  ref-to-all comparison mode (-r)
Metrics:
  1. MatchingCluster (mc)
  2. R-F_Cluster (rc)
  3. NodalSplitted (ns)
  4. Triples (tt)
  5. MatchingPair (mp)
  6. MAST (mt)
  7. CopheneticL2Metric (co)
Input file: /home/chun/projects/clineage-simulation/analysis/tmc-136069/tmc-002/case-11/reconstructed.newick
Output file: /home/chun/projects/clineage-simulation/analysis/tmc-136069/tmc-002/case-11/scores.raw.out
Additional options:
N - Report normalized distances.
P - Prune compared trees if needed (trees can have different leaf sets).
I - Include summary section in the output file.
-----
2018-06-19 06:53:22: Start of reading random statistics.
2018-06-19 06:53:22: End of reading random statistics.
2018-06-19 06:53:22: Start of scanning input file: /home/chun/projects/clineage-simulation/analysis/tmc-136069/tmc-002/case-11/reconstructed.newick
2018-06-19 06:53:22: End of scanning input file: /home/chun/projects/clineage-simulation/analysis/tmc-136069/tmc-002/case-11/reconstructed.newick
2018-06-19 06:53:22: 1 valid trees found in file: /home/chun/projects/clineage-simulation/analysis/tmc-136069/tmc-002/case-11/reconstructed.newick
2018-06-19 06:53:22: Start of calculation...please wait...
2018-06-19 06:53:22: 0.00% completed...
2018-06-19 06:53:22: 100.00% completed.
2018-06-19 06:53:22: End of calculation.
2018-06-19 06:53:22: Total calculation time: 21 ms.
                               metrics
No                              1.0000
RefTree                         1.0000
Tree                            1.0000
RefTree_taxa                   14.0000
Tree_taxa                      14.0000
Common_taxa                    14.0000
MatchingCluster                42.0000
MatchingCluster_toYuleAvg       0.8990
MatchingCluster_toUnifAvg       0.8325
R-F_Cluster                     6.0000
R-F_Cluster_toYuleAvg           0.5095
R-F_Cluster_toUnifAvg           0.5078
NodalSplitted                  34.1760
NodalSplitted_toYuleAvg         0.9836
NodalSplitted_toUnifAvg         0.8752
Triples                       310.0000
Triples_toYuleAvg               1.2758
Triples_toUnifAvg               1.2788
MatchingPair                   38.0000
MatchingPair_toYuleAvg          0.6320
MatchingPair_toUnifAvg          0.6434
MAST                           10.0000
MAST_toYuleAvg                  1.1787
MAST_toUnifAvg                  1.1673
CopheneticL2Metric             20.0998
CopheneticL2Metric_toYuleAvg    0.7343
CopheneticL2Metric_toUnifAvg    0.6588

                 Name         Avg  Std         Min         Max  Count
0     MatchingCluster   42.000000  0.0   42.000000   42.000000      1
1         R-F_Cluster    6.000000  0.0    6.000000    6.000000      1
2       NodalSplitted   34.176015  0.0   34.176015   34.176015      1
3             Triples  310.000000  0.0  310.000000  310.000000      1
4        MatchingPair   38.000000  0.0   38.000000   38.000000      1
5                MAST   10.000000  0.0   10.000000   10.000000      1
6  CopheneticL2Metric   20.099751  0.0   20.099751   20.099751      1
