
                            < M A T L A B (R) >
                  Copyright 1984-2017 The MathWorks, Inc.
                   R2017a (9.2.0.538062) 64-bit (glnxa64)
                             February 23, 2017

 
To get started, type one of these: helpwin, helpdesk, or demo.
For product information, visit www.mathworks.com.
 
Running "Run1", Seed: 136069
 *** Finished Simulation Run ***

config-18.json #############################################

[#.........] | Progress: 1 | Time: 0.0s | ETA: --[.#........] | Progress: 532 | Time: 0.1s | ETA: --[##########] | Progress: 899 | Time: 0.1s | ETA: --fit<>, fid</home/chun/projects/clineage-simulation/analysis/tmc-136069/tmc-002/case-18/triplets-list.raw.txt>, flg<treeReconstruction.log>, frt<resTree.tree>, frtN</home/chun/projects/clineage-simulation/analysis/tmc-136069/tmc-002/case-18/reconstructed.tmp.newick>, fsd<qqq.dat>, fst<simul.tree>, -->index=2
Read triplets from file...
Read triplets from file...Finished
N_triplets = 142, idMaxFound = 21
treeBuildBasedOnTriplets_run...
make_isTogetherInTripletAndDeleteExtraTriplets: Finished
maxCut with 13 nodes: Finished
treeBuildBasedOnTriplets_run...Finished
Saving tree to file...
Saving tree to file...Finished

                            < M A T L A B (R) >
                  Copyright 1984-2017 The MathWorks, Inc.
                   R2017a (9.2.0.538062) 64-bit (glnxa64)
                             February 23, 2017

 
To get started, type one of these: helpwin, helpdesk, or demo.
For product information, visit www.mathworks.com.
 
TreeCmp version build2

Active options:
Type of the analysis:  ref-to-all comparison mode (-r)
Metrics:
  1. MatchingCluster (mc)
  2. R-F_Cluster (rc)
  3. NodalSplitted (ns)
  4. Triples (tt)
  5. MatchingPair (mp)
  6. MAST (mt)
  7. CopheneticL2Metric (co)
Input file: /home/chun/projects/clineage-simulation/analysis/tmc-136069/tmc-002/case-18/reconstructed.newick
Output file: /home/chun/projects/clineage-simulation/analysis/tmc-136069/tmc-002/case-18/scores.raw.out
Additional options:
N - Report normalized distances.
P - Prune compared trees if needed (trees can have different leaf sets).
I - Include summary section in the output file.
-----
2018-06-19 06:53:21: Start of reading random statistics.
2018-06-19 06:53:21: End of reading random statistics.
2018-06-19 06:53:21: Start of scanning input file: /home/chun/projects/clineage-simulation/analysis/tmc-136069/tmc-002/case-18/reconstructed.newick
2018-06-19 06:53:21: End of scanning input file: /home/chun/projects/clineage-simulation/analysis/tmc-136069/tmc-002/case-18/reconstructed.newick
2018-06-19 06:53:21: 1 valid trees found in file: /home/chun/projects/clineage-simulation/analysis/tmc-136069/tmc-002/case-18/reconstructed.newick
2018-06-19 06:53:21: Start of calculation...please wait...
2018-06-19 06:53:21: 0.00% completed...
2018-06-19 06:53:21: 100.00% completed.
2018-06-19 06:53:21: End of calculation.
2018-06-19 06:53:21: Total calculation time: 26 ms.
                               metrics
No                              1.0000
RefTree                         1.0000
Tree                            1.0000
RefTree_taxa                   21.0000
Tree_taxa                      21.0000
Common_taxa                    21.0000
MatchingCluster                77.0000
MatchingCluster_toYuleAvg       0.8406
MatchingCluster_toUnifAvg       0.7280
R-F_Cluster                    13.0000
R-F_Cluster_toYuleAvg           0.6926
R-F_Cluster_toUnifAvg           0.6897
NodalSplitted                  56.8155
NodalSplitted_toYuleAvg         0.9227
NodalSplitted_toUnifAvg         0.7300
Triples                       925.0000
Triples_toYuleAvg               1.0417
Triples_toUnifAvg               1.0436
MatchingPair                  125.0000
MatchingPair_toYuleAvg          0.8369
MatchingPair_toUnifAvg          0.8539
MAST                           15.0000
MAST_toYuleAvg                  1.0582
MAST_toUnifAvg                  1.0507
CopheneticL2Metric             31.2410
CopheneticL2Metric_toYuleAvg    0.6566
CopheneticL2Metric_toUnifAvg    0.5408

                 Name         Avg  Std         Min         Max  Count
0     MatchingCluster   77.000000  0.0   77.000000   77.000000      1
1         R-F_Cluster   13.000000  0.0   13.000000   13.000000      1
2       NodalSplitted   56.815491  0.0   56.815491   56.815491      1
3             Triples  925.000000  0.0  925.000000  925.000000      1
4        MatchingPair  125.000000  0.0  125.000000  125.000000      1
5                MAST   15.000000  0.0   15.000000   15.000000      1
6  CopheneticL2Metric   31.240999  0.0   31.240999   31.240999      1
