
                            < M A T L A B (R) >
                  Copyright 1984-2017 The MathWorks, Inc.
                   R2017a (9.2.0.538062) 64-bit (glnxa64)
                             February 23, 2017

 
To get started, type one of these: helpwin, helpdesk, or demo.
For product information, visit www.mathworks.com.
 
Running "Run1", Seed: 136069
 *** Finished Simulation Run ***

config-10.json #############################################

[#.........] | Progress: 1 | Time: 0.0s | ETA: --[.#........] | Progress: 51 | Time: 0.1s | ETA: --[..#.......] | Progress: 100 | Time: 0.1s | ETA: --[...#......] | Progress: 149 | Time: 0.2s | ETA: --[##########] | Progress: 195 | Time: 0.2s | ETA: --fit<>, fid</home/chun/projects/clineage-simulation/analysis/tmc-136069/tmc-007/case-10/triplets-list.raw.txt>, flg<treeReconstruction.log>, frt<resTree.tree>, frtN</home/chun/projects/clineage-simulation/analysis/tmc-136069/tmc-007/case-10/reconstructed.tmp.newick>, fsd<qqq.dat>, fst<simul.tree>, -->index=2
Read triplets from file...
Read triplets from file...Finished
N_triplets = 195, idMaxFound = 13
treeBuildBasedOnTriplets_run...
make_isTogetherInTripletAndDeleteExtraTriplets: Finished
maxCut with 13 nodes: Finished
maxCut with 11 nodes: Finished
maxCut with 7 nodes: Finished
treeBuildBasedOnTriplets_run...Finished
Saving tree to file...
Saving tree to file...Finished

                            < M A T L A B (R) >
                  Copyright 1984-2017 The MathWorks, Inc.
                   R2017a (9.2.0.538062) 64-bit (glnxa64)
                             February 23, 2017

 
To get started, type one of these: helpwin, helpdesk, or demo.
For product information, visit www.mathworks.com.
 
TreeCmp version build2

Active options:
Type of the analysis:  ref-to-all comparison mode (-r)
Metrics:
  1. MatchingCluster (mc)
  2. R-F_Cluster (rc)
  3. NodalSplitted (ns)
  4. Triples (tt)
  5. MatchingPair (mp)
  6. MAST (mt)
  7. CopheneticL2Metric (co)
Input file: /home/chun/projects/clineage-simulation/analysis/tmc-136069/tmc-007/case-10/reconstructed.newick
Output file: /home/chun/projects/clineage-simulation/analysis/tmc-136069/tmc-007/case-10/scores.raw.out
Additional options:
N - Report normalized distances.
P - Prune compared trees if needed (trees can have different leaf sets).
I - Include summary section in the output file.
-----
2018-06-19 06:54:10: Start of reading random statistics.
2018-06-19 06:54:11: End of reading random statistics.
2018-06-19 06:54:11: Start of scanning input file: /home/chun/projects/clineage-simulation/analysis/tmc-136069/tmc-007/case-10/reconstructed.newick
2018-06-19 06:54:11: End of scanning input file: /home/chun/projects/clineage-simulation/analysis/tmc-136069/tmc-007/case-10/reconstructed.newick
2018-06-19 06:54:11: 1 valid trees found in file: /home/chun/projects/clineage-simulation/analysis/tmc-136069/tmc-007/case-10/reconstructed.newick
2018-06-19 06:54:11: Start of calculation...please wait...
2018-06-19 06:54:11: 0.00% completed...
2018-06-19 06:54:11: 100.00% completed.
2018-06-19 06:54:11: End of calculation.
2018-06-19 06:54:11: Total calculation time: 20 ms.
                              metrics
No                             1.0000
RefTree                        1.0000
Tree                           1.0000
RefTree_taxa                  13.0000
Tree_taxa                     13.0000
Common_taxa                   13.0000
MatchingCluster               15.0000
MatchingCluster_toYuleAvg      0.3674
MatchingCluster_toUnifAvg      0.3401
R-F_Cluster                    3.5000
R-F_Cluster_toYuleAvg          0.3246
R-F_Cluster_toUnifAvg          0.3234
NodalSplitted                 15.6205
NodalSplitted_toYuleAvg        0.5101
NodalSplitted_toUnifAvg        0.4506
Triples                       14.0000
Triples_toYuleAvg              0.0733
Triples_toUnifAvg              0.0733
MatchingPair                  12.0000
MatchingPair_toYuleAvg         0.2356
MatchingPair_toUnifAvg         0.2396
MAST                           4.0000
MAST_toYuleAvg                 0.5197
MAST_toUnifAvg                 0.5151
CopheneticL2Metric             8.6603
CopheneticL2Metric_toYuleAvg   0.3570
CopheneticL2Metric_toUnifAvg   0.3242

                 Name        Avg  Std        Min        Max  Count
0     MatchingCluster  15.000000  0.0  15.000000  15.000000      1
1         R-F_Cluster   3.500000  0.0   3.500000   3.500000      1
2       NodalSplitted  15.620499  0.0  15.620499  15.620499      1
3             Triples  14.000000  0.0  14.000000  14.000000      1
4        MatchingPair  12.000000  0.0  12.000000  12.000000      1
5                MAST   4.000000  0.0   4.000000   4.000000      1
6  CopheneticL2Metric   8.660254  0.0   8.660254   8.660254      1
