
                            < M A T L A B (R) >
                  Copyright 1984-2017 The MathWorks, Inc.
                   R2017a (9.2.0.538062) 64-bit (glnxa64)
                             February 23, 2017

 
To get started, type one of these: helpwin, helpdesk, or demo.
For product information, visit www.mathworks.com.
 
Running "Run1", Seed: 136069
 *** Finished Simulation Run ***

config-16.json #############################################

[#.........] | Progress: 1 | Time: 0.0s | ETA: --[.#........] | Progress: 57 | Time: 0.1s | ETA: --[..#.......] | Progress: 114 | Time: 0.1s | ETA: --[...#......] | Progress: 170 | Time: 0.2s | ETA: --[....#.....] | Progress: 226 | Time: 0.2s | ETA: --[.....#....] | Progress: 282 | Time: 0.3s | ETA: --[......#...] | Progress: 337 | Time: 0.3s | ETA: --[.......#..] | Progress: 393 | Time: 0.4s | ETA: --[........#.] | Progress: 450 | Time: 0.4s | ETA: --[.........#] | Progress: 506 | Time: 0.5s | ETA: --[........#.] | Progress: 562 | Time: 0.5s | ETA: --[.......#..] | Progress: 617 | Time: 0.6s | ETA: --[##########] | Progress: 657 | Time: 0.6s | ETA: --fit<>, fid</home/chun/projects/clineage-simulation/analysis/tmc-136069/tmc-007/case-16/triplets-list.raw.txt>, flg<treeReconstruction.log>, frt<resTree.tree>, frtN</home/chun/projects/clineage-simulation/analysis/tmc-136069/tmc-007/case-16/reconstructed.tmp.newick>, fsd<qqq.dat>, fst<simul.tree>, -->index=2
Read triplets from file...
Read triplets from file...Finished
N_triplets = 657, idMaxFound = 19
treeBuildBasedOnTriplets_run...
make_isTogetherInTripletAndDeleteExtraTriplets: Finished
maxCut with 19 nodes: Finished
maxCut with 17 nodes: Finished
maxCut with 13 nodes: Finished
maxCut with 7 nodes: Finished
treeBuildBasedOnTriplets_run...Finished
Saving tree to file...
Saving tree to file...Finished

                            < M A T L A B (R) >
                  Copyright 1984-2017 The MathWorks, Inc.
                   R2017a (9.2.0.538062) 64-bit (glnxa64)
                             February 23, 2017

 
To get started, type one of these: helpwin, helpdesk, or demo.
For product information, visit www.mathworks.com.
 
TreeCmp version build2

Active options:
Type of the analysis:  ref-to-all comparison mode (-r)
Metrics:
  1. MatchingCluster (mc)
  2. R-F_Cluster (rc)
  3. NodalSplitted (ns)
  4. Triples (tt)
  5. MatchingPair (mp)
  6. MAST (mt)
  7. CopheneticL2Metric (co)
Input file: /home/chun/projects/clineage-simulation/analysis/tmc-136069/tmc-007/case-16/reconstructed.newick
Output file: /home/chun/projects/clineage-simulation/analysis/tmc-136069/tmc-007/case-16/scores.raw.out
Additional options:
N - Report normalized distances.
P - Prune compared trees if needed (trees can have different leaf sets).
I - Include summary section in the output file.
-----
2018-06-19 06:54:12: Start of reading random statistics.
2018-06-19 06:54:12: End of reading random statistics.
2018-06-19 06:54:12: Start of scanning input file: /home/chun/projects/clineage-simulation/analysis/tmc-136069/tmc-007/case-16/reconstructed.newick
2018-06-19 06:54:12: End of scanning input file: /home/chun/projects/clineage-simulation/analysis/tmc-136069/tmc-007/case-16/reconstructed.newick
2018-06-19 06:54:12: 1 valid trees found in file: /home/chun/projects/clineage-simulation/analysis/tmc-136069/tmc-007/case-16/reconstructed.newick
2018-06-19 06:54:12: Start of calculation...please wait...
2018-06-19 06:54:12: 0.00% completed...
2018-06-19 06:54:12: 100.00% completed.
2018-06-19 06:54:12: End of calculation.
2018-06-19 06:54:12: Total calculation time: 25 ms.
                               metrics
No                              1.0000
RefTree                         1.0000
Tree                            1.0000
RefTree_taxa                   19.0000
Tree_taxa                      19.0000
Common_taxa                    19.0000
MatchingCluster                40.0000
MatchingCluster_toYuleAvg       0.5158
MatchingCluster_toUnifAvg       0.4501
R-F_Cluster                     7.0000
R-F_Cluster_toYuleAvg           0.4180
R-F_Cluster_toUnifAvg           0.4158
NodalSplitted                  39.0640
NodalSplitted_toYuleAvg         0.7263
NodalSplitted_toUnifAvg         0.5921
Triples                       130.0000
Triples_toYuleAvg               0.2020
Triples_toUnifAvg               0.2010
MatchingPair                   41.0000
MatchingPair_toYuleAvg          0.3426
MatchingPair_toUnifAvg          0.3481
MAST                            8.0000
MAST_toYuleAvg                  0.6392
MAST_toUnifAvg                  0.6343
CopheneticL2Metric             25.6710
CopheneticL2Metric_toYuleAvg    0.6081
CopheneticL2Metric_toUnifAvg    0.5212

                 Name         Avg  Std         Min         Max  Count
0     MatchingCluster   40.000000  0.0   40.000000   40.000000      1
1         R-F_Cluster    7.000000  0.0    7.000000    7.000000      1
2       NodalSplitted   39.064050  0.0   39.064050   39.064050      1
3             Triples  130.000000  0.0  130.000000  130.000000      1
4        MatchingPair   41.000000  0.0   41.000000   41.000000      1
5                MAST    8.000000  0.0    8.000000    8.000000      1
6  CopheneticL2Metric   25.670995  0.0   25.670995   25.670995      1
