
                            < M A T L A B (R) >
                  Copyright 1984-2017 The MathWorks, Inc.
                   R2017a (9.2.0.538062) 64-bit (glnxa64)
                             February 23, 2017

 
To get started, type one of these: helpwin, helpdesk, or demo.
For product information, visit www.mathworks.com.
 
Running "Run1", Seed: 136069
 *** Finished Simulation Run ***

config-14.json #############################################

[#.........] | Progress: 1 | Time: 0.0s | ETA: --[.#........] | Progress: 56 | Time: 0.1s | ETA: --[..#.......] | Progress: 111 | Time: 0.1s | ETA: --[...#......] | Progress: 167 | Time: 0.2s | ETA: --[....#.....] | Progress: 223 | Time: 0.2s | ETA: --[.....#....] | Progress: 279 | Time: 0.3s | ETA: --[......#...] | Progress: 334 | Time: 0.3s | ETA: --[.......#..] | Progress: 389 | Time: 0.4s | ETA: --[........#.] | Progress: 443 | Time: 0.4s | ETA: --[##########] | Progress: 476 | Time: 0.4s | ETA: --fit<>, fid</home/chun/projects/clineage-simulation/analysis/tmc-136069/tmc-007/case-14/triplets-list.raw.txt>, flg<treeReconstruction.log>, frt<resTree.tree>, frtN</home/chun/projects/clineage-simulation/analysis/tmc-136069/tmc-007/case-14/reconstructed.tmp.newick>, fsd<qqq.dat>, fst<simul.tree>, -->index=2
Read triplets from file...
Read triplets from file...Finished
N_triplets = 476, idMaxFound = 17
treeBuildBasedOnTriplets_run...
make_isTogetherInTripletAndDeleteExtraTriplets: Finished
maxCut with 17 nodes: Finished
maxCut with 15 nodes: Finished
maxCut with 11 nodes: Finished
maxCut with 6 nodes: Finished
treeBuildBasedOnTriplets_run...Finished
Saving tree to file...
Saving tree to file...Finished

                            < M A T L A B (R) >
                  Copyright 1984-2017 The MathWorks, Inc.
                   R2017a (9.2.0.538062) 64-bit (glnxa64)
                             February 23, 2017

 
To get started, type one of these: helpwin, helpdesk, or demo.
For product information, visit www.mathworks.com.
 
TreeCmp version build2

Active options:
Type of the analysis:  ref-to-all comparison mode (-r)
Metrics:
  1. MatchingCluster (mc)
  2. R-F_Cluster (rc)
  3. NodalSplitted (ns)
  4. Triples (tt)
  5. MatchingPair (mp)
  6. MAST (mt)
  7. CopheneticL2Metric (co)
Input file: /home/chun/projects/clineage-simulation/analysis/tmc-136069/tmc-007/case-14/reconstructed.newick
Output file: /home/chun/projects/clineage-simulation/analysis/tmc-136069/tmc-007/case-14/scores.raw.out
Additional options:
N - Report normalized distances.
P - Prune compared trees if needed (trees can have different leaf sets).
I - Include summary section in the output file.
-----
2018-06-19 06:54:07: Start of reading random statistics.
2018-06-19 06:54:07: End of reading random statistics.
2018-06-19 06:54:07: Start of scanning input file: /home/chun/projects/clineage-simulation/analysis/tmc-136069/tmc-007/case-14/reconstructed.newick
2018-06-19 06:54:07: End of scanning input file: /home/chun/projects/clineage-simulation/analysis/tmc-136069/tmc-007/case-14/reconstructed.newick
2018-06-19 06:54:07: 1 valid trees found in file: /home/chun/projects/clineage-simulation/analysis/tmc-136069/tmc-007/case-14/reconstructed.newick
2018-06-19 06:54:07: Start of calculation...please wait...
2018-06-19 06:54:07: 0.00% completed...
2018-06-19 06:54:07: 100.00% completed.
2018-06-19 06:54:07: End of calculation.
2018-06-19 06:54:07: Total calculation time: 23 ms.
                              metrics
No                             1.0000
RefTree                        1.0000
Tree                           1.0000
RefTree_taxa                  17.0000
Tree_taxa                     17.0000
Common_taxa                   17.0000
MatchingCluster               24.0000
MatchingCluster_toYuleAvg      0.3713
MatchingCluster_toUnifAvg      0.3302
R-F_Cluster                    4.0000
R-F_Cluster_toYuleAvg          0.2708
R-F_Cluster_toUnifAvg          0.2695
NodalSplitted                 22.6716
NodalSplitted_toYuleAvg        0.4946
NodalSplitted_toUnifAvg        0.4141
Triples                       51.0000
Triples_toYuleAvg              0.1123
Triples_toUnifAvg              0.1121
MatchingPair                  21.0000
MatchingPair_toYuleAvg         0.2248
MatchingPair_toUnifAvg         0.2283
MAST                           4.0000
MAST_toYuleAvg                 0.3678
MAST_toUnifAvg                 0.3654
CopheneticL2Metric            15.8430
CopheneticL2Metric_toYuleAvg   0.4411
CopheneticL2Metric_toUnifAvg   0.3833

                 Name        Avg  Std        Min        Max  Count
0     MatchingCluster  24.000000  0.0  24.000000  24.000000      1
1         R-F_Cluster   4.000000  0.0   4.000000   4.000000      1
2       NodalSplitted  22.671568  0.0  22.671568  22.671568      1
3             Triples  51.000000  0.0  51.000000  51.000000      1
4        MatchingPair  21.000000  0.0  21.000000  21.000000      1
5                MAST   4.000000  0.0   4.000000   4.000000      1
6  CopheneticL2Metric  15.842980  0.0  15.842980  15.842980      1
