
                            < M A T L A B (R) >
                  Copyright 1984-2017 The MathWorks, Inc.
                   R2017a (9.2.0.538062) 64-bit (glnxa64)
                             February 23, 2017

 
To get started, type one of these: helpwin, helpdesk, or demo.
For product information, visit www.mathworks.com.
 
Running "Run1", Seed: 136069
 *** Finished Simulation Run ***

config-12.json #############################################

[#.........] | Progress: 1 | Time: 0.0s | ETA: --[.#........] | Progress: 48 | Time: 0.1s | ETA: --[..#.......] | Progress: 101 | Time: 0.1s | ETA: --[...#......] | Progress: 153 | Time: 0.2s | ETA: --[....#.....] | Progress: 205 | Time: 0.2s | ETA: --[.....#....] | Progress: 258 | Time: 0.3s | ETA: --[......#...] | Progress: 310 | Time: 0.3s | ETA: --[##########] | Progress: 311 | Time: 0.3s | ETA: --fit<>, fid</home/chun/projects/clineage-simulation/analysis/tmc-136069/tmc-007/case-12/triplets-list.raw.txt>, flg<treeReconstruction.log>, frt<resTree.tree>, frtN</home/chun/projects/clineage-simulation/analysis/tmc-136069/tmc-007/case-12/reconstructed.tmp.newick>, fsd<qqq.dat>, fst<simul.tree>, -->index=2
Read triplets from file...
Read triplets from file...Finished
N_triplets = 311, idMaxFound = 15
treeBuildBasedOnTriplets_run...
make_isTogetherInTripletAndDeleteExtraTriplets: Finished
maxCut with 15 nodes: Finished
maxCut with 13 nodes: Finished
maxCut with 9 nodes: Finished
treeBuildBasedOnTriplets_run...Finished
Saving tree to file...
Saving tree to file...Finished

                            < M A T L A B (R) >
                  Copyright 1984-2017 The MathWorks, Inc.
                   R2017a (9.2.0.538062) 64-bit (glnxa64)
                             February 23, 2017

 
To get started, type one of these: helpwin, helpdesk, or demo.
For product information, visit www.mathworks.com.
 
TreeCmp version build2

Active options:
Type of the analysis:  ref-to-all comparison mode (-r)
Metrics:
  1. MatchingCluster (mc)
  2. R-F_Cluster (rc)
  3. NodalSplitted (ns)
  4. Triples (tt)
  5. MatchingPair (mp)
  6. MAST (mt)
  7. CopheneticL2Metric (co)
Input file: /home/chun/projects/clineage-simulation/analysis/tmc-136069/tmc-007/case-12/reconstructed.newick
Output file: /home/chun/projects/clineage-simulation/analysis/tmc-136069/tmc-007/case-12/scores.raw.out
Additional options:
N - Report normalized distances.
P - Prune compared trees if needed (trees can have different leaf sets).
I - Include summary section in the output file.
-----
2018-06-19 06:54:07: Start of reading random statistics.
2018-06-19 06:54:08: End of reading random statistics.
2018-06-19 06:54:08: Start of scanning input file: /home/chun/projects/clineage-simulation/analysis/tmc-136069/tmc-007/case-12/reconstructed.newick
2018-06-19 06:54:08: End of scanning input file: /home/chun/projects/clineage-simulation/analysis/tmc-136069/tmc-007/case-12/reconstructed.newick
2018-06-19 06:54:08: 1 valid trees found in file: /home/chun/projects/clineage-simulation/analysis/tmc-136069/tmc-007/case-12/reconstructed.newick
2018-06-19 06:54:08: Start of calculation...please wait...
2018-06-19 06:54:08: 0.00% completed...
2018-06-19 06:54:08: 100.00% completed.
2018-06-19 06:54:08: End of calculation.
2018-06-19 06:54:08: Total calculation time: 24 ms.
                              metrics
No                             1.0000
RefTree                        1.0000
Tree                           1.0000
RefTree_taxa                  15.0000
Tree_taxa                     15.0000
Common_taxa                   15.0000
MatchingCluster               18.0000
MatchingCluster_toYuleAvg      0.3478
MatchingCluster_toUnifAvg      0.3133
R-F_Cluster                    3.5000
R-F_Cluster_toYuleAvg          0.2746
R-F_Cluster_toUnifAvg          0.2731
NodalSplitted                 18.3303
NodalSplitted_toYuleAvg        0.4841
NodalSplitted_toUnifAvg        0.4168
Triples                       35.0000
Triples_toYuleAvg              0.1160
Triples_toUnifAvg              0.1156
MatchingPair                  15.0000
MatchingPair_toYuleAvg         0.2132
MatchingPair_toUnifAvg         0.2162
MAST                           4.0000
MAST_toYuleAvg                 0.4333
MAST_toUnifAvg                 0.4267
CopheneticL2Metric            11.6190
CopheneticL2Metric_toYuleAvg   0.3877
CopheneticL2Metric_toUnifAvg   0.3430

                 Name        Avg  Std        Min        Max  Count
0     MatchingCluster  18.000000  0.0  18.000000  18.000000      1
1         R-F_Cluster   3.500000  0.0   3.500000   3.500000      1
2       NodalSplitted  18.330303  0.0  18.330303  18.330303      1
3             Triples  35.000000  0.0  35.000000  35.000000      1
4        MatchingPair  15.000000  0.0  15.000000  15.000000      1
5                MAST   4.000000  0.0   4.000000   4.000000      1
6  CopheneticL2Metric  11.618950  0.0  11.618950  11.618950      1
