
                            < M A T L A B (R) >
                  Copyright 1984-2017 The MathWorks, Inc.
                   R2017a (9.2.0.538062) 64-bit (glnxa64)
                             February 23, 2017

 
To get started, type one of these: helpwin, helpdesk, or demo.
For product information, visit www.mathworks.com.
 
Running "Run1", Seed: 136069
 *** Finished Simulation Run ***

config-19.json #############################################

[#.........] | Progress: 1 | Time: 0.0s | ETA: --[.#........] | Progress: 62 | Time: 0.1s | ETA: --[..#.......] | Progress: 123 | Time: 0.1s | ETA: --[...#......] | Progress: 184 | Time: 0.2s | ETA: --[....#.....] | Progress: 245 | Time: 0.2s | ETA: --[.....#....] | Progress: 306 | Time: 0.3s | ETA: --[......#...] | Progress: 366 | Time: 0.3s | ETA: --[.......#..] | Progress: 427 | Time: 0.4s | ETA: --[........#.] | Progress: 488 | Time: 0.4s | ETA: --[.........#] | Progress: 548 | Time: 0.5s | ETA: --[........#.] | Progress: 608 | Time: 0.5s | ETA: --[.......#..] | Progress: 668 | Time: 0.6s | ETA: --[......#...] | Progress: 729 | Time: 0.6s | ETA: --[.....#....] | Progress: 789 | Time: 0.7s | ETA: --[....#.....] | Progress: 849 | Time: 0.7s | ETA: --[...#......] | Progress: 909 | Time: 0.8s | ETA: --[..#.......] | Progress: 969 | Time: 0.8s | ETA: --[.#........] | Progress: 1028 | Time: 0.9s | ETA: --[##########] | Progress: 1039 | Time: 0.9s | ETA: --fit<>, fid</home/chun/projects/clineage-simulation/analysis/tmc-136069/tmc-007/case-19/triplets-list.raw.txt>, flg<treeReconstruction.log>, frt<resTree.tree>, frtN</home/chun/projects/clineage-simulation/analysis/tmc-136069/tmc-007/case-19/reconstructed.tmp.newick>, fsd<qqq.dat>, fst<simul.tree>, -->index=2
Read triplets from file...
Read triplets from file...Finished
N_triplets = 1039, idMaxFound = 22
treeBuildBasedOnTriplets_run...
make_isTogetherInTripletAndDeleteExtraTriplets: Finished
maxCut with 22 nodes: Finished
maxCut with 20 nodes: Finished
maxCut with 5 nodes: Finished
maxCut with 15 nodes: Finished
maxCut with 8 nodes: Finished
treeBuildBasedOnTriplets_run...Finished
Saving tree to file...
Saving tree to file...Finished

                            < M A T L A B (R) >
                  Copyright 1984-2017 The MathWorks, Inc.
                   R2017a (9.2.0.538062) 64-bit (glnxa64)
                             February 23, 2017

 
To get started, type one of these: helpwin, helpdesk, or demo.
For product information, visit www.mathworks.com.
 
TreeCmp version build2

Active options:
Type of the analysis:  ref-to-all comparison mode (-r)
Metrics:
  1. MatchingCluster (mc)
  2. R-F_Cluster (rc)
  3. NodalSplitted (ns)
  4. Triples (tt)
  5. MatchingPair (mp)
  6. MAST (mt)
  7. CopheneticL2Metric (co)
Input file: /home/chun/projects/clineage-simulation/analysis/tmc-136069/tmc-007/case-19/reconstructed.newick
Output file: /home/chun/projects/clineage-simulation/analysis/tmc-136069/tmc-007/case-19/scores.raw.out
Additional options:
N - Report normalized distances.
P - Prune compared trees if needed (trees can have different leaf sets).
I - Include summary section in the output file.
-----
2018-06-19 06:54:08: Start of reading random statistics.
2018-06-19 06:54:08: End of reading random statistics.
2018-06-19 06:54:08: Start of scanning input file: /home/chun/projects/clineage-simulation/analysis/tmc-136069/tmc-007/case-19/reconstructed.newick
2018-06-19 06:54:08: End of scanning input file: /home/chun/projects/clineage-simulation/analysis/tmc-136069/tmc-007/case-19/reconstructed.newick
2018-06-19 06:54:08: 1 valid trees found in file: /home/chun/projects/clineage-simulation/analysis/tmc-136069/tmc-007/case-19/reconstructed.newick
2018-06-19 06:54:08: Start of calculation...please wait...
2018-06-19 06:54:08: 0.00% completed...
2018-06-19 06:54:08: 100.00% completed.
2018-06-19 06:54:08: End of calculation.
2018-06-19 06:54:08: Total calculation time: 25 ms.
                               metrics
No                              1.0000
RefTree                         1.0000
Tree                            1.0000
RefTree_taxa                   22.0000
Tree_taxa                      22.0000
Common_taxa                    22.0000
MatchingCluster                36.0000
MatchingCluster_toYuleAvg       0.3643
MatchingCluster_toUnifAvg       0.3109
R-F_Cluster                     6.0000
R-F_Cluster_toYuleAvg           0.3035
R-F_Cluster_toUnifAvg           0.3021
NodalSplitted                  31.5595
NodalSplitted_toYuleAvg         0.4738
NodalSplitted_toUnifAvg         0.3709
Triples                       134.0000
Triples_toYuleAvg               0.1306
Triples_toUnifAvg               0.1302
MatchingPair                   39.0000
MatchingPair_toYuleAvg          0.2367
MatchingPair_toUnifAvg          0.2409
MAST                            7.0000
MAST_toYuleAvg                  0.4667
MAST_toUnifAvg                  0.4633
CopheneticL2Metric             21.7256
CopheneticL2Metric_toYuleAvg    0.4274
CopheneticL2Metric_toUnifAvg    0.3462

                 Name         Avg  Std         Min         Max  Count
0     MatchingCluster   36.000000  0.0   36.000000   36.000000      1
1         R-F_Cluster    6.000000  0.0    6.000000    6.000000      1
2       NodalSplitted   31.559468  0.0   31.559468   31.559468      1
3             Triples  134.000000  0.0  134.000000  134.000000      1
4        MatchingPair   39.000000  0.0   39.000000   39.000000      1
5                MAST    7.000000  0.0    7.000000    7.000000      1
6  CopheneticL2Metric   21.725561  0.0   21.725561   21.725561      1
