
                            < M A T L A B (R) >
                  Copyright 1984-2017 The MathWorks, Inc.
                   R2017a (9.2.0.538062) 64-bit (glnxa64)
                             February 23, 2017

 
To get started, type one of these: helpwin, helpdesk, or demo.
For product information, visit www.mathworks.com.
 
Running "Run1", Seed: 136069
 *** Finished Simulation Run ***

config-18.json #############################################

[#.........] | Progress: 1 | Time: 0.0s | ETA: --[.#........] | Progress: 45 | Time: 0.1s | ETA: --[..#.......] | Progress: 92 | Time: 0.1s | ETA: --[...#......] | Progress: 142 | Time: 0.2s | ETA: --[....#.....] | Progress: 191 | Time: 0.2s | ETA: --[.....#....] | Progress: 241 | Time: 0.3s | ETA: --[......#...] | Progress: 291 | Time: 0.3s | ETA: --[.......#..] | Progress: 340 | Time: 0.4s | ETA: --[........#.] | Progress: 390 | Time: 0.4s | ETA: --[.........#] | Progress: 446 | Time: 0.5s | ETA: --[........#.] | Progress: 501 | Time: 0.5s | ETA: --[.......#..] | Progress: 556 | Time: 0.6s | ETA: --[......#...] | Progress: 611 | Time: 0.6s | ETA: --[.....#....] | Progress: 666 | Time: 0.7s | ETA: --[....#.....] | Progress: 721 | Time: 0.7s | ETA: --[...#......] | Progress: 777 | Time: 0.8s | ETA: --[..#.......] | Progress: 831 | Time: 0.8s | ETA: --[.#........] | Progress: 885 | Time: 0.9s | ETA: --[##########] | Progress: 916 | Time: 0.9s | ETA: --fit<>, fid</home/chun/projects/clineage-simulation/analysis/tmc-136069/tmc-007/case-18/triplets-list.raw.txt>, flg<treeReconstruction.log>, frt<resTree.tree>, frtN</home/chun/projects/clineage-simulation/analysis/tmc-136069/tmc-007/case-18/reconstructed.tmp.newick>, fsd<qqq.dat>, fst<simul.tree>, -->index=2
Read triplets from file...
Read triplets from file...Finished
N_triplets = 916, idMaxFound = 21
treeBuildBasedOnTriplets_run...
make_isTogetherInTripletAndDeleteExtraTriplets: Finished
maxCut with 21 nodes: Finished
maxCut with 19 nodes: Finished
maxCut with 5 nodes: Finished
maxCut with 14 nodes: Finished
maxCut with 8 nodes: Finished
treeBuildBasedOnTriplets_run...Finished
Saving tree to file...
Saving tree to file...Finished

                            < M A T L A B (R) >
                  Copyright 1984-2017 The MathWorks, Inc.
                   R2017a (9.2.0.538062) 64-bit (glnxa64)
                             February 23, 2017

 
To get started, type one of these: helpwin, helpdesk, or demo.
For product information, visit www.mathworks.com.
 
TreeCmp version build2

Active options:
Type of the analysis:  ref-to-all comparison mode (-r)
Metrics:
  1. MatchingCluster (mc)
  2. R-F_Cluster (rc)
  3. NodalSplitted (ns)
  4. Triples (tt)
  5. MatchingPair (mp)
  6. MAST (mt)
  7. CopheneticL2Metric (co)
Input file: /home/chun/projects/clineage-simulation/analysis/tmc-136069/tmc-007/case-18/reconstructed.newick
Output file: /home/chun/projects/clineage-simulation/analysis/tmc-136069/tmc-007/case-18/scores.raw.out
Additional options:
N - Report normalized distances.
P - Prune compared trees if needed (trees can have different leaf sets).
I - Include summary section in the output file.
-----
2018-06-19 06:54:10: Start of reading random statistics.
2018-06-19 06:54:10: End of reading random statistics.
2018-06-19 06:54:10: Start of scanning input file: /home/chun/projects/clineage-simulation/analysis/tmc-136069/tmc-007/case-18/reconstructed.newick
2018-06-19 06:54:10: End of scanning input file: /home/chun/projects/clineage-simulation/analysis/tmc-136069/tmc-007/case-18/reconstructed.newick
2018-06-19 06:54:10: 1 valid trees found in file: /home/chun/projects/clineage-simulation/analysis/tmc-136069/tmc-007/case-18/reconstructed.newick
2018-06-19 06:54:10: Start of calculation...please wait...
2018-06-19 06:54:10: 0.00% completed...
2018-06-19 06:54:10: 100.00% completed.
2018-06-19 06:54:10: End of calculation.
2018-06-19 06:54:10: Total calculation time: 32 ms.
                              metrics
No                             1.0000
RefTree                        1.0000
Tree                           1.0000
RefTree_taxa                  21.0000
Tree_taxa                     21.0000
Common_taxa                   21.0000
MatchingCluster               31.0000
MatchingCluster_toYuleAvg      0.3384
MatchingCluster_toUnifAvg      0.2931
R-F_Cluster                    5.0000
R-F_Cluster_toYuleAvg          0.2664
R-F_Cluster_toUnifAvg          0.2653
NodalSplitted                 28.8097
NodalSplitted_toYuleAvg        0.4679
NodalSplitted_toUnifAvg        0.3702
Triples                       87.0000
Triples_toYuleAvg              0.0980
Triples_toUnifAvg              0.0982
MatchingPair                  29.0000
MatchingPair_toYuleAvg         0.1942
MatchingPair_toUnifAvg         0.1981
MAST                           5.0000
MAST_toYuleAvg                 0.3527
MAST_toUnifAvg                 0.3502
CopheneticL2Metric            21.1187
CopheneticL2Metric_toYuleAvg   0.4438
CopheneticL2Metric_toUnifAvg   0.3656

                 Name        Avg  Std        Min        Max  Count
0     MatchingCluster  31.000000  0.0  31.000000  31.000000      1
1         R-F_Cluster   5.000000  0.0   5.000000   5.000000      1
2       NodalSplitted  28.809721  0.0  28.809721  28.809721      1
3             Triples  87.000000  0.0  87.000000  87.000000      1
4        MatchingPair  29.000000  0.0  29.000000  29.000000      1
5                MAST   5.000000  0.0   5.000000   5.000000      1
6  CopheneticL2Metric  21.118712  0.0  21.118712  21.118712      1
