
                            < M A T L A B (R) >
                  Copyright 1984-2017 The MathWorks, Inc.
                   R2017a (9.2.0.538062) 64-bit (glnxa64)
                             February 23, 2017

 
To get started, type one of these: helpwin, helpdesk, or demo.
For product information, visit www.mathworks.com.
 
Running "Run1", Seed: 136069
 *** Finished Simulation Run ***

config-15.json #############################################

[#.........] | Progress: 1 | Time: 0.0s | ETA: --[.#........] | Progress: 53 | Time: 0.1s | ETA: --[..#.......] | Progress: 107 | Time: 0.1s | ETA: --[...#......] | Progress: 161 | Time: 0.2s | ETA: --[....#.....] | Progress: 215 | Time: 0.2s | ETA: --[.....#....] | Progress: 269 | Time: 0.3s | ETA: --[......#...] | Progress: 323 | Time: 0.3s | ETA: --[.......#..] | Progress: 378 | Time: 0.4s | ETA: --[........#.] | Progress: 432 | Time: 0.4s | ETA: --[.........#] | Progress: 486 | Time: 0.5s | ETA: --[........#.] | Progress: 540 | Time: 0.5s | ETA: --[##########] | Progress: 563 | Time: 0.5s | ETA: --fit<>, fid</home/chun/projects/clineage-simulation/analysis/tmc-136069/tmc-007/case-15/triplets-list.raw.txt>, flg<treeReconstruction.log>, frt<resTree.tree>, frtN</home/chun/projects/clineage-simulation/analysis/tmc-136069/tmc-007/case-15/reconstructed.tmp.newick>, fsd<qqq.dat>, fst<simul.tree>, -->index=2
Read triplets from file...
Read triplets from file...Finished
N_triplets = 563, idMaxFound = 18
treeBuildBasedOnTriplets_run...
make_isTogetherInTripletAndDeleteExtraTriplets: Finished
maxCut with 18 nodes: Finished
maxCut with 16 nodes: Finished
maxCut with 12 nodes: Finished
maxCut with 7 nodes: Finished
maxCut with 5 nodes: Finished
treeBuildBasedOnTriplets_run...Finished
Saving tree to file...
Saving tree to file...Finished

                            < M A T L A B (R) >
                  Copyright 1984-2017 The MathWorks, Inc.
                   R2017a (9.2.0.538062) 64-bit (glnxa64)
                             February 23, 2017

 
To get started, type one of these: helpwin, helpdesk, or demo.
For product information, visit www.mathworks.com.
 
TreeCmp version build2

Active options:
Type of the analysis:  ref-to-all comparison mode (-r)
Metrics:
  1. MatchingCluster (mc)
  2. R-F_Cluster (rc)
  3. NodalSplitted (ns)
  4. Triples (tt)
  5. MatchingPair (mp)
  6. MAST (mt)
  7. CopheneticL2Metric (co)
Input file: /home/chun/projects/clineage-simulation/analysis/tmc-136069/tmc-007/case-15/reconstructed.newick
Output file: /home/chun/projects/clineage-simulation/analysis/tmc-136069/tmc-007/case-15/scores.raw.out
Additional options:
N - Report normalized distances.
P - Prune compared trees if needed (trees can have different leaf sets).
I - Include summary section in the output file.
-----
2018-06-19 06:54:13: Start of reading random statistics.
2018-06-19 06:54:13: End of reading random statistics.
2018-06-19 06:54:13: Start of scanning input file: /home/chun/projects/clineage-simulation/analysis/tmc-136069/tmc-007/case-15/reconstructed.newick
2018-06-19 06:54:13: End of scanning input file: /home/chun/projects/clineage-simulation/analysis/tmc-136069/tmc-007/case-15/reconstructed.newick
2018-06-19 06:54:13: 1 valid trees found in file: /home/chun/projects/clineage-simulation/analysis/tmc-136069/tmc-007/case-15/reconstructed.newick
2018-06-19 06:54:13: Start of calculation...please wait...
2018-06-19 06:54:13: 0.00% completed...
2018-06-19 06:54:13: 100.00% completed.
2018-06-19 06:54:13: End of calculation.
2018-06-19 06:54:13: Total calculation time: 24 ms.
                              metrics
No                             1.0000
RefTree                        1.0000
Tree                           1.0000
RefTree_taxa                  18.0000
Tree_taxa                     18.0000
Common_taxa                   18.0000
MatchingCluster               27.0000
MatchingCluster_toYuleAvg      0.3801
MatchingCluster_toUnifAvg      0.3357
R-F_Cluster                    4.0000
R-F_Cluster_toYuleAvg          0.2534
R-F_Cluster_toUnifAvg          0.2528
NodalSplitted                 24.5153
NodalSplitted_toYuleAvg        0.4931
NodalSplitted_toUnifAvg        0.4044
Triples                       59.0000
Triples_toYuleAvg              0.1079
Triples_toUnifAvg              0.1087
MatchingPair                  24.0000
MatchingPair_toYuleAvg         0.2256
MatchingPair_toUnifAvg         0.2308
MAST                           4.0000
MAST_toYuleAvg                 0.3408
MAST_toUnifAvg                 0.3399
CopheneticL2Metric            17.9444
CopheneticL2Metric_toYuleAvg   0.4573
CopheneticL2Metric_toUnifAvg   0.3970

                 Name        Avg  Std        Min        Max  Count
0     MatchingCluster  27.000000  0.0  27.000000  27.000000      1
1         R-F_Cluster   4.000000  0.0   4.000000   4.000000      1
2       NodalSplitted  24.515301  0.0  24.515301  24.515301      1
3             Triples  59.000000  0.0  59.000000  59.000000      1
4        MatchingPair  24.000000  0.0  24.000000  24.000000      1
5                MAST   4.000000  0.0   4.000000   4.000000      1
6  CopheneticL2Metric  17.944358  0.0  17.944358  17.944358      1
