
                            < M A T L A B (R) >
                  Copyright 1984-2017 The MathWorks, Inc.
                   R2017a (9.2.0.538062) 64-bit (glnxa64)
                             February 23, 2017

 
To get started, type one of these: helpwin, helpdesk, or demo.
For product information, visit www.mathworks.com.
 
Running "Run1", Seed: 136069
 *** Finished Simulation Run ***

config-17.json #############################################

[#.........] | Progress: 1 | Time: 0.0s | ETA: --[.#........] | Progress: 45 | Time: 0.1s | ETA: --[..#.......] | Progress: 90 | Time: 0.1s | ETA: --[...#......] | Progress: 135 | Time: 0.2s | ETA: --[....#.....] | Progress: 181 | Time: 0.2s | ETA: --[.....#....] | Progress: 225 | Time: 0.3s | ETA: --[......#...] | Progress: 271 | Time: 0.3s | ETA: --[.......#..] | Progress: 316 | Time: 0.4s | ETA: --[........#.] | Progress: 361 | Time: 0.4s | ETA: --[.........#] | Progress: 407 | Time: 0.5s | ETA: --[........#.] | Progress: 463 | Time: 0.5s | ETA: --[.......#..] | Progress: 525 | Time: 0.6s | ETA: --[......#...] | Progress: 587 | Time: 0.6s | ETA: --[.....#....] | Progress: 651 | Time: 0.7s | ETA: --[....#.....] | Progress: 716 | Time: 0.7s | ETA: --[##########] | Progress: 762 | Time: 0.7s | ETA: --fit<>, fid</home/chun/projects/clineage-simulation/analysis/tmc-136069/tmc-007/case-17/triplets-list.raw.txt>, flg<treeReconstruction.log>, frt<resTree.tree>, frtN</home/chun/projects/clineage-simulation/analysis/tmc-136069/tmc-007/case-17/reconstructed.tmp.newick>, fsd<qqq.dat>, fst<simul.tree>, -->index=2
Read triplets from file...
Read triplets from file...Finished
N_triplets = 762, idMaxFound = 20
treeBuildBasedOnTriplets_run...
make_isTogetherInTripletAndDeleteExtraTriplets: Finished
maxCut with 20 nodes: Finished
maxCut with 18 nodes: Finished
maxCut with 14 nodes: Finished
maxCut with 7 nodes: Finished
maxCut with 7 nodes: Finished
treeBuildBasedOnTriplets_run...Finished
Saving tree to file...
Saving tree to file...Finished

                            < M A T L A B (R) >
                  Copyright 1984-2017 The MathWorks, Inc.
                   R2017a (9.2.0.538062) 64-bit (glnxa64)
                             February 23, 2017

 
To get started, type one of these: helpwin, helpdesk, or demo.
For product information, visit www.mathworks.com.
 
TreeCmp version build2

Active options:
Type of the analysis:  ref-to-all comparison mode (-r)
Metrics:
  1. MatchingCluster (mc)
  2. R-F_Cluster (rc)
  3. NodalSplitted (ns)
  4. Triples (tt)
  5. MatchingPair (mp)
  6. MAST (mt)
  7. CopheneticL2Metric (co)
Input file: /home/chun/projects/clineage-simulation/analysis/tmc-136069/tmc-007/case-17/reconstructed.newick
Output file: /home/chun/projects/clineage-simulation/analysis/tmc-136069/tmc-007/case-17/scores.raw.out
Additional options:
N - Report normalized distances.
P - Prune compared trees if needed (trees can have different leaf sets).
I - Include summary section in the output file.
-----
2018-06-19 06:54:10: Start of reading random statistics.
2018-06-19 06:54:10: End of reading random statistics.
2018-06-19 06:54:10: Start of scanning input file: /home/chun/projects/clineage-simulation/analysis/tmc-136069/tmc-007/case-17/reconstructed.newick
2018-06-19 06:54:10: End of scanning input file: /home/chun/projects/clineage-simulation/analysis/tmc-136069/tmc-007/case-17/reconstructed.newick
2018-06-19 06:54:10: 1 valid trees found in file: /home/chun/projects/clineage-simulation/analysis/tmc-136069/tmc-007/case-17/reconstructed.newick
2018-06-19 06:54:10: Start of calculation...please wait...
2018-06-19 06:54:10: 0.00% completed...
2018-06-19 06:54:10: 100.00% completed.
2018-06-19 06:54:10: End of calculation.
2018-06-19 06:54:10: Total calculation time: 26 ms.
                               metrics
No                              1.0000
RefTree                         1.0000
Tree                            1.0000
RefTree_taxa                   20.0000
Tree_taxa                      20.0000
Common_taxa                    20.0000
MatchingCluster                36.0000
MatchingCluster_toYuleAvg       0.4226
MatchingCluster_toUnifAvg       0.3701
R-F_Cluster                     5.0000
R-F_Cluster_toYuleAvg           0.2815
R-F_Cluster_toUnifAvg           0.2802
NodalSplitted                  33.8231
NodalSplitted_toYuleAvg         0.5813
NodalSplitted_toUnifAvg         0.4707
Triples                       130.0000
Triples_toYuleAvg               0.1701
Triples_toUnifAvg               0.1711
MatchingPair                   36.0000
MatchingPair_toYuleAvg          0.2676
MatchingPair_toUnifAvg          0.2736
MAST                            6.0000
MAST_toYuleAvg                  0.4497
MAST_toUnifAvg                  0.4460
CopheneticL2Metric             24.2074
CopheneticL2Metric_toYuleAvg    0.5451
CopheneticL2Metric_toUnifAvg    0.4456

                 Name         Avg  Std         Min         Max  Count
0     MatchingCluster   36.000000  0.0   36.000000   36.000000      1
1         R-F_Cluster    5.000000  0.0    5.000000    5.000000      1
2       NodalSplitted   33.823069  0.0   33.823069   33.823069      1
3             Triples  130.000000  0.0  130.000000  130.000000      1
4        MatchingPair   36.000000  0.0   36.000000   36.000000      1
5                MAST    6.000000  0.0    6.000000    6.000000      1
6  CopheneticL2Metric   24.207437  0.0   24.207437   24.207437      1
