                              metrics
No                             1.0000
RefTree                        1.0000
Tree                           1.0000
RefTree_taxa                  20.0000
Tree_taxa                     20.0000
Common_taxa                   20.0000
MatchingCluster               23.0000
MatchingCluster_toYuleAvg      0.2700
MatchingCluster_toUnifAvg      0.2364
R-F_Cluster                    5.0000
R-F_Cluster_toYuleAvg          0.2815
R-F_Cluster_toUnifAvg          0.2802
NodalSplitted                 21.3776
NodalSplitted_toYuleAvg        0.3674
NodalSplitted_toUnifAvg        0.2975
Triples                       62.0000
Triples_toYuleAvg              0.0811
Triples_toUnifAvg              0.0816
MatchingPair                  23.0000
MatchingPair_toYuleAvg         0.1710
MatchingPair_toUnifAvg         0.1748
MAST                           6.0000
MAST_toYuleAvg                 0.4497
MAST_toUnifAvg                 0.4460
CopheneticL2Metric            12.6886
CopheneticL2Metric_toYuleAvg   0.2857
CopheneticL2Metric_toUnifAvg   0.2336

                 Name        Avg  Std        Min        Max  Count
0     MatchingCluster  23.000000  0.0  23.000000  23.000000      1
1         R-F_Cluster   5.000000  0.0   5.000000   5.000000      1
2       NodalSplitted  21.377558  0.0  21.377558  21.377558      1
3             Triples  62.000000  0.0  62.000000  62.000000      1
4        MatchingPair  23.000000  0.0  23.000000  23.000000      1
5                MAST   6.000000  0.0   6.000000   6.000000      1
6  CopheneticL2Metric  12.688578  0.0  12.688578  12.688578      1
