
                            < M A T L A B (R) >
                  Copyright 1984-2017 The MathWorks, Inc.
                   R2017a (9.2.0.538062) 64-bit (glnxa64)
                             February 23, 2017

 
To get started, type one of these: helpwin, helpdesk, or demo.
For product information, visit www.mathworks.com.
 
Running "Run1", Seed: 181848
 *** Finished Simulation Run ***

config-20.json #############################################

[#.........] | Progress: 1 | Time: 0.0s | ETA: --[.#........] | Progress: 192 | Time: 0.1s | ETA: --[..#.......] | Progress: 382 | Time: 0.1s | ETA: --[...#......] | Progress: 569 | Time: 0.2s | ETA: --[....#.....] | Progress: 754 | Time: 0.2s | ETA: --[.....#....] | Progress: 940 | Time: 0.3s | ETA: --[......#...] | Progress: 1124 | Time: 0.3s | ETA: --[##########] | Progress: 1219 | Time: 0.3s | ETA: --fit<>, fid</home/chun/projects/clineage-simulation/analysis/tmc-181848/tmc-004/case-20/triplets-list.raw.txt>, flg<treeReconstruction.log>, frt<resTree.tree>, frtN</home/chun/projects/clineage-simulation/analysis/tmc-181848/tmc-004/case-20/reconstructed.tmp.newick>, fsd<qqq.dat>, fst<simul.tree>, -->index=2
Read triplets from file...
Read triplets from file...Finished
N_triplets = 1169, idMaxFound = 23
treeBuildBasedOnTriplets_run...
make_isTogetherInTripletAndDeleteExtraTriplets: Finished
maxCut with 23 nodes: Finished
maxCut with 8 nodes: Finished
maxCut with 15 nodes: Finished
maxCut with 13 nodes: Finished
maxCut with 5 nodes: Finished
maxCut with 8 nodes: Finished
treeBuildBasedOnTriplets_run...Finished
Saving tree to file...
Saving tree to file...Finished

                            < M A T L A B (R) >
                  Copyright 1984-2017 The MathWorks, Inc.
                   R2017a (9.2.0.538062) 64-bit (glnxa64)
                             February 23, 2017

 
To get started, type one of these: helpwin, helpdesk, or demo.
For product information, visit www.mathworks.com.
 
TreeCmp version build2

Active options:
Type of the analysis:  ref-to-all comparison mode (-r)
Metrics:
  1. MatchingCluster (mc)
  2. R-F_Cluster (rc)
  3. NodalSplitted (ns)
  4. Triples (tt)
  5. MatchingPair (mp)
  6. MAST (mt)
  7. CopheneticL2Metric (co)
Input file: /home/chun/projects/clineage-simulation/analysis/tmc-181848/tmc-004/case-20/reconstructed.newick
Output file: /home/chun/projects/clineage-simulation/analysis/tmc-181848/tmc-004/case-20/scores.raw.out
Additional options:
N - Report normalized distances.
P - Prune compared trees if needed (trees can have different leaf sets).
I - Include summary section in the output file.
-----
2018-06-19 06:08:46: Start of reading random statistics.
2018-06-19 06:08:46: End of reading random statistics.
2018-06-19 06:08:46: Start of scanning input file: /home/chun/projects/clineage-simulation/analysis/tmc-181848/tmc-004/case-20/reconstructed.newick
2018-06-19 06:08:46: End of scanning input file: /home/chun/projects/clineage-simulation/analysis/tmc-181848/tmc-004/case-20/reconstructed.newick
2018-06-19 06:08:46: 1 valid trees found in file: /home/chun/projects/clineage-simulation/analysis/tmc-181848/tmc-004/case-20/reconstructed.newick
2018-06-19 06:08:46: Start of calculation...please wait...
2018-06-19 06:08:46: 0.00% completed...
2018-06-19 06:08:46: 100.00% completed.
2018-06-19 06:08:46: End of calculation.
2018-06-19 06:08:46: Total calculation time: 29 ms.
                               metrics
No                              1.0000
RefTree                         1.0000
Tree                            1.0000
RefTree_taxa                   23.0000
Tree_taxa                      23.0000
Common_taxa                    23.0000
MatchingCluster                30.0000
MatchingCluster_toYuleAvg       0.2829
MatchingCluster_toUnifAvg       0.2421
R-F_Cluster                     8.5000
R-F_Cluster_toYuleAvg           0.4091
R-F_Cluster_toUnifAvg           0.4083
NodalSplitted                  30.7896
NodalSplitted_toYuleAvg         0.4365
NodalSplitted_toUnifAvg         0.3435
Triples                       109.0000
Triples_toYuleAvg               0.0922
Triples_toUnifAvg               0.0926
MatchingPair                   30.0000
MatchingPair_toYuleAvg          0.1643
MatchingPair_toUnifAvg          0.1679
MAST                           10.0000
MAST_toYuleAvg                  0.6303
MAST_toUnifAvg                  0.6245
CopheneticL2Metric             14.9332
CopheneticL2Metric_toYuleAvg    0.2757
CopheneticL2Metric_toUnifAvg    0.2212

                 Name         Avg  Std         Min         Max  Count
0     MatchingCluster   30.000000  0.0   30.000000   30.000000      1
1         R-F_Cluster    8.500000  0.0    8.500000    8.500000      1
2       NodalSplitted   30.789609  0.0   30.789609   30.789609      1
3             Triples  109.000000  0.0  109.000000  109.000000      1
4        MatchingPair   30.000000  0.0   30.000000   30.000000      1
5                MAST   10.000000  0.0   10.000000   10.000000      1
6  CopheneticL2Metric   14.933185  0.0   14.933185   14.933185      1
