
                            < M A T L A B (R) >
                  Copyright 1984-2017 The MathWorks, Inc.
                   R2017a (9.2.0.538062) 64-bit (glnxa64)
                             February 23, 2017

 
To get started, type one of these: helpwin, helpdesk, or demo.
For product information, visit www.mathworks.com.
 
Running "Run1", Seed: 181848
 *** Finished Simulation Run ***

config-17.json #############################################

[#.........] | Progress: 1 | Time: 0.0s | ETA: --[.#........] | Progress: 223 | Time: 0.1s | ETA: --[..#.......] | Progress: 445 | Time: 0.1s | ETA: --[...#......] | Progress: 661 | Time: 0.2s | ETA: --[##########] | Progress: 793 | Time: 0.2s | ETA: --fit<>, fid</home/chun/projects/clineage-simulation/analysis/tmc-181848/tmc-004/case-17/triplets-list.raw.txt>, flg<treeReconstruction.log>, frt<resTree.tree>, frtN</home/chun/projects/clineage-simulation/analysis/tmc-181848/tmc-004/case-17/reconstructed.tmp.newick>, fsd<qqq.dat>, fst<simul.tree>, -->index=2
Read triplets from file...
Read triplets from file...Finished
N_triplets = 774, idMaxFound = 20
treeBuildBasedOnTriplets_run...
make_isTogetherInTripletAndDeleteExtraTriplets: Finished
maxCut with 20 nodes: Finished
maxCut with 6 nodes: Finished
maxCut with 14 nodes: Finished
maxCut with 5 nodes: Finished
maxCut with 9 nodes: Finished
maxCut with 7 nodes: Finished
treeBuildBasedOnTriplets_run...Finished
Saving tree to file...
Saving tree to file...Finished

                            < M A T L A B (R) >
                  Copyright 1984-2017 The MathWorks, Inc.
                   R2017a (9.2.0.538062) 64-bit (glnxa64)
                             February 23, 2017

 
To get started, type one of these: helpwin, helpdesk, or demo.
For product information, visit www.mathworks.com.
 
TreeCmp version build2

Active options:
Type of the analysis:  ref-to-all comparison mode (-r)
Metrics:
  1. MatchingCluster (mc)
  2. R-F_Cluster (rc)
  3. NodalSplitted (ns)
  4. Triples (tt)
  5. MatchingPair (mp)
  6. MAST (mt)
  7. CopheneticL2Metric (co)
Input file: /home/chun/projects/clineage-simulation/analysis/tmc-181848/tmc-004/case-17/reconstructed.newick
Output file: /home/chun/projects/clineage-simulation/analysis/tmc-181848/tmc-004/case-17/scores.raw.out
Additional options:
N - Report normalized distances.
P - Prune compared trees if needed (trees can have different leaf sets).
I - Include summary section in the output file.
-----
2018-06-19 06:08:43: Start of reading random statistics.
2018-06-19 06:08:44: End of reading random statistics.
2018-06-19 06:08:44: Start of scanning input file: /home/chun/projects/clineage-simulation/analysis/tmc-181848/tmc-004/case-17/reconstructed.newick
2018-06-19 06:08:44: End of scanning input file: /home/chun/projects/clineage-simulation/analysis/tmc-181848/tmc-004/case-17/reconstructed.newick
2018-06-19 06:08:44: 1 valid trees found in file: /home/chun/projects/clineage-simulation/analysis/tmc-181848/tmc-004/case-17/reconstructed.newick
2018-06-19 06:08:44: Start of calculation...please wait...
2018-06-19 06:08:44: 0.00% completed...
2018-06-19 06:08:44: 100.00% completed.
2018-06-19 06:08:44: End of calculation.
2018-06-19 06:08:44: Total calculation time: 23 ms.
                               metrics
No                              1.0000
RefTree                         1.0000
Tree                            1.0000
RefTree_taxa                   20.0000
Tree_taxa                      20.0000
Common_taxa                    20.0000
MatchingCluster                31.0000
MatchingCluster_toYuleAvg       0.3639
MatchingCluster_toUnifAvg       0.3187
R-F_Cluster                     7.0000
R-F_Cluster_toYuleAvg           0.3941
R-F_Cluster_toUnifAvg           0.3922
NodalSplitted                  29.3769
NodalSplitted_toYuleAvg         0.5048
NodalSplitted_toUnifAvg         0.4088
Triples                       151.0000
Triples_toYuleAvg               0.1975
Triples_toUnifAvg               0.1988
MatchingPair                   35.0000
MatchingPair_toYuleAvg          0.2602
MatchingPair_toUnifAvg          0.2660
MAST                            7.0000
MAST_toYuleAvg                  0.5247
MAST_toUnifAvg                  0.5203
CopheneticL2Metric             20.0499
CopheneticL2Metric_toYuleAvg    0.4514
CopheneticL2Metric_toUnifAvg    0.3691

                 Name         Avg  Std         Min         Max  Count
0     MatchingCluster   31.000000  0.0   31.000000   31.000000      1
1         R-F_Cluster    7.000000  0.0    7.000000    7.000000      1
2       NodalSplitted   29.376862  0.0   29.376862   29.376862      1
3             Triples  151.000000  0.0  151.000000  151.000000      1
4        MatchingPair   35.000000  0.0   35.000000   35.000000      1
5                MAST    7.000000  0.0    7.000000    7.000000      1
6  CopheneticL2Metric   20.049938  0.0   20.049938   20.049938      1
