
                            < M A T L A B (R) >
                  Copyright 1984-2017 The MathWorks, Inc.
                   R2017a (9.2.0.538062) 64-bit (glnxa64)
                             February 23, 2017

 
To get started, type one of these: helpwin, helpdesk, or demo.
For product information, visit www.mathworks.com.
 
Running "Run1", Seed: 181848
 *** Finished Simulation Run ***

config-09.json #############################################

[#.........] | Progress: 1 | Time: 0.0s | ETA: --[##########] | Progress: 162 | Time: 0.0s | ETA: --fit<>, fid</home/chun/projects/clineage-simulation/analysis/tmc-181848/tmc-004/case-09/triplets-list.raw.txt>, flg<treeReconstruction.log>, frt<resTree.tree>, frtN</home/chun/projects/clineage-simulation/analysis/tmc-181848/tmc-004/case-09/reconstructed.tmp.newick>, fsd<qqq.dat>, fst<simul.tree>, -->index=2
Read triplets from file...
Read triplets from file...Finished
N_triplets = 160, idMaxFound = 12
treeBuildBasedOnTriplets_run...
make_isTogetherInTripletAndDeleteExtraTriplets: Finished
maxCut with 12 nodes: Finished
maxCut with 8 nodes: Finished
maxCut with 6 nodes: Finished
treeBuildBasedOnTriplets_run...Finished
Saving tree to file...
Saving tree to file...Finished

                            < M A T L A B (R) >
                  Copyright 1984-2017 The MathWorks, Inc.
                   R2017a (9.2.0.538062) 64-bit (glnxa64)
                             February 23, 2017

 
To get started, type one of these: helpwin, helpdesk, or demo.
For product information, visit www.mathworks.com.
 
TreeCmp version build2

Active options:
Type of the analysis:  ref-to-all comparison mode (-r)
Metrics:
  1. MatchingCluster (mc)
  2. R-F_Cluster (rc)
  3. NodalSplitted (ns)
  4. Triples (tt)
  5. MatchingPair (mp)
  6. MAST (mt)
  7. CopheneticL2Metric (co)
Input file: /home/chun/projects/clineage-simulation/analysis/tmc-181848/tmc-004/case-09/reconstructed.newick
Output file: /home/chun/projects/clineage-simulation/analysis/tmc-181848/tmc-004/case-09/scores.raw.out
Additional options:
N - Report normalized distances.
P - Prune compared trees if needed (trees can have different leaf sets).
I - Include summary section in the output file.
-----
2018-06-19 06:08:44: Start of reading random statistics.
2018-06-19 06:08:44: End of reading random statistics.
2018-06-19 06:08:44: Start of scanning input file: /home/chun/projects/clineage-simulation/analysis/tmc-181848/tmc-004/case-09/reconstructed.newick
2018-06-19 06:08:44: End of scanning input file: /home/chun/projects/clineage-simulation/analysis/tmc-181848/tmc-004/case-09/reconstructed.newick
2018-06-19 06:08:44: 1 valid trees found in file: /home/chun/projects/clineage-simulation/analysis/tmc-181848/tmc-004/case-09/reconstructed.newick
2018-06-19 06:08:44: Start of calculation...please wait...
2018-06-19 06:08:44: 0.00% completed...
2018-06-19 06:08:44: 100.00% completed.
2018-06-19 06:08:44: End of calculation.
2018-06-19 06:08:44: Total calculation time: 35 ms.
                              metrics
No                             1.0000
RefTree                        1.0000
Tree                           1.0000
RefTree_taxa                  12.0000
Tree_taxa                     12.0000
Common_taxa                   12.0000
MatchingCluster               16.0000
MatchingCluster_toYuleAvg      0.4507
MatchingCluster_toUnifAvg      0.4232
R-F_Cluster                    5.5000
R-F_Cluster_toYuleAvg          0.5641
R-F_Cluster_toUnifAvg          0.5619
NodalSplitted                 16.7332
NodalSplitted_toYuleAvg        0.6143
NodalSplitted_toUnifAvg        0.5592
Triples                       30.0000
Triples_toYuleAvg              0.2038
Triples_toUnifAvg              0.2045
MatchingPair                  11.0000
MatchingPair_toYuleAvg         0.2600
MatchingPair_toUnifAvg         0.2635
MAST                           4.0000
MAST_toYuleAvg                 0.5805
MAST_toUnifAvg                 0.5748
CopheneticL2Metric            10.4881
CopheneticL2Metric_toYuleAvg   0.4838
CopheneticL2Metric_toUnifAvg   0.4451

                 Name        Avg  Std        Min        Max  Count
0     MatchingCluster  16.000000  0.0  16.000000  16.000000      1
1         R-F_Cluster   5.500000  0.0   5.500000   5.500000      1
2       NodalSplitted  16.733201  0.0  16.733201  16.733201      1
3             Triples  30.000000  0.0  30.000000  30.000000      1
4        MatchingPair  11.000000  0.0  11.000000  11.000000      1
5                MAST   4.000000  0.0   4.000000   4.000000      1
6  CopheneticL2Metric  10.488088  0.0  10.488088  10.488088      1
