
                            < M A T L A B (R) >
                  Copyright 1984-2017 The MathWorks, Inc.
                   R2017a (9.2.0.538062) 64-bit (glnxa64)
                             February 23, 2017

 
To get started, type one of these: helpwin, helpdesk, or demo.
For product information, visit www.mathworks.com.
 
Running "Run1", Seed: 181848
 *** Finished Simulation Run ***

config-19.json #############################################

[#.........] | Progress: 1 | Time: 0.0s | ETA: --[.#........] | Progress: 187 | Time: 0.1s | ETA: --[..#.......] | Progress: 379 | Time: 0.1s | ETA: --[...#......] | Progress: 575 | Time: 0.2s | ETA: --[....#.....] | Progress: 769 | Time: 0.2s | ETA: --[.....#....] | Progress: 961 | Time: 0.3s | ETA: --[##########] | Progress: 1051 | Time: 0.3s | ETA: --fit<>, fid</home/chun/projects/clineage-simulation/analysis/tmc-181848/tmc-004/case-19/triplets-list.raw.txt>, flg<treeReconstruction.log>, frt<resTree.tree>, frtN</home/chun/projects/clineage-simulation/analysis/tmc-181848/tmc-004/case-19/reconstructed.tmp.newick>, fsd<qqq.dat>, fst<simul.tree>, -->index=2
Read triplets from file...
Read triplets from file...Finished
N_triplets = 1024, idMaxFound = 22
treeBuildBasedOnTriplets_run...
make_isTogetherInTripletAndDeleteExtraTriplets: Finished
maxCut with 22 nodes: Finished
maxCut with 7 nodes: Finished
maxCut with 15 nodes: Finished
maxCut with 13 nodes: Finished
treeBuildBasedOnTriplets_run...Finished
Saving tree to file...
Saving tree to file...Finished

                            < M A T L A B (R) >
                  Copyright 1984-2017 The MathWorks, Inc.
                   R2017a (9.2.0.538062) 64-bit (glnxa64)
                             February 23, 2017

 
To get started, type one of these: helpwin, helpdesk, or demo.
For product information, visit www.mathworks.com.
 
TreeCmp version build2

Active options:
Type of the analysis:  ref-to-all comparison mode (-r)
Metrics:
  1. MatchingCluster (mc)
  2. R-F_Cluster (rc)
  3. NodalSplitted (ns)
  4. Triples (tt)
  5. MatchingPair (mp)
  6. MAST (mt)
  7. CopheneticL2Metric (co)
Input file: /home/chun/projects/clineage-simulation/analysis/tmc-181848/tmc-004/case-19/reconstructed.newick
Output file: /home/chun/projects/clineage-simulation/analysis/tmc-181848/tmc-004/case-19/scores.raw.out
Additional options:
N - Report normalized distances.
P - Prune compared trees if needed (trees can have different leaf sets).
I - Include summary section in the output file.
-----
2018-06-19 06:08:43: Start of reading random statistics.
2018-06-19 06:08:43: End of reading random statistics.
2018-06-19 06:08:43: Start of scanning input file: /home/chun/projects/clineage-simulation/analysis/tmc-181848/tmc-004/case-19/reconstructed.newick
2018-06-19 06:08:43: End of scanning input file: /home/chun/projects/clineage-simulation/analysis/tmc-181848/tmc-004/case-19/reconstructed.newick
2018-06-19 06:08:43: 1 valid trees found in file: /home/chun/projects/clineage-simulation/analysis/tmc-181848/tmc-004/case-19/reconstructed.newick
2018-06-19 06:08:43: Start of calculation...please wait...
2018-06-19 06:08:43: 0.00% completed...
2018-06-19 06:08:43: 100.00% completed.
2018-06-19 06:08:43: End of calculation.
2018-06-19 06:08:43: Total calculation time: 34 ms.
                               metrics
No                              1.0000
RefTree                         1.0000
Tree                            1.0000
RefTree_taxa                   22.0000
Tree_taxa                      22.0000
Common_taxa                    22.0000
MatchingCluster                33.0000
MatchingCluster_toYuleAvg       0.3339
MatchingCluster_toUnifAvg       0.2849
R-F_Cluster                     7.0000
R-F_Cluster_toYuleAvg           0.3541
R-F_Cluster_toUnifAvg           0.3525
NodalSplitted                  28.0535
NodalSplitted_toYuleAvg         0.4211
NodalSplitted_toUnifAvg         0.3297
Triples                       114.0000
Triples_toYuleAvg               0.1111
Triples_toUnifAvg               0.1108
MatchingPair                   37.0000
MatchingPair_toYuleAvg          0.2246
MatchingPair_toUnifAvg          0.2285
MAST                            9.0000
MAST_toYuleAvg                  0.6001
MAST_toUnifAvg                  0.5957
CopheneticL2Metric             15.0997
CopheneticL2Metric_toYuleAvg    0.2971
CopheneticL2Metric_toUnifAvg    0.2406

                 Name         Avg  Std         Min         Max  Count
0     MatchingCluster   33.000000  0.0   33.000000   33.000000      1
1         R-F_Cluster    7.000000  0.0    7.000000    7.000000      1
2       NodalSplitted   28.053520  0.0   28.053520   28.053520      1
3             Triples  114.000000  0.0  114.000000  114.000000      1
4        MatchingPair   37.000000  0.0   37.000000   37.000000      1
5                MAST    9.000000  0.0    9.000000    9.000000      1
6  CopheneticL2Metric   15.099669  0.0   15.099669   15.099669      1
