
                            < M A T L A B (R) >
                  Copyright 1984-2017 The MathWorks, Inc.
                   R2017a (9.2.0.538062) 64-bit (glnxa64)
                             February 23, 2017

 
To get started, type one of these: helpwin, helpdesk, or demo.
For product information, visit www.mathworks.com.
 
Running "Run1", Seed: 181848
 *** Finished Simulation Run ***

config-10.json #############################################

[#.........] | Progress: 1 | Time: 0.0s | ETA: --[.#........] | Progress: 185 | Time: 0.1s | ETA: --[##########] | Progress: 204 | Time: 0.1s | ETA: --fit<>, fid</home/chun/projects/clineage-simulation/analysis/tmc-181848/tmc-004/case-10/triplets-list.raw.txt>, flg<treeReconstruction.log>, frt<resTree.tree>, frtN</home/chun/projects/clineage-simulation/analysis/tmc-181848/tmc-004/case-10/reconstructed.tmp.newick>, fsd<qqq.dat>, fst<simul.tree>, -->index=2
Read triplets from file...
Read triplets from file...Finished
N_triplets = 199, idMaxFound = 13
treeBuildBasedOnTriplets_run...
make_isTogetherInTripletAndDeleteExtraTriplets: Finished
maxCut with 13 nodes: Finished
maxCut with 9 nodes: Finished
maxCut with 6 nodes: Finished
maxCut with 5 nodes: Finished
treeBuildBasedOnTriplets_run...Finished
Saving tree to file...
Saving tree to file...Finished

                            < M A T L A B (R) >
                  Copyright 1984-2017 The MathWorks, Inc.
                   R2017a (9.2.0.538062) 64-bit (glnxa64)
                             February 23, 2017

 
To get started, type one of these: helpwin, helpdesk, or demo.
For product information, visit www.mathworks.com.
 
TreeCmp version build2

Active options:
Type of the analysis:  ref-to-all comparison mode (-r)
Metrics:
  1. MatchingCluster (mc)
  2. R-F_Cluster (rc)
  3. NodalSplitted (ns)
  4. Triples (tt)
  5. MatchingPair (mp)
  6. MAST (mt)
  7. CopheneticL2Metric (co)
Input file: /home/chun/projects/clineage-simulation/analysis/tmc-181848/tmc-004/case-10/reconstructed.newick
Output file: /home/chun/projects/clineage-simulation/analysis/tmc-181848/tmc-004/case-10/scores.raw.out
Additional options:
N - Report normalized distances.
P - Prune compared trees if needed (trees can have different leaf sets).
I - Include summary section in the output file.
-----
2018-06-19 06:08:43: Start of reading random statistics.
2018-06-19 06:08:43: End of reading random statistics.
2018-06-19 06:08:44: Start of scanning input file: /home/chun/projects/clineage-simulation/analysis/tmc-181848/tmc-004/case-10/reconstructed.newick
2018-06-19 06:08:44: End of scanning input file: /home/chun/projects/clineage-simulation/analysis/tmc-181848/tmc-004/case-10/reconstructed.newick
2018-06-19 06:08:44: 1 valid trees found in file: /home/chun/projects/clineage-simulation/analysis/tmc-181848/tmc-004/case-10/reconstructed.newick
2018-06-19 06:08:44: Start of calculation...please wait...
2018-06-19 06:08:44: 0.00% completed...
2018-06-19 06:08:44: 100.00% completed.
2018-06-19 06:08:44: End of calculation.
2018-06-19 06:08:44: Total calculation time: 26 ms.
                              metrics
No                             1.0000
RefTree                        1.0000
Tree                           1.0000
RefTree_taxa                  13.0000
Tree_taxa                     13.0000
Common_taxa                   13.0000
MatchingCluster               17.0000
MatchingCluster_toYuleAvg      0.4164
MatchingCluster_toUnifAvg      0.3855
R-F_Cluster                    4.5000
R-F_Cluster_toYuleAvg          0.4174
R-F_Cluster_toUnifAvg          0.4158
NodalSplitted                 18.4391
NodalSplitted_toYuleAvg        0.6021
NodalSplitted_toUnifAvg        0.5319
Triples                       42.0000
Triples_toYuleAvg              0.2198
Triples_toUnifAvg              0.2199
MatchingPair                  14.0000
MatchingPair_toYuleAvg         0.2749
MatchingPair_toUnifAvg         0.2796
MAST                           4.0000
MAST_toYuleAvg                 0.5197
MAST_toUnifAvg                 0.5151
CopheneticL2Metric            12.3693
CopheneticL2Metric_toYuleAvg   0.5099
CopheneticL2Metric_toUnifAvg   0.4631

                 Name        Avg  Std        Min        Max  Count
0     MatchingCluster  17.000000  0.0  17.000000  17.000000      1
1         R-F_Cluster   4.500000  0.0   4.500000   4.500000      1
2       NodalSplitted  18.439089  0.0  18.439089  18.439089      1
3             Triples  42.000000  0.0  42.000000  42.000000      1
4        MatchingPair  14.000000  0.0  14.000000  14.000000      1
5                MAST   4.000000  0.0   4.000000   4.000000      1
6  CopheneticL2Metric  12.369317  0.0  12.369317  12.369317      1
