
                            < M A T L A B (R) >
                  Copyright 1984-2017 The MathWorks, Inc.
                   R2017a (9.2.0.538062) 64-bit (glnxa64)
                             February 23, 2017

 
To get started, type one of these: helpwin, helpdesk, or demo.
For product information, visit www.mathworks.com.
 
Running "Run1", Seed: 181848
 *** Finished Simulation Run ***

config-14.json #############################################

[#.........] | Progress: 1 | Time: 0.0s | ETA: --[.#........] | Progress: 221 | Time: 0.1s | ETA: --[..#.......] | Progress: 435 | Time: 0.1s | ETA: --[##########] | Progress: 476 | Time: 0.1s | ETA: --fit<>, fid</home/chun/projects/clineage-simulation/analysis/tmc-181848/tmc-004/case-14/triplets-list.raw.txt>, flg<treeReconstruction.log>, frt<resTree.tree>, frtN</home/chun/projects/clineage-simulation/analysis/tmc-181848/tmc-004/case-14/reconstructed.tmp.newick>, fsd<qqq.dat>, fst<simul.tree>, -->index=2
Read triplets from file...
Read triplets from file...Finished
N_triplets = 459, idMaxFound = 17
treeBuildBasedOnTriplets_run...
make_isTogetherInTripletAndDeleteExtraTriplets: Finished
maxCut with 17 nodes: Finished
maxCut with 12 nodes: Finished
maxCut with 8 nodes: Finished
maxCut with 7 nodes: Finished
treeBuildBasedOnTriplets_run...Finished
Saving tree to file...
Saving tree to file...Finished

                            < M A T L A B (R) >
                  Copyright 1984-2017 The MathWorks, Inc.
                   R2017a (9.2.0.538062) 64-bit (glnxa64)
                             February 23, 2017

 
To get started, type one of these: helpwin, helpdesk, or demo.
For product information, visit www.mathworks.com.
 
TreeCmp version build2

Active options:
Type of the analysis:  ref-to-all comparison mode (-r)
Metrics:
  1. MatchingCluster (mc)
  2. R-F_Cluster (rc)
  3. NodalSplitted (ns)
  4. Triples (tt)
  5. MatchingPair (mp)
  6. MAST (mt)
  7. CopheneticL2Metric (co)
Input file: /home/chun/projects/clineage-simulation/analysis/tmc-181848/tmc-004/case-14/reconstructed.newick
Output file: /home/chun/projects/clineage-simulation/analysis/tmc-181848/tmc-004/case-14/scores.raw.out
Additional options:
N - Report normalized distances.
P - Prune compared trees if needed (trees can have different leaf sets).
I - Include summary section in the output file.
-----
2018-06-19 06:08:37: Start of reading random statistics.
2018-06-19 06:08:37: End of reading random statistics.
2018-06-19 06:08:37: Start of scanning input file: /home/chun/projects/clineage-simulation/analysis/tmc-181848/tmc-004/case-14/reconstructed.newick
2018-06-19 06:08:37: End of scanning input file: /home/chun/projects/clineage-simulation/analysis/tmc-181848/tmc-004/case-14/reconstructed.newick
2018-06-19 06:08:37: 1 valid trees found in file: /home/chun/projects/clineage-simulation/analysis/tmc-181848/tmc-004/case-14/reconstructed.newick
2018-06-19 06:08:37: Start of calculation...please wait...
2018-06-19 06:08:37: 0.00% completed...
2018-06-19 06:08:37: 100.00% completed.
2018-06-19 06:08:37: End of calculation.
2018-06-19 06:08:37: Total calculation time: 19 ms.
                              metrics
No                             1.0000
RefTree                        1.0000
Tree                           1.0000
RefTree_taxa                  17.0000
Tree_taxa                     17.0000
Common_taxa                   17.0000
MatchingCluster               24.0000
MatchingCluster_toYuleAvg      0.3713
MatchingCluster_toUnifAvg      0.3302
R-F_Cluster                    6.0000
R-F_Cluster_toYuleAvg          0.4062
R-F_Cluster_toUnifAvg          0.4042
NodalSplitted                 25.0599
NodalSplitted_toYuleAvg        0.5467
NodalSplitted_toUnifAvg        0.4577
Triples                       90.0000
Triples_toYuleAvg              0.1982
Triples_toUnifAvg              0.1979
MatchingPair                  22.0000
MatchingPair_toYuleAvg         0.2355
MatchingPair_toUnifAvg         0.2391
MAST                           6.0000
MAST_toYuleAvg                 0.5518
MAST_toUnifAvg                 0.5480
CopheneticL2Metric            17.3781
CopheneticL2Metric_toYuleAvg   0.4839
CopheneticL2Metric_toUnifAvg   0.4204

                 Name        Avg  Std        Min        Max  Count
0     MatchingCluster  24.000000  0.0  24.000000  24.000000      1
1         R-F_Cluster   6.000000  0.0   6.000000   6.000000      1
2       NodalSplitted  25.059928  0.0  25.059928  25.059928      1
3             Triples  90.000000  0.0  90.000000  90.000000      1
4        MatchingPair  22.000000  0.0  22.000000  22.000000      1
5                MAST   6.000000  0.0   6.000000   6.000000      1
6  CopheneticL2Metric  17.378147  0.0  17.378147  17.378147      1
