
                            < M A T L A B (R) >
                  Copyright 1984-2017 The MathWorks, Inc.
                   R2017a (9.2.0.538062) 64-bit (glnxa64)
                             February 23, 2017

 
To get started, type one of these: helpwin, helpdesk, or demo.
For product information, visit www.mathworks.com.
 
Running "Run1", Seed: 181848
 *** Finished Simulation Run ***

config-15.json #############################################

[#.........] | Progress: 1 | Time: 0.0s | ETA: --[.#........] | Progress: 161 | Time: 0.1s | ETA: --[..#.......] | Progress: 381 | Time: 0.1s | ETA: --[##########] | Progress: 557 | Time: 0.1s | ETA: --fit<>, fid</home/chun/projects/clineage-simulation/analysis/tmc-181848/tmc-004/case-15/triplets-list.raw.txt>, flg<treeReconstruction.log>, frt<resTree.tree>, frtN</home/chun/projects/clineage-simulation/analysis/tmc-181848/tmc-004/case-15/reconstructed.tmp.newick>, fsd<qqq.dat>, fst<simul.tree>, -->index=2
Read triplets from file...
Read triplets from file...Finished
N_triplets = 543, idMaxFound = 18
treeBuildBasedOnTriplets_run...
make_isTogetherInTripletAndDeleteExtraTriplets: Finished
maxCut with 18 nodes: Finished
maxCut with 5 nodes: Finished
maxCut with 13 nodes: Finished
maxCut with 8 nodes: Finished
maxCut with 7 nodes: Finished
maxCut with 5 nodes: Finished
treeBuildBasedOnTriplets_run...Finished
Saving tree to file...
Saving tree to file...Finished

                            < M A T L A B (R) >
                  Copyright 1984-2017 The MathWorks, Inc.
                   R2017a (9.2.0.538062) 64-bit (glnxa64)
                             February 23, 2017

 
To get started, type one of these: helpwin, helpdesk, or demo.
For product information, visit www.mathworks.com.
 
TreeCmp version build2

Active options:
Type of the analysis:  ref-to-all comparison mode (-r)
Metrics:
  1. MatchingCluster (mc)
  2. R-F_Cluster (rc)
  3. NodalSplitted (ns)
  4. Triples (tt)
  5. MatchingPair (mp)
  6. MAST (mt)
  7. CopheneticL2Metric (co)
Input file: /home/chun/projects/clineage-simulation/analysis/tmc-181848/tmc-004/case-15/reconstructed.newick
Output file: /home/chun/projects/clineage-simulation/analysis/tmc-181848/tmc-004/case-15/scores.raw.out
Additional options:
N - Report normalized distances.
P - Prune compared trees if needed (trees can have different leaf sets).
I - Include summary section in the output file.
-----
2018-06-19 06:08:39: Start of reading random statistics.
2018-06-19 06:08:39: End of reading random statistics.
2018-06-19 06:08:39: Start of scanning input file: /home/chun/projects/clineage-simulation/analysis/tmc-181848/tmc-004/case-15/reconstructed.newick
2018-06-19 06:08:39: End of scanning input file: /home/chun/projects/clineage-simulation/analysis/tmc-181848/tmc-004/case-15/reconstructed.newick
2018-06-19 06:08:39: 1 valid trees found in file: /home/chun/projects/clineage-simulation/analysis/tmc-181848/tmc-004/case-15/reconstructed.newick
2018-06-19 06:08:39: Start of calculation...please wait...
2018-06-19 06:08:39: 0.00% completed...
2018-06-19 06:08:39: 100.00% completed.
2018-06-19 06:08:39: End of calculation.
2018-06-19 06:08:39: Total calculation time: 24 ms.
                               metrics
No                              1.0000
RefTree                         1.0000
Tree                            1.0000
RefTree_taxa                   18.0000
Tree_taxa                      18.0000
Common_taxa                    18.0000
MatchingCluster                35.0000
MatchingCluster_toYuleAvg       0.4927
MatchingCluster_toUnifAvg       0.4352
R-F_Cluster                     7.5000
R-F_Cluster_toYuleAvg           0.4751
R-F_Cluster_toUnifAvg           0.4739
NodalSplitted                  32.0156
NodalSplitted_toYuleAvg         0.6440
NodalSplitted_toUnifAvg         0.5282
Triples                       125.0000
Triples_toYuleAvg               0.2286
Triples_toUnifAvg               0.2302
MatchingPair                   35.0000
MatchingPair_toYuleAvg          0.3290
MatchingPair_toUnifAvg          0.3365
MAST                            9.0000
MAST_toYuleAvg                  0.7668
MAST_toUnifAvg                  0.7647
CopheneticL2Metric             21.2132
CopheneticL2Metric_toYuleAvg    0.5407
CopheneticL2Metric_toUnifAvg    0.4693

                 Name         Avg  Std         Min         Max  Count
0     MatchingCluster   35.000000  0.0   35.000000   35.000000      1
1         R-F_Cluster    7.500000  0.0    7.500000    7.500000      1
2       NodalSplitted   32.015621  0.0   32.015621   32.015621      1
3             Triples  125.000000  0.0  125.000000  125.000000      1
4        MatchingPair   35.000000  0.0   35.000000   35.000000      1
5                MAST    9.000000  0.0    9.000000    9.000000      1
6  CopheneticL2Metric   21.213203  0.0   21.213203   21.213203      1
