                               metrics
No                              1.0000
RefTree                         1.0000
Tree                            1.0000
RefTree_taxa                   17.0000
Tree_taxa                      17.0000
Common_taxa                    17.0000
MatchingCluster                46.0000
MatchingCluster_toYuleAvg       0.7117
MatchingCluster_toUnifAvg       0.6328
R-F_Cluster                    10.5000
R-F_Cluster_toYuleAvg           0.7108
R-F_Cluster_toUnifAvg           0.7073
NodalSplitted                  34.5543
NodalSplitted_toYuleAvg         0.7539
NodalSplitted_toUnifAvg         0.6311
Triples                       296.0000
Triples_toYuleAvg               0.6519
Triples_toUnifAvg               0.6509
MatchingPair                   81.0000
MatchingPair_toYuleAvg          0.8669
MatchingPair_toUnifAvg          0.8805
MAST                           10.0000
MAST_toYuleAvg                  0.9196
MAST_toUnifAvg                  0.9134
CopheneticL2Metric             23.7487
CopheneticL2Metric_toYuleAvg    0.6613
CopheneticL2Metric_toUnifAvg    0.5745

                 Name         Avg  Std         Min         Max  Count
0     MatchingCluster   46.000000  0.0   46.000000   46.000000      1
1         R-F_Cluster   10.500000  0.0   10.500000   10.500000      1
2       NodalSplitted   34.554305  0.0   34.554305   34.554305      1
3             Triples  296.000000  0.0  296.000000  296.000000      1
4        MatchingPair   81.000000  0.0   81.000000   81.000000      1
5                MAST   10.000000  0.0   10.000000   10.000000      1
6  CopheneticL2Metric   23.748684  0.0   23.748684   23.748684      1
