                              metrics
No                             1.0000
RefTree                        1.0000
Tree                           1.0000
RefTree_taxa                  10.0000
Tree_taxa                     10.0000
Common_taxa                   10.0000
MatchingCluster               18.0000
MatchingCluster_toYuleAvg      0.7083
MatchingCluster_toUnifAvg      0.6808
R-F_Cluster                    7.0000
R-F_Cluster_toYuleAvg          0.9044
R-F_Cluster_toUnifAvg          0.9002
NodalSplitted                 11.0454
NodalSplitted_toYuleAvg        0.5455
NodalSplitted_toUnifAvg        0.5132
Triples                       44.0000
Triples_toYuleAvg              0.5489
Triples_toUnifAvg              0.5538
MatchingPair                  19.0000
MatchingPair_toYuleAvg         0.6870
MatchingPair_toUnifAvg         0.7024
MAST                           4.0000
MAST_toYuleAvg                 0.7431
MAST_toUnifAvg                 0.7475
CopheneticL2Metric            11.9583
CopheneticL2Metric_toYuleAvg   0.7302
CopheneticL2Metric_toUnifAvg   0.6965

                 Name        Avg  Std        Min        Max  Count
0     MatchingCluster  18.000000  0.0  18.000000  18.000000      1
1         R-F_Cluster   7.000000  0.0   7.000000   7.000000      1
2       NodalSplitted  11.045361  0.0  11.045361  11.045361      1
3             Triples  44.000000  0.0  44.000000  44.000000      1
4        MatchingPair  19.000000  0.0  19.000000  19.000000      1
5                MAST   4.000000  0.0   4.000000   4.000000      1
6  CopheneticL2Metric  11.958261  0.0  11.958261  11.958261      1
