                              metrics
No                             1.0000
RefTree                        1.0000
Tree                           1.0000
RefTree_taxa                   8.0000
Tree_taxa                      8.0000
Common_taxa                    8.0000
MatchingCluster                6.0000
MatchingCluster_toYuleAvg      0.3663
MatchingCluster_toUnifAvg      0.3526
R-F_Cluster                    1.5000
R-F_Cluster_toYuleAvg          0.2625
R-F_Cluster_toUnifAvg          0.2603
NodalSplitted                  5.0990
NodalSplitted_toYuleAvg        0.3716
NodalSplitted_toUnifAvg        0.3526
Triples                       14.0000
Triples_toYuleAvg              0.3784
Triples_toUnifAvg              0.3703
MatchingPair                   4.0000
MatchingPair_toYuleAvg         0.2521
MatchingPair_toUnifAvg         0.2512
MAST                           2.0000
MAST_toYuleAvg                 0.5135
MAST_toUnifAvg                 0.5098
CopheneticL2Metric             5.0990
CopheneticL2Metric_toYuleAvg   0.4475
CopheneticL2Metric_toUnifAvg   0.4319

                 Name       Avg  Std       Min       Max  Count
0     MatchingCluster   6.00000  0.0   6.00000   6.00000      1
1         R-F_Cluster   1.50000  0.0   1.50000   1.50000      1
2       NodalSplitted   5.09902  0.0   5.09902   5.09902      1
3             Triples  14.00000  0.0  14.00000  14.00000      1
4        MatchingPair   4.00000  0.0   4.00000   4.00000      1
5                MAST   2.00000  0.0   2.00000   2.00000      1
6  CopheneticL2Metric   5.09902  0.0   5.09902   5.09902      1
