                              metrics
No                             1.0000
RefTree                        1.0000
Tree                           1.0000
RefTree_taxa                  18.0000
Tree_taxa                     18.0000
Common_taxa                   18.0000
MatchingCluster                9.0000
MatchingCluster_toYuleAvg      0.1267
MatchingCluster_toUnifAvg      0.1119
R-F_Cluster                    2.5000
R-F_Cluster_toYuleAvg          0.1584
R-F_Cluster_toUnifAvg          0.1580
NodalSplitted                 11.6190
NodalSplitted_toYuleAvg        0.2337
NodalSplitted_toUnifAvg        0.1917
Triples                       12.0000
Triples_toYuleAvg              0.0219
Triples_toUnifAvg              0.0221
MatchingPair                   6.0000
MatchingPair_toYuleAvg         0.0564
MatchingPair_toUnifAvg         0.0577
MAST                           3.0000
MAST_toYuleAvg                 0.2556
MAST_toUnifAvg                 0.2549
CopheneticL2Metric             5.3852
CopheneticL2Metric_toYuleAvg   0.1372
CopheneticL2Metric_toUnifAvg   0.1191

                 Name        Avg  Std        Min        Max  Count
0     MatchingCluster   9.000000  0.0   9.000000   9.000000      1
1         R-F_Cluster   2.500000  0.0   2.500000   2.500000      1
2       NodalSplitted  11.618950  0.0  11.618950  11.618950      1
3             Triples  12.000000  0.0  12.000000  12.000000      1
4        MatchingPair   6.000000  0.0   6.000000   6.000000      1
5                MAST   3.000000  0.0   3.000000   3.000000      1
6  CopheneticL2Metric   5.385165  0.0   5.385165   5.385165      1
