                               metrics
No                              1.0000
RefTree                         1.0000
Tree                            1.0000
RefTree_taxa                   22.0000
Tree_taxa                      18.0000
Common_taxa                    18.0000
MatchingCluster                56.0000
MatchingCluster_toYuleAvg       0.7883
MatchingCluster_toUnifAvg       0.6964
R-F_Cluster                    13.0000
R-F_Cluster_toYuleAvg           0.8235
R-F_Cluster_toUnifAvg           0.8215
NodalSplitted                  37.7624
NodalSplitted_toYuleAvg         0.7596
NodalSplitted_toUnifAvg         0.6230
Triples                       286.0000
Triples_toYuleAvg               0.5231
Triples_toUnifAvg               0.5267
MatchingPair                   80.0000
MatchingPair_toYuleAvg          0.7520
MatchingPair_toUnifAvg          0.7692
MAST                           10.0000
MAST_toYuleAvg                  0.8520
MAST_toUnifAvg                  0.8497
CopheneticL2Metric             25.9615
CopheneticL2Metric_toYuleAvg    0.6617
CopheneticL2Metric_toUnifAvg    0.5744

                 Name         Avg  Std         Min         Max  Count
0     MatchingCluster   56.000000  0.0   56.000000   56.000000      1
1         R-F_Cluster   13.000000  0.0   13.000000   13.000000      1
2       NodalSplitted   37.762415  0.0   37.762415   37.762415      1
3             Triples  286.000000  0.0  286.000000  286.000000      1
4        MatchingPair   80.000000  0.0   80.000000   80.000000      1
5                MAST   10.000000  0.0   10.000000   10.000000      1
6  CopheneticL2Metric   25.961510  0.0   25.961510   25.961510      1
