                              metrics
No                             1.0000
RefTree                        1.0000
Tree                           1.0000
RefTree_taxa                  14.0000
Tree_taxa                     14.0000
Common_taxa                   14.0000
MatchingCluster                5.0000
MatchingCluster_toYuleAvg      0.1070
MatchingCluster_toUnifAvg      0.0991
R-F_Cluster                    1.0000
R-F_Cluster_toYuleAvg          0.0849
R-F_Cluster_toUnifAvg          0.0846
NodalSplitted                  7.2801
NodalSplitted_toYuleAvg        0.2095
NodalSplitted_toUnifAvg        0.1864
Triples                        4.0000
Triples_toYuleAvg              0.0165
Triples_toUnifAvg              0.0165
MatchingPair                   4.0000
MatchingPair_toYuleAvg         0.0665
MatchingPair_toUnifAvg         0.0677
MAST                           1.0000
MAST_toYuleAvg                 0.1179
MAST_toUnifAvg                 0.1167
CopheneticL2Metric             4.0000
CopheneticL2Metric_toYuleAvg   0.1461
CopheneticL2Metric_toUnifAvg   0.1311

                 Name      Avg  Std      Min      Max  Count
0     MatchingCluster  5.00000  0.0  5.00000  5.00000      1
1         R-F_Cluster  1.00000  0.0  1.00000  1.00000      1
2       NodalSplitted  7.28011  0.0  7.28011  7.28011      1
3             Triples  4.00000  0.0  4.00000  4.00000      1
4        MatchingPair  4.00000  0.0  4.00000  4.00000      1
5                MAST  1.00000  0.0  1.00000  1.00000      1
6  CopheneticL2Metric  4.00000  0.0  4.00000  4.00000      1
