                              metrics
No                             1.0000
RefTree                        1.0000
Tree                           1.0000
RefTree_taxa                   9.0000
Tree_taxa                      9.0000
Common_taxa                    9.0000
MatchingCluster               16.0000
MatchingCluster_toYuleAvg      0.7786
MatchingCluster_toUnifAvg      0.7498
R-F_Cluster                    5.0000
R-F_Cluster_toYuleAvg          0.7502
R-F_Cluster_toUnifAvg          0.7412
NodalSplitted                 11.4018
NodalSplitted_toYuleAvg        0.6739
NodalSplitted_toUnifAvg        0.6397
Triples                       32.0000
Triples_toYuleAvg              0.5723
Triples_toUnifAvg              0.5756
MatchingPair                  17.0000
MatchingPair_toYuleAvg         0.8019
MatchingPair_toUnifAvg         0.8126
MAST                           4.0000
MAST_toYuleAvg                 0.8722
MAST_toUnifAvg                 0.8584
CopheneticL2Metric             8.7750
CopheneticL2Metric_toYuleAvg   0.6283
CopheneticL2Metric_toUnifAvg   0.6060

                 Name        Avg  Std        Min        Max  Count
0     MatchingCluster  16.000000  0.0  16.000000  16.000000      1
1         R-F_Cluster   5.000000  0.0   5.000000   5.000000      1
2       NodalSplitted  11.401754  0.0  11.401754  11.401754      1
3             Triples  32.000000  0.0  32.000000  32.000000      1
4        MatchingPair  17.000000  0.0  17.000000  17.000000      1
5                MAST   4.000000  0.0   4.000000   4.000000      1
6  CopheneticL2Metric   8.774964  0.0   8.774964   8.774964      1
