                              metrics
No                             1.0000
RefTree                        1.0000
Tree                           1.0000
RefTree_taxa                  12.0000
Tree_taxa                     12.0000
Common_taxa                   12.0000
MatchingCluster                5.0000
MatchingCluster_toYuleAvg      0.1408
MatchingCluster_toUnifAvg      0.1322
R-F_Cluster                    1.0000
R-F_Cluster_toYuleAvg          0.1026
R-F_Cluster_toUnifAvg          0.1022
NodalSplitted                  6.5574
NodalSplitted_toYuleAvg        0.2407
NodalSplitted_toUnifAvg        0.2192
Triples                        4.0000
Triples_toYuleAvg              0.0272
Triples_toUnifAvg              0.0273
MatchingPair                   4.0000
MatchingPair_toYuleAvg         0.0946
MatchingPair_toUnifAvg         0.0958
MAST                           1.0000
MAST_toYuleAvg                 0.1451
MAST_toUnifAvg                 0.1437
CopheneticL2Metric             4.0000
CopheneticL2Metric_toYuleAvg   0.1845
CopheneticL2Metric_toUnifAvg   0.1698

                 Name       Avg  Std       Min       Max  Count
0     MatchingCluster  5.000000  0.0  5.000000  5.000000      1
1         R-F_Cluster  1.000000  0.0  1.000000  1.000000      1
2       NodalSplitted  6.557439  0.0  6.557439  6.557439      1
3             Triples  4.000000  0.0  4.000000  4.000000      1
4        MatchingPair  4.000000  0.0  4.000000  4.000000      1
5                MAST  1.000000  0.0  1.000000  1.000000      1
6  CopheneticL2Metric  4.000000  0.0  4.000000  4.000000      1
