
                            < M A T L A B (R) >
                  Copyright 1984-2017 The MathWorks, Inc.
                   R2017a (9.2.0.538062) 64-bit (glnxa64)
                             February 23, 2017

 
To get started, type one of these: helpwin, helpdesk, or demo.
For product information, visit www.mathworks.com.
 
Running "Run1", Seed: 263803
 *** Finished Simulation Run ***

config-02.json #############################################

[#.........] | Progress: 1 | Time: 0.0s | ETA: --[##########] | Progress: 9 | Time: 0.0s | ETA: --fit<>, fid</home/chun/projects/clineage-simulation/analysis/tmc-263803/tmc-001/case-02/triplets-list.raw.txt>, flg<treeReconstruction.log>, frt<resTree.tree>, frtN</home/chun/projects/clineage-simulation/analysis/tmc-263803/tmc-001/case-02/reconstructed.tmp.newick>, fsd<qqq.dat>, fst<simul.tree>, -->index=2
Read triplets from file...
Read triplets from file...Finished
N_triplets = 3, idMaxFound = 5
treeBuildBasedOnTriplets_run...
make_isTogetherInTripletAndDeleteExtraTriplets: Finished
treeBuildBasedOnTriplets_run...Finished
Saving tree to file...
Saving tree to file...Finished

                            < M A T L A B (R) >
                  Copyright 1984-2017 The MathWorks, Inc.
                   R2017a (9.2.0.538062) 64-bit (glnxa64)
                             February 23, 2017

 
To get started, type one of these: helpwin, helpdesk, or demo.
For product information, visit www.mathworks.com.
 
TreeCmp version build2

Active options:
Type of the analysis:  ref-to-all comparison mode (-r)
Metrics:
  1. MatchingCluster (mc)
  2. R-F_Cluster (rc)
  3. NodalSplitted (ns)
  4. Triples (tt)
  5. MatchingPair (mp)
  6. MAST (mt)
  7. CopheneticL2Metric (co)
Input file: /home/chun/projects/clineage-simulation/analysis/tmc-263803/tmc-001/case-02/reconstructed.newick
Output file: /home/chun/projects/clineage-simulation/analysis/tmc-263803/tmc-001/case-02/scores.raw.out
Additional options:
N - Report normalized distances.
P - Prune compared trees if needed (trees can have different leaf sets).
I - Include summary section in the output file.
-----
2018-06-19 06:29:13: Start of reading random statistics.
2018-06-19 06:29:13: End of reading random statistics.
2018-06-19 06:29:13: Start of scanning input file: /home/chun/projects/clineage-simulation/analysis/tmc-263803/tmc-001/case-02/reconstructed.newick
2018-06-19 06:29:13: End of scanning input file: /home/chun/projects/clineage-simulation/analysis/tmc-263803/tmc-001/case-02/reconstructed.newick
2018-06-19 06:29:13: 1 valid trees found in file: /home/chun/projects/clineage-simulation/analysis/tmc-263803/tmc-001/case-02/reconstructed.newick
2018-06-19 06:29:13: Start of calculation...please wait...
2018-06-19 06:29:13: 0.00% completed...
2018-06-19 06:29:13: 100.00% completed.
2018-06-19 06:29:13: End of calculation.
2018-06-19 06:29:13: Total calculation time: 45 ms.
                              metrics
No                             1.0000
RefTree                        1.0000
Tree                           1.0000
RefTree_taxa                   5.0000
Tree_taxa                      5.0000
Common_taxa                    5.0000
MatchingCluster                6.0000
MatchingCluster_toYuleAvg      1.0052
MatchingCluster_toUnifAvg      1.0098
R-F_Cluster                    2.0000
R-F_Cluster_toYuleAvg          0.7610
R-F_Cluster_toUnifAvg          0.7553
NodalSplitted                  5.2915
NodalSplitted_toYuleAvg        0.9427
NodalSplitted_toUnifAvg        0.9390
Triples                        7.0000
Triples_toYuleAvg              1.0459
Triples_toUnifAvg              1.0465
MatchingPair                   4.0000
MatchingPair_toYuleAvg         0.8923
MatchingPair_toUnifAvg         0.8897
MAST                           2.0000
MAST_toYuleAvg                 1.1093
MAST_toUnifAvg                 1.0965
CopheneticL2Metric             5.3852
CopheneticL2Metric_toYuleAvg   1.1063
CopheneticL2Metric_toUnifAvg   1.0782

                 Name       Avg  Std       Min       Max  Count
0     MatchingCluster  6.000000  0.0  6.000000  6.000000      1
1         R-F_Cluster  2.000000  0.0  2.000000  2.000000      1
2       NodalSplitted  5.291503  0.0  5.291503  5.291503      1
3             Triples  7.000000  0.0  7.000000  7.000000      1
4        MatchingPair  4.000000  0.0  4.000000  4.000000      1
5                MAST  2.000000  0.0  2.000000  2.000000      1
6  CopheneticL2Metric  5.385165  0.0  5.385165  5.385165      1
