
                            < M A T L A B (R) >
                  Copyright 1984-2017 The MathWorks, Inc.
                   R2017a (9.2.0.538062) 64-bit (glnxa64)
                             February 23, 2017

 
To get started, type one of these: helpwin, helpdesk, or demo.
For product information, visit www.mathworks.com.
 
Running "Run1", Seed: 263803
 *** Finished Simulation Run ***

config-10.json #############################################

[#.........] | Progress: 1 | Time: 0.0s | ETA: --[##########] | Progress: 194 | Time: 0.0s | ETA: --fit<>, fid</home/chun/projects/clineage-simulation/analysis/tmc-263803/tmc-001/case-10/triplets-list.raw.txt>, flg<treeReconstruction.log>, frt<resTree.tree>, frtN</home/chun/projects/clineage-simulation/analysis/tmc-263803/tmc-001/case-10/reconstructed.tmp.newick>, fsd<qqq.dat>, fst<simul.tree>, -->index=2
Read triplets from file...
Read triplets from file...Finished
N_triplets = 129, idMaxFound = 12
treeBuildBasedOnTriplets_run...
make_isTogetherInTripletAndDeleteExtraTriplets: Finished
maxCut with 12 nodes: Finished
treeBuildBasedOnTriplets_run...Finished
Saving tree to file...
Saving tree to file...Finished

                            < M A T L A B (R) >
                  Copyright 1984-2017 The MathWorks, Inc.
                   R2017a (9.2.0.538062) 64-bit (glnxa64)
                             February 23, 2017

 
To get started, type one of these: helpwin, helpdesk, or demo.
For product information, visit www.mathworks.com.
 
TreeCmp version build2

Active options:
Type of the analysis:  ref-to-all comparison mode (-r)
Metrics:
  1. MatchingCluster (mc)
  2. R-F_Cluster (rc)
  3. NodalSplitted (ns)
  4. Triples (tt)
  5. MatchingPair (mp)
  6. MAST (mt)
  7. CopheneticL2Metric (co)
Input file: /home/chun/projects/clineage-simulation/analysis/tmc-263803/tmc-001/case-10/reconstructed.newick
Output file: /home/chun/projects/clineage-simulation/analysis/tmc-263803/tmc-001/case-10/scores.raw.out
Additional options:
N - Report normalized distances.
P - Prune compared trees if needed (trees can have different leaf sets).
I - Include summary section in the output file.
-----
2018-06-19 06:29:06: Start of reading random statistics.
2018-06-19 06:29:06: End of reading random statistics.
2018-06-19 06:29:06: Start of scanning input file: /home/chun/projects/clineage-simulation/analysis/tmc-263803/tmc-001/case-10/reconstructed.newick
2018-06-19 06:29:06: End of scanning input file: /home/chun/projects/clineage-simulation/analysis/tmc-263803/tmc-001/case-10/reconstructed.newick
2018-06-19 06:29:06: 1 valid trees found in file: /home/chun/projects/clineage-simulation/analysis/tmc-263803/tmc-001/case-10/reconstructed.newick
2018-06-19 06:29:06: Start of calculation...please wait...
2018-06-19 06:29:06: 0.00% completed...
2018-06-19 06:29:06: 100.00% completed.
2018-06-19 06:29:06: End of calculation.
2018-06-19 06:29:06: Total calculation time: 22 ms.
                               metrics
No                              1.0000
RefTree                         1.0000
Tree                            1.0000
RefTree_taxa                   13.0000
Tree_taxa                      12.0000
Common_taxa                    12.0000
MatchingCluster                34.0000
MatchingCluster_toYuleAvg       0.9577
MatchingCluster_toUnifAvg       0.8992
R-F_Cluster                     8.0000
R-F_Cluster_toYuleAvg           0.8205
R-F_Cluster_toUnifAvg           0.8172
NodalSplitted                  22.4944
NodalSplitted_toYuleAvg         0.8258
NodalSplitted_toUnifAvg         0.7518
Triples                       145.0000
Triples_toYuleAvg               0.9850
Triples_toUnifAvg               0.9882
MatchingPair                   47.0000
MatchingPair_toYuleAvg          1.1111
MatchingPair_toUnifAvg          1.1259
MAST                            7.0000
MAST_toYuleAvg                  1.0158
MAST_toUnifAvg                  1.0059
CopheneticL2Metric             21.1896
CopheneticL2Metric_toYuleAvg    0.9774
CopheneticL2Metric_toUnifAvg    0.8993

                 Name         Avg  Std         Min         Max  Count
0     MatchingCluster   34.000000  0.0   34.000000   34.000000      1
1         R-F_Cluster    8.000000  0.0    8.000000    8.000000      1
2       NodalSplitted   22.494444  0.0   22.494444   22.494444      1
3             Triples  145.000000  0.0  145.000000  145.000000      1
4        MatchingPair   47.000000  0.0   47.000000   47.000000      1
5                MAST    7.000000  0.0    7.000000    7.000000      1
6  CopheneticL2Metric   21.189620  0.0   21.189620   21.189620      1
