
                            < M A T L A B (R) >
                  Copyright 1984-2017 The MathWorks, Inc.
                   R2017a (9.2.0.538062) 64-bit (glnxa64)
                             February 23, 2017

 
To get started, type one of these: helpwin, helpdesk, or demo.
For product information, visit www.mathworks.com.
 
Running "Run1", Seed: 263803
 *** Finished Simulation Run ***

config-07.json #############################################

[#.........] | Progress: 1 | Time: 0.0s | ETA: --[##########] | Progress: 87 | Time: 0.0s | ETA: --fit<>, fid</home/chun/projects/clineage-simulation/analysis/tmc-263803/tmc-001/case-07/triplets-list.raw.txt>, flg<treeReconstruction.log>, frt<resTree.tree>, frtN</home/chun/projects/clineage-simulation/analysis/tmc-263803/tmc-001/case-07/reconstructed.tmp.newick>, fsd<qqq.dat>, fst<simul.tree>, -->index=2
Read triplets from file...
Read triplets from file...Finished
N_triplets = 50, idMaxFound = 10
treeBuildBasedOnTriplets_run...
make_isTogetherInTripletAndDeleteExtraTriplets: Finished
treeBuildBasedOnTriplets_run...Finished
Saving tree to file...
Saving tree to file...Finished

                            < M A T L A B (R) >
                  Copyright 1984-2017 The MathWorks, Inc.
                   R2017a (9.2.0.538062) 64-bit (glnxa64)
                             February 23, 2017

 
To get started, type one of these: helpwin, helpdesk, or demo.
For product information, visit www.mathworks.com.
 
TreeCmp version build2

Active options:
Type of the analysis:  ref-to-all comparison mode (-r)
Metrics:
  1. MatchingCluster (mc)
  2. R-F_Cluster (rc)
  3. NodalSplitted (ns)
  4. Triples (tt)
  5. MatchingPair (mp)
  6. MAST (mt)
  7. CopheneticL2Metric (co)
Input file: /home/chun/projects/clineage-simulation/analysis/tmc-263803/tmc-001/case-07/reconstructed.newick
Output file: /home/chun/projects/clineage-simulation/analysis/tmc-263803/tmc-001/case-07/scores.raw.out
Additional options:
N - Report normalized distances.
P - Prune compared trees if needed (trees can have different leaf sets).
I - Include summary section in the output file.
-----
2018-06-19 06:29:12: Start of reading random statistics.
2018-06-19 06:29:12: End of reading random statistics.
2018-06-19 06:29:12: Start of scanning input file: /home/chun/projects/clineage-simulation/analysis/tmc-263803/tmc-001/case-07/reconstructed.newick
2018-06-19 06:29:12: End of scanning input file: /home/chun/projects/clineage-simulation/analysis/tmc-263803/tmc-001/case-07/reconstructed.newick
2018-06-19 06:29:12: 1 valid trees found in file: /home/chun/projects/clineage-simulation/analysis/tmc-263803/tmc-001/case-07/reconstructed.newick
2018-06-19 06:29:12: Start of calculation...please wait...
2018-06-19 06:29:12: 0.00% completed...
2018-06-19 06:29:12: 100.00% completed.
2018-06-19 06:29:12: End of calculation.
2018-06-19 06:29:12: Total calculation time: 18 ms.
                              metrics
No                             1.0000
RefTree                        1.0000
Tree                           1.0000
RefTree_taxa                  10.0000
Tree_taxa                     10.0000
Common_taxa                   10.0000
MatchingCluster               21.0000
MatchingCluster_toYuleAvg      0.8263
MatchingCluster_toUnifAvg      0.7943
R-F_Cluster                    6.0000
R-F_Cluster_toYuleAvg          0.7752
R-F_Cluster_toUnifAvg          0.7716
NodalSplitted                 15.8430
NodalSplitted_toYuleAvg        0.7824
NodalSplitted_toUnifAvg        0.7361
Triples                       78.0000
Triples_toYuleAvg              0.9730
Triples_toUnifAvg              0.9817
MatchingPair                  22.0000
MatchingPair_toYuleAvg         0.7954
MatchingPair_toUnifAvg         0.8133
MAST                           6.0000
MAST_toYuleAvg                 1.1146
MAST_toUnifAvg                 1.1213
CopheneticL2Metric            12.0000
CopheneticL2Metric_toYuleAvg   0.7327
CopheneticL2Metric_toUnifAvg   0.6989

                 Name       Avg  Std       Min       Max  Count
0     MatchingCluster  21.00000  0.0  21.00000  21.00000      1
1         R-F_Cluster   6.00000  0.0   6.00000   6.00000      1
2       NodalSplitted  15.84298  0.0  15.84298  15.84298      1
3             Triples  78.00000  0.0  78.00000  78.00000      1
4        MatchingPair  22.00000  0.0  22.00000  22.00000      1
5                MAST   6.00000  0.0   6.00000   6.00000      1
6  CopheneticL2Metric  12.00000  0.0  12.00000  12.00000      1
