
                            < M A T L A B (R) >
                  Copyright 1984-2017 The MathWorks, Inc.
                   R2017a (9.2.0.538062) 64-bit (glnxa64)
                             February 23, 2017

 
To get started, type one of these: helpwin, helpdesk, or demo.
For product information, visit www.mathworks.com.
 
Running "Run1", Seed: 263803
 *** Finished Simulation Run ***

config-06.json #############################################

[#.........] | Progress: 1 | Time: 0.0s | ETA: --[##########] | Progress: 68 | Time: 0.0s | ETA: --fit<>, fid</home/chun/projects/clineage-simulation/analysis/tmc-263803/tmc-001/case-06/triplets-list.raw.txt>, flg<treeReconstruction.log>, frt<resTree.tree>, frtN</home/chun/projects/clineage-simulation/analysis/tmc-263803/tmc-001/case-06/reconstructed.tmp.newick>, fsd<qqq.dat>, fst<simul.tree>, -->index=2
Read triplets from file...
Read triplets from file...Finished
N_triplets = 37, idMaxFound = 9
treeBuildBasedOnTriplets_run...
make_isTogetherInTripletAndDeleteExtraTriplets: Finished
treeBuildBasedOnTriplets_run...Finished
Saving tree to file...
Saving tree to file...Finished

                            < M A T L A B (R) >
                  Copyright 1984-2017 The MathWorks, Inc.
                   R2017a (9.2.0.538062) 64-bit (glnxa64)
                             February 23, 2017

 
To get started, type one of these: helpwin, helpdesk, or demo.
For product information, visit www.mathworks.com.
 
TreeCmp version build2

Active options:
Type of the analysis:  ref-to-all comparison mode (-r)
Metrics:
  1. MatchingCluster (mc)
  2. R-F_Cluster (rc)
  3. NodalSplitted (ns)
  4. Triples (tt)
  5. MatchingPair (mp)
  6. MAST (mt)
  7. CopheneticL2Metric (co)
Input file: /home/chun/projects/clineage-simulation/analysis/tmc-263803/tmc-001/case-06/reconstructed.newick
Output file: /home/chun/projects/clineage-simulation/analysis/tmc-263803/tmc-001/case-06/scores.raw.out
Additional options:
N - Report normalized distances.
P - Prune compared trees if needed (trees can have different leaf sets).
I - Include summary section in the output file.
-----
2018-06-19 06:29:06: Start of reading random statistics.
2018-06-19 06:29:06: End of reading random statistics.
2018-06-19 06:29:06: Start of scanning input file: /home/chun/projects/clineage-simulation/analysis/tmc-263803/tmc-001/case-06/reconstructed.newick
2018-06-19 06:29:06: End of scanning input file: /home/chun/projects/clineage-simulation/analysis/tmc-263803/tmc-001/case-06/reconstructed.newick
2018-06-19 06:29:06: 1 valid trees found in file: /home/chun/projects/clineage-simulation/analysis/tmc-263803/tmc-001/case-06/reconstructed.newick
2018-06-19 06:29:06: Start of calculation...please wait...
2018-06-19 06:29:06: 0.00% completed...
2018-06-19 06:29:06: 100.00% completed.
2018-06-19 06:29:06: End of calculation.
2018-06-19 06:29:06: Total calculation time: 19 ms.
                              metrics
No                             1.0000
RefTree                        1.0000
Tree                           1.0000
RefTree_taxa                   9.0000
Tree_taxa                      9.0000
Common_taxa                    9.0000
MatchingCluster               16.0000
MatchingCluster_toYuleAvg      0.7786
MatchingCluster_toUnifAvg      0.7498
R-F_Cluster                    5.0000
R-F_Cluster_toYuleAvg          0.7502
R-F_Cluster_toUnifAvg          0.7412
NodalSplitted                 11.6619
NodalSplitted_toYuleAvg        0.6893
NodalSplitted_toUnifAvg        0.6543
Triples                       50.0000
Triples_toYuleAvg              0.8942
Triples_toUnifAvg              0.8993
MatchingPair                  15.0000
MatchingPair_toYuleAvg         0.7076
MatchingPair_toUnifAvg         0.7170
MAST                           5.0000
MAST_toYuleAvg                 1.0903
MAST_toUnifAvg                 1.0730
CopheneticL2Metric             8.3666
CopheneticL2Metric_toYuleAvg   0.5990
CopheneticL2Metric_toUnifAvg   0.5778

                 Name        Avg  Std        Min        Max  Count
0     MatchingCluster  16.000000  0.0  16.000000  16.000000      1
1         R-F_Cluster   5.000000  0.0   5.000000   5.000000      1
2       NodalSplitted  11.661904  0.0  11.661904  11.661904      1
3             Triples  50.000000  0.0  50.000000  50.000000      1
4        MatchingPair  15.000000  0.0  15.000000  15.000000      1
5                MAST   5.000000  0.0   5.000000   5.000000      1
6  CopheneticL2Metric   8.366600  0.0   8.366600   8.366600      1
