
                            < M A T L A B (R) >
                  Copyright 1984-2017 The MathWorks, Inc.
                   R2017a (9.2.0.538062) 64-bit (glnxa64)
                             February 23, 2017

 
To get started, type one of these: helpwin, helpdesk, or demo.
For product information, visit www.mathworks.com.
 
Running "Run1", Seed: 263803
 *** Finished Simulation Run ***

config-18.json #############################################

[#.........] | Progress: 1 | Time: 0.0s | ETA: --[.#........] | Progress: 523 | Time: 0.1s | ETA: --[##########] | Progress: 894 | Time: 0.1s | ETA: --fit<>, fid</home/chun/projects/clineage-simulation/analysis/tmc-263803/tmc-001/case-18/triplets-list.raw.txt>, flg<treeReconstruction.log>, frt<resTree.tree>, frtN</home/chun/projects/clineage-simulation/analysis/tmc-263803/tmc-001/case-18/reconstructed.tmp.newick>, fsd<qqq.dat>, fst<simul.tree>, -->index=2
Read triplets from file...
Read triplets from file...Finished
N_triplets = 666, idMaxFound = 21
treeBuildBasedOnTriplets_run...
make_isTogetherInTripletAndDeleteExtraTriplets: Finished
maxCut with 20 nodes: Finished
treeBuildBasedOnTriplets_run...Finished
Saving tree to file...
Saving tree to file...Finished

                            < M A T L A B (R) >
                  Copyright 1984-2017 The MathWorks, Inc.
                   R2017a (9.2.0.538062) 64-bit (glnxa64)
                             February 23, 2017

 
To get started, type one of these: helpwin, helpdesk, or demo.
For product information, visit www.mathworks.com.
 
TreeCmp version build2

Active options:
Type of the analysis:  ref-to-all comparison mode (-r)
Metrics:
  1. MatchingCluster (mc)
  2. R-F_Cluster (rc)
  3. NodalSplitted (ns)
  4. Triples (tt)
  5. MatchingPair (mp)
  6. MAST (mt)
  7. CopheneticL2Metric (co)
Input file: /home/chun/projects/clineage-simulation/analysis/tmc-263803/tmc-001/case-18/reconstructed.newick
Output file: /home/chun/projects/clineage-simulation/analysis/tmc-263803/tmc-001/case-18/scores.raw.out
Additional options:
N - Report normalized distances.
P - Prune compared trees if needed (trees can have different leaf sets).
I - Include summary section in the output file.
-----
2018-06-19 06:29:06: Start of reading random statistics.
2018-06-19 06:29:06: End of reading random statistics.
2018-06-19 06:29:06: Start of scanning input file: /home/chun/projects/clineage-simulation/analysis/tmc-263803/tmc-001/case-18/reconstructed.newick
2018-06-19 06:29:06: End of scanning input file: /home/chun/projects/clineage-simulation/analysis/tmc-263803/tmc-001/case-18/reconstructed.newick
2018-06-19 06:29:06: 1 valid trees found in file: /home/chun/projects/clineage-simulation/analysis/tmc-263803/tmc-001/case-18/reconstructed.newick
2018-06-19 06:29:06: Start of calculation...please wait...
2018-06-19 06:29:06: 0.00% completed...
2018-06-19 06:29:06: 100.00% completed.
2018-06-19 06:29:06: End of calculation.
2018-06-19 06:29:06: Total calculation time: 25 ms.
                               metrics
No                              1.0000
RefTree                         1.0000
Tree                            1.0000
RefTree_taxa                   21.0000
Tree_taxa                      21.0000
Common_taxa                    21.0000
MatchingCluster                77.0000
MatchingCluster_toYuleAvg       0.8406
MatchingCluster_toUnifAvg       0.7280
R-F_Cluster                    15.5000
R-F_Cluster_toYuleAvg           0.8257
R-F_Cluster_toUnifAvg           0.8223
NodalSplitted                  44.4522
NodalSplitted_toYuleAvg         0.7219
NodalSplitted_toUnifAvg         0.5711
Triples                       822.0000
Triples_toYuleAvg               0.9257
Triples_toUnifAvg               0.9274
MatchingPair                  135.0000
MatchingPair_toYuleAvg          0.9039
MatchingPair_toUnifAvg          0.9222
MAST                           13.0000
MAST_toYuleAvg                  0.9171
MAST_toUnifAvg                  0.9106
CopheneticL2Metric             29.8329
CopheneticL2Metric_toYuleAvg    0.6270
CopheneticL2Metric_toUnifAvg    0.5164

                 Name         Avg  Std         Min         Max  Count
0     MatchingCluster   77.000000  0.0   77.000000   77.000000      1
1         R-F_Cluster   15.500000  0.0   15.500000   15.500000      1
2       NodalSplitted   44.452222  0.0   44.452222   44.452222      1
3             Triples  822.000000  0.0  822.000000  822.000000      1
4        MatchingPair  135.000000  0.0  135.000000  135.000000      1
5                MAST   13.000000  0.0   13.000000   13.000000      1
6  CopheneticL2Metric   29.832868  0.0   29.832868   29.832868      1
