
                            < M A T L A B (R) >
                  Copyright 1984-2017 The MathWorks, Inc.
                   R2017a (9.2.0.538062) 64-bit (glnxa64)
                             February 23, 2017

 
To get started, type one of these: helpwin, helpdesk, or demo.
For product information, visit www.mathworks.com.
 
Running "Run1", Seed: 263803
 *** Finished Simulation Run ***

config-17.json #############################################

[#.........] | Progress: 1 | Time: 0.0s | ETA: --[.#........] | Progress: 233 | Time: 0.1s | ETA: --[..#.......] | Progress: 459 | Time: 0.1s | ETA: --[...#......] | Progress: 677 | Time: 0.2s | ETA: --[##########] | Progress: 798 | Time: 0.2s | ETA: --fit<>, fid</home/chun/projects/clineage-simulation/analysis/tmc-263803/tmc-001/case-17/triplets-list.raw.txt>, flg<treeReconstruction.log>, frt<resTree.tree>, frtN</home/chun/projects/clineage-simulation/analysis/tmc-263803/tmc-001/case-17/reconstructed.tmp.newick>, fsd<qqq.dat>, fst<simul.tree>, -->index=2
Read triplets from file...
Read triplets from file...Finished
N_triplets = 613, idMaxFound = 20
treeBuildBasedOnTriplets_run...
make_isTogetherInTripletAndDeleteExtraTriplets: Finished
maxCut with 19 nodes: Finished
maxCut with 9 nodes: Finished
treeBuildBasedOnTriplets_run...Finished
Saving tree to file...
Saving tree to file...Finished

                            < M A T L A B (R) >
                  Copyright 1984-2017 The MathWorks, Inc.
                   R2017a (9.2.0.538062) 64-bit (glnxa64)
                             February 23, 2017

 
To get started, type one of these: helpwin, helpdesk, or demo.
For product information, visit www.mathworks.com.
 
TreeCmp version build2

Active options:
Type of the analysis:  ref-to-all comparison mode (-r)
Metrics:
  1. MatchingCluster (mc)
  2. R-F_Cluster (rc)
  3. NodalSplitted (ns)
  4. Triples (tt)
  5. MatchingPair (mp)
  6. MAST (mt)
  7. CopheneticL2Metric (co)
Input file: /home/chun/projects/clineage-simulation/analysis/tmc-263803/tmc-001/case-17/reconstructed.newick
Output file: /home/chun/projects/clineage-simulation/analysis/tmc-263803/tmc-001/case-17/scores.raw.out
Additional options:
N - Report normalized distances.
P - Prune compared trees if needed (trees can have different leaf sets).
I - Include summary section in the output file.
-----
2018-06-19 06:29:14: Start of reading random statistics.
2018-06-19 06:29:14: End of reading random statistics.
2018-06-19 06:29:14: Start of scanning input file: /home/chun/projects/clineage-simulation/analysis/tmc-263803/tmc-001/case-17/reconstructed.newick
2018-06-19 06:29:14: End of scanning input file: /home/chun/projects/clineage-simulation/analysis/tmc-263803/tmc-001/case-17/reconstructed.newick
2018-06-19 06:29:14: 1 valid trees found in file: /home/chun/projects/clineage-simulation/analysis/tmc-263803/tmc-001/case-17/reconstructed.newick
2018-06-19 06:29:14: Start of calculation...please wait...
2018-06-19 06:29:14: 0.00% completed...
2018-06-19 06:29:14: 100.00% completed.
2018-06-19 06:29:14: End of calculation.
2018-06-19 06:29:14: Total calculation time: 28 ms.
                               metrics
No                              1.0000
RefTree                         1.0000
Tree                            1.0000
RefTree_taxa                   20.0000
Tree_taxa                      20.0000
Common_taxa                    20.0000
MatchingCluster                69.0000
MatchingCluster_toYuleAvg       0.8100
MatchingCluster_toUnifAvg       0.7093
R-F_Cluster                    14.0000
R-F_Cluster_toYuleAvg           0.7882
R-F_Cluster_toUnifAvg           0.7844
NodalSplitted                  43.2319
NodalSplitted_toYuleAvg         0.7429
NodalSplitted_toUnifAvg         0.6016
Triples                       683.0000
Triples_toYuleAvg               0.8935
Triples_toUnifAvg               0.8992
MatchingPair                  119.0000
MatchingPair_toYuleAvg          0.8845
MatchingPair_toUnifAvg          0.9045
MAST                           13.0000
MAST_toYuleAvg                  0.9744
MAST_toUnifAvg                  0.9663
CopheneticL2Metric             26.8887
CopheneticL2Metric_toYuleAvg    0.6054
CopheneticL2Metric_toUnifAvg    0.4949

                 Name         Avg  Std         Min         Max  Count
0     MatchingCluster   69.000000  0.0   69.000000   69.000000      1
1         R-F_Cluster   14.000000  0.0   14.000000   14.000000      1
2       NodalSplitted   43.231933  0.0   43.231933   43.231933      1
3             Triples  683.000000  0.0  683.000000  683.000000      1
4        MatchingPair  119.000000  0.0  119.000000  119.000000      1
5                MAST   13.000000  0.0   13.000000   13.000000      1
6  CopheneticL2Metric   26.888659  0.0   26.888659   26.888659      1
