                              metrics
No                             1.0000
RefTree                        1.0000
Tree                           1.0000
RefTree_taxa                   9.0000
Tree_taxa                      9.0000
Common_taxa                    9.0000
MatchingCluster               16.0000
MatchingCluster_toYuleAvg      0.7786
MatchingCluster_toUnifAvg      0.7498
R-F_Cluster                    5.5000
R-F_Cluster_toYuleAvg          0.8252
R-F_Cluster_toUnifAvg          0.8153
NodalSplitted                 13.2665
NodalSplitted_toYuleAvg        0.7842
NodalSplitted_toUnifAvg        0.7444
Triples                       45.0000
Triples_toYuleAvg              0.8047
Triples_toUnifAvg              0.8094
MatchingPair                  21.0000
MatchingPair_toYuleAvg         0.9906
MatchingPair_toUnifAvg         1.0038
MAST                           4.0000
MAST_toYuleAvg                 0.8722
MAST_toUnifAvg                 0.8584
CopheneticL2Metric             9.7980
CopheneticL2Metric_toYuleAvg   0.7015
CopheneticL2Metric_toUnifAvg   0.6766

                 Name        Avg  Std        Min        Max  Count
0     MatchingCluster  16.000000  0.0  16.000000  16.000000      1
1         R-F_Cluster   5.500000  0.0   5.500000   5.500000      1
2       NodalSplitted  13.266499  0.0  13.266499  13.266499      1
3             Triples  45.000000  0.0  45.000000  45.000000      1
4        MatchingPair  21.000000  0.0  21.000000  21.000000      1
5                MAST   4.000000  0.0   4.000000   4.000000      1
6  CopheneticL2Metric   9.797959  0.0   9.797959   9.797959      1
