
                            < M A T L A B (R) >
                  Copyright 1984-2017 The MathWorks, Inc.
                   R2017a (9.2.0.538062) 64-bit (glnxa64)
                             February 23, 2017

 
To get started, type one of these: helpwin, helpdesk, or demo.
For product information, visit www.mathworks.com.
 
Running "Run1", Seed: 181848
 *** Finished Simulation Run ***

config-18.json #############################################

[#.........] | Progress: 1 | Time: 0.0s | ETA: --[.#........] | Progress: 38 | Time: 0.1s | ETA: --[..#.......] | Progress: 81 | Time: 0.1s | ETA: --[...#......] | Progress: 130 | Time: 0.2s | ETA: --[....#.....] | Progress: 180 | Time: 0.2s | ETA: --[.....#....] | Progress: 230 | Time: 0.3s | ETA: --[......#...] | Progress: 281 | Time: 0.3s | ETA: --[.......#..] | Progress: 330 | Time: 0.4s | ETA: --[........#.] | Progress: 380 | Time: 0.4s | ETA: --[.........#] | Progress: 430 | Time: 0.5s | ETA: --[........#.] | Progress: 481 | Time: 0.5s | ETA: --[.......#..] | Progress: 531 | Time: 0.6s | ETA: --[......#...] | Progress: 581 | Time: 0.6s | ETA: --[.....#....] | Progress: 632 | Time: 0.7s | ETA: --[....#.....] | Progress: 682 | Time: 0.7s | ETA: --[...#......] | Progress: 731 | Time: 0.8s | ETA: --[..#.......] | Progress: 780 | Time: 0.8s | ETA: --[.#........] | Progress: 831 | Time: 0.9s | ETA: --[#.........] | Progress: 886 | Time: 0.9s | ETA: --[##########] | Progress: 913 | Time: 0.9s | ETA: --fit<>, fid</home/chun/projects/clineage-simulation/analysis/tmc-181848/tmc-007/case-18/triplets-list.raw.txt>, flg<treeReconstruction.log>, frt<resTree.tree>, frtN</home/chun/projects/clineage-simulation/analysis/tmc-181848/tmc-007/case-18/reconstructed.tmp.newick>, fsd<qqq.dat>, fst<simul.tree>, -->index=2
Read triplets from file...
Read triplets from file...Finished
N_triplets = 913, idMaxFound = 21
treeBuildBasedOnTriplets_run...
make_isTogetherInTripletAndDeleteExtraTriplets: Finished
maxCut with 21 nodes: Finished
maxCut with 17 nodes: Finished
maxCut with 5 nodes: Finished
maxCut with 12 nodes: Finished
maxCut with 7 nodes: Finished
maxCut with 4 nodes: Finished
treeBuildBasedOnTriplets_run...Finished
Saving tree to file...
Saving tree to file...Finished

                            < M A T L A B (R) >
                  Copyright 1984-2017 The MathWorks, Inc.
                   R2017a (9.2.0.538062) 64-bit (glnxa64)
                             February 23, 2017

 
To get started, type one of these: helpwin, helpdesk, or demo.
For product information, visit www.mathworks.com.
 
TreeCmp version build2

Active options:
Type of the analysis:  ref-to-all comparison mode (-r)
Metrics:
  1. MatchingCluster (mc)
  2. R-F_Cluster (rc)
  3. NodalSplitted (ns)
  4. Triples (tt)
  5. MatchingPair (mp)
  6. MAST (mt)
  7. CopheneticL2Metric (co)
Input file: /home/chun/projects/clineage-simulation/analysis/tmc-181848/tmc-007/case-18/reconstructed.newick
Output file: /home/chun/projects/clineage-simulation/analysis/tmc-181848/tmc-007/case-18/scores.raw.out
Additional options:
N - Report normalized distances.
P - Prune compared trees if needed (trees can have different leaf sets).
I - Include summary section in the output file.
-----
2018-06-19 06:09:23: Start of reading random statistics.
2018-06-19 06:09:23: End of reading random statistics.
2018-06-19 06:09:23: Start of scanning input file: /home/chun/projects/clineage-simulation/analysis/tmc-181848/tmc-007/case-18/reconstructed.newick
2018-06-19 06:09:23: End of scanning input file: /home/chun/projects/clineage-simulation/analysis/tmc-181848/tmc-007/case-18/reconstructed.newick
2018-06-19 06:09:23: 1 valid trees found in file: /home/chun/projects/clineage-simulation/analysis/tmc-181848/tmc-007/case-18/reconstructed.newick
2018-06-19 06:09:23: Start of calculation...please wait...
2018-06-19 06:09:23: 0.00% completed...
2018-06-19 06:09:23: 100.00% completed.
2018-06-19 06:09:23: End of calculation.
2018-06-19 06:09:23: Total calculation time: 26 ms.
                              metrics
No                             1.0000
RefTree                        1.0000
Tree                           1.0000
RefTree_taxa                  21.0000
Tree_taxa                     21.0000
Common_taxa                   21.0000
MatchingCluster               18.0000
MatchingCluster_toYuleAvg      0.1965
MatchingCluster_toUnifAvg      0.1702
R-F_Cluster                    5.0000
R-F_Cluster_toYuleAvg          0.2664
R-F_Cluster_toUnifAvg          0.2653
NodalSplitted                 21.1660
NodalSplitted_toYuleAvg        0.3438
NodalSplitted_toUnifAvg        0.2719
Triples                       15.0000
Triples_toYuleAvg              0.0169
Triples_toUnifAvg              0.0169
MatchingPair                  11.0000
MatchingPair_toYuleAvg         0.0737
MatchingPair_toUnifAvg         0.0751
MAST                           5.0000
MAST_toYuleAvg                 0.3527
MAST_toUnifAvg                 0.3502
CopheneticL2Metric             7.4833
CopheneticL2Metric_toYuleAvg   0.1573
CopheneticL2Metric_toUnifAvg   0.1295

                 Name        Avg  Std        Min        Max  Count
0     MatchingCluster  18.000000  0.0  18.000000  18.000000      1
1         R-F_Cluster   5.000000  0.0   5.000000   5.000000      1
2       NodalSplitted  21.166010  0.0  21.166010  21.166010      1
3             Triples  15.000000  0.0  15.000000  15.000000      1
4        MatchingPair  11.000000  0.0  11.000000  11.000000      1
5                MAST   5.000000  0.0   5.000000   5.000000      1
6  CopheneticL2Metric   7.483315  0.0   7.483315   7.483315      1
