
                            < M A T L A B (R) >
                  Copyright 1984-2017 The MathWorks, Inc.
                   R2017a (9.2.0.538062) 64-bit (glnxa64)
                             February 23, 2017

 
To get started, type one of these: helpwin, helpdesk, or demo.
For product information, visit www.mathworks.com.
 
Running "Run1", Seed: 181848
 *** Finished Simulation Run ***

config-15.json #############################################

[#.........] | Progress: 1 | Time: 0.0s | ETA: --[.#........] | Progress: 46 | Time: 0.1s | ETA: --[..#.......] | Progress: 91 | Time: 0.1s | ETA: --[...#......] | Progress: 136 | Time: 0.2s | ETA: --[....#.....] | Progress: 182 | Time: 0.2s | ETA: --[.....#....] | Progress: 227 | Time: 0.3s | ETA: --[......#...] | Progress: 273 | Time: 0.3s | ETA: --[.......#..] | Progress: 318 | Time: 0.4s | ETA: --[........#.] | Progress: 363 | Time: 0.4s | ETA: --[.........#] | Progress: 409 | Time: 0.5s | ETA: --[........#.] | Progress: 454 | Time: 0.5s | ETA: --[.......#..] | Progress: 499 | Time: 0.6s | ETA: --[......#...] | Progress: 552 | Time: 0.6s | ETA: --[##########] | Progress: 570 | Time: 0.6s | ETA: --fit<>, fid</home/chun/projects/clineage-simulation/analysis/tmc-181848/tmc-007/case-15/triplets-list.raw.txt>, flg<treeReconstruction.log>, frt<resTree.tree>, frtN</home/chun/projects/clineage-simulation/analysis/tmc-181848/tmc-007/case-15/reconstructed.tmp.newick>, fsd<qqq.dat>, fst<simul.tree>, -->index=2
Read triplets from file...
Read triplets from file...Finished
N_triplets = 570, idMaxFound = 18
treeBuildBasedOnTriplets_run...
make_isTogetherInTripletAndDeleteExtraTriplets: Finished
maxCut with 18 nodes: Finished
maxCut with 10 nodes: Finished
maxCut with 6 nodes: Finished
treeBuildBasedOnTriplets_run...Finished
Saving tree to file...
Saving tree to file...Finished

                            < M A T L A B (R) >
                  Copyright 1984-2017 The MathWorks, Inc.
                   R2017a (9.2.0.538062) 64-bit (glnxa64)
                             February 23, 2017

 
To get started, type one of these: helpwin, helpdesk, or demo.
For product information, visit www.mathworks.com.
 
TreeCmp version build2

Active options:
Type of the analysis:  ref-to-all comparison mode (-r)
Metrics:
  1. MatchingCluster (mc)
  2. R-F_Cluster (rc)
  3. NodalSplitted (ns)
  4. Triples (tt)
  5. MatchingPair (mp)
  6. MAST (mt)
  7. CopheneticL2Metric (co)
Input file: /home/chun/projects/clineage-simulation/analysis/tmc-181848/tmc-007/case-15/reconstructed.newick
Output file: /home/chun/projects/clineage-simulation/analysis/tmc-181848/tmc-007/case-15/scores.raw.out
Additional options:
N - Report normalized distances.
P - Prune compared trees if needed (trees can have different leaf sets).
I - Include summary section in the output file.
-----
2018-06-19 06:09:23: Start of reading random statistics.
2018-06-19 06:09:23: End of reading random statistics.
2018-06-19 06:09:23: Start of scanning input file: /home/chun/projects/clineage-simulation/analysis/tmc-181848/tmc-007/case-15/reconstructed.newick
2018-06-19 06:09:23: End of scanning input file: /home/chun/projects/clineage-simulation/analysis/tmc-181848/tmc-007/case-15/reconstructed.newick
2018-06-19 06:09:23: 1 valid trees found in file: /home/chun/projects/clineage-simulation/analysis/tmc-181848/tmc-007/case-15/reconstructed.newick
2018-06-19 06:09:23: Start of calculation...please wait...
2018-06-19 06:09:23: 0.00% completed...
2018-06-19 06:09:23: 100.00% completed.
2018-06-19 06:09:23: End of calculation.
2018-06-19 06:09:23: Total calculation time: 25 ms.
                               metrics
No                              1.0000
RefTree                         1.0000
Tree                            1.0000
RefTree_taxa                   18.0000
Tree_taxa                      18.0000
Common_taxa                    18.0000
MatchingCluster                17.0000
MatchingCluster_toYuleAvg       0.2393
MatchingCluster_toUnifAvg       0.2114
R-F_Cluster                     2.0000
R-F_Cluster_toYuleAvg           0.1267
R-F_Cluster_toUnifAvg           0.1264
NodalSplitted                  13.8924
NodalSplitted_toYuleAvg         0.2794
NodalSplitted_toUnifAvg         0.2292
Triples                       162.0000
Triples_toYuleAvg               0.2963
Triples_toUnifAvg               0.2984
MatchingPair                   42.0000
MatchingPair_toYuleAvg          0.3948
MatchingPair_toUnifAvg          0.4038
MAST                            5.0000
MAST_toYuleAvg                  0.4260
MAST_toUnifAvg                  0.4248
CopheneticL2Metric             11.5758
CopheneticL2Metric_toYuleAvg    0.2950
CopheneticL2Metric_toUnifAvg    0.2561

                 Name         Avg  Std         Min         Max  Count
0     MatchingCluster   17.000000  0.0   17.000000   17.000000      1
1         R-F_Cluster    2.000000  0.0    2.000000    2.000000      1
2       NodalSplitted   13.892444  0.0   13.892444   13.892444      1
3             Triples  162.000000  0.0  162.000000  162.000000      1
4        MatchingPair   42.000000  0.0   42.000000   42.000000      1
5                MAST    5.000000  0.0    5.000000    5.000000      1
6  CopheneticL2Metric   11.575837  0.0   11.575837   11.575837      1
