                              metrics
No                             1.0000
RefTree                        1.0000
Tree                           1.0000
RefTree_taxa                  11.0000
Tree_taxa                     11.0000
Common_taxa                   11.0000
MatchingCluster                6.0000
MatchingCluster_toYuleAvg      0.1977
MatchingCluster_toUnifAvg      0.1878
R-F_Cluster                    1.5000
R-F_Cluster_toYuleAvg          0.1717
R-F_Cluster_toUnifAvg          0.1704
NodalSplitted                  5.6569
NodalSplitted_toYuleAvg        0.2384
NodalSplitted_toUnifAvg        0.2206
Triples                        9.0000
Triples_toYuleAvg              0.0819
Triples_toUnifAvg              0.0817
MatchingPair                   6.0000
MatchingPair_toYuleAvg         0.1747
MatchingPair_toUnifAvg         0.1762
MAST                           1.0000
MAST_toYuleAvg                 0.1618
MAST_toUnifAvg                 0.1616
CopheneticL2Metric             4.0000
CopheneticL2Metric_toYuleAvg   0.2098
CopheneticL2Metric_toUnifAvg   0.1945

                 Name       Avg  Std       Min       Max  Count
0     MatchingCluster  6.000000  0.0  6.000000  6.000000      1
1         R-F_Cluster  1.500000  0.0  1.500000  1.500000      1
2       NodalSplitted  5.656854  0.0  5.656854  5.656854      1
3             Triples  9.000000  0.0  9.000000  9.000000      1
4        MatchingPair  6.000000  0.0  6.000000  6.000000      1
5                MAST  1.000000  0.0  1.000000  1.000000      1
6  CopheneticL2Metric  4.000000  0.0  4.000000  4.000000      1
