                               metrics
No                              1.0000
RefTree                         1.0000
Tree                            1.0000
RefTree_taxa                   14.0000
Tree_taxa                      14.0000
Common_taxa                    14.0000
MatchingCluster                23.0000
MatchingCluster_toYuleAvg       0.4923
MatchingCluster_toUnifAvg       0.4559
R-F_Cluster                     3.5000
R-F_Cluster_toYuleAvg           0.2972
R-F_Cluster_toUnifAvg           0.2962
NodalSplitted                  18.3576
NodalSplitted_toYuleAvg         0.5283
NodalSplitted_toUnifAvg         0.4701
Triples                       151.0000
Triples_toYuleAvg               0.6214
Triples_toUnifAvg               0.6229
MatchingPair                   42.0000
MatchingPair_toYuleAvg          0.6985
MatchingPair_toUnifAvg          0.7111
MAST                            7.0000
MAST_toYuleAvg                  0.8251
MAST_toUnifAvg                  0.8171
CopheneticL2Metric             14.9332
CopheneticL2Metric_toYuleAvg    0.5455
CopheneticL2Metric_toUnifAvg    0.4894

                 Name         Avg  Std         Min         Max  Count
0     MatchingCluster   23.000000  0.0   23.000000   23.000000      1
1         R-F_Cluster    3.500000  0.0    3.500000    3.500000      1
2       NodalSplitted   18.357560  0.0   18.357560   18.357560      1
3             Triples  151.000000  0.0  151.000000  151.000000      1
4        MatchingPair   42.000000  0.0   42.000000   42.000000      1
5                MAST    7.000000  0.0    7.000000    7.000000      1
6  CopheneticL2Metric   14.933185  0.0   14.933185   14.933185      1
