                               metrics
No                              1.0000
RefTree                         1.0000
Tree                            1.0000
RefTree_taxa                   21.0000
Tree_taxa                      21.0000
Common_taxa                    21.0000
MatchingCluster                59.0000
MatchingCluster_toYuleAvg       0.6441
MatchingCluster_toUnifAvg       0.5578
R-F_Cluster                    14.5000
R-F_Cluster_toYuleAvg           0.7725
R-F_Cluster_toUnifAvg           0.7692
NodalSplitted                  36.3593
NodalSplitted_toYuleAvg         0.5905
NodalSplitted_toUnifAvg         0.4672
Triples                       554.0000
Triples_toYuleAvg               0.6239
Triples_toUnifAvg               0.6251
MatchingPair                  115.0000
MatchingPair_toYuleAvg          0.7700
MatchingPair_toUnifAvg          0.7856
MAST                           13.0000
MAST_toYuleAvg                  0.9171
MAST_toUnifAvg                  0.9106
CopheneticL2Metric             23.1733
CopheneticL2Metric_toYuleAvg    0.4870
CopheneticL2Metric_toUnifAvg    0.4011

                 Name         Avg  Std         Min         Max  Count
0     MatchingCluster   59.000000  0.0   59.000000   59.000000      1
1         R-F_Cluster   14.500000  0.0   14.500000   14.500000      1
2       NodalSplitted   36.359318  0.0   36.359318   36.359318      1
3             Triples  554.000000  0.0  554.000000  554.000000      1
4        MatchingPair  115.000000  0.0  115.000000  115.000000      1
5                MAST   13.000000  0.0   13.000000   13.000000      1
6  CopheneticL2Metric   23.173260  0.0   23.173260   23.173260      1
