
                            < M A T L A B (R) >
                  Copyright 1984-2017 The MathWorks, Inc.
                   R2017a (9.2.0.538062) 64-bit (glnxa64)
                             February 23, 2017

 
To get started, type one of these: helpwin, helpdesk, or demo.
For product information, visit www.mathworks.com.
 
Running "Run1", Seed: 263803
 *** Finished Simulation Run ***

config-16.json #############################################

[#.........] | Progress: 1 | Time: 0.0s | ETA: --[.#........] | Progress: 230 | Time: 0.1s | ETA: --[..#.......] | Progress: 457 | Time: 0.1s | ETA: --[...#......] | Progress: 664 | Time: 0.2s | ETA: --[##########] | Progress: 665 | Time: 0.2s | ETA: --fit<>, fid</home/chun/projects/clineage-simulation/analysis/tmc-263803/tmc-003/case-16/triplets-list.raw.txt>, flg<treeReconstruction.log>, frt<resTree.tree>, frtN</home/chun/projects/clineage-simulation/analysis/tmc-263803/tmc-003/case-16/reconstructed.tmp.newick>, fsd<qqq.dat>, fst<simul.tree>, -->index=2
Read triplets from file...
Read triplets from file...Finished
N_triplets = 616, idMaxFound = 19
treeBuildBasedOnTriplets_run...
make_isTogetherInTripletAndDeleteExtraTriplets: Finished
maxCut with 19 nodes: Finished
maxCut with 13 nodes: Finished
maxCut with 11 nodes: Finished
maxCut with 6 nodes: Finished
maxCut with 5 nodes: Finished
maxCut with 6 nodes: Finished
treeBuildBasedOnTriplets_run...Finished
Saving tree to file...
Saving tree to file...Finished

                            < M A T L A B (R) >
                  Copyright 1984-2017 The MathWorks, Inc.
                   R2017a (9.2.0.538062) 64-bit (glnxa64)
                             February 23, 2017

 
To get started, type one of these: helpwin, helpdesk, or demo.
For product information, visit www.mathworks.com.
 
TreeCmp version build2

Active options:
Type of the analysis:  ref-to-all comparison mode (-r)
Metrics:
  1. MatchingCluster (mc)
  2. R-F_Cluster (rc)
  3. NodalSplitted (ns)
  4. Triples (tt)
  5. MatchingPair (mp)
  6. MAST (mt)
  7. CopheneticL2Metric (co)
Input file: /home/chun/projects/clineage-simulation/analysis/tmc-263803/tmc-003/case-16/reconstructed.newick
Output file: /home/chun/projects/clineage-simulation/analysis/tmc-263803/tmc-003/case-16/scores.raw.out
Additional options:
N - Report normalized distances.
P - Prune compared trees if needed (trees can have different leaf sets).
I - Include summary section in the output file.
-----
2018-06-19 06:29:17: Start of reading random statistics.
2018-06-19 06:29:17: End of reading random statistics.
2018-06-19 06:29:17: Start of scanning input file: /home/chun/projects/clineage-simulation/analysis/tmc-263803/tmc-003/case-16/reconstructed.newick
2018-06-19 06:29:17: End of scanning input file: /home/chun/projects/clineage-simulation/analysis/tmc-263803/tmc-003/case-16/reconstructed.newick
2018-06-19 06:29:17: 1 valid trees found in file: /home/chun/projects/clineage-simulation/analysis/tmc-263803/tmc-003/case-16/reconstructed.newick
2018-06-19 06:29:17: Start of calculation...please wait...
2018-06-19 06:29:17: 0.00% completed...
2018-06-19 06:29:17: 100.00% completed.
2018-06-19 06:29:17: End of calculation.
2018-06-19 06:29:17: Total calculation time: 32 ms.
                               metrics
No                              1.0000
RefTree                         1.0000
Tree                            1.0000
RefTree_taxa                   19.0000
Tree_taxa                      19.0000
Common_taxa                    19.0000
MatchingCluster                59.0000
MatchingCluster_toYuleAvg       0.7608
MatchingCluster_toUnifAvg       0.6639
R-F_Cluster                    12.5000
R-F_Cluster_toYuleAvg           0.7464
R-F_Cluster_toUnifAvg           0.7426
NodalSplitted                  34.2053
NodalSplitted_toYuleAvg         0.6360
NodalSplitted_toUnifAvg         0.5185
Triples                       601.0000
Triples_toYuleAvg               0.9339
Triples_toUnifAvg               0.9294
MatchingPair                  102.0000
MatchingPair_toYuleAvg          0.8522
MatchingPair_toUnifAvg          0.8660
MAST                            9.0000
MAST_toYuleAvg                  0.7191
MAST_toUnifAvg                  0.7135
CopheneticL2Metric             24.3926
CopheneticL2Metric_toYuleAvg    0.5778
CopheneticL2Metric_toUnifAvg    0.4953

                 Name         Avg  Std         Min         Max  Count
0     MatchingCluster   59.000000  0.0   59.000000   59.000000      1
1         R-F_Cluster   12.500000  0.0   12.500000   12.500000      1
2       NodalSplitted   34.205263  0.0   34.205263   34.205263      1
3             Triples  601.000000  0.0  601.000000  601.000000      1
4        MatchingPair  102.000000  0.0  102.000000  102.000000      1
5                MAST    9.000000  0.0    9.000000    9.000000      1
6  CopheneticL2Metric   24.392622  0.0   24.392622   24.392622      1
