
                            < M A T L A B (R) >
                  Copyright 1984-2017 The MathWorks, Inc.
                   R2017a (9.2.0.538062) 64-bit (glnxa64)
                             February 23, 2017

 
To get started, type one of these: helpwin, helpdesk, or demo.
For product information, visit www.mathworks.com.
 
Running "Run1", Seed: 263803
 *** Finished Simulation Run ***

config-20.json #############################################

[#.........] | Progress: 1 | Time: 0.0s | ETA: --[.#........] | Progress: 264 | Time: 0.1s | ETA: --[..#.......] | Progress: 541 | Time: 0.1s | ETA: --[...#......] | Progress: 818 | Time: 0.2s | ETA: --[....#.....] | Progress: 1093 | Time: 0.2s | ETA: --[##########] | Progress: 1192 | Time: 0.2s | ETA: --fit<>, fid</home/chun/projects/clineage-simulation/analysis/tmc-263803/tmc-003/case-20/triplets-list.raw.txt>, flg<treeReconstruction.log>, frt<resTree.tree>, frtN</home/chun/projects/clineage-simulation/analysis/tmc-263803/tmc-003/case-20/reconstructed.tmp.newick>, fsd<qqq.dat>, fst<simul.tree>, -->index=2
Read triplets from file...
Read triplets from file...Finished
N_triplets = 1115, idMaxFound = 23
treeBuildBasedOnTriplets_run...
make_isTogetherInTripletAndDeleteExtraTriplets: Finished
maxCut with 23 nodes: Finished
maxCut with 20 nodes: Finished
maxCut with 6 nodes: Finished
maxCut with 14 nodes: Finished
maxCut with 7 nodes: Finished
treeBuildBasedOnTriplets_run...Finished
Saving tree to file...
Saving tree to file...Finished

                            < M A T L A B (R) >
                  Copyright 1984-2017 The MathWorks, Inc.
                   R2017a (9.2.0.538062) 64-bit (glnxa64)
                             February 23, 2017

 
To get started, type one of these: helpwin, helpdesk, or demo.
For product information, visit www.mathworks.com.
 
TreeCmp version build2

Active options:
Type of the analysis:  ref-to-all comparison mode (-r)
Metrics:
  1. MatchingCluster (mc)
  2. R-F_Cluster (rc)
  3. NodalSplitted (ns)
  4. Triples (tt)
  5. MatchingPair (mp)
  6. MAST (mt)
  7. CopheneticL2Metric (co)
Input file: /home/chun/projects/clineage-simulation/analysis/tmc-263803/tmc-003/case-20/reconstructed.newick
Output file: /home/chun/projects/clineage-simulation/analysis/tmc-263803/tmc-003/case-20/scores.raw.out
Additional options:
N - Report normalized distances.
P - Prune compared trees if needed (trees can have different leaf sets).
I - Include summary section in the output file.
-----
2018-06-19 06:29:07: Start of reading random statistics.
2018-06-19 06:29:07: End of reading random statistics.
2018-06-19 06:29:07: Start of scanning input file: /home/chun/projects/clineage-simulation/analysis/tmc-263803/tmc-003/case-20/reconstructed.newick
2018-06-19 06:29:07: End of scanning input file: /home/chun/projects/clineage-simulation/analysis/tmc-263803/tmc-003/case-20/reconstructed.newick
2018-06-19 06:29:07: 1 valid trees found in file: /home/chun/projects/clineage-simulation/analysis/tmc-263803/tmc-003/case-20/reconstructed.newick
2018-06-19 06:29:07: Start of calculation...please wait...
2018-06-19 06:29:07: 0.00% completed...
2018-06-19 06:29:07: 100.00% completed.
2018-06-19 06:29:07: End of calculation.
2018-06-19 06:29:07: Total calculation time: 24 ms.
                                metrics
No                               1.0000
RefTree                          1.0000
Tree                             1.0000
RefTree_taxa                    23.0000
Tree_taxa                       23.0000
Common_taxa                     23.0000
MatchingCluster                 72.0000
MatchingCluster_toYuleAvg        0.6790
MatchingCluster_toUnifAvg        0.5809
R-F_Cluster                     13.5000
R-F_Cluster_toYuleAvg            0.6497
R-F_Cluster_toUnifAvg            0.6485
NodalSplitted                   48.2908
NodalSplitted_toYuleAvg          0.6846
NodalSplitted_toUnifAvg          0.5387
Triples                       1020.0000
Triples_toYuleAvg                0.8630
Triples_toUnifAvg                0.8668
MatchingPair                   155.0000
MatchingPair_toYuleAvg           0.8491
MatchingPair_toUnifAvg           0.8677
MAST                            13.0000
MAST_toYuleAvg                   0.8194
MAST_toUnifAvg                   0.8118
CopheneticL2Metric              31.3209
CopheneticL2Metric_toYuleAvg     0.5782
CopheneticL2Metric_toUnifAvg     0.4639

                 Name          Avg  Std          Min          Max  Count
0     MatchingCluster    72.000000  0.0    72.000000    72.000000      1
1         R-F_Cluster    13.500000  0.0    13.500000    13.500000      1
2       NodalSplitted    48.290786  0.0    48.290786    48.290786      1
3             Triples  1020.000000  0.0  1020.000000  1020.000000      1
4        MatchingPair   155.000000  0.0   155.000000   155.000000      1
5                MAST    13.000000  0.0    13.000000    13.000000      1
6  CopheneticL2Metric    31.320920  0.0    31.320920    31.320920      1
