
                            < M A T L A B (R) >
                  Copyright 1984-2017 The MathWorks, Inc.
                   R2017a (9.2.0.538062) 64-bit (glnxa64)
                             February 23, 2017

 
To get started, type one of these: helpwin, helpdesk, or demo.
For product information, visit www.mathworks.com.
 
Running "Run1", Seed: 263803
 *** Finished Simulation Run ***

config-19.json #############################################

[#.........] | Progress: 1 | Time: 0.0s | ETA: --[.#........] | Progress: 335 | Time: 0.1s | ETA: --[..#.......] | Progress: 663 | Time: 0.1s | ETA: --[...#......] | Progress: 992 | Time: 0.2s | ETA: --[##########] | Progress: 1038 | Time: 0.2s | ETA: --fit<>, fid</home/chun/projects/clineage-simulation/analysis/tmc-263803/tmc-003/case-19/triplets-list.raw.txt>, flg<treeReconstruction.log>, frt<resTree.tree>, frtN</home/chun/projects/clineage-simulation/analysis/tmc-263803/tmc-003/case-19/reconstructed.tmp.newick>, fsd<qqq.dat>, fst<simul.tree>, -->index=2
Read triplets from file...
Read triplets from file...Finished
N_triplets = 963, idMaxFound = 22
treeBuildBasedOnTriplets_run...
make_isTogetherInTripletAndDeleteExtraTriplets: Finished
maxCut with 22 nodes: Finished
maxCut with 8 nodes: Finished
maxCut with 14 nodes: Finished
maxCut with 7 nodes: Finished
maxCut with 7 nodes: Finished
treeBuildBasedOnTriplets_run...Finished
Saving tree to file...
Saving tree to file...Finished

                            < M A T L A B (R) >
                  Copyright 1984-2017 The MathWorks, Inc.
                   R2017a (9.2.0.538062) 64-bit (glnxa64)
                             February 23, 2017

 
To get started, type one of these: helpwin, helpdesk, or demo.
For product information, visit www.mathworks.com.
 
TreeCmp version build2

Active options:
Type of the analysis:  ref-to-all comparison mode (-r)
Metrics:
  1. MatchingCluster (mc)
  2. R-F_Cluster (rc)
  3. NodalSplitted (ns)
  4. Triples (tt)
  5. MatchingPair (mp)
  6. MAST (mt)
  7. CopheneticL2Metric (co)
Input file: /home/chun/projects/clineage-simulation/analysis/tmc-263803/tmc-003/case-19/reconstructed.newick
Output file: /home/chun/projects/clineage-simulation/analysis/tmc-263803/tmc-003/case-19/scores.raw.out
Additional options:
N - Report normalized distances.
P - Prune compared trees if needed (trees can have different leaf sets).
I - Include summary section in the output file.
-----
2018-06-19 06:29:07: Start of reading random statistics.
2018-06-19 06:29:07: End of reading random statistics.
2018-06-19 06:29:07: Start of scanning input file: /home/chun/projects/clineage-simulation/analysis/tmc-263803/tmc-003/case-19/reconstructed.newick
2018-06-19 06:29:07: End of scanning input file: /home/chun/projects/clineage-simulation/analysis/tmc-263803/tmc-003/case-19/reconstructed.newick
2018-06-19 06:29:07: 1 valid trees found in file: /home/chun/projects/clineage-simulation/analysis/tmc-263803/tmc-003/case-19/reconstructed.newick
2018-06-19 06:29:07: Start of calculation...please wait...
2018-06-19 06:29:07: 0.00% completed...
2018-06-19 06:29:07: 100.00% completed.
2018-06-19 06:29:07: End of calculation.
2018-06-19 06:29:07: Total calculation time: 27 ms.
                               metrics
No                              1.0000
RefTree                         1.0000
Tree                            1.0000
RefTree_taxa                   22.0000
Tree_taxa                      22.0000
Common_taxa                    22.0000
MatchingCluster                61.0000
MatchingCluster_toYuleAvg       0.6173
MatchingCluster_toUnifAvg       0.5267
R-F_Cluster                    12.0000
R-F_Cluster_toYuleAvg           0.6069
R-F_Cluster_toUnifAvg           0.6043
NodalSplitted                  38.2492
NodalSplitted_toYuleAvg         0.5742
NodalSplitted_toUnifAvg         0.4496
Triples                       884.0000
Triples_toYuleAvg               0.8616
Triples_toUnifAvg               0.8589
MatchingPair                  138.0000
MatchingPair_toYuleAvg          0.8377
MatchingPair_toUnifAvg          0.8522
MAST                           13.0000
MAST_toYuleAvg                  0.8668
MAST_toUnifAvg                  0.8605
CopheneticL2Metric             24.8596
CopheneticL2Metric_toYuleAvg    0.4891
CopheneticL2Metric_toUnifAvg    0.3961

                 Name         Avg  Std         Min         Max  Count
0     MatchingCluster   61.000000  0.0   61.000000   61.000000      1
1         R-F_Cluster   12.000000  0.0   12.000000   12.000000      1
2       NodalSplitted   38.249183  0.0   38.249183   38.249183      1
3             Triples  884.000000  0.0  884.000000  884.000000      1
4        MatchingPair  138.000000  0.0  138.000000  138.000000      1
5                MAST   13.000000  0.0   13.000000   13.000000      1
6  CopheneticL2Metric   24.859606  0.0   24.859606   24.859606      1
