
                            < M A T L A B (R) >
                  Copyright 1984-2017 The MathWorks, Inc.
                   R2017a (9.2.0.538062) 64-bit (glnxa64)
                             February 23, 2017

 
To get started, type one of these: helpwin, helpdesk, or demo.
For product information, visit www.mathworks.com.
 
Running "Run1", Seed: 263803
 *** Finished Simulation Run ***

config-09.json #############################################

[#.........] | Progress: 1 | Time: 0.0s | ETA: --[##########] | Progress: 158 | Time: 0.0s | ETA: --fit<>, fid</home/chun/projects/clineage-simulation/analysis/tmc-263803/tmc-003/case-09/triplets-list.raw.txt>, flg<treeReconstruction.log>, frt<resTree.tree>, frtN</home/chun/projects/clineage-simulation/analysis/tmc-263803/tmc-003/case-09/reconstructed.tmp.newick>, fsd<qqq.dat>, fst<simul.tree>, -->index=2
Read triplets from file...
Read triplets from file...Finished
N_triplets = 99, idMaxFound = 12
treeBuildBasedOnTriplets_run...
make_isTogetherInTripletAndDeleteExtraTriplets: Finished
maxCut with 11 nodes: Finished
maxCut with 6 nodes: Finished
treeBuildBasedOnTriplets_run...Finished
Saving tree to file...
Saving tree to file...Finished

                            < M A T L A B (R) >
                  Copyright 1984-2017 The MathWorks, Inc.
                   R2017a (9.2.0.538062) 64-bit (glnxa64)
                             February 23, 2017

 
To get started, type one of these: helpwin, helpdesk, or demo.
For product information, visit www.mathworks.com.
 
TreeCmp version build2

Active options:
Type of the analysis:  ref-to-all comparison mode (-r)
Metrics:
  1. MatchingCluster (mc)
  2. R-F_Cluster (rc)
  3. NodalSplitted (ns)
  4. Triples (tt)
  5. MatchingPair (mp)
  6. MAST (mt)
  7. CopheneticL2Metric (co)
Input file: /home/chun/projects/clineage-simulation/analysis/tmc-263803/tmc-003/case-09/reconstructed.newick
Output file: /home/chun/projects/clineage-simulation/analysis/tmc-263803/tmc-003/case-09/scores.raw.out
Additional options:
N - Report normalized distances.
P - Prune compared trees if needed (trees can have different leaf sets).
I - Include summary section in the output file.
-----
2018-06-19 06:29:08: Start of reading random statistics.
2018-06-19 06:29:08: End of reading random statistics.
2018-06-19 06:29:08: Start of scanning input file: /home/chun/projects/clineage-simulation/analysis/tmc-263803/tmc-003/case-09/reconstructed.newick
2018-06-19 06:29:08: End of scanning input file: /home/chun/projects/clineage-simulation/analysis/tmc-263803/tmc-003/case-09/reconstructed.newick
2018-06-19 06:29:08: 1 valid trees found in file: /home/chun/projects/clineage-simulation/analysis/tmc-263803/tmc-003/case-09/reconstructed.newick
2018-06-19 06:29:08: Start of calculation...please wait...
2018-06-19 06:29:08: 0.00% completed...
2018-06-19 06:29:08: 100.00% completed.
2018-06-19 06:29:08: End of calculation.
2018-06-19 06:29:08: Total calculation time: 21 ms.
                               metrics
No                              1.0000
RefTree                         1.0000
Tree                            1.0000
RefTree_taxa                   12.0000
Tree_taxa                      12.0000
Common_taxa                    12.0000
MatchingCluster                34.0000
MatchingCluster_toYuleAvg       0.9577
MatchingCluster_toUnifAvg       0.8992
R-F_Cluster                     9.5000
R-F_Cluster_toYuleAvg           0.9744
R-F_Cluster_toUnifAvg           0.9705
NodalSplitted                  23.6220
NodalSplitted_toYuleAvg         0.8672
NodalSplitted_toUnifAvg         0.7895
Triples                       117.0000
Triples_toYuleAvg               0.7948
Triples_toUnifAvg               0.7974
MatchingPair                   36.0000
MatchingPair_toYuleAvg          0.8511
MatchingPair_toUnifAvg          0.8624
MAST                            7.0000
MAST_toYuleAvg                  1.0158
MAST_toUnifAvg                  1.0059
CopheneticL2Metric             15.7797
CopheneticL2Metric_toYuleAvg    0.7279
CopheneticL2Metric_toUnifAvg    0.6697

                 Name         Avg  Std         Min         Max  Count
0     MatchingCluster   34.000000  0.0   34.000000   34.000000      1
1         R-F_Cluster    9.500000  0.0    9.500000    9.500000      1
2       NodalSplitted   23.622024  0.0   23.622024   23.622024      1
3             Triples  117.000000  0.0  117.000000  117.000000      1
4        MatchingPair   36.000000  0.0   36.000000   36.000000      1
5                MAST    7.000000  0.0    7.000000    7.000000      1
6  CopheneticL2Metric   15.779734  0.0   15.779734   15.779734      1
