
                            < M A T L A B (R) >
                  Copyright 1984-2017 The MathWorks, Inc.
                   R2017a (9.2.0.538062) 64-bit (glnxa64)
                             February 23, 2017

 
To get started, type one of these: helpwin, helpdesk, or demo.
For product information, visit www.mathworks.com.
 
Running "Run1", Seed: 263803
 *** Finished Simulation Run ***

config-18.json #############################################

[#.........] | Progress: 1 | Time: 0.0s | ETA: --[.#........] | Progress: 140 | Time: 0.1s | ETA: --[..#.......] | Progress: 358 | Time: 0.1s | ETA: --[...#......] | Progress: 589 | Time: 0.2s | ETA: --[....#.....] | Progress: 813 | Time: 0.2s | ETA: --[##########] | Progress: 903 | Time: 0.2s | ETA: --fit<>, fid</home/chun/projects/clineage-simulation/analysis/tmc-263803/tmc-003/case-18/triplets-list.raw.txt>, flg<treeReconstruction.log>, frt<resTree.tree>, frtN</home/chun/projects/clineage-simulation/analysis/tmc-263803/tmc-003/case-18/reconstructed.tmp.newick>, fsd<qqq.dat>, fst<simul.tree>, -->index=2
Read triplets from file...
Read triplets from file...Finished
N_triplets = 827, idMaxFound = 21
treeBuildBasedOnTriplets_run...
make_isTogetherInTripletAndDeleteExtraTriplets: Finished
maxCut with 21 nodes: Finished
maxCut with 13 nodes: Finished
maxCut with 8 nodes: Finished
maxCut with 8 nodes: Finished
maxCut with 6 nodes: Finished
maxCut with 4 nodes: Finished
treeBuildBasedOnTriplets_run...Finished
Saving tree to file...
Saving tree to file...Finished

                            < M A T L A B (R) >
                  Copyright 1984-2017 The MathWorks, Inc.
                   R2017a (9.2.0.538062) 64-bit (glnxa64)
                             February 23, 2017

 
To get started, type one of these: helpwin, helpdesk, or demo.
For product information, visit www.mathworks.com.
 
TreeCmp version build2

Active options:
Type of the analysis:  ref-to-all comparison mode (-r)
Metrics:
  1. MatchingCluster (mc)
  2. R-F_Cluster (rc)
  3. NodalSplitted (ns)
  4. Triples (tt)
  5. MatchingPair (mp)
  6. MAST (mt)
  7. CopheneticL2Metric (co)
Input file: /home/chun/projects/clineage-simulation/analysis/tmc-263803/tmc-003/case-18/reconstructed.newick
Output file: /home/chun/projects/clineage-simulation/analysis/tmc-263803/tmc-003/case-18/scores.raw.out
Additional options:
N - Report normalized distances.
P - Prune compared trees if needed (trees can have different leaf sets).
I - Include summary section in the output file.
-----
2018-06-19 06:29:13: Start of reading random statistics.
2018-06-19 06:29:13: End of reading random statistics.
2018-06-19 06:29:13: Start of scanning input file: /home/chun/projects/clineage-simulation/analysis/tmc-263803/tmc-003/case-18/reconstructed.newick
2018-06-19 06:29:13: End of scanning input file: /home/chun/projects/clineage-simulation/analysis/tmc-263803/tmc-003/case-18/reconstructed.newick
2018-06-19 06:29:13: 1 valid trees found in file: /home/chun/projects/clineage-simulation/analysis/tmc-263803/tmc-003/case-18/reconstructed.newick
2018-06-19 06:29:13: Start of calculation...please wait...
2018-06-19 06:29:13: 0.00% completed...
2018-06-19 06:29:13: 100.00% completed.
2018-06-19 06:29:13: End of calculation.
2018-06-19 06:29:13: Total calculation time: 39 ms.
                               metrics
No                              1.0000
RefTree                         1.0000
Tree                            1.0000
RefTree_taxa                   21.0000
Tree_taxa                      21.0000
Common_taxa                    21.0000
MatchingCluster                55.0000
MatchingCluster_toYuleAvg       0.6004
MatchingCluster_toUnifAvg       0.5200
R-F_Cluster                    12.0000
R-F_Cluster_toYuleAvg           0.6393
R-F_Cluster_toUnifAvg           0.6366
NodalSplitted                  36.0278
NodalSplitted_toYuleAvg         0.5851
NodalSplitted_toUnifAvg         0.4629
Triples                       758.0000
Triples_toYuleAvg               0.8536
Triples_toUnifAvg               0.8552
MatchingPair                  121.0000
MatchingPair_toYuleAvg          0.8102
MatchingPair_toUnifAvg          0.8266
MAST                           11.0000
MAST_toYuleAvg                  0.7760
MAST_toUnifAvg                  0.7705
CopheneticL2Metric             23.6432
CopheneticL2Metric_toYuleAvg    0.4969
CopheneticL2Metric_toUnifAvg    0.4093

                 Name         Avg  Std         Min         Max  Count
0     MatchingCluster   55.000000  0.0   55.000000   55.000000      1
1         R-F_Cluster   12.000000  0.0   12.000000   12.000000      1
2       NodalSplitted   36.027767  0.0   36.027767   36.027767      1
3             Triples  758.000000  0.0  758.000000  758.000000      1
4        MatchingPair  121.000000  0.0  121.000000  121.000000      1
5                MAST   11.000000  0.0   11.000000   11.000000      1
6  CopheneticL2Metric   23.643181  0.0   23.643181   23.643181      1
