
                            < M A T L A B (R) >
                  Copyright 1984-2017 The MathWorks, Inc.
                   R2017a (9.2.0.538062) 64-bit (glnxa64)
                             February 23, 2017

 
To get started, type one of these: helpwin, helpdesk, or demo.
For product information, visit www.mathworks.com.
 
Running "Run1", Seed: 263803
 *** Finished Simulation Run ***

config-17.json #############################################

[#.........] | Progress: 1 | Time: 0.0s | ETA: --[.#........] | Progress: 232 | Time: 0.1s | ETA: --[..#.......] | Progress: 462 | Time: 0.1s | ETA: --[...#......] | Progress: 687 | Time: 0.2s | ETA: --[##########] | Progress: 778 | Time: 0.2s | ETA: --fit<>, fid</home/chun/projects/clineage-simulation/analysis/tmc-263803/tmc-003/case-17/triplets-list.raw.txt>, flg<treeReconstruction.log>, frt<resTree.tree>, frtN</home/chun/projects/clineage-simulation/analysis/tmc-263803/tmc-003/case-17/reconstructed.tmp.newick>, fsd<qqq.dat>, fst<simul.tree>, -->index=2
Read triplets from file...
Read triplets from file...Finished
N_triplets = 717, idMaxFound = 20
treeBuildBasedOnTriplets_run...
make_isTogetherInTripletAndDeleteExtraTriplets: Finished
maxCut with 20 nodes: Finished
maxCut with 13 nodes: Finished
maxCut with 6 nodes: Finished
maxCut with 7 nodes: Finished
maxCut with 6 nodes: Finished
maxCut with 7 nodes: Finished
maxCut with 4 nodes: Finished
treeBuildBasedOnTriplets_run...Finished
Saving tree to file...
Saving tree to file...Finished

                            < M A T L A B (R) >
                  Copyright 1984-2017 The MathWorks, Inc.
                   R2017a (9.2.0.538062) 64-bit (glnxa64)
                             February 23, 2017

 
To get started, type one of these: helpwin, helpdesk, or demo.
For product information, visit www.mathworks.com.
 
TreeCmp version build2

Active options:
Type of the analysis:  ref-to-all comparison mode (-r)
Metrics:
  1. MatchingCluster (mc)
  2. R-F_Cluster (rc)
  3. NodalSplitted (ns)
  4. Triples (tt)
  5. MatchingPair (mp)
  6. MAST (mt)
  7. CopheneticL2Metric (co)
Input file: /home/chun/projects/clineage-simulation/analysis/tmc-263803/tmc-003/case-17/reconstructed.newick
Output file: /home/chun/projects/clineage-simulation/analysis/tmc-263803/tmc-003/case-17/scores.raw.out
Additional options:
N - Report normalized distances.
P - Prune compared trees if needed (trees can have different leaf sets).
I - Include summary section in the output file.
-----
2018-06-19 06:29:12: Start of reading random statistics.
2018-06-19 06:29:13: End of reading random statistics.
2018-06-19 06:29:13: Start of scanning input file: /home/chun/projects/clineage-simulation/analysis/tmc-263803/tmc-003/case-17/reconstructed.newick
2018-06-19 06:29:13: End of scanning input file: /home/chun/projects/clineage-simulation/analysis/tmc-263803/tmc-003/case-17/reconstructed.newick
2018-06-19 06:29:13: 1 valid trees found in file: /home/chun/projects/clineage-simulation/analysis/tmc-263803/tmc-003/case-17/reconstructed.newick
2018-06-19 06:29:13: Start of calculation...please wait...
2018-06-19 06:29:13: 0.00% completed...
2018-06-19 06:29:13: 100.00% completed.
2018-06-19 06:29:13: End of calculation.
2018-06-19 06:29:13: Total calculation time: 28 ms.
                               metrics
No                              1.0000
RefTree                         1.0000
Tree                            1.0000
RefTree_taxa                   20.0000
Tree_taxa                      20.0000
Common_taxa                    20.0000
MatchingCluster                60.0000
MatchingCluster_toYuleAvg       0.7043
MatchingCluster_toUnifAvg       0.6168
R-F_Cluster                    12.5000
R-F_Cluster_toYuleAvg           0.7038
R-F_Cluster_toUnifAvg           0.7004
NodalSplitted                  37.9737
NodalSplitted_toYuleAvg         0.6526
NodalSplitted_toUnifAvg         0.5284
Triples                       704.0000
Triples_toYuleAvg               0.9210
Triples_toUnifAvg               0.9268
MatchingPair                  119.0000
MatchingPair_toYuleAvg          0.8845
MatchingPair_toUnifAvg          0.9045
MAST                           12.0000
MAST_toYuleAvg                  0.8995
MAST_toUnifAvg                  0.8919
CopheneticL2Metric             24.5153
CopheneticL2Metric_toYuleAvg    0.5520
CopheneticL2Metric_toUnifAvg    0.4513

                 Name         Avg  Std         Min         Max  Count
0     MatchingCluster   60.000000  0.0   60.000000   60.000000      1
1         R-F_Cluster   12.500000  0.0   12.500000   12.500000      1
2       NodalSplitted   37.973675  0.0   37.973675   37.973675      1
3             Triples  704.000000  0.0  704.000000  704.000000      1
4        MatchingPair  119.000000  0.0  119.000000  119.000000      1
5                MAST   12.000000  0.0   12.000000   12.000000      1
6  CopheneticL2Metric   24.515301  0.0   24.515301   24.515301      1
