                              metrics
No                             1.0000
RefTree                        1.0000
Tree                           1.0000
RefTree_taxa                  10.0000
Tree_taxa                     10.0000
Common_taxa                   10.0000
MatchingCluster                9.0000
MatchingCluster_toYuleAvg      0.3541
MatchingCluster_toUnifAvg      0.3404
R-F_Cluster                    3.0000
R-F_Cluster_toYuleAvg          0.3876
R-F_Cluster_toUnifAvg          0.3858
NodalSplitted                  9.9499
NodalSplitted_toYuleAvg        0.4914
NodalSplitted_toUnifAvg        0.4623
Triples                       24.0000
Triples_toYuleAvg              0.2994
Triples_toUnifAvg              0.3021
MatchingPair                  11.0000
MatchingPair_toYuleAvg         0.3977
MatchingPair_toUnifAvg         0.4066
MAST                           3.0000
MAST_toYuleAvg                 0.5573
MAST_toUnifAvg                 0.5606
CopheneticL2Metric             6.8557
CopheneticL2Metric_toYuleAvg   0.4186
CopheneticL2Metric_toUnifAvg   0.3993

                 Name        Avg  Std        Min        Max  Count
0     MatchingCluster   9.000000  0.0   9.000000   9.000000      1
1         R-F_Cluster   3.000000  0.0   3.000000   3.000000      1
2       NodalSplitted   9.949874  0.0   9.949874   9.949874      1
3             Triples  24.000000  0.0  24.000000  24.000000      1
4        MatchingPair  11.000000  0.0  11.000000  11.000000      1
5                MAST   3.000000  0.0   3.000000   3.000000      1
6  CopheneticL2Metric   6.855655  0.0   6.855655   6.855655      1
