                              metrics
No                             1.0000
RefTree                        1.0000
Tree                           1.0000
RefTree_taxa                   9.0000
Tree_taxa                      9.0000
Common_taxa                    9.0000
MatchingCluster                6.0000
MatchingCluster_toYuleAvg      0.2920
MatchingCluster_toUnifAvg      0.2812
R-F_Cluster                    1.5000
R-F_Cluster_toYuleAvg          0.2251
R-F_Cluster_toUnifAvg          0.2224
NodalSplitted                  7.8740
NodalSplitted_toYuleAvg        0.4654
NodalSplitted_toUnifAvg        0.4418
Triples                        7.0000
Triples_toYuleAvg              0.1252
Triples_toUnifAvg              0.1259
MatchingPair                   5.0000
MatchingPair_toYuleAvg         0.2359
MatchingPair_toUnifAvg         0.2390
MAST                           2.0000
MAST_toYuleAvg                 0.4361
MAST_toUnifAvg                 0.4292
CopheneticL2Metric             5.0990
CopheneticL2Metric_toYuleAvg   0.3651
CopheneticL2Metric_toUnifAvg   0.3521

                 Name       Avg  Std       Min       Max  Count
0     MatchingCluster  6.000000  0.0  6.000000  6.000000      1
1         R-F_Cluster  1.500000  0.0  1.500000  1.500000      1
2       NodalSplitted  7.874008  0.0  7.874008  7.874008      1
3             Triples  7.000000  0.0  7.000000  7.000000      1
4        MatchingPair  5.000000  0.0  5.000000  5.000000      1
5                MAST  2.000000  0.0  2.000000  2.000000      1
6  CopheneticL2Metric  5.099020  0.0  5.099020  5.099020      1
