                              metrics
No                             1.0000
RefTree                        1.0000
Tree                           1.0000
RefTree_taxa                  22.0000
Tree_taxa                     22.0000
Common_taxa                   22.0000
MatchingCluster               26.0000
MatchingCluster_toYuleAvg      0.2631
MatchingCluster_toUnifAvg      0.2245
R-F_Cluster                    4.5000
R-F_Cluster_toYuleAvg          0.2276
R-F_Cluster_toUnifAvg          0.2266
NodalSplitted                 23.7487
NodalSplitted_toYuleAvg        0.3565
NodalSplitted_toUnifAvg        0.2791
Triples                       83.0000
Triples_toYuleAvg              0.0809
Triples_toUnifAvg              0.0806
MatchingPair                  23.0000
MatchingPair_toYuleAvg         0.1396
MatchingPair_toUnifAvg         0.1420
MAST                           5.0000
MAST_toYuleAvg                 0.3334
MAST_toUnifAvg                 0.3310
CopheneticL2Metric            14.0357
CopheneticL2Metric_toYuleAvg   0.2761
CopheneticL2Metric_toUnifAvg   0.2237

                 Name        Avg  Std        Min        Max  Count
0     MatchingCluster  26.000000  0.0  26.000000  26.000000      1
1         R-F_Cluster   4.500000  0.0   4.500000   4.500000      1
2       NodalSplitted  23.748684  0.0  23.748684  23.748684      1
3             Triples  83.000000  0.0  83.000000  83.000000      1
4        MatchingPair  23.000000  0.0  23.000000  23.000000      1
5                MAST   5.000000  0.0   5.000000   5.000000      1
6  CopheneticL2Metric  14.035669  0.0  14.035669  14.035669      1
