                              metrics
No                             1.0000
RefTree                        1.0000
Tree                           1.0000
RefTree_taxa                   7.0000
Tree_taxa                      7.0000
Common_taxa                    7.0000
MatchingCluster                5.0000
MatchingCluster_toYuleAvg      0.3963
MatchingCluster_toUnifAvg      0.3947
R-F_Cluster                    2.0000
R-F_Cluster_toYuleAvg          0.4257
R-F_Cluster_toUnifAvg          0.4272
NodalSplitted                  5.2915
NodalSplitted_toYuleAvg        0.4824
NodalSplitted_toUnifAvg        0.4804
Triples                        3.0000
Triples_toYuleAvg              0.1279
Triples_toUnifAvg              0.1298
MatchingPair                   3.0000
MatchingPair_toYuleAvg         0.2643
MatchingPair_toUnifAvg         0.2683
MAST                           2.0000
MAST_toYuleAvg                 0.6283
MAST_toUnifAvg                 0.6217
CopheneticL2Metric             3.3166
CopheneticL2Metric_toYuleAvg   0.3629
CopheneticL2Metric_toUnifAvg   0.3556

                 Name       Avg  Std       Min       Max  Count
0     MatchingCluster  5.000000  0.0  5.000000  5.000000      1
1         R-F_Cluster  2.000000  0.0  2.000000  2.000000      1
2       NodalSplitted  5.291503  0.0  5.291503  5.291503      1
3             Triples  3.000000  0.0  3.000000  3.000000      1
4        MatchingPair  3.000000  0.0  3.000000  3.000000      1
5                MAST  2.000000  0.0  2.000000  2.000000      1
6  CopheneticL2Metric  3.316625  0.0  3.316625  3.316625      1
