                              metrics
No                             1.0000
RefTree                        1.0000
Tree                           1.0000
RefTree_taxa                   9.0000
Tree_taxa                      9.0000
Common_taxa                    9.0000
MatchingCluster                8.0000
MatchingCluster_toYuleAvg      0.3893
MatchingCluster_toUnifAvg      0.3749
R-F_Cluster                    2.0000
R-F_Cluster_toYuleAvg          0.3001
R-F_Cluster_toUnifAvg          0.2965
NodalSplitted                  8.2462
NodalSplitted_toYuleAvg        0.4874
NodalSplitted_toUnifAvg        0.4627
Triples                       10.0000
Triples_toYuleAvg              0.1788
Triples_toUnifAvg              0.1799
MatchingPair                   5.0000
MatchingPair_toYuleAvg         0.2359
MatchingPair_toUnifAvg         0.2390
MAST                           2.0000
MAST_toYuleAvg                 0.4361
MAST_toUnifAvg                 0.4292
CopheneticL2Metric             5.2915
CopheneticL2Metric_toYuleAvg   0.3789
CopheneticL2Metric_toUnifAvg   0.3654

                 Name        Avg  Std        Min        Max  Count
0     MatchingCluster   8.000000  0.0   8.000000   8.000000      1
1         R-F_Cluster   2.000000  0.0   2.000000   2.000000      1
2       NodalSplitted   8.246211  0.0   8.246211   8.246211      1
3             Triples  10.000000  0.0  10.000000  10.000000      1
4        MatchingPair   5.000000  0.0   5.000000   5.000000      1
5                MAST   2.000000  0.0   2.000000   2.000000      1
6  CopheneticL2Metric   5.291503  0.0   5.291503   5.291503      1
