                              metrics
No                             1.0000
RefTree                        1.0000
Tree                           1.0000
RefTree_taxa                  19.0000
Tree_taxa                     19.0000
Common_taxa                   19.0000
MatchingCluster               24.0000
MatchingCluster_toYuleAvg      0.3095
MatchingCluster_toUnifAvg      0.2700
R-F_Cluster                    5.5000
R-F_Cluster_toYuleAvg          0.3284
R-F_Cluster_toUnifAvg          0.3267
NodalSplitted                 22.4944
NodalSplitted_toYuleAvg        0.4182
NodalSplitted_toUnifAvg        0.3410
Triples                       97.0000
Triples_toYuleAvg              0.1507
Triples_toUnifAvg              0.1500
MatchingPair                  43.0000
MatchingPair_toYuleAvg         0.3593
MatchingPair_toUnifAvg         0.3651
MAST                           6.0000
MAST_toYuleAvg                 0.4794
MAST_toUnifAvg                 0.4757
CopheneticL2Metric            14.0000
CopheneticL2Metric_toYuleAvg   0.3316
CopheneticL2Metric_toUnifAvg   0.2843

                 Name        Avg  Std        Min        Max  Count
0     MatchingCluster  24.000000  0.0  24.000000  24.000000      1
1         R-F_Cluster   5.500000  0.0   5.500000   5.500000      1
2       NodalSplitted  22.494444  0.0  22.494444  22.494444      1
3             Triples  97.000000  0.0  97.000000  97.000000      1
4        MatchingPair  43.000000  0.0  43.000000  43.000000      1
5                MAST   6.000000  0.0   6.000000   6.000000      1
6  CopheneticL2Metric  14.000000  0.0  14.000000  14.000000      1
