                              metrics
No                             1.0000
RefTree                        1.0000
Tree                           1.0000
RefTree_taxa                  22.0000
Tree_taxa                     22.0000
Common_taxa                   22.0000
MatchingCluster               10.0000
MatchingCluster_toYuleAvg      0.1012
MatchingCluster_toUnifAvg      0.0863
R-F_Cluster                    2.5000
R-F_Cluster_toYuleAvg          0.1264
R-F_Cluster_toUnifAvg          0.1259
NodalSplitted                 13.7840
NodalSplitted_toYuleAvg        0.2069
NodalSplitted_toUnifAvg        0.1620
Triples                        9.0000
Triples_toYuleAvg              0.0088
Triples_toUnifAvg              0.0087
MatchingPair                   6.0000
MatchingPair_toYuleAvg         0.0364
MatchingPair_toUnifAvg         0.0371
MAST                           3.0000
MAST_toYuleAvg                 0.2000
MAST_toUnifAvg                 0.1986
CopheneticL2Metric             4.8990
CopheneticL2Metric_toYuleAvg   0.0964
CopheneticL2Metric_toUnifAvg   0.0781

                 Name        Avg  Std        Min        Max  Count
0     MatchingCluster  10.000000  0.0  10.000000  10.000000      1
1         R-F_Cluster   2.500000  0.0   2.500000   2.500000      1
2       NodalSplitted  13.784049  0.0  13.784049  13.784049      1
3             Triples   9.000000  0.0   9.000000   9.000000      1
4        MatchingPair   6.000000  0.0   6.000000   6.000000      1
5                MAST   3.000000  0.0   3.000000   3.000000      1
6  CopheneticL2Metric   4.898979  0.0   4.898979   4.898979      1
