                               metrics
No                              1.0000
RefTree                         1.0000
Tree                            1.0000
RefTree_taxa                   16.0000
Tree_taxa                      16.0000
Common_taxa                    16.0000
MatchingCluster                48.0000
MatchingCluster_toYuleAvg       0.8214
MatchingCluster_toUnifAvg       0.7434
R-F_Cluster                    10.5000
R-F_Cluster_toYuleAvg           0.7624
R-F_Cluster_toUnifAvg           0.7595
NodalSplitted                  37.1484
NodalSplitted_toYuleAvg         0.8826
NodalSplitted_toUnifAvg         0.7548
Triples                       350.0000
Triples_toYuleAvg               0.9380
Triples_toUnifAvg               0.9404
MatchingPair                   79.0000
MatchingPair_toYuleAvg          0.9674
MatchingPair_toUnifAvg          0.9870
MAST                           10.0000
MAST_toYuleAvg                  0.9935
MAST_toUnifAvg                  0.9876
CopheneticL2Metric             24.1454
CopheneticL2Metric_toYuleAvg    0.7347
CopheneticL2Metric_toUnifAvg    0.6492

                 Name         Avg  Std         Min         Max  Count
0     MatchingCluster   48.000000  0.0   48.000000   48.000000      1
1         R-F_Cluster   10.500000  0.0   10.500000   10.500000      1
2       NodalSplitted   37.148351  0.0   37.148351   37.148351      1
3             Triples  350.000000  0.0  350.000000  350.000000      1
4        MatchingPair   79.000000  0.0   79.000000   79.000000      1
5                MAST   10.000000  0.0   10.000000   10.000000      1
6  CopheneticL2Metric   24.145393  0.0   24.145393   24.145393      1
