                               metrics
No                              1.0000
RefTree                         1.0000
Tree                            1.0000
RefTree_taxa                   16.0000
Tree_taxa                      16.0000
Common_taxa                    16.0000
MatchingCluster                22.0000
MatchingCluster_toYuleAvg       0.3765
MatchingCluster_toUnifAvg       0.3407
R-F_Cluster                     5.0000
R-F_Cluster_toYuleAvg           0.3631
R-F_Cluster_toUnifAvg           0.3617
NodalSplitted                  20.0000
NodalSplitted_toYuleAvg         0.4752
NodalSplitted_toUnifAvg         0.4064
Triples                       132.0000
Triples_toYuleAvg               0.3538
Triples_toUnifAvg               0.3547
MatchingPair                   36.0000
MatchingPair_toYuleAvg          0.4408
MatchingPair_toUnifAvg          0.4498
MAST                            5.0000
MAST_toYuleAvg                  0.4968
MAST_toUnifAvg                  0.4938
CopheneticL2Metric             12.3288
CopheneticL2Metric_toYuleAvg    0.3751
CopheneticL2Metric_toUnifAvg    0.3315

                 Name         Avg  Std         Min         Max  Count
0     MatchingCluster   22.000000  0.0   22.000000   22.000000      1
1         R-F_Cluster    5.000000  0.0    5.000000    5.000000      1
2       NodalSplitted   20.000000  0.0   20.000000   20.000000      1
3             Triples  132.000000  0.0  132.000000  132.000000      1
4        MatchingPair   36.000000  0.0   36.000000   36.000000      1
5                MAST    5.000000  0.0    5.000000    5.000000      1
6  CopheneticL2Metric   12.328828  0.0   12.328828   12.328828      1
