                               metrics
No                              1.0000
RefTree                         1.0000
Tree                            1.0000
RefTree_taxa                   18.0000
Tree_taxa                      18.0000
Common_taxa                    18.0000
MatchingCluster                31.0000
MatchingCluster_toYuleAvg       0.4364
MatchingCluster_toUnifAvg       0.3855
R-F_Cluster                    11.5000
R-F_Cluster_toYuleAvg           0.7285
R-F_Cluster_toUnifAvg           0.7267
NodalSplitted                  20.9045
NodalSplitted_toYuleAvg         0.4205
NodalSplitted_toUnifAvg         0.3449
Triples                       225.0000
Triples_toYuleAvg               0.4116
Triples_toUnifAvg               0.4144
MatchingPair                   57.0000
MatchingPair_toYuleAvg          0.5358
MatchingPair_toUnifAvg          0.5480
MAST                            9.0000
MAST_toYuleAvg                  0.7668
MAST_toUnifAvg                  0.7647
CopheneticL2Metric             10.5830
CopheneticL2Metric_toYuleAvg    0.2697
CopheneticL2Metric_toUnifAvg    0.2341

                 Name         Avg  Std         Min         Max  Count
0     MatchingCluster   31.000000  0.0   31.000000   31.000000      1
1         R-F_Cluster   11.500000  0.0   11.500000   11.500000      1
2       NodalSplitted   20.904545  0.0   20.904545   20.904545      1
3             Triples  225.000000  0.0  225.000000  225.000000      1
4        MatchingPair   57.000000  0.0   57.000000   57.000000      1
5                MAST    9.000000  0.0    9.000000    9.000000      1
6  CopheneticL2Metric   10.583005  0.0   10.583005   10.583005      1
