                              metrics
No                             1.0000
RefTree                        1.0000
Tree                           1.0000
RefTree_taxa                   8.0000
Tree_taxa                      8.0000
Common_taxa                    8.0000
MatchingCluster                9.0000
MatchingCluster_toYuleAvg      0.5494
MatchingCluster_toUnifAvg      0.5289
R-F_Cluster                    2.5000
R-F_Cluster_toYuleAvg          0.4374
R-F_Cluster_toUnifAvg          0.4338
NodalSplitted                  6.7082
NodalSplitted_toYuleAvg        0.4888
NodalSplitted_toUnifAvg        0.4639
Triples                       20.0000
Triples_toYuleAvg              0.5406
Triples_toUnifAvg              0.5290
MatchingPair                   8.0000
MatchingPair_toYuleAvg         0.5042
MatchingPair_toUnifAvg         0.5024
MAST                           4.0000
MAST_toYuleAvg                 1.0270
MAST_toUnifAvg                 1.0196
CopheneticL2Metric             5.0000
CopheneticL2Metric_toYuleAvg   0.4388
CopheneticL2Metric_toUnifAvg   0.4236

                 Name        Avg  Std        Min        Max  Count
0     MatchingCluster   9.000000  0.0   9.000000   9.000000      1
1         R-F_Cluster   2.500000  0.0   2.500000   2.500000      1
2       NodalSplitted   6.708204  0.0   6.708204   6.708204      1
3             Triples  20.000000  0.0  20.000000  20.000000      1
4        MatchingPair   8.000000  0.0   8.000000   8.000000      1
5                MAST   4.000000  0.0   4.000000   4.000000      1
6  CopheneticL2Metric   5.000000  0.0   5.000000   5.000000      1
