                              metrics
No                             1.0000
RefTree                        1.0000
Tree                           1.0000
RefTree_taxa                   6.0000
Tree_taxa                      6.0000
Common_taxa                    6.0000
MatchingCluster                2.0000
MatchingCluster_toYuleAvg      0.2211
MatchingCluster_toUnifAvg      0.2184
R-F_Cluster                    0.5000
R-F_Cluster_toYuleAvg          0.1364
R-F_Cluster_toUnifAvg          0.1363
NodalSplitted                  2.8284
NodalSplitted_toYuleAvg        0.3471
NodalSplitted_toUnifAvg        0.3416
Triples                        2.0000
Triples_toYuleAvg              0.1495
Triples_toUnifAvg              0.1480
MatchingPair                   1.0000
MatchingPair_toYuleAvg         0.1329
MatchingPair_toUnifAvg         0.1327
MAST                           1.0000
MAST_toYuleAvg                 0.3984
MAST_toUnifAvg                 0.3978
CopheneticL2Metric             1.7321
CopheneticL2Metric_toYuleAvg   0.2478
CopheneticL2Metric_toUnifAvg   0.2443

                 Name       Avg  Std       Min       Max  Count
0     MatchingCluster  2.000000  0.0  2.000000  2.000000      1
1         R-F_Cluster  0.500000  0.0  0.500000  0.500000      1
2       NodalSplitted  2.828427  0.0  2.828427  2.828427      1
3             Triples  2.000000  0.0  2.000000  2.000000      1
4        MatchingPair  1.000000  0.0  1.000000  1.000000      1
5                MAST  1.000000  0.0  1.000000  1.000000      1
6  CopheneticL2Metric  1.732051  0.0  1.732051  1.732051      1
