
                            < M A T L A B (R) >
                  Copyright 1984-2017 The MathWorks, Inc.
                   R2017a (9.2.0.538062) 64-bit (glnxa64)
                             February 23, 2017

 
To get started, type one of these: helpwin, helpdesk, or demo.
For product information, visit www.mathworks.com.
 
Running "Run1", Seed: 136069
 *** Finished Simulation Run ***

config-10.json #############################################

[#.........] | Progress: 1 | Time: 0.0s | ETA: --[.#........] | Progress: 16 | Time: 0.1s | ETA: --[..#.......] | Progress: 31 | Time: 0.1s | ETA: --[...#......] | Progress: 46 | Time: 0.2s | ETA: --[....#.....] | Progress: 61 | Time: 0.2s | ETA: --[.....#....] | Progress: 76 | Time: 0.3s | ETA: --[......#...] | Progress: 91 | Time: 0.3s | ETA: --[.......#..] | Progress: 106 | Time: 0.4s | ETA: --[........#.] | Progress: 121 | Time: 0.4s | ETA: --[.........#] | Progress: 136 | Time: 0.5s | ETA: --[........#.] | Progress: 151 | Time: 0.5s | ETA: --[.......#..] | Progress: 166 | Time: 0.6s | ETA: --[......#...] | Progress: 181 | Time: 0.6s | ETA: --[.....#....] | Progress: 196 | Time: 0.7s | ETA: --[##########] | Progress: 207 | Time: 0.7s | ETA: --fit<>, fid</home/chun/projects/clineage-simulation/analysis/tmc-136069/tmc-009/case-10/triplets-list.raw.txt>, flg<treeReconstruction.log>, frt<resTree.tree>, frtN</home/chun/projects/clineage-simulation/analysis/tmc-136069/tmc-009/case-10/reconstructed.tmp.newick>, fsd<qqq.dat>, fst<simul.tree>, -->index=2
Read triplets from file...
Read triplets from file...Finished
N_triplets = 207, idMaxFound = 13
treeBuildBasedOnTriplets_run...
make_isTogetherInTripletAndDeleteExtraTriplets: Finished
maxCut with 13 nodes: Finished
treeBuildBasedOnTriplets_run...Finished
Saving tree to file...
Saving tree to file...Finished

                            < M A T L A B (R) >
                  Copyright 1984-2017 The MathWorks, Inc.
                   R2017a (9.2.0.538062) 64-bit (glnxa64)
                             February 23, 2017

 
To get started, type one of these: helpwin, helpdesk, or demo.
For product information, visit www.mathworks.com.
 
TreeCmp version build2

Active options:
Type of the analysis:  ref-to-all comparison mode (-r)
Metrics:
  1. MatchingCluster (mc)
  2. R-F_Cluster (rc)
  3. NodalSplitted (ns)
  4. Triples (tt)
  5. MatchingPair (mp)
  6. MAST (mt)
  7. CopheneticL2Metric (co)
Input file: /home/chun/projects/clineage-simulation/analysis/tmc-136069/tmc-009/case-10/reconstructed.newick
Output file: /home/chun/projects/clineage-simulation/analysis/tmc-136069/tmc-009/case-10/scores.raw.out
Additional options:
N - Report normalized distances.
P - Prune compared trees if needed (trees can have different leaf sets).
I - Include summary section in the output file.
-----
2018-06-19 06:54:10: Start of reading random statistics.
2018-06-19 06:54:10: End of reading random statistics.
2018-06-19 06:54:10: Start of scanning input file: /home/chun/projects/clineage-simulation/analysis/tmc-136069/tmc-009/case-10/reconstructed.newick
2018-06-19 06:54:10: End of scanning input file: /home/chun/projects/clineage-simulation/analysis/tmc-136069/tmc-009/case-10/reconstructed.newick
2018-06-19 06:54:10: 1 valid trees found in file: /home/chun/projects/clineage-simulation/analysis/tmc-136069/tmc-009/case-10/reconstructed.newick
2018-06-19 06:54:10: Start of calculation...please wait...
2018-06-19 06:54:10: 0.00% completed...
2018-06-19 06:54:10: 100.00% completed.
2018-06-19 06:54:10: End of calculation.
2018-06-19 06:54:10: Total calculation time: 20 ms.
                              metrics
No                             1.0000
RefTree                        1.0000
Tree                           1.0000
RefTree_taxa                  13.0000
Tree_taxa                     13.0000
Common_taxa                   13.0000
MatchingCluster                8.0000
MatchingCluster_toYuleAvg      0.1959
MatchingCluster_toUnifAvg      0.1814
R-F_Cluster                    2.0000
R-F_Cluster_toYuleAvg          0.1855
R-F_Cluster_toUnifAvg          0.1848
NodalSplitted                  9.2736
NodalSplitted_toYuleAvg        0.3028
NodalSplitted_toUnifAvg        0.2675
Triples                        5.0000
Triples_toYuleAvg              0.0262
Triples_toUnifAvg              0.0262
MatchingPair                   5.0000
MatchingPair_toYuleAvg         0.0982
MatchingPair_toUnifAvg         0.0998
MAST                           3.0000
MAST_toYuleAvg                 0.3898
MAST_toUnifAvg                 0.3863
CopheneticL2Metric             4.0000
CopheneticL2Metric_toYuleAvg   0.1649
CopheneticL2Metric_toUnifAvg   0.1497

                 Name       Avg  Std       Min       Max  Count
0     MatchingCluster  8.000000  0.0  8.000000  8.000000      1
1         R-F_Cluster  2.000000  0.0  2.000000  2.000000      1
2       NodalSplitted  9.273618  0.0  9.273618  9.273618      1
3             Triples  5.000000  0.0  5.000000  5.000000      1
4        MatchingPair  5.000000  0.0  5.000000  5.000000      1
5                MAST  3.000000  0.0  3.000000  3.000000      1
6  CopheneticL2Metric  4.000000  0.0  4.000000  4.000000      1
