                              metrics
No                             1.0000
RefTree                        1.0000
Tree                           1.0000
RefTree_taxa                  23.0000
Tree_taxa                     23.0000
Common_taxa                   23.0000
MatchingCluster                8.0000
MatchingCluster_toYuleAvg      0.0754
MatchingCluster_toUnifAvg      0.0645
R-F_Cluster                    2.0000
R-F_Cluster_toYuleAvg          0.0963
R-F_Cluster_toUnifAvg          0.0961
NodalSplitted                 12.8062
NodalSplitted_toYuleAvg        0.1815
NodalSplitted_toUnifAvg        0.1429
Triples                        6.0000
Triples_toYuleAvg              0.0051
Triples_toUnifAvg              0.0051
MatchingPair                   6.0000
MatchingPair_toYuleAvg         0.0329
MatchingPair_toUnifAvg         0.0336
MAST                           2.0000
MAST_toYuleAvg                 0.1261
MAST_toUnifAvg                 0.1249
CopheneticL2Metric             4.6904
CopheneticL2Metric_toYuleAvg   0.0866
CopheneticL2Metric_toUnifAvg   0.0695

                 Name        Avg  Std        Min        Max  Count
0     MatchingCluster   8.000000  0.0   8.000000   8.000000      1
1         R-F_Cluster   2.000000  0.0   2.000000   2.000000      1
2       NodalSplitted  12.806248  0.0  12.806248  12.806248      1
3             Triples   6.000000  0.0   6.000000   6.000000      1
4        MatchingPair   6.000000  0.0   6.000000   6.000000      1
5                MAST   2.000000  0.0   2.000000   2.000000      1
6  CopheneticL2Metric   4.690416  0.0   4.690416   4.690416      1
