                               metrics
No                              1.0000
RefTree                         1.0000
Tree                            1.0000
RefTree_taxa                   20.0000
Tree_taxa                      20.0000
Common_taxa                    20.0000
MatchingCluster                41.0000
MatchingCluster_toYuleAvg       0.4813
MatchingCluster_toUnifAvg       0.4215
R-F_Cluster                    10.0000
R-F_Cluster_toYuleAvg           0.5630
R-F_Cluster_toUnifAvg           0.5603
NodalSplitted                  36.6470
NodalSplitted_toYuleAvg         0.6298
NodalSplitted_toUnifAvg         0.5099
Triples                       338.0000
Triples_toYuleAvg               0.4422
Triples_toUnifAvg               0.4450
MatchingPair                   80.0000
MatchingPair_toYuleAvg          0.5946
MatchingPair_toUnifAvg          0.6081
MAST                           10.0000
MAST_toYuleAvg                  0.7496
MAST_toUnifAvg                  0.7433
CopheneticL2Metric             24.9199
CopheneticL2Metric_toYuleAvg    0.5611
CopheneticL2Metric_toUnifAvg    0.4587

                 Name         Avg  Std         Min         Max  Count
0     MatchingCluster   41.000000  0.0   41.000000   41.000000      1
1         R-F_Cluster   10.000000  0.0   10.000000   10.000000      1
2       NodalSplitted   36.646964  0.0   36.646964   36.646964      1
3             Triples  338.000000  0.0  338.000000  338.000000      1
4        MatchingPair   80.000000  0.0   80.000000   80.000000      1
5                MAST   10.000000  0.0   10.000000   10.000000      1
6  CopheneticL2Metric   24.919872  0.0   24.919872   24.919872      1
