                               metrics
No                              1.0000
RefTree                         1.0000
Tree                            1.0000
RefTree_taxa                   22.0000
Tree_taxa                      22.0000
Common_taxa                    22.0000
MatchingCluster                36.0000
MatchingCluster_toYuleAvg       0.3643
MatchingCluster_toUnifAvg       0.3109
R-F_Cluster                     6.0000
R-F_Cluster_toYuleAvg           0.3035
R-F_Cluster_toUnifAvg           0.3021
NodalSplitted                  31.5595
NodalSplitted_toYuleAvg         0.4738
NodalSplitted_toUnifAvg         0.3709
Triples                       134.0000
Triples_toYuleAvg               0.1306
Triples_toUnifAvg               0.1302
MatchingPair                   39.0000
MatchingPair_toYuleAvg          0.2367
MatchingPair_toUnifAvg          0.2409
MAST                            7.0000
MAST_toYuleAvg                  0.4667
MAST_toUnifAvg                  0.4633
CopheneticL2Metric             21.7256
CopheneticL2Metric_toYuleAvg    0.4274
CopheneticL2Metric_toUnifAvg    0.3462

                 Name         Avg  Std         Min         Max  Count
0     MatchingCluster   36.000000  0.0   36.000000   36.000000      1
1         R-F_Cluster    6.000000  0.0    6.000000    6.000000      1
2       NodalSplitted   31.559468  0.0   31.559468   31.559468      1
3             Triples  134.000000  0.0  134.000000  134.000000      1
4        MatchingPair   39.000000  0.0   39.000000   39.000000      1
5                MAST    7.000000  0.0    7.000000    7.000000      1
6  CopheneticL2Metric   21.725561  0.0   21.725561   21.725561      1
