                              metrics
No                             1.0000
RefTree                        1.0000
Tree                           1.0000
RefTree_taxa                   9.0000
Tree_taxa                      9.0000
Common_taxa                    9.0000
MatchingCluster               11.0000
MatchingCluster_toYuleAvg      0.5353
MatchingCluster_toUnifAvg      0.5155
R-F_Cluster                    3.0000
R-F_Cluster_toYuleAvg          0.4501
R-F_Cluster_toUnifAvg          0.4447
NodalSplitted                 10.2956
NodalSplitted_toYuleAvg        0.6086
NodalSplitted_toUnifAvg        0.5777
Triples                       16.0000
Triples_toYuleAvg              0.2861
Triples_toUnifAvg              0.2878
MatchingPair                   9.0000
MatchingPair_toYuleAvg         0.4245
MatchingPair_toUnifAvg         0.4302
MAST                           3.0000
MAST_toYuleAvg                 0.6542
MAST_toUnifAvg                 0.6438
CopheneticL2Metric             7.4162
CopheneticL2Metric_toYuleAvg   0.5310
CopheneticL2Metric_toUnifAvg   0.5121

                 Name        Avg  Std        Min        Max  Count
0     MatchingCluster  11.000000  0.0  11.000000  11.000000      1
1         R-F_Cluster   3.000000  0.0   3.000000   3.000000      1
2       NodalSplitted  10.295630  0.0  10.295630  10.295630      1
3             Triples  16.000000  0.0  16.000000  16.000000      1
4        MatchingPair   9.000000  0.0   9.000000   9.000000      1
5                MAST   3.000000  0.0   3.000000   3.000000      1
6  CopheneticL2Metric   7.416198  0.0   7.416198   7.416198      1
