                               metrics
No                              1.0000
RefTree                         1.0000
Tree                            1.0000
RefTree_taxa                   21.0000
Tree_taxa                      21.0000
Common_taxa                    21.0000
MatchingCluster                56.0000
MatchingCluster_toYuleAvg       0.6114
MatchingCluster_toUnifAvg       0.5294
R-F_Cluster                    14.0000
R-F_Cluster_toYuleAvg           0.7458
R-F_Cluster_toUnifAvg           0.7427
NodalSplitted                  33.6452
NodalSplitted_toYuleAvg         0.5464
NodalSplitted_toUnifAvg         0.4323
Triples                       748.0000
Triples_toYuleAvg               0.8424
Triples_toUnifAvg               0.8439
MatchingPair                  128.0000
MatchingPair_toYuleAvg          0.8570
MatchingPair_toUnifAvg          0.8744
MAST                           12.0000
MAST_toYuleAvg                  0.8466
MAST_toUnifAvg                  0.8406
CopheneticL2Metric             24.6982
CopheneticL2Metric_toYuleAvg    0.5191
CopheneticL2Metric_toUnifAvg    0.4275

                 Name         Avg  Std         Min         Max  Count
0     MatchingCluster   56.000000  0.0   56.000000   56.000000      1
1         R-F_Cluster   14.000000  0.0   14.000000   14.000000      1
2       NodalSplitted   33.645208  0.0   33.645208   33.645208      1
3             Triples  748.000000  0.0  748.000000  748.000000      1
4        MatchingPair  128.000000  0.0  128.000000  128.000000      1
5                MAST   12.000000  0.0   12.000000   12.000000      1
6  CopheneticL2Metric   24.698178  0.0   24.698178   24.698178      1
