                              metrics
No                             1.0000
RefTree                        1.0000
Tree                           1.0000
RefTree_taxa                  16.0000
Tree_taxa                     16.0000
Common_taxa                   16.0000
MatchingCluster               10.0000
MatchingCluster_toYuleAvg      0.1711
MatchingCluster_toUnifAvg      0.1549
R-F_Cluster                    2.5000
R-F_Cluster_toYuleAvg          0.1815
R-F_Cluster_toUnifAvg          0.1808
NodalSplitted                 11.7473
NodalSplitted_toYuleAvg        0.2791
NodalSplitted_toUnifAvg        0.2387
Triples                        9.0000
Triples_toYuleAvg              0.0241
Triples_toUnifAvg              0.0242
MatchingPair                   8.0000
MatchingPair_toYuleAvg         0.0980
MatchingPair_toUnifAvg         0.1000
MAST                           3.0000
MAST_toYuleAvg                 0.2981
MAST_toUnifAvg                 0.2963
CopheneticL2Metric             4.8990
CopheneticL2Metric_toYuleAvg   0.1491
CopheneticL2Metric_toUnifAvg   0.1317

                 Name        Avg  Std        Min        Max  Count
0     MatchingCluster  10.000000  0.0  10.000000  10.000000      1
1         R-F_Cluster   2.500000  0.0   2.500000   2.500000      1
2       NodalSplitted  11.747340  0.0  11.747340  11.747340      1
3             Triples   9.000000  0.0   9.000000   9.000000      1
4        MatchingPair   8.000000  0.0   8.000000   8.000000      1
5                MAST   3.000000  0.0   3.000000   3.000000      1
6  CopheneticL2Metric   4.898979  0.0   4.898979   4.898979      1
