
                            < M A T L A B (R) >
                  Copyright 1984-2017 The MathWorks, Inc.
                   R2017a (9.2.0.538062) 64-bit (glnxa64)
                             February 23, 2017

 
To get started, type one of these: helpwin, helpdesk, or demo.
For product information, visit www.mathworks.com.
 
Running "Run1", Seed: 145539
 *** Finished Simulation Run ***

config-09.json #############################################

[#.........] | Progress: 1 | Time: 0.0s | ETA: --[.#........] | Progress: 149 | Time: 0.1s | ETA: --[##########] | Progress: 162 | Time: 0.1s | ETA: --fit<>, fid</home/chun/projects/clineage-simulation/analysis/tmc-145539/tmc-003/case-09/triplets-list.raw.txt>, flg<treeReconstruction.log>, frt<resTree.tree>, frtN</home/chun/projects/clineage-simulation/analysis/tmc-145539/tmc-003/case-09/reconstructed.tmp.newick>, fsd<qqq.dat>, fst<simul.tree>, -->index=2
Read triplets from file...
Read triplets from file...Finished
N_triplets = 156, idMaxFound = 12
treeBuildBasedOnTriplets_run...
make_isTogetherInTripletAndDeleteExtraTriplets: Finished
maxCut with 12 nodes: Finished
treeBuildBasedOnTriplets_run...Finished
Saving tree to file...
Saving tree to file...Finished

                            < M A T L A B (R) >
                  Copyright 1984-2017 The MathWorks, Inc.
                   R2017a (9.2.0.538062) 64-bit (glnxa64)
                             February 23, 2017

 
To get started, type one of these: helpwin, helpdesk, or demo.
For product information, visit www.mathworks.com.
 
TreeCmp version build2

Active options:
Type of the analysis:  ref-to-all comparison mode (-r)
Metrics:
  1. MatchingCluster (mc)
  2. R-F_Cluster (rc)
  3. NodalSplitted (ns)
  4. Triples (tt)
  5. MatchingPair (mp)
  6. MAST (mt)
  7. CopheneticL2Metric (co)
Input file: /home/chun/projects/clineage-simulation/analysis/tmc-145539/tmc-003/case-09/reconstructed.newick
Output file: /home/chun/projects/clineage-simulation/analysis/tmc-145539/tmc-003/case-09/scores.raw.out
Additional options:
N - Report normalized distances.
P - Prune compared trees if needed (trees can have different leaf sets).
I - Include summary section in the output file.
-----
2018-06-19 06:47:58: Start of reading random statistics.
2018-06-19 06:47:58: End of reading random statistics.
2018-06-19 06:47:58: Start of scanning input file: /home/chun/projects/clineage-simulation/analysis/tmc-145539/tmc-003/case-09/reconstructed.newick
2018-06-19 06:47:58: End of scanning input file: /home/chun/projects/clineage-simulation/analysis/tmc-145539/tmc-003/case-09/reconstructed.newick
2018-06-19 06:47:58: 1 valid trees found in file: /home/chun/projects/clineage-simulation/analysis/tmc-145539/tmc-003/case-09/reconstructed.newick
2018-06-19 06:47:58: Start of calculation...please wait...
2018-06-19 06:47:58: 0.00% completed...
2018-06-19 06:47:58: 100.00% completed.
2018-06-19 06:47:58: End of calculation.
2018-06-19 06:47:58: Total calculation time: 24 ms.
                              metrics
No                             1.0000
RefTree                        1.0000
Tree                           1.0000
RefTree_taxa                  12.0000
Tree_taxa                     12.0000
Common_taxa                   12.0000
MatchingCluster                8.0000
MatchingCluster_toYuleAvg      0.2253
MatchingCluster_toUnifAvg      0.2116
R-F_Cluster                    3.0000
R-F_Cluster_toYuleAvg          0.3077
R-F_Cluster_toUnifAvg          0.3065
NodalSplitted                  8.9443
NodalSplitted_toYuleAvg        0.3284
NodalSplitted_toUnifAvg        0.2989
Triples                       12.0000
Triples_toYuleAvg              0.0815
Triples_toUnifAvg              0.0818
MatchingPair                   8.0000
MatchingPair_toYuleAvg         0.1891
MatchingPair_toUnifAvg         0.1916
MAST                           3.0000
MAST_toYuleAvg                 0.4354
MAST_toUnifAvg                 0.4311
CopheneticL2Metric             4.5826
CopheneticL2Metric_toYuleAvg   0.2114
CopheneticL2Metric_toUnifAvg   0.1945

                 Name        Avg  Std        Min        Max  Count
0     MatchingCluster   8.000000  0.0   8.000000   8.000000      1
1         R-F_Cluster   3.000000  0.0   3.000000   3.000000      1
2       NodalSplitted   8.944272  0.0   8.944272   8.944272      1
3             Triples  12.000000  0.0  12.000000  12.000000      1
4        MatchingPair   8.000000  0.0   8.000000   8.000000      1
5                MAST   3.000000  0.0   3.000000   3.000000      1
6  CopheneticL2Metric   4.582576  0.0   4.582576   4.582576      1
