
                            < M A T L A B (R) >
                  Copyright 1984-2017 The MathWorks, Inc.
                   R2017a (9.2.0.538062) 64-bit (glnxa64)
                             February 23, 2017

 
To get started, type one of these: helpwin, helpdesk, or demo.
For product information, visit www.mathworks.com.
 
Running "Run1", Seed: 145539
 *** Finished Simulation Run ***

config-16.json #############################################

[#.........] | Progress: 1 | Time: 0.0s | ETA: --[.#........] | Progress: 234 | Time: 0.1s | ETA: --[..#.......] | Progress: 465 | Time: 0.1s | ETA: --[##########] | Progress: 661 | Time: 0.1s | ETA: --fit<>, fid</home/chun/projects/clineage-simulation/analysis/tmc-145539/tmc-003/case-16/triplets-list.raw.txt>, flg<treeReconstruction.log>, frt<resTree.tree>, frtN</home/chun/projects/clineage-simulation/analysis/tmc-145539/tmc-003/case-16/reconstructed.tmp.newick>, fsd<qqq.dat>, fst<simul.tree>, -->index=2
Read triplets from file...
Read triplets from file...Finished
N_triplets = 638, idMaxFound = 19
treeBuildBasedOnTriplets_run...
make_isTogetherInTripletAndDeleteExtraTriplets: Finished
maxCut with 19 nodes: Finished
maxCut with 8 nodes: Finished
maxCut with 11 nodes: Finished
maxCut with 6 nodes: Finished
treeBuildBasedOnTriplets_run...Finished
Saving tree to file...
Saving tree to file...Finished

                            < M A T L A B (R) >
                  Copyright 1984-2017 The MathWorks, Inc.
                   R2017a (9.2.0.538062) 64-bit (glnxa64)
                             February 23, 2017

 
To get started, type one of these: helpwin, helpdesk, or demo.
For product information, visit www.mathworks.com.
 
TreeCmp version build2

Active options:
Type of the analysis:  ref-to-all comparison mode (-r)
Metrics:
  1. MatchingCluster (mc)
  2. R-F_Cluster (rc)
  3. NodalSplitted (ns)
  4. Triples (tt)
  5. MatchingPair (mp)
  6. MAST (mt)
  7. CopheneticL2Metric (co)
Input file: /home/chun/projects/clineage-simulation/analysis/tmc-145539/tmc-003/case-16/reconstructed.newick
Output file: /home/chun/projects/clineage-simulation/analysis/tmc-145539/tmc-003/case-16/scores.raw.out
Additional options:
N - Report normalized distances.
P - Prune compared trees if needed (trees can have different leaf sets).
I - Include summary section in the output file.
-----
2018-06-19 06:47:58: Start of reading random statistics.
2018-06-19 06:47:58: End of reading random statistics.
2018-06-19 06:47:58: Start of scanning input file: /home/chun/projects/clineage-simulation/analysis/tmc-145539/tmc-003/case-16/reconstructed.newick
2018-06-19 06:47:58: End of scanning input file: /home/chun/projects/clineage-simulation/analysis/tmc-145539/tmc-003/case-16/reconstructed.newick
2018-06-19 06:47:58: 1 valid trees found in file: /home/chun/projects/clineage-simulation/analysis/tmc-145539/tmc-003/case-16/reconstructed.newick
2018-06-19 06:47:58: Start of calculation...please wait...
2018-06-19 06:47:58: 0.00% completed...
2018-06-19 06:47:58: 100.00% completed.
2018-06-19 06:47:58: End of calculation.
2018-06-19 06:47:58: Total calculation time: 28 ms.
                               metrics
No                              1.0000
RefTree                         1.0000
Tree                            1.0000
RefTree_taxa                   19.0000
Tree_taxa                      19.0000
Common_taxa                    19.0000
MatchingCluster                37.0000
MatchingCluster_toYuleAvg       0.4771
MatchingCluster_toUnifAvg       0.4163
R-F_Cluster                    10.5000
R-F_Cluster_toYuleAvg           0.6270
R-F_Cluster_toUnifAvg           0.6238
NodalSplitted                  28.5657
NodalSplitted_toYuleAvg         0.5311
NodalSplitted_toUnifAvg         0.4330
Triples                       283.0000
Triples_toYuleAvg               0.4398
Triples_toUnifAvg               0.4376
MatchingPair                   70.0000
MatchingPair_toYuleAvg          0.5849
MatchingPair_toUnifAvg          0.5943
MAST                            9.0000
MAST_toYuleAvg                  0.7191
MAST_toUnifAvg                  0.7135
CopheneticL2Metric             15.7480
CopheneticL2Metric_toYuleAvg    0.3731
CopheneticL2Metric_toUnifAvg    0.3198

                 Name         Avg  Std         Min         Max  Count
0     MatchingCluster   37.000000  0.0   37.000000   37.000000      1
1         R-F_Cluster   10.500000  0.0   10.500000   10.500000      1
2       NodalSplitted   28.565714  0.0   28.565714   28.565714      1
3             Triples  283.000000  0.0  283.000000  283.000000      1
4        MatchingPair   70.000000  0.0   70.000000   70.000000      1
5                MAST    9.000000  0.0    9.000000    9.000000      1
6  CopheneticL2Metric   15.748016  0.0   15.748016   15.748016      1
