
                            < M A T L A B (R) >
                  Copyright 1984-2017 The MathWorks, Inc.
                   R2017a (9.2.0.538062) 64-bit (glnxa64)
                             February 23, 2017

 
To get started, type one of these: helpwin, helpdesk, or demo.
For product information, visit www.mathworks.com.
 
Running "Run1", Seed: 145539
 *** Finished Simulation Run ***

config-13.json #############################################

[#.........] | Progress: 1 | Time: 0.0s | ETA: --[.#........] | Progress: 227 | Time: 0.1s | ETA: --[##########] | Progress: 390 | Time: 0.1s | ETA: --fit<>, fid</home/chun/projects/clineage-simulation/analysis/tmc-145539/tmc-003/case-13/triplets-list.raw.txt>, flg<treeReconstruction.log>, frt<resTree.tree>, frtN</home/chun/projects/clineage-simulation/analysis/tmc-145539/tmc-003/case-13/reconstructed.tmp.newick>, fsd<qqq.dat>, fst<simul.tree>, -->index=2
Read triplets from file...
Read triplets from file...Finished
N_triplets = 378, idMaxFound = 16
treeBuildBasedOnTriplets_run...
make_isTogetherInTripletAndDeleteExtraTriplets: Finished
maxCut with 16 nodes: Finished
maxCut with 9 nodes: Finished
maxCut with 7 nodes: Finished
treeBuildBasedOnTriplets_run...Finished
Saving tree to file...
Saving tree to file...Finished

                            < M A T L A B (R) >
                  Copyright 1984-2017 The MathWorks, Inc.
                   R2017a (9.2.0.538062) 64-bit (glnxa64)
                             February 23, 2017

 
To get started, type one of these: helpwin, helpdesk, or demo.
For product information, visit www.mathworks.com.
 
TreeCmp version build2

Active options:
Type of the analysis:  ref-to-all comparison mode (-r)
Metrics:
  1. MatchingCluster (mc)
  2. R-F_Cluster (rc)
  3. NodalSplitted (ns)
  4. Triples (tt)
  5. MatchingPair (mp)
  6. MAST (mt)
  7. CopheneticL2Metric (co)
Input file: /home/chun/projects/clineage-simulation/analysis/tmc-145539/tmc-003/case-13/reconstructed.newick
Output file: /home/chun/projects/clineage-simulation/analysis/tmc-145539/tmc-003/case-13/scores.raw.out
Additional options:
N - Report normalized distances.
P - Prune compared trees if needed (trees can have different leaf sets).
I - Include summary section in the output file.
-----
2018-06-19 06:47:50: Start of reading random statistics.
2018-06-19 06:47:50: End of reading random statistics.
2018-06-19 06:47:50: Start of scanning input file: /home/chun/projects/clineage-simulation/analysis/tmc-145539/tmc-003/case-13/reconstructed.newick
2018-06-19 06:47:50: End of scanning input file: /home/chun/projects/clineage-simulation/analysis/tmc-145539/tmc-003/case-13/reconstructed.newick
2018-06-19 06:47:50: 1 valid trees found in file: /home/chun/projects/clineage-simulation/analysis/tmc-145539/tmc-003/case-13/reconstructed.newick
2018-06-19 06:47:50: Start of calculation...please wait...
2018-06-19 06:47:50: 0.00% completed...
2018-06-19 06:47:50: 100.00% completed.
2018-06-19 06:47:50: End of calculation.
2018-06-19 06:47:50: Total calculation time: 24 ms.
                               metrics
No                              1.0000
RefTree                         1.0000
Tree                            1.0000
RefTree_taxa                   16.0000
Tree_taxa                      16.0000
Common_taxa                    16.0000
MatchingCluster                25.0000
MatchingCluster_toYuleAvg       0.4278
MatchingCluster_toUnifAvg       0.3872
R-F_Cluster                     8.0000
R-F_Cluster_toYuleAvg           0.5809
R-F_Cluster_toUnifAvg           0.5787
NodalSplitted                  17.7482
NodalSplitted_toYuleAvg         0.4217
NodalSplitted_toUnifAvg         0.3606
Triples                       147.0000
Triples_toYuleAvg               0.3940
Triples_toUnifAvg               0.3950
MatchingPair                   42.0000
MatchingPair_toYuleAvg          0.5143
MatchingPair_toUnifAvg          0.5247
MAST                            6.0000
MAST_toYuleAvg                  0.5961
MAST_toUnifAvg                  0.5925
CopheneticL2Metric             11.4455
CopheneticL2Metric_toYuleAvg    0.3483
CopheneticL2Metric_toUnifAvg    0.3077

                 Name         Avg  Std         Min         Max  Count
0     MatchingCluster   25.000000  0.0   25.000000   25.000000      1
1         R-F_Cluster    8.000000  0.0    8.000000    8.000000      1
2       NodalSplitted   17.748239  0.0   17.748239   17.748239      1
3             Triples  147.000000  0.0  147.000000  147.000000      1
4        MatchingPair   42.000000  0.0   42.000000   42.000000      1
5                MAST    6.000000  0.0    6.000000    6.000000      1
6  CopheneticL2Metric   11.445523  0.0   11.445523   11.445523      1
