
                            < M A T L A B (R) >
                  Copyright 1984-2017 The MathWorks, Inc.
                   R2017a (9.2.0.538062) 64-bit (glnxa64)
                             February 23, 2017

 
To get started, type one of these: helpwin, helpdesk, or demo.
For product information, visit www.mathworks.com.
 
Running "Run1", Seed: 145539
 *** Finished Simulation Run ***

config-20.json #############################################

[#.........] | Progress: 1 | Time: 0.0s | ETA: --[.#........] | Progress: 323 | Time: 0.1s | ETA: --[..#.......] | Progress: 636 | Time: 0.1s | ETA: --[...#......] | Progress: 954 | Time: 0.2s | ETA: --[##########] | Progress: 1171 | Time: 0.2s | ETA: --fit<>, fid</home/chun/projects/clineage-simulation/analysis/tmc-145539/tmc-003/case-20/triplets-list.raw.txt>, flg<treeReconstruction.log>, frt<resTree.tree>, frtN</home/chun/projects/clineage-simulation/analysis/tmc-145539/tmc-003/case-20/reconstructed.tmp.newick>, fsd<qqq.dat>, fst<simul.tree>, -->index=2
Read triplets from file...
Read triplets from file...Finished
N_triplets = 1123, idMaxFound = 23
treeBuildBasedOnTriplets_run...
make_isTogetherInTripletAndDeleteExtraTriplets: Finished
maxCut with 23 nodes: Finished
maxCut with 9 nodes: Finished
maxCut with 6 nodes: Finished
maxCut with 14 nodes: Finished
maxCut with 7 nodes: Finished
treeBuildBasedOnTriplets_run...Finished
Saving tree to file...
Saving tree to file...Finished

                            < M A T L A B (R) >
                  Copyright 1984-2017 The MathWorks, Inc.
                   R2017a (9.2.0.538062) 64-bit (glnxa64)
                             February 23, 2017

 
To get started, type one of these: helpwin, helpdesk, or demo.
For product information, visit www.mathworks.com.
 
TreeCmp version build2

Active options:
Type of the analysis:  ref-to-all comparison mode (-r)
Metrics:
  1. MatchingCluster (mc)
  2. R-F_Cluster (rc)
  3. NodalSplitted (ns)
  4. Triples (tt)
  5. MatchingPair (mp)
  6. MAST (mt)
  7. CopheneticL2Metric (co)
Input file: /home/chun/projects/clineage-simulation/analysis/tmc-145539/tmc-003/case-20/reconstructed.newick
Output file: /home/chun/projects/clineage-simulation/analysis/tmc-145539/tmc-003/case-20/scores.raw.out
Additional options:
N - Report normalized distances.
P - Prune compared trees if needed (trees can have different leaf sets).
I - Include summary section in the output file.
-----
2018-06-19 06:47:54: Start of reading random statistics.
2018-06-19 06:47:54: End of reading random statistics.
2018-06-19 06:47:54: Start of scanning input file: /home/chun/projects/clineage-simulation/analysis/tmc-145539/tmc-003/case-20/reconstructed.newick
2018-06-19 06:47:54: End of scanning input file: /home/chun/projects/clineage-simulation/analysis/tmc-145539/tmc-003/case-20/reconstructed.newick
2018-06-19 06:47:54: 1 valid trees found in file: /home/chun/projects/clineage-simulation/analysis/tmc-145539/tmc-003/case-20/reconstructed.newick
2018-06-19 06:47:54: Start of calculation...please wait...
2018-06-19 06:47:54: 0.00% completed...
2018-06-19 06:47:54: 100.00% completed.
2018-06-19 06:47:54: End of calculation.
2018-06-19 06:47:54: Total calculation time: 26 ms.
                               metrics
No                              1.0000
RefTree                         1.0000
Tree                            1.0000
RefTree_taxa                   23.0000
Tree_taxa                      23.0000
Common_taxa                    23.0000
MatchingCluster                50.0000
MatchingCluster_toYuleAvg       0.4716
MatchingCluster_toUnifAvg       0.4034
R-F_Cluster                    12.5000
R-F_Cluster_toYuleAvg           0.6016
R-F_Cluster_toUnifAvg           0.6004
NodalSplitted                  32.4654
NodalSplitted_toYuleAvg         0.4602
NodalSplitted_toUnifAvg         0.3622
Triples                       604.0000
Triples_toYuleAvg               0.5111
Triples_toUnifAvg               0.5133
MatchingPair                  134.0000
MatchingPair_toYuleAvg          0.7341
MatchingPair_toUnifAvg          0.7501
MAST                           13.0000
MAST_toYuleAvg                  0.8194
MAST_toUnifAvg                  0.8118
CopheneticL2Metric             19.7737
CopheneticL2Metric_toYuleAvg    0.3650
CopheneticL2Metric_toUnifAvg    0.2928

                 Name         Avg  Std         Min         Max  Count
0     MatchingCluster   50.000000  0.0   50.000000   50.000000      1
1         R-F_Cluster   12.500000  0.0   12.500000   12.500000      1
2       NodalSplitted   32.465366  0.0   32.465366   32.465366      1
3             Triples  604.000000  0.0  604.000000  604.000000      1
4        MatchingPair  134.000000  0.0  134.000000  134.000000      1
5                MAST   13.000000  0.0   13.000000   13.000000      1
6  CopheneticL2Metric   19.773720  0.0   19.773720   19.773720      1
