
                            < M A T L A B (R) >
                  Copyright 1984-2017 The MathWorks, Inc.
                   R2017a (9.2.0.538062) 64-bit (glnxa64)
                             February 23, 2017

 
To get started, type one of these: helpwin, helpdesk, or demo.
For product information, visit www.mathworks.com.
 
Running "Run1", Seed: 145539
 *** Finished Simulation Run ***

config-15.json #############################################

[#.........] | Progress: 1 | Time: 0.0s | ETA: --[.#........] | Progress: 151 | Time: 0.1s | ETA: --[..#.......] | Progress: 301 | Time: 0.1s | ETA: --[...#......] | Progress: 449 | Time: 0.2s | ETA: --[##########] | Progress: 561 | Time: 0.2s | ETA: --fit<>, fid</home/chun/projects/clineage-simulation/analysis/tmc-145539/tmc-003/case-15/triplets-list.raw.txt>, flg<treeReconstruction.log>, frt<resTree.tree>, frtN</home/chun/projects/clineage-simulation/analysis/tmc-145539/tmc-003/case-15/reconstructed.tmp.newick>, fsd<qqq.dat>, fst<simul.tree>, -->index=2
Read triplets from file...
Read triplets from file...Finished
N_triplets = 540, idMaxFound = 18
treeBuildBasedOnTriplets_run...
make_isTogetherInTripletAndDeleteExtraTriplets: Finished
maxCut with 18 nodes: Finished
maxCut with 10 nodes: Finished
maxCut with 6 nodes: Finished
maxCut with 8 nodes: Finished
treeBuildBasedOnTriplets_run...Finished
Saving tree to file...
Saving tree to file...Finished

                            < M A T L A B (R) >
                  Copyright 1984-2017 The MathWorks, Inc.
                   R2017a (9.2.0.538062) 64-bit (glnxa64)
                             February 23, 2017

 
To get started, type one of these: helpwin, helpdesk, or demo.
For product information, visit www.mathworks.com.
 
TreeCmp version build2

Active options:
Type of the analysis:  ref-to-all comparison mode (-r)
Metrics:
  1. MatchingCluster (mc)
  2. R-F_Cluster (rc)
  3. NodalSplitted (ns)
  4. Triples (tt)
  5. MatchingPair (mp)
  6. MAST (mt)
  7. CopheneticL2Metric (co)
Input file: /home/chun/projects/clineage-simulation/analysis/tmc-145539/tmc-003/case-15/reconstructed.newick
Output file: /home/chun/projects/clineage-simulation/analysis/tmc-145539/tmc-003/case-15/scores.raw.out
Additional options:
N - Report normalized distances.
P - Prune compared trees if needed (trees can have different leaf sets).
I - Include summary section in the output file.
-----
2018-06-19 06:47:53: Start of reading random statistics.
2018-06-19 06:47:53: End of reading random statistics.
2018-06-19 06:47:53: Start of scanning input file: /home/chun/projects/clineage-simulation/analysis/tmc-145539/tmc-003/case-15/reconstructed.newick
2018-06-19 06:47:53: End of scanning input file: /home/chun/projects/clineage-simulation/analysis/tmc-145539/tmc-003/case-15/reconstructed.newick
2018-06-19 06:47:53: 1 valid trees found in file: /home/chun/projects/clineage-simulation/analysis/tmc-145539/tmc-003/case-15/reconstructed.newick
2018-06-19 06:47:53: Start of calculation...please wait...
2018-06-19 06:47:53: 0.00% completed...
2018-06-19 06:47:53: 100.00% completed.
2018-06-19 06:47:53: End of calculation.
2018-06-19 06:47:53: Total calculation time: 23 ms.
                               metrics
No                              1.0000
RefTree                         1.0000
Tree                            1.0000
RefTree_taxa                   18.0000
Tree_taxa                      18.0000
Common_taxa                    18.0000
MatchingCluster                28.0000
MatchingCluster_toYuleAvg       0.3941
MatchingCluster_toUnifAvg       0.3482
R-F_Cluster                     9.0000
R-F_Cluster_toYuleAvg           0.5701
R-F_Cluster_toUnifAvg           0.5687
NodalSplitted                  23.6643
NodalSplitted_toYuleAvg         0.4760
NodalSplitted_toUnifAvg         0.3904
Triples                       197.0000
Triples_toYuleAvg               0.3603
Triples_toUnifAvg               0.3628
MatchingPair                   51.0000
MatchingPair_toYuleAvg          0.4794
MatchingPair_toUnifAvg          0.4903
MAST                            8.0000
MAST_toYuleAvg                  0.6816
MAST_toUnifAvg                  0.6798
CopheneticL2Metric             13.1149
CopheneticL2Metric_toYuleAvg    0.3343
CopheneticL2Metric_toUnifAvg    0.2902

                 Name         Avg  Std         Min         Max  Count
0     MatchingCluster   28.000000  0.0   28.000000   28.000000      1
1         R-F_Cluster    9.000000  0.0    9.000000    9.000000      1
2       NodalSplitted   23.664319  0.0   23.664319   23.664319      1
3             Triples  197.000000  0.0  197.000000  197.000000      1
4        MatchingPair   51.000000  0.0   51.000000   51.000000      1
5                MAST    8.000000  0.0    8.000000    8.000000      1
6  CopheneticL2Metric   13.114877  0.0   13.114877   13.114877      1
