                              metrics
No                             1.0000
RefTree                        1.0000
Tree                           1.0000
RefTree_taxa                  15.0000
Tree_taxa                     15.0000
Common_taxa                   15.0000
MatchingCluster               20.0000
MatchingCluster_toYuleAvg      0.3864
MatchingCluster_toUnifAvg      0.3481
R-F_Cluster                    2.5000
R-F_Cluster_toYuleAvg          0.1961
R-F_Cluster_toUnifAvg          0.1951
NodalSplitted                 15.5563
NodalSplitted_toYuleAvg        0.4109
NodalSplitted_toUnifAvg        0.3538
Triples                       93.0000
Triples_toYuleAvg              0.3081
Triples_toUnifAvg              0.3072
MatchingPair                  31.0000
MatchingPair_toYuleAvg         0.4407
MatchingPair_toUnifAvg         0.4469
MAST                           3.0000
MAST_toYuleAvg                 0.3250
MAST_toUnifAvg                 0.3200
CopheneticL2Metric            11.6190
CopheneticL2Metric_toYuleAvg   0.3877
CopheneticL2Metric_toUnifAvg   0.3430

                 Name        Avg  Std        Min        Max  Count
0     MatchingCluster  20.000000  0.0  20.000000  20.000000      1
1         R-F_Cluster   2.500000  0.0   2.500000   2.500000      1
2       NodalSplitted  15.556349  0.0  15.556349  15.556349      1
3             Triples  93.000000  0.0  93.000000  93.000000      1
4        MatchingPair  31.000000  0.0  31.000000  31.000000      1
5                MAST   3.000000  0.0   3.000000   3.000000      1
6  CopheneticL2Metric  11.618950  0.0  11.618950  11.618950      1
