                              metrics
No                             1.0000
RefTree                        1.0000
Tree                           1.0000
RefTree_taxa                  19.0000
Tree_taxa                     19.0000
Common_taxa                   19.0000
MatchingCluster               30.0000
MatchingCluster_toYuleAvg      0.3869
MatchingCluster_toUnifAvg      0.3376
R-F_Cluster                    7.5000
R-F_Cluster_toYuleAvg          0.4479
R-F_Cluster_toUnifAvg          0.4456
NodalSplitted                 30.6268
NodalSplitted_toYuleAvg        0.5694
NodalSplitted_toUnifAvg        0.4642
Triples                       71.0000
Triples_toYuleAvg              0.1103
Triples_toUnifAvg              0.1098
MatchingPair                  27.0000
MatchingPair_toYuleAvg         0.2256
MatchingPair_toUnifAvg         0.2292
MAST                           6.0000
MAST_toYuleAvg                 0.4794
MAST_toUnifAvg                 0.4757
CopheneticL2Metric            15.5563
CopheneticL2Metric_toYuleAvg   0.3685
CopheneticL2Metric_toUnifAvg   0.3159

                 Name        Avg  Std        Min        Max  Count
0     MatchingCluster  30.000000  0.0  30.000000  30.000000      1
1         R-F_Cluster   7.500000  0.0   7.500000   7.500000      1
2       NodalSplitted  30.626786  0.0  30.626786  30.626786      1
3             Triples  71.000000  0.0  71.000000  71.000000      1
4        MatchingPair  27.000000  0.0  27.000000  27.000000      1
5                MAST   6.000000  0.0   6.000000   6.000000      1
6  CopheneticL2Metric  15.556349  0.0  15.556349  15.556349      1
