                              metrics
No                             1.0000
RefTree                        1.0000
Tree                           1.0000
RefTree_taxa                   7.0000
Tree_taxa                      7.0000
Common_taxa                    7.0000
MatchingCluster                7.0000
MatchingCluster_toYuleAvg      0.5548
MatchingCluster_toUnifAvg      0.5525
R-F_Cluster                    1.5000
R-F_Cluster_toYuleAvg          0.3193
R-F_Cluster_toUnifAvg          0.3204
NodalSplitted                  6.9282
NodalSplitted_toYuleAvg        0.6316
NodalSplitted_toUnifAvg        0.6290
Triples                        5.0000
Triples_toYuleAvg              0.2132
Triples_toUnifAvg              0.2163
MatchingPair                   4.0000
MatchingPair_toYuleAvg         0.3524
MatchingPair_toUnifAvg         0.3578
MAST                           3.0000
MAST_toYuleAvg                 0.9425
MAST_toUnifAvg                 0.9325
CopheneticL2Metric             4.2426
CopheneticL2Metric_toYuleAvg   0.4642
CopheneticL2Metric_toUnifAvg   0.4549

                 Name       Avg  Std       Min       Max  Count
0     MatchingCluster  7.000000  0.0  7.000000  7.000000      1
1         R-F_Cluster  1.500000  0.0  1.500000  1.500000      1
2       NodalSplitted  6.928203  0.0  6.928203  6.928203      1
3             Triples  5.000000  0.0  5.000000  5.000000      1
4        MatchingPair  4.000000  0.0  4.000000  4.000000      1
5                MAST  3.000000  0.0  3.000000  3.000000      1
6  CopheneticL2Metric  4.242641  0.0  4.242641  4.242641      1
