                              metrics
No                             1.0000
RefTree                        1.0000
Tree                           1.0000
RefTree_taxa                  10.0000
Tree_taxa                     10.0000
Common_taxa                   10.0000
MatchingCluster                4.0000
MatchingCluster_toYuleAvg      0.1574
MatchingCluster_toUnifAvg      0.1513
R-F_Cluster                    1.0000
R-F_Cluster_toYuleAvg          0.1292
R-F_Cluster_toUnifAvg          0.1286
NodalSplitted                  5.6569
NodalSplitted_toYuleAvg        0.2794
NodalSplitted_toUnifAvg        0.2628
Triples                        2.0000
Triples_toYuleAvg              0.0249
Triples_toUnifAvg              0.0252
MatchingPair                   2.0000
MatchingPair_toYuleAvg         0.0723
MatchingPair_toUnifAvg         0.0739
MAST                           2.0000
MAST_toYuleAvg                 0.3715
MAST_toUnifAvg                 0.3738
CopheneticL2Metric             2.4495
CopheneticL2Metric_toYuleAvg   0.1496
CopheneticL2Metric_toUnifAvg   0.1427

                 Name       Avg  Std       Min       Max  Count
0     MatchingCluster  4.000000  0.0  4.000000  4.000000      1
1         R-F_Cluster  1.000000  0.0  1.000000  1.000000      1
2       NodalSplitted  5.656854  0.0  5.656854  5.656854      1
3             Triples  2.000000  0.0  2.000000  2.000000      1
4        MatchingPair  2.000000  0.0  2.000000  2.000000      1
5                MAST  2.000000  0.0  2.000000  2.000000      1
6  CopheneticL2Metric  2.449490  0.0  2.449490  2.449490      1
