                              metrics
No                             1.0000
RefTree                        1.0000
Tree                           1.0000
RefTree_taxa                  19.0000
Tree_taxa                     19.0000
Common_taxa                   19.0000
MatchingCluster               12.0000
MatchingCluster_toYuleAvg      0.1547
MatchingCluster_toUnifAvg      0.1350
R-F_Cluster                    2.0000
R-F_Cluster_toYuleAvg          0.1194
R-F_Cluster_toUnifAvg          0.1188
NodalSplitted                 13.2665
NodalSplitted_toYuleAvg        0.2467
NodalSplitted_toUnifAvg        0.2011
Triples                       15.0000
Triples_toYuleAvg              0.0233
Triples_toUnifAvg              0.0232
MatchingPair                  10.0000
MatchingPair_toYuleAvg         0.0836
MatchingPair_toUnifAvg         0.0849
MAST                           2.0000
MAST_toYuleAvg                 0.1598
MAST_toUnifAvg                 0.1586
CopheneticL2Metric             7.0711
CopheneticL2Metric_toYuleAvg   0.1675
CopheneticL2Metric_toUnifAvg   0.1436

                 Name        Avg  Std        Min        Max  Count
0     MatchingCluster  12.000000  0.0  12.000000  12.000000      1
1         R-F_Cluster   2.000000  0.0   2.000000   2.000000      1
2       NodalSplitted  13.266499  0.0  13.266499  13.266499      1
3             Triples  15.000000  0.0  15.000000  15.000000      1
4        MatchingPair  10.000000  0.0  10.000000  10.000000      1
5                MAST   2.000000  0.0   2.000000   2.000000      1
6  CopheneticL2Metric   7.071068  0.0   7.071068   7.071068      1
