                               metrics
No                              1.0000
RefTree                         1.0000
Tree                            1.0000
RefTree_taxa                   13.0000
Tree_taxa                      13.0000
Common_taxa                    13.0000
MatchingCluster                29.0000
MatchingCluster_toYuleAvg       0.7102
MatchingCluster_toUnifAvg       0.6576
R-F_Cluster                     8.5000
R-F_Cluster_toYuleAvg           0.7884
R-F_Cluster_toUnifAvg           0.7854
NodalSplitted                  24.6982
NodalSplitted_toYuleAvg         0.8065
NodalSplitted_toUnifAvg         0.7125
Triples                       144.0000
Triples_toYuleAvg               0.7535
Triples_toUnifAvg               0.7538
MatchingPair                   40.0000
MatchingPair_toYuleAvg          0.7854
MatchingPair_toUnifAvg          0.7988
MAST                            8.0000
MAST_toYuleAvg                  1.0394
MAST_toUnifAvg                  1.0303
CopheneticL2Metric             15.8745
CopheneticL2Metric_toYuleAvg    0.6543
CopheneticL2Metric_toUnifAvg    0.5943

                 Name         Avg  Std         Min         Max  Count
0     MatchingCluster   29.000000  0.0   29.000000   29.000000      1
1         R-F_Cluster    8.500000  0.0    8.500000    8.500000      1
2       NodalSplitted   24.698178  0.0   24.698178   24.698178      1
3             Triples  144.000000  0.0  144.000000  144.000000      1
4        MatchingPair   40.000000  0.0   40.000000   40.000000      1
5                MAST    8.000000  0.0    8.000000    8.000000      1
6  CopheneticL2Metric   15.874508  0.0   15.874508   15.874508      1
