                              metrics
No                             1.0000
RefTree                        1.0000
Tree                           1.0000
RefTree_taxa                  13.0000
Tree_taxa                     13.0000
Common_taxa                   13.0000
MatchingCluster               10.0000
MatchingCluster_toYuleAvg      0.2449
MatchingCluster_toUnifAvg      0.2267
R-F_Cluster                    2.0000
R-F_Cluster_toYuleAvg          0.1855
R-F_Cluster_toUnifAvg          0.1848
NodalSplitted                 10.1980
NodalSplitted_toYuleAvg        0.3330
NodalSplitted_toUnifAvg        0.2942
Triples                       12.0000
Triples_toYuleAvg              0.0628
Triples_toUnifAvg              0.0628
MatchingPair                   7.0000
MatchingPair_toYuleAvg         0.1374
MatchingPair_toUnifAvg         0.1398
MAST                           2.0000
MAST_toYuleAvg                 0.2598
MAST_toUnifAvg                 0.2576
CopheneticL2Metric             6.3246
CopheneticL2Metric_toYuleAvg   0.2607
CopheneticL2Metric_toUnifAvg   0.2368

                 Name        Avg  Std        Min        Max  Count
0     MatchingCluster  10.000000  0.0  10.000000  10.000000      1
1         R-F_Cluster   2.000000  0.0   2.000000   2.000000      1
2       NodalSplitted  10.198039  0.0  10.198039  10.198039      1
3             Triples  12.000000  0.0  12.000000  12.000000      1
4        MatchingPair   7.000000  0.0   7.000000   7.000000      1
5                MAST   2.000000  0.0   2.000000   2.000000      1
6  CopheneticL2Metric   6.324555  0.0   6.324555   6.324555      1
