
                            < M A T L A B (R) >
                  Copyright 1984-2017 The MathWorks, Inc.
                   R2017a (9.2.0.538062) 64-bit (glnxa64)
                             February 23, 2017

 
To get started, type one of these: helpwin, helpdesk, or demo.
For product information, visit www.mathworks.com.
 
Running "Run1", Seed: 875887
 *** Finished Simulation Run ***

config-13.json #############################################

[#.........] | Progress: 1 | Time: 0.0s | ETA: --[.#........] | Progress: 29 | Time: 0.1s | ETA: --[..#.......] | Progress: 58 | Time: 0.1s | ETA: --[...#......] | Progress: 86 | Time: 0.2s | ETA: --[....#.....] | Progress: 114 | Time: 0.2s | ETA: --[.....#....] | Progress: 143 | Time: 0.3s | ETA: --[......#...] | Progress: 172 | Time: 0.3s | ETA: --[.......#..] | Progress: 201 | Time: 0.4s | ETA: --[........#.] | Progress: 230 | Time: 0.4s | ETA: --[.........#] | Progress: 259 | Time: 0.5s | ETA: --[........#.] | Progress: 288 | Time: 0.5s | ETA: --[.......#..] | Progress: 317 | Time: 0.6s | ETA: --[......#...] | Progress: 346 | Time: 0.6s | ETA: --[.....#....] | Progress: 375 | Time: 0.7s | ETA: --[##########] | Progress: 393 | Time: 0.7s | ETA: --fit<>, fid</home/chun/projects/clineage-simulation/analysis/tmc-875887/tmc-008/case-13/triplets-list.raw.txt>, flg<treeReconstruction.log>, frt<resTree.tree>, frtN</home/chun/projects/clineage-simulation/analysis/tmc-875887/tmc-008/case-13/reconstructed.tmp.newick>, fsd<qqq.dat>, fst<simul.tree>, -->index=2
Read triplets from file...
Read triplets from file...Finished
N_triplets = 393, idMaxFound = 16
treeBuildBasedOnTriplets_run...
make_isTogetherInTripletAndDeleteExtraTriplets: Finished
maxCut with 16 nodes: Finished
maxCut with 13 nodes: Finished
maxCut with 11 nodes: Finished
maxCut with 5 nodes: Finished
treeBuildBasedOnTriplets_run...Finished
Saving tree to file...
Saving tree to file...Finished

                            < M A T L A B (R) >
                  Copyright 1984-2017 The MathWorks, Inc.
                   R2017a (9.2.0.538062) 64-bit (glnxa64)
                             February 23, 2017

 
To get started, type one of these: helpwin, helpdesk, or demo.
For product information, visit www.mathworks.com.
 
TreeCmp version build2

Active options:
Type of the analysis:  ref-to-all comparison mode (-r)
Metrics:
  1. MatchingCluster (mc)
  2. R-F_Cluster (rc)
  3. NodalSplitted (ns)
  4. Triples (tt)
  5. MatchingPair (mp)
  6. MAST (mt)
  7. CopheneticL2Metric (co)
Input file: /home/chun/projects/clineage-simulation/analysis/tmc-875887/tmc-008/case-13/reconstructed.newick
Output file: /home/chun/projects/clineage-simulation/analysis/tmc-875887/tmc-008/case-13/scores.raw.out
Additional options:
N - Report normalized distances.
P - Prune compared trees if needed (trees can have different leaf sets).
I - Include summary section in the output file.
-----
2018-06-18 21:27:38: Start of reading random statistics.
2018-06-18 21:27:38: End of reading random statistics.
2018-06-18 21:27:38: Start of scanning input file: /home/chun/projects/clineage-simulation/analysis/tmc-875887/tmc-008/case-13/reconstructed.newick
2018-06-18 21:27:38: End of scanning input file: /home/chun/projects/clineage-simulation/analysis/tmc-875887/tmc-008/case-13/reconstructed.newick
2018-06-18 21:27:38: 1 valid trees found in file: /home/chun/projects/clineage-simulation/analysis/tmc-875887/tmc-008/case-13/reconstructed.newick
2018-06-18 21:27:38: Start of calculation...please wait...
2018-06-18 21:27:38: 0.00% completed...
2018-06-18 21:27:38: 100.00% completed.
2018-06-18 21:27:38: End of calculation.
2018-06-18 21:27:38: Total calculation time: 23 ms.
                              metrics
No                             1.0000
RefTree                        1.0000
Tree                           1.0000
RefTree_taxa                  16.0000
Tree_taxa                     16.0000
Common_taxa                   16.0000
MatchingCluster                6.0000
MatchingCluster_toYuleAvg      0.1027
MatchingCluster_toUnifAvg      0.0929
R-F_Cluster                    1.5000
R-F_Cluster_toYuleAvg          0.1089
R-F_Cluster_toUnifAvg          0.1085
NodalSplitted                  9.0554
NodalSplitted_toYuleAvg        0.2151
NodalSplitted_toUnifAvg        0.1840
Triples                        4.0000
Triples_toYuleAvg              0.0107
Triples_toUnifAvg              0.0107
MatchingPair                   4.0000
MatchingPair_toYuleAvg         0.0490
MatchingPair_toUnifAvg         0.0500
MAST                           2.0000
MAST_toYuleAvg                 0.1987
MAST_toUnifAvg                 0.1975
CopheneticL2Metric             3.7417
CopheneticL2Metric_toYuleAvg   0.1139
CopheneticL2Metric_toUnifAvg   0.1006

                 Name       Avg  Std       Min       Max  Count
0     MatchingCluster  6.000000  0.0  6.000000  6.000000      1
1         R-F_Cluster  1.500000  0.0  1.500000  1.500000      1
2       NodalSplitted  9.055385  0.0  9.055385  9.055385      1
3             Triples  4.000000  0.0  4.000000  4.000000      1
4        MatchingPair  4.000000  0.0  4.000000  4.000000      1
5                MAST  2.000000  0.0  2.000000  2.000000      1
6  CopheneticL2Metric  3.741657  0.0  3.741657  3.741657      1
