                              metrics
No                             1.0000
RefTree                        1.0000
Tree                           1.0000
RefTree_taxa                  11.0000
Tree_taxa                     11.0000
Common_taxa                   11.0000
MatchingCluster                4.0000
MatchingCluster_toYuleAvg      0.1318
MatchingCluster_toUnifAvg      0.1252
R-F_Cluster                    1.0000
R-F_Cluster_toYuleAvg          0.1145
R-F_Cluster_toUnifAvg          0.1136
NodalSplitted                  6.0000
NodalSplitted_toYuleAvg        0.2528
NodalSplitted_toUnifAvg        0.2340
Triples                        2.0000
Triples_toYuleAvg              0.0182
Triples_toUnifAvg              0.0181
MatchingPair                   2.0000
MatchingPair_toYuleAvg         0.0582
MatchingPair_toUnifAvg         0.0587
MAST                           2.0000
MAST_toYuleAvg                 0.3237
MAST_toUnifAvg                 0.3232
CopheneticL2Metric             2.4495
CopheneticL2Metric_toYuleAvg   0.1285
CopheneticL2Metric_toUnifAvg   0.1191

                 Name      Avg  Std      Min      Max  Count
0     MatchingCluster  4.00000  0.0  4.00000  4.00000      1
1         R-F_Cluster  1.00000  0.0  1.00000  1.00000      1
2       NodalSplitted  6.00000  0.0  6.00000  6.00000      1
3             Triples  2.00000  0.0  2.00000  2.00000      1
4        MatchingPair  2.00000  0.0  2.00000  2.00000      1
5                MAST  2.00000  0.0  2.00000  2.00000      1
6  CopheneticL2Metric  2.44949  0.0  2.44949  2.44949      1
