                               metrics
No                              1.0000
RefTree                         1.0000
Tree                            1.0000
RefTree_taxa                   21.0000
Tree_taxa                      21.0000
Common_taxa                    21.0000
MatchingCluster                33.0000
MatchingCluster_toYuleAvg       0.3603
MatchingCluster_toUnifAvg       0.3120
R-F_Cluster                     9.5000
R-F_Cluster_toYuleAvg           0.5061
R-F_Cluster_toUnifAvg           0.5040
NodalSplitted                  25.7682
NodalSplitted_toYuleAvg         0.4185
NodalSplitted_toUnifAvg         0.3311
Triples                       183.0000
Triples_toYuleAvg               0.2061
Triples_toUnifAvg               0.2065
MatchingPair                   47.0000
MatchingPair_toYuleAvg          0.3147
MatchingPair_toUnifAvg          0.3211
MAST                            9.0000
MAST_toYuleAvg                  0.6349
MAST_toUnifAvg                  0.6304
CopheneticL2Metric             12.2474
CopheneticL2Metric_toYuleAvg    0.2574
CopheneticL2Metric_toUnifAvg    0.2120

                 Name         Avg  Std         Min         Max  Count
0     MatchingCluster   33.000000  0.0   33.000000   33.000000      1
1         R-F_Cluster    9.500000  0.0    9.500000    9.500000      1
2       NodalSplitted   25.768197  0.0   25.768197   25.768197      1
3             Triples  183.000000  0.0  183.000000  183.000000      1
4        MatchingPair   47.000000  0.0   47.000000   47.000000      1
5                MAST    9.000000  0.0    9.000000    9.000000      1
6  CopheneticL2Metric   12.247449  0.0   12.247449   12.247449      1
