                              metrics
No                             1.0000
RefTree                        1.0000
Tree                           1.0000
RefTree_taxa                  13.0000
Tree_taxa                     13.0000
Common_taxa                   13.0000
MatchingCluster               12.0000
MatchingCluster_toYuleAvg      0.2939
MatchingCluster_toUnifAvg      0.2721
R-F_Cluster                    4.5000
R-F_Cluster_toYuleAvg          0.4174
R-F_Cluster_toUnifAvg          0.4158
NodalSplitted                 11.6619
NodalSplitted_toYuleAvg        0.3808
NodalSplitted_toUnifAvg        0.3364
Triples                       13.0000
Triples_toYuleAvg              0.0680
Triples_toUnifAvg              0.0681
MatchingPair                   9.0000
MatchingPair_toYuleAvg         0.1767
MatchingPair_toUnifAvg         0.1797
MAST                           3.0000
MAST_toYuleAvg                 0.3898
MAST_toUnifAvg                 0.3863
CopheneticL2Metric             5.7446
CopheneticL2Metric_toYuleAvg   0.2368
CopheneticL2Metric_toUnifAvg   0.2151

                 Name        Avg  Std        Min        Max  Count
0     MatchingCluster  12.000000  0.0  12.000000  12.000000      1
1         R-F_Cluster   4.500000  0.0   4.500000   4.500000      1
2       NodalSplitted  11.661904  0.0  11.661904  11.661904      1
3             Triples  13.000000  0.0  13.000000  13.000000      1
4        MatchingPair   9.000000  0.0   9.000000   9.000000      1
5                MAST   3.000000  0.0   3.000000   3.000000      1
6  CopheneticL2Metric   5.744563  0.0   5.744563   5.744563      1
