
                            < M A T L A B (R) >
                  Copyright 1984-2017 The MathWorks, Inc.
                   R2017a (9.2.0.538062) 64-bit (glnxa64)
                             February 23, 2017

 
To get started, type one of these: helpwin, helpdesk, or demo.
For product information, visit www.mathworks.com.
 
Running "Run1", Seed: 136069
 *** Finished Simulation Run ***

config-11.json #############################################

[#.........] | Progress: 1 | Time: 0.0s | ETA: --[.#........] | Progress: 135 | Time: 0.1s | ETA: --[##########] | Progress: 255 | Time: 0.1s | ETA: --fit<>, fid</home/chun/projects/clineage-simulation/analysis/tmc-136069/tmc-005/case-11/triplets-list.raw.txt>, flg<treeReconstruction.log>, frt<resTree.tree>, frtN</home/chun/projects/clineage-simulation/analysis/tmc-136069/tmc-005/case-11/reconstructed.tmp.newick>, fsd<qqq.dat>, fst<simul.tree>, -->index=2
Read triplets from file...
Read triplets from file...Finished
N_triplets = 254, idMaxFound = 14
treeBuildBasedOnTriplets_run...
make_isTogetherInTripletAndDeleteExtraTriplets: Finished
maxCut with 14 nodes: Finished
maxCut with 11 nodes: Finished
maxCut with 7 nodes: Finished
maxCut with 4 nodes: Finished
treeBuildBasedOnTriplets_run...Finished
Saving tree to file...
Saving tree to file...Finished

                            < M A T L A B (R) >
                  Copyright 1984-2017 The MathWorks, Inc.
                   R2017a (9.2.0.538062) 64-bit (glnxa64)
                             February 23, 2017

 
To get started, type one of these: helpwin, helpdesk, or demo.
For product information, visit www.mathworks.com.
 
TreeCmp version build2

Active options:
Type of the analysis:  ref-to-all comparison mode (-r)
Metrics:
  1. MatchingCluster (mc)
  2. R-F_Cluster (rc)
  3. NodalSplitted (ns)
  4. Triples (tt)
  5. MatchingPair (mp)
  6. MAST (mt)
  7. CopheneticL2Metric (co)
Input file: /home/chun/projects/clineage-simulation/analysis/tmc-136069/tmc-005/case-11/reconstructed.newick
Output file: /home/chun/projects/clineage-simulation/analysis/tmc-136069/tmc-005/case-11/scores.raw.out
Additional options:
N - Report normalized distances.
P - Prune compared trees if needed (trees can have different leaf sets).
I - Include summary section in the output file.
-----
2018-06-19 06:53:29: Start of reading random statistics.
2018-06-19 06:53:29: End of reading random statistics.
2018-06-19 06:53:29: Start of scanning input file: /home/chun/projects/clineage-simulation/analysis/tmc-136069/tmc-005/case-11/reconstructed.newick
2018-06-19 06:53:29: End of scanning input file: /home/chun/projects/clineage-simulation/analysis/tmc-136069/tmc-005/case-11/reconstructed.newick
2018-06-19 06:53:29: 1 valid trees found in file: /home/chun/projects/clineage-simulation/analysis/tmc-136069/tmc-005/case-11/reconstructed.newick
2018-06-19 06:53:29: Start of calculation...please wait...
2018-06-19 06:53:29: 0.00% completed...
2018-06-19 06:53:29: 100.00% completed.
2018-06-19 06:53:29: End of calculation.
2018-06-19 06:53:29: Total calculation time: 37 ms.
                              metrics
No                             1.0000
RefTree                        1.0000
Tree                           1.0000
RefTree_taxa                  14.0000
Tree_taxa                     14.0000
Common_taxa                   14.0000
MatchingCluster               17.0000
MatchingCluster_toYuleAvg      0.3639
MatchingCluster_toUnifAvg      0.3369
R-F_Cluster                    5.5000
R-F_Cluster_toYuleAvg          0.4671
R-F_Cluster_toUnifAvg          0.4655
NodalSplitted                 17.7482
NodalSplitted_toYuleAvg        0.5108
NodalSplitted_toUnifAvg        0.4545
Triples                       71.0000
Triples_toYuleAvg              0.2922
Triples_toUnifAvg              0.2929
MatchingPair                  23.0000
MatchingPair_toYuleAvg         0.3825
MatchingPair_toUnifAvg         0.3894
MAST                           6.0000
MAST_toYuleAvg                 0.7072
MAST_toUnifAvg                 0.7004
CopheneticL2Metric            10.8628
CopheneticL2Metric_toYuleAvg   0.3968
CopheneticL2Metric_toUnifAvg   0.3560

                 Name        Avg  Std        Min        Max  Count
0     MatchingCluster  17.000000  0.0  17.000000  17.000000      1
1         R-F_Cluster   5.500000  0.0   5.500000   5.500000      1
2       NodalSplitted  17.748239  0.0  17.748239  17.748239      1
3             Triples  71.000000  0.0  71.000000  71.000000      1
4        MatchingPair  23.000000  0.0  23.000000  23.000000      1
5                MAST   6.000000  0.0   6.000000   6.000000      1
6  CopheneticL2Metric  10.862780  0.0  10.862780  10.862780      1
