
                            < M A T L A B (R) >
                  Copyright 1984-2017 The MathWorks, Inc.
                   R2017a (9.2.0.538062) 64-bit (glnxa64)
                             February 23, 2017

 
To get started, type one of these: helpwin, helpdesk, or demo.
For product information, visit www.mathworks.com.
 
Running "Run1", Seed: 136069
 *** Finished Simulation Run ***

config-19.json #############################################

[#.........] | Progress: 1 | Time: 0.0s | ETA: --[.#........] | Progress: 104 | Time: 0.1s | ETA: --[..#.......] | Progress: 237 | Time: 0.1s | ETA: --[...#......] | Progress: 373 | Time: 0.2s | ETA: --[....#.....] | Progress: 508 | Time: 0.2s | ETA: --[.....#....] | Progress: 640 | Time: 0.3s | ETA: --[......#...] | Progress: 772 | Time: 0.3s | ETA: --[.......#..] | Progress: 906 | Time: 0.4s | ETA: --[........#.] | Progress: 1035 | Time: 0.4s | ETA: --[##########] | Progress: 1064 | Time: 0.4s | ETA: --fit<>, fid</home/chun/projects/clineage-simulation/analysis/tmc-136069/tmc-005/case-19/triplets-list.raw.txt>, flg<treeReconstruction.log>, frt<resTree.tree>, frtN</home/chun/projects/clineage-simulation/analysis/tmc-136069/tmc-005/case-19/reconstructed.tmp.newick>, fsd<qqq.dat>, fst<simul.tree>, -->index=2
Read triplets from file...
Read triplets from file...Finished
N_triplets = 1049, idMaxFound = 22
treeBuildBasedOnTriplets_run...
make_isTogetherInTripletAndDeleteExtraTriplets: Finished
maxCut with 22 nodes: Finished
maxCut with 16 nodes: Finished
maxCut with 10 nodes: Finished
maxCut with 6 nodes: Finished
maxCut with 6 nodes: Finished
treeBuildBasedOnTriplets_run...Finished
Saving tree to file...
Saving tree to file...Finished

                            < M A T L A B (R) >
                  Copyright 1984-2017 The MathWorks, Inc.
                   R2017a (9.2.0.538062) 64-bit (glnxa64)
                             February 23, 2017

 
To get started, type one of these: helpwin, helpdesk, or demo.
For product information, visit www.mathworks.com.
 
TreeCmp version build2

Active options:
Type of the analysis:  ref-to-all comparison mode (-r)
Metrics:
  1. MatchingCluster (mc)
  2. R-F_Cluster (rc)
  3. NodalSplitted (ns)
  4. Triples (tt)
  5. MatchingPair (mp)
  6. MAST (mt)
  7. CopheneticL2Metric (co)
Input file: /home/chun/projects/clineage-simulation/analysis/tmc-136069/tmc-005/case-19/reconstructed.newick
Output file: /home/chun/projects/clineage-simulation/analysis/tmc-136069/tmc-005/case-19/scores.raw.out
Additional options:
N - Report normalized distances.
P - Prune compared trees if needed (trees can have different leaf sets).
I - Include summary section in the output file.
-----
2018-06-19 06:53:46: Start of reading random statistics.
2018-06-19 06:53:46: End of reading random statistics.
2018-06-19 06:53:46: Start of scanning input file: /home/chun/projects/clineage-simulation/analysis/tmc-136069/tmc-005/case-19/reconstructed.newick
2018-06-19 06:53:46: End of scanning input file: /home/chun/projects/clineage-simulation/analysis/tmc-136069/tmc-005/case-19/reconstructed.newick
2018-06-19 06:53:46: 1 valid trees found in file: /home/chun/projects/clineage-simulation/analysis/tmc-136069/tmc-005/case-19/reconstructed.newick
2018-06-19 06:53:46: Start of calculation...please wait...
2018-06-19 06:53:46: 0.00% completed...
2018-06-19 06:53:46: 100.00% completed.
2018-06-19 06:53:46: End of calculation.
2018-06-19 06:53:46: Total calculation time: 30 ms.
                               metrics
No                              1.0000
RefTree                         1.0000
Tree                            1.0000
RefTree_taxa                   22.0000
Tree_taxa                      22.0000
Common_taxa                    22.0000
MatchingCluster                34.0000
MatchingCluster_toYuleAvg       0.3440
MatchingCluster_toUnifAvg       0.2936
R-F_Cluster                     5.0000
R-F_Cluster_toYuleAvg           0.2529
R-F_Cluster_toUnifAvg           0.2518
NodalSplitted                  35.6651
NodalSplitted_toYuleAvg         0.5354
NodalSplitted_toUnifAvg         0.4192
Triples                       588.0000
Triples_toYuleAvg               0.5731
Triples_toUnifAvg               0.5713
MatchingPair                   94.0000
MatchingPair_toYuleAvg          0.5706
MatchingPair_toUnifAvg          0.5805
MAST                            8.0000
MAST_toYuleAvg                  0.5334
MAST_toUnifAvg                  0.5295
CopheneticL2Metric             26.3059
CopheneticL2Metric_toYuleAvg    0.5176
CopheneticL2Metric_toUnifAvg    0.4192

                 Name         Avg  Std         Min         Max  Count
0     MatchingCluster   34.000000  0.0   34.000000   34.000000      1
1         R-F_Cluster    5.000000  0.0    5.000000    5.000000      1
2       NodalSplitted   35.665109  0.0   35.665109   35.665109      1
3             Triples  588.000000  0.0  588.000000  588.000000      1
4        MatchingPair   94.000000  0.0   94.000000   94.000000      1
5                MAST    8.000000  0.0    8.000000    8.000000      1
6  CopheneticL2Metric   26.305893  0.0   26.305893   26.305893      1
