
                            < M A T L A B (R) >
                  Copyright 1984-2017 The MathWorks, Inc.
                   R2017a (9.2.0.538062) 64-bit (glnxa64)
                             February 23, 2017

 
To get started, type one of these: helpwin, helpdesk, or demo.
For product information, visit www.mathworks.com.
 
Running "Run1", Seed: 136069
 *** Finished Simulation Run ***

config-13.json #############################################

[#.........] | Progress: 1 | Time: 0.0s | ETA: --[.#........] | Progress: 157 | Time: 0.1s | ETA: --[..#.......] | Progress: 311 | Time: 0.1s | ETA: --[##########] | Progress: 390 | Time: 0.1s | ETA: --fit<>, fid</home/chun/projects/clineage-simulation/analysis/tmc-136069/tmc-005/case-13/triplets-list.raw.txt>, flg<treeReconstruction.log>, frt<resTree.tree>, frtN</home/chun/projects/clineage-simulation/analysis/tmc-136069/tmc-005/case-13/reconstructed.tmp.newick>, fsd<qqq.dat>, fst<simul.tree>, -->index=2
Read triplets from file...
Read triplets from file...Finished
N_triplets = 388, idMaxFound = 16
treeBuildBasedOnTriplets_run...
make_isTogetherInTripletAndDeleteExtraTriplets: Finished
maxCut with 16 nodes: Finished
maxCut with 15 nodes: Finished
maxCut with 10 nodes: Finished
maxCut with 8 nodes: Finished
maxCut with 5 nodes: Finished
treeBuildBasedOnTriplets_run...Finished
Saving tree to file...
Saving tree to file...Finished

                            < M A T L A B (R) >
                  Copyright 1984-2017 The MathWorks, Inc.
                   R2017a (9.2.0.538062) 64-bit (glnxa64)
                             February 23, 2017

 
To get started, type one of these: helpwin, helpdesk, or demo.
For product information, visit www.mathworks.com.
 
TreeCmp version build2

Active options:
Type of the analysis:  ref-to-all comparison mode (-r)
Metrics:
  1. MatchingCluster (mc)
  2. R-F_Cluster (rc)
  3. NodalSplitted (ns)
  4. Triples (tt)
  5. MatchingPair (mp)
  6. MAST (mt)
  7. CopheneticL2Metric (co)
Input file: /home/chun/projects/clineage-simulation/analysis/tmc-136069/tmc-005/case-13/reconstructed.newick
Output file: /home/chun/projects/clineage-simulation/analysis/tmc-136069/tmc-005/case-13/scores.raw.out
Additional options:
N - Report normalized distances.
P - Prune compared trees if needed (trees can have different leaf sets).
I - Include summary section in the output file.
-----
2018-06-19 06:53:22: Start of reading random statistics.
2018-06-19 06:53:22: End of reading random statistics.
2018-06-19 06:53:22: Start of scanning input file: /home/chun/projects/clineage-simulation/analysis/tmc-136069/tmc-005/case-13/reconstructed.newick
2018-06-19 06:53:22: End of scanning input file: /home/chun/projects/clineage-simulation/analysis/tmc-136069/tmc-005/case-13/reconstructed.newick
2018-06-19 06:53:22: 1 valid trees found in file: /home/chun/projects/clineage-simulation/analysis/tmc-136069/tmc-005/case-13/reconstructed.newick
2018-06-19 06:53:22: Start of calculation...please wait...
2018-06-19 06:53:22: 0.00% completed...
2018-06-19 06:53:22: 100.00% completed.
2018-06-19 06:53:22: End of calculation.
2018-06-19 06:53:22: Total calculation time: 29 ms.
                               metrics
No                              1.0000
RefTree                         1.0000
Tree                            1.0000
RefTree_taxa                   16.0000
Tree_taxa                      16.0000
Common_taxa                    16.0000
MatchingCluster                32.0000
MatchingCluster_toYuleAvg       0.5476
MatchingCluster_toUnifAvg       0.4956
R-F_Cluster                     7.0000
R-F_Cluster_toYuleAvg           0.5083
R-F_Cluster_toUnifAvg           0.5063
NodalSplitted                  26.0768
NodalSplitted_toYuleAvg         0.6195
NodalSplitted_toUnifAvg         0.5298
Triples                       231.0000
Triples_toYuleAvg               0.6191
Triples_toUnifAvg               0.6207
MatchingPair                   62.0000
MatchingPair_toYuleAvg          0.7592
MatchingPair_toUnifAvg          0.7746
MAST                            9.0000
MAST_toYuleAvg                  0.8942
MAST_toUnifAvg                  0.8888
CopheneticL2Metric             18.3576
CopheneticL2Metric_toYuleAvg    0.5586
CopheneticL2Metric_toUnifAvg    0.4936

                 Name        Avg  Std        Min        Max  Count
0     MatchingCluster   32.00000  0.0   32.00000   32.00000      1
1         R-F_Cluster    7.00000  0.0    7.00000    7.00000      1
2       NodalSplitted   26.07681  0.0   26.07681   26.07681      1
3             Triples  231.00000  0.0  231.00000  231.00000      1
4        MatchingPair   62.00000  0.0   62.00000   62.00000      1
5                MAST    9.00000  0.0    9.00000    9.00000      1
6  CopheneticL2Metric   18.35756  0.0   18.35756   18.35756      1
