
                            < M A T L A B (R) >
                  Copyright 1984-2017 The MathWorks, Inc.
                   R2017a (9.2.0.538062) 64-bit (glnxa64)
                             February 23, 2017

 
To get started, type one of these: helpwin, helpdesk, or demo.
For product information, visit www.mathworks.com.
 
Running "Run1", Seed: 136069
 *** Finished Simulation Run ***

config-20.json #############################################

[#.........] | Progress: 1 | Time: 0.0s | ETA: --[.#........] | Progress: 109 | Time: 0.1s | ETA: --[..#.......] | Progress: 216 | Time: 0.1s | ETA: --[...#......] | Progress: 323 | Time: 0.2s | ETA: --[....#.....] | Progress: 430 | Time: 0.2s | ETA: --[.....#....] | Progress: 537 | Time: 0.3s | ETA: --[......#...] | Progress: 642 | Time: 0.3s | ETA: --[.......#..] | Progress: 748 | Time: 0.4s | ETA: --[........#.] | Progress: 854 | Time: 0.4s | ETA: --[.........#] | Progress: 959 | Time: 0.5s | ETA: --[........#.] | Progress: 1064 | Time: 0.5s | ETA: --[.......#..] | Progress: 1166 | Time: 0.6s | ETA: --[##########] | Progress: 1208 | Time: 0.6s | ETA: --fit<>, fid</home/chun/projects/clineage-simulation/analysis/tmc-136069/tmc-005/case-20/triplets-list.raw.txt>, flg<treeReconstruction.log>, frt<resTree.tree>, frtN</home/chun/projects/clineage-simulation/analysis/tmc-136069/tmc-005/case-20/reconstructed.tmp.newick>, fsd<qqq.dat>, fst<simul.tree>, -->index=2
Read triplets from file...
Read triplets from file...Finished
N_triplets = 1186, idMaxFound = 23
treeBuildBasedOnTriplets_run...
make_isTogetherInTripletAndDeleteExtraTriplets: Finished
maxCut with 23 nodes: Finished
maxCut with 17 nodes: Finished
maxCut with 10 nodes: Finished
maxCut with 8 nodes: Finished
maxCut with 5 nodes: Finished
maxCut with 7 nodes: Finished
maxCut with 6 nodes: Finished
treeBuildBasedOnTriplets_run...Finished
Saving tree to file...
Saving tree to file...Finished

                            < M A T L A B (R) >
                  Copyright 1984-2017 The MathWorks, Inc.
                   R2017a (9.2.0.538062) 64-bit (glnxa64)
                             February 23, 2017

 
To get started, type one of these: helpwin, helpdesk, or demo.
For product information, visit www.mathworks.com.
 
TreeCmp version build2

Active options:
Type of the analysis:  ref-to-all comparison mode (-r)
Metrics:
  1. MatchingCluster (mc)
  2. R-F_Cluster (rc)
  3. NodalSplitted (ns)
  4. Triples (tt)
  5. MatchingPair (mp)
  6. MAST (mt)
  7. CopheneticL2Metric (co)
Input file: /home/chun/projects/clineage-simulation/analysis/tmc-136069/tmc-005/case-20/reconstructed.newick
Output file: /home/chun/projects/clineage-simulation/analysis/tmc-136069/tmc-005/case-20/scores.raw.out
Additional options:
N - Report normalized distances.
P - Prune compared trees if needed (trees can have different leaf sets).
I - Include summary section in the output file.
-----
2018-06-19 06:54:06: Start of reading random statistics.
2018-06-19 06:54:06: End of reading random statistics.
2018-06-19 06:54:06: Start of scanning input file: /home/chun/projects/clineage-simulation/analysis/tmc-136069/tmc-005/case-20/reconstructed.newick
2018-06-19 06:54:06: End of scanning input file: /home/chun/projects/clineage-simulation/analysis/tmc-136069/tmc-005/case-20/reconstructed.newick
2018-06-19 06:54:06: 1 valid trees found in file: /home/chun/projects/clineage-simulation/analysis/tmc-136069/tmc-005/case-20/reconstructed.newick
2018-06-19 06:54:06: Start of calculation...please wait...
2018-06-19 06:54:06: 0.00% completed...
2018-06-19 06:54:06: 100.00% completed.
2018-06-19 06:54:06: End of calculation.
2018-06-19 06:54:06: Total calculation time: 34 ms.
                               metrics
No                              1.0000
RefTree                         1.0000
Tree                            1.0000
RefTree_taxa                   23.0000
Tree_taxa                      23.0000
Common_taxa                    23.0000
MatchingCluster                48.0000
MatchingCluster_toYuleAvg       0.4527
MatchingCluster_toUnifAvg       0.3873
R-F_Cluster                     8.5000
R-F_Cluster_toYuleAvg           0.4091
R-F_Cluster_toUnifAvg           0.4083
NodalSplitted                  39.5980
NodalSplitted_toYuleAvg         0.5613
NodalSplitted_toUnifAvg         0.4417
Triples                       896.0000
Triples_toYuleAvg               0.7581
Triples_toUnifAvg               0.7615
MatchingPair                  155.0000
MatchingPair_toYuleAvg          0.8491
MatchingPair_toUnifAvg          0.8677
MAST                           14.0000
MAST_toYuleAvg                  0.8824
MAST_toUnifAvg                  0.8742
CopheneticL2Metric             27.9106
CopheneticL2Metric_toYuleAvg    0.5152
CopheneticL2Metric_toUnifAvg    0.4133

                 Name         Avg  Std         Min         Max  Count
0     MatchingCluster   48.000000  0.0   48.000000   48.000000      1
1         R-F_Cluster    8.500000  0.0    8.500000    8.500000      1
2       NodalSplitted   39.597980  0.0   39.597980   39.597980      1
3             Triples  896.000000  0.0  896.000000  896.000000      1
4        MatchingPair  155.000000  0.0  155.000000  155.000000      1
5                MAST   14.000000  0.0   14.000000   14.000000      1
6  CopheneticL2Metric   27.910571  0.0   27.910571   27.910571      1
