                              metrics
No                             1.0000
RefTree                        1.0000
Tree                           1.0000
RefTree_taxa                  20.0000
Tree_taxa                     20.0000
Common_taxa                   20.0000
MatchingCluster                7.0000
MatchingCluster_toYuleAvg      0.0822
MatchingCluster_toUnifAvg      0.0720
R-F_Cluster                    2.5000
R-F_Cluster_toYuleAvg          0.1408
R-F_Cluster_toUnifAvg          0.1401
NodalSplitted                 12.6886
NodalSplitted_toYuleAvg        0.2181
NodalSplitted_toUnifAvg        0.1766
Triples                        6.0000
Triples_toYuleAvg              0.0078
Triples_toUnifAvg              0.0079
MatchingPair                   4.0000
MatchingPair_toYuleAvg         0.0297
MatchingPair_toUnifAvg         0.0304
MAST                           3.0000
MAST_toYuleAvg                 0.2249
MAST_toUnifAvg                 0.2230
CopheneticL2Metric             4.0000
CopheneticL2Metric_toYuleAvg   0.0901
CopheneticL2Metric_toUnifAvg   0.0736

                 Name        Avg  Std        Min        Max  Count
0     MatchingCluster   7.000000  0.0   7.000000   7.000000      1
1         R-F_Cluster   2.500000  0.0   2.500000   2.500000      1
2       NodalSplitted  12.688578  0.0  12.688578  12.688578      1
3             Triples   6.000000  0.0   6.000000   6.000000      1
4        MatchingPair   4.000000  0.0   4.000000   4.000000      1
5                MAST   3.000000  0.0   3.000000   3.000000      1
6  CopheneticL2Metric   4.000000  0.0   4.000000   4.000000      1
