                              metrics
No                             1.0000
RefTree                        1.0000
Tree                           1.0000
RefTree_taxa                  17.0000
Tree_taxa                     17.0000
Common_taxa                   17.0000
MatchingCluster               16.0000
MatchingCluster_toYuleAvg      0.2475
MatchingCluster_toUnifAvg      0.2201
R-F_Cluster                    3.5000
R-F_Cluster_toYuleAvg          0.2369
R-F_Cluster_toUnifAvg          0.2358
NodalSplitted                 14.9666
NodalSplitted_toYuleAvg        0.3265
NodalSplitted_toUnifAvg        0.2733
Triples                       36.0000
Triples_toYuleAvg              0.0793
Triples_toUnifAvg              0.0792
MatchingPair                  12.0000
MatchingPair_toYuleAvg         0.1284
MatchingPair_toUnifAvg         0.1304
MAST                           4.0000
MAST_toYuleAvg                 0.3678
MAST_toUnifAvg                 0.3654
CopheneticL2Metric             9.9499
CopheneticL2Metric_toYuleAvg   0.2770
CopheneticL2Metric_toUnifAvg   0.2407

                 Name        Avg  Std        Min        Max  Count
0     MatchingCluster  16.000000  0.0  16.000000  16.000000      1
1         R-F_Cluster   3.500000  0.0   3.500000   3.500000      1
2       NodalSplitted  14.966630  0.0  14.966630  14.966630      1
3             Triples  36.000000  0.0  36.000000  36.000000      1
4        MatchingPair  12.000000  0.0  12.000000  12.000000      1
5                MAST   4.000000  0.0   4.000000   4.000000      1
6  CopheneticL2Metric   9.949874  0.0   9.949874   9.949874      1
