                              metrics
No                             1.0000
RefTree                        1.0000
Tree                           1.0000
RefTree_taxa                   6.0000
Tree_taxa                      6.0000
Common_taxa                    6.0000
MatchingCluster               11.0000
MatchingCluster_toYuleAvg      1.2160
MatchingCluster_toUnifAvg      1.2014
R-F_Cluster                    4.0000
R-F_Cluster_toYuleAvg          1.0908
R-F_Cluster_toUnifAvg          1.0902
NodalSplitted                  7.5498
NodalSplitted_toYuleAvg        0.9264
NodalSplitted_toUnifAvg        0.9119
Triples                       13.0000
Triples_toYuleAvg              0.9717
Triples_toUnifAvg              0.9620
MatchingPair                   9.0000
MatchingPair_toYuleAvg         1.1963
MatchingPair_toUnifAvg         1.1940
MAST                           3.0000
MAST_toYuleAvg                 1.1952
MAST_toUnifAvg                 1.1933
CopheneticL2Metric             6.7082
CopheneticL2Metric_toYuleAvg   0.9596
CopheneticL2Metric_toUnifAvg   0.9463

                 Name        Avg  Std        Min        Max  Count
0     MatchingCluster  11.000000  0.0  11.000000  11.000000      1
1         R-F_Cluster   4.000000  0.0   4.000000   4.000000      1
2       NodalSplitted   7.549834  0.0   7.549834   7.549834      1
3             Triples  13.000000  0.0  13.000000  13.000000      1
4        MatchingPair   9.000000  0.0   9.000000   9.000000      1
5                MAST   3.000000  0.0   3.000000   3.000000      1
6  CopheneticL2Metric   6.708204  0.0   6.708204   6.708204      1
