                              metrics
No                             1.0000
RefTree                        1.0000
Tree                           1.0000
RefTree_taxa                  11.0000
Tree_taxa                     11.0000
Common_taxa                   11.0000
MatchingCluster               20.0000
MatchingCluster_toYuleAvg      0.6590
MatchingCluster_toUnifAvg      0.6259
R-F_Cluster                    5.5000
R-F_Cluster_toYuleAvg          0.6297
R-F_Cluster_toUnifAvg          0.6248
NodalSplitted                 18.6548
NodalSplitted_toYuleAvg        0.7860
NodalSplitted_toUnifAvg        0.7276
Triples                       60.0000
Triples_toYuleAvg              0.5459
Triples_toUnifAvg              0.5444
MatchingPair                  24.0000
MatchingPair_toYuleAvg         0.6987
MatchingPair_toUnifAvg         0.7047
MAST                           4.0000
MAST_toYuleAvg                 0.6474
MAST_toUnifAvg                 0.6464
CopheneticL2Metric            13.8924
CopheneticL2Metric_toYuleAvg   0.7288
CopheneticL2Metric_toUnifAvg   0.6756

                 Name        Avg  Std        Min        Max  Count
0     MatchingCluster  20.000000  0.0  20.000000  20.000000      1
1         R-F_Cluster   5.500000  0.0   5.500000   5.500000      1
2       NodalSplitted  18.654758  0.0  18.654758  18.654758      1
3             Triples  60.000000  0.0  60.000000  60.000000      1
4        MatchingPair  24.000000  0.0  24.000000  24.000000      1
5                MAST   4.000000  0.0   4.000000   4.000000      1
6  CopheneticL2Metric  13.892444  0.0  13.892444  13.892444      1
