                               metrics
No                              1.0000
RefTree                         1.0000
Tree                            1.0000
RefTree_taxa                   11.0000
Tree_taxa                      11.0000
Common_taxa                    11.0000
MatchingCluster                26.0000
MatchingCluster_toYuleAvg       0.8567
MatchingCluster_toUnifAvg       0.8137
R-F_Cluster                     5.5000
R-F_Cluster_toYuleAvg           0.6297
R-F_Cluster_toUnifAvg           0.6248
NodalSplitted                  21.6795
NodalSplitted_toYuleAvg         0.9135
NodalSplitted_toUnifAvg         0.8456
Triples                       128.0000
Triples_toYuleAvg               1.1647
Triples_toUnifAvg               1.1614
MatchingPair                   22.0000
MatchingPair_toYuleAvg          0.6405
MatchingPair_toUnifAvg          0.6460
MAST                            8.0000
MAST_toYuleAvg                  1.2947
MAST_toUnifAvg                  1.2928
CopheneticL2Metric             12.8062
CopheneticL2Metric_toYuleAvg    0.6718
CopheneticL2Metric_toUnifAvg    0.6227

                 Name         Avg  Std         Min         Max  Count
0     MatchingCluster   26.000000  0.0   26.000000   26.000000      1
1         R-F_Cluster    5.500000  0.0    5.500000    5.500000      1
2       NodalSplitted   21.679483  0.0   21.679483   21.679483      1
3             Triples  128.000000  0.0  128.000000  128.000000      1
4        MatchingPair   22.000000  0.0   22.000000   22.000000      1
5                MAST    8.000000  0.0    8.000000    8.000000      1
6  CopheneticL2Metric   12.806248  0.0   12.806248   12.806248      1
