                              metrics
No                             1.0000
RefTree                        1.0000
Tree                           1.0000
RefTree_taxa                  16.0000
Tree_taxa                     16.0000
Common_taxa                   16.0000
MatchingCluster                5.0000
MatchingCluster_toYuleAvg      0.0856
MatchingCluster_toUnifAvg      0.0774
R-F_Cluster                    1.0000
R-F_Cluster_toYuleAvg          0.0726
R-F_Cluster_toUnifAvg          0.0723
NodalSplitted                  7.9373
NodalSplitted_toYuleAvg        0.1886
NodalSplitted_toUnifAvg        0.1613
Triples                        4.0000
Triples_toYuleAvg              0.0107
Triples_toUnifAvg              0.0107
MatchingPair                   4.0000
MatchingPair_toYuleAvg         0.0490
MatchingPair_toUnifAvg         0.0500
MAST                           1.0000
MAST_toYuleAvg                 0.0994
MAST_toUnifAvg                 0.0988
CopheneticL2Metric             4.0000
CopheneticL2Metric_toYuleAvg   0.1217
CopheneticL2Metric_toUnifAvg   0.1075

                 Name       Avg  Std       Min       Max  Count
0     MatchingCluster  5.000000  0.0  5.000000  5.000000      1
1         R-F_Cluster  1.000000  0.0  1.000000  1.000000      1
2       NodalSplitted  7.937254  0.0  7.937254  7.937254      1
3             Triples  4.000000  0.0  4.000000  4.000000      1
4        MatchingPair  4.000000  0.0  4.000000  4.000000      1
5                MAST  1.000000  0.0  1.000000  1.000000      1
6  CopheneticL2Metric  4.000000  0.0  4.000000  4.000000      1
