                               metrics
No                              1.0000
RefTree                         1.0000
Tree                            1.0000
RefTree_taxa                   17.0000
Tree_taxa                      17.0000
Common_taxa                    17.0000
MatchingCluster                32.0000
MatchingCluster_toYuleAvg       0.4951
MatchingCluster_toUnifAvg       0.4402
R-F_Cluster                    11.5000
R-F_Cluster_toYuleAvg           0.7785
R-F_Cluster_toUnifAvg           0.7747
NodalSplitted                  21.2603
NodalSplitted_toYuleAvg         0.4638
NodalSplitted_toUnifAvg         0.3883
Triples                       210.0000
Triples_toYuleAvg               0.4625
Triples_toUnifAvg               0.4618
MatchingPair                   56.0000
MatchingPair_toYuleAvg          0.5994
MatchingPair_toUnifAvg          0.6087
MAST                            9.0000
MAST_toYuleAvg                  0.8277
MAST_toUnifAvg                  0.8221
CopheneticL2Metric             10.8167
CopheneticL2Metric_toYuleAvg    0.3012
CopheneticL2Metric_toUnifAvg    0.2617

                 Name         Avg  Std         Min         Max  Count
0     MatchingCluster   32.000000  0.0   32.000000   32.000000      1
1         R-F_Cluster   11.500000  0.0   11.500000   11.500000      1
2       NodalSplitted   21.260292  0.0   21.260292   21.260292      1
3             Triples  210.000000  0.0  210.000000  210.000000      1
4        MatchingPair   56.000000  0.0   56.000000   56.000000      1
5                MAST    9.000000  0.0    9.000000    9.000000      1
6  CopheneticL2Metric   10.816654  0.0   10.816654   10.816654      1
