                              metrics
No                             1.0000
RefTree                        1.0000
Tree                           1.0000
RefTree_taxa                  18.0000
Tree_taxa                     18.0000
Common_taxa                   18.0000
MatchingCluster               12.0000
MatchingCluster_toYuleAvg      0.1689
MatchingCluster_toUnifAvg      0.1492
R-F_Cluster                    2.5000
R-F_Cluster_toYuleAvg          0.1584
R-F_Cluster_toUnifAvg          0.1580
NodalSplitted                 13.4907
NodalSplitted_toYuleAvg        0.2714
NodalSplitted_toUnifAvg        0.2226
Triples                       11.0000
Triples_toYuleAvg              0.0201
Triples_toUnifAvg              0.0203
MatchingPair                  10.0000
MatchingPair_toYuleAvg         0.0940
MatchingPair_toUnifAvg         0.0961
MAST                           3.0000
MAST_toYuleAvg                 0.2556
MAST_toUnifAvg                 0.2549
CopheneticL2Metric             5.7446
CopheneticL2Metric_toYuleAvg   0.1464
CopheneticL2Metric_toUnifAvg   0.1271

                 Name        Avg  Std        Min        Max  Count
0     MatchingCluster  12.000000  0.0  12.000000  12.000000      1
1         R-F_Cluster   2.500000  0.0   2.500000   2.500000      1
2       NodalSplitted  13.490738  0.0  13.490738  13.490738      1
3             Triples  11.000000  0.0  11.000000  11.000000      1
4        MatchingPair  10.000000  0.0  10.000000  10.000000      1
5                MAST   3.000000  0.0   3.000000   3.000000      1
6  CopheneticL2Metric   5.744563  0.0   5.744563   5.744563      1
