                               metrics
No                              1.0000
RefTree                         1.0000
Tree                            1.0000
RefTree_taxa                   22.0000
Tree_taxa                      22.0000
Common_taxa                    22.0000
MatchingCluster                44.0000
MatchingCluster_toYuleAvg       0.4452
MatchingCluster_toUnifAvg       0.3799
R-F_Cluster                    12.5000
R-F_Cluster_toYuleAvg           0.6322
R-F_Cluster_toUnifAvg           0.6295
NodalSplitted                  40.7185
NodalSplitted_toYuleAvg         0.6113
NodalSplitted_toUnifAvg         0.4786
Triples                       330.0000
Triples_toYuleAvg               0.3216
Triples_toUnifAvg               0.3206
MatchingPair                   96.0000
MatchingPair_toYuleAvg          0.5827
MatchingPair_toUnifAvg          0.5929
MAST                           11.0000
MAST_toYuleAvg                  0.7334
MAST_toUnifAvg                  0.7281
CopheneticL2Metric             23.3238
CopheneticL2Metric_toYuleAvg    0.4589
CopheneticL2Metric_toUnifAvg    0.3717

                 Name         Avg  Std         Min         Max  Count
0     MatchingCluster   44.000000  0.0   44.000000   44.000000      1
1         R-F_Cluster   12.500000  0.0   12.500000   12.500000      1
2       NodalSplitted   40.718546  0.0   40.718546   40.718546      1
3             Triples  330.000000  0.0  330.000000  330.000000      1
4        MatchingPair   96.000000  0.0   96.000000   96.000000      1
5                MAST   11.000000  0.0   11.000000   11.000000      1
6  CopheneticL2Metric   23.323808  0.0   23.323808   23.323808      1
