                               metrics
No                              1.0000
RefTree                         1.0000
Tree                            1.0000
RefTree_taxa                   18.0000
Tree_taxa                      18.0000
Common_taxa                    18.0000
MatchingCluster                46.0000
MatchingCluster_toYuleAvg       0.6475
MatchingCluster_toUnifAvg       0.5720
R-F_Cluster                    12.5000
R-F_Cluster_toYuleAvg           0.7918
R-F_Cluster_toUnifAvg           0.7899
NodalSplitted                  31.7490
NodalSplitted_toYuleAvg         0.6386
NodalSplitted_toUnifAvg         0.5238
Triples                       344.0000
Triples_toYuleAvg               0.6292
Triples_toUnifAvg               0.6335
MatchingPair                   85.0000
MatchingPair_toYuleAvg          0.7990
MatchingPair_toUnifAvg          0.8172
MAST                           11.0000
MAST_toYuleAvg                  0.9372
MAST_toUnifAvg                  0.9347
CopheneticL2Metric             19.1572
CopheneticL2Metric_toYuleAvg    0.4883
CopheneticL2Metric_toUnifAvg    0.4238

                 Name         Avg  Std         Min         Max  Count
0     MatchingCluster   46.000000  0.0   46.000000   46.000000      1
1         R-F_Cluster   12.500000  0.0   12.500000   12.500000      1
2       NodalSplitted   31.749016  0.0   31.749016   31.749016      1
3             Triples  344.000000  0.0  344.000000  344.000000      1
4        MatchingPair   85.000000  0.0   85.000000   85.000000      1
5                MAST   11.000000  0.0   11.000000   11.000000      1
6  CopheneticL2Metric   19.157244  0.0   19.157244   19.157244      1
