                              metrics
No                             1.0000
RefTree                        1.0000
Tree                           1.0000
RefTree_taxa                  23.0000
Tree_taxa                     23.0000
Common_taxa                   23.0000
MatchingCluster               29.0000
MatchingCluster_toYuleAvg      0.2735
MatchingCluster_toUnifAvg      0.2340
R-F_Cluster                    6.5000
R-F_Cluster_toYuleAvg          0.3128
R-F_Cluster_toUnifAvg          0.3122
NodalSplitted                 25.8457
NodalSplitted_toYuleAvg        0.3664
NodalSplitted_toUnifAvg        0.2883
Triples                       72.0000
Triples_toYuleAvg              0.0609
Triples_toUnifAvg              0.0612
MatchingPair                  22.0000
MatchingPair_toYuleAvg         0.1205
MatchingPair_toUnifAvg         0.1232
MAST                           7.0000
MAST_toYuleAvg                 0.4412
MAST_toUnifAvg                 0.4371
CopheneticL2Metric            14.1067
CopheneticL2Metric_toYuleAvg   0.2604
CopheneticL2Metric_toUnifAvg   0.2089

                 Name        Avg  Std        Min        Max  Count
0     MatchingCluster  29.000000  0.0  29.000000  29.000000      1
1         R-F_Cluster   6.500000  0.0   6.500000   6.500000      1
2       NodalSplitted  25.845696  0.0  25.845696  25.845696      1
3             Triples  72.000000  0.0  72.000000  72.000000      1
4        MatchingPair  22.000000  0.0  22.000000  22.000000      1
5                MAST   7.000000  0.0   7.000000   7.000000      1
6  CopheneticL2Metric  14.106736  0.0  14.106736  14.106736      1
