                              metrics
No                             1.0000
RefTree                        1.0000
Tree                           1.0000
RefTree_taxa                  20.0000
Tree_taxa                     20.0000
Common_taxa                   20.0000
MatchingCluster                5.0000
MatchingCluster_toYuleAvg      0.0587
MatchingCluster_toUnifAvg      0.0514
R-F_Cluster                    2.5000
R-F_Cluster_toYuleAvg          0.1408
R-F_Cluster_toUnifAvg          0.1401
NodalSplitted                  9.7468
NodalSplitted_toYuleAvg        0.1675
NodalSplitted_toUnifAvg        0.1356
Triples                        7.0000
Triples_toYuleAvg              0.0092
Triples_toUnifAvg              0.0092
MatchingPair                   5.0000
MatchingPair_toYuleAvg         0.0372
MatchingPair_toUnifAvg         0.0380
MAST                           2.0000
MAST_toYuleAvg                 0.1499
MAST_toUnifAvg                 0.1487
CopheneticL2Metric             3.6056
CopheneticL2Metric_toYuleAvg   0.0812
CopheneticL2Metric_toUnifAvg   0.0664

                 Name       Avg  Std       Min       Max  Count
0     MatchingCluster  5.000000  0.0  5.000000  5.000000      1
1         R-F_Cluster  2.500000  0.0  2.500000  2.500000      1
2       NodalSplitted  9.746794  0.0  9.746794  9.746794      1
3             Triples  7.000000  0.0  7.000000  7.000000      1
4        MatchingPair  5.000000  0.0  5.000000  5.000000      1
5                MAST  2.000000  0.0  2.000000  2.000000      1
6  CopheneticL2Metric  3.605551  0.0  3.605551  3.605551      1
