                              metrics
No                             1.0000
RefTree                        1.0000
Tree                           1.0000
RefTree_taxa                   9.0000
Tree_taxa                      9.0000
Common_taxa                    9.0000
MatchingCluster                6.0000
MatchingCluster_toYuleAvg      0.2920
MatchingCluster_toUnifAvg      0.2812
R-F_Cluster                    2.0000
R-F_Cluster_toYuleAvg          0.3001
R-F_Cluster_toUnifAvg          0.2965
NodalSplitted                  8.4853
NodalSplitted_toYuleAvg        0.5015
NodalSplitted_toUnifAvg        0.4761
Triples                        4.0000
Triples_toYuleAvg              0.0715
Triples_toUnifAvg              0.0719
MatchingPair                   3.0000
MatchingPair_toYuleAvg         0.1415
MatchingPair_toUnifAvg         0.1434
MAST                           2.0000
MAST_toYuleAvg                 0.4361
MAST_toUnifAvg                 0.4292
CopheneticL2Metric             4.4721
CopheneticL2Metric_toYuleAvg   0.3202
CopheneticL2Metric_toUnifAvg   0.3088

                 Name       Avg  Std       Min       Max  Count
0     MatchingCluster  6.000000  0.0  6.000000  6.000000      1
1         R-F_Cluster  2.000000  0.0  2.000000  2.000000      1
2       NodalSplitted  8.485281  0.0  8.485281  8.485281      1
3             Triples  4.000000  0.0  4.000000  4.000000      1
4        MatchingPair  3.000000  0.0  3.000000  3.000000      1
5                MAST  2.000000  0.0  2.000000  2.000000      1
6  CopheneticL2Metric  4.472136  0.0  4.472136  4.472136      1
