                              metrics
No                             1.0000
RefTree                        1.0000
Tree                           1.0000
RefTree_taxa                  15.0000
Tree_taxa                     15.0000
Common_taxa                   15.0000
MatchingCluster               11.0000
MatchingCluster_toYuleAvg      0.2125
MatchingCluster_toUnifAvg      0.1914
R-F_Cluster                    2.0000
R-F_Cluster_toYuleAvg          0.1569
R-F_Cluster_toUnifAvg          0.1560
NodalSplitted                 10.5830
NodalSplitted_toYuleAvg        0.2795
NodalSplitted_toUnifAvg        0.2407
Triples                       39.0000
Triples_toYuleAvg              0.1292
Triples_toUnifAvg              0.1288
MatchingPair                   8.0000
MatchingPair_toYuleAvg         0.1137
MatchingPair_toUnifAvg         0.1153
MAST                           3.0000
MAST_toYuleAvg                 0.3250
MAST_toUnifAvg                 0.3200
CopheneticL2Metric             8.7178
CopheneticL2Metric_toYuleAvg   0.2909
CopheneticL2Metric_toUnifAvg   0.2574

                 Name        Avg  Std        Min        Max  Count
0     MatchingCluster  11.000000  0.0  11.000000  11.000000      1
1         R-F_Cluster   2.000000  0.0   2.000000   2.000000      1
2       NodalSplitted  10.583005  0.0  10.583005  10.583005      1
3             Triples  39.000000  0.0  39.000000  39.000000      1
4        MatchingPair   8.000000  0.0   8.000000   8.000000      1
5                MAST   3.000000  0.0   3.000000   3.000000      1
6  CopheneticL2Metric   8.717798  0.0   8.717798   8.717798      1
