
                            < M A T L A B (R) >
                  Copyright 1984-2017 The MathWorks, Inc.
                   R2017a (9.2.0.538062) 64-bit (glnxa64)
                             February 23, 2017

 
To get started, type one of these: helpwin, helpdesk, or demo.
For product information, visit www.mathworks.com.
 
Running "Run1", Seed: 136069
 *** Finished Simulation Run ***

config-15.json #############################################

[#.........] | Progress: 1 | Time: 0.0s | ETA: --[.#........] | Progress: 69 | Time: 0.1s | ETA: --[..#.......] | Progress: 150 | Time: 0.1s | ETA: --[...#......] | Progress: 264 | Time: 0.2s | ETA: --[....#.....] | Progress: 379 | Time: 0.2s | ETA: --[.....#....] | Progress: 491 | Time: 0.3s | ETA: --[##########] | Progress: 569 | Time: 0.3s | ETA: --fit<>, fid</home/chun/projects/clineage-simulation/analysis/tmc-136069/tmc-006/case-15/triplets-list.raw.txt>, flg<treeReconstruction.log>, frt<resTree.tree>, frtN</home/chun/projects/clineage-simulation/analysis/tmc-136069/tmc-006/case-15/reconstructed.tmp.newick>, fsd<qqq.dat>, fst<simul.tree>, -->index=2
Read triplets from file...
Read triplets from file...Finished
N_triplets = 568, idMaxFound = 18
treeBuildBasedOnTriplets_run...
make_isTogetherInTripletAndDeleteExtraTriplets: Finished
maxCut with 18 nodes: Finished
maxCut with 13 nodes: Finished
maxCut with 8 nodes: Finished
maxCut with 4 nodes: Finished
maxCut with 5 nodes: Finished
treeBuildBasedOnTriplets_run...Finished
Saving tree to file...
Saving tree to file...Finished

                            < M A T L A B (R) >
                  Copyright 1984-2017 The MathWorks, Inc.
                   R2017a (9.2.0.538062) 64-bit (glnxa64)
                             February 23, 2017

 
To get started, type one of these: helpwin, helpdesk, or demo.
For product information, visit www.mathworks.com.
 
TreeCmp version build2

Active options:
Type of the analysis:  ref-to-all comparison mode (-r)
Metrics:
  1. MatchingCluster (mc)
  2. R-F_Cluster (rc)
  3. NodalSplitted (ns)
  4. Triples (tt)
  5. MatchingPair (mp)
  6. MAST (mt)
  7. CopheneticL2Metric (co)
Input file: /home/chun/projects/clineage-simulation/analysis/tmc-136069/tmc-006/case-15/reconstructed.newick
Output file: /home/chun/projects/clineage-simulation/analysis/tmc-136069/tmc-006/case-15/scores.raw.out
Additional options:
N - Report normalized distances.
P - Prune compared trees if needed (trees can have different leaf sets).
I - Include summary section in the output file.
-----
2018-06-19 06:54:06: Start of reading random statistics.
2018-06-19 06:54:06: End of reading random statistics.
2018-06-19 06:54:06: Start of scanning input file: /home/chun/projects/clineage-simulation/analysis/tmc-136069/tmc-006/case-15/reconstructed.newick
2018-06-19 06:54:06: End of scanning input file: /home/chun/projects/clineage-simulation/analysis/tmc-136069/tmc-006/case-15/reconstructed.newick
2018-06-19 06:54:06: 1 valid trees found in file: /home/chun/projects/clineage-simulation/analysis/tmc-136069/tmc-006/case-15/reconstructed.newick
2018-06-19 06:54:06: Start of calculation...please wait...
2018-06-19 06:54:06: 0.00% completed...
2018-06-19 06:54:06: 100.00% completed.
2018-06-19 06:54:06: End of calculation.
2018-06-19 06:54:06: Total calculation time: 22 ms.
                              metrics
No                             1.0000
RefTree                        1.0000
Tree                           1.0000
RefTree_taxa                  18.0000
Tree_taxa                     18.0000
Common_taxa                   18.0000
MatchingCluster               16.0000
MatchingCluster_toYuleAvg      0.2252
MatchingCluster_toUnifAvg      0.1990
R-F_Cluster                    3.0000
R-F_Cluster_toYuleAvg          0.1900
R-F_Cluster_toUnifAvg          0.1896
NodalSplitted                 15.6844
NodalSplitted_toYuleAvg        0.3155
NodalSplitted_toUnifAvg        0.2588
Triples                       37.0000
Triples_toYuleAvg              0.0677
Triples_toUnifAvg              0.0681
MatchingPair                  12.0000
MatchingPair_toYuleAvg         0.1128
MatchingPair_toUnifAvg         0.1154
MAST                           4.0000
MAST_toYuleAvg                 0.3408
MAST_toUnifAvg                 0.3399
CopheneticL2Metric             9.8995
CopheneticL2Metric_toYuleAvg   0.2523
CopheneticL2Metric_toUnifAvg   0.2190

                 Name        Avg  Std        Min        Max  Count
0     MatchingCluster  16.000000  0.0  16.000000  16.000000      1
1         R-F_Cluster   3.000000  0.0   3.000000   3.000000      1
2       NodalSplitted  15.684387  0.0  15.684387  15.684387      1
3             Triples  37.000000  0.0  37.000000  37.000000      1
4        MatchingPair  12.000000  0.0  12.000000  12.000000      1
5                MAST   4.000000  0.0   4.000000   4.000000      1
6  CopheneticL2Metric   9.899495  0.0   9.899495   9.899495      1
