
                            < M A T L A B (R) >
                  Copyright 1984-2017 The MathWorks, Inc.
                   R2017a (9.2.0.538062) 64-bit (glnxa64)
                             February 23, 2017

 
To get started, type one of these: helpwin, helpdesk, or demo.
For product information, visit www.mathworks.com.
 
Running "Run1", Seed: 136069
 *** Finished Simulation Run ***

config-07.json #############################################

[#.........] | Progress: 1 | Time: 0.0s | ETA: --[##########] | Progress: 90 | Time: 0.0s | ETA: --fit<>, fid</home/chun/projects/clineage-simulation/analysis/tmc-136069/tmc-006/case-07/triplets-list.raw.txt>, flg<treeReconstruction.log>, frt<resTree.tree>, frtN</home/chun/projects/clineage-simulation/analysis/tmc-136069/tmc-006/case-07/reconstructed.tmp.newick>, fsd<qqq.dat>, fst<simul.tree>, -->index=2
Read triplets from file...
Read triplets from file...Finished
N_triplets = 90, idMaxFound = 10
treeBuildBasedOnTriplets_run...
make_isTogetherInTripletAndDeleteExtraTriplets: Finished
maxCut with 10 nodes: Finished
maxCut with 7 nodes: Finished
treeBuildBasedOnTriplets_run...Finished
Saving tree to file...
Saving tree to file...Finished

                            < M A T L A B (R) >
                  Copyright 1984-2017 The MathWorks, Inc.
                   R2017a (9.2.0.538062) 64-bit (glnxa64)
                             February 23, 2017

 
To get started, type one of these: helpwin, helpdesk, or demo.
For product information, visit www.mathworks.com.
 
TreeCmp version build2

Active options:
Type of the analysis:  ref-to-all comparison mode (-r)
Metrics:
  1. MatchingCluster (mc)
  2. R-F_Cluster (rc)
  3. NodalSplitted (ns)
  4. Triples (tt)
  5. MatchingPair (mp)
  6. MAST (mt)
  7. CopheneticL2Metric (co)
Input file: /home/chun/projects/clineage-simulation/analysis/tmc-136069/tmc-006/case-07/reconstructed.newick
Output file: /home/chun/projects/clineage-simulation/analysis/tmc-136069/tmc-006/case-07/scores.raw.out
Additional options:
N - Report normalized distances.
P - Prune compared trees if needed (trees can have different leaf sets).
I - Include summary section in the output file.
-----
2018-06-19 06:53:55: Start of reading random statistics.
2018-06-19 06:53:55: End of reading random statistics.
2018-06-19 06:53:55: Start of scanning input file: /home/chun/projects/clineage-simulation/analysis/tmc-136069/tmc-006/case-07/reconstructed.newick
2018-06-19 06:53:55: End of scanning input file: /home/chun/projects/clineage-simulation/analysis/tmc-136069/tmc-006/case-07/reconstructed.newick
2018-06-19 06:53:55: 1 valid trees found in file: /home/chun/projects/clineage-simulation/analysis/tmc-136069/tmc-006/case-07/reconstructed.newick
2018-06-19 06:53:55: Start of calculation...please wait...
2018-06-19 06:53:55: 0.00% completed...
2018-06-19 06:53:55: 100.00% completed.
2018-06-19 06:53:55: End of calculation.
2018-06-19 06:53:55: Total calculation time: 18 ms.
                              metrics
No                             1.0000
RefTree                        1.0000
Tree                           1.0000
RefTree_taxa                  10.0000
Tree_taxa                     10.0000
Common_taxa                   10.0000
MatchingCluster                5.0000
MatchingCluster_toYuleAvg      0.1967
MatchingCluster_toUnifAvg      0.1891
R-F_Cluster                    1.0000
R-F_Cluster_toYuleAvg          0.1292
R-F_Cluster_toUnifAvg          0.1286
NodalSplitted                  5.7446
NodalSplitted_toYuleAvg        0.2837
NodalSplitted_toUnifAvg        0.2669
Triples                        8.0000
Triples_toYuleAvg              0.0998
Triples_toUnifAvg              0.1007
MatchingPair                   4.0000
MatchingPair_toYuleAvg         0.1446
MatchingPair_toUnifAvg         0.1479
MAST                           1.0000
MAST_toYuleAvg                 0.1858
MAST_toUnifAvg                 0.1869
CopheneticL2Metric             4.5826
CopheneticL2Metric_toYuleAvg   0.2798
CopheneticL2Metric_toUnifAvg   0.2669

                 Name       Avg  Std       Min       Max  Count
0     MatchingCluster  5.000000  0.0  5.000000  5.000000      1
1         R-F_Cluster  1.000000  0.0  1.000000  1.000000      1
2       NodalSplitted  5.744563  0.0  5.744563  5.744563      1
3             Triples  8.000000  0.0  8.000000  8.000000      1
4        MatchingPair  4.000000  0.0  4.000000  4.000000      1
5                MAST  1.000000  0.0  1.000000  1.000000      1
6  CopheneticL2Metric  4.582576  0.0  4.582576  4.582576      1
