
                            < M A T L A B (R) >
                  Copyright 1984-2017 The MathWorks, Inc.
                   R2017a (9.2.0.538062) 64-bit (glnxa64)
                             February 23, 2017

 
To get started, type one of these: helpwin, helpdesk, or demo.
For product information, visit www.mathworks.com.
 
Running "Run1", Seed: 136069
 *** Finished Simulation Run ***

config-20.json #############################################

[#.........] | Progress: 1 | Time: 0.0s | ETA: --[.#........] | Progress: 87 | Time: 0.1s | ETA: --[..#.......] | Progress: 175 | Time: 0.1s | ETA: --[...#......] | Progress: 264 | Time: 0.2s | ETA: --[....#.....] | Progress: 353 | Time: 0.2s | ETA: --[.....#....] | Progress: 441 | Time: 0.3s | ETA: --[......#...] | Progress: 530 | Time: 0.3s | ETA: --[.......#..] | Progress: 619 | Time: 0.4s | ETA: --[........#.] | Progress: 708 | Time: 0.4s | ETA: --[.........#] | Progress: 796 | Time: 0.5s | ETA: --[........#.] | Progress: 886 | Time: 0.5s | ETA: --[.......#..] | Progress: 984 | Time: 0.6s | ETA: --[......#...] | Progress: 1050 | Time: 0.6s | ETA: --[.....#....] | Progress: 1130 | Time: 0.7s | ETA: --[##########] | Progress: 1211 | Time: 0.7s | ETA: --fit<>, fid</home/chun/projects/clineage-simulation/analysis/tmc-136069/tmc-006/case-20/triplets-list.raw.txt>, flg<treeReconstruction.log>, frt<resTree.tree>, frtN</home/chun/projects/clineage-simulation/analysis/tmc-136069/tmc-006/case-20/reconstructed.tmp.newick>, fsd<qqq.dat>, fst<simul.tree>, -->index=2
Read triplets from file...
Read triplets from file...Finished
N_triplets = 1208, idMaxFound = 23
treeBuildBasedOnTriplets_run...
make_isTogetherInTripletAndDeleteExtraTriplets: Finished
maxCut with 23 nodes: Finished
maxCut with 6 nodes: Finished
maxCut with 17 nodes: Finished
maxCut with 6 nodes: Finished
maxCut with 11 nodes: Finished
maxCut with 6 nodes: Finished
treeBuildBasedOnTriplets_run...Finished
Saving tree to file...
Saving tree to file...Finished

                            < M A T L A B (R) >
                  Copyright 1984-2017 The MathWorks, Inc.
                   R2017a (9.2.0.538062) 64-bit (glnxa64)
                             February 23, 2017

 
To get started, type one of these: helpwin, helpdesk, or demo.
For product information, visit www.mathworks.com.
 
TreeCmp version build2

Active options:
Type of the analysis:  ref-to-all comparison mode (-r)
Metrics:
  1. MatchingCluster (mc)
  2. R-F_Cluster (rc)
  3. NodalSplitted (ns)
  4. Triples (tt)
  5. MatchingPair (mp)
  6. MAST (mt)
  7. CopheneticL2Metric (co)
Input file: /home/chun/projects/clineage-simulation/analysis/tmc-136069/tmc-006/case-20/reconstructed.newick
Output file: /home/chun/projects/clineage-simulation/analysis/tmc-136069/tmc-006/case-20/scores.raw.out
Additional options:
N - Report normalized distances.
P - Prune compared trees if needed (trees can have different leaf sets).
I - Include summary section in the output file.
-----
2018-06-19 06:54:08: Start of reading random statistics.
2018-06-19 06:54:08: End of reading random statistics.
2018-06-19 06:54:08: Start of scanning input file: /home/chun/projects/clineage-simulation/analysis/tmc-136069/tmc-006/case-20/reconstructed.newick
2018-06-19 06:54:08: End of scanning input file: /home/chun/projects/clineage-simulation/analysis/tmc-136069/tmc-006/case-20/reconstructed.newick
2018-06-19 06:54:08: 1 valid trees found in file: /home/chun/projects/clineage-simulation/analysis/tmc-136069/tmc-006/case-20/reconstructed.newick
2018-06-19 06:54:08: Start of calculation...please wait...
2018-06-19 06:54:08: 0.00% completed...
2018-06-19 06:54:08: 100.00% completed.
2018-06-19 06:54:08: End of calculation.
2018-06-19 06:54:08: Total calculation time: 27 ms.
                              metrics
No                             1.0000
RefTree                        1.0000
Tree                           1.0000
RefTree_taxa                  23.0000
Tree_taxa                     23.0000
Common_taxa                   23.0000
MatchingCluster               23.0000
MatchingCluster_toYuleAvg      0.2169
MatchingCluster_toUnifAvg      0.1856
R-F_Cluster                    4.0000
R-F_Cluster_toYuleAvg          0.1925
R-F_Cluster_toUnifAvg          0.1921
NodalSplitted                 20.5913
NodalSplitted_toYuleAvg        0.2919
NodalSplitted_toUnifAvg        0.2297
Triples                       68.0000
Triples_toYuleAvg              0.0575
Triples_toUnifAvg              0.0578
MatchingPair                  19.0000
MatchingPair_toYuleAvg         0.1041
MatchingPair_toUnifAvg         0.1064
MAST                           4.0000
MAST_toYuleAvg                 0.2521
MAST_toUnifAvg                 0.2498
CopheneticL2Metric            13.6015
CopheneticL2Metric_toYuleAvg   0.2511
CopheneticL2Metric_toUnifAvg   0.2014

                 Name        Avg  Std        Min        Max  Count
0     MatchingCluster  23.000000  0.0  23.000000  23.000000      1
1         R-F_Cluster   4.000000  0.0   4.000000   4.000000      1
2       NodalSplitted  20.591260  0.0  20.591260  20.591260      1
3             Triples  68.000000  0.0  68.000000  68.000000      1
4        MatchingPair  19.000000  0.0  19.000000  19.000000      1
5                MAST   4.000000  0.0   4.000000   4.000000      1
6  CopheneticL2Metric  13.601471  0.0  13.601471  13.601471      1
