
                            < M A T L A B (R) >
                  Copyright 1984-2017 The MathWorks, Inc.
                   R2017a (9.2.0.538062) 64-bit (glnxa64)
                             February 23, 2017

 
To get started, type one of these: helpwin, helpdesk, or demo.
For product information, visit www.mathworks.com.
 
Running "Run1", Seed: 136069
 *** Finished Simulation Run ***

config-17.json #############################################

[#.........] | Progress: 1 | Time: 0.0s | ETA: --[.#........] | Progress: 106 | Time: 0.1s | ETA: --[..#.......] | Progress: 213 | Time: 0.1s | ETA: --[...#......] | Progress: 320 | Time: 0.2s | ETA: --[....#.....] | Progress: 429 | Time: 0.2s | ETA: --[.....#....] | Progress: 540 | Time: 0.3s | ETA: --[......#...] | Progress: 650 | Time: 0.3s | ETA: --[.......#..] | Progress: 757 | Time: 0.4s | ETA: --[##########] | Progress: 771 | Time: 0.4s | ETA: --fit<>, fid</home/chun/projects/clineage-simulation/analysis/tmc-136069/tmc-006/case-17/triplets-list.raw.txt>, flg<treeReconstruction.log>, frt<resTree.tree>, frtN</home/chun/projects/clineage-simulation/analysis/tmc-136069/tmc-006/case-17/reconstructed.tmp.newick>, fsd<qqq.dat>, fst<simul.tree>, -->index=2
Read triplets from file...
Read triplets from file...Finished
N_triplets = 769, idMaxFound = 20
treeBuildBasedOnTriplets_run...
make_isTogetherInTripletAndDeleteExtraTriplets: Finished
maxCut with 20 nodes: Finished
maxCut with 6 nodes: Finished
maxCut with 14 nodes: Finished
maxCut with 5 nodes: Finished
maxCut with 9 nodes: Finished
maxCut with 4 nodes: Finished
treeBuildBasedOnTriplets_run...Finished
Saving tree to file...
Saving tree to file...Finished

                            < M A T L A B (R) >
                  Copyright 1984-2017 The MathWorks, Inc.
                   R2017a (9.2.0.538062) 64-bit (glnxa64)
                             February 23, 2017

 
To get started, type one of these: helpwin, helpdesk, or demo.
For product information, visit www.mathworks.com.
 
TreeCmp version build2

Active options:
Type of the analysis:  ref-to-all comparison mode (-r)
Metrics:
  1. MatchingCluster (mc)
  2. R-F_Cluster (rc)
  3. NodalSplitted (ns)
  4. Triples (tt)
  5. MatchingPair (mp)
  6. MAST (mt)
  7. CopheneticL2Metric (co)
Input file: /home/chun/projects/clineage-simulation/analysis/tmc-136069/tmc-006/case-17/reconstructed.newick
Output file: /home/chun/projects/clineage-simulation/analysis/tmc-136069/tmc-006/case-17/scores.raw.out
Additional options:
N - Report normalized distances.
P - Prune compared trees if needed (trees can have different leaf sets).
I - Include summary section in the output file.
-----
2018-06-19 06:54:07: Start of reading random statistics.
2018-06-19 06:54:08: End of reading random statistics.
2018-06-19 06:54:08: Start of scanning input file: /home/chun/projects/clineage-simulation/analysis/tmc-136069/tmc-006/case-17/reconstructed.newick
2018-06-19 06:54:08: End of scanning input file: /home/chun/projects/clineage-simulation/analysis/tmc-136069/tmc-006/case-17/reconstructed.newick
2018-06-19 06:54:08: 1 valid trees found in file: /home/chun/projects/clineage-simulation/analysis/tmc-136069/tmc-006/case-17/reconstructed.newick
2018-06-19 06:54:08: Start of calculation...please wait...
2018-06-19 06:54:08: 0.00% completed...
2018-06-19 06:54:08: 100.00% completed.
2018-06-19 06:54:08: End of calculation.
2018-06-19 06:54:08: Total calculation time: 26 ms.
                              metrics
No                             1.0000
RefTree                        1.0000
Tree                           1.0000
RefTree_taxa                  20.0000
Tree_taxa                     20.0000
Common_taxa                   20.0000
MatchingCluster               24.0000
MatchingCluster_toYuleAvg      0.2817
MatchingCluster_toUnifAvg      0.2467
R-F_Cluster                    5.0000
R-F_Cluster_toYuleAvg          0.2815
R-F_Cluster_toUnifAvg          0.2802
NodalSplitted                 18.9209
NodalSplitted_toYuleAvg        0.3252
NodalSplitted_toUnifAvg        0.2633
Triples                       49.0000
Triples_toYuleAvg              0.0641
Triples_toUnifAvg              0.0645
MatchingPair                  18.0000
MatchingPair_toYuleAvg         0.1338
MatchingPair_toUnifAvg         0.1368
MAST                           5.0000
MAST_toYuleAvg                 0.3748
MAST_toUnifAvg                 0.3716
CopheneticL2Metric            11.5326
CopheneticL2Metric_toYuleAvg   0.2597
CopheneticL2Metric_toUnifAvg   0.2123

                 Name        Avg  Std        Min        Max  Count
0     MatchingCluster  24.000000  0.0  24.000000  24.000000      1
1         R-F_Cluster   5.000000  0.0   5.000000   5.000000      1
2       NodalSplitted  18.920888  0.0  18.920888  18.920888      1
3             Triples  49.000000  0.0  49.000000  49.000000      1
4        MatchingPair  18.000000  0.0  18.000000  18.000000      1
5                MAST   5.000000  0.0   5.000000   5.000000      1
6  CopheneticL2Metric  11.532563  0.0  11.532563  11.532563      1
