                              metrics
No                             1.0000
RefTree                        1.0000
Tree                           1.0000
RefTree_taxa                   8.0000
Tree_taxa                      8.0000
Common_taxa                    8.0000
MatchingCluster                9.0000
MatchingCluster_toYuleAvg      0.5494
MatchingCluster_toUnifAvg      0.5289
R-F_Cluster                    3.5000
R-F_Cluster_toYuleAvg          0.6124
R-F_Cluster_toUnifAvg          0.6073
NodalSplitted                  7.4162
NodalSplitted_toYuleAvg        0.5404
NodalSplitted_toUnifAvg        0.5129
Triples                       12.0000
Triples_toYuleAvg              0.3243
Triples_toUnifAvg              0.3174
MatchingPair                   9.0000
MatchingPair_toYuleAvg         0.5673
MatchingPair_toUnifAvg         0.5652
MAST                           2.0000
MAST_toYuleAvg                 0.5135
MAST_toUnifAvg                 0.5098
CopheneticL2Metric             5.0000
CopheneticL2Metric_toYuleAvg   0.4388
CopheneticL2Metric_toUnifAvg   0.4236

                 Name        Avg  Std        Min        Max  Count
0     MatchingCluster   9.000000  0.0   9.000000   9.000000      1
1         R-F_Cluster   3.500000  0.0   3.500000   3.500000      1
2       NodalSplitted   7.416198  0.0   7.416198   7.416198      1
3             Triples  12.000000  0.0  12.000000  12.000000      1
4        MatchingPair   9.000000  0.0   9.000000   9.000000      1
5                MAST   2.000000  0.0   2.000000   2.000000      1
6  CopheneticL2Metric   5.000000  0.0   5.000000   5.000000      1
