                              metrics
No                             1.0000
RefTree                        1.0000
Tree                           1.0000
RefTree_taxa                  12.0000
Tree_taxa                     12.0000
Common_taxa                   12.0000
MatchingCluster                8.0000
MatchingCluster_toYuleAvg      0.2253
MatchingCluster_toUnifAvg      0.2116
R-F_Cluster                    3.0000
R-F_Cluster_toYuleAvg          0.3077
R-F_Cluster_toUnifAvg          0.3065
NodalSplitted                  8.9443
NodalSplitted_toYuleAvg        0.3284
NodalSplitted_toUnifAvg        0.2989
Triples                       12.0000
Triples_toYuleAvg              0.0815
Triples_toUnifAvg              0.0818
MatchingPair                   8.0000
MatchingPair_toYuleAvg         0.1891
MatchingPair_toUnifAvg         0.1916
MAST                           3.0000
MAST_toYuleAvg                 0.4354
MAST_toUnifAvg                 0.4311
CopheneticL2Metric             4.5826
CopheneticL2Metric_toYuleAvg   0.2114
CopheneticL2Metric_toUnifAvg   0.1945

                 Name        Avg  Std        Min        Max  Count
0     MatchingCluster   8.000000  0.0   8.000000   8.000000      1
1         R-F_Cluster   3.000000  0.0   3.000000   3.000000      1
2       NodalSplitted   8.944272  0.0   8.944272   8.944272      1
3             Triples  12.000000  0.0  12.000000  12.000000      1
4        MatchingPair   8.000000  0.0   8.000000   8.000000      1
5                MAST   3.000000  0.0   3.000000   3.000000      1
6  CopheneticL2Metric   4.582576  0.0   4.582576   4.582576      1
