
                            < M A T L A B (R) >
                  Copyright 1984-2017 The MathWorks, Inc.
                   R2017a (9.2.0.538062) 64-bit (glnxa64)
                             February 23, 2017

 
To get started, type one of these: helpwin, helpdesk, or demo.
For product information, visit www.mathworks.com.
 
Running "Run1", Seed: 875887
 *** Finished Simulation Run ***

config-20.json #############################################

[#.........] | Progress: 1 | Time: 0.0s | ETA: --[.#........] | Progress: 383 | Time: 0.1s | ETA: --[..#.......] | Progress: 618 | Time: 0.1s | ETA: --[...#......] | Progress: 857 | Time: 0.2s | ETA: --[....#.....] | Progress: 1103 | Time: 0.2s | ETA: --[##########] | Progress: 1243 | Time: 0.2s | ETA: --fit<>, fid</home/chun/projects/clineage-simulation/analysis/tmc/tmc-002/case-20/triplets-list.raw.txt>, flg<treeReconstruction.log>, frt<resTree.tree>, frtN</home/chun/projects/clineage-simulation/analysis/tmc/tmc-002/case-20/reconstructed.tmp.newick>, fsd<qqq.dat>, fst<simul.tree>, -->index=2
Read triplets from file...
Read triplets from file...Finished
N_triplets = 1070, idMaxFound = 23
treeBuildBasedOnTriplets_run...
make_isTogetherInTripletAndDeleteExtraTriplets: Finished
maxCut with 23 nodes: Finished
maxCut with 10 nodes: Finished
maxCut with 13 nodes: Finished
maxCut with 12 nodes: Finished
treeBuildBasedOnTriplets_run...Finished
Saving tree to file...
Saving tree to file...Finished

                            < M A T L A B (R) >
                  Copyright 1984-2017 The MathWorks, Inc.
                   R2017a (9.2.0.538062) 64-bit (glnxa64)
                             February 23, 2017

 
To get started, type one of these: helpwin, helpdesk, or demo.
For product information, visit www.mathworks.com.
 
TreeCmp version build2

Active options:
Type of the analysis:  ref-to-all comparison mode (-r)
Metrics:
  1. MatchingCluster (mc)
  2. R-F_Cluster (rc)
  3. NodalSplitted (ns)
  4. Triples (tt)
  5. MatchingPair (mp)
  6. MAST (mt)
  7. CopheneticL2Metric (co)
Input file: /home/chun/projects/clineage-simulation/analysis/tmc/tmc-002/case-20/reconstructed.newick
Output file: /home/chun/projects/clineage-simulation/analysis/tmc/tmc-002/case-20/scores.raw.out
Additional options:
N - Report normalized distances.
P - Prune compared trees if needed (trees can have different leaf sets).
I - Include summary section in the output file.
-----
2018-06-18 18:38:25: Start of reading random statistics.
2018-06-18 18:38:25: End of reading random statistics.
2018-06-18 18:38:25: Start of scanning input file: /home/chun/projects/clineage-simulation/analysis/tmc/tmc-002/case-20/reconstructed.newick
2018-06-18 18:38:25: End of scanning input file: /home/chun/projects/clineage-simulation/analysis/tmc/tmc-002/case-20/reconstructed.newick
2018-06-18 18:38:25: 1 valid trees found in file: /home/chun/projects/clineage-simulation/analysis/tmc/tmc-002/case-20/reconstructed.newick
2018-06-18 18:38:25: Start of calculation...please wait...
2018-06-18 18:38:25: 0.00% completed...
2018-06-18 18:38:25: 100.00% completed.
2018-06-18 18:38:25: End of calculation.
2018-06-18 18:38:25: Total calculation time: 23 ms.
                               metrics
No                              1.0000
RefTree                         1.0000
Tree                            1.0000
RefTree_taxa                   23.0000
Tree_taxa                      23.0000
Common_taxa                    23.0000
MatchingCluster                64.0000
MatchingCluster_toYuleAvg       0.6036
MatchingCluster_toUnifAvg       0.5164
R-F_Cluster                    14.5000
R-F_Cluster_toYuleAvg           0.6979
R-F_Cluster_toUnifAvg           0.6965
NodalSplitted                  38.4968
NodalSplitted_toYuleAvg         0.5457
NodalSplitted_toUnifAvg         0.4294
Triples                       724.0000
Triples_toYuleAvg               0.6126
Triples_toUnifAvg               0.6153
MatchingPair                  141.0000
MatchingPair_toYuleAvg          0.7724
MatchingPair_toUnifAvg          0.7893
MAST                           15.0000
MAST_toYuleAvg                  0.9454
MAST_toUnifAvg                  0.9367
CopheneticL2Metric             24.6577
CopheneticL2Metric_toYuleAvg    0.4552
CopheneticL2Metric_toUnifAvg    0.3652

                 Name         Avg  Std         Min         Max  Count
0     MatchingCluster   64.000000  0.0   64.000000   64.000000      1
1         R-F_Cluster   14.500000  0.0   14.500000   14.500000      1
2       NodalSplitted   38.496753  0.0   38.496753   38.496753      1
3             Triples  724.000000  0.0  724.000000  724.000000      1
4        MatchingPair  141.000000  0.0  141.000000  141.000000      1
5                MAST   15.000000  0.0   15.000000   15.000000      1
6  CopheneticL2Metric   24.657656  0.0   24.657656   24.657656      1
