                               metrics
No                              1.0000
RefTree                         1.0000
Tree                            1.0000
RefTree_taxa                   20.0000
Tree_taxa                      20.0000
Common_taxa                    20.0000
MatchingCluster                27.0000
MatchingCluster_toYuleAvg       0.3169
MatchingCluster_toUnifAvg       0.2775
R-F_Cluster                     4.0000
R-F_Cluster_toYuleAvg           0.2252
R-F_Cluster_toUnifAvg           0.2241
NodalSplitted                  22.6936
NodalSplitted_toYuleAvg         0.3900
NodalSplitted_toUnifAvg         0.3158
Triples                       235.0000
Triples_toYuleAvg               0.3074
Triples_toUnifAvg               0.3094
MatchingPair                   59.0000
MatchingPair_toYuleAvg          0.4385
MatchingPair_toUnifAvg          0.4484
MAST                            6.0000
MAST_toYuleAvg                  0.4497
MAST_toUnifAvg                  0.4460
CopheneticL2Metric             14.1421
CopheneticL2Metric_toYuleAvg    0.3184
CopheneticL2Metric_toUnifAvg    0.2603

                 Name         Avg  Std         Min         Max  Count
0     MatchingCluster   27.000000  0.0   27.000000   27.000000      1
1         R-F_Cluster    4.000000  0.0    4.000000    4.000000      1
2       NodalSplitted   22.693611  0.0   22.693611   22.693611      1
3             Triples  235.000000  0.0  235.000000  235.000000      1
4        MatchingPair   59.000000  0.0   59.000000   59.000000      1
5                MAST    6.000000  0.0    6.000000    6.000000      1
6  CopheneticL2Metric   14.142136  0.0   14.142136   14.142136      1
