                              metrics
No                             1.0000
RefTree                        1.0000
Tree                           1.0000
RefTree_taxa                  17.0000
Tree_taxa                     17.0000
Common_taxa                   17.0000
MatchingCluster               10.0000
MatchingCluster_toYuleAvg      0.1547
MatchingCluster_toUnifAvg      0.1376
R-F_Cluster                    2.5000
R-F_Cluster_toYuleAvg          0.1692
R-F_Cluster_toUnifAvg          0.1684
NodalSplitted                 14.0712
NodalSplitted_toYuleAvg        0.3070
NodalSplitted_toUnifAvg        0.2570
Triples                        7.0000
Triples_toYuleAvg              0.0154
Triples_toUnifAvg              0.0154
MatchingPair                   7.0000
MatchingPair_toYuleAvg         0.0749
MatchingPair_toUnifAvg         0.0761
MAST                           3.0000
MAST_toYuleAvg                 0.2759
MAST_toUnifAvg                 0.2740
CopheneticL2Metric             5.5678
CopheneticL2Metric_toYuleAvg   0.1550
CopheneticL2Metric_toUnifAvg   0.1347

                 Name        Avg  Std        Min        Max  Count
0     MatchingCluster  10.000000  0.0  10.000000  10.000000      1
1         R-F_Cluster   2.500000  0.0   2.500000   2.500000      1
2       NodalSplitted  14.071247  0.0  14.071247  14.071247      1
3             Triples   7.000000  0.0   7.000000   7.000000      1
4        MatchingPair   7.000000  0.0   7.000000   7.000000      1
5                MAST   3.000000  0.0   3.000000   3.000000      1
6  CopheneticL2Metric   5.567764  0.0   5.567764   5.567764      1
