                              metrics
No                             1.0000
RefTree                        1.0000
Tree                           1.0000
RefTree_taxa                  13.0000
Tree_taxa                     13.0000
Common_taxa                   13.0000
MatchingCluster               14.0000
MatchingCluster_toYuleAvg      0.3429
MatchingCluster_toUnifAvg      0.3174
R-F_Cluster                    2.0000
R-F_Cluster_toYuleAvg          0.1855
R-F_Cluster_toUnifAvg          0.1848
NodalSplitted                 11.2250
NodalSplitted_toYuleAvg        0.3665
NodalSplitted_toUnifAvg        0.3238
Triples                       64.0000
Triples_toYuleAvg              0.3349
Triples_toUnifAvg              0.3350
MatchingPair                  24.0000
MatchingPair_toYuleAvg         0.4712
MatchingPair_toUnifAvg         0.4793
MAST                           3.0000
MAST_toYuleAvg                 0.3898
MAST_toUnifAvg                 0.3863
CopheneticL2Metric             8.7178
CopheneticL2Metric_toYuleAvg   0.3593
CopheneticL2Metric_toUnifAvg   0.3264

                 Name        Avg  Std        Min        Max  Count
0     MatchingCluster  14.000000  0.0  14.000000  14.000000      1
1         R-F_Cluster   2.000000  0.0   2.000000   2.000000      1
2       NodalSplitted  11.224972  0.0  11.224972  11.224972      1
3             Triples  64.000000  0.0  64.000000  64.000000      1
4        MatchingPair  24.000000  0.0  24.000000  24.000000      1
5                MAST   3.000000  0.0   3.000000   3.000000      1
6  CopheneticL2Metric   8.717798  0.0   8.717798   8.717798      1
