                               metrics
No                              1.0000
RefTree                         1.0000
Tree                            1.0000
RefTree_taxa                   18.0000
Tree_taxa                      18.0000
Common_taxa                    18.0000
MatchingCluster                40.0000
MatchingCluster_toYuleAvg       0.5630
MatchingCluster_toUnifAvg       0.4974
R-F_Cluster                    10.0000
R-F_Cluster_toYuleAvg           0.6335
R-F_Cluster_toUnifAvg           0.6319
NodalSplitted                  31.5595
NodalSplitted_toYuleAvg         0.6348
NodalSplitted_toUnifAvg         0.5207
Triples                       158.0000
Triples_toYuleAvg               0.2890
Triples_toUnifAvg               0.2910
MatchingPair                   49.0000
MatchingPair_toYuleAvg          0.4606
MatchingPair_toUnifAvg          0.4711
MAST                            9.0000
MAST_toYuleAvg                  0.7668
MAST_toUnifAvg                  0.7647
CopheneticL2Metric             18.8680
CopheneticL2Metric_toYuleAvg    0.4809
CopheneticL2Metric_toUnifAvg    0.4174

                 Name         Avg  Std         Min         Max  Count
0     MatchingCluster   40.000000  0.0   40.000000   40.000000      1
1         R-F_Cluster   10.000000  0.0   10.000000   10.000000      1
2       NodalSplitted   31.559468  0.0   31.559468   31.559468      1
3             Triples  158.000000  0.0  158.000000  158.000000      1
4        MatchingPair   49.000000  0.0   49.000000   49.000000      1
5                MAST    9.000000  0.0    9.000000    9.000000      1
6  CopheneticL2Metric   18.867962  0.0   18.867962   18.867962      1
