                               metrics
No                              1.0000
RefTree                         1.0000
Tree                            1.0000
RefTree_taxa                   17.0000
Tree_taxa                      17.0000
Common_taxa                    17.0000
MatchingCluster                21.0000
MatchingCluster_toYuleAvg       0.3249
MatchingCluster_toUnifAvg       0.2889
R-F_Cluster                     4.5000
R-F_Cluster_toYuleAvg           0.3046
R-F_Cluster_toUnifAvg           0.3031
NodalSplitted                  19.9499
NodalSplitted_toYuleAvg         0.4352
NodalSplitted_toUnifAvg         0.3644
Triples                       147.0000
Triples_toYuleAvg               0.3238
Triples_toUnifAvg               0.3232
MatchingPair                   36.0000
MatchingPair_toYuleAvg          0.3853
MatchingPair_toUnifAvg          0.3913
MAST                            5.0000
MAST_toYuleAvg                  0.4598
MAST_toUnifAvg                  0.4567
CopheneticL2Metric             12.4499
CopheneticL2Metric_toYuleAvg    0.3467
CopheneticL2Metric_toUnifAvg    0.3012

                 Name         Avg  Std         Min         Max  Count
0     MatchingCluster   21.000000  0.0   21.000000   21.000000      1
1         R-F_Cluster    4.500000  0.0    4.500000    4.500000      1
2       NodalSplitted   19.949937  0.0   19.949937   19.949937      1
3             Triples  147.000000  0.0  147.000000  147.000000      1
4        MatchingPair   36.000000  0.0   36.000000   36.000000      1
5                MAST    5.000000  0.0    5.000000    5.000000      1
6  CopheneticL2Metric   12.449900  0.0   12.449900   12.449900      1
