                               metrics
No                              1.0000
RefTree                         1.0000
Tree                            1.0000
RefTree_taxa                   17.0000
Tree_taxa                      17.0000
Common_taxa                    17.0000
MatchingCluster                41.0000
MatchingCluster_toYuleAvg       0.6343
MatchingCluster_toUnifAvg       0.5640
R-F_Cluster                     9.5000
R-F_Cluster_toYuleAvg           0.6431
R-F_Cluster_toUnifAvg           0.6399
NodalSplitted                  31.6860
NodalSplitted_toYuleAvg         0.6913
NodalSplitted_toUnifAvg         0.5787
Triples                       143.0000
Triples_toYuleAvg               0.3150
Triples_toUnifAvg               0.3144
MatchingPair                   46.0000
MatchingPair_toYuleAvg          0.4923
MatchingPair_toUnifAvg          0.5000
MAST                            8.0000
MAST_toYuleAvg                  0.7357
MAST_toUnifAvg                  0.7307
CopheneticL2Metric             20.5426
CopheneticL2Metric_toYuleAvg    0.5720
CopheneticL2Metric_toUnifAvg    0.4970

                 Name         Avg  Std         Min         Max  Count
0     MatchingCluster   41.000000  0.0   41.000000   41.000000      1
1         R-F_Cluster    9.500000  0.0    9.500000    9.500000      1
2       NodalSplitted   31.685959  0.0   31.685959   31.685959      1
3             Triples  143.000000  0.0  143.000000  143.000000      1
4        MatchingPair   46.000000  0.0   46.000000   46.000000      1
5                MAST    8.000000  0.0    8.000000    8.000000      1
6  CopheneticL2Metric   20.542639  0.0   20.542639   20.542639      1
