                              metrics
No                             1.0000
RefTree                        1.0000
Tree                           1.0000
RefTree_taxa                  21.0000
Tree_taxa                     21.0000
Common_taxa                   21.0000
MatchingCluster               28.0000
MatchingCluster_toYuleAvg      0.3057
MatchingCluster_toUnifAvg      0.2647
R-F_Cluster                    7.0000
R-F_Cluster_toYuleAvg          0.3729
R-F_Cluster_toUnifAvg          0.3714
NodalSplitted                 22.8910
NodalSplitted_toYuleAvg        0.3718
NodalSplitted_toUnifAvg        0.2941
Triples                       65.0000
Triples_toYuleAvg              0.0732
Triples_toUnifAvg              0.0733
MatchingPair                  25.0000
MatchingPair_toYuleAvg         0.1674
MatchingPair_toUnifAvg         0.1708
MAST                           5.0000
MAST_toYuleAvg                 0.3527
MAST_toUnifAvg                 0.3502
CopheneticL2Metric            14.2478
CopheneticL2Metric_toYuleAvg   0.2994
CopheneticL2Metric_toUnifAvg   0.2466

                 Name        Avg  Std        Min        Max  Count
0     MatchingCluster  28.000000  0.0  28.000000  28.000000      1
1         R-F_Cluster   7.000000  0.0   7.000000   7.000000      1
2       NodalSplitted  22.891046  0.0  22.891046  22.891046      1
3             Triples  65.000000  0.0  65.000000  65.000000      1
4        MatchingPair  25.000000  0.0  25.000000  25.000000      1
5                MAST   5.000000  0.0   5.000000   5.000000      1
6  CopheneticL2Metric  14.247807  0.0  14.247807  14.247807      1
