                               metrics
No                              1.0000
RefTree                         1.0000
Tree                            1.0000
RefTree_taxa                   19.0000
Tree_taxa                      19.0000
Common_taxa                    19.0000
MatchingCluster                58.0000
MatchingCluster_toYuleAvg       0.7480
MatchingCluster_toUnifAvg       0.6526
R-F_Cluster                    12.0000
R-F_Cluster_toYuleAvg           0.7166
R-F_Cluster_toUnifAvg           0.7129
NodalSplitted                  38.3145
NodalSplitted_toYuleAvg         0.7124
NodalSplitted_toUnifAvg         0.5808
Triples                       614.0000
Triples_toYuleAvg               0.9541
Triples_toUnifAvg               0.9495
MatchingPair                   99.0000
MatchingPair_toYuleAvg          0.8272
MatchingPair_toUnifAvg          0.8405
MAST                           13.0000
MAST_toYuleAvg                  1.0388
MAST_toUnifAvg                  1.0307
CopheneticL2Metric             20.9045
CopheneticL2Metric_toYuleAvg    0.4952
CopheneticL2Metric_toUnifAvg    0.4245

                 Name         Avg  Std         Min         Max  Count
0     MatchingCluster   58.000000  0.0   58.000000   58.000000      1
1         R-F_Cluster   12.000000  0.0   12.000000   12.000000      1
2       NodalSplitted   38.314488  0.0   38.314488   38.314488      1
3             Triples  614.000000  0.0  614.000000  614.000000      1
4        MatchingPair   99.000000  0.0   99.000000   99.000000      1
5                MAST   13.000000  0.0   13.000000   13.000000      1
6  CopheneticL2Metric   20.904545  0.0   20.904545   20.904545      1
