                              metrics
No                             1.0000
RefTree                        1.0000
Tree                           1.0000
RefTree_taxa                  12.0000
Tree_taxa                     12.0000
Common_taxa                   12.0000
MatchingCluster                2.0000
MatchingCluster_toYuleAvg      0.0563
MatchingCluster_toUnifAvg      0.0529
R-F_Cluster                    1.0000
R-F_Cluster_toYuleAvg          0.1026
R-F_Cluster_toUnifAvg          0.1022
NodalSplitted                  4.6904
NodalSplitted_toYuleAvg        0.1722
NodalSplitted_toUnifAvg        0.1568
Triples                        1.0000
Triples_toYuleAvg              0.0068
Triples_toUnifAvg              0.0068
MatchingPair                   1.0000
MatchingPair_toYuleAvg         0.0236
MatchingPair_toUnifAvg         0.0240
MAST                           1.0000
MAST_toYuleAvg                 0.1451
MAST_toUnifAvg                 0.1437
CopheneticL2Metric             2.0000
CopheneticL2Metric_toYuleAvg   0.0923
CopheneticL2Metric_toUnifAvg   0.0849

                 Name       Avg  Std       Min       Max  Count
0     MatchingCluster  2.000000  0.0  2.000000  2.000000      1
1         R-F_Cluster  1.000000  0.0  1.000000  1.000000      1
2       NodalSplitted  4.690416  0.0  4.690416  4.690416      1
3             Triples  1.000000  0.0  1.000000  1.000000      1
4        MatchingPair  1.000000  0.0  1.000000  1.000000      1
5                MAST  1.000000  0.0  1.000000  1.000000      1
6  CopheneticL2Metric  2.000000  0.0  2.000000  2.000000      1
