                              metrics
No                             1.0000
RefTree                        1.0000
Tree                           1.0000
RefTree_taxa                  23.0000
Tree_taxa                     23.0000
Common_taxa                   23.0000
MatchingCluster               20.0000
MatchingCluster_toYuleAvg      0.1886
MatchingCluster_toUnifAvg      0.1614
R-F_Cluster                    3.5000
R-F_Cluster_toYuleAvg          0.1684
R-F_Cluster_toUnifAvg          0.1681
NodalSplitted                 24.0832
NodalSplitted_toYuleAvg        0.3414
NodalSplitted_toUnifAvg        0.2687
Triples                       43.0000
Triples_toYuleAvg              0.0364
Triples_toUnifAvg              0.0365
MatchingPair                  20.0000
MatchingPair_toYuleAvg         0.1096
MatchingPair_toUnifAvg         0.1120
MAST                           5.0000
MAST_toYuleAvg                 0.3151
MAST_toUnifAvg                 0.3122
CopheneticL2Metric            10.7703
CopheneticL2Metric_toYuleAvg   0.1988
CopheneticL2Metric_toUnifAvg   0.1595

                 Name        Avg  Std        Min        Max  Count
0     MatchingCluster  20.000000  0.0  20.000000  20.000000      1
1         R-F_Cluster   3.500000  0.0   3.500000   3.500000      1
2       NodalSplitted  24.083189  0.0  24.083189  24.083189      1
3             Triples  43.000000  0.0  43.000000  43.000000      1
4        MatchingPair  20.000000  0.0  20.000000  20.000000      1
5                MAST   5.000000  0.0   5.000000   5.000000      1
6  CopheneticL2Metric  10.770330  0.0  10.770330  10.770330      1
