                               metrics
No                              1.0000
RefTree                         1.0000
Tree                            1.0000
RefTree_taxa                   14.0000
Tree_taxa                      14.0000
Common_taxa                    14.0000
MatchingCluster                35.0000
MatchingCluster_toYuleAvg       0.7492
MatchingCluster_toUnifAvg       0.6937
R-F_Cluster                     9.5000
R-F_Cluster_toYuleAvg           0.8067
R-F_Cluster_toUnifAvg           0.8041
NodalSplitted                  23.4307
NodalSplitted_toYuleAvg         0.6743
NodalSplitted_toUnifAvg         0.6000
Triples                       172.0000
Triples_toYuleAvg               0.7079
Triples_toUnifAvg               0.7095
MatchingPair                   54.0000
MatchingPair_toYuleAvg          0.8980
MatchingPair_toUnifAvg          0.9143
MAST                            8.0000
MAST_toYuleAvg                  0.9430
MAST_toUnifAvg                  0.9338
CopheneticL2Metric             14.8324
CopheneticL2Metric_toYuleAvg    0.5419
CopheneticL2Metric_toUnifAvg    0.4861

                 Name         Avg  Std         Min         Max  Count
0     MatchingCluster   35.000000  0.0   35.000000   35.000000      1
1         R-F_Cluster    9.500000  0.0    9.500000    9.500000      1
2       NodalSplitted   23.430749  0.0   23.430749   23.430749      1
3             Triples  172.000000  0.0  172.000000  172.000000      1
4        MatchingPair   54.000000  0.0   54.000000   54.000000      1
5                MAST    8.000000  0.0    8.000000    8.000000      1
6  CopheneticL2Metric   14.832397  0.0   14.832397   14.832397      1
