                              metrics
No                             1.0000
RefTree                        1.0000
Tree                           1.0000
RefTree_taxa                  18.0000
Tree_taxa                     18.0000
Common_taxa                   18.0000
MatchingCluster               18.0000
MatchingCluster_toYuleAvg      0.2534
MatchingCluster_toUnifAvg      0.2238
R-F_Cluster                    3.5000
R-F_Cluster_toYuleAvg          0.2217
R-F_Cluster_toUnifAvg          0.2212
NodalSplitted                 19.0263
NodalSplitted_toYuleAvg        0.3827
NodalSplitted_toUnifAvg        0.3139
Triples                       30.0000
Triples_toYuleAvg              0.0549
Triples_toUnifAvg              0.0553
MatchingPair                  14.0000
MatchingPair_toYuleAvg         0.1316
MatchingPair_toUnifAvg         0.1346
MAST                           4.0000
MAST_toYuleAvg                 0.3408
MAST_toUnifAvg                 0.3399
CopheneticL2Metric             9.9499
CopheneticL2Metric_toYuleAvg   0.2536
CopheneticL2Metric_toUnifAvg   0.2201

                 Name        Avg  Std        Min        Max  Count
0     MatchingCluster  18.000000  0.0  18.000000  18.000000      1
1         R-F_Cluster   3.500000  0.0   3.500000   3.500000      1
2       NodalSplitted  19.026298  0.0  19.026298  19.026298      1
3             Triples  30.000000  0.0  30.000000  30.000000      1
4        MatchingPair  14.000000  0.0  14.000000  14.000000      1
5                MAST   4.000000  0.0   4.000000   4.000000      1
6  CopheneticL2Metric   9.949874  0.0   9.949874   9.949874      1
