                              metrics
No                             1.0000
RefTree                        1.0000
Tree                           1.0000
RefTree_taxa                  12.0000
Tree_taxa                     12.0000
Common_taxa                   12.0000
MatchingCluster               13.0000
MatchingCluster_toYuleAvg      0.3662
MatchingCluster_toUnifAvg      0.3438
R-F_Cluster                    4.5000
R-F_Cluster_toYuleAvg          0.4615
R-F_Cluster_toUnifAvg          0.4597
NodalSplitted                 12.7671
NodalSplitted_toYuleAvg        0.4687
NodalSplitted_toUnifAvg        0.4267
Triples                       68.0000
Triples_toYuleAvg              0.4619
Triples_toUnifAvg              0.4634
MatchingPair                  24.0000
MatchingPair_toYuleAvg         0.5674
MatchingPair_toUnifAvg         0.5749
MAST                           4.0000
MAST_toYuleAvg                 0.5805
MAST_toUnifAvg                 0.5748
CopheneticL2Metric             8.8882
CopheneticL2Metric_toYuleAvg   0.4100
CopheneticL2Metric_toUnifAvg   0.3772

                 Name        Avg  Std        Min        Max  Count
0     MatchingCluster  13.000000  0.0  13.000000  13.000000      1
1         R-F_Cluster   4.500000  0.0   4.500000   4.500000      1
2       NodalSplitted  12.767145  0.0  12.767145  12.767145      1
3             Triples  68.000000  0.0  68.000000  68.000000      1
4        MatchingPair  24.000000  0.0  24.000000  24.000000      1
5                MAST   4.000000  0.0   4.000000   4.000000      1
6  CopheneticL2Metric   8.888194  0.0   8.888194   8.888194      1
