
                            < M A T L A B (R) >
                  Copyright 1984-2017 The MathWorks, Inc.
                   R2017a (9.2.0.538062) 64-bit (glnxa64)
                             February 23, 2017

 
To get started, type one of these: helpwin, helpdesk, or demo.
For product information, visit www.mathworks.com.
 
Running "Run1", Seed: 181848
 *** Finished Simulation Run ***

config-10.json #############################################

[#.........] | Progress: 1 | Time: 0.0s | ETA: --[.#........] | Progress: 32 | Time: 0.1s | ETA: --[..#.......] | Progress: 63 | Time: 0.1s | ETA: --[...#......] | Progress: 95 | Time: 0.2s | ETA: --[....#.....] | Progress: 127 | Time: 0.2s | ETA: --[.....#....] | Progress: 158 | Time: 0.3s | ETA: --[......#...] | Progress: 188 | Time: 0.3s | ETA: --[##########] | Progress: 208 | Time: 0.3s | ETA: --fit<>, fid</home/chun/projects/clineage-simulation/analysis/tmc-181848/tmc-008/case-10/triplets-list.raw.txt>, flg<treeReconstruction.log>, frt<resTree.tree>, frtN</home/chun/projects/clineage-simulation/analysis/tmc-181848/tmc-008/case-10/reconstructed.tmp.newick>, fsd<qqq.dat>, fst<simul.tree>, -->index=2
Read triplets from file...
Read triplets from file...Finished
N_triplets = 208, idMaxFound = 13
treeBuildBasedOnTriplets_run...
make_isTogetherInTripletAndDeleteExtraTriplets: Finished
maxCut with 13 nodes: Finished
treeBuildBasedOnTriplets_run...Finished
Saving tree to file...
Saving tree to file...Finished

                            < M A T L A B (R) >
                  Copyright 1984-2017 The MathWorks, Inc.
                   R2017a (9.2.0.538062) 64-bit (glnxa64)
                             February 23, 2017

 
To get started, type one of these: helpwin, helpdesk, or demo.
For product information, visit www.mathworks.com.
 
TreeCmp version build2

Active options:
Type of the analysis:  ref-to-all comparison mode (-r)
Metrics:
  1. MatchingCluster (mc)
  2. R-F_Cluster (rc)
  3. NodalSplitted (ns)
  4. Triples (tt)
  5. MatchingPair (mp)
  6. MAST (mt)
  7. CopheneticL2Metric (co)
Input file: /home/chun/projects/clineage-simulation/analysis/tmc-181848/tmc-008/case-10/reconstructed.newick
Output file: /home/chun/projects/clineage-simulation/analysis/tmc-181848/tmc-008/case-10/scores.raw.out
Additional options:
N - Report normalized distances.
P - Prune compared trees if needed (trees can have different leaf sets).
I - Include summary section in the output file.
-----
2018-06-19 06:09:24: Start of reading random statistics.
2018-06-19 06:09:24: End of reading random statistics.
2018-06-19 06:09:24: Start of scanning input file: /home/chun/projects/clineage-simulation/analysis/tmc-181848/tmc-008/case-10/reconstructed.newick
2018-06-19 06:09:24: End of scanning input file: /home/chun/projects/clineage-simulation/analysis/tmc-181848/tmc-008/case-10/reconstructed.newick
2018-06-19 06:09:24: 1 valid trees found in file: /home/chun/projects/clineage-simulation/analysis/tmc-181848/tmc-008/case-10/reconstructed.newick
2018-06-19 06:09:24: Start of calculation...please wait...
2018-06-19 06:09:24: 0.00% completed...
2018-06-19 06:09:24: 100.00% completed.
2018-06-19 06:09:24: End of calculation.
2018-06-19 06:09:24: Total calculation time: 19 ms.
                              metrics
No                             1.0000
RefTree                        1.0000
Tree                           1.0000
RefTree_taxa                  13.0000
Tree_taxa                     13.0000
Common_taxa                   13.0000
MatchingCluster                5.0000
MatchingCluster_toYuleAvg      0.1225
MatchingCluster_toUnifAvg      0.1134
R-F_Cluster                    1.5000
R-F_Cluster_toYuleAvg          0.1391
R-F_Cluster_toUnifAvg          0.1386
NodalSplitted                  7.4833
NodalSplitted_toYuleAvg        0.2444
NodalSplitted_toUnifAvg        0.2159
Triples                        3.0000
Triples_toYuleAvg              0.0157
Triples_toUnifAvg              0.0157
MatchingPair                   3.0000
MatchingPair_toYuleAvg         0.0589
MatchingPair_toUnifAvg         0.0599
MAST                           2.0000
MAST_toYuleAvg                 0.2598
MAST_toUnifAvg                 0.2576
CopheneticL2Metric             3.1623
CopheneticL2Metric_toYuleAvg   0.1303
CopheneticL2Metric_toUnifAvg   0.1184

                 Name       Avg  Std       Min       Max  Count
0     MatchingCluster  5.000000  0.0  5.000000  5.000000      1
1         R-F_Cluster  1.500000  0.0  1.500000  1.500000      1
2       NodalSplitted  7.483315  0.0  7.483315  7.483315      1
3             Triples  3.000000  0.0  3.000000  3.000000      1
4        MatchingPair  3.000000  0.0  3.000000  3.000000      1
5                MAST  2.000000  0.0  2.000000  2.000000      1
6  CopheneticL2Metric  3.162278  0.0  3.162278  3.162278      1
