
                            < M A T L A B (R) >
                  Copyright 1984-2017 The MathWorks, Inc.
                   R2017a (9.2.0.538062) 64-bit (glnxa64)
                             February 23, 2017

 
To get started, type one of these: helpwin, helpdesk, or demo.
For product information, visit www.mathworks.com.
 
Running "Run1", Seed: 181848
 *** Finished Simulation Run ***

config-14.json #############################################

[#.........] | Progress: 1 | Time: 0.0s | ETA: --[.#........] | Progress: 24 | Time: 0.1s | ETA: --[..#.......] | Progress: 47 | Time: 0.1s | ETA: --[...#......] | Progress: 70 | Time: 0.2s | ETA: --[....#.....] | Progress: 93 | Time: 0.2s | ETA: --[.....#....] | Progress: 116 | Time: 0.3s | ETA: --[......#...] | Progress: 139 | Time: 0.3s | ETA: --[.......#..] | Progress: 162 | Time: 0.4s | ETA: --[........#.] | Progress: 188 | Time: 0.4s | ETA: --[.........#] | Progress: 217 | Time: 0.5s | ETA: --[........#.] | Progress: 246 | Time: 0.5s | ETA: --[.......#..] | Progress: 275 | Time: 0.6s | ETA: --[......#...] | Progress: 304 | Time: 0.6s | ETA: --[.....#....] | Progress: 331 | Time: 0.7s | ETA: --[....#.....] | Progress: 359 | Time: 0.7s | ETA: --[...#......] | Progress: 389 | Time: 0.8s | ETA: --[..#.......] | Progress: 419 | Time: 0.8s | ETA: --[.#........] | Progress: 448 | Time: 0.9s | ETA: --[##########] | Progress: 472 | Time: 0.9s | ETA: --fit<>, fid</home/chun/projects/clineage-simulation/analysis/tmc-181848/tmc-008/case-14/triplets-list.raw.txt>, flg<treeReconstruction.log>, frt<resTree.tree>, frtN</home/chun/projects/clineage-simulation/analysis/tmc-181848/tmc-008/case-14/reconstructed.tmp.newick>, fsd<qqq.dat>, fst<simul.tree>, -->index=2
Read triplets from file...
Read triplets from file...Finished
N_triplets = 472, idMaxFound = 17
treeBuildBasedOnTriplets_run...
make_isTogetherInTripletAndDeleteExtraTriplets: Finished
maxCut with 17 nodes: Finished
maxCut with 9 nodes: Finished
maxCut with 7 nodes: Finished
treeBuildBasedOnTriplets_run...Finished
Saving tree to file...
Saving tree to file...Finished

                            < M A T L A B (R) >
                  Copyright 1984-2017 The MathWorks, Inc.
                   R2017a (9.2.0.538062) 64-bit (glnxa64)
                             February 23, 2017

 
To get started, type one of these: helpwin, helpdesk, or demo.
For product information, visit www.mathworks.com.
 
TreeCmp version build2

Active options:
Type of the analysis:  ref-to-all comparison mode (-r)
Metrics:
  1. MatchingCluster (mc)
  2. R-F_Cluster (rc)
  3. NodalSplitted (ns)
  4. Triples (tt)
  5. MatchingPair (mp)
  6. MAST (mt)
  7. CopheneticL2Metric (co)
Input file: /home/chun/projects/clineage-simulation/analysis/tmc-181848/tmc-008/case-14/reconstructed.newick
Output file: /home/chun/projects/clineage-simulation/analysis/tmc-181848/tmc-008/case-14/scores.raw.out
Additional options:
N - Report normalized distances.
P - Prune compared trees if needed (trees can have different leaf sets).
I - Include summary section in the output file.
-----
2018-06-19 06:09:24: Start of reading random statistics.
2018-06-19 06:09:24: End of reading random statistics.
2018-06-19 06:09:24: Start of scanning input file: /home/chun/projects/clineage-simulation/analysis/tmc-181848/tmc-008/case-14/reconstructed.newick
2018-06-19 06:09:24: End of scanning input file: /home/chun/projects/clineage-simulation/analysis/tmc-181848/tmc-008/case-14/reconstructed.newick
2018-06-19 06:09:24: 1 valid trees found in file: /home/chun/projects/clineage-simulation/analysis/tmc-181848/tmc-008/case-14/reconstructed.newick
2018-06-19 06:09:24: Start of calculation...please wait...
2018-06-19 06:09:24: 0.00% completed...
2018-06-19 06:09:24: 100.00% completed.
2018-06-19 06:09:24: End of calculation.
2018-06-19 06:09:24: Total calculation time: 23 ms.
                              metrics
No                             1.0000
RefTree                        1.0000
Tree                           1.0000
RefTree_taxa                  17.0000
Tree_taxa                     17.0000
Common_taxa                   17.0000
MatchingCluster                6.0000
MatchingCluster_toYuleAvg      0.0928
MatchingCluster_toUnifAvg      0.0825
R-F_Cluster                    1.5000
R-F_Cluster_toYuleAvg          0.1015
R-F_Cluster_toUnifAvg          0.1010
NodalSplitted                  9.3808
NodalSplitted_toYuleAvg        0.2047
NodalSplitted_toUnifAvg        0.1713
Triples                       10.0000
Triples_toYuleAvg              0.0220
Triples_toUnifAvg              0.0220
MatchingPair                   4.0000
MatchingPair_toYuleAvg         0.0428
MatchingPair_toUnifAvg         0.0435
MAST                           2.0000
MAST_toYuleAvg                 0.1839
MAST_toUnifAvg                 0.1827
CopheneticL2Metric             4.6904
CopheneticL2Metric_toYuleAvg   0.1306
CopheneticL2Metric_toUnifAvg   0.1135

                 Name        Avg  Std        Min        Max  Count
0     MatchingCluster   6.000000  0.0   6.000000   6.000000      1
1         R-F_Cluster   1.500000  0.0   1.500000   1.500000      1
2       NodalSplitted   9.380832  0.0   9.380832   9.380832      1
3             Triples  10.000000  0.0  10.000000  10.000000      1
4        MatchingPair   4.000000  0.0   4.000000   4.000000      1
5                MAST   2.000000  0.0   2.000000   2.000000      1
6  CopheneticL2Metric   4.690416  0.0   4.690416   4.690416      1
