                              metrics
No                             1.0000
RefTree                        1.0000
Tree                           1.0000
RefTree_taxa                  16.0000
Tree_taxa                     16.0000
Common_taxa                   16.0000
MatchingCluster               16.0000
MatchingCluster_toYuleAvg      0.2738
MatchingCluster_toUnifAvg      0.2478
R-F_Cluster                    3.5000
R-F_Cluster_toYuleAvg          0.2541
R-F_Cluster_toUnifAvg          0.2532
NodalSplitted                 13.6382
NodalSplitted_toYuleAvg        0.3240
NodalSplitted_toUnifAvg        0.2771
Triples                       39.0000
Triples_toYuleAvg              0.1045
Triples_toUnifAvg              0.1048
MatchingPair                  15.0000
MatchingPair_toYuleAvg         0.1837
MatchingPair_toUnifAvg         0.1874
MAST                           4.0000
MAST_toYuleAvg                 0.3974
MAST_toUnifAvg                 0.3950
CopheneticL2Metric             9.2736
CopheneticL2Metric_toYuleAvg   0.2822
CopheneticL2Metric_toUnifAvg   0.2493

                 Name        Avg  Std        Min        Max  Count
0     MatchingCluster  16.000000  0.0  16.000000  16.000000      1
1         R-F_Cluster   3.500000  0.0   3.500000   3.500000      1
2       NodalSplitted  13.638182  0.0  13.638182  13.638182      1
3             Triples  39.000000  0.0  39.000000  39.000000      1
4        MatchingPair  15.000000  0.0  15.000000  15.000000      1
5                MAST   4.000000  0.0   4.000000   4.000000      1
6  CopheneticL2Metric   9.273618  0.0   9.273618   9.273618      1
