                              metrics
No                             1.0000
RefTree                        1.0000
Tree                           1.0000
RefTree_taxa                  17.0000
Tree_taxa                     17.0000
Common_taxa                   17.0000
MatchingCluster               11.0000
MatchingCluster_toYuleAvg      0.1702
MatchingCluster_toUnifAvg      0.1513
R-F_Cluster                    3.0000
R-F_Cluster_toYuleAvg          0.2031
R-F_Cluster_toUnifAvg          0.2021
NodalSplitted                 14.6969
NodalSplitted_toYuleAvg        0.3206
NodalSplitted_toUnifAvg        0.2684
Triples                        7.0000
Triples_toYuleAvg              0.0154
Triples_toUnifAvg              0.0154
MatchingPair                   7.0000
MatchingPair_toYuleAvg         0.0749
MatchingPair_toUnifAvg         0.0761
MAST                           4.0000
MAST_toYuleAvg                 0.3678
MAST_toUnifAvg                 0.3654
CopheneticL2Metric             5.4772
CopheneticL2Metric_toYuleAvg   0.1525
CopheneticL2Metric_toUnifAvg   0.1325

                 Name        Avg  Std        Min        Max  Count
0     MatchingCluster  11.000000  0.0  11.000000  11.000000      1
1         R-F_Cluster   3.000000  0.0   3.000000   3.000000      1
2       NodalSplitted  14.696938  0.0  14.696938  14.696938      1
3             Triples   7.000000  0.0   7.000000   7.000000      1
4        MatchingPair   7.000000  0.0   7.000000   7.000000      1
5                MAST   4.000000  0.0   4.000000   4.000000      1
6  CopheneticL2Metric   5.477226  0.0   5.477226   5.477226      1
