                               metrics
No                              1.0000
RefTree                         1.0000
Tree                            1.0000
RefTree_taxa                   21.0000
Tree_taxa                      21.0000
Common_taxa                    21.0000
MatchingCluster                77.0000
MatchingCluster_toYuleAvg       0.8406
MatchingCluster_toUnifAvg       0.7280
R-F_Cluster                    13.0000
R-F_Cluster_toYuleAvg           0.6926
R-F_Cluster_toUnifAvg           0.6897
NodalSplitted                  56.8155
NodalSplitted_toYuleAvg         0.9227
NodalSplitted_toUnifAvg         0.7300
Triples                       925.0000
Triples_toYuleAvg               1.0417
Triples_toUnifAvg               1.0436
MatchingPair                  125.0000
MatchingPair_toYuleAvg          0.8369
MatchingPair_toUnifAvg          0.8539
MAST                           15.0000
MAST_toYuleAvg                  1.0582
MAST_toUnifAvg                  1.0507
CopheneticL2Metric             31.2410
CopheneticL2Metric_toYuleAvg    0.6566
CopheneticL2Metric_toUnifAvg    0.5408

                 Name         Avg  Std         Min         Max  Count
0     MatchingCluster   77.000000  0.0   77.000000   77.000000      1
1         R-F_Cluster   13.000000  0.0   13.000000   13.000000      1
2       NodalSplitted   56.815491  0.0   56.815491   56.815491      1
3             Triples  925.000000  0.0  925.000000  925.000000      1
4        MatchingPair  125.000000  0.0  125.000000  125.000000      1
5                MAST   15.000000  0.0   15.000000   15.000000      1
6  CopheneticL2Metric   31.240999  0.0   31.240999   31.240999      1
