
                            < M A T L A B (R) >
                  Copyright 1984-2017 The MathWorks, Inc.
                   R2017a (9.2.0.538062) 64-bit (glnxa64)
                             February 23, 2017

 
To get started, type one of these: helpwin, helpdesk, or demo.
For product information, visit www.mathworks.com.
 
Running "Run1", Seed: 181848
 *** Finished Simulation Run ***

config-04.json #############################################

[#.........] | Progress: 1 | Time: 0.0s | ETA: --[.#........] | Progress: 8 | Time: 0.1s | ETA: --[..#.......] | Progress: 15 | Time: 0.1s | ETA: --[...#......] | Progress: 22 | Time: 0.2s | ETA: --[....#.....] | Progress: 29 | Time: 0.2s | ETA: --[##########] | Progress: 29 | Time: 0.2s | ETA: --fit<>, fid</home/chun/projects/clineage-simulation/analysis/tmc-181848/tmc-010/case-04/triplets-list.raw.txt>, flg<treeReconstruction.log>, frt<resTree.tree>, frtN</home/chun/projects/clineage-simulation/analysis/tmc-181848/tmc-010/case-04/reconstructed.tmp.newick>, fsd<qqq.dat>, fst<simul.tree>, -->index=2
Read triplets from file...
Read triplets from file...Finished
N_triplets = 29, idMaxFound = 7
treeBuildBasedOnTriplets_run...
make_isTogetherInTripletAndDeleteExtraTriplets: Finished
treeBuildBasedOnTriplets_run...Finished
Saving tree to file...
Saving tree to file...Finished

                            < M A T L A B (R) >
                  Copyright 1984-2017 The MathWorks, Inc.
                   R2017a (9.2.0.538062) 64-bit (glnxa64)
                             February 23, 2017

 
To get started, type one of these: helpwin, helpdesk, or demo.
For product information, visit www.mathworks.com.
 
TreeCmp version build2

Active options:
Type of the analysis:  ref-to-all comparison mode (-r)
Metrics:
  1. MatchingCluster (mc)
  2. R-F_Cluster (rc)
  3. NodalSplitted (ns)
  4. Triples (tt)
  5. MatchingPair (mp)
  6. MAST (mt)
  7. CopheneticL2Metric (co)
Input file: /home/chun/projects/clineage-simulation/analysis/tmc-181848/tmc-010/case-04/reconstructed.newick
Output file: /home/chun/projects/clineage-simulation/analysis/tmc-181848/tmc-010/case-04/scores.raw.out
Additional options:
N - Report normalized distances.
P - Prune compared trees if needed (trees can have different leaf sets).
I - Include summary section in the output file.
-----
2018-06-19 06:09:49: Start of reading random statistics.
2018-06-19 06:09:49: End of reading random statistics.
2018-06-19 06:09:49: Start of scanning input file: /home/chun/projects/clineage-simulation/analysis/tmc-181848/tmc-010/case-04/reconstructed.newick
2018-06-19 06:09:49: End of scanning input file: /home/chun/projects/clineage-simulation/analysis/tmc-181848/tmc-010/case-04/reconstructed.newick
2018-06-19 06:09:49: 1 valid trees found in file: /home/chun/projects/clineage-simulation/analysis/tmc-181848/tmc-010/case-04/reconstructed.newick
2018-06-19 06:09:49: Start of calculation...please wait...
2018-06-19 06:09:49: 0.00% completed...
2018-06-19 06:09:49: 100.00% completed.
2018-06-19 06:09:49: End of calculation.
2018-06-19 06:09:49: Total calculation time: 19 ms.
                              metrics
No                             1.0000
RefTree                        1.0000
Tree                           1.0000
RefTree_taxa                   7.0000
Tree_taxa                      7.0000
Common_taxa                    7.0000
MatchingCluster                2.0000
MatchingCluster_toYuleAvg      0.1585
MatchingCluster_toUnifAvg      0.1579
R-F_Cluster                    0.5000
R-F_Cluster_toYuleAvg          0.1064
R-F_Cluster_toUnifAvg          0.1068
NodalSplitted                  3.1623
NodalSplitted_toYuleAvg        0.2883
NodalSplitted_toUnifAvg        0.2871
Triples                        1.0000
Triples_toYuleAvg              0.0426
Triples_toUnifAvg              0.0433
MatchingPair                   1.0000
MatchingPair_toYuleAvg         0.0881
MatchingPair_toUnifAvg         0.0894
MAST                           1.0000
MAST_toYuleAvg                 0.3142
MAST_toUnifAvg                 0.3108
CopheneticL2Metric             1.7321
CopheneticL2Metric_toYuleAvg   0.1895
CopheneticL2Metric_toUnifAvg   0.1857

                 Name       Avg  Std       Min       Max  Count
0     MatchingCluster  2.000000  0.0  2.000000  2.000000      1
1         R-F_Cluster  0.500000  0.0  0.500000  0.500000      1
2       NodalSplitted  3.162278  0.0  3.162278  3.162278      1
3             Triples  1.000000  0.0  1.000000  1.000000      1
4        MatchingPair  1.000000  0.0  1.000000  1.000000      1
5                MAST  1.000000  0.0  1.000000  1.000000      1
6  CopheneticL2Metric  1.732051  0.0  1.732051  1.732051      1
