                               metrics
No                              1.0000
RefTree                         1.0000
Tree                            1.0000
RefTree_taxa                   20.0000
Tree_taxa                      20.0000
Common_taxa                    20.0000
MatchingCluster                20.0000
MatchingCluster_toYuleAvg       0.2348
MatchingCluster_toUnifAvg       0.2056
R-F_Cluster                     3.0000
R-F_Cluster_toYuleAvg           0.1689
R-F_Cluster_toUnifAvg           0.1681
NodalSplitted                  18.1108
NodalSplitted_toYuleAvg         0.3112
NodalSplitted_toUnifAvg         0.2520
Triples                       106.0000
Triples_toYuleAvg               0.1387
Triples_toUnifAvg               0.1395
MatchingPair                   22.0000
MatchingPair_toYuleAvg          0.1635
MatchingPair_toUnifAvg          0.1672
MAST                            5.0000
MAST_toYuleAvg                  0.3748
MAST_toUnifAvg                  0.3716
CopheneticL2Metric             11.9583
CopheneticL2Metric_toYuleAvg    0.2693
CopheneticL2Metric_toUnifAvg    0.2201

                 Name         Avg  Std         Min         Max  Count
0     MatchingCluster   20.000000  0.0   20.000000   20.000000      1
1         R-F_Cluster    3.000000  0.0    3.000000    3.000000      1
2       NodalSplitted   18.110770  0.0   18.110770   18.110770      1
3             Triples  106.000000  0.0  106.000000  106.000000      1
4        MatchingPair   22.000000  0.0   22.000000   22.000000      1
5                MAST    5.000000  0.0    5.000000    5.000000      1
6  CopheneticL2Metric   11.958261  0.0   11.958261   11.958261      1
