                               metrics
No                              1.0000
RefTree                         1.0000
Tree                            1.0000
RefTree_taxa                   19.0000
Tree_taxa                      19.0000
Common_taxa                    19.0000
MatchingCluster                40.0000
MatchingCluster_toYuleAvg       0.5158
MatchingCluster_toUnifAvg       0.4501
R-F_Cluster                     7.0000
R-F_Cluster_toYuleAvg           0.4180
R-F_Cluster_toUnifAvg           0.4158
NodalSplitted                  39.0640
NodalSplitted_toYuleAvg         0.7263
NodalSplitted_toUnifAvg         0.5921
Triples                       130.0000
Triples_toYuleAvg               0.2020
Triples_toUnifAvg               0.2010
MatchingPair                   41.0000
MatchingPair_toYuleAvg          0.3426
MatchingPair_toUnifAvg          0.3481
MAST                            8.0000
MAST_toYuleAvg                  0.6392
MAST_toUnifAvg                  0.6343
CopheneticL2Metric             25.6710
CopheneticL2Metric_toYuleAvg    0.6081
CopheneticL2Metric_toUnifAvg    0.5212

                 Name         Avg  Std         Min         Max  Count
0     MatchingCluster   40.000000  0.0   40.000000   40.000000      1
1         R-F_Cluster    7.000000  0.0    7.000000    7.000000      1
2       NodalSplitted   39.064050  0.0   39.064050   39.064050      1
3             Triples  130.000000  0.0  130.000000  130.000000      1
4        MatchingPair   41.000000  0.0   41.000000   41.000000      1
5                MAST    8.000000  0.0    8.000000    8.000000      1
6  CopheneticL2Metric   25.670995  0.0   25.670995   25.670995      1
