                              metrics
No                             1.0000
RefTree                        1.0000
Tree                           1.0000
RefTree_taxa                   7.0000
Tree_taxa                      7.0000
Common_taxa                    7.0000
MatchingCluster               11.0000
MatchingCluster_toYuleAvg      0.8718
MatchingCluster_toUnifAvg      0.8683
R-F_Cluster                    3.5000
R-F_Cluster_toYuleAvg          0.7450
R-F_Cluster_toUnifAvg          0.7475
NodalSplitted                  7.8740
NodalSplitted_toYuleAvg        0.7178
NodalSplitted_toUnifAvg        0.7148
Triples                       16.0000
Triples_toYuleAvg              0.6824
Triples_toUnifAvg              0.6922
MatchingPair                  10.0000
MatchingPair_toYuleAvg         0.8810
MatchingPair_toUnifAvg         0.8945
MAST                           3.0000
MAST_toYuleAvg                 0.9425
MAST_toUnifAvg                 0.9325
CopheneticL2Metric             5.3852
CopheneticL2Metric_toYuleAvg   0.5892
CopheneticL2Metric_toUnifAvg   0.5774

                 Name        Avg  Std        Min        Max  Count
0     MatchingCluster  11.000000  0.0  11.000000  11.000000      1
1         R-F_Cluster   3.500000  0.0   3.500000   3.500000      1
2       NodalSplitted   7.874008  0.0   7.874008   7.874008      1
3             Triples  16.000000  0.0  16.000000  16.000000      1
4        MatchingPair  10.000000  0.0  10.000000  10.000000      1
5                MAST   3.000000  0.0   3.000000   3.000000      1
6  CopheneticL2Metric   5.385165  0.0   5.385165   5.385165      1
