
                            < M A T L A B (R) >
                  Copyright 1984-2017 The MathWorks, Inc.
                   R2017a (9.2.0.538062) 64-bit (glnxa64)
                             February 23, 2017

 
To get started, type one of these: helpwin, helpdesk, or demo.
For product information, visit www.mathworks.com.
 
Running "Run1", Seed: 910648
 *** Finished Simulation Run ***

config-17.json #############################################

[#.........] | Progress: 1 | Time: 0.0s | ETA: --[.#........] | Progress: 58 | Time: 0.1s | ETA: --[..#.......] | Progress: 115 | Time: 0.1s | ETA: --[...#......] | Progress: 172 | Time: 0.2s | ETA: --[....#.....] | Progress: 228 | Time: 0.2s | ETA: --[.....#....] | Progress: 285 | Time: 0.3s | ETA: --[......#...] | Progress: 342 | Time: 0.3s | ETA: --[.......#..] | Progress: 400 | Time: 0.4s | ETA: --[........#.] | Progress: 458 | Time: 0.4s | ETA: --[.........#] | Progress: 516 | Time: 0.5s | ETA: --[........#.] | Progress: 573 | Time: 0.5s | ETA: --[.......#..] | Progress: 631 | Time: 0.6s | ETA: --[......#...] | Progress: 688 | Time: 0.6s | ETA: --[.....#....] | Progress: 744 | Time: 0.7s | ETA: --[##########] | Progress: 766 | Time: 0.7s | ETA: --fit<>, fid</home/chun/projects/clineage-simulation/analysis/tmc-910648/tmc-007/case-17/triplets-list.raw.txt>, flg<treeReconstruction.log>, frt<resTree.tree>, frtN</home/chun/projects/clineage-simulation/analysis/tmc-910648/tmc-007/case-17/reconstructed.tmp.newick>, fsd<qqq.dat>, fst<simul.tree>, -->index=2
Read triplets from file...
Read triplets from file...Finished
N_triplets = 766, idMaxFound = 20
treeBuildBasedOnTriplets_run...
make_isTogetherInTripletAndDeleteExtraTriplets: Finished
maxCut with 20 nodes: Finished
maxCut with 17 nodes: Finished
maxCut with 8 nodes: Finished
maxCut with 9 nodes: Finished
maxCut with 8 nodes: Finished
treeBuildBasedOnTriplets_run...Finished
Saving tree to file...
Saving tree to file...Finished

                            < M A T L A B (R) >
                  Copyright 1984-2017 The MathWorks, Inc.
                   R2017a (9.2.0.538062) 64-bit (glnxa64)
                             February 23, 2017

 
To get started, type one of these: helpwin, helpdesk, or demo.
For product information, visit www.mathworks.com.
 
TreeCmp version build2

Active options:
Type of the analysis:  ref-to-all comparison mode (-r)
Metrics:
  1. MatchingCluster (mc)
  2. R-F_Cluster (rc)
  3. NodalSplitted (ns)
  4. Triples (tt)
  5. MatchingPair (mp)
  6. MAST (mt)
  7. CopheneticL2Metric (co)
Input file: /home/chun/projects/clineage-simulation/analysis/tmc-910648/tmc-007/case-17/reconstructed.newick
Output file: /home/chun/projects/clineage-simulation/analysis/tmc-910648/tmc-007/case-17/scores.raw.out
Additional options:
N - Report normalized distances.
P - Prune compared trees if needed (trees can have different leaf sets).
I - Include summary section in the output file.
-----
2018-06-18 21:46:41: Start of reading random statistics.
2018-06-18 21:46:41: End of reading random statistics.
2018-06-18 21:46:41: Start of scanning input file: /home/chun/projects/clineage-simulation/analysis/tmc-910648/tmc-007/case-17/reconstructed.newick
2018-06-18 21:46:41: End of scanning input file: /home/chun/projects/clineage-simulation/analysis/tmc-910648/tmc-007/case-17/reconstructed.newick
2018-06-18 21:46:41: 1 valid trees found in file: /home/chun/projects/clineage-simulation/analysis/tmc-910648/tmc-007/case-17/reconstructed.newick
2018-06-18 21:46:41: Start of calculation...please wait...
2018-06-18 21:46:41: 0.00% completed...
2018-06-18 21:46:41: 100.00% completed.
2018-06-18 21:46:41: End of calculation.
2018-06-18 21:46:41: Total calculation time: 25 ms.
                              metrics
No                             1.0000
RefTree                        1.0000
Tree                           1.0000
RefTree_taxa                  20.0000
Tree_taxa                     20.0000
Common_taxa                   20.0000
MatchingCluster               12.0000
MatchingCluster_toYuleAvg      0.1409
MatchingCluster_toUnifAvg      0.1234
R-F_Cluster                    3.0000
R-F_Cluster_toYuleAvg          0.1689
R-F_Cluster_toUnifAvg          0.1681
NodalSplitted                 17.6068
NodalSplitted_toYuleAvg        0.3026
NodalSplitted_toUnifAvg        0.2450
Triples                       15.0000
Triples_toYuleAvg              0.0196
Triples_toUnifAvg              0.0197
MatchingPair                   9.0000
MatchingPair_toYuleAvg         0.0669
MatchingPair_toUnifAvg         0.0684
MAST                           3.0000
MAST_toYuleAvg                 0.2249
MAST_toUnifAvg                 0.2230
CopheneticL2Metric             7.6811
CopheneticL2Metric_toYuleAvg   0.1729
CopheneticL2Metric_toUnifAvg   0.1414

                 Name        Avg  Std        Min        Max  Count
0     MatchingCluster  12.000000  0.0  12.000000  12.000000      1
1         R-F_Cluster   3.000000  0.0   3.000000   3.000000      1
2       NodalSplitted  17.606817  0.0  17.606817  17.606817      1
3             Triples  15.000000  0.0  15.000000  15.000000      1
4        MatchingPair   9.000000  0.0   9.000000   9.000000      1
5                MAST   3.000000  0.0   3.000000   3.000000      1
6  CopheneticL2Metric   7.681146  0.0   7.681146   7.681146      1
