
                            < M A T L A B (R) >
                  Copyright 1984-2017 The MathWorks, Inc.
                   R2017a (9.2.0.538062) 64-bit (glnxa64)
                             February 23, 2017

 
To get started, type one of these: helpwin, helpdesk, or demo.
For product information, visit www.mathworks.com.
 
Running "Run1", Seed: 910648
 *** Finished Simulation Run ***

config-16.json #############################################

[#.........] | Progress: 1 | Time: 0.0s | ETA: --[.#........] | Progress: 59 | Time: 0.1s | ETA: --[..#.......] | Progress: 118 | Time: 0.1s | ETA: --[...#......] | Progress: 176 | Time: 0.2s | ETA: --[....#.....] | Progress: 234 | Time: 0.2s | ETA: --[.....#....] | Progress: 292 | Time: 0.3s | ETA: --[......#...] | Progress: 350 | Time: 0.3s | ETA: --[.......#..] | Progress: 408 | Time: 0.4s | ETA: --[........#.] | Progress: 466 | Time: 0.4s | ETA: --[.........#] | Progress: 524 | Time: 0.5s | ETA: --[........#.] | Progress: 582 | Time: 0.5s | ETA: --[.......#..] | Progress: 639 | Time: 0.6s | ETA: --[##########] | Progress: 671 | Time: 0.6s | ETA: --fit<>, fid</home/chun/projects/clineage-simulation/analysis/tmc-910648/tmc-007/case-16/triplets-list.raw.txt>, flg<treeReconstruction.log>, frt<resTree.tree>, frtN</home/chun/projects/clineage-simulation/analysis/tmc-910648/tmc-007/case-16/reconstructed.tmp.newick>, fsd<qqq.dat>, fst<simul.tree>, -->index=2
Read triplets from file...
Read triplets from file...Finished
N_triplets = 671, idMaxFound = 19
treeBuildBasedOnTriplets_run...
make_isTogetherInTripletAndDeleteExtraTriplets: Finished
maxCut with 19 nodes: Finished
maxCut with 16 nodes: Finished
maxCut with 7 nodes: Finished
maxCut with 9 nodes: Finished
treeBuildBasedOnTriplets_run...Finished
Saving tree to file...
Saving tree to file...Finished

                            < M A T L A B (R) >
                  Copyright 1984-2017 The MathWorks, Inc.
                   R2017a (9.2.0.538062) 64-bit (glnxa64)
                             February 23, 2017

 
To get started, type one of these: helpwin, helpdesk, or demo.
For product information, visit www.mathworks.com.
 
TreeCmp version build2

Active options:
Type of the analysis:  ref-to-all comparison mode (-r)
Metrics:
  1. MatchingCluster (mc)
  2. R-F_Cluster (rc)
  3. NodalSplitted (ns)
  4. Triples (tt)
  5. MatchingPair (mp)
  6. MAST (mt)
  7. CopheneticL2Metric (co)
Input file: /home/chun/projects/clineage-simulation/analysis/tmc-910648/tmc-007/case-16/reconstructed.newick
Output file: /home/chun/projects/clineage-simulation/analysis/tmc-910648/tmc-007/case-16/scores.raw.out
Additional options:
N - Report normalized distances.
P - Prune compared trees if needed (trees can have different leaf sets).
I - Include summary section in the output file.
-----
2018-06-18 21:46:39: Start of reading random statistics.
2018-06-18 21:46:39: End of reading random statistics.
2018-06-18 21:46:39: Start of scanning input file: /home/chun/projects/clineage-simulation/analysis/tmc-910648/tmc-007/case-16/reconstructed.newick
2018-06-18 21:46:39: End of scanning input file: /home/chun/projects/clineage-simulation/analysis/tmc-910648/tmc-007/case-16/reconstructed.newick
2018-06-18 21:46:39: 1 valid trees found in file: /home/chun/projects/clineage-simulation/analysis/tmc-910648/tmc-007/case-16/reconstructed.newick
2018-06-18 21:46:39: Start of calculation...please wait...
2018-06-18 21:46:39: 0.00% completed...
2018-06-18 21:46:39: 100.00% completed.
2018-06-18 21:46:39: End of calculation.
2018-06-18 21:46:39: Total calculation time: 23 ms.
                              metrics
No                             1.0000
RefTree                        1.0000
Tree                           1.0000
RefTree_taxa                  19.0000
Tree_taxa                     19.0000
Common_taxa                   19.0000
MatchingCluster               21.0000
MatchingCluster_toYuleAvg      0.2708
MatchingCluster_toUnifAvg      0.2363
R-F_Cluster                    5.5000
R-F_Cluster_toYuleAvg          0.3284
R-F_Cluster_toUnifAvg          0.3267
NodalSplitted                 23.4521
NodalSplitted_toYuleAvg        0.4360
NodalSplitted_toUnifAvg        0.3555
Triples                       30.0000
Triples_toYuleAvg              0.0466
Triples_toUnifAvg              0.0464
MatchingPair                  18.0000
MatchingPair_toYuleAvg         0.1504
MatchingPair_toUnifAvg         0.1528
MAST                           5.0000
MAST_toYuleAvg                 0.3995
MAST_toUnifAvg                 0.3964
CopheneticL2Metric            11.6619
CopheneticL2Metric_toYuleAvg   0.2763
CopheneticL2Metric_toUnifAvg   0.2368

                 Name        Avg  Std        Min        Max  Count
0     MatchingCluster  21.000000  0.0  21.000000  21.000000      1
1         R-F_Cluster   5.500000  0.0   5.500000   5.500000      1
2       NodalSplitted  23.452079  0.0  23.452079  23.452079      1
3             Triples  30.000000  0.0  30.000000  30.000000      1
4        MatchingPair  18.000000  0.0  18.000000  18.000000      1
5                MAST   5.000000  0.0   5.000000   5.000000      1
6  CopheneticL2Metric  11.661904  0.0  11.661904  11.661904      1
