
                            < M A T L A B (R) >
                  Copyright 1984-2017 The MathWorks, Inc.
                   R2017a (9.2.0.538062) 64-bit (glnxa64)
                             February 23, 2017

 
To get started, type one of these: helpwin, helpdesk, or demo.
For product information, visit www.mathworks.com.
 
Running "Run1", Seed: 910648
 *** Finished Simulation Run ***

config-12.json #############################################

[#.........] | Progress: 1 | Time: 0.0s | ETA: --[.#........] | Progress: 53 | Time: 0.1s | ETA: --[..#.......] | Progress: 105 | Time: 0.1s | ETA: --[...#......] | Progress: 157 | Time: 0.2s | ETA: --[....#.....] | Progress: 210 | Time: 0.2s | ETA: --[.....#....] | Progress: 263 | Time: 0.3s | ETA: --[......#...] | Progress: 321 | Time: 0.3s | ETA: --[##########] | Progress: 326 | Time: 0.3s | ETA: --fit<>, fid</home/chun/projects/clineage-simulation/analysis/tmc-910648/tmc-007/case-12/triplets-list.raw.txt>, flg<treeReconstruction.log>, frt<resTree.tree>, frtN</home/chun/projects/clineage-simulation/analysis/tmc-910648/tmc-007/case-12/reconstructed.tmp.newick>, fsd<qqq.dat>, fst<simul.tree>, -->index=2
Read triplets from file...
Read triplets from file...Finished
N_triplets = 326, idMaxFound = 15
treeBuildBasedOnTriplets_run...
make_isTogetherInTripletAndDeleteExtraTriplets: Finished
maxCut with 15 nodes: Finished
maxCut with 13 nodes: Finished
maxCut with 8 nodes: Finished
treeBuildBasedOnTriplets_run...Finished
Saving tree to file...
Saving tree to file...Finished

                            < M A T L A B (R) >
                  Copyright 1984-2017 The MathWorks, Inc.
                   R2017a (9.2.0.538062) 64-bit (glnxa64)
                             February 23, 2017

 
To get started, type one of these: helpwin, helpdesk, or demo.
For product information, visit www.mathworks.com.
 
TreeCmp version build2

Active options:
Type of the analysis:  ref-to-all comparison mode (-r)
Metrics:
  1. MatchingCluster (mc)
  2. R-F_Cluster (rc)
  3. NodalSplitted (ns)
  4. Triples (tt)
  5. MatchingPair (mp)
  6. MAST (mt)
  7. CopheneticL2Metric (co)
Input file: /home/chun/projects/clineage-simulation/analysis/tmc-910648/tmc-007/case-12/reconstructed.newick
Output file: /home/chun/projects/clineage-simulation/analysis/tmc-910648/tmc-007/case-12/scores.raw.out
Additional options:
N - Report normalized distances.
P - Prune compared trees if needed (trees can have different leaf sets).
I - Include summary section in the output file.
-----
2018-06-19 08:04:52: Start of reading random statistics.
2018-06-19 08:04:52: End of reading random statistics.
2018-06-19 08:04:52: Start of scanning input file: /home/chun/projects/clineage-simulation/analysis/tmc-910648/tmc-007/case-12/reconstructed.newick
2018-06-19 08:04:52: End of scanning input file: /home/chun/projects/clineage-simulation/analysis/tmc-910648/tmc-007/case-12/reconstructed.newick
2018-06-19 08:04:52: 1 valid trees found in file: /home/chun/projects/clineage-simulation/analysis/tmc-910648/tmc-007/case-12/reconstructed.newick
2018-06-19 08:04:52: Start of calculation...please wait...
2018-06-19 08:04:52: 0.00% completed...
2018-06-19 08:04:52: 100.00% completed.
2018-06-19 08:04:52: End of calculation.
2018-06-19 08:04:52: Total calculation time: 23 ms.
                              metrics
No                             1.0000
RefTree                        1.0000
Tree                           1.0000
RefTree_taxa                  15.0000
Tree_taxa                     15.0000
Common_taxa                   15.0000
MatchingCluster               19.0000
MatchingCluster_toYuleAvg      0.3671
MatchingCluster_toUnifAvg      0.3307
R-F_Cluster                    4.0000
R-F_Cluster_toYuleAvg          0.3138
R-F_Cluster_toUnifAvg          0.3121
NodalSplitted                 22.2711
NodalSplitted_toYuleAvg        0.5882
NodalSplitted_toUnifAvg        0.5065
Triples                       22.0000
Triples_toYuleAvg              0.0729
Triples_toUnifAvg              0.0727
MatchingPair                  17.0000
MatchingPair_toYuleAvg         0.2417
MatchingPair_toUnifAvg         0.2451
MAST                           5.0000
MAST_toYuleAvg                 0.5416
MAST_toUnifAvg                 0.5333
CopheneticL2Metric            12.4900
CopheneticL2Metric_toYuleAvg   0.4168
CopheneticL2Metric_toUnifAvg   0.3688

                 Name        Avg  Std        Min        Max  Count
0     MatchingCluster  19.000000  0.0  19.000000  19.000000      1
1         R-F_Cluster   4.000000  0.0   4.000000   4.000000      1
2       NodalSplitted  22.271057  0.0  22.271057  22.271057      1
3             Triples  22.000000  0.0  22.000000  22.000000      1
4        MatchingPair  17.000000  0.0  17.000000  17.000000      1
5                MAST   5.000000  0.0   5.000000   5.000000      1
6  CopheneticL2Metric  12.489996  0.0  12.489996  12.489996      1
