
                            < M A T L A B (R) >
                  Copyright 1984-2017 The MathWorks, Inc.
                   R2017a (9.2.0.538062) 64-bit (glnxa64)
                             February 23, 2017

 
To get started, type one of these: helpwin, helpdesk, or demo.
For product information, visit www.mathworks.com.
 
Running "Run1", Seed: 910648
 *** Finished Simulation Run ***

config-15.json #############################################

[#.........] | Progress: 1 | Time: 0.0s | ETA: --[.#........] | Progress: 55 | Time: 0.1s | ETA: --[..#.......] | Progress: 109 | Time: 0.1s | ETA: --[...#......] | Progress: 164 | Time: 0.2s | ETA: --[....#.....] | Progress: 218 | Time: 0.2s | ETA: --[.....#....] | Progress: 272 | Time: 0.3s | ETA: --[......#...] | Progress: 326 | Time: 0.3s | ETA: --[.......#..] | Progress: 379 | Time: 0.4s | ETA: --[........#.] | Progress: 433 | Time: 0.4s | ETA: --[.........#] | Progress: 487 | Time: 0.5s | ETA: --[........#.] | Progress: 542 | Time: 0.5s | ETA: --[##########] | Progress: 578 | Time: 0.5s | ETA: --fit<>, fid</home/chun/projects/clineage-simulation/analysis/tmc-910648/tmc-007/case-15/triplets-list.raw.txt>, flg<treeReconstruction.log>, frt<resTree.tree>, frtN</home/chun/projects/clineage-simulation/analysis/tmc-910648/tmc-007/case-15/reconstructed.tmp.newick>, fsd<qqq.dat>, fst<simul.tree>, -->index=2
Read triplets from file...
Read triplets from file...Finished
N_triplets = 578, idMaxFound = 18
treeBuildBasedOnTriplets_run...
make_isTogetherInTripletAndDeleteExtraTriplets: Finished
maxCut with 18 nodes: Finished
maxCut with 16 nodes: Finished
maxCut with 7 nodes: Finished
maxCut with 9 nodes: Finished
treeBuildBasedOnTriplets_run...Finished
Saving tree to file...
Saving tree to file...Finished

                            < M A T L A B (R) >
                  Copyright 1984-2017 The MathWorks, Inc.
                   R2017a (9.2.0.538062) 64-bit (glnxa64)
                             February 23, 2017

 
To get started, type one of these: helpwin, helpdesk, or demo.
For product information, visit www.mathworks.com.
 
TreeCmp version build2

Active options:
Type of the analysis:  ref-to-all comparison mode (-r)
Metrics:
  1. MatchingCluster (mc)
  2. R-F_Cluster (rc)
  3. NodalSplitted (ns)
  4. Triples (tt)
  5. MatchingPair (mp)
  6. MAST (mt)
  7. CopheneticL2Metric (co)
Input file: /home/chun/projects/clineage-simulation/analysis/tmc-910648/tmc-007/case-15/reconstructed.newick
Output file: /home/chun/projects/clineage-simulation/analysis/tmc-910648/tmc-007/case-15/scores.raw.out
Additional options:
N - Report normalized distances.
P - Prune compared trees if needed (trees can have different leaf sets).
I - Include summary section in the output file.
-----
2018-06-19 08:04:52: Start of reading random statistics.
2018-06-19 08:04:53: End of reading random statistics.
2018-06-19 08:04:53: Start of scanning input file: /home/chun/projects/clineage-simulation/analysis/tmc-910648/tmc-007/case-15/reconstructed.newick
2018-06-19 08:04:53: End of scanning input file: /home/chun/projects/clineage-simulation/analysis/tmc-910648/tmc-007/case-15/reconstructed.newick
2018-06-19 08:04:53: 1 valid trees found in file: /home/chun/projects/clineage-simulation/analysis/tmc-910648/tmc-007/case-15/reconstructed.newick
2018-06-19 08:04:53: Start of calculation...please wait...
2018-06-19 08:04:53: 0.00% completed...
2018-06-19 08:04:53: 100.00% completed.
2018-06-19 08:04:53: End of calculation.
2018-06-19 08:04:53: Total calculation time: 22 ms.
                              metrics
No                             1.0000
RefTree                        1.0000
Tree                           1.0000
RefTree_taxa                  18.0000
Tree_taxa                     18.0000
Common_taxa                   18.0000
MatchingCluster               21.0000
MatchingCluster_toYuleAvg      0.2956
MatchingCluster_toUnifAvg      0.2611
R-F_Cluster                    4.5000
R-F_Cluster_toYuleAvg          0.2851
R-F_Cluster_toUnifAvg          0.2844
NodalSplitted                 21.6102
NodalSplitted_toYuleAvg        0.4347
NodalSplitted_toUnifAvg        0.3565
Triples                       28.0000
Triples_toYuleAvg              0.0512
Triples_toUnifAvg              0.0516
MatchingPair                  16.0000
MatchingPair_toYuleAvg         0.1504
MatchingPair_toUnifAvg         0.1538
MAST                           4.0000
MAST_toYuleAvg                 0.3408
MAST_toUnifAvg                 0.3399
CopheneticL2Metric            11.4018
CopheneticL2Metric_toYuleAvg   0.2906
CopheneticL2Metric_toUnifAvg   0.2523

                 Name        Avg  Std        Min        Max  Count
0     MatchingCluster  21.000000  0.0  21.000000  21.000000      1
1         R-F_Cluster   4.500000  0.0   4.500000   4.500000      1
2       NodalSplitted  21.610183  0.0  21.610183  21.610183      1
3             Triples  28.000000  0.0  28.000000  28.000000      1
4        MatchingPair  16.000000  0.0  16.000000  16.000000      1
5                MAST   4.000000  0.0   4.000000   4.000000      1
6  CopheneticL2Metric  11.401754  0.0  11.401754  11.401754      1
