
                            < M A T L A B (R) >
                  Copyright 1984-2017 The MathWorks, Inc.
                   R2017a (9.2.0.538062) 64-bit (glnxa64)
                             February 23, 2017

 
To get started, type one of these: helpwin, helpdesk, or demo.
For product information, visit www.mathworks.com.
 
Running "Run1", Seed: 910648
 *** Finished Simulation Run ***

config-09.json #############################################

[#.........] | Progress: 1 | Time: 0.0s | ETA: --[.#........] | Progress: 37 | Time: 0.1s | ETA: --[..#.......] | Progress: 79 | Time: 0.1s | ETA: --[...#......] | Progress: 128 | Time: 0.2s | ETA: --[##########] | Progress: 161 | Time: 0.2s | ETA: --fit<>, fid</home/chun/projects/clineage-simulation/analysis/tmc-910648/tmc-007/case-09/triplets-list.raw.txt>, flg<treeReconstruction.log>, frt<resTree.tree>, frtN</home/chun/projects/clineage-simulation/analysis/tmc-910648/tmc-007/case-09/reconstructed.tmp.newick>, fsd<qqq.dat>, fst<simul.tree>, -->index=2
Read triplets from file...
Read triplets from file...Finished
N_triplets = 161, idMaxFound = 12
treeBuildBasedOnTriplets_run...
make_isTogetherInTripletAndDeleteExtraTriplets: Finished
maxCut with 12 nodes: Finished
maxCut with 10 nodes: Finished
maxCut with 6 nodes: Finished
maxCut with 4 nodes: Finished
treeBuildBasedOnTriplets_run...Finished
Saving tree to file...
Saving tree to file...Finished

                            < M A T L A B (R) >
                  Copyright 1984-2017 The MathWorks, Inc.
                   R2017a (9.2.0.538062) 64-bit (glnxa64)
                             February 23, 2017

 
To get started, type one of these: helpwin, helpdesk, or demo.
For product information, visit www.mathworks.com.
 
TreeCmp version build2

Active options:
Type of the analysis:  ref-to-all comparison mode (-r)
Metrics:
  1. MatchingCluster (mc)
  2. R-F_Cluster (rc)
  3. NodalSplitted (ns)
  4. Triples (tt)
  5. MatchingPair (mp)
  6. MAST (mt)
  7. CopheneticL2Metric (co)
Input file: /home/chun/projects/clineage-simulation/analysis/tmc-910648/tmc-007/case-09/reconstructed.newick
Output file: /home/chun/projects/clineage-simulation/analysis/tmc-910648/tmc-007/case-09/scores.raw.out
Additional options:
N - Report normalized distances.
P - Prune compared trees if needed (trees can have different leaf sets).
I - Include summary section in the output file.
-----
2018-06-19 08:04:52: Start of reading random statistics.
2018-06-19 08:04:53: End of reading random statistics.
2018-06-19 08:04:53: Start of scanning input file: /home/chun/projects/clineage-simulation/analysis/tmc-910648/tmc-007/case-09/reconstructed.newick
2018-06-19 08:04:53: End of scanning input file: /home/chun/projects/clineage-simulation/analysis/tmc-910648/tmc-007/case-09/reconstructed.newick
2018-06-19 08:04:53: 1 valid trees found in file: /home/chun/projects/clineage-simulation/analysis/tmc-910648/tmc-007/case-09/reconstructed.newick
2018-06-19 08:04:53: Start of calculation...please wait...
2018-06-19 08:04:53: 0.00% completed...
2018-06-19 08:04:53: 100.00% completed.
2018-06-19 08:04:53: End of calculation.
2018-06-19 08:04:53: Total calculation time: 20 ms.
                              metrics
No                             1.0000
RefTree                        1.0000
Tree                           1.0000
RefTree_taxa                  12.0000
Tree_taxa                     12.0000
Common_taxa                   12.0000
MatchingCluster                8.0000
MatchingCluster_toYuleAvg      0.2253
MatchingCluster_toUnifAvg      0.2116
R-F_Cluster                    2.0000
R-F_Cluster_toYuleAvg          0.2051
R-F_Cluster_toUnifAvg          0.2043
NodalSplitted                  9.3808
NodalSplitted_toYuleAvg        0.3444
NodalSplitted_toUnifAvg        0.3135
Triples                        6.0000
Triples_toYuleAvg              0.0408
Triples_toUnifAvg              0.0409
MatchingPair                   6.0000
MatchingPair_toYuleAvg         0.1418
MatchingPair_toUnifAvg         0.1437
MAST                           2.0000
MAST_toYuleAvg                 0.2902
MAST_toUnifAvg                 0.2874
CopheneticL2Metric             5.3852
CopheneticL2Metric_toYuleAvg   0.2484
CopheneticL2Metric_toUnifAvg   0.2286

                 Name       Avg  Std       Min       Max  Count
0     MatchingCluster  8.000000  0.0  8.000000  8.000000      1
1         R-F_Cluster  2.000000  0.0  2.000000  2.000000      1
2       NodalSplitted  9.380832  0.0  9.380832  9.380832      1
3             Triples  6.000000  0.0  6.000000  6.000000      1
4        MatchingPair  6.000000  0.0  6.000000  6.000000      1
5                MAST  2.000000  0.0  2.000000  2.000000      1
6  CopheneticL2Metric  5.385165  0.0  5.385165  5.385165      1
