
                            < M A T L A B (R) >
                  Copyright 1984-2017 The MathWorks, Inc.
                   R2017a (9.2.0.538062) 64-bit (glnxa64)
                             February 23, 2017

 
To get started, type one of these: helpwin, helpdesk, or demo.
For product information, visit www.mathworks.com.
 
Running "Run1", Seed: 910648
 *** Finished Simulation Run ***

config-13.json #############################################

[#.........] | Progress: 1 | Time: 0.0s | ETA: --[.#........] | Progress: 56 | Time: 0.1s | ETA: --[..#.......] | Progress: 113 | Time: 0.1s | ETA: --[...#......] | Progress: 169 | Time: 0.2s | ETA: --[....#.....] | Progress: 225 | Time: 0.2s | ETA: --[.....#....] | Progress: 281 | Time: 0.3s | ETA: --[......#...] | Progress: 337 | Time: 0.3s | ETA: --[.......#..] | Progress: 392 | Time: 0.4s | ETA: --[##########] | Progress: 395 | Time: 0.4s | ETA: --fit<>, fid</home/chun/projects/clineage-simulation/analysis/tmc-910648/tmc-007/case-13/triplets-list.raw.txt>, flg<treeReconstruction.log>, frt<resTree.tree>, frtN</home/chun/projects/clineage-simulation/analysis/tmc-910648/tmc-007/case-13/reconstructed.tmp.newick>, fsd<qqq.dat>, fst<simul.tree>, -->index=2
Read triplets from file...
Read triplets from file...Finished
N_triplets = 395, idMaxFound = 16
treeBuildBasedOnTriplets_run...
make_isTogetherInTripletAndDeleteExtraTriplets: Finished
maxCut with 16 nodes: Finished
maxCut with 14 nodes: Finished
maxCut with 9 nodes: Finished
maxCut with 8 nodes: Finished
maxCut with 4 nodes: Finished
treeBuildBasedOnTriplets_run...Finished
Saving tree to file...
Saving tree to file...Finished

                            < M A T L A B (R) >
                  Copyright 1984-2017 The MathWorks, Inc.
                   R2017a (9.2.0.538062) 64-bit (glnxa64)
                             February 23, 2017

 
To get started, type one of these: helpwin, helpdesk, or demo.
For product information, visit www.mathworks.com.
 
TreeCmp version build2

Active options:
Type of the analysis:  ref-to-all comparison mode (-r)
Metrics:
  1. MatchingCluster (mc)
  2. R-F_Cluster (rc)
  3. NodalSplitted (ns)
  4. Triples (tt)
  5. MatchingPair (mp)
  6. MAST (mt)
  7. CopheneticL2Metric (co)
Input file: /home/chun/projects/clineage-simulation/analysis/tmc-910648/tmc-007/case-13/reconstructed.newick
Output file: /home/chun/projects/clineage-simulation/analysis/tmc-910648/tmc-007/case-13/scores.raw.out
Additional options:
N - Report normalized distances.
P - Prune compared trees if needed (trees can have different leaf sets).
I - Include summary section in the output file.
-----
2018-06-19 08:04:58: Start of reading random statistics.
2018-06-19 08:04:58: End of reading random statistics.
2018-06-19 08:04:58: Start of scanning input file: /home/chun/projects/clineage-simulation/analysis/tmc-910648/tmc-007/case-13/reconstructed.newick
2018-06-19 08:04:58: End of scanning input file: /home/chun/projects/clineage-simulation/analysis/tmc-910648/tmc-007/case-13/reconstructed.newick
2018-06-19 08:04:58: 1 valid trees found in file: /home/chun/projects/clineage-simulation/analysis/tmc-910648/tmc-007/case-13/reconstructed.newick
2018-06-19 08:04:58: Start of calculation...please wait...
2018-06-19 08:04:58: 0.00% completed...
2018-06-19 08:04:58: 100.00% completed.
2018-06-19 08:04:58: End of calculation.
2018-06-19 08:04:58: Total calculation time: 24 ms.
                              metrics
No                             1.0000
RefTree                        1.0000
Tree                           1.0000
RefTree_taxa                  16.0000
Tree_taxa                     16.0000
Common_taxa                   16.0000
MatchingCluster               14.0000
MatchingCluster_toYuleAvg      0.2396
MatchingCluster_toUnifAvg      0.2168
R-F_Cluster                    4.0000
R-F_Cluster_toYuleAvg          0.2904
R-F_Cluster_toUnifAvg          0.2893
NodalSplitted                 17.6635
NodalSplitted_toYuleAvg        0.4196
NodalSplitted_toUnifAvg        0.3589
Triples                       17.0000
Triples_toYuleAvg              0.0456
Triples_toUnifAvg              0.0457
MatchingPair                  13.0000
MatchingPair_toYuleAvg         0.1592
MatchingPair_toUnifAvg         0.1624
MAST                           4.0000
MAST_toYuleAvg                 0.3974
MAST_toUnifAvg                 0.3950
CopheneticL2Metric             8.3066
CopheneticL2Metric_toYuleAvg   0.2528
CopheneticL2Metric_toUnifAvg   0.2233

                 Name        Avg  Std        Min        Max  Count
0     MatchingCluster  14.000000  0.0  14.000000  14.000000      1
1         R-F_Cluster   4.000000  0.0   4.000000   4.000000      1
2       NodalSplitted  17.663522  0.0  17.663522  17.663522      1
3             Triples  17.000000  0.0  17.000000  17.000000      1
4        MatchingPair  13.000000  0.0  13.000000  13.000000      1
5                MAST   4.000000  0.0   4.000000   4.000000      1
6  CopheneticL2Metric   8.306624  0.0   8.306624   8.306624      1
