
                            < M A T L A B (R) >
                  Copyright 1984-2017 The MathWorks, Inc.
                   R2017a (9.2.0.538062) 64-bit (glnxa64)
                             February 23, 2017

 
To get started, type one of these: helpwin, helpdesk, or demo.
For product information, visit www.mathworks.com.
 
Running "Run1", Seed: 910648
 *** Finished Simulation Run ***

config-17.json #############################################

[#.........] | Progress: 1 | Time: 0.0s | ETA: --[.#........] | Progress: 52 | Time: 0.1s | ETA: --[..#.......] | Progress: 104 | Time: 0.1s | ETA: --[...#......] | Progress: 155 | Time: 0.2s | ETA: --[....#.....] | Progress: 207 | Time: 0.2s | ETA: --[.....#....] | Progress: 261 | Time: 0.3s | ETA: --[......#...] | Progress: 314 | Time: 0.3s | ETA: --[.......#..] | Progress: 369 | Time: 0.4s | ETA: --[........#.] | Progress: 424 | Time: 0.4s | ETA: --[.........#] | Progress: 478 | Time: 0.5s | ETA: --[........#.] | Progress: 531 | Time: 0.5s | ETA: --[.......#..] | Progress: 585 | Time: 0.6s | ETA: --[......#...] | Progress: 638 | Time: 0.6s | ETA: --[.....#....] | Progress: 692 | Time: 0.7s | ETA: --[....#.....] | Progress: 746 | Time: 0.7s | ETA: --[##########] | Progress: 786 | Time: 0.7s | ETA: --fit<>, fid</home/chun/projects/clineage-simulation/analysis/tmc-910648/tmc-007/case-17/triplets-list.raw.txt>, flg<treeReconstruction.log>, frt<resTree.tree>, frtN</home/chun/projects/clineage-simulation/analysis/tmc-910648/tmc-007/case-17/reconstructed.tmp.newick>, fsd<qqq.dat>, fst<simul.tree>, -->index=2
Read triplets from file...
Read triplets from file...Finished
N_triplets = 785, idMaxFound = 20
treeBuildBasedOnTriplets_run...
make_isTogetherInTripletAndDeleteExtraTriplets: Finished
maxCut with 20 nodes: Finished
maxCut with 17 nodes: Finished
maxCut with 8 nodes: Finished
maxCut with 9 nodes: Finished
maxCut with 8 nodes: Finished
treeBuildBasedOnTriplets_run...Finished
Saving tree to file...
Saving tree to file...Finished

                            < M A T L A B (R) >
                  Copyright 1984-2017 The MathWorks, Inc.
                   R2017a (9.2.0.538062) 64-bit (glnxa64)
                             February 23, 2017

 
To get started, type one of these: helpwin, helpdesk, or demo.
For product information, visit www.mathworks.com.
 
TreeCmp version build2

Active options:
Type of the analysis:  ref-to-all comparison mode (-r)
Metrics:
  1. MatchingCluster (mc)
  2. R-F_Cluster (rc)
  3. NodalSplitted (ns)
  4. Triples (tt)
  5. MatchingPair (mp)
  6. MAST (mt)
  7. CopheneticL2Metric (co)
Input file: /home/chun/projects/clineage-simulation/analysis/tmc-910648/tmc-007/case-17/reconstructed.newick
Output file: /home/chun/projects/clineage-simulation/analysis/tmc-910648/tmc-007/case-17/scores.raw.out
Additional options:
N - Report normalized distances.
P - Prune compared trees if needed (trees can have different leaf sets).
I - Include summary section in the output file.
-----
2018-06-19 08:04:52: Start of reading random statistics.
2018-06-19 08:04:52: End of reading random statistics.
2018-06-19 08:04:52: Start of scanning input file: /home/chun/projects/clineage-simulation/analysis/tmc-910648/tmc-007/case-17/reconstructed.newick
2018-06-19 08:04:52: End of scanning input file: /home/chun/projects/clineage-simulation/analysis/tmc-910648/tmc-007/case-17/reconstructed.newick
2018-06-19 08:04:52: 1 valid trees found in file: /home/chun/projects/clineage-simulation/analysis/tmc-910648/tmc-007/case-17/reconstructed.newick
2018-06-19 08:04:52: Start of calculation...please wait...
2018-06-19 08:04:52: 0.00% completed...
2018-06-19 08:04:52: 100.00% completed.
2018-06-19 08:04:52: End of calculation.
2018-06-19 08:04:52: Total calculation time: 26 ms.
                              metrics
No                             1.0000
RefTree                        1.0000
Tree                           1.0000
RefTree_taxa                  20.0000
Tree_taxa                     20.0000
Common_taxa                   20.0000
MatchingCluster               19.0000
MatchingCluster_toYuleAvg      0.2230
MatchingCluster_toUnifAvg      0.1953
R-F_Cluster                    4.5000
R-F_Cluster_toYuleAvg          0.2534
R-F_Cluster_toUnifAvg          0.2521
NodalSplitted                 26.1343
NodalSplitted_toYuleAvg        0.4491
NodalSplitted_toUnifAvg        0.3637
Triples                       34.0000
Triples_toYuleAvg              0.0445
Triples_toUnifAvg              0.0448
MatchingPair                  16.0000
MatchingPair_toYuleAvg         0.1189
MatchingPair_toUnifAvg         0.1216
MAST                           5.0000
MAST_toYuleAvg                 0.3748
MAST_toUnifAvg                 0.3716
CopheneticL2Metric            11.5758
CopheneticL2Metric_toYuleAvg   0.2606
CopheneticL2Metric_toUnifAvg   0.2131

                 Name        Avg  Std        Min        Max  Count
0     MatchingCluster  19.000000  0.0  19.000000  19.000000      1
1         R-F_Cluster   4.500000  0.0   4.500000   4.500000      1
2       NodalSplitted  26.134269  0.0  26.134269  26.134269      1
3             Triples  34.000000  0.0  34.000000  34.000000      1
4        MatchingPair  16.000000  0.0  16.000000  16.000000      1
5                MAST   5.000000  0.0   5.000000   5.000000      1
6  CopheneticL2Metric  11.575837  0.0  11.575837  11.575837      1
