
                            < M A T L A B (R) >
                  Copyright 1984-2017 The MathWorks, Inc.
                   R2017a (9.2.0.538062) 64-bit (glnxa64)
                             February 23, 2017

 
To get started, type one of these: helpwin, helpdesk, or demo.
For product information, visit www.mathworks.com.
 
Running "Run1", Seed: 910648
 *** Finished Simulation Run ***

config-14.json #############################################

[#.........] | Progress: 1 | Time: 0.0s | ETA: --[.#........] | Progress: 52 | Time: 0.1s | ETA: --[..#.......] | Progress: 103 | Time: 0.1s | ETA: --[...#......] | Progress: 153 | Time: 0.2s | ETA: --[....#.....] | Progress: 197 | Time: 0.2s | ETA: --[.....#....] | Progress: 229 | Time: 0.3s | ETA: --[......#...] | Progress: 261 | Time: 0.3s | ETA: --[.......#..] | Progress: 303 | Time: 0.4s | ETA: --[........#.] | Progress: 354 | Time: 0.4s | ETA: --[.........#] | Progress: 406 | Time: 0.5s | ETA: --[........#.] | Progress: 458 | Time: 0.5s | ETA: --[##########] | Progress: 473 | Time: 0.5s | ETA: --fit<>, fid</home/chun/projects/clineage-simulation/analysis/tmc-910648/tmc-007/case-14/triplets-list.raw.txt>, flg<treeReconstruction.log>, frt<resTree.tree>, frtN</home/chun/projects/clineage-simulation/analysis/tmc-910648/tmc-007/case-14/reconstructed.tmp.newick>, fsd<qqq.dat>, fst<simul.tree>, -->index=2
Read triplets from file...
Read triplets from file...Finished
N_triplets = 473, idMaxFound = 17
treeBuildBasedOnTriplets_run...
make_isTogetherInTripletAndDeleteExtraTriplets: Finished
maxCut with 17 nodes: Finished
maxCut with 15 nodes: Finished
maxCut with 9 nodes: Finished
maxCut with 8 nodes: Finished
maxCut with 6 nodes: Finished
maxCut with 5 nodes: Finished
treeBuildBasedOnTriplets_run...Finished
Saving tree to file...
Saving tree to file...Finished

                            < M A T L A B (R) >
                  Copyright 1984-2017 The MathWorks, Inc.
                   R2017a (9.2.0.538062) 64-bit (glnxa64)
                             February 23, 2017

 
To get started, type one of these: helpwin, helpdesk, or demo.
For product information, visit www.mathworks.com.
 
TreeCmp version build2

Active options:
Type of the analysis:  ref-to-all comparison mode (-r)
Metrics:
  1. MatchingCluster (mc)
  2. R-F_Cluster (rc)
  3. NodalSplitted (ns)
  4. Triples (tt)
  5. MatchingPair (mp)
  6. MAST (mt)
  7. CopheneticL2Metric (co)
Input file: /home/chun/projects/clineage-simulation/analysis/tmc-910648/tmc-007/case-14/reconstructed.newick
Output file: /home/chun/projects/clineage-simulation/analysis/tmc-910648/tmc-007/case-14/scores.raw.out
Additional options:
N - Report normalized distances.
P - Prune compared trees if needed (trees can have different leaf sets).
I - Include summary section in the output file.
-----
2018-06-19 08:04:54: Start of reading random statistics.
2018-06-19 08:04:54: End of reading random statistics.
2018-06-19 08:04:54: Start of scanning input file: /home/chun/projects/clineage-simulation/analysis/tmc-910648/tmc-007/case-14/reconstructed.newick
2018-06-19 08:04:54: End of scanning input file: /home/chun/projects/clineage-simulation/analysis/tmc-910648/tmc-007/case-14/reconstructed.newick
2018-06-19 08:04:54: 1 valid trees found in file: /home/chun/projects/clineage-simulation/analysis/tmc-910648/tmc-007/case-14/reconstructed.newick
2018-06-19 08:04:54: Start of calculation...please wait...
2018-06-19 08:04:54: 0.00% completed...
2018-06-19 08:04:54: 100.00% completed.
2018-06-19 08:04:54: End of calculation.
2018-06-19 08:04:54: Total calculation time: 23 ms.
                              metrics
No                             1.0000
RefTree                        1.0000
Tree                           1.0000
RefTree_taxa                  17.0000
Tree_taxa                     17.0000
Common_taxa                   17.0000
MatchingCluster               17.0000
MatchingCluster_toYuleAvg      0.2630
MatchingCluster_toUnifAvg      0.2339
R-F_Cluster                    3.5000
R-F_Cluster_toYuleAvg          0.2369
R-F_Cluster_toUnifAvg          0.2358
NodalSplitted                 19.3907
NodalSplitted_toYuleAvg        0.4230
NodalSplitted_toUnifAvg        0.3541
Triples                       17.0000
Triples_toYuleAvg              0.0374
Triples_toUnifAvg              0.0374
MatchingPair                  14.0000
MatchingPair_toYuleAvg         0.1498
MatchingPair_toUnifAvg         0.1522
MAST                           4.0000
MAST_toYuleAvg                 0.3678
MAST_toUnifAvg                 0.3654
CopheneticL2Metric             8.7178
CopheneticL2Metric_toYuleAvg   0.2427
CopheneticL2Metric_toUnifAvg   0.2109

                 Name        Avg  Std        Min        Max  Count
0     MatchingCluster  17.000000  0.0  17.000000  17.000000      1
1         R-F_Cluster   3.500000  0.0   3.500000   3.500000      1
2       NodalSplitted  19.390719  0.0  19.390719  19.390719      1
3             Triples  17.000000  0.0  17.000000  17.000000      1
4        MatchingPair  14.000000  0.0  14.000000  14.000000      1
5                MAST   4.000000  0.0   4.000000   4.000000      1
6  CopheneticL2Metric   8.717798  0.0   8.717798   8.717798      1
