                              metrics
No                             1.0000
RefTree                        1.0000
Tree                           1.0000
RefTree_taxa                  22.0000
Tree_taxa                     22.0000
Common_taxa                   22.0000
MatchingCluster               27.0000
MatchingCluster_toYuleAvg      0.2732
MatchingCluster_toUnifAvg      0.2331
R-F_Cluster                    5.0000
R-F_Cluster_toYuleAvg          0.2529
R-F_Cluster_toUnifAvg          0.2518
NodalSplitted                 22.3383
NodalSplitted_toYuleAvg        0.3353
NodalSplitted_toUnifAvg        0.2626
Triples                       71.0000
Triples_toYuleAvg              0.0692
Triples_toUnifAvg              0.0690
MatchingPair                  22.0000
MatchingPair_toYuleAvg         0.1335
MatchingPair_toUnifAvg         0.1359
MAST                           4.0000
MAST_toYuleAvg                 0.2667
MAST_toUnifAvg                 0.2648
CopheneticL2Metric            15.0333
CopheneticL2Metric_toYuleAvg   0.2958
CopheneticL2Metric_toUnifAvg   0.2396

                 Name        Avg  Std        Min        Max  Count
0     MatchingCluster  27.000000  0.0  27.000000  27.000000      1
1         R-F_Cluster   5.000000  0.0   5.000000   5.000000      1
2       NodalSplitted  22.338308  0.0  22.338308  22.338308      1
3             Triples  71.000000  0.0  71.000000  71.000000      1
4        MatchingPair  22.000000  0.0  22.000000  22.000000      1
5                MAST   4.000000  0.0   4.000000   4.000000      1
6  CopheneticL2Metric  15.033296  0.0  15.033296  15.033296      1
