
                            < M A T L A B (R) >
                  Copyright 1984-2017 The MathWorks, Inc.
                   R2017a (9.2.0.538062) 64-bit (glnxa64)
                             February 23, 2017

 
To get started, type one of these: helpwin, helpdesk, or demo.
For product information, visit www.mathworks.com.
 
Running "Run1", Seed: 145539
 *** Finished Simulation Run ***

config-15.json #############################################

[#.........] | Progress: 1 | Time: 0.0s | ETA: --[.#........] | Progress: 32 | Time: 0.1s | ETA: --[..#.......] | Progress: 63 | Time: 0.1s | ETA: --[...#......] | Progress: 94 | Time: 0.2s | ETA: --[....#.....] | Progress: 125 | Time: 0.2s | ETA: --[.....#....] | Progress: 156 | Time: 0.3s | ETA: --[......#...] | Progress: 187 | Time: 0.3s | ETA: --[.......#..] | Progress: 218 | Time: 0.4s | ETA: --[........#.] | Progress: 249 | Time: 0.4s | ETA: --[.........#] | Progress: 280 | Time: 0.5s | ETA: --[........#.] | Progress: 311 | Time: 0.5s | ETA: --[.......#..] | Progress: 342 | Time: 0.6s | ETA: --[......#...] | Progress: 373 | Time: 0.6s | ETA: --[.....#....] | Progress: 404 | Time: 0.7s | ETA: --[....#.....] | Progress: 435 | Time: 0.7s | ETA: --[...#......] | Progress: 466 | Time: 0.8s | ETA: --[..#.......] | Progress: 497 | Time: 0.8s | ETA: --[.#........] | Progress: 527 | Time: 0.9s | ETA: --[##########] | Progress: 555 | Time: 0.9s | ETA: --fit<>, fid</home/chun/projects/clineage-simulation/analysis/tmc-145539/tmc-008/case-15/triplets-list.raw.txt>, flg<treeReconstruction.log>, frt<resTree.tree>, frtN</home/chun/projects/clineage-simulation/analysis/tmc-145539/tmc-008/case-15/reconstructed.tmp.newick>, fsd<qqq.dat>, fst<simul.tree>, -->index=2
Read triplets from file...
Read triplets from file...Finished
N_triplets = 555, idMaxFound = 18
treeBuildBasedOnTriplets_run...
make_isTogetherInTripletAndDeleteExtraTriplets: Finished
maxCut with 18 nodes: Finished
maxCut with 9 nodes: Finished
maxCut with 6 nodes: Finished
maxCut with 9 nodes: Finished
maxCut with 6 nodes: Finished
treeBuildBasedOnTriplets_run...Finished
Saving tree to file...
Saving tree to file...Finished

                            < M A T L A B (R) >
                  Copyright 1984-2017 The MathWorks, Inc.
                   R2017a (9.2.0.538062) 64-bit (glnxa64)
                             February 23, 2017

 
To get started, type one of these: helpwin, helpdesk, or demo.
For product information, visit www.mathworks.com.
 
TreeCmp version build2

Active options:
Type of the analysis:  ref-to-all comparison mode (-r)
Metrics:
  1. MatchingCluster (mc)
  2. R-F_Cluster (rc)
  3. NodalSplitted (ns)
  4. Triples (tt)
  5. MatchingPair (mp)
  6. MAST (mt)
  7. CopheneticL2Metric (co)
Input file: /home/chun/projects/clineage-simulation/analysis/tmc-145539/tmc-008/case-15/reconstructed.newick
Output file: /home/chun/projects/clineage-simulation/analysis/tmc-145539/tmc-008/case-15/scores.raw.out
Additional options:
N - Report normalized distances.
P - Prune compared trees if needed (trees can have different leaf sets).
I - Include summary section in the output file.
-----
2018-06-19 06:48:37: Start of reading random statistics.
2018-06-19 06:48:37: End of reading random statistics.
2018-06-19 06:48:37: Start of scanning input file: /home/chun/projects/clineage-simulation/analysis/tmc-145539/tmc-008/case-15/reconstructed.newick
2018-06-19 06:48:37: End of scanning input file: /home/chun/projects/clineage-simulation/analysis/tmc-145539/tmc-008/case-15/reconstructed.newick
2018-06-19 06:48:37: 1 valid trees found in file: /home/chun/projects/clineage-simulation/analysis/tmc-145539/tmc-008/case-15/reconstructed.newick
2018-06-19 06:48:37: Start of calculation...please wait...
2018-06-19 06:48:37: 0.00% completed...
2018-06-19 06:48:37: 100.00% completed.
2018-06-19 06:48:37: End of calculation.
2018-06-19 06:48:37: Total calculation time: 22 ms.
                              metrics
No                             1.0000
RefTree                        1.0000
Tree                           1.0000
RefTree_taxa                  18.0000
Tree_taxa                     18.0000
Common_taxa                   18.0000
MatchingCluster               18.0000
MatchingCluster_toYuleAvg      0.2534
MatchingCluster_toUnifAvg      0.2238
R-F_Cluster                    4.5000
R-F_Cluster_toYuleAvg          0.2851
R-F_Cluster_toUnifAvg          0.2844
NodalSplitted                 19.7990
NodalSplitted_toYuleAvg        0.3983
NodalSplitted_toUnifAvg        0.3266
Triples                       16.0000
Triples_toYuleAvg              0.0293
Triples_toUnifAvg              0.0295
MatchingPair                  13.0000
MatchingPair_toYuleAvg         0.1222
MatchingPair_toUnifAvg         0.1250
MAST                           5.0000
MAST_toYuleAvg                 0.4260
MAST_toUnifAvg                 0.4248
CopheneticL2Metric             8.7178
CopheneticL2Metric_toYuleAvg   0.2222
CopheneticL2Metric_toUnifAvg   0.1929

                 Name        Avg  Std        Min        Max  Count
0     MatchingCluster  18.000000  0.0  18.000000  18.000000      1
1         R-F_Cluster   4.500000  0.0   4.500000   4.500000      1
2       NodalSplitted  19.798990  0.0  19.798990  19.798990      1
3             Triples  16.000000  0.0  16.000000  16.000000      1
4        MatchingPair  13.000000  0.0  13.000000  13.000000      1
5                MAST   5.000000  0.0   5.000000   5.000000      1
6  CopheneticL2Metric   8.717798  0.0   8.717798   8.717798      1
