
                            < M A T L A B (R) >
                  Copyright 1984-2017 The MathWorks, Inc.
                   R2017a (9.2.0.538062) 64-bit (glnxa64)
                             February 23, 2017

 
To get started, type one of these: helpwin, helpdesk, or demo.
For product information, visit www.mathworks.com.
 
Running "Run1", Seed: 145539
 *** Finished Simulation Run ***

config-14.json #############################################

[#.........] | Progress: 1 | Time: 0.0s | ETA: --[.#........] | Progress: 33 | Time: 0.1s | ETA: --[..#.......] | Progress: 65 | Time: 0.1s | ETA: --[...#......] | Progress: 97 | Time: 0.2s | ETA: --[....#.....] | Progress: 129 | Time: 0.2s | ETA: --[.....#....] | Progress: 161 | Time: 0.3s | ETA: --[......#...] | Progress: 193 | Time: 0.3s | ETA: --[.......#..] | Progress: 225 | Time: 0.4s | ETA: --[........#.] | Progress: 257 | Time: 0.4s | ETA: --[.........#] | Progress: 289 | Time: 0.5s | ETA: --[........#.] | Progress: 321 | Time: 0.5s | ETA: --[.......#..] | Progress: 353 | Time: 0.6s | ETA: --[......#...] | Progress: 385 | Time: 0.6s | ETA: --[.....#....] | Progress: 417 | Time: 0.7s | ETA: --[....#.....] | Progress: 448 | Time: 0.7s | ETA: --[##########] | Progress: 478 | Time: 0.8s | ETA: --fit<>, fid</home/chun/projects/clineage-simulation/analysis/tmc-145539/tmc-008/case-14/triplets-list.raw.txt>, flg<treeReconstruction.log>, frt<resTree.tree>, frtN</home/chun/projects/clineage-simulation/analysis/tmc-145539/tmc-008/case-14/reconstructed.tmp.newick>, fsd<qqq.dat>, fst<simul.tree>, -->index=2
Read triplets from file...
Read triplets from file...Finished
N_triplets = 478, idMaxFound = 17
treeBuildBasedOnTriplets_run...
make_isTogetherInTripletAndDeleteExtraTriplets: Finished
maxCut with 17 nodes: Finished
maxCut with 5 nodes: Finished
maxCut with 9 nodes: Finished
maxCut with 6 nodes: Finished
treeBuildBasedOnTriplets_run...Finished
Saving tree to file...
Saving tree to file...Finished

                            < M A T L A B (R) >
                  Copyright 1984-2017 The MathWorks, Inc.
                   R2017a (9.2.0.538062) 64-bit (glnxa64)
                             February 23, 2017

 
To get started, type one of these: helpwin, helpdesk, or demo.
For product information, visit www.mathworks.com.
 
TreeCmp version build2

Active options:
Type of the analysis:  ref-to-all comparison mode (-r)
Metrics:
  1. MatchingCluster (mc)
  2. R-F_Cluster (rc)
  3. NodalSplitted (ns)
  4. Triples (tt)
  5. MatchingPair (mp)
  6. MAST (mt)
  7. CopheneticL2Metric (co)
Input file: /home/chun/projects/clineage-simulation/analysis/tmc-145539/tmc-008/case-14/reconstructed.newick
Output file: /home/chun/projects/clineage-simulation/analysis/tmc-145539/tmc-008/case-14/scores.raw.out
Additional options:
N - Report normalized distances.
P - Prune compared trees if needed (trees can have different leaf sets).
I - Include summary section in the output file.
-----
2018-06-19 06:48:40: Start of reading random statistics.
2018-06-19 06:48:41: End of reading random statistics.
2018-06-19 06:48:41: Start of scanning input file: /home/chun/projects/clineage-simulation/analysis/tmc-145539/tmc-008/case-14/reconstructed.newick
2018-06-19 06:48:41: End of scanning input file: /home/chun/projects/clineage-simulation/analysis/tmc-145539/tmc-008/case-14/reconstructed.newick
2018-06-19 06:48:41: 1 valid trees found in file: /home/chun/projects/clineage-simulation/analysis/tmc-145539/tmc-008/case-14/reconstructed.newick
2018-06-19 06:48:41: Start of calculation...please wait...
2018-06-19 06:48:41: 0.00% completed...
2018-06-19 06:48:41: 100.00% completed.
2018-06-19 06:48:41: End of calculation.
2018-06-19 06:48:41: Total calculation time: 26 ms.
                              metrics
No                             1.0000
RefTree                        1.0000
Tree                           1.0000
RefTree_taxa                  17.0000
Tree_taxa                     17.0000
Common_taxa                   17.0000
MatchingCluster               16.0000
MatchingCluster_toYuleAvg      0.2475
MatchingCluster_toUnifAvg      0.2201
R-F_Cluster                    4.0000
R-F_Cluster_toYuleAvg          0.2708
R-F_Cluster_toUnifAvg          0.2695
NodalSplitted                 19.0263
NodalSplitted_toYuleAvg        0.4151
NodalSplitted_toUnifAvg        0.3475
Triples                       13.0000
Triples_toYuleAvg              0.0286
Triples_toUnifAvg              0.0286
MatchingPair                  11.0000
MatchingPair_toYuleAvg         0.1177
MatchingPair_toUnifAvg         0.1196
MAST                           5.0000
MAST_toYuleAvg                 0.4598
MAST_toUnifAvg                 0.4567
CopheneticL2Metric             8.0000
CopheneticL2Metric_toYuleAvg   0.2228
CopheneticL2Metric_toUnifAvg   0.1935

                 Name        Avg  Std        Min        Max  Count
0     MatchingCluster  16.000000  0.0  16.000000  16.000000      1
1         R-F_Cluster   4.000000  0.0   4.000000   4.000000      1
2       NodalSplitted  19.026298  0.0  19.026298  19.026298      1
3             Triples  13.000000  0.0  13.000000  13.000000      1
4        MatchingPair  11.000000  0.0  11.000000  11.000000      1
5                MAST   5.000000  0.0   5.000000   5.000000      1
6  CopheneticL2Metric   8.000000  0.0   8.000000   8.000000      1
