                               metrics
No                              1.0000
RefTree                         1.0000
Tree                            1.0000
RefTree_taxa                   13.0000
Tree_taxa                      12.0000
Common_taxa                    12.0000
MatchingCluster                33.0000
MatchingCluster_toYuleAvg       0.9296
MatchingCluster_toUnifAvg       0.8728
R-F_Cluster                     8.0000
R-F_Cluster_toYuleAvg           0.8205
R-F_Cluster_toUnifAvg           0.8172
NodalSplitted                  27.0740
NodalSplitted_toYuleAvg         0.9939
NodalSplitted_toUnifAvg         0.9048
Triples                       145.0000
Triples_toYuleAvg               0.9850
Triples_toUnifAvg               0.9882
MatchingPair                   41.0000
MatchingPair_toYuleAvg          0.9693
MatchingPair_toUnifAvg          0.9822
MAST                            6.0000
MAST_toYuleAvg                  0.8707
MAST_toUnifAvg                  0.8622
CopheneticL2Metric             18.7083
CopheneticL2Metric_toYuleAvg    0.8630
CopheneticL2Metric_toUnifAvg    0.7940

                 Name         Avg  Std         Min         Max  Count
0     MatchingCluster   33.000000  0.0   33.000000   33.000000      1
1         R-F_Cluster    8.000000  0.0    8.000000    8.000000      1
2       NodalSplitted   27.073973  0.0   27.073973   27.073973      1
3             Triples  145.000000  0.0  145.000000  145.000000      1
4        MatchingPair   41.000000  0.0   41.000000   41.000000      1
5                MAST    6.000000  0.0    6.000000    6.000000      1
6  CopheneticL2Metric   18.708287  0.0   18.708287   18.708287      1
