                              metrics
No                             1.0000
RefTree                        1.0000
Tree                           1.0000
RefTree_taxa                  23.0000
Tree_taxa                     23.0000
Common_taxa                   23.0000
MatchingCluster                8.0000
MatchingCluster_toYuleAvg      0.0754
MatchingCluster_toUnifAvg      0.0645
R-F_Cluster                    2.5000
R-F_Cluster_toYuleAvg          0.1203
R-F_Cluster_toUnifAvg          0.1201
NodalSplitted                 13.0384
NodalSplitted_toYuleAvg        0.1848
NodalSplitted_toUnifAvg        0.1454
Triples                        5.0000
Triples_toYuleAvg              0.0042
Triples_toUnifAvg              0.0042
MatchingPair                   5.0000
MatchingPair_toYuleAvg         0.0274
MatchingPair_toUnifAvg         0.0280
MAST                           3.0000
MAST_toYuleAvg                 0.1891
MAST_toUnifAvg                 0.1873
CopheneticL2Metric             4.1231
CopheneticL2Metric_toYuleAvg   0.0761
CopheneticL2Metric_toUnifAvg   0.0611

                 Name        Avg  Std        Min        Max  Count
0     MatchingCluster   8.000000  0.0   8.000000   8.000000      1
1         R-F_Cluster   2.500000  0.0   2.500000   2.500000      1
2       NodalSplitted  13.038405  0.0  13.038405  13.038405      1
3             Triples   5.000000  0.0   5.000000   5.000000      1
4        MatchingPair   5.000000  0.0   5.000000   5.000000      1
5                MAST   3.000000  0.0   3.000000   3.000000      1
6  CopheneticL2Metric   4.123106  0.0   4.123106   4.123106      1
