                              metrics
No                             1.0000
RefTree                        1.0000
Tree                           1.0000
RefTree_taxa                  21.0000
Tree_taxa                     21.0000
Common_taxa                   21.0000
MatchingCluster                4.0000
MatchingCluster_toYuleAvg      0.0437
MatchingCluster_toUnifAvg      0.0378
R-F_Cluster                    1.0000
R-F_Cluster_toYuleAvg          0.0533
R-F_Cluster_toUnifAvg          0.0531
NodalSplitted                  8.7178
NodalSplitted_toYuleAvg        0.1416
NodalSplitted_toUnifAvg        0.1120
Triples                        2.0000
Triples_toYuleAvg              0.0023
Triples_toUnifAvg              0.0023
MatchingPair                   2.0000
MatchingPair_toYuleAvg         0.0134
MatchingPair_toUnifAvg         0.0137
MAST                           2.0000
MAST_toYuleAvg                 0.1411
MAST_toUnifAvg                 0.1401
CopheneticL2Metric             2.4495
CopheneticL2Metric_toYuleAvg   0.0515
CopheneticL2Metric_toUnifAvg   0.0424

                 Name       Avg  Std       Min       Max  Count
0     MatchingCluster  4.000000  0.0  4.000000  4.000000      1
1         R-F_Cluster  1.000000  0.0  1.000000  1.000000      1
2       NodalSplitted  8.717798  0.0  8.717798  8.717798      1
3             Triples  2.000000  0.0  2.000000  2.000000      1
4        MatchingPair  2.000000  0.0  2.000000  2.000000      1
5                MAST  2.000000  0.0  2.000000  2.000000      1
6  CopheneticL2Metric  2.449490  0.0  2.449490  2.449490      1
