
                            < M A T L A B (R) >
                  Copyright 1984-2017 The MathWorks, Inc.
                   R2017a (9.2.0.538062) 64-bit (glnxa64)
                             February 23, 2017

 
To get started, type one of these: helpwin, helpdesk, or demo.
For product information, visit www.mathworks.com.
 
Running "Run1", Seed: 910648
 *** Finished Simulation Run ***

config-07.json #############################################

[#.........] | Progress: 1 | Time: 0.0s | ETA: --[.#........] | Progress: 17 | Time: 0.1s | ETA: --[..#.......] | Progress: 33 | Time: 0.1s | ETA: --[...#......] | Progress: 49 | Time: 0.2s | ETA: --[....#.....] | Progress: 65 | Time: 0.2s | ETA: --[.....#....] | Progress: 81 | Time: 0.3s | ETA: --[##########] | Progress: 89 | Time: 0.3s | ETA: --fit<>, fid</home/chun/projects/clineage-simulation/analysis/tmc-910648/tmc-009/case-07/triplets-list.raw.txt>, flg<treeReconstruction.log>, frt<resTree.tree>, frtN</home/chun/projects/clineage-simulation/analysis/tmc-910648/tmc-009/case-07/reconstructed.tmp.newick>, fsd<qqq.dat>, fst<simul.tree>, -->index=2
Read triplets from file...
Read triplets from file...Finished
N_triplets = 89, idMaxFound = 10
treeBuildBasedOnTriplets_run...
make_isTogetherInTripletAndDeleteExtraTriplets: Finished
maxCut with 7 nodes: Finished
treeBuildBasedOnTriplets_run...Finished
Saving tree to file...
Saving tree to file...Finished

                            < M A T L A B (R) >
                  Copyright 1984-2017 The MathWorks, Inc.
                   R2017a (9.2.0.538062) 64-bit (glnxa64)
                             February 23, 2017

 
To get started, type one of these: helpwin, helpdesk, or demo.
For product information, visit www.mathworks.com.
 
TreeCmp version build2

Active options:
Type of the analysis:  ref-to-all comparison mode (-r)
Metrics:
  1. MatchingCluster (mc)
  2. R-F_Cluster (rc)
  3. NodalSplitted (ns)
  4. Triples (tt)
  5. MatchingPair (mp)
  6. MAST (mt)
  7. CopheneticL2Metric (co)
Input file: /home/chun/projects/clineage-simulation/analysis/tmc-910648/tmc-009/case-07/reconstructed.newick
Output file: /home/chun/projects/clineage-simulation/analysis/tmc-910648/tmc-009/case-07/scores.raw.out
Additional options:
N - Report normalized distances.
P - Prune compared trees if needed (trees can have different leaf sets).
I - Include summary section in the output file.
-----
2018-06-18 21:46:35: Start of reading random statistics.
2018-06-18 21:46:35: End of reading random statistics.
2018-06-18 21:46:35: Start of scanning input file: /home/chun/projects/clineage-simulation/analysis/tmc-910648/tmc-009/case-07/reconstructed.newick
2018-06-18 21:46:35: End of scanning input file: /home/chun/projects/clineage-simulation/analysis/tmc-910648/tmc-009/case-07/reconstructed.newick
2018-06-18 21:46:35: 1 valid trees found in file: /home/chun/projects/clineage-simulation/analysis/tmc-910648/tmc-009/case-07/reconstructed.newick
2018-06-18 21:46:35: Start of calculation...please wait...
2018-06-18 21:46:35: 0.00% completed...
2018-06-18 21:46:35: 100.00% completed.
2018-06-18 21:46:35: End of calculation.
2018-06-18 21:46:35: Total calculation time: 26 ms.
                              metrics
No                             1.0000
RefTree                        1.0000
Tree                           1.0000
RefTree_taxa                  10.0000
Tree_taxa                     10.0000
Common_taxa                   10.0000
MatchingCluster                8.0000
MatchingCluster_toYuleAvg      0.3148
MatchingCluster_toUnifAvg      0.3026
R-F_Cluster                    2.0000
R-F_Cluster_toYuleAvg          0.2584
R-F_Cluster_toUnifAvg          0.2572
NodalSplitted                  8.1240
NodalSplitted_toYuleAvg        0.4012
NodalSplitted_toUnifAvg        0.3775
Triples                       10.0000
Triples_toYuleAvg              0.1247
Triples_toUnifAvg              0.1259
MatchingPair                   6.0000
MatchingPair_toYuleAvg         0.2169
MatchingPair_toUnifAvg         0.2218
MAST                           2.0000
MAST_toYuleAvg                 0.3715
MAST_toUnifAvg                 0.3738
CopheneticL2Metric             5.8310
CopheneticL2Metric_toYuleAvg   0.3560
CopheneticL2Metric_toUnifAvg   0.3396

                 Name        Avg  Std        Min        Max  Count
0     MatchingCluster   8.000000  0.0   8.000000   8.000000      1
1         R-F_Cluster   2.000000  0.0   2.000000   2.000000      1
2       NodalSplitted   8.124038  0.0   8.124038   8.124038      1
3             Triples  10.000000  0.0  10.000000  10.000000      1
4        MatchingPair   6.000000  0.0   6.000000   6.000000      1
5                MAST   2.000000  0.0   2.000000   2.000000      1
6  CopheneticL2Metric   5.830952  0.0   5.830952   5.830952      1
