                              metrics
No                             1.0000
RefTree                        1.0000
Tree                           1.0000
RefTree_taxa                  12.0000
Tree_taxa                     12.0000
Common_taxa                   12.0000
MatchingCluster               10.0000
MatchingCluster_toYuleAvg      0.2817
MatchingCluster_toUnifAvg      0.2645
R-F_Cluster                    2.0000
R-F_Cluster_toYuleAvg          0.2051
R-F_Cluster_toUnifAvg          0.2043
NodalSplitted                  9.0554
NodalSplitted_toYuleAvg        0.3324
NodalSplitted_toUnifAvg        0.3026
Triples                       23.0000
Triples_toYuleAvg              0.1562
Triples_toUnifAvg              0.1567
MatchingPair                   7.0000
MatchingPair_toYuleAvg         0.1655
MatchingPair_toUnifAvg         0.1677
MAST                           3.0000
MAST_toYuleAvg                 0.4354
MAST_toUnifAvg                 0.4311
CopheneticL2Metric             7.2111
CopheneticL2Metric_toYuleAvg   0.3326
CopheneticL2Metric_toUnifAvg   0.3061

                 Name        Avg  Std        Min        Max  Count
0     MatchingCluster  10.000000  0.0  10.000000  10.000000      1
1         R-F_Cluster   2.000000  0.0   2.000000   2.000000      1
2       NodalSplitted   9.055385  0.0   9.055385   9.055385      1
3             Triples  23.000000  0.0  23.000000  23.000000      1
4        MatchingPair   7.000000  0.0   7.000000   7.000000      1
5                MAST   3.000000  0.0   3.000000   3.000000      1
6  CopheneticL2Metric   7.211103  0.0   7.211103   7.211103      1
