                              metrics
No                             1.0000
RefTree                        1.0000
Tree                           1.0000
RefTree_taxa                  17.0000
Tree_taxa                     17.0000
Common_taxa                   17.0000
MatchingCluster               20.0000
MatchingCluster_toYuleAvg      0.3094
MatchingCluster_toUnifAvg      0.2751
R-F_Cluster                    3.5000
R-F_Cluster_toYuleAvg          0.2369
R-F_Cluster_toUnifAvg          0.2358
NodalSplitted                 17.2627
NodalSplitted_toYuleAvg        0.3766
NodalSplitted_toUnifAvg        0.3153
Triples                       60.0000
Triples_toYuleAvg              0.1322
Triples_toUnifAvg              0.1319
MatchingPair                  16.0000
MatchingPair_toYuleAvg         0.1712
MatchingPair_toUnifAvg         0.1739
MAST                           3.0000
MAST_toYuleAvg                 0.2759
MAST_toUnifAvg                 0.2740
CopheneticL2Metric            12.7671
CopheneticL2Metric_toYuleAvg   0.3555
CopheneticL2Metric_toUnifAvg   0.3089

                 Name        Avg  Std        Min        Max  Count
0     MatchingCluster  20.000000  0.0  20.000000  20.000000      1
1         R-F_Cluster   3.500000  0.0   3.500000   3.500000      1
2       NodalSplitted  17.262677  0.0  17.262677  17.262677      1
3             Triples  60.000000  0.0  60.000000  60.000000      1
4        MatchingPair  16.000000  0.0  16.000000  16.000000      1
5                MAST   3.000000  0.0   3.000000   3.000000      1
6  CopheneticL2Metric  12.767145  0.0  12.767145  12.767145      1
