                              metrics
No                             1.0000
RefTree                        1.0000
Tree                           1.0000
RefTree_taxa                  20.0000
Tree_taxa                     20.0000
Common_taxa                   20.0000
MatchingCluster                6.0000
MatchingCluster_toYuleAvg      0.0704
MatchingCluster_toUnifAvg      0.0617
R-F_Cluster                    1.5000
R-F_Cluster_toYuleAvg          0.0845
R-F_Cluster_toUnifAvg          0.0840
NodalSplitted                 10.2956
NodalSplitted_toYuleAvg        0.1769
NodalSplitted_toUnifAvg        0.1433
Triples                       10.0000
Triples_toYuleAvg              0.0131
Triples_toUnifAvg              0.0132
MatchingPair                   4.0000
MatchingPair_toYuleAvg         0.0297
MatchingPair_toUnifAvg         0.0304
MAST                           2.0000
MAST_toYuleAvg                 0.1499
MAST_toUnifAvg                 0.1487
CopheneticL2Metric             4.2426
CopheneticL2Metric_toYuleAvg   0.0955
CopheneticL2Metric_toUnifAvg   0.0781

                 Name        Avg  Std        Min        Max  Count
0     MatchingCluster   6.000000  0.0   6.000000   6.000000      1
1         R-F_Cluster   1.500000  0.0   1.500000   1.500000      1
2       NodalSplitted  10.295630  0.0  10.295630  10.295630      1
3             Triples  10.000000  0.0  10.000000  10.000000      1
4        MatchingPair   4.000000  0.0   4.000000   4.000000      1
5                MAST   2.000000  0.0   2.000000   2.000000      1
6  CopheneticL2Metric   4.242641  0.0   4.242641   4.242641      1
