                              metrics
No                             1.0000
RefTree                        1.0000
Tree                           1.0000
RefTree_taxa                  15.0000
Tree_taxa                     15.0000
Common_taxa                   15.0000
MatchingCluster                5.0000
MatchingCluster_toYuleAvg      0.0966
MatchingCluster_toUnifAvg      0.0870
R-F_Cluster                    1.5000
R-F_Cluster_toYuleAvg          0.1177
R-F_Cluster_toUnifAvg          0.1170
NodalSplitted                 10.4881
NodalSplitted_toYuleAvg        0.2770
NodalSplitted_toUnifAvg        0.2385
Triples                        7.0000
Triples_toYuleAvg              0.0232
Triples_toUnifAvg              0.0231
MatchingPair                   3.0000
MatchingPair_toYuleAvg         0.0426
MatchingPair_toUnifAvg         0.0432
MAST                           2.0000
MAST_toYuleAvg                 0.2166
MAST_toUnifAvg                 0.2133
CopheneticL2Metric             4.3589
CopheneticL2Metric_toYuleAvg   0.1455
CopheneticL2Metric_toUnifAvg   0.1287

                 Name        Avg  Std        Min        Max  Count
0     MatchingCluster   5.000000  0.0   5.000000   5.000000      1
1         R-F_Cluster   1.500000  0.0   1.500000   1.500000      1
2       NodalSplitted  10.488088  0.0  10.488088  10.488088      1
3             Triples   7.000000  0.0   7.000000   7.000000      1
4        MatchingPair   3.000000  0.0   3.000000   3.000000      1
5                MAST   2.000000  0.0   2.000000   2.000000      1
6  CopheneticL2Metric   4.358899  0.0   4.358899   4.358899      1
