                              metrics
No                             1.0000
RefTree                        1.0000
Tree                           1.0000
RefTree_taxa                   8.0000
Tree_taxa                      8.0000
Common_taxa                    8.0000
MatchingCluster               11.0000
MatchingCluster_toYuleAvg      0.6715
MatchingCluster_toUnifAvg      0.6464
R-F_Cluster                    2.5000
R-F_Cluster_toYuleAvg          0.4374
R-F_Cluster_toUnifAvg          0.4338
NodalSplitted                  9.0000
NodalSplitted_toYuleAvg        0.6558
NodalSplitted_toUnifAvg        0.6224
Triples                       24.0000
Triples_toYuleAvg              0.6487
Triples_toUnifAvg              0.6348
MatchingPair                  11.0000
MatchingPair_toYuleAvg         0.6933
MatchingPair_toUnifAvg         0.6908
MAST                           3.0000
MAST_toYuleAvg                 0.7702
MAST_toUnifAvg                 0.7647
CopheneticL2Metric             6.3246
CopheneticL2Metric_toYuleAvg   0.5551
CopheneticL2Metric_toUnifAvg   0.5358

                 Name        Avg  Std        Min        Max  Count
0     MatchingCluster  11.000000  0.0  11.000000  11.000000      1
1         R-F_Cluster   2.500000  0.0   2.500000   2.500000      1
2       NodalSplitted   9.000000  0.0   9.000000   9.000000      1
3             Triples  24.000000  0.0  24.000000  24.000000      1
4        MatchingPair  11.000000  0.0  11.000000  11.000000      1
5                MAST   3.000000  0.0   3.000000   3.000000      1
6  CopheneticL2Metric   6.324555  0.0   6.324555   6.324555      1
