                              metrics
No                             1.0000
RefTree                        1.0000
Tree                           1.0000
RefTree_taxa                  12.0000
Tree_taxa                     12.0000
Common_taxa                   12.0000
MatchingCluster               13.0000
MatchingCluster_toYuleAvg      0.3662
MatchingCluster_toUnifAvg      0.3438
R-F_Cluster                    2.5000
R-F_Cluster_toYuleAvg          0.2564
R-F_Cluster_toUnifAvg          0.2554
NodalSplitted                 12.8452
NodalSplitted_toYuleAvg        0.4716
NodalSplitted_toUnifAvg        0.4293
Triples                       19.0000
Triples_toYuleAvg              0.1291
Triples_toUnifAvg              0.1295
MatchingPair                  10.0000
MatchingPair_toYuleAvg         0.2364
MatchingPair_toUnifAvg         0.2396
MAST                           3.0000
MAST_toYuleAvg                 0.4354
MAST_toUnifAvg                 0.4311
CopheneticL2Metric             9.1652
CopheneticL2Metric_toYuleAvg   0.4228
CopheneticL2Metric_toUnifAvg   0.3890

                 Name        Avg  Std        Min        Max  Count
0     MatchingCluster  13.000000  0.0  13.000000  13.000000      1
1         R-F_Cluster   2.500000  0.0   2.500000   2.500000      1
2       NodalSplitted  12.845233  0.0  12.845233  12.845233      1
3             Triples  19.000000  0.0  19.000000  19.000000      1
4        MatchingPair  10.000000  0.0  10.000000  10.000000      1
5                MAST   3.000000  0.0   3.000000   3.000000      1
6  CopheneticL2Metric   9.165151  0.0   9.165151   9.165151      1
