                              metrics
No                             1.0000
RefTree                        1.0000
Tree                           1.0000
RefTree_taxa                  13.0000
Tree_taxa                     13.0000
Common_taxa                   13.0000
MatchingCluster               16.0000
MatchingCluster_toYuleAvg      0.3919
MatchingCluster_toUnifAvg      0.3628
R-F_Cluster                    3.0000
R-F_Cluster_toYuleAvg          0.2783
R-F_Cluster_toUnifAvg          0.2772
NodalSplitted                 12.2474
NodalSplitted_toYuleAvg        0.3999
NodalSplitted_toUnifAvg        0.3533
Triples                       67.0000
Triples_toYuleAvg              0.3506
Triples_toUnifAvg              0.3507
MatchingPair                  25.0000
MatchingPair_toYuleAvg         0.4909
MatchingPair_toUnifAvg         0.4992
MAST                           5.0000
MAST_toYuleAvg                 0.6496
MAST_toUnifAvg                 0.6439
CopheneticL2Metric             9.6437
CopheneticL2Metric_toYuleAvg   0.3975
CopheneticL2Metric_toUnifAvg   0.3610

                 Name        Avg  Std        Min        Max  Count
0     MatchingCluster  16.000000  0.0  16.000000  16.000000      1
1         R-F_Cluster   3.000000  0.0   3.000000   3.000000      1
2       NodalSplitted  12.247449  0.0  12.247449  12.247449      1
3             Triples  67.000000  0.0  67.000000  67.000000      1
4        MatchingPair  25.000000  0.0  25.000000  25.000000      1
5                MAST   5.000000  0.0   5.000000   5.000000      1
6  CopheneticL2Metric   9.643651  0.0   9.643651   9.643651      1
