                               metrics
No                              1.0000
RefTree                         1.0000
Tree                            1.0000
RefTree_taxa                   12.0000
Tree_taxa                      11.0000
Common_taxa                    11.0000
MatchingCluster                23.0000
MatchingCluster_toYuleAvg       0.7578
MatchingCluster_toUnifAvg       0.7198
R-F_Cluster                     7.0000
R-F_Cluster_toYuleAvg           0.8014
R-F_Cluster_toUnifAvg           0.7952
NodalSplitted                  16.6132
NodalSplitted_toYuleAvg         0.7000
NodalSplitted_toUnifAvg         0.6480
Triples                       108.0000
Triples_toYuleAvg               0.9827
Triples_toUnifAvg               0.9799
MatchingPair                   33.0000
MatchingPair_toYuleAvg          0.9608
MatchingPair_toUnifAvg          0.9689
MAST                            5.0000
MAST_toYuleAvg                  0.8092
MAST_toUnifAvg                  0.8080
CopheneticL2Metric             11.8322
CopheneticL2Metric_toYuleAvg    0.6207
CopheneticL2Metric_toUnifAvg    0.5754

                 Name         Avg  Std         Min         Max  Count
0     MatchingCluster   23.000000  0.0   23.000000   23.000000      1
1         R-F_Cluster    7.000000  0.0    7.000000    7.000000      1
2       NodalSplitted   16.613248  0.0   16.613248   16.613248      1
3             Triples  108.000000  0.0  108.000000  108.000000      1
4        MatchingPair   33.000000  0.0   33.000000   33.000000      1
5                MAST    5.000000  0.0    5.000000    5.000000      1
6  CopheneticL2Metric   11.832160  0.0   11.832160   11.832160      1
