
                            < M A T L A B (R) >
                  Copyright 1984-2017 The MathWorks, Inc.
                   R2017a (9.2.0.538062) 64-bit (glnxa64)
                             February 23, 2017

 
To get started, type one of these: helpwin, helpdesk, or demo.
For product information, visit www.mathworks.com.
 
Running "Run1", Seed: 181848
 *** Finished Simulation Run ***

config-13.json #############################################

[#.........] | Progress: 1 | Time: 0.0s | ETA: --[.#........] | Progress: 100 | Time: 0.1s | ETA: --[..#.......] | Progress: 199 | Time: 0.1s | ETA: --[...#......] | Progress: 300 | Time: 0.2s | ETA: --[##########] | Progress: 393 | Time: 0.2s | ETA: --fit<>, fid</home/chun/projects/clineage-simulation/analysis/tmc-181848/tmc-006/case-13/triplets-list.raw.txt>, flg<treeReconstruction.log>, frt<resTree.tree>, frtN</home/chun/projects/clineage-simulation/analysis/tmc-181848/tmc-006/case-13/reconstructed.tmp.newick>, fsd<qqq.dat>, fst<simul.tree>, -->index=2
Read triplets from file...
Read triplets from file...Finished
N_triplets = 392, idMaxFound = 16
treeBuildBasedOnTriplets_run...
make_isTogetherInTripletAndDeleteExtraTriplets: Finished
maxCut with 16 nodes: Finished
maxCut with 13 nodes: Finished
maxCut with 6 nodes: Finished
treeBuildBasedOnTriplets_run...Finished
Saving tree to file...
Saving tree to file...Finished

                            < M A T L A B (R) >
                  Copyright 1984-2017 The MathWorks, Inc.
                   R2017a (9.2.0.538062) 64-bit (glnxa64)
                             February 23, 2017

 
To get started, type one of these: helpwin, helpdesk, or demo.
For product information, visit www.mathworks.com.
 
TreeCmp version build2

Active options:
Type of the analysis:  ref-to-all comparison mode (-r)
Metrics:
  1. MatchingCluster (mc)
  2. R-F_Cluster (rc)
  3. NodalSplitted (ns)
  4. Triples (tt)
  5. MatchingPair (mp)
  6. MAST (mt)
  7. CopheneticL2Metric (co)
Input file: /home/chun/projects/clineage-simulation/analysis/tmc-181848/tmc-006/case-13/reconstructed.newick
Output file: /home/chun/projects/clineage-simulation/analysis/tmc-181848/tmc-006/case-13/scores.raw.out
Additional options:
N - Report normalized distances.
P - Prune compared trees if needed (trees can have different leaf sets).
I - Include summary section in the output file.
-----
2018-06-19 06:09:22: Start of reading random statistics.
2018-06-19 06:09:23: End of reading random statistics.
2018-06-19 06:09:23: Start of scanning input file: /home/chun/projects/clineage-simulation/analysis/tmc-181848/tmc-006/case-13/reconstructed.newick
2018-06-19 06:09:23: End of scanning input file: /home/chun/projects/clineage-simulation/analysis/tmc-181848/tmc-006/case-13/reconstructed.newick
2018-06-19 06:09:23: 1 valid trees found in file: /home/chun/projects/clineage-simulation/analysis/tmc-181848/tmc-006/case-13/reconstructed.newick
2018-06-19 06:09:23: Start of calculation...please wait...
2018-06-19 06:09:23: 0.00% completed...
2018-06-19 06:09:23: 100.00% completed.
2018-06-19 06:09:23: End of calculation.
2018-06-19 06:09:23: Total calculation time: 23 ms.
                              metrics
No                             1.0000
RefTree                        1.0000
Tree                           1.0000
RefTree_taxa                  16.0000
Tree_taxa                     16.0000
Common_taxa                   16.0000
MatchingCluster               17.0000
MatchingCluster_toYuleAvg      0.2909
MatchingCluster_toUnifAvg      0.2633
R-F_Cluster                    2.5000
R-F_Cluster_toYuleAvg          0.1815
R-F_Cluster_toUnifAvg          0.1808
NodalSplitted                 13.0000
NodalSplitted_toYuleAvg        0.3088
NodalSplitted_toUnifAvg        0.2641
Triples                       76.0000
Triples_toYuleAvg              0.2037
Triples_toUnifAvg              0.2042
MatchingPair                  28.0000
MatchingPair_toYuleAvg         0.3429
MatchingPair_toUnifAvg         0.3498
MAST                           5.0000
MAST_toYuleAvg                 0.4968
MAST_toUnifAvg                 0.4938
CopheneticL2Metric             8.1854
CopheneticL2Metric_toYuleAvg   0.2491
CopheneticL2Metric_toUnifAvg   0.2201

                 Name        Avg  Std        Min        Max  Count
0     MatchingCluster  17.000000  0.0  17.000000  17.000000      1
1         R-F_Cluster   2.500000  0.0   2.500000   2.500000      1
2       NodalSplitted  13.000000  0.0  13.000000  13.000000      1
3             Triples  76.000000  0.0  76.000000  76.000000      1
4        MatchingPair  28.000000  0.0  28.000000  28.000000      1
5                MAST   5.000000  0.0   5.000000   5.000000      1
6  CopheneticL2Metric   8.185353  0.0   8.185353   8.185353      1
