
                            < M A T L A B (R) >
                  Copyright 1984-2017 The MathWorks, Inc.
                   R2017a (9.2.0.538062) 64-bit (glnxa64)
                             February 23, 2017

 
To get started, type one of these: helpwin, helpdesk, or demo.
For product information, visit www.mathworks.com.
 
Running "Run1", Seed: 181848
 *** Finished Simulation Run ***

config-18.json #############################################

[#.........] | Progress: 1 | Time: 0.0s | ETA: --[.#........] | Progress: 103 | Time: 0.1s | ETA: --[..#.......] | Progress: 210 | Time: 0.1s | ETA: --[...#......] | Progress: 317 | Time: 0.2s | ETA: --[....#.....] | Progress: 423 | Time: 0.2s | ETA: --[.....#....] | Progress: 529 | Time: 0.3s | ETA: --[......#...] | Progress: 634 | Time: 0.3s | ETA: --[.......#..] | Progress: 737 | Time: 0.4s | ETA: --[........#.] | Progress: 830 | Time: 0.4s | ETA: --[.........#] | Progress: 897 | Time: 0.5s | ETA: --[##########] | Progress: 909 | Time: 0.5s | ETA: --fit<>, fid</home/chun/projects/clineage-simulation/analysis/tmc-181848/tmc-006/case-18/triplets-list.raw.txt>, flg<treeReconstruction.log>, frt<resTree.tree>, frtN</home/chun/projects/clineage-simulation/analysis/tmc-181848/tmc-006/case-18/reconstructed.tmp.newick>, fsd<qqq.dat>, fst<simul.tree>, -->index=2
Read triplets from file...
Read triplets from file...Finished
N_triplets = 907, idMaxFound = 20
treeBuildBasedOnTriplets_run...
make_isTogetherInTripletAndDeleteExtraTriplets: Finished
maxCut with 21 nodes: Finished
maxCut with 16 nodes: Finished
maxCut with 5 nodes: Finished
maxCut with 11 nodes: Finished
treeBuildBasedOnTriplets_run...Finished
Saving tree to file...
Saving tree to file...Finished

                            < M A T L A B (R) >
                  Copyright 1984-2017 The MathWorks, Inc.
                   R2017a (9.2.0.538062) 64-bit (glnxa64)
                             February 23, 2017

 
To get started, type one of these: helpwin, helpdesk, or demo.
For product information, visit www.mathworks.com.
 
TreeCmp version build2

Active options:
Type of the analysis:  ref-to-all comparison mode (-r)
Metrics:
  1. MatchingCluster (mc)
  2. R-F_Cluster (rc)
  3. NodalSplitted (ns)
  4. Triples (tt)
  5. MatchingPair (mp)
  6. MAST (mt)
  7. CopheneticL2Metric (co)
Input file: /home/chun/projects/clineage-simulation/analysis/tmc-181848/tmc-006/case-18/reconstructed.newick
Output file: /home/chun/projects/clineage-simulation/analysis/tmc-181848/tmc-006/case-18/scores.raw.out
Additional options:
N - Report normalized distances.
P - Prune compared trees if needed (trees can have different leaf sets).
I - Include summary section in the output file.
-----
2018-06-19 06:09:23: Start of reading random statistics.
2018-06-19 06:09:23: End of reading random statistics.
2018-06-19 06:09:23: Start of scanning input file: /home/chun/projects/clineage-simulation/analysis/tmc-181848/tmc-006/case-18/reconstructed.newick
2018-06-19 06:09:23: End of scanning input file: /home/chun/projects/clineage-simulation/analysis/tmc-181848/tmc-006/case-18/reconstructed.newick
2018-06-19 06:09:23: 1 valid trees found in file: /home/chun/projects/clineage-simulation/analysis/tmc-181848/tmc-006/case-18/reconstructed.newick
2018-06-19 06:09:23: Start of calculation...please wait...
2018-06-19 06:09:23: 0.00% completed...
2018-06-19 06:09:23: 100.00% completed.
2018-06-19 06:09:23: End of calculation.
2018-06-19 06:09:23: Total calculation time: 25 ms.
                              metrics
No                             1.0000
RefTree                        1.0000
Tree                           1.0000
RefTree_taxa                  21.0000
Tree_taxa                     21.0000
Common_taxa                   21.0000
MatchingCluster               12.0000
MatchingCluster_toYuleAvg      0.1310
MatchingCluster_toUnifAvg      0.1135
R-F_Cluster                    5.0000
R-F_Cluster_toYuleAvg          0.2664
R-F_Cluster_toUnifAvg          0.2653
NodalSplitted                 19.4936
NodalSplitted_toYuleAvg        0.3166
NodalSplitted_toUnifAvg        0.2505
Triples                       13.0000
Triples_toYuleAvg              0.0146
Triples_toUnifAvg              0.0147
MatchingPair                   8.0000
MatchingPair_toYuleAvg         0.0536
MatchingPair_toUnifAvg         0.0547
MAST                           4.0000
MAST_toYuleAvg                 0.2822
MAST_toUnifAvg                 0.2802
CopheneticL2Metric             7.0000
CopheneticL2Metric_toYuleAvg   0.1471
CopheneticL2Metric_toUnifAvg   0.1212

                 Name        Avg  Std        Min        Max  Count
0     MatchingCluster  12.000000  0.0  12.000000  12.000000      1
1         R-F_Cluster   5.000000  0.0   5.000000   5.000000      1
2       NodalSplitted  19.493589  0.0  19.493589  19.493589      1
3             Triples  13.000000  0.0  13.000000  13.000000      1
4        MatchingPair   8.000000  0.0   8.000000   8.000000      1
5                MAST   4.000000  0.0   4.000000   4.000000      1
6  CopheneticL2Metric   7.000000  0.0   7.000000   7.000000      1
