
                            < M A T L A B (R) >
                  Copyright 1984-2017 The MathWorks, Inc.
                   R2017a (9.2.0.538062) 64-bit (glnxa64)
                             February 23, 2017

 
To get started, type one of these: helpwin, helpdesk, or demo.
For product information, visit www.mathworks.com.
 
Running "Run1", Seed: 181848
 *** Finished Simulation Run ***

config-05.json #############################################

[#.........] | Progress: 1 | Time: 0.0s | ETA: --[##########] | Progress: 37 | Time: 0.0s | ETA: --fit<>, fid</home/chun/projects/clineage-simulation/analysis/tmc-181848/tmc-006/case-05/triplets-list.raw.txt>, flg<treeReconstruction.log>, frt<resTree.tree>, frtN</home/chun/projects/clineage-simulation/analysis/tmc-181848/tmc-006/case-05/reconstructed.tmp.newick>, fsd<qqq.dat>, fst<simul.tree>, -->index=2
Read triplets from file...
Read triplets from file...Finished
N_triplets = 37, idMaxFound = 8
treeBuildBasedOnTriplets_run...
make_isTogetherInTripletAndDeleteExtraTriplets: Finished
maxCut with 8 nodes: Finished
treeBuildBasedOnTriplets_run...Finished
Saving tree to file...
Saving tree to file...Finished

                            < M A T L A B (R) >
                  Copyright 1984-2017 The MathWorks, Inc.
                   R2017a (9.2.0.538062) 64-bit (glnxa64)
                             February 23, 2017

 
To get started, type one of these: helpwin, helpdesk, or demo.
For product information, visit www.mathworks.com.
 
TreeCmp version build2

Active options:
Type of the analysis:  ref-to-all comparison mode (-r)
Metrics:
  1. MatchingCluster (mc)
  2. R-F_Cluster (rc)
  3. NodalSplitted (ns)
  4. Triples (tt)
  5. MatchingPair (mp)
  6. MAST (mt)
  7. CopheneticL2Metric (co)
Input file: /home/chun/projects/clineage-simulation/analysis/tmc-181848/tmc-006/case-05/reconstructed.newick
Output file: /home/chun/projects/clineage-simulation/analysis/tmc-181848/tmc-006/case-05/scores.raw.out
Additional options:
N - Report normalized distances.
P - Prune compared trees if needed (trees can have different leaf sets).
I - Include summary section in the output file.
-----
2018-06-19 06:09:22: Start of reading random statistics.
2018-06-19 06:09:22: End of reading random statistics.
2018-06-19 06:09:22: Start of scanning input file: /home/chun/projects/clineage-simulation/analysis/tmc-181848/tmc-006/case-05/reconstructed.newick
2018-06-19 06:09:22: End of scanning input file: /home/chun/projects/clineage-simulation/analysis/tmc-181848/tmc-006/case-05/reconstructed.newick
2018-06-19 06:09:22: 1 valid trees found in file: /home/chun/projects/clineage-simulation/analysis/tmc-181848/tmc-006/case-05/reconstructed.newick
2018-06-19 06:09:22: Start of calculation...please wait...
2018-06-19 06:09:22: 0.00% completed...
2018-06-19 06:09:22: 100.00% completed.
2018-06-19 06:09:22: End of calculation.
2018-06-19 06:09:22: Total calculation time: 19 ms.
                              metrics
No                             1.0000
RefTree                        1.0000
Tree                           1.0000
RefTree_taxa                   8.0000
Tree_taxa                      8.0000
Common_taxa                    8.0000
MatchingCluster                6.0000
MatchingCluster_toYuleAvg      0.3663
MatchingCluster_toUnifAvg      0.3526
R-F_Cluster                    1.5000
R-F_Cluster_toYuleAvg          0.2625
R-F_Cluster_toUnifAvg          0.2603
NodalSplitted                  5.0990
NodalSplitted_toYuleAvg        0.3716
NodalSplitted_toUnifAvg        0.3526
Triples                       14.0000
Triples_toYuleAvg              0.3784
Triples_toUnifAvg              0.3703
MatchingPair                   4.0000
MatchingPair_toYuleAvg         0.2521
MatchingPair_toUnifAvg         0.2512
MAST                           2.0000
MAST_toYuleAvg                 0.5135
MAST_toUnifAvg                 0.5098
CopheneticL2Metric             5.0990
CopheneticL2Metric_toYuleAvg   0.4475
CopheneticL2Metric_toUnifAvg   0.4319

                 Name       Avg  Std       Min       Max  Count
0     MatchingCluster   6.00000  0.0   6.00000   6.00000      1
1         R-F_Cluster   1.50000  0.0   1.50000   1.50000      1
2       NodalSplitted   5.09902  0.0   5.09902   5.09902      1
3             Triples  14.00000  0.0  14.00000  14.00000      1
4        MatchingPair   4.00000  0.0   4.00000   4.00000      1
5                MAST   2.00000  0.0   2.00000   2.00000      1
6  CopheneticL2Metric   5.09902  0.0   5.09902   5.09902      1
