
                            < M A T L A B (R) >
                  Copyright 1984-2017 The MathWorks, Inc.
                   R2017a (9.2.0.538062) 64-bit (glnxa64)
                             February 23, 2017

 
To get started, type one of these: helpwin, helpdesk, or demo.
For product information, visit www.mathworks.com.
 
Running "Run1", Seed: 181848
 *** Finished Simulation Run ***

config-15.json #############################################

[#.........] | Progress: 1 | Time: 0.0s | ETA: --[.#........] | Progress: 105 | Time: 0.1s | ETA: --[..#.......] | Progress: 210 | Time: 0.1s | ETA: --[...#......] | Progress: 315 | Time: 0.2s | ETA: --[....#.....] | Progress: 418 | Time: 0.2s | ETA: --[.....#....] | Progress: 521 | Time: 0.3s | ETA: --[##########] | Progress: 553 | Time: 0.3s | ETA: --fit<>, fid</home/chun/projects/clineage-simulation/analysis/tmc-181848/tmc-006/case-15/triplets-list.raw.txt>, flg<treeReconstruction.log>, frt<resTree.tree>, frtN</home/chun/projects/clineage-simulation/analysis/tmc-181848/tmc-006/case-15/reconstructed.tmp.newick>, fsd<qqq.dat>, fst<simul.tree>, -->index=2
Read triplets from file...
Read triplets from file...Finished
N_triplets = 552, idMaxFound = 17
treeBuildBasedOnTriplets_run...
make_isTogetherInTripletAndDeleteExtraTriplets: Finished
maxCut with 18 nodes: Finished
maxCut with 14 nodes: Finished
maxCut with 5 nodes: Finished
maxCut with 4 nodes: Finished
maxCut with 6 nodes: Finished
treeBuildBasedOnTriplets_run...Finished
Saving tree to file...
Saving tree to file...Finished

                            < M A T L A B (R) >
                  Copyright 1984-2017 The MathWorks, Inc.
                   R2017a (9.2.0.538062) 64-bit (glnxa64)
                             February 23, 2017

 
To get started, type one of these: helpwin, helpdesk, or demo.
For product information, visit www.mathworks.com.
 
TreeCmp version build2

Active options:
Type of the analysis:  ref-to-all comparison mode (-r)
Metrics:
  1. MatchingCluster (mc)
  2. R-F_Cluster (rc)
  3. NodalSplitted (ns)
  4. Triples (tt)
  5. MatchingPair (mp)
  6. MAST (mt)
  7. CopheneticL2Metric (co)
Input file: /home/chun/projects/clineage-simulation/analysis/tmc-181848/tmc-006/case-15/reconstructed.newick
Output file: /home/chun/projects/clineage-simulation/analysis/tmc-181848/tmc-006/case-15/scores.raw.out
Additional options:
N - Report normalized distances.
P - Prune compared trees if needed (trees can have different leaf sets).
I - Include summary section in the output file.
-----
2018-06-19 06:09:22: Start of reading random statistics.
2018-06-19 06:09:22: End of reading random statistics.
2018-06-19 06:09:22: Start of scanning input file: /home/chun/projects/clineage-simulation/analysis/tmc-181848/tmc-006/case-15/reconstructed.newick
2018-06-19 06:09:22: End of scanning input file: /home/chun/projects/clineage-simulation/analysis/tmc-181848/tmc-006/case-15/reconstructed.newick
2018-06-19 06:09:22: 1 valid trees found in file: /home/chun/projects/clineage-simulation/analysis/tmc-181848/tmc-006/case-15/reconstructed.newick
2018-06-19 06:09:22: Start of calculation...please wait...
2018-06-19 06:09:22: 0.00% completed...
2018-06-19 06:09:22: 100.00% completed.
2018-06-19 06:09:22: End of calculation.
2018-06-19 06:09:22: Total calculation time: 21 ms.
                              metrics
No                             1.0000
RefTree                        1.0000
Tree                           1.0000
RefTree_taxa                  18.0000
Tree_taxa                     18.0000
Common_taxa                   18.0000
MatchingCluster                7.0000
MatchingCluster_toYuleAvg      0.0985
MatchingCluster_toUnifAvg      0.0870
R-F_Cluster                    2.0000
R-F_Cluster_toYuleAvg          0.1267
R-F_Cluster_toUnifAvg          0.1264
NodalSplitted                 10.6301
NodalSplitted_toYuleAvg        0.2138
NodalSplitted_toUnifAvg        0.1754
Triples                        4.0000
Triples_toYuleAvg              0.0073
Triples_toUnifAvg              0.0074
MatchingPair                   4.0000
MatchingPair_toYuleAvg         0.0376
MatchingPair_toUnifAvg         0.0385
MAST                           3.0000
MAST_toYuleAvg                 0.2556
MAST_toUnifAvg                 0.2549
CopheneticL2Metric             3.6056
CopheneticL2Metric_toYuleAvg   0.0919
CopheneticL2Metric_toUnifAvg   0.0798

                 Name        Avg  Std        Min        Max  Count
0     MatchingCluster   7.000000  0.0   7.000000   7.000000      1
1         R-F_Cluster   2.000000  0.0   2.000000   2.000000      1
2       NodalSplitted  10.630146  0.0  10.630146  10.630146      1
3             Triples   4.000000  0.0   4.000000   4.000000      1
4        MatchingPair   4.000000  0.0   4.000000   4.000000      1
5                MAST   3.000000  0.0   3.000000   3.000000      1
6  CopheneticL2Metric   3.605551  0.0   3.605551   3.605551      1
