                              metrics
No                             1.0000
RefTree                        1.0000
Tree                           1.0000
RefTree_taxa                  17.0000
Tree_taxa                     17.0000
Common_taxa                   17.0000
MatchingCluster               16.0000
MatchingCluster_toYuleAvg      0.2475
MatchingCluster_toUnifAvg      0.2201
R-F_Cluster                    7.0000
R-F_Cluster_toYuleAvg          0.4739
R-F_Cluster_toUnifAvg          0.4715
NodalSplitted                 15.0997
NodalSplitted_toYuleAvg        0.3294
NodalSplitted_toUnifAvg        0.2758
Triples                       39.0000
Triples_toYuleAvg              0.0859
Triples_toUnifAvg              0.0858
MatchingPair                  18.0000
MatchingPair_toYuleAvg         0.1927
MatchingPair_toUnifAvg         0.1957
MAST                           5.0000
MAST_toYuleAvg                 0.4598
MAST_toUnifAvg                 0.4567
CopheneticL2Metric             7.8102
CopheneticL2Metric_toYuleAvg   0.2175
CopheneticL2Metric_toUnifAvg   0.1889

                 Name        Avg  Std        Min        Max  Count
0     MatchingCluster  16.000000  0.0  16.000000  16.000000      1
1         R-F_Cluster   7.000000  0.0   7.000000   7.000000      1
2       NodalSplitted  15.099669  0.0  15.099669  15.099669      1
3             Triples  39.000000  0.0  39.000000  39.000000      1
4        MatchingPair  18.000000  0.0  18.000000  18.000000      1
5                MAST   5.000000  0.0   5.000000   5.000000      1
6  CopheneticL2Metric   7.810250  0.0   7.810250   7.810250      1
