                              metrics
No                             1.0000
RefTree                        1.0000
Tree                           1.0000
RefTree_taxa                  11.0000
Tree_taxa                     11.0000
Common_taxa                   11.0000
MatchingCluster               15.0000
MatchingCluster_toYuleAvg      0.4942
MatchingCluster_toUnifAvg      0.4695
R-F_Cluster                    5.5000
R-F_Cluster_toYuleAvg          0.6297
R-F_Cluster_toUnifAvg          0.6248
NodalSplitted                 13.4907
NodalSplitted_toYuleAvg        0.5684
NodalSplitted_toUnifAvg        0.5262
Triples                       66.0000
Triples_toYuleAvg              0.6005
Triples_toUnifAvg              0.5988
MatchingPair                  25.0000
MatchingPair_toYuleAvg         0.7278
MatchingPair_toUnifAvg         0.7340
MAST                           4.0000
MAST_toYuleAvg                 0.6474
MAST_toUnifAvg                 0.6464
CopheneticL2Metric             9.8489
CopheneticL2Metric_toYuleAvg   0.5167
CopheneticL2Metric_toUnifAvg   0.4789

                 Name        Avg  Std        Min        Max  Count
0     MatchingCluster  15.000000  0.0  15.000000  15.000000      1
1         R-F_Cluster   5.500000  0.0   5.500000   5.500000      1
2       NodalSplitted  13.490738  0.0  13.490738  13.490738      1
3             Triples  66.000000  0.0  66.000000  66.000000      1
4        MatchingPair  25.000000  0.0  25.000000  25.000000      1
5                MAST   4.000000  0.0   4.000000   4.000000      1
6  CopheneticL2Metric   9.848858  0.0   9.848858   9.848858      1
