                              metrics
No                             1.0000
RefTree                        1.0000
Tree                           1.0000
RefTree_taxa                  16.0000
Tree_taxa                     16.0000
Common_taxa                   16.0000
MatchingCluster                8.0000
MatchingCluster_toYuleAvg      0.1369
MatchingCluster_toUnifAvg      0.1239
R-F_Cluster                    2.0000
R-F_Cluster_toYuleAvg          0.1452
R-F_Cluster_toUnifAvg          0.1447
NodalSplitted                 10.4881
NodalSplitted_toYuleAvg        0.2492
NodalSplitted_toUnifAvg        0.2131
Triples                        8.0000
Triples_toYuleAvg              0.0214
Triples_toUnifAvg              0.0215
MatchingPair                   5.0000
MatchingPair_toYuleAvg         0.0612
MatchingPair_toUnifAvg         0.0625
MAST                           3.0000
MAST_toYuleAvg                 0.2981
MAST_toUnifAvg                 0.2963
CopheneticL2Metric             4.5826
CopheneticL2Metric_toYuleAvg   0.1394
CopheneticL2Metric_toUnifAvg   0.1232

                 Name        Avg  Std        Min        Max  Count
0     MatchingCluster   8.000000  0.0   8.000000   8.000000      1
1         R-F_Cluster   2.000000  0.0   2.000000   2.000000      1
2       NodalSplitted  10.488088  0.0  10.488088  10.488088      1
3             Triples   8.000000  0.0   8.000000   8.000000      1
4        MatchingPair   5.000000  0.0   5.000000   5.000000      1
5                MAST   3.000000  0.0   3.000000   3.000000      1
6  CopheneticL2Metric   4.582576  0.0   4.582576   4.582576      1
