                              metrics
No                             1.0000
RefTree                        1.0000
Tree                           1.0000
RefTree_taxa                  15.0000
Tree_taxa                     15.0000
Common_taxa                   15.0000
MatchingCluster               12.0000
MatchingCluster_toYuleAvg      0.2318
MatchingCluster_toUnifAvg      0.2088
R-F_Cluster                    2.5000
R-F_Cluster_toYuleAvg          0.1961
R-F_Cluster_toUnifAvg          0.1951
NodalSplitted                 13.4907
NodalSplitted_toYuleAvg        0.3563
NodalSplitted_toUnifAvg        0.3068
Triples                        9.0000
Triples_toYuleAvg              0.0298
Triples_toUnifAvg              0.0297
MatchingPair                   9.0000
MatchingPair_toYuleAvg         0.1279
MatchingPair_toUnifAvg         0.1297
MAST                           3.0000
MAST_toYuleAvg                 0.3250
MAST_toUnifAvg                 0.3200
CopheneticL2Metric             6.4031
CopheneticL2Metric_toYuleAvg   0.2137
CopheneticL2Metric_toUnifAvg   0.1891

                 Name        Avg  Std        Min        Max  Count
0     MatchingCluster  12.000000  0.0  12.000000  12.000000      1
1         R-F_Cluster   2.500000  0.0   2.500000   2.500000      1
2       NodalSplitted  13.490738  0.0  13.490738  13.490738      1
3             Triples   9.000000  0.0   9.000000   9.000000      1
4        MatchingPair   9.000000  0.0   9.000000   9.000000      1
5                MAST   3.000000  0.0   3.000000   3.000000      1
6  CopheneticL2Metric   6.403124  0.0   6.403124   6.403124      1
