                              metrics
No                             1.0000
RefTree                        1.0000
Tree                           1.0000
RefTree_taxa                  12.0000
Tree_taxa                     12.0000
Common_taxa                   12.0000
MatchingCluster                8.0000
MatchingCluster_toYuleAvg      0.2253
MatchingCluster_toUnifAvg      0.2116
R-F_Cluster                    2.0000
R-F_Cluster_toYuleAvg          0.2051
R-F_Cluster_toUnifAvg          0.2043
NodalSplitted                 11.3137
NodalSplitted_toYuleAvg        0.4153
NodalSplitted_toUnifAvg        0.3781
Triples                        9.0000
Triples_toYuleAvg              0.0611
Triples_toUnifAvg              0.0613
MatchingPair                   6.0000
MatchingPair_toYuleAvg         0.1418
MatchingPair_toUnifAvg         0.1437
MAST                           2.0000
MAST_toYuleAvg                 0.2902
MAST_toUnifAvg                 0.2874
CopheneticL2Metric             6.6332
CopheneticL2Metric_toYuleAvg   0.3060
CopheneticL2Metric_toUnifAvg   0.2815

                 Name        Avg  Std        Min        Max  Count
0     MatchingCluster   8.000000  0.0   8.000000   8.000000      1
1         R-F_Cluster   2.000000  0.0   2.000000   2.000000      1
2       NodalSplitted  11.313708  0.0  11.313708  11.313708      1
3             Triples   9.000000  0.0   9.000000   9.000000      1
4        MatchingPair   6.000000  0.0   6.000000   6.000000      1
5                MAST   2.000000  0.0   2.000000   2.000000      1
6  CopheneticL2Metric   6.633250  0.0   6.633250   6.633250      1
