                               metrics
No                              1.0000
RefTree                         1.0000
Tree                            1.0000
RefTree_taxa                   19.0000
Tree_taxa                      19.0000
Common_taxa                    19.0000
MatchingCluster                30.0000
MatchingCluster_toYuleAvg       0.3869
MatchingCluster_toUnifAvg       0.3376
R-F_Cluster                     7.5000
R-F_Cluster_toYuleAvg           0.4479
R-F_Cluster_toUnifAvg           0.4456
NodalSplitted                  20.0499
NodalSplitted_toYuleAvg         0.3728
NodalSplitted_toUnifAvg         0.3039
Triples                       276.0000
Triples_toYuleAvg               0.4289
Triples_toUnifAvg               0.4268
MatchingPair                   53.0000
MatchingPair_toYuleAvg          0.4428
MatchingPair_toUnifAvg          0.4500
MAST                            9.0000
MAST_toYuleAvg                  0.7191
MAST_toUnifAvg                  0.7135
CopheneticL2Metric             13.2288
CopheneticL2Metric_toYuleAvg    0.3134
CopheneticL2Metric_toUnifAvg    0.2686

                 Name         Avg  Std         Min         Max  Count
0     MatchingCluster   30.000000  0.0   30.000000   30.000000      1
1         R-F_Cluster    7.500000  0.0    7.500000    7.500000      1
2       NodalSplitted   20.049938  0.0   20.049938   20.049938      1
3             Triples  276.000000  0.0  276.000000  276.000000      1
4        MatchingPair   53.000000  0.0   53.000000   53.000000      1
5                MAST    9.000000  0.0    9.000000    9.000000      1
6  CopheneticL2Metric   13.228757  0.0   13.228757   13.228757      1
