                              metrics
No                             1.0000
RefTree                        1.0000
Tree                           1.0000
RefTree_taxa                  12.0000
Tree_taxa                     12.0000
Common_taxa                   12.0000
MatchingCluster                8.0000
MatchingCluster_toYuleAvg      0.2253
MatchingCluster_toUnifAvg      0.2116
R-F_Cluster                    2.0000
R-F_Cluster_toYuleAvg          0.2051
R-F_Cluster_toUnifAvg          0.2043
NodalSplitted                  8.8318
NodalSplitted_toYuleAvg        0.3242
NodalSplitted_toUnifAvg        0.2952
Triples                        6.0000
Triples_toYuleAvg              0.0408
Triples_toUnifAvg              0.0409
MatchingPair                   5.0000
MatchingPair_toYuleAvg         0.1182
MatchingPair_toUnifAvg         0.1198
MAST                           3.0000
MAST_toYuleAvg                 0.4354
MAST_toUnifAvg                 0.4311
CopheneticL2Metric             4.1231
CopheneticL2Metric_toYuleAvg   0.1902
CopheneticL2Metric_toUnifAvg   0.1750

                 Name       Avg  Std       Min       Max  Count
0     MatchingCluster  8.000000  0.0  8.000000  8.000000      1
1         R-F_Cluster  2.000000  0.0  2.000000  2.000000      1
2       NodalSplitted  8.831761  0.0  8.831761  8.831761      1
3             Triples  6.000000  0.0  6.000000  6.000000      1
4        MatchingPair  5.000000  0.0  5.000000  5.000000      1
5                MAST  3.000000  0.0  3.000000  3.000000      1
6  CopheneticL2Metric  4.123106  0.0  4.123106  4.123106      1
