                              metrics
No                             1.0000
RefTree                        1.0000
Tree                           1.0000
RefTree_taxa                  13.0000
Tree_taxa                     13.0000
Common_taxa                   13.0000
MatchingCluster                7.0000
MatchingCluster_toYuleAvg      0.1714
MatchingCluster_toUnifAvg      0.1587
R-F_Cluster                    2.5000
R-F_Cluster_toYuleAvg          0.2319
R-F_Cluster_toUnifAvg          0.2310
NodalSplitted                  9.8995
NodalSplitted_toYuleAvg        0.3233
NodalSplitted_toUnifAvg        0.2856
Triples                        5.0000
Triples_toYuleAvg              0.0262
Triples_toUnifAvg              0.0262
MatchingPair                   4.0000
MatchingPair_toYuleAvg         0.0785
MatchingPair_toUnifAvg         0.0799
MAST                           3.0000
MAST_toYuleAvg                 0.3898
MAST_toUnifAvg                 0.3863
CopheneticL2Metric             4.0000
CopheneticL2Metric_toYuleAvg   0.1649
CopheneticL2Metric_toUnifAvg   0.1497

                 Name       Avg  Std       Min       Max  Count
0     MatchingCluster  7.000000  0.0  7.000000  7.000000      1
1         R-F_Cluster  2.500000  0.0  2.500000  2.500000      1
2       NodalSplitted  9.899495  0.0  9.899495  9.899495      1
3             Triples  5.000000  0.0  5.000000  5.000000      1
4        MatchingPair  4.000000  0.0  4.000000  4.000000      1
5                MAST  3.000000  0.0  3.000000  3.000000      1
6  CopheneticL2Metric  4.000000  0.0  4.000000  4.000000      1
