                              metrics
No                             1.0000
RefTree                        1.0000
Tree                           1.0000
RefTree_taxa                  19.0000
Tree_taxa                     19.0000
Common_taxa                   19.0000
MatchingCluster               19.0000
MatchingCluster_toYuleAvg      0.2450
MatchingCluster_toUnifAvg      0.2138
R-F_Cluster                    2.5000
R-F_Cluster_toYuleAvg          0.1493
R-F_Cluster_toUnifAvg          0.1485
NodalSplitted                 14.3527
NodalSplitted_toYuleAvg        0.2669
NodalSplitted_toUnifAvg        0.2176
Triples                       70.0000
Triples_toYuleAvg              0.1088
Triples_toUnifAvg              0.1083
MatchingPair                  26.0000
MatchingPair_toYuleAvg         0.2172
MatchingPair_toUnifAvg         0.2207
MAST                           4.0000
MAST_toYuleAvg                 0.3196
MAST_toUnifAvg                 0.3171
CopheneticL2Metric            11.6619
CopheneticL2Metric_toYuleAvg   0.2763
CopheneticL2Metric_toUnifAvg   0.2368

                 Name        Avg  Std        Min        Max  Count
0     MatchingCluster  19.000000  0.0  19.000000  19.000000      1
1         R-F_Cluster   2.500000  0.0   2.500000   2.500000      1
2       NodalSplitted  14.352700  0.0  14.352700  14.352700      1
3             Triples  70.000000  0.0  70.000000  70.000000      1
4        MatchingPair  26.000000  0.0  26.000000  26.000000      1
5                MAST   4.000000  0.0   4.000000   4.000000      1
6  CopheneticL2Metric  11.661904  0.0  11.661904  11.661904      1
