                              metrics
No                             1.0000
RefTree                        1.0000
Tree                           1.0000
RefTree_taxa                  22.0000
Tree_taxa                     22.0000
Common_taxa                   22.0000
MatchingCluster               27.0000
MatchingCluster_toYuleAvg      0.2732
MatchingCluster_toUnifAvg      0.2331
R-F_Cluster                    4.5000
R-F_Cluster_toYuleAvg          0.2276
R-F_Cluster_toUnifAvg          0.2266
NodalSplitted                 21.9317
NodalSplitted_toYuleAvg        0.3292
NodalSplitted_toUnifAvg        0.2578
Triples                       98.0000
Triples_toYuleAvg              0.0955
Triples_toUnifAvg              0.0952
MatchingPair                  39.0000
MatchingPair_toYuleAvg         0.2367
MatchingPair_toUnifAvg         0.2409
MAST                           7.0000
MAST_toYuleAvg                 0.4667
MAST_toUnifAvg                 0.4633
CopheneticL2Metric            15.0665
CopheneticL2Metric_toYuleAvg   0.2964
CopheneticL2Metric_toUnifAvg   0.2401

                 Name        Avg  Std        Min        Max  Count
0     MatchingCluster  27.000000  0.0  27.000000  27.000000      1
1         R-F_Cluster   4.500000  0.0   4.500000   4.500000      1
2       NodalSplitted  21.931712  0.0  21.931712  21.931712      1
3             Triples  98.000000  0.0  98.000000  98.000000      1
4        MatchingPair  39.000000  0.0  39.000000  39.000000      1
5                MAST   7.000000  0.0   7.000000   7.000000      1
6  CopheneticL2Metric  15.066519  0.0  15.066519  15.066519      1
