                              metrics
No                             1.0000
RefTree                        1.0000
Tree                           1.0000
RefTree_taxa                  12.0000
Tree_taxa                     12.0000
Common_taxa                   12.0000
MatchingCluster                9.0000
MatchingCluster_toYuleAvg      0.2535
MatchingCluster_toUnifAvg      0.2380
R-F_Cluster                    2.5000
R-F_Cluster_toYuleAvg          0.2564
R-F_Cluster_toUnifAvg          0.2554
NodalSplitted                  9.9499
NodalSplitted_toYuleAvg        0.3653
NodalSplitted_toUnifAvg        0.3325
Triples                       12.0000
Triples_toYuleAvg              0.0815
Triples_toUnifAvg              0.0818
MatchingPair                   6.0000
MatchingPair_toYuleAvg         0.1418
MatchingPair_toUnifAvg         0.1437
MAST                           2.0000
MAST_toYuleAvg                 0.2902
MAST_toUnifAvg                 0.2874
CopheneticL2Metric             5.7446
CopheneticL2Metric_toYuleAvg   0.2650
CopheneticL2Metric_toUnifAvg   0.2438

                 Name        Avg  Std        Min        Max  Count
0     MatchingCluster   9.000000  0.0   9.000000   9.000000      1
1         R-F_Cluster   2.500000  0.0   2.500000   2.500000      1
2       NodalSplitted   9.949874  0.0   9.949874   9.949874      1
3             Triples  12.000000  0.0  12.000000  12.000000      1
4        MatchingPair   6.000000  0.0   6.000000   6.000000      1
5                MAST   2.000000  0.0   2.000000   2.000000      1
6  CopheneticL2Metric   5.744563  0.0   5.744563   5.744563      1
