                              metrics
No                             1.0000
RefTree                        1.0000
Tree                           1.0000
RefTree_taxa                   9.0000
Tree_taxa                      8.0000
Common_taxa                    8.0000
MatchingCluster               17.0000
MatchingCluster_toYuleAvg      1.0377
MatchingCluster_toUnifAvg      0.9989
R-F_Cluster                    6.0000
R-F_Cluster_toYuleAvg          1.0499
R-F_Cluster_toUnifAvg          1.0411
NodalSplitted                 12.6095
NodalSplitted_toYuleAvg        0.9188
NodalSplitted_toUnifAvg        0.8720
Triples                       38.0000
Triples_toYuleAvg              1.0271
Triples_toUnifAvg              1.0052
MatchingPair                  16.0000
MatchingPair_toYuleAvg         1.0084
MatchingPair_toUnifAvg         1.0048
MAST                           4.0000
MAST_toYuleAvg                 1.0270
MAST_toUnifAvg                 1.0196
CopheneticL2Metric             8.4261
CopheneticL2Metric_toYuleAvg   0.7395
CopheneticL2Metric_toUnifAvg   0.7138

                 Name       Avg  Std       Min       Max  Count
0     MatchingCluster  17.00000  0.0  17.00000  17.00000      1
1         R-F_Cluster   6.00000  0.0   6.00000   6.00000      1
2       NodalSplitted  12.60952  0.0  12.60952  12.60952      1
3             Triples  38.00000  0.0  38.00000  38.00000      1
4        MatchingPair  16.00000  0.0  16.00000  16.00000      1
5                MAST   4.00000  0.0   4.00000   4.00000      1
6  CopheneticL2Metric   8.42615  0.0   8.42615   8.42615      1
