                              metrics
No                             1.0000
RefTree                        1.0000
Tree                           1.0000
RefTree_taxa                  10.0000
Tree_taxa                     10.0000
Common_taxa                   10.0000
MatchingCluster               20.0000
MatchingCluster_toYuleAvg      0.7870
MatchingCluster_toUnifAvg      0.7565
R-F_Cluster                    5.0000
R-F_Cluster_toYuleAvg          0.6460
R-F_Cluster_toUnifAvg          0.6430
NodalSplitted                 14.8997
NodalSplitted_toYuleAvg        0.7358
NodalSplitted_toUnifAvg        0.6923
Triples                       65.0000
Triples_toYuleAvg              0.8109
Triples_toUnifAvg              0.8181
MatchingPair                  20.0000
MatchingPair_toYuleAvg         0.7231
MatchingPair_toUnifAvg         0.7393
MAST                           4.0000
MAST_toYuleAvg                 0.7431
MAST_toUnifAvg                 0.7475
CopheneticL2Metric            13.7477
CopheneticL2Metric_toYuleAvg   0.8395
CopheneticL2Metric_toUnifAvg   0.8007

                 Name        Avg  Std        Min        Max  Count
0     MatchingCluster  20.000000  0.0  20.000000  20.000000      1
1         R-F_Cluster   5.000000  0.0   5.000000   5.000000      1
2       NodalSplitted  14.899664  0.0  14.899664  14.899664      1
3             Triples  65.000000  0.0  65.000000  65.000000      1
4        MatchingPair  20.000000  0.0  20.000000  20.000000      1
5                MAST   4.000000  0.0   4.000000   4.000000      1
6  CopheneticL2Metric  13.747727  0.0  13.747727  13.747727      1
