                              metrics
No                             1.0000
RefTree                        1.0000
Tree                           1.0000
RefTree_taxa                  17.0000
Tree_taxa                     17.0000
Common_taxa                   17.0000
MatchingCluster               21.0000
MatchingCluster_toYuleAvg      0.3249
MatchingCluster_toUnifAvg      0.2889
R-F_Cluster                    6.5000
R-F_Cluster_toYuleAvg          0.4400
R-F_Cluster_toUnifAvg          0.4379
NodalSplitted                 20.0998
NodalSplitted_toYuleAvg        0.4385
NodalSplitted_toUnifAvg        0.3671
Triples                       91.0000
Triples_toYuleAvg              0.2004
Triples_toUnifAvg              0.2001
MatchingPair                  38.0000
MatchingPair_toYuleAvg         0.4067
MatchingPair_toUnifAvg         0.4131
MAST                           7.0000
MAST_toYuleAvg                 0.6437
MAST_toUnifAvg                 0.6394
CopheneticL2Metric             9.7980
CopheneticL2Metric_toYuleAvg   0.2728
CopheneticL2Metric_toUnifAvg   0.2370

                 Name        Avg  Std        Min        Max  Count
0     MatchingCluster  21.000000  0.0  21.000000  21.000000      1
1         R-F_Cluster   6.500000  0.0   6.500000   6.500000      1
2       NodalSplitted  20.099751  0.0  20.099751  20.099751      1
3             Triples  91.000000  0.0  91.000000  91.000000      1
4        MatchingPair  38.000000  0.0  38.000000  38.000000      1
5                MAST   7.000000  0.0   7.000000   7.000000      1
6  CopheneticL2Metric   9.797959  0.0   9.797959   9.797959      1
