                              metrics
No                             1.0000
RefTree                        1.0000
Tree                           1.0000
RefTree_taxa                  20.0000
Tree_taxa                     20.0000
Common_taxa                   20.0000
MatchingCluster               24.0000
MatchingCluster_toYuleAvg      0.2817
MatchingCluster_toUnifAvg      0.2467
R-F_Cluster                    5.0000
R-F_Cluster_toYuleAvg          0.2815
R-F_Cluster_toUnifAvg          0.2802
NodalSplitted                 18.9209
NodalSplitted_toYuleAvg        0.3252
NodalSplitted_toUnifAvg        0.2633
Triples                       49.0000
Triples_toYuleAvg              0.0641
Triples_toUnifAvg              0.0645
MatchingPair                  18.0000
MatchingPair_toYuleAvg         0.1338
MatchingPair_toUnifAvg         0.1368
MAST                           5.0000
MAST_toYuleAvg                 0.3748
MAST_toUnifAvg                 0.3716
CopheneticL2Metric            11.5326
CopheneticL2Metric_toYuleAvg   0.2597
CopheneticL2Metric_toUnifAvg   0.2123

                 Name        Avg  Std        Min        Max  Count
0     MatchingCluster  24.000000  0.0  24.000000  24.000000      1
1         R-F_Cluster   5.000000  0.0   5.000000   5.000000      1
2       NodalSplitted  18.920888  0.0  18.920888  18.920888      1
3             Triples  49.000000  0.0  49.000000  49.000000      1
4        MatchingPair  18.000000  0.0  18.000000  18.000000      1
5                MAST   5.000000  0.0   5.000000   5.000000      1
6  CopheneticL2Metric  11.532563  0.0  11.532563  11.532563      1
