                               metrics
No                              1.0000
RefTree                         1.0000
Tree                            1.0000
RefTree_taxa                   22.0000
Tree_taxa                      22.0000
Common_taxa                    22.0000
MatchingCluster                38.0000
MatchingCluster_toYuleAvg       0.3845
MatchingCluster_toUnifAvg       0.3281
R-F_Cluster                    10.0000
R-F_Cluster_toYuleAvg           0.5058
R-F_Cluster_toUnifAvg           0.5036
NodalSplitted                  25.0200
NodalSplitted_toYuleAvg         0.3756
NodalSplitted_toUnifAvg         0.2941
Triples                       398.0000
Triples_toYuleAvg               0.3879
Triples_toUnifAvg               0.3867
MatchingPair                   74.0000
MatchingPair_toYuleAvg          0.4492
MatchingPair_toUnifAvg          0.4570
MAST                           10.0000
MAST_toYuleAvg                  0.6668
MAST_toUnifAvg                  0.6619
CopheneticL2Metric             16.4621
CopheneticL2Metric_toYuleAvg    0.3239
CopheneticL2Metric_toUnifAvg    0.2623

                 Name         Avg  Std         Min         Max  Count
0     MatchingCluster   38.000000  0.0   38.000000   38.000000      1
1         R-F_Cluster   10.000000  0.0   10.000000   10.000000      1
2       NodalSplitted   25.019992  0.0   25.019992   25.019992      1
3             Triples  398.000000  0.0  398.000000  398.000000      1
4        MatchingPair   74.000000  0.0   74.000000   74.000000      1
5                MAST   10.000000  0.0   10.000000   10.000000      1
6  CopheneticL2Metric   16.462078  0.0   16.462078   16.462078      1
