
                            < M A T L A B (R) >
                  Copyright 1984-2017 The MathWorks, Inc.
                   R2017a (9.2.0.538062) 64-bit (glnxa64)
                             February 23, 2017

 
To get started, type one of these: helpwin, helpdesk, or demo.
For product information, visit www.mathworks.com.
 
Running "Run1", Seed: 136069
Current Simulation Time (Real Clock): 6.7391 (5.4839 sec.)
 *** Finished Simulation Run ***

config-03.json #############################################

[#.........] | Progress: 1 | Time: 0.1s | ETA: --[.#........] | Progress: 2 | Time: 0.1s | ETA: --[..#.......] | Progress: 3 | Time: 0.2s | ETA: --[...#......] | Progress: 4 | Time: 0.3s | ETA: --[....#.....] | Progress: 5 | Time: 0.3s | ETA: --[.....#....] | Progress: 6 | Time: 0.4s | ETA: --[......#...] | Progress: 7 | Time: 0.5s | ETA: --[.......#..] | Progress: 8 | Time: 0.6s | ETA: --[........#.] | Progress: 9 | Time: 0.6s | ETA: --[.........#] | Progress: 10 | Time: 0.7s | ETA: --[........#.] | Progress: 11 | Time: 0.8s | ETA: --[.......#..] | Progress: 12 | Time: 0.8s | ETA: --[......#...] | Progress: 13 | Time: 0.9s | ETA: --[.....#....] | Progress: 14 | Time: 1.0s | ETA: --[....#.....] | Progress: 15 | Time: 1.0s | ETA: --[...#......] | Progress: 16 | Time: 1.1s | ETA: --[..#.......] | Progress: 17 | Time: 1.2s | ETA: --[##########] | Progress: 17 | Time: 1.2s | ETA: --fit<>, fid</home/chun/projects/clineage-simulation/analysis/tmc-136069/tmc-013/case-03/triplets-list.raw.txt>, flg<treeReconstruction.log>, frt<resTree.tree>, frtN</home/chun/projects/clineage-simulation/analysis/tmc-136069/tmc-013/case-03/reconstructed.tmp.newick>, fsd<qqq.dat>, fst<simul.tree>, -->index=2
Read triplets from file...
Read triplets from file...Finished
N_triplets = 17, idMaxFound = 6
treeBuildBasedOnTriplets_run...
make_isTogetherInTripletAndDeleteExtraTriplets: Finished
treeBuildBasedOnTriplets_run...Finished
Saving tree to file...
Saving tree to file...Finished

                            < M A T L A B (R) >
                  Copyright 1984-2017 The MathWorks, Inc.
                   R2017a (9.2.0.538062) 64-bit (glnxa64)
                             February 23, 2017

 
To get started, type one of these: helpwin, helpdesk, or demo.
For product information, visit www.mathworks.com.
 
TreeCmp version build2

Active options:
Type of the analysis:  ref-to-all comparison mode (-r)
Metrics:
  1. MatchingCluster (mc)
  2. R-F_Cluster (rc)
  3. NodalSplitted (ns)
  4. Triples (tt)
  5. MatchingPair (mp)
  6. MAST (mt)
  7. CopheneticL2Metric (co)
Input file: /home/chun/projects/clineage-simulation/analysis/tmc-136069/tmc-013/case-03/reconstructed.newick
Output file: /home/chun/projects/clineage-simulation/analysis/tmc-136069/tmc-013/case-03/scores.raw.out
Additional options:
N - Report normalized distances.
P - Prune compared trees if needed (trees can have different leaf sets).
I - Include summary section in the output file.
-----
2018-06-19 06:55:14: Start of reading random statistics.
2018-06-19 06:55:14: End of reading random statistics.
2018-06-19 06:55:14: Start of scanning input file: /home/chun/projects/clineage-simulation/analysis/tmc-136069/tmc-013/case-03/reconstructed.newick
2018-06-19 06:55:14: End of scanning input file: /home/chun/projects/clineage-simulation/analysis/tmc-136069/tmc-013/case-03/reconstructed.newick
2018-06-19 06:55:14: 1 valid trees found in file: /home/chun/projects/clineage-simulation/analysis/tmc-136069/tmc-013/case-03/reconstructed.newick
2018-06-19 06:55:14: Start of calculation...please wait...
2018-06-19 06:55:14: 0.00% completed...
2018-06-19 06:55:14: 100.00% completed.
2018-06-19 06:55:14: End of calculation.
2018-06-19 06:55:14: Total calculation time: 15 ms.
                              metrics
No                             1.0000
RefTree                        1.0000
Tree                           1.0000
RefTree_taxa                   6.0000
Tree_taxa                      6.0000
Common_taxa                    6.0000
MatchingCluster                2.0000
MatchingCluster_toYuleAvg      0.2211
MatchingCluster_toUnifAvg      0.2184
R-F_Cluster                    0.5000
R-F_Cluster_toYuleAvg          0.1364
R-F_Cluster_toUnifAvg          0.1363
NodalSplitted                  2.8284
NodalSplitted_toYuleAvg        0.3471
NodalSplitted_toUnifAvg        0.3416
Triples                        1.0000
Triples_toYuleAvg              0.0747
Triples_toUnifAvg              0.0740
MatchingPair                   1.0000
MatchingPair_toYuleAvg         0.1329
MatchingPair_toUnifAvg         0.1327
MAST                           1.0000
MAST_toYuleAvg                 0.3984
MAST_toUnifAvg                 0.3978
CopheneticL2Metric             1.7321
CopheneticL2Metric_toYuleAvg   0.2478
CopheneticL2Metric_toUnifAvg   0.2443

                 Name       Avg  Std       Min       Max  Count
0     MatchingCluster  2.000000  0.0  2.000000  2.000000      1
1         R-F_Cluster  0.500000  0.0  0.500000  0.500000      1
2       NodalSplitted  2.828427  0.0  2.828427  2.828427      1
3             Triples  1.000000  0.0  1.000000  1.000000      1
4        MatchingPair  1.000000  0.0  1.000000  1.000000      1
5                MAST  1.000000  0.0  1.000000  1.000000      1
6  CopheneticL2Metric  1.732051  0.0  1.732051  1.732051      1
