                               metrics
No                              1.0000
RefTree                         1.0000
Tree                            1.0000
RefTree_taxa                   22.0000
Tree_taxa                      22.0000
Common_taxa                    22.0000
MatchingCluster                82.0000
MatchingCluster_toYuleAvg       0.8298
MatchingCluster_toUnifAvg       0.7081
R-F_Cluster                    18.0000
R-F_Cluster_toYuleAvg           0.9104
R-F_Cluster_toUnifAvg           0.9064
NodalSplitted                  48.0833
NodalSplitted_toYuleAvg         0.7218
NodalSplitted_toUnifAvg         0.5652
Triples                       954.0000
Triples_toYuleAvg               0.9298
Triples_toUnifAvg               0.9269
MatchingPair                  142.0000
MatchingPair_toYuleAvg          0.8620
MatchingPair_toUnifAvg          0.8769
MAST                           14.0000
MAST_toYuleAvg                  0.9335
MAST_toUnifAvg                  0.9267
CopheneticL2Metric             31.9844
CopheneticL2Metric_toYuleAvg    0.6293
CopheneticL2Metric_toUnifAvg    0.5097

                 Name         Avg  Std         Min         Max  Count
0     MatchingCluster   82.000000  0.0   82.000000   82.000000      1
1         R-F_Cluster   18.000000  0.0   18.000000   18.000000      1
2       NodalSplitted   48.083261  0.0   48.083261   48.083261      1
3             Triples  954.000000  0.0  954.000000  954.000000      1
4        MatchingPair  142.000000  0.0  142.000000  142.000000      1
5                MAST   14.000000  0.0   14.000000   14.000000      1
6  CopheneticL2Metric   31.984371  0.0   31.984371   31.984371      1
