                               metrics
No                              1.0000
RefTree                         1.0000
Tree                            1.0000
RefTree_taxa                   21.0000
Tree_taxa                      21.0000
Common_taxa                    21.0000
MatchingCluster                37.0000
MatchingCluster_toYuleAvg       0.4039
MatchingCluster_toUnifAvg       0.3498
R-F_Cluster                     7.5000
R-F_Cluster_toYuleAvg           0.3996
R-F_Cluster_toUnifAvg           0.3979
NodalSplitted                  36.5513
NodalSplitted_toYuleAvg         0.5936
NodalSplitted_toUnifAvg         0.4696
Triples                       158.0000
Triples_toYuleAvg               0.1779
Triples_toUnifAvg               0.1783
MatchingPair                   39.0000
MatchingPair_toYuleAvg          0.2611
MatchingPair_toUnifAvg          0.2664
MAST                            9.0000
MAST_toYuleAvg                  0.6349
MAST_toUnifAvg                  0.6304
CopheneticL2Metric             21.6333
CopheneticL2Metric_toYuleAvg    0.4547
CopheneticL2Metric_toUnifAvg    0.3745

                 Name         Avg  Std         Min         Max  Count
0     MatchingCluster   37.000000  0.0   37.000000   37.000000      1
1         R-F_Cluster    7.500000  0.0    7.500000    7.500000      1
2       NodalSplitted   36.551334  0.0   36.551334   36.551334      1
3             Triples  158.000000  0.0  158.000000  158.000000      1
4        MatchingPair   39.000000  0.0   39.000000   39.000000      1
5                MAST    9.000000  0.0    9.000000    9.000000      1
6  CopheneticL2Metric   21.633308  0.0   21.633308   21.633308      1
