                               metrics
No                              1.0000
RefTree                         1.0000
Tree                            1.0000
RefTree_taxa                   15.0000
Tree_taxa                      15.0000
Common_taxa                    15.0000
MatchingCluster                29.0000
MatchingCluster_toYuleAvg       0.5603
MatchingCluster_toUnifAvg       0.5047
R-F_Cluster                     5.5000
R-F_Cluster_toYuleAvg           0.4315
R-F_Cluster_toUnifAvg           0.4291
NodalSplitted                  21.4009
NodalSplitted_toYuleAvg         0.5652
NodalSplitted_toUnifAvg         0.4867
Triples                       212.0000
Triples_toYuleAvg               0.7024
Triples_toUnifAvg               0.7003
MatchingPair                   58.0000
MatchingPair_toYuleAvg          0.8246
MatchingPair_toUnifAvg          0.8361
MAST                            7.0000
MAST_toYuleAvg                  0.7582
MAST_toUnifAvg                  0.7467
CopheneticL2Metric             16.0624
CopheneticL2Metric_toYuleAvg    0.5360
CopheneticL2Metric_toUnifAvg    0.4742

                 Name         Avg  Std         Min         Max  Count
0     MatchingCluster   29.000000  0.0   29.000000   29.000000      1
1         R-F_Cluster    5.500000  0.0    5.500000    5.500000      1
2       NodalSplitted   21.400935  0.0   21.400935   21.400935      1
3             Triples  212.000000  0.0  212.000000  212.000000      1
4        MatchingPair   58.000000  0.0   58.000000   58.000000      1
5                MAST    7.000000  0.0    7.000000    7.000000      1
6  CopheneticL2Metric   16.062378  0.0   16.062378   16.062378      1
