                              metrics
No                             1.0000
RefTree                        1.0000
Tree                           1.0000
RefTree_taxa                  15.0000
Tree_taxa                     15.0000
Common_taxa                   15.0000
MatchingCluster                9.0000
MatchingCluster_toYuleAvg      0.1739
MatchingCluster_toUnifAvg      0.1566
R-F_Cluster                    2.0000
R-F_Cluster_toYuleAvg          0.1569
R-F_Cluster_toUnifAvg          0.1560
NodalSplitted                 10.1980
NodalSplitted_toYuleAvg        0.2694
NodalSplitted_toUnifAvg        0.2319
Triples                       12.0000
Triples_toYuleAvg              0.0398
Triples_toUnifAvg              0.0396
MatchingPair                   7.0000
MatchingPair_toYuleAvg         0.0995
MatchingPair_toUnifAvg         0.1009
MAST                           2.0000
MAST_toYuleAvg                 0.2166
MAST_toUnifAvg                 0.2133
CopheneticL2Metric             5.9161
CopheneticL2Metric_toYuleAvg   0.1974
CopheneticL2Metric_toUnifAvg   0.1747

                 Name        Avg  Std        Min        Max  Count
0     MatchingCluster   9.000000  0.0   9.000000   9.000000      1
1         R-F_Cluster   2.000000  0.0   2.000000   2.000000      1
2       NodalSplitted  10.198039  0.0  10.198039  10.198039      1
3             Triples  12.000000  0.0  12.000000  12.000000      1
4        MatchingPair   7.000000  0.0   7.000000   7.000000      1
5                MAST   2.000000  0.0   2.000000   2.000000      1
6  CopheneticL2Metric   5.916080  0.0   5.916080   5.916080      1
