                              metrics
No                             1.0000
RefTree                        1.0000
Tree                           1.0000
RefTree_taxa                  17.0000
Tree_taxa                     17.0000
Common_taxa                   17.0000
MatchingCluster               16.0000
MatchingCluster_toYuleAvg      0.2475
MatchingCluster_toUnifAvg      0.2201
R-F_Cluster                    7.0000
R-F_Cluster_toYuleAvg          0.4739
R-F_Cluster_toUnifAvg          0.4715
NodalSplitted                 14.8324
NodalSplitted_toYuleAvg        0.3236
NodalSplitted_toUnifAvg        0.2709
Triples                       43.0000
Triples_toYuleAvg              0.0947
Triples_toUnifAvg              0.0946
MatchingPair                  22.0000
MatchingPair_toYuleAvg         0.2355
MatchingPair_toUnifAvg         0.2391
MAST                           5.0000
MAST_toYuleAvg                 0.4598
MAST_toUnifAvg                 0.4567
CopheneticL2Metric             7.7460
CopheneticL2Metric_toYuleAvg   0.2157
CopheneticL2Metric_toUnifAvg   0.1874

                 Name        Avg  Std        Min        Max  Count
0     MatchingCluster  16.000000  0.0  16.000000  16.000000      1
1         R-F_Cluster   7.000000  0.0   7.000000   7.000000      1
2       NodalSplitted  14.832397  0.0  14.832397  14.832397      1
3             Triples  43.000000  0.0  43.000000  43.000000      1
4        MatchingPair  22.000000  0.0  22.000000  22.000000      1
5                MAST   5.000000  0.0   5.000000   5.000000      1
6  CopheneticL2Metric   7.745967  0.0   7.745967   7.745967      1
