
                            < M A T L A B (R) >
                  Copyright 1984-2017 The MathWorks, Inc.
                   R2017a (9.2.0.538062) 64-bit (glnxa64)
                             February 23, 2017

 
To get started, type one of these: helpwin, helpdesk, or demo.
For product information, visit www.mathworks.com.
 
Running "Run1", Seed: 875887
 *** Finished Simulation Run ***

config-16.json #############################################

[#.........] | Progress: 1 | Time: 0.0s | ETA: --[.#........] | Progress: 44 | Time: 0.1s | ETA: --[..#.......] | Progress: 87 | Time: 0.1s | ETA: --[...#......] | Progress: 130 | Time: 0.2s | ETA: --[....#.....] | Progress: 170 | Time: 0.2s | ETA: --[.....#....] | Progress: 210 | Time: 0.3s | ETA: --[......#...] | Progress: 256 | Time: 0.3s | ETA: --[.......#..] | Progress: 311 | Time: 0.4s | ETA: --[........#.] | Progress: 369 | Time: 0.4s | ETA: --[.........#] | Progress: 428 | Time: 0.5s | ETA: --[........#.] | Progress: 488 | Time: 0.5s | ETA: --[.......#..] | Progress: 546 | Time: 0.6s | ETA: --[......#...] | Progress: 607 | Time: 0.6s | ETA: --[##########] | Progress: 665 | Time: 0.7s | ETA: --fit<>, fid</home/chun/projects/clineage-simulation/analysis/tmc-002/case-16/triplets-list.raw.txt>, flg<treeReconstruction.log>, frt<resTree.tree>, frtN</home/chun/projects/clineage-simulation/analysis/tmc-002/case-16/reconstructed.tmp.newick>, fsd<qqq.dat>, fst<simul.tree>, -->index=2
Read triplets from file...
Read triplets from file...Finished
N_triplets = 664, idMaxFound = 19
treeBuildBasedOnTriplets_run...
make_isTogetherInTripletAndDeleteExtraTriplets: Finished
maxCut with 19 nodes: Finished
maxCut with 10 nodes: Finished
treeBuildBasedOnTriplets_run...Finished
Saving tree to file...
Saving tree to file...Finished

                            < M A T L A B (R) >
                  Copyright 1984-2017 The MathWorks, Inc.
                   R2017a (9.2.0.538062) 64-bit (glnxa64)
                             February 23, 2017

 
To get started, type one of these: helpwin, helpdesk, or demo.
For product information, visit www.mathworks.com.
 
TreeCmp version build2

Active options:
Type of the analysis:  ref-to-all comparison mode (-r)
Metrics:
  1. MatchingCluster (mc)
  2. R-F_Cluster (rc)
  3. NodalSplitted (ns)
  4. Triples (tt)
  5. MatchingPair (mp)
  6. MAST (mt)
  7. CopheneticL2Metric (co)
Input file: /home/chun/projects/clineage-simulation/analysis/tmc-002/case-16/reconstructed.newick
Output file: /home/chun/projects/clineage-simulation/analysis/tmc-002/case-16/scores.raw.out
Additional options:
N - Report normalized distances.
P - Prune compared trees if needed (trees can have different leaf sets).
I - Include summary section in the output file.
-----
2018-06-18 17:55:24: Start of reading random statistics.
2018-06-18 17:55:24: End of reading random statistics.
2018-06-18 17:55:24: Start of scanning input file: /home/chun/projects/clineage-simulation/analysis/tmc-002/case-16/reconstructed.newick
2018-06-18 17:55:24: End of scanning input file: /home/chun/projects/clineage-simulation/analysis/tmc-002/case-16/reconstructed.newick
2018-06-18 17:55:24: 1 valid trees found in file: /home/chun/projects/clineage-simulation/analysis/tmc-002/case-16/reconstructed.newick
2018-06-18 17:55:24: Start of calculation...please wait...
2018-06-18 17:55:24: 0.00% completed...
2018-06-18 17:55:24: 100.00% completed.
2018-06-18 17:55:24: End of calculation.
2018-06-18 17:55:24: Total calculation time: 22 ms.
                              metrics
No                             1.0000
RefTree                        1.0000
Tree                           1.0000
RefTree_taxa                  19.0000
Tree_taxa                     19.0000
Common_taxa                   19.0000
MatchingCluster                9.0000
MatchingCluster_toYuleAvg      0.1161
MatchingCluster_toUnifAvg      0.1013
R-F_Cluster                    2.0000
R-F_Cluster_toYuleAvg          0.1194
R-F_Cluster_toUnifAvg          0.1188
NodalSplitted                 11.9164
NodalSplitted_toYuleAvg        0.2216
NodalSplitted_toUnifAvg        0.1806
Triples                       34.0000
Triples_toYuleAvg              0.0528
Triples_toUnifAvg              0.0526
MatchingPair                  10.0000
MatchingPair_toYuleAvg         0.0836
MatchingPair_toUnifAvg         0.0849
MAST                           3.0000
MAST_toYuleAvg                 0.2397
MAST_toUnifAvg                 0.2378
CopheneticL2Metric             6.6332
CopheneticL2Metric_toYuleAvg   0.1571
CopheneticL2Metric_toUnifAvg   0.1347

                 Name        Avg  Std        Min        Max  Count
0     MatchingCluster   9.000000  0.0   9.000000   9.000000      1
1         R-F_Cluster   2.000000  0.0   2.000000   2.000000      1
2       NodalSplitted  11.916375  0.0  11.916375  11.916375      1
3             Triples  34.000000  0.0  34.000000  34.000000      1
4        MatchingPair  10.000000  0.0  10.000000  10.000000      1
5                MAST   3.000000  0.0   3.000000   3.000000      1
6  CopheneticL2Metric   6.633250  0.0   6.633250   6.633250      1
