
                            < M A T L A B (R) >
                  Copyright 1984-2017 The MathWorks, Inc.
                   R2017a (9.2.0.538062) 64-bit (glnxa64)
                             February 23, 2017

 
To get started, type one of these: helpwin, helpdesk, or demo.
For product information, visit www.mathworks.com.
 
Running "Run1", Seed: 875887
 *** Finished Simulation Run ***

config-19.json #############################################

[#.........] | Progress: 1 | Time: 0.0s | ETA: --[.#........] | Progress: 60 | Time: 0.1s | ETA: --[..#.......] | Progress: 120 | Time: 0.1s | ETA: --[...#......] | Progress: 180 | Time: 0.2s | ETA: --[....#.....] | Progress: 238 | Time: 0.2s | ETA: --[.....#....] | Progress: 297 | Time: 0.3s | ETA: --[......#...] | Progress: 357 | Time: 0.3s | ETA: --[.......#..] | Progress: 417 | Time: 0.4s | ETA: --[........#.] | Progress: 477 | Time: 0.4s | ETA: --[.........#] | Progress: 537 | Time: 0.5s | ETA: --[........#.] | Progress: 596 | Time: 0.5s | ETA: --[.......#..] | Progress: 655 | Time: 0.6s | ETA: --[......#...] | Progress: 714 | Time: 0.6s | ETA: --[.....#....] | Progress: 773 | Time: 0.7s | ETA: --[....#.....] | Progress: 832 | Time: 0.7s | ETA: --[...#......] | Progress: 891 | Time: 0.8s | ETA: --[..#.......] | Progress: 950 | Time: 0.8s | ETA: --[.#........] | Progress: 1009 | Time: 0.9s | ETA: --[##########] | Progress: 1061 | Time: 0.9s | ETA: --fit<>, fid</home/chun/projects/clineage-simulation/analysis/tmc-002/case-19/triplets-list.raw.txt>, flg<treeReconstruction.log>, frt<resTree.tree>, frtN</home/chun/projects/clineage-simulation/analysis/tmc-002/case-19/reconstructed.tmp.newick>, fsd<qqq.dat>, fst<simul.tree>, -->index=2
Read triplets from file...
Read triplets from file...Finished
N_triplets = 1061, idMaxFound = 22
treeBuildBasedOnTriplets_run...
make_isTogetherInTripletAndDeleteExtraTriplets: Finished
maxCut with 22 nodes: Finished
maxCut with 10 nodes: Finished
maxCut with 8 nodes: Finished
maxCut with 12 nodes: Finished
maxCut with 6 nodes: Finished
maxCut with 4 nodes: Finished
treeBuildBasedOnTriplets_run...Finished
Saving tree to file...
Saving tree to file...Finished

                            < M A T L A B (R) >
                  Copyright 1984-2017 The MathWorks, Inc.
                   R2017a (9.2.0.538062) 64-bit (glnxa64)
                             February 23, 2017

 
To get started, type one of these: helpwin, helpdesk, or demo.
For product information, visit www.mathworks.com.
 
TreeCmp version build2

Active options:
Type of the analysis:  ref-to-all comparison mode (-r)
Metrics:
  1. MatchingCluster (mc)
  2. R-F_Cluster (rc)
  3. NodalSplitted (ns)
  4. Triples (tt)
  5. MatchingPair (mp)
  6. MAST (mt)
  7. CopheneticL2Metric (co)
Input file: /home/chun/projects/clineage-simulation/analysis/tmc-002/case-19/reconstructed.newick
Output file: /home/chun/projects/clineage-simulation/analysis/tmc-002/case-19/scores.raw.out
Additional options:
N - Report normalized distances.
P - Prune compared trees if needed (trees can have different leaf sets).
I - Include summary section in the output file.
-----
2018-06-18 16:36:22: Start of reading random statistics.
2018-06-18 16:36:22: End of reading random statistics.
2018-06-18 16:36:22: Start of scanning input file: /home/chun/projects/clineage-simulation/analysis/tmc-002/case-19/reconstructed.newick
2018-06-18 16:36:22: End of scanning input file: /home/chun/projects/clineage-simulation/analysis/tmc-002/case-19/reconstructed.newick
2018-06-18 16:36:22: 1 valid trees found in file: /home/chun/projects/clineage-simulation/analysis/tmc-002/case-19/reconstructed.newick
2018-06-18 16:36:22: Start of calculation...please wait...
2018-06-18 16:36:22: 0.00% completed...
2018-06-18 16:36:22: 100.00% completed.
2018-06-18 16:36:22: End of calculation.
2018-06-18 16:36:22: Total calculation time: 53 ms.
                              metrics
No                             1.0000
RefTree                        1.0000
Tree                           1.0000
RefTree_taxa                  22.0000
Tree_taxa                     22.0000
Common_taxa                   22.0000
MatchingCluster               18.0000
MatchingCluster_toYuleAvg      0.1821
MatchingCluster_toUnifAvg      0.1554
R-F_Cluster                    4.0000
R-F_Cluster_toYuleAvg          0.2023
R-F_Cluster_toUnifAvg          0.2014
NodalSplitted                 19.0788
NodalSplitted_toYuleAvg        0.2864
NodalSplitted_toUnifAvg        0.2242
Triples                       58.0000
Triples_toYuleAvg              0.0565
Triples_toUnifAvg              0.0564
MatchingPair                  18.0000
MatchingPair_toYuleAvg         0.1093
MatchingPair_toUnifAvg         0.1112
MAST                           5.0000
MAST_toYuleAvg                 0.3334
MAST_toUnifAvg                 0.3310
CopheneticL2Metric             9.3808
CopheneticL2Metric_toYuleAvg   0.1846
CopheneticL2Metric_toUnifAvg   0.1495

                 Name        Avg  Std        Min        Max  Count
0     MatchingCluster  18.000000  0.0  18.000000  18.000000      1
1         R-F_Cluster   4.000000  0.0   4.000000   4.000000      1
2       NodalSplitted  19.078784  0.0  19.078784  19.078784      1
3             Triples  58.000000  0.0  58.000000  58.000000      1
4        MatchingPair  18.000000  0.0  18.000000  18.000000      1
5                MAST   5.000000  0.0   5.000000   5.000000      1
6  CopheneticL2Metric   9.380832  0.0   9.380832   9.380832      1
