
                            < M A T L A B (R) >
                  Copyright 1984-2017 The MathWorks, Inc.
                   R2017a (9.2.0.538062) 64-bit (glnxa64)
                             February 23, 2017

 
To get started, type one of these: helpwin, helpdesk, or demo.
For product information, visit www.mathworks.com.
 
Running "Run1", Seed: 875887
 *** Finished Simulation Run ***

config-18.json #############################################

[#.........] | Progress: 1 | Time: 0.0s | ETA: --[.#........] | Progress: 65 | Time: 0.1s | ETA: --[..#.......] | Progress: 129 | Time: 0.1s | ETA: --[...#......] | Progress: 193 | Time: 0.2s | ETA: --[....#.....] | Progress: 257 | Time: 0.2s | ETA: --[.....#....] | Progress: 322 | Time: 0.3s | ETA: --[......#...] | Progress: 388 | Time: 0.3s | ETA: --[.......#..] | Progress: 454 | Time: 0.4s | ETA: --[........#.] | Progress: 520 | Time: 0.4s | ETA: --[.........#] | Progress: 585 | Time: 0.5s | ETA: --[........#.] | Progress: 650 | Time: 0.5s | ETA: --[.......#..] | Progress: 714 | Time: 0.6s | ETA: --[......#...] | Progress: 778 | Time: 0.6s | ETA: --[.....#....] | Progress: 842 | Time: 0.7s | ETA: --[....#.....] | Progress: 905 | Time: 0.7s | ETA: --[##########] | Progress: 910 | Time: 0.7s | ETA: --fit<>, fid</home/chun/projects/clineage-simulation/analysis/tmc-002/case-18/triplets-list.raw.txt>, flg<treeReconstruction.log>, frt<resTree.tree>, frtN</home/chun/projects/clineage-simulation/analysis/tmc-002/case-18/reconstructed.tmp.newick>, fsd<qqq.dat>, fst<simul.tree>, -->index=2
Read triplets from file...
Read triplets from file...Finished
N_triplets = 910, idMaxFound = 21
treeBuildBasedOnTriplets_run...
make_isTogetherInTripletAndDeleteExtraTriplets: Finished
maxCut with 21 nodes: Finished
maxCut with 11 nodes: Finished
maxCut with 10 nodes: Finished
maxCut with 8 nodes: Finished
maxCut with 5 nodes: Finished
treeBuildBasedOnTriplets_run...Finished
Saving tree to file...
Saving tree to file...Finished

                            < M A T L A B (R) >
                  Copyright 1984-2017 The MathWorks, Inc.
                   R2017a (9.2.0.538062) 64-bit (glnxa64)
                             February 23, 2017

 
To get started, type one of these: helpwin, helpdesk, or demo.
For product information, visit www.mathworks.com.
 
TreeCmp version build2

Active options:
Type of the analysis:  ref-to-all comparison mode (-r)
Metrics:
  1. MatchingCluster (mc)
  2. R-F_Cluster (rc)
  3. NodalSplitted (ns)
  4. Triples (tt)
  5. MatchingPair (mp)
  6. MAST (mt)
  7. CopheneticL2Metric (co)
Input file: /home/chun/projects/clineage-simulation/analysis/tmc-002/case-18/reconstructed.newick
Output file: /home/chun/projects/clineage-simulation/analysis/tmc-002/case-18/scores.raw.out
Additional options:
N - Report normalized distances.
P - Prune compared trees if needed (trees can have different leaf sets).
I - Include summary section in the output file.
-----
2018-06-18 17:55:24: Start of reading random statistics.
2018-06-18 17:55:24: End of reading random statistics.
2018-06-18 17:55:24: Start of scanning input file: /home/chun/projects/clineage-simulation/analysis/tmc-002/case-18/reconstructed.newick
2018-06-18 17:55:24: End of scanning input file: /home/chun/projects/clineage-simulation/analysis/tmc-002/case-18/reconstructed.newick
2018-06-18 17:55:24: 1 valid trees found in file: /home/chun/projects/clineage-simulation/analysis/tmc-002/case-18/reconstructed.newick
2018-06-18 17:55:24: Start of calculation...please wait...
2018-06-18 17:55:24: 0.00% completed...
2018-06-18 17:55:24: 100.00% completed.
2018-06-18 17:55:24: End of calculation.
2018-06-18 17:55:24: Total calculation time: 23 ms.
                              metrics
No                             1.0000
RefTree                        1.0000
Tree                           1.0000
RefTree_taxa                  21.0000
Tree_taxa                     21.0000
Common_taxa                   21.0000
MatchingCluster               15.0000
MatchingCluster_toYuleAvg      0.1638
MatchingCluster_toUnifAvg      0.1418
R-F_Cluster                    3.0000
R-F_Cluster_toYuleAvg          0.1598
R-F_Cluster_toUnifAvg          0.1592
NodalSplitted                 18.3303
NodalSplitted_toYuleAvg        0.2977
NodalSplitted_toUnifAvg        0.2355
Triples                       46.0000
Triples_toYuleAvg              0.0518
Triples_toUnifAvg              0.0519
MatchingPair                  14.0000
MatchingPair_toYuleAvg         0.0937
MatchingPair_toUnifAvg         0.0956
MAST                           5.0000
MAST_toYuleAvg                 0.3527
MAST_toUnifAvg                 0.3502
CopheneticL2Metric             8.6603
CopheneticL2Metric_toYuleAvg   0.1820
CopheneticL2Metric_toUnifAvg   0.1499

                 Name        Avg  Std        Min        Max  Count
0     MatchingCluster  15.000000  0.0  15.000000  15.000000      1
1         R-F_Cluster   3.000000  0.0   3.000000   3.000000      1
2       NodalSplitted  18.330303  0.0  18.330303  18.330303      1
3             Triples  46.000000  0.0  46.000000  46.000000      1
4        MatchingPair  14.000000  0.0  14.000000  14.000000      1
5                MAST   5.000000  0.0   5.000000   5.000000      1
6  CopheneticL2Metric   8.660254  0.0   8.660254   8.660254      1
