
                            < M A T L A B (R) >
                  Copyright 1984-2017 The MathWorks, Inc.
                   R2017a (9.2.0.538062) 64-bit (glnxa64)
                             February 23, 2017

 
To get started, type one of these: helpwin, helpdesk, or demo.
For product information, visit www.mathworks.com.
 
Running "Run1", Seed: 875887
 *** Finished Simulation Run ***

config-16.json #############################################

[#.........] | Progress: 1 | Time: 0.0s | ETA: --[.#........] | Progress: 96 | Time: 0.1s | ETA: --[..#.......] | Progress: 179 | Time: 0.1s | ETA: --[...#......] | Progress: 259 | Time: 0.2s | ETA: --[....#.....] | Progress: 347 | Time: 0.2s | ETA: --[.....#....] | Progress: 444 | Time: 0.3s | ETA: --[......#...] | Progress: 541 | Time: 0.3s | ETA: --[.......#..] | Progress: 639 | Time: 0.4s | ETA: --[##########] | Progress: 656 | Time: 0.4s | ETA: --fit<>, fid</home/chun/projects/clineage-simulation/analysis/tmc/tmc-006/case-16/triplets-list.raw.txt>, flg<treeReconstruction.log>, frt<resTree.tree>, frtN</home/chun/projects/clineage-simulation/analysis/tmc/tmc-006/case-16/reconstructed.tmp.newick>, fsd<qqq.dat>, fst<simul.tree>, -->index=2
Read triplets from file...
Read triplets from file...Finished
N_triplets = 653, idMaxFound = 19
treeBuildBasedOnTriplets_run...
make_isTogetherInTripletAndDeleteExtraTriplets: Finished
maxCut with 19 nodes: Finished
maxCut with 8 nodes: Finished
maxCut with 5 nodes: Finished
maxCut with 11 nodes: Finished
maxCut with 9 nodes: Finished
maxCut with 5 nodes: Finished
treeBuildBasedOnTriplets_run...Finished
Saving tree to file...
Saving tree to file...Finished

                            < M A T L A B (R) >
                  Copyright 1984-2017 The MathWorks, Inc.
                   R2017a (9.2.0.538062) 64-bit (glnxa64)
                             February 23, 2017

 
To get started, type one of these: helpwin, helpdesk, or demo.
For product information, visit www.mathworks.com.
 
TreeCmp version build2

Active options:
Type of the analysis:  ref-to-all comparison mode (-r)
Metrics:
  1. MatchingCluster (mc)
  2. R-F_Cluster (rc)
  3. NodalSplitted (ns)
  4. Triples (tt)
  5. MatchingPair (mp)
  6. MAST (mt)
  7. CopheneticL2Metric (co)
Input file: /home/chun/projects/clineage-simulation/analysis/tmc/tmc-006/case-16/reconstructed.newick
Output file: /home/chun/projects/clineage-simulation/analysis/tmc/tmc-006/case-16/scores.raw.out
Additional options:
N - Report normalized distances.
P - Prune compared trees if needed (trees can have different leaf sets).
I - Include summary section in the output file.
-----
2018-06-18 18:39:11: Start of reading random statistics.
2018-06-18 18:39:11: End of reading random statistics.
2018-06-18 18:39:11: Start of scanning input file: /home/chun/projects/clineage-simulation/analysis/tmc/tmc-006/case-16/reconstructed.newick
2018-06-18 18:39:11: End of scanning input file: /home/chun/projects/clineage-simulation/analysis/tmc/tmc-006/case-16/reconstructed.newick
2018-06-18 18:39:11: 1 valid trees found in file: /home/chun/projects/clineage-simulation/analysis/tmc/tmc-006/case-16/reconstructed.newick
2018-06-18 18:39:11: Start of calculation...please wait...
2018-06-18 18:39:11: 0.00% completed...
2018-06-18 18:39:11: 100.00% completed.
2018-06-18 18:39:11: End of calculation.
2018-06-18 18:39:11: Total calculation time: 22 ms.
                               metrics
No                              1.0000
RefTree                         1.0000
Tree                            1.0000
RefTree_taxa                   19.0000
Tree_taxa                      19.0000
Common_taxa                    19.0000
MatchingCluster                28.0000
MatchingCluster_toYuleAvg       0.3611
MatchingCluster_toUnifAvg       0.3151
R-F_Cluster                     5.0000
R-F_Cluster_toYuleAvg           0.2986
R-F_Cluster_toUnifAvg           0.2970
NodalSplitted                  24.1661
NodalSplitted_toYuleAvg         0.4493
NodalSplitted_toUnifAvg         0.3663
Triples                       183.0000
Triples_toYuleAvg               0.2844
Triples_toUnifAvg               0.2830
MatchingPair                   52.0000
MatchingPair_toYuleAvg          0.4345
MatchingPair_toUnifAvg          0.4415
MAST                            7.0000
MAST_toYuleAvg                  0.5593
MAST_toUnifAvg                  0.5550
CopheneticL2Metric             13.8924
CopheneticL2Metric_toYuleAvg    0.3291
CopheneticL2Metric_toUnifAvg    0.2821

                 Name         Avg  Std         Min         Max  Count
0     MatchingCluster   28.000000  0.0   28.000000   28.000000      1
1         R-F_Cluster    5.000000  0.0    5.000000    5.000000      1
2       NodalSplitted   24.166092  0.0   24.166092   24.166092      1
3             Triples  183.000000  0.0  183.000000  183.000000      1
4        MatchingPair   52.000000  0.0   52.000000   52.000000      1
5                MAST    7.000000  0.0    7.000000    7.000000      1
6  CopheneticL2Metric   13.892444  0.0   13.892444   13.892444      1
