
                            < M A T L A B (R) >
                  Copyright 1984-2017 The MathWorks, Inc.
                   R2017a (9.2.0.538062) 64-bit (glnxa64)
                             February 23, 2017

 
To get started, type one of these: helpwin, helpdesk, or demo.
For product information, visit www.mathworks.com.
 
Running "Run1", Seed: 875887
 *** Finished Simulation Run ***

config-19.json #############################################

[#.........] | Progress: 1 | Time: 0.0s | ETA: --[.#........] | Progress: 99 | Time: 0.1s | ETA: --[..#.......] | Progress: 196 | Time: 0.1s | ETA: --[...#......] | Progress: 293 | Time: 0.2s | ETA: --[....#.....] | Progress: 384 | Time: 0.2s | ETA: --[.....#....] | Progress: 485 | Time: 0.3s | ETA: --[......#...] | Progress: 585 | Time: 0.3s | ETA: --[.......#..] | Progress: 685 | Time: 0.4s | ETA: --[........#.] | Progress: 783 | Time: 0.4s | ETA: --[.........#] | Progress: 882 | Time: 0.5s | ETA: --[........#.] | Progress: 980 | Time: 0.5s | ETA: --[##########] | Progress: 1042 | Time: 0.5s | ETA: --fit<>, fid</home/chun/projects/clineage-simulation/analysis/tmc/tmc-006/case-19/triplets-list.raw.txt>, flg<treeReconstruction.log>, frt<resTree.tree>, frtN</home/chun/projects/clineage-simulation/analysis/tmc/tmc-006/case-19/reconstructed.tmp.newick>, fsd<qqq.dat>, fst<simul.tree>, -->index=2
Read triplets from file...
Read triplets from file...Finished
N_triplets = 1036, idMaxFound = 22
treeBuildBasedOnTriplets_run...
make_isTogetherInTripletAndDeleteExtraTriplets: Finished
maxCut with 22 nodes: Finished
maxCut with 13 nodes: Finished
maxCut with 9 nodes: Finished
maxCut with 5 nodes: Finished
maxCut with 9 nodes: Finished
maxCut with 5 nodes: Finished
treeBuildBasedOnTriplets_run...Finished
Saving tree to file...
Saving tree to file...Finished

                            < M A T L A B (R) >
                  Copyright 1984-2017 The MathWorks, Inc.
                   R2017a (9.2.0.538062) 64-bit (glnxa64)
                             February 23, 2017

 
To get started, type one of these: helpwin, helpdesk, or demo.
For product information, visit www.mathworks.com.
 
TreeCmp version build2

Active options:
Type of the analysis:  ref-to-all comparison mode (-r)
Metrics:
  1. MatchingCluster (mc)
  2. R-F_Cluster (rc)
  3. NodalSplitted (ns)
  4. Triples (tt)
  5. MatchingPair (mp)
  6. MAST (mt)
  7. CopheneticL2Metric (co)
Input file: /home/chun/projects/clineage-simulation/analysis/tmc/tmc-006/case-19/reconstructed.newick
Output file: /home/chun/projects/clineage-simulation/analysis/tmc/tmc-006/case-19/scores.raw.out
Additional options:
N - Report normalized distances.
P - Prune compared trees if needed (trees can have different leaf sets).
I - Include summary section in the output file.
-----
2018-06-18 18:39:09: Start of reading random statistics.
2018-06-18 18:39:09: End of reading random statistics.
2018-06-18 18:39:09: Start of scanning input file: /home/chun/projects/clineage-simulation/analysis/tmc/tmc-006/case-19/reconstructed.newick
2018-06-18 18:39:09: End of scanning input file: /home/chun/projects/clineage-simulation/analysis/tmc/tmc-006/case-19/reconstructed.newick
2018-06-18 18:39:09: 1 valid trees found in file: /home/chun/projects/clineage-simulation/analysis/tmc/tmc-006/case-19/reconstructed.newick
2018-06-18 18:39:09: Start of calculation...please wait...
2018-06-18 18:39:09: 0.00% completed...
2018-06-18 18:39:09: 100.00% completed.
2018-06-18 18:39:09: End of calculation.
2018-06-18 18:39:09: Total calculation time: 28 ms.
                               metrics
No                              1.0000
RefTree                         1.0000
Tree                            1.0000
RefTree_taxa                   22.0000
Tree_taxa                      22.0000
Common_taxa                    22.0000
MatchingCluster                34.0000
MatchingCluster_toYuleAvg       0.3440
MatchingCluster_toUnifAvg       0.2936
R-F_Cluster                     5.0000
R-F_Cluster_toYuleAvg           0.2529
R-F_Cluster_toUnifAvg           0.2518
NodalSplitted                  28.7054
NodalSplitted_toYuleAvg         0.4309
NodalSplitted_toUnifAvg         0.3374
Triples                       369.0000
Triples_toYuleAvg               0.3596
Triples_toUnifAvg               0.3585
MatchingPair                   92.0000
MatchingPair_toYuleAvg          0.5585
MatchingPair_toUnifAvg          0.5682
MAST                           10.0000
MAST_toYuleAvg                  0.6668
MAST_toUnifAvg                  0.6619
CopheneticL2Metric             16.4924
CopheneticL2Metric_toYuleAvg    0.3245
CopheneticL2Metric_toUnifAvg    0.2628

                 Name         Avg  Std         Min         Max  Count
0     MatchingCluster   34.000000  0.0   34.000000   34.000000      1
1         R-F_Cluster    5.000000  0.0    5.000000    5.000000      1
2       NodalSplitted   28.705400  0.0   28.705400   28.705400      1
3             Triples  369.000000  0.0  369.000000  369.000000      1
4        MatchingPair   92.000000  0.0   92.000000   92.000000      1
5                MAST   10.000000  0.0   10.000000   10.000000      1
6  CopheneticL2Metric   16.492423  0.0   16.492423   16.492423      1
