                               metrics
No                              1.0000
RefTree                         1.0000
Tree                            1.0000
RefTree_taxa                   21.0000
Tree_taxa                      21.0000
Common_taxa                    21.0000
MatchingCluster                19.0000
MatchingCluster_toYuleAvg       0.2074
MatchingCluster_toUnifAvg       0.1796
R-F_Cluster                     8.0000
R-F_Cluster_toYuleAvg           0.4262
R-F_Cluster_toUnifAvg           0.4244
NodalSplitted                  18.8149
NodalSplitted_toYuleAvg         0.3056
NodalSplitted_toUnifAvg         0.2417
Triples                       192.0000
Triples_toYuleAvg               0.2162
Triples_toUnifAvg               0.2166
MatchingPair                   61.0000
MatchingPair_toYuleAvg          0.4084
MatchingPair_toUnifAvg          0.4167
MAST                            6.0000
MAST_toYuleAvg                  0.4233
MAST_toUnifAvg                  0.4203
CopheneticL2Metric             12.0416
CopheneticL2Metric_toYuleAvg    0.2531
CopheneticL2Metric_toUnifAvg    0.2084

                 Name         Avg  Std         Min         Max  Count
0     MatchingCluster   19.000000  0.0   19.000000   19.000000      1
1         R-F_Cluster    8.000000  0.0    8.000000    8.000000      1
2       NodalSplitted   18.814888  0.0   18.814888   18.814888      1
3             Triples  192.000000  0.0  192.000000  192.000000      1
4        MatchingPair   61.000000  0.0   61.000000   61.000000      1
5                MAST    6.000000  0.0    6.000000    6.000000      1
6  CopheneticL2Metric   12.041595  0.0   12.041595   12.041595      1
