                               metrics
No                              1.0000
RefTree                         1.0000
Tree                            1.0000
RefTree_taxa                   16.0000
Tree_taxa                      16.0000
Common_taxa                    16.0000
MatchingCluster                24.0000
MatchingCluster_toYuleAvg       0.4107
MatchingCluster_toUnifAvg       0.3717
R-F_Cluster                     6.0000
R-F_Cluster_toYuleAvg           0.4357
R-F_Cluster_toUnifAvg           0.4340
NodalSplitted                  19.0788
NodalSplitted_toYuleAvg         0.4533
NodalSplitted_toUnifAvg         0.3877
Triples                       156.0000
Triples_toYuleAvg               0.4181
Triples_toUnifAvg               0.4192
MatchingPair                   46.0000
MatchingPair_toYuleAvg          0.5633
MatchingPair_toUnifAvg          0.5747
MAST                            7.0000
MAST_toYuleAvg                  0.6955
MAST_toUnifAvg                  0.6913
CopheneticL2Metric             12.6491
CopheneticL2Metric_toYuleAvg    0.3849
CopheneticL2Metric_toUnifAvg    0.3401

                 Name         Avg  Std         Min         Max  Count
0     MatchingCluster   24.000000  0.0   24.000000   24.000000      1
1         R-F_Cluster    6.000000  0.0    6.000000    6.000000      1
2       NodalSplitted   19.078784  0.0   19.078784   19.078784      1
3             Triples  156.000000  0.0  156.000000  156.000000      1
4        MatchingPair   46.000000  0.0   46.000000   46.000000      1
5                MAST    7.000000  0.0    7.000000    7.000000      1
6  CopheneticL2Metric   12.649111  0.0   12.649111   12.649111      1
