                              metrics
No                             1.0000
RefTree                        1.0000
Tree                           1.0000
RefTree_taxa                  13.0000
Tree_taxa                     13.0000
Common_taxa                   13.0000
MatchingCluster                6.0000
MatchingCluster_toYuleAvg      0.1469
MatchingCluster_toUnifAvg      0.1360
R-F_Cluster                    1.5000
R-F_Cluster_toYuleAvg          0.1391
R-F_Cluster_toUnifAvg          0.1386
NodalSplitted                  8.1240
NodalSplitted_toYuleAvg        0.2653
NodalSplitted_toUnifAvg        0.2343
Triples                        4.0000
Triples_toYuleAvg              0.0209
Triples_toUnifAvg              0.0209
MatchingPair                   3.0000
MatchingPair_toYuleAvg         0.0589
MatchingPair_toUnifAvg         0.0599
MAST                           3.0000
MAST_toYuleAvg                 0.3898
MAST_toUnifAvg                 0.3863
CopheneticL2Metric             3.0000
CopheneticL2Metric_toYuleAvg   0.1237
CopheneticL2Metric_toUnifAvg   0.1123

                 Name       Avg  Std       Min       Max  Count
0     MatchingCluster  6.000000  0.0  6.000000  6.000000      1
1         R-F_Cluster  1.500000  0.0  1.500000  1.500000      1
2       NodalSplitted  8.124038  0.0  8.124038  8.124038      1
3             Triples  4.000000  0.0  4.000000  4.000000      1
4        MatchingPair  3.000000  0.0  3.000000  3.000000      1
5                MAST  3.000000  0.0  3.000000  3.000000      1
6  CopheneticL2Metric  3.000000  0.0  3.000000  3.000000      1
