                               metrics
No                              1.0000
RefTree                         1.0000
Tree                            1.0000
RefTree_taxa                   19.0000
Tree_taxa                      19.0000
Common_taxa                    19.0000
MatchingCluster                27.0000
MatchingCluster_toYuleAvg       0.3482
MatchingCluster_toUnifAvg       0.3038
R-F_Cluster                     7.5000
R-F_Cluster_toYuleAvg           0.4479
R-F_Cluster_toUnifAvg           0.4456
NodalSplitted                  23.2379
NodalSplitted_toYuleAvg         0.4321
NodalSplitted_toUnifAvg         0.3522
Triples                       145.0000
Triples_toYuleAvg               0.2253
Triples_toUnifAvg               0.2242
MatchingPair                   42.0000
MatchingPair_toYuleAvg          0.3509
MatchingPair_toUnifAvg          0.3566
MAST                            8.0000
MAST_toYuleAvg                  0.6392
MAST_toUnifAvg                  0.6343
CopheneticL2Metric             10.8628
CopheneticL2Metric_toYuleAvg    0.2573
CopheneticL2Metric_toUnifAvg    0.2206

                 Name        Avg  Std        Min        Max  Count
0     MatchingCluster   27.00000  0.0   27.00000   27.00000      1
1         R-F_Cluster    7.50000  0.0    7.50000    7.50000      1
2       NodalSplitted   23.23790  0.0   23.23790   23.23790      1
3             Triples  145.00000  0.0  145.00000  145.00000      1
4        MatchingPair   42.00000  0.0   42.00000   42.00000      1
5                MAST    8.00000  0.0    8.00000    8.00000      1
6  CopheneticL2Metric   10.86278  0.0   10.86278   10.86278      1
