                              metrics
No                             1.0000
RefTree                        1.0000
Tree                           1.0000
RefTree_taxa                   9.0000
Tree_taxa                      9.0000
Common_taxa                    9.0000
MatchingCluster               10.0000
MatchingCluster_toYuleAvg      0.4866
MatchingCluster_toUnifAvg      0.4686
R-F_Cluster                    2.0000
R-F_Cluster_toYuleAvg          0.3001
R-F_Cluster_toUnifAvg          0.2965
NodalSplitted                  6.6332
NodalSplitted_toYuleAvg        0.3921
NodalSplitted_toUnifAvg        0.3722
Triples                       17.0000
Triples_toYuleAvg              0.3040
Triples_toUnifAvg              0.3058
MatchingPair                   7.0000
MatchingPair_toYuleAvg         0.3302
MatchingPair_toUnifAvg         0.3346
MAST                           3.0000
MAST_toYuleAvg                 0.6542
MAST_toUnifAvg                 0.6438
CopheneticL2Metric             6.7823
CopheneticL2Metric_toYuleAvg   0.4856
CopheneticL2Metric_toUnifAvg   0.4684

                 Name       Avg  Std       Min       Max  Count
0     MatchingCluster  10.00000  0.0  10.00000  10.00000      1
1         R-F_Cluster   2.00000  0.0   2.00000   2.00000      1
2       NodalSplitted   6.63325  0.0   6.63325   6.63325      1
3             Triples  17.00000  0.0  17.00000  17.00000      1
4        MatchingPair   7.00000  0.0   7.00000   7.00000      1
5                MAST   3.00000  0.0   3.00000   3.00000      1
6  CopheneticL2Metric   6.78233  0.0   6.78233   6.78233      1
