                              metrics
No                             1.0000
RefTree                        1.0000
Tree                           1.0000
RefTree_taxa                  23.0000
Tree_taxa                     23.0000
Common_taxa                   23.0000
MatchingCluster               23.0000
MatchingCluster_toYuleAvg      0.2169
MatchingCluster_toUnifAvg      0.1856
R-F_Cluster                    5.0000
R-F_Cluster_toYuleAvg          0.2406
R-F_Cluster_toUnifAvg          0.2402
NodalSplitted                 27.3496
NodalSplitted_toYuleAvg        0.3877
NodalSplitted_toUnifAvg        0.3051
Triples                       41.0000
Triples_toYuleAvg              0.0347
Triples_toUnifAvg              0.0348
MatchingPair                  17.0000
MatchingPair_toYuleAvg         0.0931
MatchingPair_toUnifAvg         0.0952
MAST                           6.0000
MAST_toYuleAvg                 0.3782
MAST_toUnifAvg                 0.3747
CopheneticL2Metric            12.3693
CopheneticL2Metric_toYuleAvg   0.2283
CopheneticL2Metric_toUnifAvg   0.1832

                 Name        Avg  Std        Min        Max  Count
0     MatchingCluster  23.000000  0.0  23.000000  23.000000      1
1         R-F_Cluster   5.000000  0.0   5.000000   5.000000      1
2       NodalSplitted  27.349589  0.0  27.349589  27.349589      1
3             Triples  41.000000  0.0  41.000000  41.000000      1
4        MatchingPair  17.000000  0.0  17.000000  17.000000      1
5                MAST   6.000000  0.0   6.000000   6.000000      1
6  CopheneticL2Metric  12.369317  0.0  12.369317  12.369317      1
