                              metrics
No                             1.0000
RefTree                        1.0000
Tree                           1.0000
RefTree_taxa                  11.0000
Tree_taxa                     11.0000
Common_taxa                   11.0000
MatchingCluster               12.0000
MatchingCluster_toYuleAvg      0.3954
MatchingCluster_toUnifAvg      0.3756
R-F_Cluster                    4.5000
R-F_Cluster_toYuleAvg          0.5152
R-F_Cluster_toUnifAvg          0.5112
NodalSplitted                 13.6382
NodalSplitted_toYuleAvg        0.5746
NodalSplitted_toUnifAvg        0.5320
Triples                       27.0000
Triples_toYuleAvg              0.2457
Triples_toUnifAvg              0.2450
MatchingPair                  12.0000
MatchingPair_toYuleAvg         0.3494
MatchingPair_toUnifAvg         0.3523
MAST                           5.0000
MAST_toYuleAvg                 0.8092
MAST_toUnifAvg                 0.8080
CopheneticL2Metric             7.9373
CopheneticL2Metric_toYuleAvg   0.4164
CopheneticL2Metric_toUnifAvg   0.3860

                 Name        Avg  Std        Min        Max  Count
0     MatchingCluster  12.000000  0.0  12.000000  12.000000      1
1         R-F_Cluster   4.500000  0.0   4.500000   4.500000      1
2       NodalSplitted  13.638182  0.0  13.638182  13.638182      1
3             Triples  27.000000  0.0  27.000000  27.000000      1
4        MatchingPair  12.000000  0.0  12.000000  12.000000      1
5                MAST   5.000000  0.0   5.000000   5.000000      1
6  CopheneticL2Metric   7.937254  0.0   7.937254   7.937254      1
