                              metrics
No                             1.0000
RefTree                        1.0000
Tree                           1.0000
RefTree_taxa                  18.0000
Tree_taxa                     18.0000
Common_taxa                   18.0000
MatchingCluster                6.0000
MatchingCluster_toYuleAvg      0.0845
MatchingCluster_toUnifAvg      0.0746
R-F_Cluster                    1.0000
R-F_Cluster_toYuleAvg          0.0633
R-F_Cluster_toUnifAvg          0.0632
NodalSplitted                  9.0554
NodalSplitted_toYuleAvg        0.1821
NodalSplitted_toUnifAvg        0.1494
Triples                        5.0000
Triples_toYuleAvg              0.0091
Triples_toUnifAvg              0.0092
MatchingPair                   5.0000
MatchingPair_toYuleAvg         0.0470
MatchingPair_toUnifAvg         0.0481
MAST                           1.0000
MAST_toYuleAvg                 0.0852
MAST_toUnifAvg                 0.0850
CopheneticL2Metric             4.6904
CopheneticL2Metric_toYuleAvg   0.1195
CopheneticL2Metric_toUnifAvg   0.1038

                 Name       Avg  Std       Min       Max  Count
0     MatchingCluster  6.000000  0.0  6.000000  6.000000      1
1         R-F_Cluster  1.000000  0.0  1.000000  1.000000      1
2       NodalSplitted  9.055385  0.0  9.055385  9.055385      1
3             Triples  5.000000  0.0  5.000000  5.000000      1
4        MatchingPair  5.000000  0.0  5.000000  5.000000      1
5                MAST  1.000000  0.0  1.000000  1.000000      1
6  CopheneticL2Metric  4.690416  0.0  4.690416  4.690416      1
