                              metrics
No                             1.0000
RefTree                        1.0000
Tree                           1.0000
RefTree_taxa                  22.0000
Tree_taxa                     22.0000
Common_taxa                   22.0000
MatchingCluster                8.0000
MatchingCluster_toYuleAvg      0.0810
MatchingCluster_toUnifAvg      0.0691
R-F_Cluster                    2.0000
R-F_Cluster_toYuleAvg          0.1012
R-F_Cluster_toUnifAvg          0.1007
NodalSplitted                 12.5698
NodalSplitted_toYuleAvg        0.1887
NodalSplitted_toUnifAvg        0.1477
Triples                        8.0000
Triples_toYuleAvg              0.0078
Triples_toUnifAvg              0.0078
MatchingPair                   5.0000
MatchingPair_toYuleAvg         0.0304
MatchingPair_toUnifAvg         0.0309
MAST                           3.0000
MAST_toYuleAvg                 0.2000
MAST_toUnifAvg                 0.1986
CopheneticL2Metric             4.5826
CopheneticL2Metric_toYuleAvg   0.0902
CopheneticL2Metric_toUnifAvg   0.0730

                 Name        Avg  Std        Min        Max  Count
0     MatchingCluster   8.000000  0.0   8.000000   8.000000      1
1         R-F_Cluster   2.000000  0.0   2.000000   2.000000      1
2       NodalSplitted  12.569805  0.0  12.569805  12.569805      1
3             Triples   8.000000  0.0   8.000000   8.000000      1
4        MatchingPair   5.000000  0.0   5.000000   5.000000      1
5                MAST   3.000000  0.0   3.000000   3.000000      1
6  CopheneticL2Metric   4.582576  0.0   4.582576   4.582576      1
