                              metrics
No                             1.0000
RefTree                        1.0000
Tree                           1.0000
RefTree_taxa                   7.0000
Tree_taxa                      6.0000
Common_taxa                    6.0000
MatchingCluster                4.0000
MatchingCluster_toYuleAvg      0.4422
MatchingCluster_toUnifAvg      0.4369
R-F_Cluster                    1.0000
R-F_Cluster_toYuleAvg          0.2727
R-F_Cluster_toUnifAvg          0.2726
NodalSplitted                  4.0000
NodalSplitted_toYuleAvg        0.4908
NodalSplitted_toUnifAvg        0.4831
Triples                        5.0000
Triples_toYuleAvg              0.3737
Triples_toUnifAvg              0.3700
MatchingPair                   2.0000
MatchingPair_toYuleAvg         0.2659
MatchingPair_toUnifAvg         0.2653
MAST                           2.0000
MAST_toYuleAvg                 0.7968
MAST_toUnifAvg                 0.7955
CopheneticL2Metric             2.4495
CopheneticL2Metric_toYuleAvg   0.3504
CopheneticL2Metric_toUnifAvg   0.3456

                 Name      Avg  Std      Min      Max  Count
0     MatchingCluster  4.00000  0.0  4.00000  4.00000      1
1         R-F_Cluster  1.00000  0.0  1.00000  1.00000      1
2       NodalSplitted  4.00000  0.0  4.00000  4.00000      1
3             Triples  5.00000  0.0  5.00000  5.00000      1
4        MatchingPair  2.00000  0.0  2.00000  2.00000      1
5                MAST  2.00000  0.0  2.00000  2.00000      1
6  CopheneticL2Metric  2.44949  0.0  2.44949  2.44949      1
