                               metrics
No                              1.0000
RefTree                         1.0000
Tree                            1.0000
RefTree_taxa                   22.0000
Tree_taxa                      22.0000
Common_taxa                    22.0000
MatchingCluster                48.0000
MatchingCluster_toYuleAvg       0.4857
MatchingCluster_toUnifAvg       0.4145
R-F_Cluster                    11.5000
R-F_Cluster_toYuleAvg           0.5817
R-F_Cluster_toUnifAvg           0.5791
NodalSplitted                  30.3974
NodalSplitted_toYuleAvg         0.4563
NodalSplitted_toUnifAvg         0.3573
Triples                       498.0000
Triples_toYuleAvg               0.4854
Triples_toUnifAvg               0.4839
MatchingPair                  109.0000
MatchingPair_toYuleAvg          0.6617
MatchingPair_toUnifAvg          0.6731
MAST                           13.0000
MAST_toYuleAvg                  0.8668
MAST_toUnifAvg                  0.8605
CopheneticL2Metric             18.0555
CopheneticL2Metric_toYuleAvg    0.3552
CopheneticL2Metric_toUnifAvg    0.2877

                 Name         Avg  Std         Min         Max  Count
0     MatchingCluster   48.000000  0.0   48.000000   48.000000      1
1         R-F_Cluster   11.500000  0.0   11.500000   11.500000      1
2       NodalSplitted   30.397368  0.0   30.397368   30.397368      1
3             Triples  498.000000  0.0  498.000000  498.000000      1
4        MatchingPair  109.000000  0.0  109.000000  109.000000      1
5                MAST   13.000000  0.0   13.000000   13.000000      1
6  CopheneticL2Metric   18.055470  0.0   18.055470   18.055470      1
