                                 metrics
No                                1.0000
RefTree                           1.0000
Tree                              1.0000
RefTree_taxa                    100.0000
Tree_taxa                       100.0000
Common_taxa                     100.0000
MatchingCluster                 715.0000
MatchingCluster_toYuleAvg         0.7665
MatchingCluster_toUnifAvg         0.4813
R-F_Cluster                      87.5000
R-F_Cluster_toYuleAvg             0.8948
R-F_Cluster_toUnifAvg             0.8941
NodalSplitted                   335.9985
NodalSplitted_toYuleAvg           0.7475
NodalSplitted_toUnifAvg           0.3563
Triples                       67358.0000
Triples_toYuleAvg                 0.6245
Triples_toUnifAvg                 0.6247
MatchingPair                   3213.0000
MatchingPair_toYuleAvg            0.7953
MatchingPair_toUnifAvg            0.8123
MAST                             78.0000
MAST_toYuleAvg                    0.9209
MAST_toUnifAvg                    0.9109
CopheneticL2Metric              243.8955
CopheneticL2Metric_toYuleAvg      0.7284
CopheneticL2Metric_toUnifAvg      0.3645

                 Name           Avg  Std           Min           Max  Count
0     MatchingCluster    715.000000  0.0    715.000000    715.000000      1
1         R-F_Cluster     87.500000  0.0     87.500000     87.500000      1
2       NodalSplitted    335.998512  0.0    335.998512    335.998512      1
3             Triples  67358.000000  0.0  67358.000000  67358.000000      1
4        MatchingPair   3213.000000  0.0   3213.000000   3213.000000      1
5                MAST     78.000000  0.0     78.000000     78.000000      1
6  CopheneticL2Metric    243.895469  0.0    243.895469    243.895469      1
