                              metrics
No                             1.0000
RefTree                        1.0000
Tree                           1.0000
RefTree_taxa                  18.0000
Tree_taxa                     18.0000
Common_taxa                   18.0000
MatchingCluster               21.0000
MatchingCluster_toYuleAvg      0.2956
MatchingCluster_toUnifAvg      0.2611
R-F_Cluster                    4.5000
R-F_Cluster_toYuleAvg          0.2851
R-F_Cluster_toUnifAvg          0.2844
NodalSplitted                 22.9565
NodalSplitted_toYuleAvg        0.4618
NodalSplitted_toUnifAvg        0.3787
Triples                       28.0000
Triples_toYuleAvg              0.0512
Triples_toUnifAvg              0.0516
MatchingPair                  16.0000
MatchingPair_toYuleAvg         0.1504
MatchingPair_toUnifAvg         0.1538
MAST                           5.0000
MAST_toYuleAvg                 0.4260
MAST_toUnifAvg                 0.4248
CopheneticL2Metric            11.6619
CopheneticL2Metric_toYuleAvg   0.2972
CopheneticL2Metric_toUnifAvg   0.2580

                 Name        Avg  Std        Min        Max  Count
0     MatchingCluster  21.000000  0.0  21.000000  21.000000      1
1         R-F_Cluster   4.500000  0.0   4.500000   4.500000      1
2       NodalSplitted  22.956481  0.0  22.956481  22.956481      1
3             Triples  28.000000  0.0  28.000000  28.000000      1
4        MatchingPair  16.000000  0.0  16.000000  16.000000      1
5                MAST   5.000000  0.0   5.000000   5.000000      1
6  CopheneticL2Metric  11.661904  0.0  11.661904  11.661904      1
