                              metrics
No                             1.0000
RefTree                        1.0000
Tree                           1.0000
RefTree_taxa                   8.0000
Tree_taxa                      8.0000
Common_taxa                    8.0000
MatchingCluster               11.0000
MatchingCluster_toYuleAvg      0.6715
MatchingCluster_toUnifAvg      0.6464
R-F_Cluster                    3.0000
R-F_Cluster_toYuleAvg          0.5249
R-F_Cluster_toUnifAvg          0.5206
NodalSplitted                  9.9499
NodalSplitted_toYuleAvg        0.7250
NodalSplitted_toUnifAvg        0.6881
Triples                       42.0000
Triples_toYuleAvg              1.1352
Triples_toUnifAvg              1.1110
MatchingPair                   9.0000
MatchingPair_toYuleAvg         0.5673
MatchingPair_toUnifAvg         0.5652
MAST                           4.0000
MAST_toYuleAvg                 1.0270
MAST_toUnifAvg                 1.0196
CopheneticL2Metric             6.2450
CopheneticL2Metric_toYuleAvg   0.5481
CopheneticL2Metric_toUnifAvg   0.5290

                 Name        Avg  Std        Min        Max  Count
0     MatchingCluster  11.000000  0.0  11.000000  11.000000      1
1         R-F_Cluster   3.000000  0.0   3.000000   3.000000      1
2       NodalSplitted   9.949874  0.0   9.949874   9.949874      1
3             Triples  42.000000  0.0  42.000000  42.000000      1
4        MatchingPair   9.000000  0.0   9.000000   9.000000      1
5                MAST   4.000000  0.0   4.000000   4.000000      1
6  CopheneticL2Metric   6.244998  0.0   6.244998   6.244998      1
