                              metrics
No                             1.0000
RefTree                        1.0000
Tree                           1.0000
RefTree_taxa                  22.0000
Tree_taxa                     22.0000
Common_taxa                   22.0000
MatchingCluster               19.0000
MatchingCluster_toYuleAvg      0.1923
MatchingCluster_toUnifAvg      0.1641
R-F_Cluster                    4.0000
R-F_Cluster_toYuleAvg          0.2023
R-F_Cluster_toUnifAvg          0.2014
NodalSplitted                 23.9374
NodalSplitted_toYuleAvg        0.3593
NodalSplitted_toUnifAvg        0.2814
Triples                       29.0000
Triples_toYuleAvg              0.0283
Triples_toUnifAvg              0.0282
MatchingPair                  14.0000
MatchingPair_toYuleAvg         0.0850
MatchingPair_toUnifAvg         0.0865
MAST                           5.0000
MAST_toYuleAvg                 0.3334
MAST_toUnifAvg                 0.3310
CopheneticL2Metric             9.9499
CopheneticL2Metric_toYuleAvg   0.1958
CopheneticL2Metric_toUnifAvg   0.1586

                 Name        Avg  Std        Min        Max  Count
0     MatchingCluster  19.000000  0.0  19.000000  19.000000      1
1         R-F_Cluster   4.000000  0.0   4.000000   4.000000      1
2       NodalSplitted  23.937418  0.0  23.937418  23.937418      1
3             Triples  29.000000  0.0  29.000000  29.000000      1
4        MatchingPair  14.000000  0.0  14.000000  14.000000      1
5                MAST   5.000000  0.0   5.000000   5.000000      1
6  CopheneticL2Metric   9.949874  0.0   9.949874   9.949874      1
