                               metrics
No                              1.0000
RefTree                         1.0000
Tree                            1.0000
RefTree_taxa                   21.0000
Tree_taxa                      21.0000
Common_taxa                    21.0000
MatchingCluster                55.0000
MatchingCluster_toYuleAvg       0.6004
MatchingCluster_toUnifAvg       0.5200
R-F_Cluster                    12.0000
R-F_Cluster_toYuleAvg           0.6393
R-F_Cluster_toUnifAvg           0.6366
NodalSplitted                  36.0278
NodalSplitted_toYuleAvg         0.5851
NodalSplitted_toUnifAvg         0.4629
Triples                       758.0000
Triples_toYuleAvg               0.8536
Triples_toUnifAvg               0.8552
MatchingPair                  121.0000
MatchingPair_toYuleAvg          0.8102
MatchingPair_toUnifAvg          0.8266
MAST                           11.0000
MAST_toYuleAvg                  0.7760
MAST_toUnifAvg                  0.7705
CopheneticL2Metric             23.6432
CopheneticL2Metric_toYuleAvg    0.4969
CopheneticL2Metric_toUnifAvg    0.4093

                 Name         Avg  Std         Min         Max  Count
0     MatchingCluster   55.000000  0.0   55.000000   55.000000      1
1         R-F_Cluster   12.000000  0.0   12.000000   12.000000      1
2       NodalSplitted   36.027767  0.0   36.027767   36.027767      1
3             Triples  758.000000  0.0  758.000000  758.000000      1
4        MatchingPair  121.000000  0.0  121.000000  121.000000      1
5                MAST   11.000000  0.0   11.000000   11.000000      1
6  CopheneticL2Metric   23.643181  0.0   23.643181   23.643181      1
