                              metrics
No                             1.0000
RefTree                        1.0000
Tree                           1.0000
RefTree_taxa                  20.0000
Tree_taxa                     20.0000
Common_taxa                   20.0000
MatchingCluster               15.0000
MatchingCluster_toYuleAvg      0.1761
MatchingCluster_toUnifAvg      0.1542
R-F_Cluster                    3.0000
R-F_Cluster_toYuleAvg          0.1689
R-F_Cluster_toUnifAvg          0.1681
NodalSplitted                 15.3948
NodalSplitted_toYuleAvg        0.2646
NodalSplitted_toUnifAvg        0.2142
Triples                       20.0000
Triples_toYuleAvg              0.0262
Triples_toUnifAvg              0.0263
MatchingPair                  11.0000
MatchingPair_toYuleAvg         0.0818
MatchingPair_toUnifAvg         0.0836
MAST                           3.0000
MAST_toYuleAvg                 0.2249
MAST_toUnifAvg                 0.2230
CopheneticL2Metric             7.5498
CopheneticL2Metric_toYuleAvg   0.1700
CopheneticL2Metric_toUnifAvg   0.1390

                 Name        Avg  Std        Min        Max  Count
0     MatchingCluster  15.000000  0.0  15.000000  15.000000      1
1         R-F_Cluster   3.000000  0.0   3.000000   3.000000      1
2       NodalSplitted  15.394804  0.0  15.394804  15.394804      1
3             Triples  20.000000  0.0  20.000000  20.000000      1
4        MatchingPair  11.000000  0.0  11.000000  11.000000      1
5                MAST   3.000000  0.0   3.000000   3.000000      1
6  CopheneticL2Metric   7.549834  0.0   7.549834   7.549834      1
