                              metrics
No                             1.0000
RefTree                        1.0000
Tree                           1.0000
RefTree_taxa                  11.0000
Tree_taxa                     11.0000
Common_taxa                   11.0000
MatchingCluster                7.0000
MatchingCluster_toYuleAvg      0.2306
MatchingCluster_toUnifAvg      0.2191
R-F_Cluster                    2.0000
R-F_Cluster_toYuleAvg          0.2290
R-F_Cluster_toUnifAvg          0.2272
NodalSplitted                  9.7980
NodalSplitted_toYuleAvg        0.4128
NodalSplitted_toUnifAvg        0.3822
Triples                        5.0000
Triples_toYuleAvg              0.0455
Triples_toUnifAvg              0.0454
MatchingPair                   4.0000
MatchingPair_toYuleAvg         0.1165
MatchingPair_toUnifAvg         0.1174
MAST                           3.0000
MAST_toYuleAvg                 0.4855
MAST_toUnifAvg                 0.4848
CopheneticL2Metric             4.3589
CopheneticL2Metric_toYuleAvg   0.2287
CopheneticL2Metric_toUnifAvg   0.2120

                 Name       Avg  Std       Min       Max  Count
0     MatchingCluster  7.000000  0.0  7.000000  7.000000      1
1         R-F_Cluster  2.000000  0.0  2.000000  2.000000      1
2       NodalSplitted  9.797959  0.0  9.797959  9.797959      1
3             Triples  5.000000  0.0  5.000000  5.000000      1
4        MatchingPair  4.000000  0.0  4.000000  4.000000      1
5                MAST  3.000000  0.0  3.000000  3.000000      1
6  CopheneticL2Metric  4.358899  0.0  4.358899  4.358899      1
