                               metrics
No                              1.0000
RefTree                         1.0000
Tree                            1.0000
RefTree_taxa                   18.0000
Tree_taxa                      18.0000
Common_taxa                    18.0000
MatchingCluster                28.0000
MatchingCluster_toYuleAvg       0.3941
MatchingCluster_toUnifAvg       0.3482
R-F_Cluster                     5.5000
R-F_Cluster_toYuleAvg           0.3484
R-F_Cluster_toUnifAvg           0.3476
NodalSplitted                  27.8568
NodalSplitted_toYuleAvg         0.5603
NodalSplitted_toUnifAvg         0.4596
Triples                       327.0000
Triples_toYuleAvg               0.5981
Triples_toUnifAvg               0.6022
MatchingPair                   57.0000
MatchingPair_toYuleAvg          0.5358
MatchingPair_toUnifAvg          0.5480
MAST                            7.0000
MAST_toYuleAvg                  0.5964
MAST_toUnifAvg                  0.5948
CopheneticL2Metric             21.5407
CopheneticL2Metric_toYuleAvg    0.5490
CopheneticL2Metric_toUnifAvg    0.4766

                 Name         Avg  Std         Min         Max  Count
0     MatchingCluster   28.000000  0.0   28.000000   28.000000      1
1         R-F_Cluster    5.500000  0.0    5.500000    5.500000      1
2       NodalSplitted   27.856777  0.0   27.856777   27.856777      1
3             Triples  327.000000  0.0  327.000000  327.000000      1
4        MatchingPair   57.000000  0.0   57.000000   57.000000      1
5                MAST    7.000000  0.0    7.000000    7.000000      1
6  CopheneticL2Metric   21.540659  0.0   21.540659   21.540659      1
