                               metrics
No                              1.0000
RefTree                         1.0000
Tree                            1.0000
RefTree_taxa                   20.0000
Tree_taxa                      20.0000
Common_taxa                    20.0000
MatchingCluster                59.0000
MatchingCluster_toYuleAvg       0.6926
MatchingCluster_toUnifAvg       0.6065
R-F_Cluster                    13.0000
R-F_Cluster_toYuleAvg           0.7319
R-F_Cluster_toUnifAvg           0.7284
NodalSplitted                  36.5103
NodalSplitted_toYuleAvg         0.6274
NodalSplitted_toUnifAvg         0.5080
Triples                       701.0000
Triples_toYuleAvg               0.9170
Triples_toUnifAvg               0.9229
MatchingPair                  118.0000
MatchingPair_toYuleAvg          0.8771
MatchingPair_toUnifAvg          0.8969
MAST                           11.0000
MAST_toYuleAvg                  0.8245
MAST_toUnifAvg                  0.8176
CopheneticL2Metric             24.2074
CopheneticL2Metric_toYuleAvg    0.5451
CopheneticL2Metric_toUnifAvg    0.4456

                 Name         Avg  Std         Min         Max  Count
0     MatchingCluster   59.000000  0.0   59.000000   59.000000      1
1         R-F_Cluster   13.000000  0.0   13.000000   13.000000      1
2       NodalSplitted   36.510273  0.0   36.510273   36.510273      1
3             Triples  701.000000  0.0  701.000000  701.000000      1
4        MatchingPair  118.000000  0.0  118.000000  118.000000      1
5                MAST   11.000000  0.0   11.000000   11.000000      1
6  CopheneticL2Metric   24.207437  0.0   24.207437   24.207437      1
