                              metrics
No                             1.0000
RefTree                        1.0000
Tree                           1.0000
RefTree_taxa                   5.0000
Tree_taxa                      5.0000
Common_taxa                    5.0000
MatchingCluster                6.0000
MatchingCluster_toYuleAvg      1.0052
MatchingCluster_toUnifAvg      1.0098
R-F_Cluster                    2.0000
R-F_Cluster_toYuleAvg          0.7610
R-F_Cluster_toUnifAvg          0.7553
NodalSplitted                  5.2915
NodalSplitted_toYuleAvg        0.9427
NodalSplitted_toUnifAvg        0.9390
Triples                        7.0000
Triples_toYuleAvg              1.0459
Triples_toUnifAvg              1.0465
MatchingPair                   4.0000
MatchingPair_toYuleAvg         0.8923
MatchingPair_toUnifAvg         0.8897
MAST                           2.0000
MAST_toYuleAvg                 1.1093
MAST_toUnifAvg                 1.0965
CopheneticL2Metric             5.3852
CopheneticL2Metric_toYuleAvg   1.1063
CopheneticL2Metric_toUnifAvg   1.0782

                 Name       Avg  Std       Min       Max  Count
0     MatchingCluster  6.000000  0.0  6.000000  6.000000      1
1         R-F_Cluster  2.000000  0.0  2.000000  2.000000      1
2       NodalSplitted  5.291503  0.0  5.291503  5.291503      1
3             Triples  7.000000  0.0  7.000000  7.000000      1
4        MatchingPair  4.000000  0.0  4.000000  4.000000      1
5                MAST  2.000000  0.0  2.000000  2.000000      1
6  CopheneticL2Metric  5.385165  0.0  5.385165  5.385165      1
