
                            < M A T L A B (R) >
                  Copyright 1984-2017 The MathWorks, Inc.
                   R2017a (9.2.0.538062) 64-bit (glnxa64)
                             February 23, 2017

 
To get started, type one of these: helpwin, helpdesk, or demo.
For product information, visit www.mathworks.com.
 
Running "Run1", Seed: 263803
 *** Finished Simulation Run ***

config-14.json #############################################

[#.........] | Progress: 1 | Time: 0.0s | ETA: --[.#........] | Progress: 218 | Time: 0.1s | ETA: --[..#.......] | Progress: 432 | Time: 0.1s | ETA: --[##########] | Progress: 460 | Time: 0.1s | ETA: --fit<>, fid</home/chun/projects/clineage-simulation/analysis/tmc-263803/tmc-004/case-14/triplets-list.raw.txt>, flg<treeReconstruction.log>, frt<resTree.tree>, frtN</home/chun/projects/clineage-simulation/analysis/tmc-263803/tmc-004/case-14/reconstructed.tmp.newick>, fsd<qqq.dat>, fst<simul.tree>, -->index=2
Read triplets from file...
Read triplets from file...Finished
N_triplets = 439, idMaxFound = 17
treeBuildBasedOnTriplets_run...
make_isTogetherInTripletAndDeleteExtraTriplets: Finished
maxCut with 17 nodes: Finished
maxCut with 5 nodes: Finished
maxCut with 12 nodes: Finished
maxCut with 5 nodes: Finished
maxCut with 7 nodes: Finished
maxCut with 6 nodes: Finished
treeBuildBasedOnTriplets_run...Finished
Saving tree to file...
Saving tree to file...Finished

                            < M A T L A B (R) >
                  Copyright 1984-2017 The MathWorks, Inc.
                   R2017a (9.2.0.538062) 64-bit (glnxa64)
                             February 23, 2017

 
To get started, type one of these: helpwin, helpdesk, or demo.
For product information, visit www.mathworks.com.
 
TreeCmp version build2

Active options:
Type of the analysis:  ref-to-all comparison mode (-r)
Metrics:
  1. MatchingCluster (mc)
  2. R-F_Cluster (rc)
  3. NodalSplitted (ns)
  4. Triples (tt)
  5. MatchingPair (mp)
  6. MAST (mt)
  7. CopheneticL2Metric (co)
Input file: /home/chun/projects/clineage-simulation/analysis/tmc-263803/tmc-004/case-14/reconstructed.newick
Output file: /home/chun/projects/clineage-simulation/analysis/tmc-263803/tmc-004/case-14/scores.raw.out
Additional options:
N - Report normalized distances.
P - Prune compared trees if needed (trees can have different leaf sets).
I - Include summary section in the output file.
-----
2018-06-19 06:29:09: Start of reading random statistics.
2018-06-19 06:29:09: End of reading random statistics.
2018-06-19 06:29:09: Start of scanning input file: /home/chun/projects/clineage-simulation/analysis/tmc-263803/tmc-004/case-14/reconstructed.newick
2018-06-19 06:29:09: End of scanning input file: /home/chun/projects/clineage-simulation/analysis/tmc-263803/tmc-004/case-14/reconstructed.newick
2018-06-19 06:29:09: 1 valid trees found in file: /home/chun/projects/clineage-simulation/analysis/tmc-263803/tmc-004/case-14/reconstructed.newick
2018-06-19 06:29:09: Start of calculation...please wait...
2018-06-19 06:29:09: 0.00% completed...
2018-06-19 06:29:09: 100.00% completed.
2018-06-19 06:29:09: End of calculation.
2018-06-19 06:29:09: Total calculation time: 20 ms.
                               metrics
No                              1.0000
RefTree                         1.0000
Tree                            1.0000
RefTree_taxa                   17.0000
Tree_taxa                      17.0000
Common_taxa                    17.0000
MatchingCluster                29.0000
MatchingCluster_toYuleAvg       0.4487
MatchingCluster_toUnifAvg       0.3989
R-F_Cluster                     5.0000
R-F_Cluster_toYuleAvg           0.3385
R-F_Cluster_toUnifAvg           0.3368
NodalSplitted                  23.4947
NodalSplitted_toYuleAvg         0.5126
NodalSplitted_toUnifAvg         0.4291
Triples                       307.0000
Triples_toYuleAvg               0.6762
Triples_toUnifAvg               0.6750
MatchingPair                   59.0000
MatchingPair_toYuleAvg          0.6315
MatchingPair_toUnifAvg          0.6413
MAST                            8.0000
MAST_toYuleAvg                  0.7357
MAST_toUnifAvg                  0.7307
CopheneticL2Metric             20.9045
CopheneticL2Metric_toYuleAvg    0.5821
CopheneticL2Metric_toUnifAvg    0.5057

                 Name         Avg  Std         Min         Max  Count
0     MatchingCluster   29.000000  0.0   29.000000   29.000000      1
1         R-F_Cluster    5.000000  0.0    5.000000    5.000000      1
2       NodalSplitted   23.494680  0.0   23.494680   23.494680      1
3             Triples  307.000000  0.0  307.000000  307.000000      1
4        MatchingPair   59.000000  0.0   59.000000   59.000000      1
5                MAST    8.000000  0.0    8.000000    8.000000      1
6  CopheneticL2Metric   20.904545  0.0   20.904545   20.904545      1
