
                            < M A T L A B (R) >
                  Copyright 1984-2017 The MathWorks, Inc.
                   R2017a (9.2.0.538062) 64-bit (glnxa64)
                             February 23, 2017

 
To get started, type one of these: helpwin, helpdesk, or demo.
For product information, visit www.mathworks.com.
 
Running "Run1", Seed: 263803
 *** Finished Simulation Run ***

config-12.json #############################################

[#.........] | Progress: 1 | Time: 0.0s | ETA: --[.#........] | Progress: 220 | Time: 0.1s | ETA: --[##########] | Progress: 325 | Time: 0.1s | ETA: --fit<>, fid</home/chun/projects/clineage-simulation/analysis/tmc-263803/tmc-004/case-12/triplets-list.raw.txt>, flg<treeReconstruction.log>, frt<resTree.tree>, frtN</home/chun/projects/clineage-simulation/analysis/tmc-263803/tmc-004/case-12/reconstructed.tmp.newick>, fsd<qqq.dat>, fst<simul.tree>, -->index=2
Read triplets from file...
Read triplets from file...Finished
N_triplets = 304, idMaxFound = 15
treeBuildBasedOnTriplets_run...
make_isTogetherInTripletAndDeleteExtraTriplets: Finished
maxCut with 15 nodes: Finished
maxCut with 5 nodes: Finished
maxCut with 10 nodes: Finished
maxCut with 6 nodes: Finished
treeBuildBasedOnTriplets_run...Finished
Saving tree to file...
Saving tree to file...Finished

                            < M A T L A B (R) >
                  Copyright 1984-2017 The MathWorks, Inc.
                   R2017a (9.2.0.538062) 64-bit (glnxa64)
                             February 23, 2017

 
To get started, type one of these: helpwin, helpdesk, or demo.
For product information, visit www.mathworks.com.
 
TreeCmp version build2

Active options:
Type of the analysis:  ref-to-all comparison mode (-r)
Metrics:
  1. MatchingCluster (mc)
  2. R-F_Cluster (rc)
  3. NodalSplitted (ns)
  4. Triples (tt)
  5. MatchingPair (mp)
  6. MAST (mt)
  7. CopheneticL2Metric (co)
Input file: /home/chun/projects/clineage-simulation/analysis/tmc-263803/tmc-004/case-12/reconstructed.newick
Output file: /home/chun/projects/clineage-simulation/analysis/tmc-263803/tmc-004/case-12/scores.raw.out
Additional options:
N - Report normalized distances.
P - Prune compared trees if needed (trees can have different leaf sets).
I - Include summary section in the output file.
-----
2018-06-19 06:29:07: Start of reading random statistics.
2018-06-19 06:29:07: End of reading random statistics.
2018-06-19 06:29:07: Start of scanning input file: /home/chun/projects/clineage-simulation/analysis/tmc-263803/tmc-004/case-12/reconstructed.newick
2018-06-19 06:29:07: End of scanning input file: /home/chun/projects/clineage-simulation/analysis/tmc-263803/tmc-004/case-12/reconstructed.newick
2018-06-19 06:29:07: 1 valid trees found in file: /home/chun/projects/clineage-simulation/analysis/tmc-263803/tmc-004/case-12/reconstructed.newick
2018-06-19 06:29:07: Start of calculation...please wait...
2018-06-19 06:29:07: 0.00% completed...
2018-06-19 06:29:07: 100.00% completed.
2018-06-19 06:29:07: End of calculation.
2018-06-19 06:29:07: Total calculation time: 20 ms.
                               metrics
No                              1.0000
RefTree                         1.0000
Tree                            1.0000
RefTree_taxa                   15.0000
Tree_taxa                      15.0000
Common_taxa                    15.0000
MatchingCluster                33.0000
MatchingCluster_toYuleAvg       0.6376
MatchingCluster_toUnifAvg       0.5743
R-F_Cluster                     7.0000
R-F_Cluster_toYuleAvg           0.5492
R-F_Cluster_toUnifAvg           0.5461
NodalSplitted                  23.6220
NodalSplitted_toYuleAvg         0.6239
NodalSplitted_toUnifAvg         0.5372
Triples                       220.0000
Triples_toYuleAvg               0.7289
Triples_toUnifAvg               0.7268
MatchingPair                   50.0000
MatchingPair_toYuleAvg          0.7108
MatchingPair_toUnifAvg          0.7208
MAST                            8.0000
MAST_toYuleAvg                  0.8666
MAST_toUnifAvg                  0.8533
CopheneticL2Metric             20.6640
CopheneticL2Metric_toYuleAvg    0.6896
CopheneticL2Metric_toUnifAvg    0.6101

                 Name         Avg  Std         Min         Max  Count
0     MatchingCluster   33.000000  0.0   33.000000   33.000000      1
1         R-F_Cluster    7.000000  0.0    7.000000    7.000000      1
2       NodalSplitted   23.622024  0.0   23.622024   23.622024      1
3             Triples  220.000000  0.0  220.000000  220.000000      1
4        MatchingPair   50.000000  0.0   50.000000   50.000000      1
5                MAST    8.000000  0.0    8.000000    8.000000      1
6  CopheneticL2Metric   20.663978  0.0   20.663978   20.663978      1
