
                            < M A T L A B (R) >
                  Copyright 1984-2017 The MathWorks, Inc.
                   R2017a (9.2.0.538062) 64-bit (glnxa64)
                             February 23, 2017

 
To get started, type one of these: helpwin, helpdesk, or demo.
For product information, visit www.mathworks.com.
 
Running "Run1", Seed: 263803
 *** Finished Simulation Run ***

config-17.json #############################################

[#.........] | Progress: 1 | Time: 0.0s | ETA: --[.#........] | Progress: 222 | Time: 0.1s | ETA: --[..#.......] | Progress: 443 | Time: 0.1s | ETA: --[...#......] | Progress: 659 | Time: 0.2s | ETA: --[##########] | Progress: 774 | Time: 0.2s | ETA: --fit<>, fid</home/chun/projects/clineage-simulation/analysis/tmc-263803/tmc-004/case-17/triplets-list.raw.txt>, flg<treeReconstruction.log>, frt<resTree.tree>, frtN</home/chun/projects/clineage-simulation/analysis/tmc-263803/tmc-004/case-17/reconstructed.tmp.newick>, fsd<qqq.dat>, fst<simul.tree>, -->index=2
Read triplets from file...
Read triplets from file...Finished
N_triplets = 738, idMaxFound = 20
treeBuildBasedOnTriplets_run...
make_isTogetherInTripletAndDeleteExtraTriplets: Finished
maxCut with 20 nodes: Finished
maxCut with 5 nodes: Finished
maxCut with 15 nodes: Finished
maxCut with 7 nodes: Finished
maxCut with 5 nodes: Finished
maxCut with 8 nodes: Finished
treeBuildBasedOnTriplets_run...Finished
Saving tree to file...
Saving tree to file...Finished

                            < M A T L A B (R) >
                  Copyright 1984-2017 The MathWorks, Inc.
                   R2017a (9.2.0.538062) 64-bit (glnxa64)
                             February 23, 2017

 
To get started, type one of these: helpwin, helpdesk, or demo.
For product information, visit www.mathworks.com.
 
TreeCmp version build2

Active options:
Type of the analysis:  ref-to-all comparison mode (-r)
Metrics:
  1. MatchingCluster (mc)
  2. R-F_Cluster (rc)
  3. NodalSplitted (ns)
  4. Triples (tt)
  5. MatchingPair (mp)
  6. MAST (mt)
  7. CopheneticL2Metric (co)
Input file: /home/chun/projects/clineage-simulation/analysis/tmc-263803/tmc-004/case-17/reconstructed.newick
Output file: /home/chun/projects/clineage-simulation/analysis/tmc-263803/tmc-004/case-17/scores.raw.out
Additional options:
N - Report normalized distances.
P - Prune compared trees if needed (trees can have different leaf sets).
I - Include summary section in the output file.
-----
2018-06-19 06:29:08: Start of reading random statistics.
2018-06-19 06:29:08: End of reading random statistics.
2018-06-19 06:29:08: Start of scanning input file: /home/chun/projects/clineage-simulation/analysis/tmc-263803/tmc-004/case-17/reconstructed.newick
2018-06-19 06:29:08: End of scanning input file: /home/chun/projects/clineage-simulation/analysis/tmc-263803/tmc-004/case-17/reconstructed.newick
2018-06-19 06:29:08: 1 valid trees found in file: /home/chun/projects/clineage-simulation/analysis/tmc-263803/tmc-004/case-17/reconstructed.newick
2018-06-19 06:29:08: Start of calculation...please wait...
2018-06-19 06:29:08: 0.00% completed...
2018-06-19 06:29:08: 100.00% completed.
2018-06-19 06:29:08: End of calculation.
2018-06-19 06:29:08: Total calculation time: 24 ms.
                               metrics
No                              1.0000
RefTree                         1.0000
Tree                            1.0000
RefTree_taxa                   20.0000
Tree_taxa                      20.0000
Common_taxa                    20.0000
MatchingCluster                44.0000
MatchingCluster_toYuleAvg       0.5165
MatchingCluster_toUnifAvg       0.4523
R-F_Cluster                     7.5000
R-F_Cluster_toYuleAvg           0.4223
R-F_Cluster_toUnifAvg           0.4202
NodalSplitted                  33.4963
NodalSplitted_toYuleAvg         0.5756
NodalSplitted_toUnifAvg         0.4661
Triples                       515.0000
Triples_toYuleAvg               0.6737
Triples_toUnifAvg               0.6780
MatchingPair                   90.0000
MatchingPair_toYuleAvg          0.6690
MatchingPair_toUnifAvg          0.6841
MAST                           11.0000
MAST_toYuleAvg                  0.8245
MAST_toUnifAvg                  0.8176
CopheneticL2Metric             26.1725
CopheneticL2Metric_toYuleAvg    0.5893
CopheneticL2Metric_toUnifAvg    0.4818

                 Name         Avg  Std         Min         Max  Count
0     MatchingCluster   44.000000  0.0   44.000000   44.000000      1
1         R-F_Cluster    7.500000  0.0    7.500000    7.500000      1
2       NodalSplitted   33.496268  0.0   33.496268   33.496268      1
3             Triples  515.000000  0.0  515.000000  515.000000      1
4        MatchingPair   90.000000  0.0   90.000000   90.000000      1
5                MAST   11.000000  0.0   11.000000   11.000000      1
6  CopheneticL2Metric   26.172505  0.0   26.172505   26.172505      1
