
                            < M A T L A B (R) >
                  Copyright 1984-2017 The MathWorks, Inc.
                   R2017a (9.2.0.538062) 64-bit (glnxa64)
                             February 23, 2017

 
To get started, type one of these: helpwin, helpdesk, or demo.
For product information, visit www.mathworks.com.
 
Running "Run1", Seed: 263803
 *** Finished Simulation Run ***

config-06.json #############################################

[#.........] | Progress: 1 | Time: 0.0s | ETA: --[##########] | Progress: 62 | Time: 0.0s | ETA: --fit<>, fid</home/chun/projects/clineage-simulation/analysis/tmc-263803/tmc-004/case-06/triplets-list.raw.txt>, flg<treeReconstruction.log>, frt<resTree.tree>, frtN</home/chun/projects/clineage-simulation/analysis/tmc-263803/tmc-004/case-06/reconstructed.tmp.newick>, fsd<qqq.dat>, fst<simul.tree>, -->index=2
Read triplets from file...
Read triplets from file...Finished
N_triplets = 59, idMaxFound = 9
treeBuildBasedOnTriplets_run...
make_isTogetherInTripletAndDeleteExtraTriplets: Finished
maxCut with 9 nodes: Finished
maxCut with 5 nodes: Finished
treeBuildBasedOnTriplets_run...Finished
Saving tree to file...
Saving tree to file...Finished

                            < M A T L A B (R) >
                  Copyright 1984-2017 The MathWorks, Inc.
                   R2017a (9.2.0.538062) 64-bit (glnxa64)
                             February 23, 2017

 
To get started, type one of these: helpwin, helpdesk, or demo.
For product information, visit www.mathworks.com.
 
TreeCmp version build2

Active options:
Type of the analysis:  ref-to-all comparison mode (-r)
Metrics:
  1. MatchingCluster (mc)
  2. R-F_Cluster (rc)
  3. NodalSplitted (ns)
  4. Triples (tt)
  5. MatchingPair (mp)
  6. MAST (mt)
  7. CopheneticL2Metric (co)
Input file: /home/chun/projects/clineage-simulation/analysis/tmc-263803/tmc-004/case-06/reconstructed.newick
Output file: /home/chun/projects/clineage-simulation/analysis/tmc-263803/tmc-004/case-06/scores.raw.out
Additional options:
N - Report normalized distances.
P - Prune compared trees if needed (trees can have different leaf sets).
I - Include summary section in the output file.
-----
2018-06-19 06:29:10: Start of reading random statistics.
2018-06-19 06:29:10: End of reading random statistics.
2018-06-19 06:29:10: Start of scanning input file: /home/chun/projects/clineage-simulation/analysis/tmc-263803/tmc-004/case-06/reconstructed.newick
2018-06-19 06:29:10: End of scanning input file: /home/chun/projects/clineage-simulation/analysis/tmc-263803/tmc-004/case-06/reconstructed.newick
2018-06-19 06:29:10: 1 valid trees found in file: /home/chun/projects/clineage-simulation/analysis/tmc-263803/tmc-004/case-06/reconstructed.newick
2018-06-19 06:29:10: Start of calculation...please wait...
2018-06-19 06:29:10: 0.00% completed...
2018-06-19 06:29:11: 100.00% completed.
2018-06-19 06:29:11: End of calculation.
2018-06-19 06:29:11: Total calculation time: 23 ms.
                              metrics
No                             1.0000
RefTree                        1.0000
Tree                           1.0000
RefTree_taxa                   9.0000
Tree_taxa                      9.0000
Common_taxa                    9.0000
MatchingCluster               18.0000
MatchingCluster_toYuleAvg      0.8759
MatchingCluster_toUnifAvg      0.8435
R-F_Cluster                    5.0000
R-F_Cluster_toYuleAvg          0.7502
R-F_Cluster_toUnifAvg          0.7412
NodalSplitted                 11.2250
NodalSplitted_toYuleAvg        0.6635
NodalSplitted_toUnifAvg        0.6298
Triples                       46.0000
Triples_toYuleAvg              0.8226
Triples_toUnifAvg              0.8274
MatchingPair                  23.0000
MatchingPair_toYuleAvg         1.0850
MatchingPair_toUnifAvg         1.0994
MAST                           4.0000
MAST_toYuleAvg                 0.8722
MAST_toUnifAvg                 0.8584
CopheneticL2Metric            11.5758
CopheneticL2Metric_toYuleAvg   0.8288
CopheneticL2Metric_toUnifAvg   0.7994

                 Name        Avg  Std        Min        Max  Count
0     MatchingCluster  18.000000  0.0  18.000000  18.000000      1
1         R-F_Cluster   5.000000  0.0   5.000000   5.000000      1
2       NodalSplitted  11.224972  0.0  11.224972  11.224972      1
3             Triples  46.000000  0.0  46.000000  46.000000      1
4        MatchingPair  23.000000  0.0  23.000000  23.000000      1
5                MAST   4.000000  0.0   4.000000   4.000000      1
6  CopheneticL2Metric  11.575837  0.0  11.575837  11.575837      1
