
                            < M A T L A B (R) >
                  Copyright 1984-2017 The MathWorks, Inc.
                   R2017a (9.2.0.538062) 64-bit (glnxa64)
                             February 23, 2017

 
To get started, type one of these: helpwin, helpdesk, or demo.
For product information, visit www.mathworks.com.
 
Running "Run1", Seed: 263803
 *** Finished Simulation Run ***

config-19.json #############################################

[#.........] | Progress: 1 | Time: 0.0s | ETA: --[.#........] | Progress: 197 | Time: 0.1s | ETA: --[..#.......] | Progress: 394 | Time: 0.1s | ETA: --[...#......] | Progress: 589 | Time: 0.2s | ETA: --[....#.....] | Progress: 782 | Time: 0.2s | ETA: --[.....#....] | Progress: 972 | Time: 0.3s | ETA: --[##########] | Progress: 1067 | Time: 0.3s | ETA: --fit<>, fid</home/chun/projects/clineage-simulation/analysis/tmc-263803/tmc-004/case-19/triplets-list.raw.txt>, flg<treeReconstruction.log>, frt<resTree.tree>, frtN</home/chun/projects/clineage-simulation/analysis/tmc-263803/tmc-004/case-19/reconstructed.tmp.newick>, fsd<qqq.dat>, fst<simul.tree>, -->index=2
Read triplets from file...
Read triplets from file...Finished
N_triplets = 1024, idMaxFound = 22
treeBuildBasedOnTriplets_run...
make_isTogetherInTripletAndDeleteExtraTriplets: Finished
maxCut with 22 nodes: Finished
maxCut with 16 nodes: Finished
maxCut with 7 nodes: Finished
maxCut with 5 nodes: Finished
maxCut with 9 nodes: Finished
maxCut with 5 nodes: Finished
maxCut with 6 nodes: Finished
maxCut with 5 nodes: Finished
treeBuildBasedOnTriplets_run...Finished
Saving tree to file...
Saving tree to file...Finished

                            < M A T L A B (R) >
                  Copyright 1984-2017 The MathWorks, Inc.
                   R2017a (9.2.0.538062) 64-bit (glnxa64)
                             February 23, 2017

 
To get started, type one of these: helpwin, helpdesk, or demo.
For product information, visit www.mathworks.com.
 
TreeCmp version build2

Active options:
Type of the analysis:  ref-to-all comparison mode (-r)
Metrics:
  1. MatchingCluster (mc)
  2. R-F_Cluster (rc)
  3. NodalSplitted (ns)
  4. Triples (tt)
  5. MatchingPair (mp)
  6. MAST (mt)
  7. CopheneticL2Metric (co)
Input file: /home/chun/projects/clineage-simulation/analysis/tmc-263803/tmc-004/case-19/reconstructed.newick
Output file: /home/chun/projects/clineage-simulation/analysis/tmc-263803/tmc-004/case-19/scores.raw.out
Additional options:
N - Report normalized distances.
P - Prune compared trees if needed (trees can have different leaf sets).
I - Include summary section in the output file.
-----
2018-06-19 06:29:13: Start of reading random statistics.
2018-06-19 06:29:13: End of reading random statistics.
2018-06-19 06:29:13: Start of scanning input file: /home/chun/projects/clineage-simulation/analysis/tmc-263803/tmc-004/case-19/reconstructed.newick
2018-06-19 06:29:13: End of scanning input file: /home/chun/projects/clineage-simulation/analysis/tmc-263803/tmc-004/case-19/reconstructed.newick
2018-06-19 06:29:13: 1 valid trees found in file: /home/chun/projects/clineage-simulation/analysis/tmc-263803/tmc-004/case-19/reconstructed.newick
2018-06-19 06:29:13: Start of calculation...please wait...
2018-06-19 06:29:13: 0.00% completed...
2018-06-19 06:29:13: 100.00% completed.
2018-06-19 06:29:13: End of calculation.
2018-06-19 06:29:13: Total calculation time: 31 ms.
                               metrics
No                              1.0000
RefTree                         1.0000
Tree                            1.0000
RefTree_taxa                   22.0000
Tree_taxa                      22.0000
Common_taxa                    22.0000
MatchingCluster                58.0000
MatchingCluster_toYuleAvg       0.5869
MatchingCluster_toUnifAvg       0.5008
R-F_Cluster                    11.0000
R-F_Cluster_toYuleAvg           0.5564
R-F_Cluster_toUnifAvg           0.5539
NodalSplitted                  39.7240
NodalSplitted_toYuleAvg         0.5963
NodalSplitted_toUnifAvg         0.4669
Triples                       683.0000
Triples_toYuleAvg               0.6657
Triples_toUnifAvg               0.6636
MatchingPair                  111.0000
MatchingPair_toYuleAvg          0.6738
MatchingPair_toUnifAvg          0.6855
MAST                           13.0000
MAST_toYuleAvg                  0.8668
MAST_toUnifAvg                  0.8605
CopheneticL2Metric             30.1164
CopheneticL2Metric_toYuleAvg    0.5925
CopheneticL2Metric_toUnifAvg    0.4799

                 Name         Avg  Std         Min         Max  Count
0     MatchingCluster   58.000000  0.0   58.000000   58.000000      1
1         R-F_Cluster   11.000000  0.0   11.000000   11.000000      1
2       NodalSplitted   39.724048  0.0   39.724048   39.724048      1
3             Triples  683.000000  0.0  683.000000  683.000000      1
4        MatchingPair  111.000000  0.0  111.000000  111.000000      1
5                MAST   13.000000  0.0   13.000000   13.000000      1
6  CopheneticL2Metric   30.116441  0.0   30.116441   30.116441      1
