                              metrics
No                             1.0000
RefTree                        1.0000
Tree                           1.0000
RefTree_taxa                  19.0000
Tree_taxa                     19.0000
Common_taxa                   19.0000
MatchingCluster               19.0000
MatchingCluster_toYuleAvg      0.2450
MatchingCluster_toUnifAvg      0.2138
R-F_Cluster                    2.0000
R-F_Cluster_toYuleAvg          0.1194
R-F_Cluster_toUnifAvg          0.1188
NodalSplitted                 10.7703
NodalSplitted_toYuleAvg        0.2002
NodalSplitted_toUnifAvg        0.1633
Triples                       30.0000
Triples_toYuleAvg              0.0466
Triples_toUnifAvg              0.0464
MatchingPair                  16.0000
MatchingPair_toYuleAvg         0.1337
MatchingPair_toUnifAvg         0.1358
MAST                           2.0000
MAST_toYuleAvg                 0.1598
MAST_toUnifAvg                 0.1586
CopheneticL2Metric            12.1655
CopheneticL2Metric_toYuleAvg   0.2882
CopheneticL2Metric_toUnifAvg   0.2470

                 Name        Avg  Std        Min        Max  Count
0     MatchingCluster  19.000000  0.0  19.000000  19.000000      1
1         R-F_Cluster   2.000000  0.0   2.000000   2.000000      1
2       NodalSplitted  10.770330  0.0  10.770330  10.770330      1
3             Triples  30.000000  0.0  30.000000  30.000000      1
4        MatchingPair  16.000000  0.0  16.000000  16.000000      1
5                MAST   2.000000  0.0   2.000000   2.000000      1
6  CopheneticL2Metric  12.165525  0.0  12.165525  12.165525      1
