                              metrics
No                             1.0000
RefTree                        1.0000
Tree                           1.0000
RefTree_taxa                  13.0000
Tree_taxa                     13.0000
Common_taxa                   13.0000
MatchingCluster                3.0000
MatchingCluster_toYuleAvg      0.0735
MatchingCluster_toUnifAvg      0.0680
R-F_Cluster                    1.5000
R-F_Cluster_toYuleAvg          0.1391
R-F_Cluster_toUnifAvg          0.1386
NodalSplitted                  7.3485
NodalSplitted_toYuleAvg        0.2400
NodalSplitted_toUnifAvg        0.2120
Triples                        5.0000
Triples_toYuleAvg              0.0262
Triples_toUnifAvg              0.0262
MatchingPair                   2.0000
MatchingPair_toYuleAvg         0.0393
MatchingPair_toUnifAvg         0.0399
MAST                           1.0000
MAST_toYuleAvg                 0.1299
MAST_toUnifAvg                 0.1288
CopheneticL2Metric             3.1623
CopheneticL2Metric_toYuleAvg   0.1303
CopheneticL2Metric_toUnifAvg   0.1184

                 Name       Avg  Std       Min       Max  Count
0     MatchingCluster  3.000000  0.0  3.000000  3.000000      1
1         R-F_Cluster  1.500000  0.0  1.500000  1.500000      1
2       NodalSplitted  7.348469  0.0  7.348469  7.348469      1
3             Triples  5.000000  0.0  5.000000  5.000000      1
4        MatchingPair  2.000000  0.0  2.000000  2.000000      1
5                MAST  1.000000  0.0  1.000000  1.000000      1
6  CopheneticL2Metric  3.162278  0.0  3.162278  3.162278      1
