                              metrics
No                             1.0000
RefTree                        1.0000
Tree                           1.0000
RefTree_taxa                   9.0000
Tree_taxa                      9.0000
Common_taxa                    9.0000
MatchingCluster               14.0000
MatchingCluster_toYuleAvg      0.6813
MatchingCluster_toUnifAvg      0.6560
R-F_Cluster                    5.5000
R-F_Cluster_toYuleAvg          0.8252
R-F_Cluster_toUnifAvg          0.8153
NodalSplitted                 12.0830
NodalSplitted_toYuleAvg        0.7142
NodalSplitted_toUnifAvg        0.6780
Triples                       50.0000
Triples_toYuleAvg              0.8942
Triples_toUnifAvg              0.8993
MatchingPair                  19.0000
MatchingPair_toYuleAvg         0.8963
MatchingPair_toUnifAvg         0.9082
MAST                           4.0000
MAST_toYuleAvg                 0.8722
MAST_toUnifAvg                 0.8584
CopheneticL2Metric             7.8102
CopheneticL2Metric_toYuleAvg   0.5592
CopheneticL2Metric_toUnifAvg   0.5393

                 Name        Avg  Std        Min        Max  Count
0     MatchingCluster  14.000000  0.0  14.000000  14.000000      1
1         R-F_Cluster   5.500000  0.0   5.500000   5.500000      1
2       NodalSplitted  12.083046  0.0  12.083046  12.083046      1
3             Triples  50.000000  0.0  50.000000  50.000000      1
4        MatchingPair  19.000000  0.0  19.000000  19.000000      1
5                MAST   4.000000  0.0   4.000000   4.000000      1
6  CopheneticL2Metric   7.810250  0.0   7.810250   7.810250      1
