
                            < M A T L A B (R) >
                  Copyright 1984-2017 The MathWorks, Inc.
                   R2017a (9.2.0.538062) 64-bit (glnxa64)
                             February 23, 2017

 
To get started, type one of these: helpwin, helpdesk, or demo.
For product information, visit www.mathworks.com.
 
Running "Run1", Seed: 875887
 *** Finished Simulation Run ***

config-09.json #############################################

[#.........] | Progress: 1 | Time: 0.0s | ETA: --[.#........] | Progress: 77 | Time: 0.1s | ETA: --[##########] | Progress: 160 | Time: 0.1s | ETA: --fit<>, fid</home/chun/projects/clineage-simulation/analysis/tmc-875887/tmc-006/case-09/triplets-list.raw.txt>, flg<treeReconstruction.log>, frt<resTree.tree>, frtN</home/chun/projects/clineage-simulation/analysis/tmc-875887/tmc-006/case-09/reconstructed.tmp.newick>, fsd<qqq.dat>, fst<simul.tree>, -->index=2
Read triplets from file...
Read triplets from file...Finished
N_triplets = 160, idMaxFound = 12
treeBuildBasedOnTriplets_run...
make_isTogetherInTripletAndDeleteExtraTriplets: Finished
maxCut with 12 nodes: Finished
maxCut with 7 nodes: Finished
maxCut with 5 nodes: Finished
maxCut with 4 nodes: Finished
treeBuildBasedOnTriplets_run...Finished
Saving tree to file...
Saving tree to file...Finished

                            < M A T L A B (R) >
                  Copyright 1984-2017 The MathWorks, Inc.
                   R2017a (9.2.0.538062) 64-bit (glnxa64)
                             February 23, 2017

 
To get started, type one of these: helpwin, helpdesk, or demo.
For product information, visit www.mathworks.com.
 
TreeCmp version build2

Active options:
Type of the analysis:  ref-to-all comparison mode (-r)
Metrics:
  1. MatchingCluster (mc)
  2. R-F_Cluster (rc)
  3. NodalSplitted (ns)
  4. Triples (tt)
  5. MatchingPair (mp)
  6. MAST (mt)
  7. CopheneticL2Metric (co)
Input file: /home/chun/projects/clineage-simulation/analysis/tmc-875887/tmc-006/case-09/reconstructed.newick
Output file: /home/chun/projects/clineage-simulation/analysis/tmc-875887/tmc-006/case-09/scores.raw.out
Additional options:
N - Report normalized distances.
P - Prune compared trees if needed (trees can have different leaf sets).
I - Include summary section in the output file.
-----
2018-06-18 21:27:26: Start of reading random statistics.
2018-06-18 21:27:26: End of reading random statistics.
2018-06-18 21:27:26: Start of scanning input file: /home/chun/projects/clineage-simulation/analysis/tmc-875887/tmc-006/case-09/reconstructed.newick
2018-06-18 21:27:26: End of scanning input file: /home/chun/projects/clineage-simulation/analysis/tmc-875887/tmc-006/case-09/reconstructed.newick
2018-06-18 21:27:26: 1 valid trees found in file: /home/chun/projects/clineage-simulation/analysis/tmc-875887/tmc-006/case-09/reconstructed.newick
2018-06-18 21:27:26: Start of calculation...please wait...
2018-06-18 21:27:26: 0.00% completed...
2018-06-18 21:27:26: 100.00% completed.
2018-06-18 21:27:26: End of calculation.
2018-06-18 21:27:26: Total calculation time: 21 ms.
                              metrics
No                             1.0000
RefTree                        1.0000
Tree                           1.0000
RefTree_taxa                  12.0000
Tree_taxa                     12.0000
Common_taxa                   12.0000
MatchingCluster               12.0000
MatchingCluster_toYuleAvg      0.3380
MatchingCluster_toUnifAvg      0.3174
R-F_Cluster                    2.0000
R-F_Cluster_toYuleAvg          0.2051
R-F_Cluster_toUnifAvg          0.2043
NodalSplitted                  9.5917
NodalSplitted_toYuleAvg        0.3521
NodalSplitted_toUnifAvg        0.3206
Triples                       51.0000
Triples_toYuleAvg              0.3465
Triples_toUnifAvg              0.3476
MatchingPair                  21.0000
MatchingPair_toYuleAvg         0.4965
MatchingPair_toUnifAvg         0.5031
MAST                           3.0000
MAST_toYuleAvg                 0.4354
MAST_toUnifAvg                 0.4311
CopheneticL2Metric             7.3485
CopheneticL2Metric_toYuleAvg   0.3390
CopheneticL2Metric_toUnifAvg   0.3119

                 Name        Avg  Std        Min        Max  Count
0     MatchingCluster  12.000000  0.0  12.000000  12.000000      1
1         R-F_Cluster   2.000000  0.0   2.000000   2.000000      1
2       NodalSplitted   9.591663  0.0   9.591663   9.591663      1
3             Triples  51.000000  0.0  51.000000  51.000000      1
4        MatchingPair  21.000000  0.0  21.000000  21.000000      1
5                MAST   3.000000  0.0   3.000000   3.000000      1
6  CopheneticL2Metric   7.348469  0.0   7.348469   7.348469      1
