
                            < M A T L A B (R) >
                  Copyright 1984-2017 The MathWorks, Inc.
                   R2017a (9.2.0.538062) 64-bit (glnxa64)
                             February 23, 2017

 
To get started, type one of these: helpwin, helpdesk, or demo.
For product information, visit www.mathworks.com.
 
Running "Run1", Seed: 875887
 *** Finished Simulation Run ***

config-16.json #############################################

[#.........] | Progress: 1 | Time: 0.0s | ETA: --[.#........] | Progress: 103 | Time: 0.1s | ETA: --[..#.......] | Progress: 205 | Time: 0.1s | ETA: --[...#......] | Progress: 299 | Time: 0.2s | ETA: --[....#.....] | Progress: 400 | Time: 0.2s | ETA: --[.....#....] | Progress: 501 | Time: 0.3s | ETA: --[......#...] | Progress: 602 | Time: 0.3s | ETA: --[##########] | Progress: 648 | Time: 0.3s | ETA: --fit<>, fid</home/chun/projects/clineage-simulation/analysis/tmc-875887/tmc-006/case-16/triplets-list.raw.txt>, flg<treeReconstruction.log>, frt<resTree.tree>, frtN</home/chun/projects/clineage-simulation/analysis/tmc-875887/tmc-006/case-16/reconstructed.tmp.newick>, fsd<qqq.dat>, fst<simul.tree>, -->index=2
Read triplets from file...
Read triplets from file...Finished
N_triplets = 644, idMaxFound = 19
treeBuildBasedOnTriplets_run...
make_isTogetherInTripletAndDeleteExtraTriplets: Finished
maxCut with 19 nodes: Finished
maxCut with 11 nodes: Finished
maxCut with 9 nodes: Finished
maxCut with 5 nodes: Finished
maxCut with 8 nodes: Finished
maxCut with 5 nodes: Finished
treeBuildBasedOnTriplets_run...Finished
Saving tree to file...
Saving tree to file...Finished

                            < M A T L A B (R) >
                  Copyright 1984-2017 The MathWorks, Inc.
                   R2017a (9.2.0.538062) 64-bit (glnxa64)
                             February 23, 2017

 
To get started, type one of these: helpwin, helpdesk, or demo.
For product information, visit www.mathworks.com.
 
TreeCmp version build2

Active options:
Type of the analysis:  ref-to-all comparison mode (-r)
Metrics:
  1. MatchingCluster (mc)
  2. R-F_Cluster (rc)
  3. NodalSplitted (ns)
  4. Triples (tt)
  5. MatchingPair (mp)
  6. MAST (mt)
  7. CopheneticL2Metric (co)
Input file: /home/chun/projects/clineage-simulation/analysis/tmc-875887/tmc-006/case-16/reconstructed.newick
Output file: /home/chun/projects/clineage-simulation/analysis/tmc-875887/tmc-006/case-16/scores.raw.out
Additional options:
N - Report normalized distances.
P - Prune compared trees if needed (trees can have different leaf sets).
I - Include summary section in the output file.
-----
2018-06-18 21:27:25: Start of reading random statistics.
2018-06-18 21:27:25: End of reading random statistics.
2018-06-18 21:27:25: Start of scanning input file: /home/chun/projects/clineage-simulation/analysis/tmc-875887/tmc-006/case-16/reconstructed.newick
2018-06-18 21:27:25: End of scanning input file: /home/chun/projects/clineage-simulation/analysis/tmc-875887/tmc-006/case-16/reconstructed.newick
2018-06-18 21:27:25: 1 valid trees found in file: /home/chun/projects/clineage-simulation/analysis/tmc-875887/tmc-006/case-16/reconstructed.newick
2018-06-18 21:27:25: Start of calculation...please wait...
2018-06-18 21:27:25: 0.00% completed...
2018-06-18 21:27:25: 100.00% completed.
2018-06-18 21:27:25: End of calculation.
2018-06-18 21:27:25: Total calculation time: 22 ms.
                               metrics
No                              1.0000
RefTree                         1.0000
Tree                            1.0000
RefTree_taxa                   19.0000
Tree_taxa                      19.0000
Common_taxa                    19.0000
MatchingCluster                27.0000
MatchingCluster_toYuleAvg       0.3482
MatchingCluster_toUnifAvg       0.3038
R-F_Cluster                     6.0000
R-F_Cluster_toYuleAvg           0.3583
R-F_Cluster_toUnifAvg           0.3564
NodalSplitted                  24.9399
NodalSplitted_toYuleAvg         0.4637
NodalSplitted_toUnifAvg         0.3780
Triples                       185.0000
Triples_toYuleAvg               0.2875
Triples_toUnifAvg               0.2861
MatchingPair                   54.0000
MatchingPair_toYuleAvg          0.4512
MatchingPair_toUnifAvg          0.4585
MAST                            8.0000
MAST_toYuleAvg                  0.6392
MAST_toUnifAvg                  0.6343
CopheneticL2Metric             13.9284
CopheneticL2Metric_toYuleAvg    0.3299
CopheneticL2Metric_toUnifAvg    0.2828

                 Name         Avg  Std         Min         Max  Count
0     MatchingCluster   27.000000  0.0   27.000000   27.000000      1
1         R-F_Cluster    6.000000  0.0    6.000000    6.000000      1
2       NodalSplitted   24.939928  0.0   24.939928   24.939928      1
3             Triples  185.000000  0.0  185.000000  185.000000      1
4        MatchingPair   54.000000  0.0   54.000000   54.000000      1
5                MAST    8.000000  0.0    8.000000    8.000000      1
6  CopheneticL2Metric   13.928388  0.0   13.928388   13.928388      1
