
                            < M A T L A B (R) >
                  Copyright 1984-2017 The MathWorks, Inc.
                   R2017a (9.2.0.538062) 64-bit (glnxa64)
                             February 23, 2017

 
To get started, type one of these: helpwin, helpdesk, or demo.
For product information, visit www.mathworks.com.
 
Running "Run1", Seed: 875887
 *** Finished Simulation Run ***

config-18.json #############################################

[#.........] | Progress: 1 | Time: 0.0s | ETA: --[.#........] | Progress: 102 | Time: 0.1s | ETA: --[..#.......] | Progress: 206 | Time: 0.1s | ETA: --[...#......] | Progress: 311 | Time: 0.2s | ETA: --[....#.....] | Progress: 415 | Time: 0.2s | ETA: --[.....#....] | Progress: 518 | Time: 0.3s | ETA: --[......#...] | Progress: 620 | Time: 0.3s | ETA: --[.......#..] | Progress: 723 | Time: 0.4s | ETA: --[........#.] | Progress: 825 | Time: 0.4s | ETA: --[##########] | Progress: 924 | Time: 0.5s | ETA: --fit<>, fid</home/chun/projects/clineage-simulation/analysis/tmc-875887/tmc-006/case-18/triplets-list.raw.txt>, flg<treeReconstruction.log>, frt<resTree.tree>, frtN</home/chun/projects/clineage-simulation/analysis/tmc-875887/tmc-006/case-18/reconstructed.tmp.newick>, fsd<qqq.dat>, fst<simul.tree>, -->index=2
Read triplets from file...
Read triplets from file...Finished
N_triplets = 919, idMaxFound = 21
treeBuildBasedOnTriplets_run...
make_isTogetherInTripletAndDeleteExtraTriplets: Finished
maxCut with 21 nodes: Finished
maxCut with 12 nodes: Finished
maxCut with 9 nodes: Finished
maxCut with 5 nodes: Finished
maxCut with 9 nodes: Finished
maxCut with 5 nodes: Finished
treeBuildBasedOnTriplets_run...Finished
Saving tree to file...
Saving tree to file...Finished

                            < M A T L A B (R) >
                  Copyright 1984-2017 The MathWorks, Inc.
                   R2017a (9.2.0.538062) 64-bit (glnxa64)
                             February 23, 2017

 
To get started, type one of these: helpwin, helpdesk, or demo.
For product information, visit www.mathworks.com.
 
TreeCmp version build2

Active options:
Type of the analysis:  ref-to-all comparison mode (-r)
Metrics:
  1. MatchingCluster (mc)
  2. R-F_Cluster (rc)
  3. NodalSplitted (ns)
  4. Triples (tt)
  5. MatchingPair (mp)
  6. MAST (mt)
  7. CopheneticL2Metric (co)
Input file: /home/chun/projects/clineage-simulation/analysis/tmc-875887/tmc-006/case-18/reconstructed.newick
Output file: /home/chun/projects/clineage-simulation/analysis/tmc-875887/tmc-006/case-18/scores.raw.out
Additional options:
N - Report normalized distances.
P - Prune compared trees if needed (trees can have different leaf sets).
I - Include summary section in the output file.
-----
2018-06-18 21:27:25: Start of reading random statistics.
2018-06-18 21:27:25: End of reading random statistics.
2018-06-18 21:27:25: Start of scanning input file: /home/chun/projects/clineage-simulation/analysis/tmc-875887/tmc-006/case-18/reconstructed.newick
2018-06-18 21:27:25: End of scanning input file: /home/chun/projects/clineage-simulation/analysis/tmc-875887/tmc-006/case-18/reconstructed.newick
2018-06-18 21:27:25: 1 valid trees found in file: /home/chun/projects/clineage-simulation/analysis/tmc-875887/tmc-006/case-18/reconstructed.newick
2018-06-18 21:27:25: Start of calculation...please wait...
2018-06-18 21:27:25: 0.00% completed...
2018-06-18 21:27:25: 100.00% completed.
2018-06-18 21:27:25: End of calculation.
2018-06-18 21:27:25: Total calculation time: 25 ms.
                               metrics
No                              1.0000
RefTree                         1.0000
Tree                            1.0000
RefTree_taxa                   21.0000
Tree_taxa                      21.0000
Common_taxa                    21.0000
MatchingCluster                33.0000
MatchingCluster_toYuleAvg       0.3603
MatchingCluster_toUnifAvg       0.3120
R-F_Cluster                     7.5000
R-F_Cluster_toYuleAvg           0.3996
R-F_Cluster_toUnifAvg           0.3979
NodalSplitted                  26.6833
NodalSplitted_toYuleAvg         0.4334
NodalSplitted_toUnifAvg         0.3428
Triples                       289.0000
Triples_toYuleAvg               0.3255
Triples_toUnifAvg               0.3261
MatchingPair                   76.0000
MatchingPair_toYuleAvg          0.5089
MatchingPair_toUnifAvg          0.5192
MAST                            8.0000
MAST_toYuleAvg                  0.5644
MAST_toUnifAvg                  0.5604
CopheneticL2Metric             15.8114
CopheneticL2Metric_toYuleAvg    0.3323
CopheneticL2Metric_toUnifAvg    0.2737

                 Name         Avg  Std         Min         Max  Count
0     MatchingCluster   33.000000  0.0   33.000000   33.000000      1
1         R-F_Cluster    7.500000  0.0    7.500000    7.500000      1
2       NodalSplitted   26.683328  0.0   26.683328   26.683328      1
3             Triples  289.000000  0.0  289.000000  289.000000      1
4        MatchingPair   76.000000  0.0   76.000000   76.000000      1
5                MAST    8.000000  0.0    8.000000    8.000000      1
6  CopheneticL2Metric   15.811388  0.0   15.811388   15.811388      1
