
                            < M A T L A B (R) >
                  Copyright 1984-2017 The MathWorks, Inc.
                   R2017a (9.2.0.538062) 64-bit (glnxa64)
                             February 23, 2017

 
To get started, type one of these: helpwin, helpdesk, or demo.
For product information, visit www.mathworks.com.
 
Running "Run1", Seed: 875887
 *** Finished Simulation Run ***

config-11.json #############################################

[#.........] | Progress: 1 | Time: 0.0s | ETA: --[.#........] | Progress: 103 | Time: 0.1s | ETA: --[..#.......] | Progress: 206 | Time: 0.1s | ETA: --[##########] | Progress: 256 | Time: 0.1s | ETA: --fit<>, fid</home/chun/projects/clineage-simulation/analysis/tmc-875887/tmc-006/case-11/triplets-list.raw.txt>, flg<treeReconstruction.log>, frt<resTree.tree>, frtN</home/chun/projects/clineage-simulation/analysis/tmc-875887/tmc-006/case-11/reconstructed.tmp.newick>, fsd<qqq.dat>, fst<simul.tree>, -->index=2
Read triplets from file...
Read triplets from file...Finished
N_triplets = 256, idMaxFound = 14
treeBuildBasedOnTriplets_run...
make_isTogetherInTripletAndDeleteExtraTriplets: Finished
maxCut with 14 nodes: Finished
maxCut with 8 nodes: Finished
maxCut with 6 nodes: Finished
maxCut with 6 nodes: Finished
maxCut with 5 nodes: Finished
treeBuildBasedOnTriplets_run...Finished
Saving tree to file...
Saving tree to file...Finished

                            < M A T L A B (R) >
                  Copyright 1984-2017 The MathWorks, Inc.
                   R2017a (9.2.0.538062) 64-bit (glnxa64)
                             February 23, 2017

 
To get started, type one of these: helpwin, helpdesk, or demo.
For product information, visit www.mathworks.com.
 
TreeCmp version build2

Active options:
Type of the analysis:  ref-to-all comparison mode (-r)
Metrics:
  1. MatchingCluster (mc)
  2. R-F_Cluster (rc)
  3. NodalSplitted (ns)
  4. Triples (tt)
  5. MatchingPair (mp)
  6. MAST (mt)
  7. CopheneticL2Metric (co)
Input file: /home/chun/projects/clineage-simulation/analysis/tmc-875887/tmc-006/case-11/reconstructed.newick
Output file: /home/chun/projects/clineage-simulation/analysis/tmc-875887/tmc-006/case-11/scores.raw.out
Additional options:
N - Report normalized distances.
P - Prune compared trees if needed (trees can have different leaf sets).
I - Include summary section in the output file.
-----
2018-06-18 21:27:27: Start of reading random statistics.
2018-06-18 21:27:28: End of reading random statistics.
2018-06-18 21:27:28: Start of scanning input file: /home/chun/projects/clineage-simulation/analysis/tmc-875887/tmc-006/case-11/reconstructed.newick
2018-06-18 21:27:28: End of scanning input file: /home/chun/projects/clineage-simulation/analysis/tmc-875887/tmc-006/case-11/reconstructed.newick
2018-06-18 21:27:28: 1 valid trees found in file: /home/chun/projects/clineage-simulation/analysis/tmc-875887/tmc-006/case-11/reconstructed.newick
2018-06-18 21:27:28: Start of calculation...please wait...
2018-06-18 21:27:28: 0.00% completed...
2018-06-18 21:27:28: 100.00% completed.
2018-06-18 21:27:28: End of calculation.
2018-06-18 21:27:28: Total calculation time: 19 ms.
                              metrics
No                             1.0000
RefTree                        1.0000
Tree                           1.0000
RefTree_taxa                  14.0000
Tree_taxa                     14.0000
Common_taxa                   14.0000
MatchingCluster               15.0000
MatchingCluster_toYuleAvg      0.3211
MatchingCluster_toUnifAvg      0.2973
R-F_Cluster                    2.0000
R-F_Cluster_toYuleAvg          0.1698
R-F_Cluster_toUnifAvg          0.1693
NodalSplitted                 12.0416
NodalSplitted_toYuleAvg        0.3466
NodalSplitted_toUnifAvg        0.3084
Triples                       76.0000
Triples_toYuleAvg              0.3128
Triples_toUnifAvg              0.3135
MatchingPair                  26.0000
MatchingPair_toYuleAvg         0.4324
MatchingPair_toUnifAvg         0.4402
MAST                           3.0000
MAST_toYuleAvg                 0.3536
MAST_toUnifAvg                 0.3502
CopheneticL2Metric             9.1652
CopheneticL2Metric_toYuleAvg   0.3348
CopheneticL2Metric_toUnifAvg   0.3004

                 Name        Avg  Std        Min        Max  Count
0     MatchingCluster  15.000000  0.0  15.000000  15.000000      1
1         R-F_Cluster   2.000000  0.0   2.000000   2.000000      1
2       NodalSplitted  12.041595  0.0  12.041595  12.041595      1
3             Triples  76.000000  0.0  76.000000  76.000000      1
4        MatchingPair  26.000000  0.0  26.000000  26.000000      1
5                MAST   3.000000  0.0   3.000000   3.000000      1
6  CopheneticL2Metric   9.165151  0.0   9.165151   9.165151      1
