
                            < M A T L A B (R) >
                  Copyright 1984-2017 The MathWorks, Inc.
                   R2017a (9.2.0.538062) 64-bit (glnxa64)
                             February 23, 2017

 
To get started, type one of these: helpwin, helpdesk, or demo.
For product information, visit www.mathworks.com.
 
Running "Run1", Seed: 875887
 *** Finished Simulation Run ***

config-20.json #############################################

[#.........] | Progress: 1 | Time: 0.0s | ETA: --[.#........] | Progress: 107 | Time: 0.1s | ETA: --[..#.......] | Progress: 212 | Time: 0.1s | ETA: --[...#......] | Progress: 312 | Time: 0.2s | ETA: --[....#.....] | Progress: 407 | Time: 0.2s | ETA: --[.....#....] | Progress: 501 | Time: 0.3s | ETA: --[......#...] | Progress: 600 | Time: 0.3s | ETA: --[.......#..] | Progress: 703 | Time: 0.4s | ETA: --[........#.] | Progress: 802 | Time: 0.4s | ETA: --[.........#] | Progress: 906 | Time: 0.5s | ETA: --[........#.] | Progress: 1008 | Time: 0.5s | ETA: --[.......#..] | Progress: 1108 | Time: 0.6s | ETA: --[##########] | Progress: 1179 | Time: 0.6s | ETA: --fit<>, fid</home/chun/projects/clineage-simulation/analysis/tmc-875887/tmc-006/case-20/triplets-list.raw.txt>, flg<treeReconstruction.log>, frt<resTree.tree>, frtN</home/chun/projects/clineage-simulation/analysis/tmc-875887/tmc-006/case-20/reconstructed.tmp.newick>, fsd<qqq.dat>, fst<simul.tree>, -->index=2
Read triplets from file...
Read triplets from file...Finished
N_triplets = 1176, idMaxFound = 23
treeBuildBasedOnTriplets_run...
make_isTogetherInTripletAndDeleteExtraTriplets: Finished
maxCut with 23 nodes: Finished
maxCut with 10 nodes: Finished
maxCut with 6 nodes: Finished
maxCut with 13 nodes: Finished
maxCut with 9 nodes: Finished
maxCut with 5 nodes: Finished
maxCut with 4 nodes: Finished
treeBuildBasedOnTriplets_run...Finished
Saving tree to file...
Saving tree to file...Finished

                            < M A T L A B (R) >
                  Copyright 1984-2017 The MathWorks, Inc.
                   R2017a (9.2.0.538062) 64-bit (glnxa64)
                             February 23, 2017

 
To get started, type one of these: helpwin, helpdesk, or demo.
For product information, visit www.mathworks.com.
 
TreeCmp version build2

Active options:
Type of the analysis:  ref-to-all comparison mode (-r)
Metrics:
  1. MatchingCluster (mc)
  2. R-F_Cluster (rc)
  3. NodalSplitted (ns)
  4. Triples (tt)
  5. MatchingPair (mp)
  6. MAST (mt)
  7. CopheneticL2Metric (co)
Input file: /home/chun/projects/clineage-simulation/analysis/tmc-875887/tmc-006/case-20/reconstructed.newick
Output file: /home/chun/projects/clineage-simulation/analysis/tmc-875887/tmc-006/case-20/scores.raw.out
Additional options:
N - Report normalized distances.
P - Prune compared trees if needed (trees can have different leaf sets).
I - Include summary section in the output file.
-----
2018-06-18 21:27:24: Start of reading random statistics.
2018-06-18 21:27:25: End of reading random statistics.
2018-06-18 21:27:25: Start of scanning input file: /home/chun/projects/clineage-simulation/analysis/tmc-875887/tmc-006/case-20/reconstructed.newick
2018-06-18 21:27:25: End of scanning input file: /home/chun/projects/clineage-simulation/analysis/tmc-875887/tmc-006/case-20/reconstructed.newick
2018-06-18 21:27:25: 1 valid trees found in file: /home/chun/projects/clineage-simulation/analysis/tmc-875887/tmc-006/case-20/reconstructed.newick
2018-06-18 21:27:25: Start of calculation...please wait...
2018-06-18 21:27:25: 0.00% completed...
2018-06-18 21:27:25: 100.00% completed.
2018-06-18 21:27:25: End of calculation.
2018-06-18 21:27:25: Total calculation time: 27 ms.
                               metrics
No                              1.0000
RefTree                         1.0000
Tree                            1.0000
RefTree_taxa                   23.0000
Tree_taxa                      23.0000
Common_taxa                    23.0000
MatchingCluster                39.0000
MatchingCluster_toYuleAvg       0.3678
MatchingCluster_toUnifAvg       0.3147
R-F_Cluster                     9.0000
R-F_Cluster_toYuleAvg           0.4332
R-F_Cluster_toUnifAvg           0.4323
NodalSplitted                  35.9166
NodalSplitted_toYuleAvg         0.5091
NodalSplitted_toUnifAvg         0.4007
Triples                       418.0000
Triples_toYuleAvg               0.3537
Triples_toUnifAvg               0.3552
MatchingPair                  102.0000
MatchingPair_toYuleAvg          0.5588
MatchingPair_toUnifAvg          0.5710
MAST                           12.0000
MAST_toYuleAvg                  0.7563
MAST_toUnifAvg                  0.7493
CopheneticL2Metric             18.4932
CopheneticL2Metric_toYuleAvg    0.3414
CopheneticL2Metric_toUnifAvg    0.2739

                 Name         Avg  Std         Min         Max  Count
0     MatchingCluster   39.000000  0.0   39.000000   39.000000      1
1         R-F_Cluster    9.000000  0.0    9.000000    9.000000      1
2       NodalSplitted   35.916570  0.0   35.916570   35.916570      1
3             Triples  418.000000  0.0  418.000000  418.000000      1
4        MatchingPair  102.000000  0.0  102.000000  102.000000      1
5                MAST   12.000000  0.0   12.000000   12.000000      1
6  CopheneticL2Metric   18.493242  0.0   18.493242   18.493242      1
