                              metrics
No                             1.0000
RefTree                        1.0000
Tree                           1.0000
RefTree_taxa                  10.0000
Tree_taxa                     10.0000
Common_taxa                   10.0000
MatchingCluster               21.0000
MatchingCluster_toYuleAvg      0.8263
MatchingCluster_toUnifAvg      0.7943
R-F_Cluster                    6.0000
R-F_Cluster_toYuleAvg          0.7752
R-F_Cluster_toUnifAvg          0.7716
NodalSplitted                 15.8430
NodalSplitted_toYuleAvg        0.7824
NodalSplitted_toUnifAvg        0.7361
Triples                       78.0000
Triples_toYuleAvg              0.9730
Triples_toUnifAvg              0.9817
MatchingPair                  22.0000
MatchingPair_toYuleAvg         0.7954
MatchingPair_toUnifAvg         0.8133
MAST                           6.0000
MAST_toYuleAvg                 1.1146
MAST_toUnifAvg                 1.1213
CopheneticL2Metric            12.0000
CopheneticL2Metric_toYuleAvg   0.7327
CopheneticL2Metric_toUnifAvg   0.6989

                 Name       Avg  Std       Min       Max  Count
0     MatchingCluster  21.00000  0.0  21.00000  21.00000      1
1         R-F_Cluster   6.00000  0.0   6.00000   6.00000      1
2       NodalSplitted  15.84298  0.0  15.84298  15.84298      1
3             Triples  78.00000  0.0  78.00000  78.00000      1
4        MatchingPair  22.00000  0.0  22.00000  22.00000      1
5                MAST   6.00000  0.0   6.00000   6.00000      1
6  CopheneticL2Metric  12.00000  0.0  12.00000  12.00000      1
