                              metrics
No                             1.0000
RefTree                        1.0000
Tree                           1.0000
RefTree_taxa                  21.0000
Tree_taxa                     21.0000
Common_taxa                   21.0000
MatchingCluster               18.0000
MatchingCluster_toYuleAvg      0.1965
MatchingCluster_toUnifAvg      0.1702
R-F_Cluster                    5.0000
R-F_Cluster_toYuleAvg          0.2664
R-F_Cluster_toUnifAvg          0.2653
NodalSplitted                 22.0907
NodalSplitted_toYuleAvg        0.3588
NodalSplitted_toUnifAvg        0.2838
Triples                       20.0000
Triples_toYuleAvg              0.0225
Triples_toUnifAvg              0.0226
MatchingPair                  13.0000
MatchingPair_toYuleAvg         0.0870
MatchingPair_toUnifAvg         0.0888
MAST                           6.0000
MAST_toYuleAvg                 0.4233
MAST_toUnifAvg                 0.4203
CopheneticL2Metric             7.7460
CopheneticL2Metric_toYuleAvg   0.1628
CopheneticL2Metric_toUnifAvg   0.1341

                 Name        Avg  Std        Min        Max  Count
0     MatchingCluster  18.000000  0.0  18.000000  18.000000      1
1         R-F_Cluster   5.000000  0.0   5.000000   5.000000      1
2       NodalSplitted  22.090722  0.0  22.090722  22.090722      1
3             Triples  20.000000  0.0  20.000000  20.000000      1
4        MatchingPair  13.000000  0.0  13.000000  13.000000      1
5                MAST   6.000000  0.0   6.000000   6.000000      1
6  CopheneticL2Metric   7.745967  0.0   7.745967   7.745967      1
