                               metrics
No                              1.0000
RefTree                         1.0000
Tree                            1.0000
RefTree_taxa                   22.0000
Tree_taxa                      22.0000
Common_taxa                    22.0000
MatchingCluster                19.0000
MatchingCluster_toYuleAvg       0.1923
MatchingCluster_toUnifAvg       0.1641
R-F_Cluster                     5.5000
R-F_Cluster_toYuleAvg           0.2782
R-F_Cluster_toUnifAvg           0.2770
NodalSplitted                  19.6214
NodalSplitted_toYuleAvg         0.2946
NodalSplitted_toUnifAvg         0.2306
Triples                       145.0000
Triples_toYuleAvg               0.1413
Triples_toUnifAvg               0.1409
MatchingPair                   26.0000
MatchingPair_toYuleAvg          0.1578
MatchingPair_toUnifAvg          0.1606
MAST                            5.0000
MAST_toYuleAvg                  0.3334
MAST_toUnifAvg                  0.3310
CopheneticL2Metric             10.0499
CopheneticL2Metric_toYuleAvg    0.1977
CopheneticL2Metric_toUnifAvg    0.1601

                 Name         Avg  Std         Min         Max  Count
0     MatchingCluster   19.000000  0.0   19.000000   19.000000      1
1         R-F_Cluster    5.500000  0.0    5.500000    5.500000      1
2       NodalSplitted   19.621417  0.0   19.621417   19.621417      1
3             Triples  145.000000  0.0  145.000000  145.000000      1
4        MatchingPair   26.000000  0.0   26.000000   26.000000      1
5                MAST    5.000000  0.0    5.000000    5.000000      1
6  CopheneticL2Metric   10.049876  0.0   10.049876   10.049876      1
