                              metrics
No                             1.0000
RefTree                        1.0000
Tree                           1.0000
RefTree_taxa                  15.0000
Tree_taxa                     15.0000
Common_taxa                   15.0000
MatchingCluster                3.0000
MatchingCluster_toYuleAvg      0.0580
MatchingCluster_toUnifAvg      0.0522
R-F_Cluster                    1.0000
R-F_Cluster_toYuleAvg          0.0785
R-F_Cluster_toUnifAvg          0.0780
NodalSplitted                  6.3246
NodalSplitted_toYuleAvg        0.1670
NodalSplitted_toUnifAvg        0.1438
Triples                        2.0000
Triples_toYuleAvg              0.0066
Triples_toUnifAvg              0.0066
MatchingPair                   2.0000
MatchingPair_toYuleAvg         0.0284
MatchingPair_toUnifAvg         0.0288
MAST                           1.0000
MAST_toYuleAvg                 0.1083
MAST_toUnifAvg                 0.1067
CopheneticL2Metric             2.6458
CopheneticL2Metric_toYuleAvg   0.0883
CopheneticL2Metric_toUnifAvg   0.0781

                 Name       Avg  Std       Min       Max  Count
0     MatchingCluster  3.000000  0.0  3.000000  3.000000      1
1         R-F_Cluster  1.000000  0.0  1.000000  1.000000      1
2       NodalSplitted  6.324555  0.0  6.324555  6.324555      1
3             Triples  2.000000  0.0  2.000000  2.000000      1
4        MatchingPair  2.000000  0.0  2.000000  2.000000      1
5                MAST  1.000000  0.0  1.000000  1.000000      1
6  CopheneticL2Metric  2.645751  0.0  2.645751  2.645751      1
