                              metrics
No                             1.0000
RefTree                        1.0000
Tree                           1.0000
RefTree_taxa                  18.0000
Tree_taxa                     18.0000
Common_taxa                   18.0000
MatchingCluster                8.0000
MatchingCluster_toYuleAvg      0.1126
MatchingCluster_toUnifAvg      0.0995
R-F_Cluster                    2.0000
R-F_Cluster_toYuleAvg          0.1267
R-F_Cluster_toUnifAvg          0.1264
NodalSplitted                 11.3137
NodalSplitted_toYuleAvg        0.2276
NodalSplitted_toUnifAvg        0.1867
Triples                        4.0000
Triples_toYuleAvg              0.0073
Triples_toUnifAvg              0.0074
MatchingPair                   4.0000
MatchingPair_toYuleAvg         0.0376
MatchingPair_toUnifAvg         0.0385
MAST                           4.0000
MAST_toYuleAvg                 0.3408
MAST_toUnifAvg                 0.3399
CopheneticL2Metric             3.4641
CopheneticL2Metric_toYuleAvg   0.0883
CopheneticL2Metric_toUnifAvg   0.0766

                 Name        Avg  Std        Min        Max  Count
0     MatchingCluster   8.000000  0.0   8.000000   8.000000      1
1         R-F_Cluster   2.000000  0.0   2.000000   2.000000      1
2       NodalSplitted  11.313708  0.0  11.313708  11.313708      1
3             Triples   4.000000  0.0   4.000000   4.000000      1
4        MatchingPair   4.000000  0.0   4.000000   4.000000      1
5                MAST   4.000000  0.0   4.000000   4.000000      1
6  CopheneticL2Metric   3.464102  0.0   3.464102   3.464102      1
