                              metrics
No                             1.0000
RefTree                        1.0000
Tree                           1.0000
RefTree_taxa                  12.0000
Tree_taxa                     12.0000
Common_taxa                   12.0000
MatchingCluster               12.0000
MatchingCluster_toYuleAvg      0.3380
MatchingCluster_toUnifAvg      0.3174
R-F_Cluster                    2.0000
R-F_Cluster_toYuleAvg          0.2051
R-F_Cluster_toUnifAvg          0.2043
NodalSplitted                  9.5917
NodalSplitted_toYuleAvg        0.3521
NodalSplitted_toUnifAvg        0.3206
Triples                       51.0000
Triples_toYuleAvg              0.3465
Triples_toUnifAvg              0.3476
MatchingPair                  21.0000
MatchingPair_toYuleAvg         0.4965
MatchingPair_toUnifAvg         0.5031
MAST                           3.0000
MAST_toYuleAvg                 0.4354
MAST_toUnifAvg                 0.4311
CopheneticL2Metric             7.3485
CopheneticL2Metric_toYuleAvg   0.3390
CopheneticL2Metric_toUnifAvg   0.3119

                 Name        Avg  Std        Min        Max  Count
0     MatchingCluster  12.000000  0.0  12.000000  12.000000      1
1         R-F_Cluster   2.000000  0.0   2.000000   2.000000      1
2       NodalSplitted   9.591663  0.0   9.591663   9.591663      1
3             Triples  51.000000  0.0  51.000000  51.000000      1
4        MatchingPair  21.000000  0.0  21.000000  21.000000      1
5                MAST   3.000000  0.0   3.000000   3.000000      1
6  CopheneticL2Metric   7.348469  0.0   7.348469   7.348469      1
