                              metrics
No                             1.0000
RefTree                        1.0000
Tree                           1.0000
RefTree_taxa                  10.0000
Tree_taxa                     10.0000
Common_taxa                   10.0000
MatchingCluster               14.0000
MatchingCluster_toYuleAvg      0.5509
MatchingCluster_toUnifAvg      0.5295
R-F_Cluster                    4.0000
R-F_Cluster_toYuleAvg          0.5168
R-F_Cluster_toUnifAvg          0.5144
NodalSplitted                 12.2474
NodalSplitted_toYuleAvg        0.6048
NodalSplitted_toUnifAvg        0.5691
Triples                       39.0000
Triples_toYuleAvg              0.4865
Triples_toUnifAvg              0.4908
MatchingPair                  12.0000
MatchingPair_toYuleAvg         0.4339
MatchingPair_toUnifAvg         0.4436
MAST                           5.0000
MAST_toYuleAvg                 0.9289
MAST_toUnifAvg                 0.9344
CopheneticL2Metric             6.6332
CopheneticL2Metric_toYuleAvg   0.4050
CopheneticL2Metric_toUnifAvg   0.3863

                 Name        Avg  Std        Min        Max  Count
0     MatchingCluster  14.000000  0.0  14.000000  14.000000      1
1         R-F_Cluster   4.000000  0.0   4.000000   4.000000      1
2       NodalSplitted  12.247449  0.0  12.247449  12.247449      1
3             Triples  39.000000  0.0  39.000000  39.000000      1
4        MatchingPair  12.000000  0.0  12.000000  12.000000      1
5                MAST   5.000000  0.0   5.000000   5.000000      1
6  CopheneticL2Metric   6.633250  0.0   6.633250   6.633250      1
