                               metrics
No                              1.0000
RefTree                         1.0000
Tree                            1.0000
RefTree_taxa                   15.0000
Tree_taxa                      15.0000
Common_taxa                    15.0000
MatchingCluster                35.0000
MatchingCluster_toYuleAvg       0.6762
MatchingCluster_toUnifAvg       0.6091
R-F_Cluster                     8.5000
R-F_Cluster_toYuleAvg           0.6669
R-F_Cluster_toUnifAvg           0.6632
NodalSplitted                  26.1151
NodalSplitted_toYuleAvg         0.6898
NodalSplitted_toUnifAvg         0.5939
Triples                       296.0000
Triples_toYuleAvg               0.9807
Triples_toUnifAvg               0.9778
MatchingPair                   55.0000
MatchingPair_toYuleAvg          0.7819
MatchingPair_toUnifAvg          0.7929
MAST                            9.0000
MAST_toYuleAvg                  0.9749
MAST_toUnifAvg                  0.9600
CopheneticL2Metric             15.1987
CopheneticL2Metric_toYuleAvg    0.5072
CopheneticL2Metric_toUnifAvg    0.4487

                 Name         Avg  Std         Min         Max  Count
0     MatchingCluster   35.000000  0.0   35.000000   35.000000      1
1         R-F_Cluster    8.500000  0.0    8.500000    8.500000      1
2       NodalSplitted   26.115130  0.0   26.115130   26.115130      1
3             Triples  296.000000  0.0  296.000000  296.000000      1
4        MatchingPair   55.000000  0.0   55.000000   55.000000      1
5                MAST    9.000000  0.0    9.000000    9.000000      1
6  CopheneticL2Metric   15.198684  0.0   15.198684   15.198684      1
