                              metrics
No                             1.0000
RefTree                        1.0000
Tree                           1.0000
RefTree_taxa                  15.0000
Tree_taxa                     15.0000
Common_taxa                   15.0000
MatchingCluster               10.0000
MatchingCluster_toYuleAvg      0.1932
MatchingCluster_toUnifAvg      0.1740
R-F_Cluster                    3.0000
R-F_Cluster_toYuleAvg          0.2354
R-F_Cluster_toUnifAvg          0.2341
NodalSplitted                 13.3417
NodalSplitted_toYuleAvg        0.3524
NodalSplitted_toUnifAvg        0.3034
Triples                       20.0000
Triples_toYuleAvg              0.0663
Triples_toUnifAvg              0.0661
MatchingPair                   7.0000
MatchingPair_toYuleAvg         0.0995
MatchingPair_toUnifAvg         0.1009
MAST                           3.0000
MAST_toYuleAvg                 0.3250
MAST_toUnifAvg                 0.3200
CopheneticL2Metric             7.4833
CopheneticL2Metric_toYuleAvg   0.2497
CopheneticL2Metric_toUnifAvg   0.2209

                 Name        Avg  Std        Min        Max  Count
0     MatchingCluster  10.000000  0.0  10.000000  10.000000      1
1         R-F_Cluster   3.000000  0.0   3.000000   3.000000      1
2       NodalSplitted  13.341664  0.0  13.341664  13.341664      1
3             Triples  20.000000  0.0  20.000000  20.000000      1
4        MatchingPair   7.000000  0.0   7.000000   7.000000      1
5                MAST   3.000000  0.0   3.000000   3.000000      1
6  CopheneticL2Metric   7.483315  0.0   7.483315   7.483315      1
