                              metrics
No                             1.0000
RefTree                        1.0000
Tree                           1.0000
RefTree_taxa                  20.0000
Tree_taxa                     20.0000
Common_taxa                   20.0000
MatchingCluster               17.0000
MatchingCluster_toYuleAvg      0.1996
MatchingCluster_toUnifAvg      0.1747
R-F_Cluster                    3.0000
R-F_Cluster_toYuleAvg          0.1689
R-F_Cluster_toUnifAvg          0.1681
NodalSplitted                 20.5670
NodalSplitted_toYuleAvg        0.3534
NodalSplitted_toUnifAvg        0.2862
Triples                       25.0000
Triples_toYuleAvg              0.0327
Triples_toUnifAvg              0.0329
MatchingPair                  12.0000
MatchingPair_toYuleAvg         0.0892
MatchingPair_toUnifAvg         0.0912
MAST                           4.0000
MAST_toYuleAvg                 0.2998
MAST_toUnifAvg                 0.2973
CopheneticL2Metric             9.7980
CopheneticL2Metric_toYuleAvg   0.2206
CopheneticL2Metric_toUnifAvg   0.1804

                 Name        Avg  Std        Min        Max  Count
0     MatchingCluster  17.000000  0.0  17.000000  17.000000      1
1         R-F_Cluster   3.000000  0.0   3.000000   3.000000      1
2       NodalSplitted  20.566964  0.0  20.566964  20.566964      1
3             Triples  25.000000  0.0  25.000000  25.000000      1
4        MatchingPair  12.000000  0.0  12.000000  12.000000      1
5                MAST   4.000000  0.0   4.000000   4.000000      1
6  CopheneticL2Metric   9.797959  0.0   9.797959   9.797959      1
