                              metrics
No                             1.0000
RefTree                        1.0000
Tree                           1.0000
RefTree_taxa                  18.0000
Tree_taxa                     18.0000
Common_taxa                   18.0000
MatchingCluster               11.0000
MatchingCluster_toYuleAvg      0.1548
MatchingCluster_toUnifAvg      0.1368
R-F_Cluster                    2.5000
R-F_Cluster_toYuleAvg          0.1584
R-F_Cluster_toUnifAvg          0.1580
NodalSplitted                 14.8661
NodalSplitted_toYuleAvg        0.2990
NodalSplitted_toUnifAvg        0.2453
Triples                        8.0000
Triples_toYuleAvg              0.0146
Triples_toUnifAvg              0.0147
MatchingPair                   7.0000
MatchingPair_toYuleAvg         0.0658
MatchingPair_toUnifAvg         0.0673
MAST                           4.0000
MAST_toYuleAvg                 0.3408
MAST_toUnifAvg                 0.3399
CopheneticL2Metric             5.5678
CopheneticL2Metric_toYuleAvg   0.1419
CopheneticL2Metric_toUnifAvg   0.1232

                 Name        Avg  Std        Min        Max  Count
0     MatchingCluster  11.000000  0.0  11.000000  11.000000      1
1         R-F_Cluster   2.500000  0.0   2.500000   2.500000      1
2       NodalSplitted  14.866069  0.0  14.866069  14.866069      1
3             Triples   8.000000  0.0   8.000000   8.000000      1
4        MatchingPair   7.000000  0.0   7.000000   7.000000      1
5                MAST   4.000000  0.0   4.000000   4.000000      1
6  CopheneticL2Metric   5.567764  0.0   5.567764   5.567764      1
