                              metrics
No                             1.0000
RefTree                        1.0000
Tree                           1.0000
RefTree_taxa                  19.0000
Tree_taxa                     19.0000
Common_taxa                   19.0000
MatchingCluster               17.0000
MatchingCluster_toYuleAvg      0.2192
MatchingCluster_toUnifAvg      0.1913
R-F_Cluster                    4.5000
R-F_Cluster_toYuleAvg          0.2687
R-F_Cluster_toUnifAvg          0.2673
NodalSplitted                 17.5499
NodalSplitted_toYuleAvg        0.3263
NodalSplitted_toUnifAvg        0.2660
Triples                       17.0000
Triples_toYuleAvg              0.0264
Triples_toUnifAvg              0.0263
MatchingPair                  12.0000
MatchingPair_toYuleAvg         0.1003
MatchingPair_toUnifAvg         0.1019
MAST                           6.0000
MAST_toYuleAvg                 0.4794
MAST_toUnifAvg                 0.4757
CopheneticL2Metric             6.4031
CopheneticL2Metric_toYuleAvg   0.1517
CopheneticL2Metric_toUnifAvg   0.1300

                 Name        Avg  Std        Min        Max  Count
0     MatchingCluster  17.000000  0.0  17.000000  17.000000      1
1         R-F_Cluster   4.500000  0.0   4.500000   4.500000      1
2       NodalSplitted  17.549929  0.0  17.549929  17.549929      1
3             Triples  17.000000  0.0  17.000000  17.000000      1
4        MatchingPair  12.000000  0.0  12.000000  12.000000      1
5                MAST   6.000000  0.0   6.000000   6.000000      1
6  CopheneticL2Metric   6.403124  0.0   6.403124   6.403124      1
