                              metrics
No                             1.0000
RefTree                        1.0000
Tree                           1.0000
RefTree_taxa                  20.0000
Tree_taxa                     20.0000
Common_taxa                   20.0000
MatchingCluster               10.0000
MatchingCluster_toYuleAvg      0.1174
MatchingCluster_toUnifAvg      0.1028
R-F_Cluster                    4.0000
R-F_Cluster_toYuleAvg          0.2252
R-F_Cluster_toUnifAvg          0.2241
NodalSplitted                 14.7648
NodalSplitted_toYuleAvg        0.2537
NodalSplitted_toUnifAvg        0.2055
Triples                        7.0000
Triples_toYuleAvg              0.0092
Triples_toUnifAvg              0.0092
MatchingPair                   6.0000
MatchingPair_toYuleAvg         0.0446
MatchingPair_toUnifAvg         0.0456
MAST                           4.0000
MAST_toYuleAvg                 0.2998
MAST_toUnifAvg                 0.2973
CopheneticL2Metric             4.8990
CopheneticL2Metric_toYuleAvg   0.1103
CopheneticL2Metric_toUnifAvg   0.0902

                 Name        Avg  Std        Min        Max  Count
0     MatchingCluster  10.000000  0.0  10.000000  10.000000      1
1         R-F_Cluster   4.000000  0.0   4.000000   4.000000      1
2       NodalSplitted  14.764823  0.0  14.764823  14.764823      1
3             Triples   7.000000  0.0   7.000000   7.000000      1
4        MatchingPair   6.000000  0.0   6.000000   6.000000      1
5                MAST   4.000000  0.0   4.000000   4.000000      1
6  CopheneticL2Metric   4.898979  0.0   4.898979   4.898979      1
