                              metrics
No                             1.0000
RefTree                        1.0000
Tree                           1.0000
RefTree_taxa                  13.0000
Tree_taxa                     13.0000
Common_taxa                   13.0000
MatchingCluster               12.0000
MatchingCluster_toYuleAvg      0.2939
MatchingCluster_toUnifAvg      0.2721
R-F_Cluster                    2.5000
R-F_Cluster_toYuleAvg          0.2319
R-F_Cluster_toUnifAvg          0.2310
NodalSplitted                 10.4881
NodalSplitted_toYuleAvg        0.3425
NodalSplitted_toUnifAvg        0.3025
Triples                       24.0000
Triples_toYuleAvg              0.1256
Triples_toUnifAvg              0.1256
MatchingPair                  11.0000
MatchingPair_toYuleAvg         0.2160
MatchingPair_toUnifAvg         0.2197
MAST                           2.0000
MAST_toYuleAvg                 0.2598
MAST_toUnifAvg                 0.2576
CopheneticL2Metric             9.4340
CopheneticL2Metric_toYuleAvg   0.3889
CopheneticL2Metric_toUnifAvg   0.3532

                 Name        Avg  Std        Min        Max  Count
0     MatchingCluster  12.000000  0.0  12.000000  12.000000      1
1         R-F_Cluster   2.500000  0.0   2.500000   2.500000      1
2       NodalSplitted  10.488088  0.0  10.488088  10.488088      1
3             Triples  24.000000  0.0  24.000000  24.000000      1
4        MatchingPair  11.000000  0.0  11.000000  11.000000      1
5                MAST   2.000000  0.0   2.000000   2.000000      1
6  CopheneticL2Metric   9.433981  0.0   9.433981   9.433981      1
