                              metrics
No                             1.0000
RefTree                        1.0000
Tree                           1.0000
RefTree_taxa                   9.0000
Tree_taxa                      9.0000
Common_taxa                    9.0000
MatchingCluster                6.0000
MatchingCluster_toYuleAvg      0.2920
MatchingCluster_toUnifAvg      0.2812
R-F_Cluster                    1.0000
R-F_Cluster_toYuleAvg          0.1500
R-F_Cluster_toUnifAvg          0.1482
NodalSplitted                  7.3485
NodalSplitted_toYuleAvg        0.4344
NodalSplitted_toUnifAvg        0.4123
Triples                        4.0000
Triples_toYuleAvg              0.0715
Triples_toUnifAvg              0.0719
MatchingPair                   4.0000
MatchingPair_toYuleAvg         0.1887
MatchingPair_toUnifAvg         0.1912
MAST                           2.0000
MAST_toYuleAvg                 0.4361
MAST_toUnifAvg                 0.4292
CopheneticL2Metric             4.3589
CopheneticL2Metric_toYuleAvg   0.3121
CopheneticL2Metric_toUnifAvg   0.3010

                 Name       Avg  Std       Min       Max  Count
0     MatchingCluster  6.000000  0.0  6.000000  6.000000      1
1         R-F_Cluster  1.000000  0.0  1.000000  1.000000      1
2       NodalSplitted  7.348469  0.0  7.348469  7.348469      1
3             Triples  4.000000  0.0  4.000000  4.000000      1
4        MatchingPair  4.000000  0.0  4.000000  4.000000      1
5                MAST  2.000000  0.0  2.000000  2.000000      1
6  CopheneticL2Metric  4.358899  0.0  4.358899  4.358899      1
