                              metrics
No                             1.0000
RefTree                        1.0000
Tree                           1.0000
RefTree_taxa                  18.0000
Tree_taxa                     18.0000
Common_taxa                   18.0000
MatchingCluster                8.0000
MatchingCluster_toYuleAvg      0.1126
MatchingCluster_toUnifAvg      0.0995
R-F_Cluster                    2.0000
R-F_Cluster_toYuleAvg          0.1267
R-F_Cluster_toUnifAvg          0.1264
NodalSplitted                 13.4907
NodalSplitted_toYuleAvg        0.2714
NodalSplitted_toUnifAvg        0.2226
Triples                        5.0000
Triples_toYuleAvg              0.0091
Triples_toUnifAvg              0.0092
MatchingPair                   5.0000
MatchingPair_toYuleAvg         0.0470
MatchingPair_toUnifAvg         0.0481
MAST                           3.0000
MAST_toYuleAvg                 0.2556
MAST_toUnifAvg                 0.2549
CopheneticL2Metric             4.7958
CopheneticL2Metric_toYuleAvg   0.1222
CopheneticL2Metric_toUnifAvg   0.1061

                 Name        Avg  Std        Min        Max  Count
0     MatchingCluster   8.000000  0.0   8.000000   8.000000      1
1         R-F_Cluster   2.000000  0.0   2.000000   2.000000      1
2       NodalSplitted  13.490738  0.0  13.490738  13.490738      1
3             Triples   5.000000  0.0   5.000000   5.000000      1
4        MatchingPair   5.000000  0.0   5.000000   5.000000      1
5                MAST   3.000000  0.0   3.000000   3.000000      1
6  CopheneticL2Metric   4.795832  0.0   4.795832   4.795832      1
