                              metrics
No                             1.0000
RefTree                        1.0000
Tree                           1.0000
RefTree_taxa                  13.0000
Tree_taxa                     13.0000
Common_taxa                   13.0000
MatchingCluster                7.0000
MatchingCluster_toYuleAvg      0.1714
MatchingCluster_toUnifAvg      0.1587
R-F_Cluster                    3.5000
R-F_Cluster_toYuleAvg          0.3246
R-F_Cluster_toUnifAvg          0.3234
NodalSplitted                  9.0554
NodalSplitted_toYuleAvg        0.2957
NodalSplitted_toUnifAvg        0.2612
Triples                        9.0000
Triples_toYuleAvg              0.0471
Triples_toUnifAvg              0.0471
MatchingPair                   7.0000
MatchingPair_toYuleAvg         0.1374
MatchingPair_toUnifAvg         0.1398
MAST                           3.0000
MAST_toYuleAvg                 0.3898
MAST_toUnifAvg                 0.3863
CopheneticL2Metric             4.3589
CopheneticL2Metric_toYuleAvg   0.1797
CopheneticL2Metric_toUnifAvg   0.1632

                 Name       Avg  Std       Min       Max  Count
0     MatchingCluster  7.000000  0.0  7.000000  7.000000      1
1         R-F_Cluster  3.500000  0.0  3.500000  3.500000      1
2       NodalSplitted  9.055385  0.0  9.055385  9.055385      1
3             Triples  9.000000  0.0  9.000000  9.000000      1
4        MatchingPair  7.000000  0.0  7.000000  7.000000      1
5                MAST  3.000000  0.0  3.000000  3.000000      1
6  CopheneticL2Metric  4.358899  0.0  4.358899  4.358899      1
