                              metrics
No                             1.0000
RefTree                        1.0000
Tree                           1.0000
RefTree_taxa                  10.0000
Tree_taxa                     10.0000
Common_taxa                   10.0000
MatchingCluster               11.0000
MatchingCluster_toYuleAvg      0.4328
MatchingCluster_toUnifAvg      0.4161
R-F_Cluster                    4.5000
R-F_Cluster_toYuleAvg          0.5814
R-F_Cluster_toUnifAvg          0.5787
NodalSplitted                  9.6437
NodalSplitted_toYuleAvg        0.4762
NodalSplitted_toUnifAvg        0.4481
Triples                       12.0000
Triples_toYuleAvg              0.1497
Triples_toUnifAvg              0.1510
MatchingPair                  11.0000
MatchingPair_toYuleAvg         0.3977
MatchingPair_toUnifAvg         0.4066
MAST                           4.0000
MAST_toYuleAvg                 0.7431
MAST_toUnifAvg                 0.7475
CopheneticL2Metric             5.7446
CopheneticL2Metric_toYuleAvg   0.3508
CopheneticL2Metric_toUnifAvg   0.3346

                 Name        Avg  Std        Min        Max  Count
0     MatchingCluster  11.000000  0.0  11.000000  11.000000      1
1         R-F_Cluster   4.500000  0.0   4.500000   4.500000      1
2       NodalSplitted   9.643651  0.0   9.643651   9.643651      1
3             Triples  12.000000  0.0  12.000000  12.000000      1
4        MatchingPair  11.000000  0.0  11.000000  11.000000      1
5                MAST   4.000000  0.0   4.000000   4.000000      1
6  CopheneticL2Metric   5.744563  0.0   5.744563   5.744563      1
