                              metrics
No                             1.0000
RefTree                        1.0000
Tree                           1.0000
RefTree_taxa                  19.0000
Tree_taxa                     19.0000
Common_taxa                   19.0000
MatchingCluster                8.0000
MatchingCluster_toYuleAvg      0.1032
MatchingCluster_toUnifAvg      0.0900
R-F_Cluster                    2.0000
R-F_Cluster_toYuleAvg          0.1194
R-F_Cluster_toUnifAvg          0.1188
NodalSplitted                 11.6619
NodalSplitted_toYuleAvg        0.2168
NodalSplitted_toUnifAvg        0.1768
Triples                        4.0000
Triples_toYuleAvg              0.0062
Triples_toUnifAvg              0.0062
MatchingPair                   4.0000
MatchingPair_toYuleAvg         0.0334
MatchingPair_toUnifAvg         0.0340
MAST                           4.0000
MAST_toYuleAvg                 0.3196
MAST_toUnifAvg                 0.3171
CopheneticL2Metric             3.4641
CopheneticL2Metric_toYuleAvg   0.0821
CopheneticL2Metric_toUnifAvg   0.0703

                 Name        Avg  Std        Min        Max  Count
0     MatchingCluster   8.000000  0.0   8.000000   8.000000      1
1         R-F_Cluster   2.000000  0.0   2.000000   2.000000      1
2       NodalSplitted  11.661904  0.0  11.661904  11.661904      1
3             Triples   4.000000  0.0   4.000000   4.000000      1
4        MatchingPair   4.000000  0.0   4.000000   4.000000      1
5                MAST   4.000000  0.0   4.000000   4.000000      1
6  CopheneticL2Metric   3.464102  0.0   3.464102   3.464102      1
