                              metrics
No                             1.0000
RefTree                        1.0000
Tree                           1.0000
RefTree_taxa                  11.0000
Tree_taxa                     11.0000
Common_taxa                   11.0000
MatchingCluster               27.0000
MatchingCluster_toYuleAvg      0.8896
MatchingCluster_toUnifAvg      0.8450
R-F_Cluster                    8.5000
R-F_Cluster_toYuleAvg          0.9731
R-F_Cluster_toUnifAvg          0.9656
NodalSplitted                 17.3205
NodalSplitted_toYuleAvg        0.7298
NodalSplitted_toUnifAvg        0.6756
Triples                       89.0000
Triples_toYuleAvg              0.8098
Triples_toUnifAvg              0.8075
MatchingPair                  29.0000
MatchingPair_toYuleAvg         0.8443
MatchingPair_toUnifAvg         0.8515
MAST                           5.0000
MAST_toYuleAvg                 0.8092
MAST_toUnifAvg                 0.8080
CopheneticL2Metric            11.4891
CopheneticL2Metric_toYuleAvg   0.6027
CopheneticL2Metric_toUnifAvg   0.5587

                 Name        Avg  Std        Min        Max  Count
0     MatchingCluster  27.000000  0.0  27.000000  27.000000      1
1         R-F_Cluster   8.500000  0.0   8.500000   8.500000      1
2       NodalSplitted  17.320508  0.0  17.320508  17.320508      1
3             Triples  89.000000  0.0  89.000000  89.000000      1
4        MatchingPair  29.000000  0.0  29.000000  29.000000      1
5                MAST   5.000000  0.0   5.000000   5.000000      1
6  CopheneticL2Metric  11.489125  0.0  11.489125  11.489125      1
