                              metrics
No                             1.0000
RefTree                        1.0000
Tree                           1.0000
RefTree_taxa                  12.0000
Tree_taxa                     12.0000
Common_taxa                   12.0000
MatchingCluster               18.0000
MatchingCluster_toYuleAvg      0.5070
MatchingCluster_toUnifAvg      0.4761
R-F_Cluster                    6.0000
R-F_Cluster_toYuleAvg          0.6154
R-F_Cluster_toUnifAvg          0.6129
NodalSplitted                 15.6844
NodalSplitted_toYuleAvg        0.5758
NodalSplitted_toUnifAvg        0.5242
Triples                       90.0000
Triples_toYuleAvg              0.6114
Triples_toUnifAvg              0.6134
MatchingPair                  32.0000
MatchingPair_toYuleAvg         0.7565
MatchingPair_toUnifAvg         0.7666
MAST                           4.0000
MAST_toYuleAvg                 0.5805
MAST_toUnifAvg                 0.5748
CopheneticL2Metric            11.3137
CopheneticL2Metric_toYuleAvg   0.5219
CopheneticL2Metric_toUnifAvg   0.4802

                 Name        Avg  Std        Min        Max  Count
0     MatchingCluster  18.000000  0.0  18.000000  18.000000      1
1         R-F_Cluster   6.000000  0.0   6.000000   6.000000      1
2       NodalSplitted  15.684387  0.0  15.684387  15.684387      1
3             Triples  90.000000  0.0  90.000000  90.000000      1
4        MatchingPair  32.000000  0.0  32.000000  32.000000      1
5                MAST   4.000000  0.0   4.000000   4.000000      1
6  CopheneticL2Metric  11.313708  0.0  11.313708  11.313708      1
