                              metrics
No                             1.0000
RefTree                        1.0000
Tree                           1.0000
RefTree_taxa                   7.0000
Tree_taxa                      7.0000
Common_taxa                    7.0000
MatchingCluster                2.0000
MatchingCluster_toYuleAvg      0.1585
MatchingCluster_toUnifAvg      0.1579
R-F_Cluster                    1.0000
R-F_Cluster_toYuleAvg          0.2129
R-F_Cluster_toUnifAvg          0.2136
NodalSplitted                  3.4641
NodalSplitted_toYuleAvg        0.3158
NodalSplitted_toUnifAvg        0.3145
Triples                        1.0000
Triples_toYuleAvg              0.0426
Triples_toUnifAvg              0.0433
MatchingPair                   1.0000
MatchingPair_toYuleAvg         0.0881
MatchingPair_toUnifAvg         0.0894
MAST                           1.0000
MAST_toYuleAvg                 0.3142
MAST_toUnifAvg                 0.3108
CopheneticL2Metric             2.0000
CopheneticL2Metric_toYuleAvg   0.2188
CopheneticL2Metric_toUnifAvg   0.2144

                 Name       Avg  Std       Min       Max  Count
0     MatchingCluster  2.000000  0.0  2.000000  2.000000      1
1         R-F_Cluster  1.000000  0.0  1.000000  1.000000      1
2       NodalSplitted  3.464102  0.0  3.464102  3.464102      1
3             Triples  1.000000  0.0  1.000000  1.000000      1
4        MatchingPair  1.000000  0.0  1.000000  1.000000      1
5                MAST  1.000000  0.0  1.000000  1.000000      1
6  CopheneticL2Metric  2.000000  0.0  2.000000  2.000000      1
