                              metrics
No                             1.0000
RefTree                        1.0000
Tree                           1.0000
RefTree_taxa                  23.0000
Tree_taxa                     23.0000
Common_taxa                   23.0000
MatchingCluster               31.0000
MatchingCluster_toYuleAvg      0.2924
MatchingCluster_toUnifAvg      0.2501
R-F_Cluster                    3.0000
R-F_Cluster_toYuleAvg          0.1444
R-F_Cluster_toUnifAvg          0.1441
NodalSplitted                 25.9230
NodalSplitted_toYuleAvg        0.3675
NodalSplitted_toUnifAvg        0.2892
Triples                       98.0000
Triples_toYuleAvg              0.0829
Triples_toUnifAvg              0.0833
MatchingPair                  38.0000
MatchingPair_toYuleAvg         0.2082
MatchingPair_toUnifAvg         0.2127
MAST                           5.0000
MAST_toYuleAvg                 0.3151
MAST_toUnifAvg                 0.3122
CopheneticL2Metric            21.2132
CopheneticL2Metric_toYuleAvg   0.3916
CopheneticL2Metric_toUnifAvg   0.3142

                 Name        Avg  Std        Min        Max  Count
0     MatchingCluster  31.000000  0.0  31.000000  31.000000      1
1         R-F_Cluster   3.000000  0.0   3.000000   3.000000      1
2       NodalSplitted  25.922963  0.0  25.922963  25.922963      1
3             Triples  98.000000  0.0  98.000000  98.000000      1
4        MatchingPair  38.000000  0.0  38.000000  38.000000      1
5                MAST   5.000000  0.0   5.000000   5.000000      1
6  CopheneticL2Metric  21.213203  0.0  21.213203  21.213203      1
