                              metrics
No                             1.0000
RefTree                        1.0000
Tree                           1.0000
RefTree_taxa                  13.0000
Tree_taxa                     13.0000
Common_taxa                   13.0000
MatchingCluster                2.0000
MatchingCluster_toYuleAvg      0.0490
MatchingCluster_toUnifAvg      0.0453
R-F_Cluster                    0.5000
R-F_Cluster_toYuleAvg          0.0464
R-F_Cluster_toUnifAvg          0.0462
NodalSplitted                  4.6904
NodalSplitted_toYuleAvg        0.1532
NodalSplitted_toUnifAvg        0.1353
Triples                        1.0000
Triples_toYuleAvg              0.0052
Triples_toUnifAvg              0.0052
MatchingPair                   1.0000
MatchingPair_toYuleAvg         0.0196
MatchingPair_toUnifAvg         0.0200
MAST                           1.0000
MAST_toYuleAvg                 0.1299
MAST_toUnifAvg                 0.1288
CopheneticL2Metric             1.7321
CopheneticL2Metric_toYuleAvg   0.0714
CopheneticL2Metric_toUnifAvg   0.0648

                 Name       Avg  Std       Min       Max  Count
0     MatchingCluster  2.000000  0.0  2.000000  2.000000      1
1         R-F_Cluster  0.500000  0.0  0.500000  0.500000      1
2       NodalSplitted  4.690416  0.0  4.690416  4.690416      1
3             Triples  1.000000  0.0  1.000000  1.000000      1
4        MatchingPair  1.000000  0.0  1.000000  1.000000      1
5                MAST  1.000000  0.0  1.000000  1.000000      1
6  CopheneticL2Metric  1.732051  0.0  1.732051  1.732051      1
