                              metrics
No                             1.0000
RefTree                        1.0000
Tree                           1.0000
RefTree_taxa                   7.0000
Tree_taxa                      7.0000
Common_taxa                    7.0000
MatchingCluster                7.0000
MatchingCluster_toYuleAvg      0.5548
MatchingCluster_toUnifAvg      0.5525
R-F_Cluster                    2.5000
R-F_Cluster_toYuleAvg          0.5321
R-F_Cluster_toUnifAvg          0.5340
NodalSplitted                  5.6569
NodalSplitted_toYuleAvg        0.5157
NodalSplitted_toUnifAvg        0.5135
Triples                       13.0000
Triples_toYuleAvg              0.5544
Triples_toUnifAvg              0.5624
MatchingPair                   8.0000
MatchingPair_toYuleAvg         0.7048
MatchingPair_toUnifAvg         0.7156
MAST                           2.0000
MAST_toYuleAvg                 0.6283
MAST_toUnifAvg                 0.6217
CopheneticL2Metric             4.4721
CopheneticL2Metric_toYuleAvg   0.4893
CopheneticL2Metric_toUnifAvg   0.4795

                 Name        Avg  Std        Min        Max  Count
0     MatchingCluster   7.000000  0.0   7.000000   7.000000      1
1         R-F_Cluster   2.500000  0.0   2.500000   2.500000      1
2       NodalSplitted   5.656854  0.0   5.656854   5.656854      1
3             Triples  13.000000  0.0  13.000000  13.000000      1
4        MatchingPair   8.000000  0.0   8.000000   8.000000      1
5                MAST   2.000000  0.0   2.000000   2.000000      1
6  CopheneticL2Metric   4.472136  0.0   4.472136   4.472136      1
