                              metrics
No                             1.0000
RefTree                        1.0000
Tree                           1.0000
RefTree_taxa                  16.0000
Tree_taxa                     16.0000
Common_taxa                   16.0000
MatchingCluster                2.0000
MatchingCluster_toYuleAvg      0.0342
MatchingCluster_toUnifAvg      0.0310
R-F_Cluster                    0.5000
R-F_Cluster_toYuleAvg          0.0363
R-F_Cluster_toUnifAvg          0.0362
NodalSplitted                  5.2915
NodalSplitted_toYuleAvg        0.1257
NodalSplitted_toUnifAvg        0.1075
Triples                        2.0000
Triples_toYuleAvg              0.0054
Triples_toUnifAvg              0.0054
MatchingPair                   1.0000
MatchingPair_toYuleAvg         0.0122
MatchingPair_toUnifAvg         0.0125
MAST                           1.0000
MAST_toYuleAvg                 0.0994
MAST_toUnifAvg                 0.0988
CopheneticL2Metric             1.7321
CopheneticL2Metric_toYuleAvg   0.0527
CopheneticL2Metric_toUnifAvg   0.0466

                 Name       Avg  Std       Min       Max  Count
0     MatchingCluster  2.000000  0.0  2.000000  2.000000      1
1         R-F_Cluster  0.500000  0.0  0.500000  0.500000      1
2       NodalSplitted  5.291503  0.0  5.291503  5.291503      1
3             Triples  2.000000  0.0  2.000000  2.000000      1
4        MatchingPair  1.000000  0.0  1.000000  1.000000      1
5                MAST  1.000000  0.0  1.000000  1.000000      1
6  CopheneticL2Metric  1.732051  0.0  1.732051  1.732051      1
