                              metrics
No                             1.0000
RefTree                        1.0000
Tree                           1.0000
RefTree_taxa                  11.0000
Tree_taxa                     11.0000
Common_taxa                   11.0000
MatchingCluster                5.0000
MatchingCluster_toYuleAvg      0.1647
MatchingCluster_toUnifAvg      0.1565
R-F_Cluster                    1.0000
R-F_Cluster_toYuleAvg          0.1145
R-F_Cluster_toUnifAvg          0.1136
NodalSplitted                  6.1644
NodalSplitted_toYuleAvg        0.2597
NodalSplitted_toUnifAvg        0.2404
Triples                        4.0000
Triples_toYuleAvg              0.0364
Triples_toUnifAvg              0.0363
MatchingPair                   4.0000
MatchingPair_toYuleAvg         0.1165
MatchingPair_toUnifAvg         0.1174
MAST                           1.0000
MAST_toYuleAvg                 0.1618
MAST_toUnifAvg                 0.1616
CopheneticL2Metric             4.0000
CopheneticL2Metric_toYuleAvg   0.2098
CopheneticL2Metric_toUnifAvg   0.1945

                 Name       Avg  Std       Min       Max  Count
0     MatchingCluster  5.000000  0.0  5.000000  5.000000      1
1         R-F_Cluster  1.000000  0.0  1.000000  1.000000      1
2       NodalSplitted  6.164414  0.0  6.164414  6.164414      1
3             Triples  4.000000  0.0  4.000000  4.000000      1
4        MatchingPair  4.000000  0.0  4.000000  4.000000      1
5                MAST  1.000000  0.0  1.000000  1.000000      1
6  CopheneticL2Metric  4.000000  0.0  4.000000  4.000000      1
