                              metrics
No                             1.0000
RefTree                        1.0000
Tree                           1.0000
RefTree_taxa                  11.0000
Tree_taxa                     11.0000
Common_taxa                   11.0000
MatchingCluster                8.0000
MatchingCluster_toYuleAvg      0.2636
MatchingCluster_toUnifAvg      0.2504
R-F_Cluster                    2.0000
R-F_Cluster_toYuleAvg          0.2290
R-F_Cluster_toUnifAvg          0.2272
NodalSplitted                  7.8740
NodalSplitted_toYuleAvg        0.3318
NodalSplitted_toUnifAvg        0.3071
Triples                        8.0000
Triples_toYuleAvg              0.0728
Triples_toUnifAvg              0.0726
MatchingPair                   5.0000
MatchingPair_toYuleAvg         0.1456
MatchingPair_toUnifAvg         0.1468
MAST                           2.0000
MAST_toYuleAvg                 0.3237
MAST_toUnifAvg                 0.3232
CopheneticL2Metric             4.5826
CopheneticL2Metric_toYuleAvg   0.2404
CopheneticL2Metric_toUnifAvg   0.2228

                 Name       Avg  Std       Min       Max  Count
0     MatchingCluster  8.000000  0.0  8.000000  8.000000      1
1         R-F_Cluster  2.000000  0.0  2.000000  2.000000      1
2       NodalSplitted  7.874008  0.0  7.874008  7.874008      1
3             Triples  8.000000  0.0  8.000000  8.000000      1
4        MatchingPair  5.000000  0.0  5.000000  5.000000      1
5                MAST  2.000000  0.0  2.000000  2.000000      1
6  CopheneticL2Metric  4.582576  0.0  4.582576  4.582576      1
