                              metrics
No                             1.0000
RefTree                        1.0000
Tree                           1.0000
RefTree_taxa                  10.0000
Tree_taxa                     10.0000
Common_taxa                   10.0000
MatchingCluster               10.0000
MatchingCluster_toYuleAvg      0.3935
MatchingCluster_toUnifAvg      0.3782
R-F_Cluster                    4.0000
R-F_Cluster_toYuleAvg          0.5168
R-F_Cluster_toUnifAvg          0.5144
NodalSplitted                 12.1655
NodalSplitted_toYuleAvg        0.6008
NodalSplitted_toUnifAvg        0.5653
Triples                       24.0000
Triples_toYuleAvg              0.2994
Triples_toUnifAvg              0.3021
MatchingPair                  11.0000
MatchingPair_toYuleAvg         0.3977
MatchingPair_toUnifAvg         0.4066
MAST                           4.0000
MAST_toYuleAvg                 0.7431
MAST_toUnifAvg                 0.7475
CopheneticL2Metric             7.7460
CopheneticL2Metric_toYuleAvg   0.4730
CopheneticL2Metric_toUnifAvg   0.4511

                 Name        Avg  Std        Min        Max  Count
0     MatchingCluster  10.000000  0.0  10.000000  10.000000      1
1         R-F_Cluster   4.000000  0.0   4.000000   4.000000      1
2       NodalSplitted  12.165525  0.0  12.165525  12.165525      1
3             Triples  24.000000  0.0  24.000000  24.000000      1
4        MatchingPair  11.000000  0.0  11.000000  11.000000      1
5                MAST   4.000000  0.0   4.000000   4.000000      1
6  CopheneticL2Metric   7.745967  0.0   7.745967   7.745967      1
