                              metrics
No                             1.0000
RefTree                        1.0000
Tree                           1.0000
RefTree_taxa                  16.0000
Tree_taxa                     16.0000
Common_taxa                   16.0000
MatchingCluster               21.0000
MatchingCluster_toYuleAvg      0.3593
MatchingCluster_toUnifAvg      0.3253
R-F_Cluster                    6.0000
R-F_Cluster_toYuleAvg          0.4357
R-F_Cluster_toUnifAvg          0.4340
NodalSplitted                 15.7797
NodalSplitted_toYuleAvg        0.3749
NodalSplitted_toUnifAvg        0.3206
Triples                       53.0000
Triples_toYuleAvg              0.1420
Triples_toUnifAvg              0.1424
MatchingPair                  31.0000
MatchingPair_toYuleAvg         0.3796
MatchingPair_toUnifAvg         0.3873
MAST                           6.0000
MAST_toYuleAvg                 0.5961
MAST_toUnifAvg                 0.5925
CopheneticL2Metric            11.1803
CopheneticL2Metric_toYuleAvg   0.3402
CopheneticL2Metric_toUnifAvg   0.3006

                 Name        Avg  Std        Min        Max  Count
0     MatchingCluster  21.000000  0.0  21.000000  21.000000      1
1         R-F_Cluster   6.000000  0.0   6.000000   6.000000      1
2       NodalSplitted  15.779734  0.0  15.779734  15.779734      1
3             Triples  53.000000  0.0  53.000000  53.000000      1
4        MatchingPair  31.000000  0.0  31.000000  31.000000      1
5                MAST   6.000000  0.0   6.000000   6.000000      1
6  CopheneticL2Metric  11.180340  0.0  11.180340  11.180340      1
