
                            < M A T L A B (R) >
                  Copyright 1984-2017 The MathWorks, Inc.
                   R2017a (9.2.0.538062) 64-bit (glnxa64)
                             February 23, 2017

 
To get started, type one of these: helpwin, helpdesk, or demo.
For product information, visit www.mathworks.com.
 
Running "Run1", Seed: 875887
 *** Finished Simulation Run ***

config-11.json #############################################

[#.........] | Progress: 1 | Time: 0.0s | ETA: --[.#........] | Progress: 16 | Time: 0.1s | ETA: --[..#.......] | Progress: 31 | Time: 0.1s | ETA: --[...#......] | Progress: 46 | Time: 0.2s | ETA: --[....#.....] | Progress: 61 | Time: 0.2s | ETA: --[.....#....] | Progress: 75 | Time: 0.3s | ETA: --[......#...] | Progress: 89 | Time: 0.3s | ETA: --[.......#..] | Progress: 103 | Time: 0.4s | ETA: --[........#.] | Progress: 118 | Time: 0.4s | ETA: --[.........#] | Progress: 132 | Time: 0.5s | ETA: --[........#.] | Progress: 145 | Time: 0.5s | ETA: --[.......#..] | Progress: 160 | Time: 0.6s | ETA: --[......#...] | Progress: 175 | Time: 0.6s | ETA: --[.....#....] | Progress: 190 | Time: 0.7s | ETA: --[....#.....] | Progress: 205 | Time: 0.7s | ETA: --[...#......] | Progress: 220 | Time: 0.8s | ETA: --[..#.......] | Progress: 234 | Time: 0.8s | ETA: --[.#........] | Progress: 249 | Time: 0.9s | ETA: --[##########] | Progress: 260 | Time: 0.9s | ETA: --fit<>, fid</home/chun/projects/clineage-simulation/analysis/tmc/tmc-009/case-11/triplets-list.raw.txt>, flg<treeReconstruction.log>, frt<resTree.tree>, frtN</home/chun/projects/clineage-simulation/analysis/tmc/tmc-009/case-11/reconstructed.tmp.newick>, fsd<qqq.dat>, fst<simul.tree>, -->index=2
Read triplets from file...
Read triplets from file...Finished
N_triplets = 260, idMaxFound = 14
treeBuildBasedOnTriplets_run...
make_isTogetherInTripletAndDeleteExtraTriplets: Finished
maxCut with 9 nodes: Finished
maxCut with 8 nodes: Finished
treeBuildBasedOnTriplets_run...Finished
Saving tree to file...
Saving tree to file...Finished

                            < M A T L A B (R) >
                  Copyright 1984-2017 The MathWorks, Inc.
                   R2017a (9.2.0.538062) 64-bit (glnxa64)
                             February 23, 2017

 
To get started, type one of these: helpwin, helpdesk, or demo.
For product information, visit www.mathworks.com.
 
TreeCmp version build2

Active options:
Type of the analysis:  ref-to-all comparison mode (-r)
Metrics:
  1. MatchingCluster (mc)
  2. R-F_Cluster (rc)
  3. NodalSplitted (ns)
  4. Triples (tt)
  5. MatchingPair (mp)
  6. MAST (mt)
  7. CopheneticL2Metric (co)
Input file: /home/chun/projects/clineage-simulation/analysis/tmc/tmc-009/case-11/reconstructed.newick
Output file: /home/chun/projects/clineage-simulation/analysis/tmc/tmc-009/case-11/scores.raw.out
Additional options:
N - Report normalized distances.
P - Prune compared trees if needed (trees can have different leaf sets).
I - Include summary section in the output file.
-----
2018-06-18 18:39:33: Start of reading random statistics.
2018-06-18 18:39:34: End of reading random statistics.
2018-06-18 18:39:34: Start of scanning input file: /home/chun/projects/clineage-simulation/analysis/tmc/tmc-009/case-11/reconstructed.newick
2018-06-18 18:39:34: End of scanning input file: /home/chun/projects/clineage-simulation/analysis/tmc/tmc-009/case-11/reconstructed.newick
2018-06-18 18:39:34: 1 valid trees found in file: /home/chun/projects/clineage-simulation/analysis/tmc/tmc-009/case-11/reconstructed.newick
2018-06-18 18:39:34: Start of calculation...please wait...
2018-06-18 18:39:34: 0.00% completed...
2018-06-18 18:39:34: 100.00% completed.
2018-06-18 18:39:34: End of calculation.
2018-06-18 18:39:34: Total calculation time: 21 ms.
                              metrics
No                             1.0000
RefTree                        1.0000
Tree                           1.0000
RefTree_taxa                  14.0000
Tree_taxa                     14.0000
Common_taxa                   14.0000
MatchingCluster                6.0000
MatchingCluster_toYuleAvg      0.1284
MatchingCluster_toUnifAvg      0.1189
R-F_Cluster                    1.0000
R-F_Cluster_toYuleAvg          0.0849
R-F_Cluster_toUnifAvg          0.0846
NodalSplitted                  7.6158
NodalSplitted_toYuleAvg        0.2192
NodalSplitted_toUnifAvg        0.1950
Triples                       10.0000
Triples_toYuleAvg              0.0412
Triples_toUnifAvg              0.0413
MatchingPair                   5.0000
MatchingPair_toYuleAvg         0.0832
MatchingPair_toUnifAvg         0.0847
MAST                           1.0000
MAST_toYuleAvg                 0.1179
MAST_toUnifAvg                 0.1167
CopheneticL2Metric             5.2915
CopheneticL2Metric_toYuleAvg   0.1933
CopheneticL2Metric_toUnifAvg   0.1734

                 Name        Avg  Std        Min        Max  Count
0     MatchingCluster   6.000000  0.0   6.000000   6.000000      1
1         R-F_Cluster   1.000000  0.0   1.000000   1.000000      1
2       NodalSplitted   7.615773  0.0   7.615773   7.615773      1
3             Triples  10.000000  0.0  10.000000  10.000000      1
4        MatchingPair   5.000000  0.0   5.000000   5.000000      1
5                MAST   1.000000  0.0   1.000000   1.000000      1
6  CopheneticL2Metric   5.291503  0.0   5.291503   5.291503      1
