
                            < M A T L A B (R) >
                  Copyright 1984-2017 The MathWorks, Inc.
                   R2017a (9.2.0.538062) 64-bit (glnxa64)
                             February 23, 2017

 
To get started, type one of these: helpwin, helpdesk, or demo.
For product information, visit www.mathworks.com.
 
Running "Run1", Seed: 875887
 *** Finished Simulation Run ***

config-13.json #############################################

[#.........] | Progress: 1 | Time: 0.0s | ETA: --[.#........] | Progress: 23 | Time: 0.1s | ETA: --[..#.......] | Progress: 48 | Time: 0.1s | ETA: --[...#......] | Progress: 74 | Time: 0.2s | ETA: --[....#.....] | Progress: 100 | Time: 0.2s | ETA: --[.....#....] | Progress: 126 | Time: 0.3s | ETA: --[......#...] | Progress: 152 | Time: 0.3s | ETA: --[.......#..] | Progress: 178 | Time: 0.4s | ETA: --[........#.] | Progress: 204 | Time: 0.4s | ETA: --[.........#] | Progress: 230 | Time: 0.5s | ETA: --[........#.] | Progress: 256 | Time: 0.5s | ETA: --[.......#..] | Progress: 282 | Time: 0.6s | ETA: --[......#...] | Progress: 308 | Time: 0.6s | ETA: --[.....#....] | Progress: 333 | Time: 0.7s | ETA: --[....#.....] | Progress: 359 | Time: 0.7s | ETA: --[...#......] | Progress: 384 | Time: 0.8s | ETA: --[##########] | Progress: 394 | Time: 0.8s | ETA: --fit<>, fid</home/chun/projects/clineage-simulation/analysis/tmc/tmc-008/case-13/triplets-list.raw.txt>, flg<treeReconstruction.log>, frt<resTree.tree>, frtN</home/chun/projects/clineage-simulation/analysis/tmc/tmc-008/case-13/reconstructed.tmp.newick>, fsd<qqq.dat>, fst<simul.tree>, -->index=2
Read triplets from file...
Read triplets from file...Finished
N_triplets = 394, idMaxFound = 16
treeBuildBasedOnTriplets_run...
make_isTogetherInTripletAndDeleteExtraTriplets: Finished
maxCut with 16 nodes: Finished
maxCut with 13 nodes: Finished
maxCut with 11 nodes: Finished
maxCut with 5 nodes: Finished
treeBuildBasedOnTriplets_run...Finished
Saving tree to file...
Saving tree to file...Finished

                            < M A T L A B (R) >
                  Copyright 1984-2017 The MathWorks, Inc.
                   R2017a (9.2.0.538062) 64-bit (glnxa64)
                             February 23, 2017

 
To get started, type one of these: helpwin, helpdesk, or demo.
For product information, visit www.mathworks.com.
 
TreeCmp version build2

Active options:
Type of the analysis:  ref-to-all comparison mode (-r)
Metrics:
  1. MatchingCluster (mc)
  2. R-F_Cluster (rc)
  3. NodalSplitted (ns)
  4. Triples (tt)
  5. MatchingPair (mp)
  6. MAST (mt)
  7. CopheneticL2Metric (co)
Input file: /home/chun/projects/clineage-simulation/analysis/tmc/tmc-008/case-13/reconstructed.newick
Output file: /home/chun/projects/clineage-simulation/analysis/tmc/tmc-008/case-13/scores.raw.out
Additional options:
N - Report normalized distances.
P - Prune compared trees if needed (trees can have different leaf sets).
I - Include summary section in the output file.
-----
2018-06-18 18:39:26: Start of reading random statistics.
2018-06-18 18:39:26: End of reading random statistics.
2018-06-18 18:39:26: Start of scanning input file: /home/chun/projects/clineage-simulation/analysis/tmc/tmc-008/case-13/reconstructed.newick
2018-06-18 18:39:26: End of scanning input file: /home/chun/projects/clineage-simulation/analysis/tmc/tmc-008/case-13/reconstructed.newick
2018-06-18 18:39:26: 1 valid trees found in file: /home/chun/projects/clineage-simulation/analysis/tmc/tmc-008/case-13/reconstructed.newick
2018-06-18 18:39:26: Start of calculation...please wait...
2018-06-18 18:39:26: 0.00% completed...
2018-06-18 18:39:26: 100.00% completed.
2018-06-18 18:39:26: End of calculation.
2018-06-18 18:39:26: Total calculation time: 25 ms.
                              metrics
No                             1.0000
RefTree                        1.0000
Tree                           1.0000
RefTree_taxa                  16.0000
Tree_taxa                     16.0000
Common_taxa                   16.0000
MatchingCluster                2.0000
MatchingCluster_toYuleAvg      0.0342
MatchingCluster_toUnifAvg      0.0310
R-F_Cluster                    0.5000
R-F_Cluster_toYuleAvg          0.0363
R-F_Cluster_toUnifAvg          0.0362
NodalSplitted                  5.2915
NodalSplitted_toYuleAvg        0.1257
NodalSplitted_toUnifAvg        0.1075
Triples                        1.0000
Triples_toYuleAvg              0.0027
Triples_toUnifAvg              0.0027
MatchingPair                   1.0000
MatchingPair_toYuleAvg         0.0122
MatchingPair_toUnifAvg         0.0125
MAST                           1.0000
MAST_toYuleAvg                 0.0994
MAST_toUnifAvg                 0.0988
CopheneticL2Metric             1.7321
CopheneticL2Metric_toYuleAvg   0.0527
CopheneticL2Metric_toUnifAvg   0.0466

                 Name       Avg  Std       Min       Max  Count
0     MatchingCluster  2.000000  0.0  2.000000  2.000000      1
1         R-F_Cluster  0.500000  0.0  0.500000  0.500000      1
2       NodalSplitted  5.291503  0.0  5.291503  5.291503      1
3             Triples  1.000000  0.0  1.000000  1.000000      1
4        MatchingPair  1.000000  0.0  1.000000  1.000000      1
5                MAST  1.000000  0.0  1.000000  1.000000      1
6  CopheneticL2Metric  1.732051  0.0  1.732051  1.732051      1
