
                            < M A T L A B (R) >
                  Copyright 1984-2017 The MathWorks, Inc.
                   R2017a (9.2.0.538062) 64-bit (glnxa64)
                             February 23, 2017

 
To get started, type one of these: helpwin, helpdesk, or demo.
For product information, visit www.mathworks.com.
 
Running "Run1", Seed: 875887
 *** Finished Simulation Run ***

config-14.json #############################################

[#.........] | Progress: 1 | Time: 0.0s | ETA: --[.#........] | Progress: 27 | Time: 0.1s | ETA: --[..#.......] | Progress: 53 | Time: 0.1s | ETA: --[...#......] | Progress: 79 | Time: 0.2s | ETA: --[....#.....] | Progress: 105 | Time: 0.2s | ETA: --[.....#....] | Progress: 131 | Time: 0.3s | ETA: --[......#...] | Progress: 157 | Time: 0.3s | ETA: --[.......#..] | Progress: 183 | Time: 0.4s | ETA: --[........#.] | Progress: 209 | Time: 0.4s | ETA: --[.........#] | Progress: 235 | Time: 0.5s | ETA: --[........#.] | Progress: 261 | Time: 0.5s | ETA: --[.......#..] | Progress: 286 | Time: 0.6s | ETA: --[......#...] | Progress: 311 | Time: 0.6s | ETA: --[.....#....] | Progress: 336 | Time: 0.7s | ETA: --[....#.....] | Progress: 362 | Time: 0.7s | ETA: --[...#......] | Progress: 388 | Time: 0.8s | ETA: --[..#.......] | Progress: 414 | Time: 0.8s | ETA: --[.#........] | Progress: 439 | Time: 0.9s | ETA: --[#.........] | Progress: 463 | Time: 0.9s | ETA: --[##########] | Progress: 466 | Time: 0.9s | ETA: --fit<>, fid</home/chun/projects/clineage-simulation/analysis/tmc/tmc-008/case-14/triplets-list.raw.txt>, flg<treeReconstruction.log>, frt<resTree.tree>, frtN</home/chun/projects/clineage-simulation/analysis/tmc/tmc-008/case-14/reconstructed.tmp.newick>, fsd<qqq.dat>, fst<simul.tree>, -->index=2
Read triplets from file...
Read triplets from file...Finished
N_triplets = 466, idMaxFound = 16
treeBuildBasedOnTriplets_run...
make_isTogetherInTripletAndDeleteExtraTriplets: Finished
maxCut with 17 nodes: Finished
maxCut with 14 nodes: Finished
maxCut with 12 nodes: Finished
maxCut with 6 nodes: Finished
maxCut with 6 nodes: Finished
treeBuildBasedOnTriplets_run...Finished
Saving tree to file...
Saving tree to file...Finished

                            < M A T L A B (R) >
                  Copyright 1984-2017 The MathWorks, Inc.
                   R2017a (9.2.0.538062) 64-bit (glnxa64)
                             February 23, 2017

 
To get started, type one of these: helpwin, helpdesk, or demo.
For product information, visit www.mathworks.com.
 
TreeCmp version build2

Active options:
Type of the analysis:  ref-to-all comparison mode (-r)
Metrics:
  1. MatchingCluster (mc)
  2. R-F_Cluster (rc)
  3. NodalSplitted (ns)
  4. Triples (tt)
  5. MatchingPair (mp)
  6. MAST (mt)
  7. CopheneticL2Metric (co)
Input file: /home/chun/projects/clineage-simulation/analysis/tmc/tmc-008/case-14/reconstructed.newick
Output file: /home/chun/projects/clineage-simulation/analysis/tmc/tmc-008/case-14/scores.raw.out
Additional options:
N - Report normalized distances.
P - Prune compared trees if needed (trees can have different leaf sets).
I - Include summary section in the output file.
-----
2018-06-18 18:39:31: Start of reading random statistics.
2018-06-18 18:39:32: End of reading random statistics.
2018-06-18 18:39:32: Start of scanning input file: /home/chun/projects/clineage-simulation/analysis/tmc/tmc-008/case-14/reconstructed.newick
2018-06-18 18:39:32: End of scanning input file: /home/chun/projects/clineage-simulation/analysis/tmc/tmc-008/case-14/reconstructed.newick
2018-06-18 18:39:32: 1 valid trees found in file: /home/chun/projects/clineage-simulation/analysis/tmc/tmc-008/case-14/reconstructed.newick
2018-06-18 18:39:32: Start of calculation...please wait...
2018-06-18 18:39:32: 0.00% completed...
2018-06-18 18:39:32: 100.00% completed.
2018-06-18 18:39:32: End of calculation.
2018-06-18 18:39:32: Total calculation time: 27 ms.
                              metrics
No                             1.0000
RefTree                        1.0000
Tree                           1.0000
RefTree_taxa                  17.0000
Tree_taxa                     17.0000
Common_taxa                   17.0000
MatchingCluster                8.0000
MatchingCluster_toYuleAvg      0.1238
MatchingCluster_toUnifAvg      0.1101
R-F_Cluster                    2.5000
R-F_Cluster_toYuleAvg          0.1692
R-F_Cluster_toUnifAvg          0.1684
NodalSplitted                 11.9164
NodalSplitted_toYuleAvg        0.2600
NodalSplitted_toUnifAvg        0.2176
Triples                        9.0000
Triples_toYuleAvg              0.0198
Triples_toUnifAvg              0.0198
MatchingPair                   6.0000
MatchingPair_toYuleAvg         0.0642
MatchingPair_toUnifAvg         0.0652
MAST                           2.0000
MAST_toYuleAvg                 0.1839
MAST_toUnifAvg                 0.1827
CopheneticL2Metric             5.0990
CopheneticL2Metric_toYuleAvg   0.1420
CopheneticL2Metric_toUnifAvg   0.1234

                 Name        Avg  Std        Min        Max  Count
0     MatchingCluster   8.000000  0.0   8.000000   8.000000      1
1         R-F_Cluster   2.500000  0.0   2.500000   2.500000      1
2       NodalSplitted  11.916375  0.0  11.916375  11.916375      1
3             Triples   9.000000  0.0   9.000000   9.000000      1
4        MatchingPair   6.000000  0.0   6.000000   6.000000      1
5                MAST   2.000000  0.0   2.000000   2.000000      1
6  CopheneticL2Metric   5.099020  0.0   5.099020   5.099020      1
