                              metrics
No                             1.0000
RefTree                        1.0000
Tree                           1.0000
RefTree_taxa                  19.0000
Tree_taxa                     19.0000
Common_taxa                   19.0000
MatchingCluster                9.0000
MatchingCluster_toYuleAvg      0.1161
MatchingCluster_toUnifAvg      0.1013
R-F_Cluster                    2.0000
R-F_Cluster_toYuleAvg          0.1194
R-F_Cluster_toUnifAvg          0.1188
NodalSplitted                 12.1655
NodalSplitted_toYuleAvg        0.2262
NodalSplitted_toUnifAvg        0.1844
Triples                        9.0000
Triples_toYuleAvg              0.0140
Triples_toUnifAvg              0.0139
MatchingPair                   6.0000
MatchingPair_toYuleAvg         0.0501
MatchingPair_toUnifAvg         0.0509
MAST                           3.0000
MAST_toYuleAvg                 0.2397
MAST_toUnifAvg                 0.2378
CopheneticL2Metric             4.8990
CopheneticL2Metric_toYuleAvg   0.1161
CopheneticL2Metric_toUnifAvg   0.0995

                 Name        Avg  Std        Min        Max  Count
0     MatchingCluster   9.000000  0.0   9.000000   9.000000      1
1         R-F_Cluster   2.000000  0.0   2.000000   2.000000      1
2       NodalSplitted  12.165525  0.0  12.165525  12.165525      1
3             Triples   9.000000  0.0   9.000000   9.000000      1
4        MatchingPair   6.000000  0.0   6.000000   6.000000      1
5                MAST   3.000000  0.0   3.000000   3.000000      1
6  CopheneticL2Metric   4.898979  0.0   4.898979   4.898979      1
