                              metrics
No                             1.0000
RefTree                        1.0000
Tree                           1.0000
RefTree_taxa                  22.0000
Tree_taxa                     22.0000
Common_taxa                   22.0000
MatchingCluster                5.0000
MatchingCluster_toYuleAvg      0.0506
MatchingCluster_toUnifAvg      0.0432
R-F_Cluster                    1.5000
R-F_Cluster_toYuleAvg          0.0759
R-F_Cluster_toUnifAvg          0.0755
NodalSplitted                 10.0499
NodalSplitted_toYuleAvg        0.1509
NodalSplitted_toUnifAvg        0.1181
Triples                        3.0000
Triples_toYuleAvg              0.0029
Triples_toUnifAvg              0.0029
MatchingPair                   3.0000
MatchingPair_toYuleAvg         0.0182
MatchingPair_toUnifAvg         0.0185
MAST                           2.0000
MAST_toYuleAvg                 0.1334
MAST_toUnifAvg                 0.1324
CopheneticL2Metric             3.1623
CopheneticL2Metric_toYuleAvg   0.0622
CopheneticL2Metric_toUnifAvg   0.0504

                 Name        Avg  Std        Min        Max  Count
0     MatchingCluster   5.000000  0.0   5.000000   5.000000      1
1         R-F_Cluster   1.500000  0.0   1.500000   1.500000      1
2       NodalSplitted  10.049876  0.0  10.049876  10.049876      1
3             Triples   3.000000  0.0   3.000000   3.000000      1
4        MatchingPair   3.000000  0.0   3.000000   3.000000      1
5                MAST   2.000000  0.0   2.000000   2.000000      1
6  CopheneticL2Metric   3.162278  0.0   3.162278   3.162278      1
