                               metrics
No                              1.0000
RefTree                         1.0000
Tree                            1.0000
RefTree_taxa                   21.0000
Tree_taxa                      21.0000
Common_taxa                    21.0000
MatchingCluster                42.0000
MatchingCluster_toYuleAvg       0.4585
MatchingCluster_toUnifAvg       0.3971
R-F_Cluster                    14.5000
R-F_Cluster_toYuleAvg           0.7725
R-F_Cluster_toUnifAvg           0.7692
NodalSplitted                  24.6171
NodalSplitted_toYuleAvg         0.3998
NodalSplitted_toUnifAvg         0.3163
Triples                       348.0000
Triples_toYuleAvg               0.3919
Triples_toUnifAvg               0.3926
MatchingPair                   85.0000
MatchingPair_toYuleAvg          0.5691
MatchingPair_toUnifAvg          0.5807
MAST                           10.0000
MAST_toYuleAvg                  0.7055
MAST_toUnifAvg                  0.7005
CopheneticL2Metric             14.8324
CopheneticL2Metric_toYuleAvg    0.3117
CopheneticL2Metric_toUnifAvg    0.2568

                 Name         Avg  Std         Min         Max  Count
0     MatchingCluster   42.000000  0.0   42.000000   42.000000      1
1         R-F_Cluster   14.500000  0.0   14.500000   14.500000      1
2       NodalSplitted   24.617067  0.0   24.617067   24.617067      1
3             Triples  348.000000  0.0  348.000000  348.000000      1
4        MatchingPair   85.000000  0.0   85.000000   85.000000      1
5                MAST   10.000000  0.0   10.000000   10.000000      1
6  CopheneticL2Metric   14.832397  0.0   14.832397   14.832397      1
