                              metrics
No                             1.0000
RefTree                        1.0000
Tree                           1.0000
RefTree_taxa                  22.0000
Tree_taxa                     22.0000
Common_taxa                   22.0000
MatchingCluster               16.0000
MatchingCluster_toYuleAvg      0.1619
MatchingCluster_toUnifAvg      0.1382
R-F_Cluster                    5.0000
R-F_Cluster_toYuleAvg          0.2529
R-F_Cluster_toUnifAvg          0.2518
NodalSplitted                 18.9209
NodalSplitted_toYuleAvg        0.2840
NodalSplitted_toUnifAvg        0.2224
Triples                       43.0000
Triples_toYuleAvg              0.0419
Triples_toUnifAvg              0.0418
MatchingPair                  17.0000
MatchingPair_toYuleAvg         0.1032
MatchingPair_toUnifAvg         0.1050
MAST                           4.0000
MAST_toYuleAvg                 0.2667
MAST_toUnifAvg                 0.2648
CopheneticL2Metric             7.7460
CopheneticL2Metric_toYuleAvg   0.1524
CopheneticL2Metric_toUnifAvg   0.1234

                 Name        Avg  Std        Min        Max  Count
0     MatchingCluster  16.000000  0.0  16.000000  16.000000      1
1         R-F_Cluster   5.000000  0.0   5.000000   5.000000      1
2       NodalSplitted  18.920888  0.0  18.920888  18.920888      1
3             Triples  43.000000  0.0  43.000000  43.000000      1
4        MatchingPair  17.000000  0.0  17.000000  17.000000      1
5                MAST   4.000000  0.0   4.000000   4.000000      1
6  CopheneticL2Metric   7.745967  0.0   7.745967   7.745967      1
