                                metrics
No                               1.0000
RefTree                          1.0000
Tree                             1.0000
RefTree_taxa                    23.0000
Tree_taxa                       23.0000
Common_taxa                     23.0000
MatchingCluster                 87.0000
MatchingCluster_toYuleAvg        0.8205
MatchingCluster_toUnifAvg        0.7020
R-F_Cluster                     14.5000
R-F_Cluster_toYuleAvg            0.6979
R-F_Cluster_toUnifAvg            0.6965
NodalSplitted                   64.0625
NodalSplitted_toYuleAvg          0.9081
NodalSplitted_toUnifAvg          0.7146
Triples                       1126.0000
Triples_toYuleAvg                0.9527
Triples_toUnifAvg                0.9569
MatchingPair                   179.0000
MatchingPair_toYuleAvg           0.9806
MatchingPair_toUnifAvg           1.0020
MAST                            15.0000
MAST_toYuleAvg                   0.9454
MAST_toUnifAvg                   0.9367
CopheneticL2Metric              39.0128
CopheneticL2Metric_toYuleAvg     0.7201
CopheneticL2Metric_toUnifAvg     0.5778

                 Name          Avg  Std          Min          Max  Count
0     MatchingCluster    87.000000  0.0    87.000000    87.000000      1
1         R-F_Cluster    14.500000  0.0    14.500000    14.500000      1
2       NodalSplitted    64.062470  0.0    64.062470    64.062470      1
3             Triples  1126.000000  0.0  1126.000000  1126.000000      1
4        MatchingPair   179.000000  0.0   179.000000   179.000000      1
5                MAST    15.000000  0.0    15.000000    15.000000      1
6  CopheneticL2Metric    39.012818  0.0    39.012818    39.012818      1
