                              metrics
No                             1.0000
RefTree                        1.0000
Tree                           1.0000
RefTree_taxa                  21.0000
Tree_taxa                     21.0000
Common_taxa                   21.0000
MatchingCluster               29.0000
MatchingCluster_toYuleAvg      0.3166
MatchingCluster_toUnifAvg      0.2742
R-F_Cluster                    5.5000
R-F_Cluster_toYuleAvg          0.2930
R-F_Cluster_toUnifAvg          0.2918
NodalSplitted                 33.7343
NodalSplitted_toYuleAvg        0.5479
NodalSplitted_toUnifAvg        0.4334
Triples                       60.0000
Triples_toYuleAvg              0.0676
Triples_toUnifAvg              0.0677
MatchingPair                  28.0000
MatchingPair_toYuleAvg         0.1875
MatchingPair_toUnifAvg         0.1913
MAST                           5.0000
MAST_toYuleAvg                 0.3527
MAST_toUnifAvg                 0.3502
CopheneticL2Metric            20.5913
CopheneticL2Metric_toYuleAvg   0.4328
CopheneticL2Metric_toUnifAvg   0.3564

                 Name        Avg  Std        Min        Max  Count
0     MatchingCluster  29.000000  0.0  29.000000  29.000000      1
1         R-F_Cluster   5.500000  0.0   5.500000   5.500000      1
2       NodalSplitted  33.734256  0.0  33.734256  33.734256      1
3             Triples  60.000000  0.0  60.000000  60.000000      1
4        MatchingPair  28.000000  0.0  28.000000  28.000000      1
5                MAST   5.000000  0.0   5.000000   5.000000      1
6  CopheneticL2Metric  20.591260  0.0  20.591260  20.591260      1
