                              metrics
No                             1.0000
RefTree                        1.0000
Tree                           1.0000
RefTree_taxa                  12.0000
Tree_taxa                     12.0000
Common_taxa                   12.0000
MatchingCluster               30.0000
MatchingCluster_toYuleAvg      0.8450
MatchingCluster_toUnifAvg      0.7934
R-F_Cluster                    6.5000
R-F_Cluster_toYuleAvg          0.6667
R-F_Cluster_toUnifAvg          0.6640
NodalSplitted                 21.1660
NodalSplitted_toYuleAvg        0.7770
NodalSplitted_toUnifAvg        0.7074
Triples                       88.0000
Triples_toYuleAvg              0.5978
Triples_toUnifAvg              0.5997
MatchingPair                  37.0000
MatchingPair_toYuleAvg         0.8747
MatchingPair_toUnifAvg         0.8864
MAST                           6.0000
MAST_toYuleAvg                 0.8707
MAST_toUnifAvg                 0.8622
CopheneticL2Metric            16.0624
CopheneticL2Metric_toYuleAvg   0.7409
CopheneticL2Metric_toUnifAvg   0.6817

                 Name        Avg  Std        Min        Max  Count
0     MatchingCluster  30.000000  0.0  30.000000  30.000000      1
1         R-F_Cluster   6.500000  0.0   6.500000   6.500000      1
2       NodalSplitted  21.166010  0.0  21.166010  21.166010      1
3             Triples  88.000000  0.0  88.000000  88.000000      1
4        MatchingPair  37.000000  0.0  37.000000  37.000000      1
5                MAST   6.000000  0.0   6.000000   6.000000      1
6  CopheneticL2Metric  16.062378  0.0  16.062378  16.062378      1
