                              metrics
No                             1.0000
RefTree                        1.0000
Tree                           1.0000
RefTree_taxa                  18.0000
Tree_taxa                     18.0000
Common_taxa                   18.0000
MatchingCluster                7.0000
MatchingCluster_toYuleAvg      0.0985
MatchingCluster_toUnifAvg      0.0870
R-F_Cluster                    2.0000
R-F_Cluster_toYuleAvg          0.1267
R-F_Cluster_toUnifAvg          0.1264
NodalSplitted                 10.6301
NodalSplitted_toYuleAvg        0.2138
NodalSplitted_toUnifAvg        0.1754
Triples                        4.0000
Triples_toYuleAvg              0.0073
Triples_toUnifAvg              0.0074
MatchingPair                   4.0000
MatchingPair_toYuleAvg         0.0376
MatchingPair_toUnifAvg         0.0385
MAST                           3.0000
MAST_toYuleAvg                 0.2556
MAST_toUnifAvg                 0.2549
CopheneticL2Metric             3.6056
CopheneticL2Metric_toYuleAvg   0.0919
CopheneticL2Metric_toUnifAvg   0.0798

                 Name        Avg  Std        Min        Max  Count
0     MatchingCluster   7.000000  0.0   7.000000   7.000000      1
1         R-F_Cluster   2.000000  0.0   2.000000   2.000000      1
2       NodalSplitted  10.630146  0.0  10.630146  10.630146      1
3             Triples   4.000000  0.0   4.000000   4.000000      1
4        MatchingPair   4.000000  0.0   4.000000   4.000000      1
5                MAST   3.000000  0.0   3.000000   3.000000      1
6  CopheneticL2Metric   3.605551  0.0   3.605551   3.605551      1
