                              metrics
No                             1.0000
RefTree                        1.0000
Tree                           1.0000
RefTree_taxa                  11.0000
Tree_taxa                     11.0000
Common_taxa                   11.0000
MatchingCluster                7.0000
MatchingCluster_toYuleAvg      0.2306
MatchingCluster_toUnifAvg      0.2191
R-F_Cluster                    2.0000
R-F_Cluster_toYuleAvg          0.2290
R-F_Cluster_toUnifAvg          0.2272
NodalSplitted                  7.7460
NodalSplitted_toYuleAvg        0.3264
NodalSplitted_toUnifAvg        0.3021
Triples                        6.0000
Triples_toYuleAvg              0.0546
Triples_toUnifAvg              0.0544
MatchingPair                   4.0000
MatchingPair_toYuleAvg         0.1165
MatchingPair_toUnifAvg         0.1174
MAST                           2.0000
MAST_toYuleAvg                 0.3237
MAST_toUnifAvg                 0.3232
CopheneticL2Metric             4.0000
CopheneticL2Metric_toYuleAvg   0.2098
CopheneticL2Metric_toUnifAvg   0.1945

                 Name       Avg  Std       Min       Max  Count
0     MatchingCluster  7.000000  0.0  7.000000  7.000000      1
1         R-F_Cluster  2.000000  0.0  2.000000  2.000000      1
2       NodalSplitted  7.745967  0.0  7.745967  7.745967      1
3             Triples  6.000000  0.0  6.000000  6.000000      1
4        MatchingPair  4.000000  0.0  4.000000  4.000000      1
5                MAST  2.000000  0.0  2.000000  2.000000      1
6  CopheneticL2Metric  4.000000  0.0  4.000000  4.000000      1
