                               metrics
No                              1.0000
RefTree                         1.0000
Tree                            1.0000
RefTree_taxa                   17.0000
Tree_taxa                      17.0000
Common_taxa                    17.0000
MatchingCluster                29.0000
MatchingCluster_toYuleAvg       0.4487
MatchingCluster_toUnifAvg       0.3989
R-F_Cluster                     5.0000
R-F_Cluster_toYuleAvg           0.3385
R-F_Cluster_toUnifAvg           0.3368
NodalSplitted                  23.4947
NodalSplitted_toYuleAvg         0.5126
NodalSplitted_toUnifAvg         0.4291
Triples                       307.0000
Triples_toYuleAvg               0.6762
Triples_toUnifAvg               0.6750
MatchingPair                   59.0000
MatchingPair_toYuleAvg          0.6315
MatchingPair_toUnifAvg          0.6413
MAST                            8.0000
MAST_toYuleAvg                  0.7357
MAST_toUnifAvg                  0.7307
CopheneticL2Metric             20.9045
CopheneticL2Metric_toYuleAvg    0.5821
CopheneticL2Metric_toUnifAvg    0.5057

                 Name         Avg  Std         Min         Max  Count
0     MatchingCluster   29.000000  0.0   29.000000   29.000000      1
1         R-F_Cluster    5.000000  0.0    5.000000    5.000000      1
2       NodalSplitted   23.494680  0.0   23.494680   23.494680      1
3             Triples  307.000000  0.0  307.000000  307.000000      1
4        MatchingPair   59.000000  0.0   59.000000   59.000000      1
5                MAST    8.000000  0.0    8.000000    8.000000      1
6  CopheneticL2Metric   20.904545  0.0   20.904545   20.904545      1
