                              metrics
No                             1.0000
RefTree                        1.0000
Tree                           1.0000
RefTree_taxa                   8.0000
Tree_taxa                      8.0000
Common_taxa                    8.0000
MatchingCluster               14.0000
MatchingCluster_toYuleAvg      0.8546
MatchingCluster_toUnifAvg      0.8227
R-F_Cluster                    5.0000
R-F_Cluster_toYuleAvg          0.8749
R-F_Cluster_toUnifAvg          0.8676
NodalSplitted                 10.8628
NodalSplitted_toYuleAvg        0.7916
NodalSplitted_toUnifAvg        0.7512
Triples                       29.0000
Triples_toYuleAvg              0.7838
Triples_toUnifAvg              0.7671
MatchingPair                  14.0000
MatchingPair_toYuleAvg         0.8824
MatchingPair_toUnifAvg         0.8792
MAST                           3.0000
MAST_toYuleAvg                 0.7702
MAST_toUnifAvg                 0.7647
CopheneticL2Metric             9.1652
CopheneticL2Metric_toYuleAvg   0.8044
CopheneticL2Metric_toUnifAvg   0.7764

                 Name        Avg  Std        Min        Max  Count
0     MatchingCluster  14.000000  0.0  14.000000  14.000000      1
1         R-F_Cluster   5.000000  0.0   5.000000   5.000000      1
2       NodalSplitted  10.862780  0.0  10.862780  10.862780      1
3             Triples  29.000000  0.0  29.000000  29.000000      1
4        MatchingPair  14.000000  0.0  14.000000  14.000000      1
5                MAST   3.000000  0.0   3.000000   3.000000      1
6  CopheneticL2Metric   9.165151  0.0   9.165151   9.165151      1
