                               metrics
No                              1.0000
RefTree                         1.0000
Tree                            1.0000
RefTree_taxa                   17.0000
Tree_taxa                      16.0000
Common_taxa                    16.0000
MatchingCluster                51.0000
MatchingCluster_toYuleAvg       0.8727
MatchingCluster_toUnifAvg       0.7899
R-F_Cluster                    10.5000
R-F_Cluster_toYuleAvg           0.7624
R-F_Cluster_toUnifAvg           0.7595
NodalSplitted                  32.8786
NodalSplitted_toYuleAvg         0.7811
NodalSplitted_toUnifAvg         0.6680
Triples                       381.0000
Triples_toYuleAvg               1.0211
Triples_toUnifAvg               1.0237
MatchingPair                   87.0000
MatchingPair_toYuleAvg          1.0654
MatchingPair_toUnifAvg          1.0870
MAST                            9.0000
MAST_toYuleAvg                  0.8942
MAST_toUnifAvg                  0.8888
CopheneticL2Metric             26.1534
CopheneticL2Metric_toYuleAvg    0.7958
CopheneticL2Metric_toUnifAvg    0.7032

                 Name         Avg  Std         Min         Max  Count
0     MatchingCluster   51.000000  0.0   51.000000   51.000000      1
1         R-F_Cluster   10.500000  0.0   10.500000   10.500000      1
2       NodalSplitted   32.878564  0.0   32.878564   32.878564      1
3             Triples  381.000000  0.0  381.000000  381.000000      1
4        MatchingPair   87.000000  0.0   87.000000   87.000000      1
5                MAST    9.000000  0.0    9.000000    9.000000      1
6  CopheneticL2Metric   26.153394  0.0   26.153394   26.153394      1
