                               metrics
No                              1.0000
RefTree                         1.0000
Tree                            1.0000
RefTree_taxa                   23.0000
Tree_taxa                      23.0000
Common_taxa                    23.0000
MatchingCluster                39.0000
MatchingCluster_toYuleAvg       0.3678
MatchingCluster_toUnifAvg       0.3147
R-F_Cluster                     6.0000
R-F_Cluster_toYuleAvg           0.2888
R-F_Cluster_toUnifAvg           0.2882
NodalSplitted                  36.0278
NodalSplitted_toYuleAvg         0.5107
NodalSplitted_toUnifAvg         0.4019
Triples                       155.0000
Triples_toYuleAvg               0.1311
Triples_toUnifAvg               0.1317
MatchingPair                   44.0000
MatchingPair_toYuleAvg          0.2410
MatchingPair_toUnifAvg          0.2463
MAST                            7.0000
MAST_toYuleAvg                  0.4412
MAST_toUnifAvg                  0.4371
CopheneticL2Metric             24.1454
CopheneticL2Metric_toYuleAvg    0.4457
CopheneticL2Metric_toUnifAvg    0.3576

                 Name         Avg  Std         Min         Max  Count
0     MatchingCluster   39.000000  0.0   39.000000   39.000000      1
1         R-F_Cluster    6.000000  0.0    6.000000    6.000000      1
2       NodalSplitted   36.027767  0.0   36.027767   36.027767      1
3             Triples  155.000000  0.0  155.000000  155.000000      1
4        MatchingPair   44.000000  0.0   44.000000   44.000000      1
5                MAST    7.000000  0.0    7.000000    7.000000      1
6  CopheneticL2Metric   24.145393  0.0   24.145393   24.145393      1
