                                 metrics
No                                1.0000
RefTree                           1.0000
Tree                              1.0000
RefTree_taxa                    100.0000
Tree_taxa                       100.0000
Common_taxa                     100.0000
MatchingCluster                 920.0000
MatchingCluster_toYuleAvg         0.9863
MatchingCluster_toUnifAvg         0.6193
R-F_Cluster                      90.0000
R-F_Cluster_toYuleAvg             0.9204
R-F_Cluster_toUnifAvg             0.9197
NodalSplitted                   459.4693
NodalSplitted_toYuleAvg           1.0222
NodalSplitted_toUnifAvg           0.4873
Triples                       92418.0000
Triples_toYuleAvg                 0.8568
Triples_toUnifAvg                 0.8571
MatchingPair                   3390.0000
MatchingPair_toYuleAvg            0.8391
MatchingPair_toUnifAvg            0.8570
MAST                             76.0000
MAST_toYuleAvg                    0.8973
MAST_toUnifAvg                    0.8876
CopheneticL2Metric              448.7338
CopheneticL2Metric_toYuleAvg      1.3401
CopheneticL2Metric_toUnifAvg      0.6707

                 Name           Avg  Std           Min           Max  Count
0     MatchingCluster    920.000000  0.0    920.000000    920.000000      1
1         R-F_Cluster     90.000000  0.0     90.000000     90.000000      1
2       NodalSplitted    459.469259  0.0    459.469259    459.469259      1
3             Triples  92418.000000  0.0  92418.000000  92418.000000      1
4        MatchingPair   3390.000000  0.0   3390.000000   3390.000000      1
5                MAST     76.000000  0.0     76.000000     76.000000      1
6  CopheneticL2Metric    448.733774  0.0    448.733774    448.733774      1
