                              metrics
No                             1.0000
RefTree                        1.0000
Tree                           1.0000
RefTree_taxa                  19.0000
Tree_taxa                     19.0000
Common_taxa                   19.0000
MatchingCluster               16.0000
MatchingCluster_toYuleAvg      0.2063
MatchingCluster_toUnifAvg      0.1800
R-F_Cluster                    4.5000
R-F_Cluster_toYuleAvg          0.2687
R-F_Cluster_toUnifAvg          0.2673
NodalSplitted                 18.0000
NodalSplitted_toYuleAvg        0.3347
NodalSplitted_toUnifAvg        0.2728
Triples                       36.0000
Triples_toYuleAvg              0.0559
Triples_toUnifAvg              0.0557
MatchingPair                  11.0000
MatchingPair_toYuleAvg         0.0919
MatchingPair_toUnifAvg         0.0934
MAST                           4.0000
MAST_toYuleAvg                 0.3196
MAST_toUnifAvg                 0.3171
CopheneticL2Metric             9.4340
CopheneticL2Metric_toYuleAvg   0.2235
CopheneticL2Metric_toUnifAvg   0.1916

                 Name        Avg  Std        Min        Max  Count
0     MatchingCluster  16.000000  0.0  16.000000  16.000000      1
1         R-F_Cluster   4.500000  0.0   4.500000   4.500000      1
2       NodalSplitted  18.000000  0.0  18.000000  18.000000      1
3             Triples  36.000000  0.0  36.000000  36.000000      1
4        MatchingPair  11.000000  0.0  11.000000  11.000000      1
5                MAST   4.000000  0.0   4.000000   4.000000      1
6  CopheneticL2Metric   9.433981  0.0   9.433981   9.433981      1
