                               metrics
No                              1.0000
RefTree                         1.0000
Tree                            1.0000
RefTree_taxa                   20.0000
Tree_taxa                      20.0000
Common_taxa                    20.0000
MatchingCluster                47.0000
MatchingCluster_toYuleAvg       0.5517
MatchingCluster_toUnifAvg       0.4831
R-F_Cluster                    10.5000
R-F_Cluster_toYuleAvg           0.5912
R-F_Cluster_toUnifAvg           0.5883
NodalSplitted                  34.7707
NodalSplitted_toYuleAvg         0.5975
NodalSplitted_toUnifAvg         0.4838
Triples                       255.0000
Triples_toYuleAvg               0.3336
Triples_toUnifAvg               0.3357
MatchingPair                   67.0000
MatchingPair_toYuleAvg          0.4980
MatchingPair_toUnifAvg          0.5092
MAST                           10.0000
MAST_toYuleAvg                  0.7496
MAST_toUnifAvg                  0.7433
CopheneticL2Metric             19.1311
CopheneticL2Metric_toYuleAvg    0.4308
CopheneticL2Metric_toUnifAvg    0.3522

                 Name         Avg  Std         Min         Max  Count
0     MatchingCluster   47.000000  0.0   47.000000   47.000000      1
1         R-F_Cluster   10.500000  0.0   10.500000   10.500000      1
2       NodalSplitted   34.770677  0.0   34.770677   34.770677      1
3             Triples  255.000000  0.0  255.000000  255.000000      1
4        MatchingPair   67.000000  0.0   67.000000   67.000000      1
5                MAST   10.000000  0.0   10.000000   10.000000      1
6  CopheneticL2Metric   19.131126  0.0   19.131126   19.131126      1
