                              metrics
No                             1.0000
RefTree                        1.0000
Tree                           1.0000
RefTree_taxa                  17.0000
Tree_taxa                     17.0000
Common_taxa                   17.0000
MatchingCluster                7.0000
MatchingCluster_toYuleAvg      0.1083
MatchingCluster_toUnifAvg      0.0963
R-F_Cluster                    1.5000
R-F_Cluster_toYuleAvg          0.1015
R-F_Cluster_toUnifAvg          0.1010
NodalSplitted                  9.8995
NodalSplitted_toYuleAvg        0.2160
NodalSplitted_toUnifAvg        0.1808
Triples                        5.0000
Triples_toYuleAvg              0.0110
Triples_toUnifAvg              0.0110
MatchingPair                   5.0000
MatchingPair_toYuleAvg         0.0535
MatchingPair_toUnifAvg         0.0544
MAST                           2.0000
MAST_toYuleAvg                 0.1839
MAST_toUnifAvg                 0.1827
CopheneticL2Metric             4.3589
CopheneticL2Metric_toYuleAvg   0.1214
CopheneticL2Metric_toUnifAvg   0.1054

                 Name       Avg  Std       Min       Max  Count
0     MatchingCluster  7.000000  0.0  7.000000  7.000000      1
1         R-F_Cluster  1.500000  0.0  1.500000  1.500000      1
2       NodalSplitted  9.899495  0.0  9.899495  9.899495      1
3             Triples  5.000000  0.0  5.000000  5.000000      1
4        MatchingPair  5.000000  0.0  5.000000  5.000000      1
5                MAST  2.000000  0.0  2.000000  2.000000      1
6  CopheneticL2Metric  4.358899  0.0  4.358899  4.358899      1
