                               metrics
No                              1.0000
RefTree                         1.0000
Tree                            1.0000
RefTree_taxa                   19.0000
Tree_taxa                      19.0000
Common_taxa                    19.0000
MatchingCluster                34.0000
MatchingCluster_toYuleAvg       0.4385
MatchingCluster_toUnifAvg       0.3826
R-F_Cluster                     5.0000
R-F_Cluster_toYuleAvg           0.2986
R-F_Cluster_toUnifAvg           0.2970
NodalSplitted                  29.9333
NodalSplitted_toYuleAvg         0.5565
NodalSplitted_toUnifAvg         0.4537
Triples                       389.0000
Triples_toYuleAvg               0.6045
Triples_toUnifAvg               0.6016
MatchingPair                   67.0000
MatchingPair_toYuleAvg          0.5598
MatchingPair_toUnifAvg          0.5688
MAST                           10.0000
MAST_toYuleAvg                  0.7990
MAST_toUnifAvg                  0.7928
CopheneticL2Metric             24.1247
CopheneticL2Metric_toYuleAvg    0.5715
CopheneticL2Metric_toUnifAvg    0.4899

                 Name         Avg  Std         Min         Max  Count
0     MatchingCluster   34.000000  0.0   34.000000   34.000000      1
1         R-F_Cluster    5.000000  0.0    5.000000    5.000000      1
2       NodalSplitted   29.933259  0.0   29.933259   29.933259      1
3             Triples  389.000000  0.0  389.000000  389.000000      1
4        MatchingPair   67.000000  0.0   67.000000   67.000000      1
5                MAST   10.000000  0.0   10.000000   10.000000      1
6  CopheneticL2Metric   24.124676  0.0   24.124676   24.124676      1
