                              metrics
No                             1.0000
RefTree                        1.0000
Tree                           1.0000
RefTree_taxa                   8.0000
Tree_taxa                      8.0000
Common_taxa                    8.0000
MatchingCluster               13.0000
MatchingCluster_toYuleAvg      0.7936
MatchingCluster_toUnifAvg      0.7639
R-F_Cluster                    5.0000
R-F_Cluster_toYuleAvg          0.8749
R-F_Cluster_toUnifAvg          0.8676
NodalSplitted                 11.0000
NodalSplitted_toYuleAvg        0.8016
NodalSplitted_toUnifAvg        0.7607
Triples                       28.0000
Triples_toYuleAvg              0.7568
Triples_toUnifAvg              0.7406
MatchingPair                  14.0000
MatchingPair_toYuleAvg         0.8824
MatchingPair_toUnifAvg         0.8792
MAST                           3.0000
MAST_toYuleAvg                 0.7702
MAST_toUnifAvg                 0.7647
CopheneticL2Metric             9.1104
CopheneticL2Metric_toYuleAvg   0.7996
CopheneticL2Metric_toUnifAvg   0.7718

                 Name        Avg  Std        Min        Max  Count
0     MatchingCluster  13.000000  0.0  13.000000  13.000000      1
1         R-F_Cluster   5.000000  0.0   5.000000   5.000000      1
2       NodalSplitted  11.000000  0.0  11.000000  11.000000      1
3             Triples  28.000000  0.0  28.000000  28.000000      1
4        MatchingPair  14.000000  0.0  14.000000  14.000000      1
5                MAST   3.000000  0.0   3.000000   3.000000      1
6  CopheneticL2Metric   9.110434  0.0   9.110434   9.110434      1
