                              metrics
No                             1.0000
RefTree                        1.0000
Tree                           1.0000
RefTree_taxa                  14.0000
Tree_taxa                     14.0000
Common_taxa                   14.0000
MatchingCluster               20.0000
MatchingCluster_toYuleAvg      0.4281
MatchingCluster_toUnifAvg      0.3964
R-F_Cluster                    4.0000
R-F_Cluster_toYuleAvg          0.3397
R-F_Cluster_toUnifAvg          0.3386
NodalSplitted                 15.8114
NodalSplitted_toYuleAvg        0.4551
NodalSplitted_toUnifAvg        0.4049
Triples                       96.0000
Triples_toYuleAvg              0.3951
Triples_toUnifAvg              0.3960
MatchingPair                  36.0000
MatchingPair_toYuleAvg         0.5987
MatchingPair_toUnifAvg         0.6095
MAST                           6.0000
MAST_toYuleAvg                 0.7072
MAST_toUnifAvg                 0.7004
CopheneticL2Metric            11.9164
CopheneticL2Metric_toYuleAvg   0.4353
CopheneticL2Metric_toUnifAvg   0.3906

                 Name        Avg  Std        Min        Max  Count
0     MatchingCluster  20.000000  0.0  20.000000  20.000000      1
1         R-F_Cluster   4.000000  0.0   4.000000   4.000000      1
2       NodalSplitted  15.811388  0.0  15.811388  15.811388      1
3             Triples  96.000000  0.0  96.000000  96.000000      1
4        MatchingPair  36.000000  0.0  36.000000  36.000000      1
5                MAST   6.000000  0.0   6.000000   6.000000      1
6  CopheneticL2Metric  11.916375  0.0  11.916375  11.916375      1
