
                            < M A T L A B (R) >
                  Copyright 1984-2017 The MathWorks, Inc.
                   R2017a (9.2.0.538062) 64-bit (glnxa64)
                             February 23, 2017

 
To get started, type one of these: helpwin, helpdesk, or demo.
For product information, visit www.mathworks.com.
 
Running "Run1", Seed: 263803
 *** Finished Simulation Run ***

config-20.json #############################################

[#.........] | Progress: 1 | Time: 0.0s | ETA: --[.#........] | Progress: 65 | Time: 0.1s | ETA: --[..#.......] | Progress: 127 | Time: 0.1s | ETA: --[...#......] | Progress: 189 | Time: 0.2s | ETA: --[....#.....] | Progress: 252 | Time: 0.2s | ETA: --[.....#....] | Progress: 315 | Time: 0.3s | ETA: --[......#...] | Progress: 379 | Time: 0.3s | ETA: --[.......#..] | Progress: 443 | Time: 0.4s | ETA: --[........#.] | Progress: 503 | Time: 0.4s | ETA: --[.........#] | Progress: 566 | Time: 0.5s | ETA: --[........#.] | Progress: 630 | Time: 0.5s | ETA: --[.......#..] | Progress: 694 | Time: 0.6s | ETA: --[......#...] | Progress: 757 | Time: 0.6s | ETA: --[.....#....] | Progress: 821 | Time: 0.7s | ETA: --[....#.....] | Progress: 886 | Time: 0.7s | ETA: --[...#......] | Progress: 950 | Time: 0.8s | ETA: --[..#.......] | Progress: 1014 | Time: 0.8s | ETA: --[.#........] | Progress: 1077 | Time: 0.9s | ETA: --[#.........] | Progress: 1139 | Time: 0.9s | ETA: --[##########] | Progress: 1198 | Time: 1.0s | ETA: --fit<>, fid</home/chun/projects/clineage-simulation/analysis/tmc-263803/tmc-007/case-20/triplets-list.raw.txt>, flg<treeReconstruction.log>, frt<resTree.tree>, frtN</home/chun/projects/clineage-simulation/analysis/tmc-263803/tmc-007/case-20/reconstructed.tmp.newick>, fsd<qqq.dat>, fst<simul.tree>, -->index=2
Read triplets from file...
Read triplets from file...Finished
N_triplets = 1198, idMaxFound = 23
treeBuildBasedOnTriplets_run...
make_isTogetherInTripletAndDeleteExtraTriplets: Finished
maxCut with 23 nodes: Finished
maxCut with 17 nodes: Finished
maxCut with 14 nodes: Finished
maxCut with 7 nodes: Finished
treeBuildBasedOnTriplets_run...Finished
Saving tree to file...
Saving tree to file...Finished

                            < M A T L A B (R) >
                  Copyright 1984-2017 The MathWorks, Inc.
                   R2017a (9.2.0.538062) 64-bit (glnxa64)
                             February 23, 2017

 
To get started, type one of these: helpwin, helpdesk, or demo.
For product information, visit www.mathworks.com.
 
TreeCmp version build2

Active options:
Type of the analysis:  ref-to-all comparison mode (-r)
Metrics:
  1. MatchingCluster (mc)
  2. R-F_Cluster (rc)
  3. NodalSplitted (ns)
  4. Triples (tt)
  5. MatchingPair (mp)
  6. MAST (mt)
  7. CopheneticL2Metric (co)
Input file: /home/chun/projects/clineage-simulation/analysis/tmc-263803/tmc-007/case-20/reconstructed.newick
Output file: /home/chun/projects/clineage-simulation/analysis/tmc-263803/tmc-007/case-20/scores.raw.out
Additional options:
N - Report normalized distances.
P - Prune compared trees if needed (trees can have different leaf sets).
I - Include summary section in the output file.
-----
2018-06-19 06:29:52: Start of reading random statistics.
2018-06-19 06:29:52: End of reading random statistics.
2018-06-19 06:29:52: Start of scanning input file: /home/chun/projects/clineage-simulation/analysis/tmc-263803/tmc-007/case-20/reconstructed.newick
2018-06-19 06:29:52: End of scanning input file: /home/chun/projects/clineage-simulation/analysis/tmc-263803/tmc-007/case-20/reconstructed.newick
2018-06-19 06:29:52: 1 valid trees found in file: /home/chun/projects/clineage-simulation/analysis/tmc-263803/tmc-007/case-20/reconstructed.newick
2018-06-19 06:29:52: Start of calculation...please wait...
2018-06-19 06:29:52: 0.00% completed...
2018-06-19 06:29:52: 100.00% completed.
2018-06-19 06:29:52: End of calculation.
2018-06-19 06:29:52: Total calculation time: 24 ms.
                              metrics
No                             1.0000
RefTree                        1.0000
Tree                           1.0000
RefTree_taxa                  23.0000
Tree_taxa                     23.0000
Common_taxa                   23.0000
MatchingCluster               11.0000
MatchingCluster_toYuleAvg      0.1037
MatchingCluster_toUnifAvg      0.0888
R-F_Cluster                    3.0000
R-F_Cluster_toYuleAvg          0.1444
R-F_Cluster_toUnifAvg          0.1441
NodalSplitted                 18.2757
NodalSplitted_toYuleAvg        0.2591
NodalSplitted_toUnifAvg        0.2039
Triples                       13.0000
Triples_toYuleAvg              0.0110
Triples_toUnifAvg              0.0110
MatchingPair                   7.0000
MatchingPair_toYuleAvg         0.0383
MatchingPair_toUnifAvg         0.0392
MAST                           3.0000
MAST_toYuleAvg                 0.1891
MAST_toUnifAvg                 0.1873
CopheneticL2Metric             6.5574
CopheneticL2Metric_toYuleAvg   0.1210
CopheneticL2Metric_toUnifAvg   0.0971

                 Name        Avg  Std        Min        Max  Count
0     MatchingCluster  11.000000  0.0  11.000000  11.000000      1
1         R-F_Cluster   3.000000  0.0   3.000000   3.000000      1
2       NodalSplitted  18.275667  0.0  18.275667  18.275667      1
3             Triples  13.000000  0.0  13.000000  13.000000      1
4        MatchingPair   7.000000  0.0   7.000000   7.000000      1
5                MAST   3.000000  0.0   3.000000   3.000000      1
6  CopheneticL2Metric   6.557439  0.0   6.557439   6.557439      1
