
                            < M A T L A B (R) >
                  Copyright 1984-2017 The MathWorks, Inc.
                   R2017a (9.2.0.538062) 64-bit (glnxa64)
                             February 23, 2017

 
To get started, type one of these: helpwin, helpdesk, or demo.
For product information, visit www.mathworks.com.
 
Running "Run1", Seed: 263803
 *** Finished Simulation Run ***

config-17.json #############################################

[#.........] | Progress: 1 | Time: 0.0s | ETA: --[.#........] | Progress: 37 | Time: 0.1s | ETA: --[..#.......] | Progress: 78 | Time: 0.1s | ETA: --[...#......] | Progress: 126 | Time: 0.2s | ETA: --[....#.....] | Progress: 176 | Time: 0.2s | ETA: --[.....#....] | Progress: 227 | Time: 0.3s | ETA: --[......#...] | Progress: 278 | Time: 0.3s | ETA: --[.......#..] | Progress: 328 | Time: 0.4s | ETA: --[........#.] | Progress: 380 | Time: 0.4s | ETA: --[.........#] | Progress: 431 | Time: 0.5s | ETA: --[........#.] | Progress: 483 | Time: 0.5s | ETA: --[.......#..] | Progress: 535 | Time: 0.6s | ETA: --[......#...] | Progress: 586 | Time: 0.6s | ETA: --[.....#....] | Progress: 638 | Time: 0.7s | ETA: --[....#.....] | Progress: 689 | Time: 0.7s | ETA: --[...#......] | Progress: 739 | Time: 0.8s | ETA: --[##########] | Progress: 778 | Time: 0.8s | ETA: --fit<>, fid</home/chun/projects/clineage-simulation/analysis/tmc-263803/tmc-007/case-17/triplets-list.raw.txt>, flg<treeReconstruction.log>, frt<resTree.tree>, frtN</home/chun/projects/clineage-simulation/analysis/tmc-263803/tmc-007/case-17/reconstructed.tmp.newick>, fsd<qqq.dat>, fst<simul.tree>, -->index=2
Read triplets from file...
Read triplets from file...Finished
N_triplets = 777, idMaxFound = 20
treeBuildBasedOnTriplets_run...
make_isTogetherInTripletAndDeleteExtraTriplets: Finished
maxCut with 20 nodes: Finished
maxCut with 14 nodes: Finished
maxCut with 6 nodes: Finished
treeBuildBasedOnTriplets_run...Finished
Saving tree to file...
Saving tree to file...Finished

                            < M A T L A B (R) >
                  Copyright 1984-2017 The MathWorks, Inc.
                   R2017a (9.2.0.538062) 64-bit (glnxa64)
                             February 23, 2017

 
To get started, type one of these: helpwin, helpdesk, or demo.
For product information, visit www.mathworks.com.
 
TreeCmp version build2

Active options:
Type of the analysis:  ref-to-all comparison mode (-r)
Metrics:
  1. MatchingCluster (mc)
  2. R-F_Cluster (rc)
  3. NodalSplitted (ns)
  4. Triples (tt)
  5. MatchingPair (mp)
  6. MAST (mt)
  7. CopheneticL2Metric (co)
Input file: /home/chun/projects/clineage-simulation/analysis/tmc-263803/tmc-007/case-17/reconstructed.newick
Output file: /home/chun/projects/clineage-simulation/analysis/tmc-263803/tmc-007/case-17/scores.raw.out
Additional options:
N - Report normalized distances.
P - Prune compared trees if needed (trees can have different leaf sets).
I - Include summary section in the output file.
-----
2018-06-19 06:29:52: Start of reading random statistics.
2018-06-19 06:29:52: End of reading random statistics.
2018-06-19 06:29:52: Start of scanning input file: /home/chun/projects/clineage-simulation/analysis/tmc-263803/tmc-007/case-17/reconstructed.newick
2018-06-19 06:29:52: End of scanning input file: /home/chun/projects/clineage-simulation/analysis/tmc-263803/tmc-007/case-17/reconstructed.newick
2018-06-19 06:29:52: 1 valid trees found in file: /home/chun/projects/clineage-simulation/analysis/tmc-263803/tmc-007/case-17/reconstructed.newick
2018-06-19 06:29:52: Start of calculation...please wait...
2018-06-19 06:29:52: 0.00% completed...
2018-06-19 06:29:52: 100.00% completed.
2018-06-19 06:29:52: End of calculation.
2018-06-19 06:29:52: Total calculation time: 23 ms.
                              metrics
No                             1.0000
RefTree                        1.0000
Tree                           1.0000
RefTree_taxa                  20.0000
Tree_taxa                     20.0000
Common_taxa                   20.0000
MatchingCluster               10.0000
MatchingCluster_toYuleAvg      0.1174
MatchingCluster_toUnifAvg      0.1028
R-F_Cluster                    2.5000
R-F_Cluster_toYuleAvg          0.1408
R-F_Cluster_toUnifAvg          0.1401
NodalSplitted                 14.2829
NodalSplitted_toYuleAvg        0.2455
NodalSplitted_toUnifAvg        0.1987
Triples                        7.0000
Triples_toYuleAvg              0.0092
Triples_toUnifAvg              0.0092
MatchingPair                   7.0000
MatchingPair_toYuleAvg         0.0520
MatchingPair_toUnifAvg         0.0532
MAST                           3.0000
MAST_toYuleAvg                 0.2249
MAST_toUnifAvg                 0.2230
CopheneticL2Metric             5.6569
CopheneticL2Metric_toYuleAvg   0.1274
CopheneticL2Metric_toUnifAvg   0.1041

                 Name        Avg  Std        Min        Max  Count
0     MatchingCluster  10.000000  0.0  10.000000  10.000000      1
1         R-F_Cluster   2.500000  0.0   2.500000   2.500000      1
2       NodalSplitted  14.282857  0.0  14.282857  14.282857      1
3             Triples   7.000000  0.0   7.000000   7.000000      1
4        MatchingPair   7.000000  0.0   7.000000   7.000000      1
5                MAST   3.000000  0.0   3.000000   3.000000      1
6  CopheneticL2Metric   5.656854  0.0   5.656854   5.656854      1
