
                            < M A T L A B (R) >
                  Copyright 1984-2017 The MathWorks, Inc.
                   R2017a (9.2.0.538062) 64-bit (glnxa64)
                             February 23, 2017

 
To get started, type one of these: helpwin, helpdesk, or demo.
For product information, visit www.mathworks.com.
 
Running "Run1", Seed: 263803
 *** Finished Simulation Run ***

config-13.json #############################################

[#.........] | Progress: 1 | Time: 0.0s | ETA: --[.#........] | Progress: 53 | Time: 0.1s | ETA: --[..#.......] | Progress: 107 | Time: 0.1s | ETA: --[...#......] | Progress: 161 | Time: 0.2s | ETA: --[....#.....] | Progress: 213 | Time: 0.2s | ETA: --[.....#....] | Progress: 267 | Time: 0.3s | ETA: --[......#...] | Progress: 320 | Time: 0.3s | ETA: --[.......#..] | Progress: 374 | Time: 0.4s | ETA: --[##########] | Progress: 386 | Time: 0.4s | ETA: --fit<>, fid</home/chun/projects/clineage-simulation/analysis/tmc-263803/tmc-007/case-13/triplets-list.raw.txt>, flg<treeReconstruction.log>, frt<resTree.tree>, frtN</home/chun/projects/clineage-simulation/analysis/tmc-263803/tmc-007/case-13/reconstructed.tmp.newick>, fsd<qqq.dat>, fst<simul.tree>, -->index=2
Read triplets from file...
Read triplets from file...Finished
N_triplets = 386, idMaxFound = 16
treeBuildBasedOnTriplets_run...
make_isTogetherInTripletAndDeleteExtraTriplets: Finished
maxCut with 16 nodes: Finished
maxCut with 11 nodes: Finished
maxCut with 4 nodes: Finished
maxCut with 4 nodes: Finished
treeBuildBasedOnTriplets_run...Finished
Saving tree to file...
Saving tree to file...Finished

                            < M A T L A B (R) >
                  Copyright 1984-2017 The MathWorks, Inc.
                   R2017a (9.2.0.538062) 64-bit (glnxa64)
                             February 23, 2017

 
To get started, type one of these: helpwin, helpdesk, or demo.
For product information, visit www.mathworks.com.
 
TreeCmp version build2

Active options:
Type of the analysis:  ref-to-all comparison mode (-r)
Metrics:
  1. MatchingCluster (mc)
  2. R-F_Cluster (rc)
  3. NodalSplitted (ns)
  4. Triples (tt)
  5. MatchingPair (mp)
  6. MAST (mt)
  7. CopheneticL2Metric (co)
Input file: /home/chun/projects/clineage-simulation/analysis/tmc-263803/tmc-007/case-13/reconstructed.newick
Output file: /home/chun/projects/clineage-simulation/analysis/tmc-263803/tmc-007/case-13/scores.raw.out
Additional options:
N - Report normalized distances.
P - Prune compared trees if needed (trees can have different leaf sets).
I - Include summary section in the output file.
-----
2018-06-19 06:29:53: Start of reading random statistics.
2018-06-19 06:29:53: End of reading random statistics.
2018-06-19 06:29:53: Start of scanning input file: /home/chun/projects/clineage-simulation/analysis/tmc-263803/tmc-007/case-13/reconstructed.newick
2018-06-19 06:29:53: End of scanning input file: /home/chun/projects/clineage-simulation/analysis/tmc-263803/tmc-007/case-13/reconstructed.newick
2018-06-19 06:29:53: 1 valid trees found in file: /home/chun/projects/clineage-simulation/analysis/tmc-263803/tmc-007/case-13/reconstructed.newick
2018-06-19 06:29:53: Start of calculation...please wait...
2018-06-19 06:29:53: 0.00% completed...
2018-06-19 06:29:53: 100.00% completed.
2018-06-19 06:29:53: End of calculation.
2018-06-19 06:29:53: Total calculation time: 22 ms.
                              metrics
No                             1.0000
RefTree                        1.0000
Tree                           1.0000
RefTree_taxa                  16.0000
Tree_taxa                     16.0000
Common_taxa                   16.0000
MatchingCluster                3.0000
MatchingCluster_toYuleAvg      0.0513
MatchingCluster_toUnifAvg      0.0465
R-F_Cluster                    1.0000
R-F_Cluster_toYuleAvg          0.0726
R-F_Cluster_toUnifAvg          0.0723
NodalSplitted                  6.5574
NodalSplitted_toYuleAvg        0.1558
NodalSplitted_toUnifAvg        0.1332
Triples                        2.0000
Triples_toYuleAvg              0.0054
Triples_toUnifAvg              0.0054
MatchingPair                   2.0000
MatchingPair_toYuleAvg         0.0245
MatchingPair_toUnifAvg         0.0250
MAST                           1.0000
MAST_toYuleAvg                 0.0994
MAST_toUnifAvg                 0.0988
CopheneticL2Metric             2.6458
CopheneticL2Metric_toYuleAvg   0.0805
CopheneticL2Metric_toUnifAvg   0.0711

                 Name       Avg  Std       Min       Max  Count
0     MatchingCluster  3.000000  0.0  3.000000  3.000000      1
1         R-F_Cluster  1.000000  0.0  1.000000  1.000000      1
2       NodalSplitted  6.557439  0.0  6.557439  6.557439      1
3             Triples  2.000000  0.0  2.000000  2.000000      1
4        MatchingPair  2.000000  0.0  2.000000  2.000000      1
5                MAST  1.000000  0.0  1.000000  1.000000      1
6  CopheneticL2Metric  2.645751  0.0  2.645751  2.645751      1
