
                            < M A T L A B (R) >
                  Copyright 1984-2017 The MathWorks, Inc.
                   R2017a (9.2.0.538062) 64-bit (glnxa64)
                             February 23, 2017

 
To get started, type one of these: helpwin, helpdesk, or demo.
For product information, visit www.mathworks.com.
 
Running "Run1", Seed: 263803
 *** Finished Simulation Run ***

config-18.json #############################################

[#.........] | Progress: 1 | Time: 0.0s | ETA: --[.#........] | Progress: 55 | Time: 0.1s | ETA: --[..#.......] | Progress: 110 | Time: 0.1s | ETA: --[...#......] | Progress: 165 | Time: 0.2s | ETA: --[....#.....] | Progress: 220 | Time: 0.2s | ETA: --[.....#....] | Progress: 275 | Time: 0.3s | ETA: --[......#...] | Progress: 330 | Time: 0.3s | ETA: --[.......#..] | Progress: 385 | Time: 0.4s | ETA: --[........#.] | Progress: 440 | Time: 0.4s | ETA: --[.........#] | Progress: 495 | Time: 0.5s | ETA: --[........#.] | Progress: 549 | Time: 0.5s | ETA: --[.......#..] | Progress: 603 | Time: 0.6s | ETA: --[......#...] | Progress: 658 | Time: 0.6s | ETA: --[.....#....] | Progress: 712 | Time: 0.7s | ETA: --[....#.....] | Progress: 767 | Time: 0.7s | ETA: --[...#......] | Progress: 822 | Time: 0.8s | ETA: --[..#.......] | Progress: 876 | Time: 0.8s | ETA: --[##########] | Progress: 895 | Time: 0.8s | ETA: --fit<>, fid</home/chun/projects/clineage-simulation/analysis/tmc-263803/tmc-007/case-18/triplets-list.raw.txt>, flg<treeReconstruction.log>, frt<resTree.tree>, frtN</home/chun/projects/clineage-simulation/analysis/tmc-263803/tmc-007/case-18/reconstructed.tmp.newick>, fsd<qqq.dat>, fst<simul.tree>, -->index=2
Read triplets from file...
Read triplets from file...Finished
N_triplets = 894, idMaxFound = 20
treeBuildBasedOnTriplets_run...
make_isTogetherInTripletAndDeleteExtraTriplets: Finished
maxCut with 21 nodes: Finished
maxCut with 15 nodes: Finished
maxCut with 12 nodes: Finished
maxCut with 6 nodes: Finished
treeBuildBasedOnTriplets_run...Finished
Saving tree to file...
Saving tree to file...Finished

                            < M A T L A B (R) >
                  Copyright 1984-2017 The MathWorks, Inc.
                   R2017a (9.2.0.538062) 64-bit (glnxa64)
                             February 23, 2017

 
To get started, type one of these: helpwin, helpdesk, or demo.
For product information, visit www.mathworks.com.
 
TreeCmp version build2

Active options:
Type of the analysis:  ref-to-all comparison mode (-r)
Metrics:
  1. MatchingCluster (mc)
  2. R-F_Cluster (rc)
  3. NodalSplitted (ns)
  4. Triples (tt)
  5. MatchingPair (mp)
  6. MAST (mt)
  7. CopheneticL2Metric (co)
Input file: /home/chun/projects/clineage-simulation/analysis/tmc-263803/tmc-007/case-18/reconstructed.newick
Output file: /home/chun/projects/clineage-simulation/analysis/tmc-263803/tmc-007/case-18/scores.raw.out
Additional options:
N - Report normalized distances.
P - Prune compared trees if needed (trees can have different leaf sets).
I - Include summary section in the output file.
-----
2018-06-19 06:29:55: Start of reading random statistics.
2018-06-19 06:29:55: End of reading random statistics.
2018-06-19 06:29:55: Start of scanning input file: /home/chun/projects/clineage-simulation/analysis/tmc-263803/tmc-007/case-18/reconstructed.newick
2018-06-19 06:29:55: End of scanning input file: /home/chun/projects/clineage-simulation/analysis/tmc-263803/tmc-007/case-18/reconstructed.newick
2018-06-19 06:29:55: 1 valid trees found in file: /home/chun/projects/clineage-simulation/analysis/tmc-263803/tmc-007/case-18/reconstructed.newick
2018-06-19 06:29:55: Start of calculation...please wait...
2018-06-19 06:29:55: 0.00% completed...
2018-06-19 06:29:55: 100.00% completed.
2018-06-19 06:29:55: End of calculation.
2018-06-19 06:29:55: Total calculation time: 29 ms.
                              metrics
No                             1.0000
RefTree                        1.0000
Tree                           1.0000
RefTree_taxa                  21.0000
Tree_taxa                     21.0000
Common_taxa                   21.0000
MatchingCluster               14.0000
MatchingCluster_toYuleAvg      0.1528
MatchingCluster_toUnifAvg      0.1324
R-F_Cluster                    4.0000
R-F_Cluster_toYuleAvg          0.2131
R-F_Cluster_toUnifAvg          0.2122
NodalSplitted                 22.5389
NodalSplitted_toYuleAvg        0.3661
NodalSplitted_toUnifAvg        0.2896
Triples                       16.0000
Triples_toYuleAvg              0.0180
Triples_toUnifAvg              0.0181
MatchingPair                  10.0000
MatchingPair_toYuleAvg         0.0670
MatchingPair_toUnifAvg         0.0683
MAST                           5.0000
MAST_toYuleAvg                 0.3527
MAST_toUnifAvg                 0.3502
CopheneticL2Metric             8.5440
CopheneticL2Metric_toYuleAvg   0.1796
CopheneticL2Metric_toUnifAvg   0.1479

                 Name        Avg  Std        Min        Max  Count
0     MatchingCluster  14.000000  0.0  14.000000  14.000000      1
1         R-F_Cluster   4.000000  0.0   4.000000   4.000000      1
2       NodalSplitted  22.538855  0.0  22.538855  22.538855      1
3             Triples  16.000000  0.0  16.000000  16.000000      1
4        MatchingPair  10.000000  0.0  10.000000  10.000000      1
5                MAST   5.000000  0.0   5.000000   5.000000      1
6  CopheneticL2Metric   8.544004  0.0   8.544004   8.544004      1
