
                            < M A T L A B (R) >
                  Copyright 1984-2017 The MathWorks, Inc.
                   R2017a (9.2.0.538062) 64-bit (glnxa64)
                             February 23, 2017

 
To get started, type one of these: helpwin, helpdesk, or demo.
For product information, visit www.mathworks.com.
 
Running "Run1", Seed: 136069
 *** Finished Simulation Run ***

config-13.json #############################################

[#.........] | Progress: 1 | Time: 0.0s | ETA: --[.#........] | Progress: 32 | Time: 0.1s | ETA: --[..#.......] | Progress: 63 | Time: 0.1s | ETA: --[...#......] | Progress: 94 | Time: 0.2s | ETA: --[....#.....] | Progress: 125 | Time: 0.2s | ETA: --[.....#....] | Progress: 156 | Time: 0.3s | ETA: --[......#...] | Progress: 187 | Time: 0.3s | ETA: --[.......#..] | Progress: 218 | Time: 0.4s | ETA: --[........#.] | Progress: 249 | Time: 0.4s | ETA: --[.........#] | Progress: 280 | Time: 0.5s | ETA: --[........#.] | Progress: 311 | Time: 0.5s | ETA: --[.......#..] | Progress: 341 | Time: 0.6s | ETA: --[......#...] | Progress: 372 | Time: 0.6s | ETA: --[##########] | Progress: 392 | Time: 0.6s | ETA: --fit<>, fid</home/chun/projects/clineage-simulation/analysis/tmc-136069/tmc-008/case-13/triplets-list.raw.txt>, flg<treeReconstruction.log>, frt<resTree.tree>, frtN</home/chun/projects/clineage-simulation/analysis/tmc-136069/tmc-008/case-13/reconstructed.tmp.newick>, fsd<qqq.dat>, fst<simul.tree>, -->index=2
Read triplets from file...
Read triplets from file...Finished
N_triplets = 392, idMaxFound = 16
treeBuildBasedOnTriplets_run...
make_isTogetherInTripletAndDeleteExtraTriplets: Finished
maxCut with 15 nodes: Finished
maxCut with 13 nodes: Finished
maxCut with 7 nodes: Finished
treeBuildBasedOnTriplets_run...Finished
Saving tree to file...
Saving tree to file...Finished

                            < M A T L A B (R) >
                  Copyright 1984-2017 The MathWorks, Inc.
                   R2017a (9.2.0.538062) 64-bit (glnxa64)
                             February 23, 2017

 
To get started, type one of these: helpwin, helpdesk, or demo.
For product information, visit www.mathworks.com.
 
TreeCmp version build2

Active options:
Type of the analysis:  ref-to-all comparison mode (-r)
Metrics:
  1. MatchingCluster (mc)
  2. R-F_Cluster (rc)
  3. NodalSplitted (ns)
  4. Triples (tt)
  5. MatchingPair (mp)
  6. MAST (mt)
  7. CopheneticL2Metric (co)
Input file: /home/chun/projects/clineage-simulation/analysis/tmc-136069/tmc-008/case-13/reconstructed.newick
Output file: /home/chun/projects/clineage-simulation/analysis/tmc-136069/tmc-008/case-13/scores.raw.out
Additional options:
N - Report normalized distances.
P - Prune compared trees if needed (trees can have different leaf sets).
I - Include summary section in the output file.
-----
2018-06-19 06:54:10: Start of reading random statistics.
2018-06-19 06:54:10: End of reading random statistics.
2018-06-19 06:54:10: Start of scanning input file: /home/chun/projects/clineage-simulation/analysis/tmc-136069/tmc-008/case-13/reconstructed.newick
2018-06-19 06:54:10: End of scanning input file: /home/chun/projects/clineage-simulation/analysis/tmc-136069/tmc-008/case-13/reconstructed.newick
2018-06-19 06:54:10: 1 valid trees found in file: /home/chun/projects/clineage-simulation/analysis/tmc-136069/tmc-008/case-13/reconstructed.newick
2018-06-19 06:54:11: Start of calculation...please wait...
2018-06-19 06:54:11: 0.00% completed...
2018-06-19 06:54:11: 100.00% completed.
2018-06-19 06:54:11: End of calculation.
2018-06-19 06:54:11: Total calculation time: 23 ms.
                              metrics
No                             1.0000
RefTree                        1.0000
Tree                           1.0000
RefTree_taxa                  16.0000
Tree_taxa                     16.0000
Common_taxa                   16.0000
MatchingCluster               20.0000
MatchingCluster_toYuleAvg      0.3422
MatchingCluster_toUnifAvg      0.3098
R-F_Cluster                    4.0000
R-F_Cluster_toYuleAvg          0.2904
R-F_Cluster_toUnifAvg          0.2893
NodalSplitted                 16.1245
NodalSplitted_toYuleAvg        0.3831
NodalSplitted_toUnifAvg        0.3276
Triples                       50.0000
Triples_toYuleAvg              0.1340
Triples_toUnifAvg              0.1343
MatchingPair                  16.0000
MatchingPair_toYuleAvg         0.1959
MatchingPair_toUnifAvg         0.1999
MAST                           3.0000
MAST_toYuleAvg                 0.2981
MAST_toUnifAvg                 0.2963
CopheneticL2Metric            12.0000
CopheneticL2Metric_toYuleAvg   0.3651
CopheneticL2Metric_toUnifAvg   0.3226

                 Name        Avg  Std        Min        Max  Count
0     MatchingCluster  20.000000  0.0  20.000000  20.000000      1
1         R-F_Cluster   4.000000  0.0   4.000000   4.000000      1
2       NodalSplitted  16.124515  0.0  16.124515  16.124515      1
3             Triples  50.000000  0.0  50.000000  50.000000      1
4        MatchingPair  16.000000  0.0  16.000000  16.000000      1
5                MAST   3.000000  0.0   3.000000   3.000000      1
6  CopheneticL2Metric  12.000000  0.0  12.000000  12.000000      1
