
                            < M A T L A B (R) >
                  Copyright 1984-2017 The MathWorks, Inc.
                   R2017a (9.2.0.538062) 64-bit (glnxa64)
                             February 23, 2017

 
To get started, type one of these: helpwin, helpdesk, or demo.
For product information, visit www.mathworks.com.
 
Running "Run1", Seed: 136069
 *** Finished Simulation Run ***

config-15.json #############################################

[#.........] | Progress: 1 | Time: 0.0s | ETA: --[.#........] | Progress: 33 | Time: 0.1s | ETA: --[..#.......] | Progress: 65 | Time: 0.1s | ETA: --[...#......] | Progress: 97 | Time: 0.2s | ETA: --[....#.....] | Progress: 129 | Time: 0.2s | ETA: --[.....#....] | Progress: 161 | Time: 0.3s | ETA: --[......#...] | Progress: 193 | Time: 0.3s | ETA: --[.......#..] | Progress: 225 | Time: 0.4s | ETA: --[........#.] | Progress: 257 | Time: 0.4s | ETA: --[.........#] | Progress: 289 | Time: 0.5s | ETA: --[........#.] | Progress: 321 | Time: 0.5s | ETA: --[.......#..] | Progress: 353 | Time: 0.6s | ETA: --[......#...] | Progress: 385 | Time: 0.6s | ETA: --[.....#....] | Progress: 417 | Time: 0.7s | ETA: --[....#.....] | Progress: 449 | Time: 0.7s | ETA: --[...#......] | Progress: 480 | Time: 0.8s | ETA: --[..#.......] | Progress: 512 | Time: 0.8s | ETA: --[.#........] | Progress: 543 | Time: 0.9s | ETA: --[#.........] | Progress: 571 | Time: 0.9s | ETA: --[##########] | Progress: 573 | Time: 0.9s | ETA: --fit<>, fid</home/chun/projects/clineage-simulation/analysis/tmc-136069/tmc-008/case-15/triplets-list.raw.txt>, flg<treeReconstruction.log>, frt<resTree.tree>, frtN</home/chun/projects/clineage-simulation/analysis/tmc-136069/tmc-008/case-15/reconstructed.tmp.newick>, fsd<qqq.dat>, fst<simul.tree>, -->index=2
Read triplets from file...
Read triplets from file...Finished
N_triplets = 573, idMaxFound = 18
treeBuildBasedOnTriplets_run...
make_isTogetherInTripletAndDeleteExtraTriplets: Finished
maxCut with 17 nodes: Finished
maxCut with 15 nodes: Finished
maxCut with 7 nodes: Finished
maxCut with 8 nodes: Finished
treeBuildBasedOnTriplets_run...Finished
Saving tree to file...
Saving tree to file...Finished

                            < M A T L A B (R) >
                  Copyright 1984-2017 The MathWorks, Inc.
                   R2017a (9.2.0.538062) 64-bit (glnxa64)
                             February 23, 2017

 
To get started, type one of these: helpwin, helpdesk, or demo.
For product information, visit www.mathworks.com.
 
TreeCmp version build2

Active options:
Type of the analysis:  ref-to-all comparison mode (-r)
Metrics:
  1. MatchingCluster (mc)
  2. R-F_Cluster (rc)
  3. NodalSplitted (ns)
  4. Triples (tt)
  5. MatchingPair (mp)
  6. MAST (mt)
  7. CopheneticL2Metric (co)
Input file: /home/chun/projects/clineage-simulation/analysis/tmc-136069/tmc-008/case-15/reconstructed.newick
Output file: /home/chun/projects/clineage-simulation/analysis/tmc-136069/tmc-008/case-15/scores.raw.out
Additional options:
N - Report normalized distances.
P - Prune compared trees if needed (trees can have different leaf sets).
I - Include summary section in the output file.
-----
2018-06-19 06:54:12: Start of reading random statistics.
2018-06-19 06:54:12: End of reading random statistics.
2018-06-19 06:54:12: Start of scanning input file: /home/chun/projects/clineage-simulation/analysis/tmc-136069/tmc-008/case-15/reconstructed.newick
2018-06-19 06:54:12: End of scanning input file: /home/chun/projects/clineage-simulation/analysis/tmc-136069/tmc-008/case-15/reconstructed.newick
2018-06-19 06:54:12: 1 valid trees found in file: /home/chun/projects/clineage-simulation/analysis/tmc-136069/tmc-008/case-15/reconstructed.newick
2018-06-19 06:54:12: Start of calculation...please wait...
2018-06-19 06:54:12: 0.00% completed...
2018-06-19 06:54:12: 100.00% completed.
2018-06-19 06:54:12: End of calculation.
2018-06-19 06:54:12: Total calculation time: 23 ms.
                              metrics
No                             1.0000
RefTree                        1.0000
Tree                           1.0000
RefTree_taxa                  18.0000
Tree_taxa                     18.0000
Common_taxa                   18.0000
MatchingCluster               29.0000
MatchingCluster_toYuleAvg      0.4082
MatchingCluster_toUnifAvg      0.3606
R-F_Cluster                    7.0000
R-F_Cluster_toYuleAvg          0.4434
R-F_Cluster_toUnifAvg          0.4423
NodalSplitted                 26.4386
NodalSplitted_toYuleAvg        0.5318
NodalSplitted_toUnifAvg        0.4362
Triples                       85.0000
Triples_toYuleAvg              0.1555
Triples_toUnifAvg              0.1565
MatchingPair                  24.0000
MatchingPair_toYuleAvg         0.2256
MatchingPair_toUnifAvg         0.2308
MAST                           5.0000
MAST_toYuleAvg                 0.4260
MAST_toUnifAvg                 0.4248
CopheneticL2Metric            16.5227
CopheneticL2Metric_toYuleAvg   0.4211
CopheneticL2Metric_toUnifAvg   0.3656

                 Name        Avg  Std        Min        Max  Count
0     MatchingCluster  29.000000  0.0  29.000000  29.000000      1
1         R-F_Cluster   7.000000  0.0   7.000000   7.000000      1
2       NodalSplitted  26.438608  0.0  26.438608  26.438608      1
3             Triples  85.000000  0.0  85.000000  85.000000      1
4        MatchingPair  24.000000  0.0  24.000000  24.000000      1
5                MAST   5.000000  0.0   5.000000   5.000000      1
6  CopheneticL2Metric  16.522712  0.0  16.522712  16.522712      1
