
                            < M A T L A B (R) >
                  Copyright 1984-2017 The MathWorks, Inc.
                   R2017a (9.2.0.538062) 64-bit (glnxa64)
                             February 23, 2017

 
To get started, type one of these: helpwin, helpdesk, or demo.
For product information, visit www.mathworks.com.
 
Running "Run1", Seed: 136069
 *** Finished Simulation Run ***

config-11.json #############################################

[#.........] | Progress: 1 | Time: 0.0s | ETA: --[.#........] | Progress: 31 | Time: 0.1s | ETA: --[..#.......] | Progress: 60 | Time: 0.1s | ETA: --[...#......] | Progress: 89 | Time: 0.2s | ETA: --[....#.....] | Progress: 118 | Time: 0.2s | ETA: --[.....#....] | Progress: 147 | Time: 0.3s | ETA: --[......#...] | Progress: 177 | Time: 0.3s | ETA: --[.......#..] | Progress: 206 | Time: 0.4s | ETA: --[........#.] | Progress: 235 | Time: 0.4s | ETA: --[##########] | Progress: 241 | Time: 0.4s | ETA: --fit<>, fid</home/chun/projects/clineage-simulation/analysis/tmc-136069/tmc-008/case-11/triplets-list.raw.txt>, flg<treeReconstruction.log>, frt<resTree.tree>, frtN</home/chun/projects/clineage-simulation/analysis/tmc-136069/tmc-008/case-11/reconstructed.tmp.newick>, fsd<qqq.dat>, fst<simul.tree>, -->index=2
Read triplets from file...
Read triplets from file...Finished
N_triplets = 241, idMaxFound = 14
treeBuildBasedOnTriplets_run...
make_isTogetherInTripletAndDeleteExtraTriplets: Finished
maxCut with 13 nodes: Finished
maxCut with 11 nodes: Finished
maxCut with 6 nodes: Finished
treeBuildBasedOnTriplets_run...Finished
Saving tree to file...
Saving tree to file...Finished

                            < M A T L A B (R) >
                  Copyright 1984-2017 The MathWorks, Inc.
                   R2017a (9.2.0.538062) 64-bit (glnxa64)
                             February 23, 2017

 
To get started, type one of these: helpwin, helpdesk, or demo.
For product information, visit www.mathworks.com.
 
TreeCmp version build2

Active options:
Type of the analysis:  ref-to-all comparison mode (-r)
Metrics:
  1. MatchingCluster (mc)
  2. R-F_Cluster (rc)
  3. NodalSplitted (ns)
  4. Triples (tt)
  5. MatchingPair (mp)
  6. MAST (mt)
  7. CopheneticL2Metric (co)
Input file: /home/chun/projects/clineage-simulation/analysis/tmc-136069/tmc-008/case-11/reconstructed.newick
Output file: /home/chun/projects/clineage-simulation/analysis/tmc-136069/tmc-008/case-11/scores.raw.out
Additional options:
N - Report normalized distances.
P - Prune compared trees if needed (trees can have different leaf sets).
I - Include summary section in the output file.
-----
2018-06-19 06:54:12: Start of reading random statistics.
2018-06-19 06:54:12: End of reading random statistics.
2018-06-19 06:54:12: Start of scanning input file: /home/chun/projects/clineage-simulation/analysis/tmc-136069/tmc-008/case-11/reconstructed.newick
2018-06-19 06:54:12: End of scanning input file: /home/chun/projects/clineage-simulation/analysis/tmc-136069/tmc-008/case-11/reconstructed.newick
2018-06-19 06:54:12: 1 valid trees found in file: /home/chun/projects/clineage-simulation/analysis/tmc-136069/tmc-008/case-11/reconstructed.newick
2018-06-19 06:54:12: Start of calculation...please wait...
2018-06-19 06:54:12: 0.00% completed...
2018-06-19 06:54:12: 100.00% completed.
2018-06-19 06:54:12: End of calculation.
2018-06-19 06:54:12: Total calculation time: 21 ms.
                              metrics
No                             1.0000
RefTree                        1.0000
Tree                           1.0000
RefTree_taxa                  14.0000
Tree_taxa                     14.0000
Common_taxa                   14.0000
MatchingCluster               12.0000
MatchingCluster_toYuleAvg      0.2569
MatchingCluster_toUnifAvg      0.2378
R-F_Cluster                    2.0000
R-F_Cluster_toYuleAvg          0.1698
R-F_Cluster_toUnifAvg          0.1693
NodalSplitted                 11.7473
NodalSplitted_toYuleAvg        0.3381
NodalSplitted_toUnifAvg        0.3008
Triples                       28.0000
Triples_toYuleAvg              0.1152
Triples_toUnifAvg              0.1155
MatchingPair                  10.0000
MatchingPair_toYuleAvg         0.1663
MatchingPair_toUnifAvg         0.1693
MAST                           2.0000
MAST_toYuleAvg                 0.2357
MAST_toUnifAvg                 0.2335
CopheneticL2Metric             9.4868
CopheneticL2Metric_toYuleAvg   0.3466
CopheneticL2Metric_toUnifAvg   0.3109

                 Name        Avg  Std        Min        Max  Count
0     MatchingCluster  12.000000  0.0  12.000000  12.000000      1
1         R-F_Cluster   2.000000  0.0   2.000000   2.000000      1
2       NodalSplitted  11.747340  0.0  11.747340  11.747340      1
3             Triples  28.000000  0.0  28.000000  28.000000      1
4        MatchingPair  10.000000  0.0  10.000000  10.000000      1
5                MAST   2.000000  0.0   2.000000   2.000000      1
6  CopheneticL2Metric   9.486833  0.0   9.486833   9.486833      1
