
                            < M A T L A B (R) >
                  Copyright 1984-2017 The MathWorks, Inc.
                   R2017a (9.2.0.538062) 64-bit (glnxa64)
                             February 23, 2017

 
To get started, type one of these: helpwin, helpdesk, or demo.
For product information, visit www.mathworks.com.
 
Running "Run1", Seed: 136069
 *** Finished Simulation Run ***

config-14.json #############################################

[#.........] | Progress: 1 | Time: 0.0s | ETA: --[.#........] | Progress: 33 | Time: 0.1s | ETA: --[..#.......] | Progress: 65 | Time: 0.1s | ETA: --[...#......] | Progress: 96 | Time: 0.2s | ETA: --[....#.....] | Progress: 128 | Time: 0.2s | ETA: --[.....#....] | Progress: 160 | Time: 0.3s | ETA: --[......#...] | Progress: 192 | Time: 0.3s | ETA: --[.......#..] | Progress: 224 | Time: 0.4s | ETA: --[........#.] | Progress: 256 | Time: 0.4s | ETA: --[.........#] | Progress: 288 | Time: 0.5s | ETA: --[........#.] | Progress: 320 | Time: 0.5s | ETA: --[.......#..] | Progress: 352 | Time: 0.6s | ETA: --[......#...] | Progress: 383 | Time: 0.6s | ETA: --[.....#....] | Progress: 415 | Time: 0.7s | ETA: --[....#.....] | Progress: 446 | Time: 0.7s | ETA: --[##########] | Progress: 470 | Time: 0.8s | ETA: --fit<>, fid</home/chun/projects/clineage-simulation/analysis/tmc-136069/tmc-008/case-14/triplets-list.raw.txt>, flg<treeReconstruction.log>, frt<resTree.tree>, frtN</home/chun/projects/clineage-simulation/analysis/tmc-136069/tmc-008/case-14/reconstructed.tmp.newick>, fsd<qqq.dat>, fst<simul.tree>, -->index=2
Read triplets from file...
Read triplets from file...Finished
N_triplets = 470, idMaxFound = 17
treeBuildBasedOnTriplets_run...
make_isTogetherInTripletAndDeleteExtraTriplets: Finished
maxCut with 16 nodes: Finished
maxCut with 14 nodes: Finished
maxCut with 8 nodes: Finished
maxCut with 6 nodes: Finished
treeBuildBasedOnTriplets_run...Finished
Saving tree to file...
Saving tree to file...Finished

                            < M A T L A B (R) >
                  Copyright 1984-2017 The MathWorks, Inc.
                   R2017a (9.2.0.538062) 64-bit (glnxa64)
                             February 23, 2017

 
To get started, type one of these: helpwin, helpdesk, or demo.
For product information, visit www.mathworks.com.
 
TreeCmp version build2

Active options:
Type of the analysis:  ref-to-all comparison mode (-r)
Metrics:
  1. MatchingCluster (mc)
  2. R-F_Cluster (rc)
  3. NodalSplitted (ns)
  4. Triples (tt)
  5. MatchingPair (mp)
  6. MAST (mt)
  7. CopheneticL2Metric (co)
Input file: /home/chun/projects/clineage-simulation/analysis/tmc-136069/tmc-008/case-14/reconstructed.newick
Output file: /home/chun/projects/clineage-simulation/analysis/tmc-136069/tmc-008/case-14/scores.raw.out
Additional options:
N - Report normalized distances.
P - Prune compared trees if needed (trees can have different leaf sets).
I - Include summary section in the output file.
-----
2018-06-19 06:54:08: Start of reading random statistics.
2018-06-19 06:54:08: End of reading random statistics.
2018-06-19 06:54:08: Start of scanning input file: /home/chun/projects/clineage-simulation/analysis/tmc-136069/tmc-008/case-14/reconstructed.newick
2018-06-19 06:54:08: End of scanning input file: /home/chun/projects/clineage-simulation/analysis/tmc-136069/tmc-008/case-14/reconstructed.newick
2018-06-19 06:54:08: 1 valid trees found in file: /home/chun/projects/clineage-simulation/analysis/tmc-136069/tmc-008/case-14/reconstructed.newick
2018-06-19 06:54:08: Start of calculation...please wait...
2018-06-19 06:54:08: 0.00% completed...
2018-06-19 06:54:08: 100.00% completed.
2018-06-19 06:54:08: End of calculation.
2018-06-19 06:54:08: Total calculation time: 22 ms.
                              metrics
No                             1.0000
RefTree                        1.0000
Tree                           1.0000
RefTree_taxa                  17.0000
Tree_taxa                     17.0000
Common_taxa                   17.0000
MatchingCluster               20.0000
MatchingCluster_toYuleAvg      0.3094
MatchingCluster_toUnifAvg      0.2751
R-F_Cluster                    3.5000
R-F_Cluster_toYuleAvg          0.2369
R-F_Cluster_toUnifAvg          0.2358
NodalSplitted                 17.2627
NodalSplitted_toYuleAvg        0.3766
NodalSplitted_toUnifAvg        0.3153
Triples                       60.0000
Triples_toYuleAvg              0.1322
Triples_toUnifAvg              0.1319
MatchingPair                  16.0000
MatchingPair_toYuleAvg         0.1712
MatchingPair_toUnifAvg         0.1739
MAST                           3.0000
MAST_toYuleAvg                 0.2759
MAST_toUnifAvg                 0.2740
CopheneticL2Metric            12.7671
CopheneticL2Metric_toYuleAvg   0.3555
CopheneticL2Metric_toUnifAvg   0.3089

                 Name        Avg  Std        Min        Max  Count
0     MatchingCluster  20.000000  0.0  20.000000  20.000000      1
1         R-F_Cluster   3.500000  0.0   3.500000   3.500000      1
2       NodalSplitted  17.262677  0.0  17.262677  17.262677      1
3             Triples  60.000000  0.0  60.000000  60.000000      1
4        MatchingPair  16.000000  0.0  16.000000  16.000000      1
5                MAST   3.000000  0.0   3.000000   3.000000      1
6  CopheneticL2Metric  12.767145  0.0  12.767145  12.767145      1
