
                            < M A T L A B (R) >
                  Copyright 1984-2017 The MathWorks, Inc.
                   R2017a (9.2.0.538062) 64-bit (glnxa64)
                             February 23, 2017

 
To get started, type one of these: helpwin, helpdesk, or demo.
For product information, visit www.mathworks.com.
 
Running "Run1", Seed: 136069
 *** Finished Simulation Run ***

config-12.json #############################################

[#.........] | Progress: 1 | Time: 0.0s | ETA: --[.#........] | Progress: 30 | Time: 0.1s | ETA: --[..#.......] | Progress: 59 | Time: 0.1s | ETA: --[...#......] | Progress: 88 | Time: 0.2s | ETA: --[....#.....] | Progress: 118 | Time: 0.2s | ETA: --[.....#....] | Progress: 148 | Time: 0.3s | ETA: --[......#...] | Progress: 179 | Time: 0.3s | ETA: --[.......#..] | Progress: 210 | Time: 0.4s | ETA: --[........#.] | Progress: 242 | Time: 0.4s | ETA: --[.........#] | Progress: 273 | Time: 0.5s | ETA: --[........#.] | Progress: 304 | Time: 0.5s | ETA: --[##########] | Progress: 327 | Time: 0.5s | ETA: --fit<>, fid</home/chun/projects/clineage-simulation/analysis/tmc-136069/tmc-008/case-12/triplets-list.raw.txt>, flg<treeReconstruction.log>, frt<resTree.tree>, frtN</home/chun/projects/clineage-simulation/analysis/tmc-136069/tmc-008/case-12/reconstructed.tmp.newick>, fsd<qqq.dat>, fst<simul.tree>, -->index=2
Read triplets from file...
Read triplets from file...Finished
N_triplets = 327, idMaxFound = 15
treeBuildBasedOnTriplets_run...
make_isTogetherInTripletAndDeleteExtraTriplets: Finished
maxCut with 14 nodes: Finished
maxCut with 12 nodes: Finished
maxCut with 6 nodes: Finished
treeBuildBasedOnTriplets_run...Finished
Saving tree to file...
Saving tree to file...Finished

                            < M A T L A B (R) >
                  Copyright 1984-2017 The MathWorks, Inc.
                   R2017a (9.2.0.538062) 64-bit (glnxa64)
                             February 23, 2017

 
To get started, type one of these: helpwin, helpdesk, or demo.
For product information, visit www.mathworks.com.
 
TreeCmp version build2

Active options:
Type of the analysis:  ref-to-all comparison mode (-r)
Metrics:
  1. MatchingCluster (mc)
  2. R-F_Cluster (rc)
  3. NodalSplitted (ns)
  4. Triples (tt)
  5. MatchingPair (mp)
  6. MAST (mt)
  7. CopheneticL2Metric (co)
Input file: /home/chun/projects/clineage-simulation/analysis/tmc-136069/tmc-008/case-12/reconstructed.newick
Output file: /home/chun/projects/clineage-simulation/analysis/tmc-136069/tmc-008/case-12/scores.raw.out
Additional options:
N - Report normalized distances.
P - Prune compared trees if needed (trees can have different leaf sets).
I - Include summary section in the output file.
-----
2018-06-19 06:54:10: Start of reading random statistics.
2018-06-19 06:54:10: End of reading random statistics.
2018-06-19 06:54:10: Start of scanning input file: /home/chun/projects/clineage-simulation/analysis/tmc-136069/tmc-008/case-12/reconstructed.newick
2018-06-19 06:54:10: End of scanning input file: /home/chun/projects/clineage-simulation/analysis/tmc-136069/tmc-008/case-12/reconstructed.newick
2018-06-19 06:54:10: 1 valid trees found in file: /home/chun/projects/clineage-simulation/analysis/tmc-136069/tmc-008/case-12/reconstructed.newick
2018-06-19 06:54:10: Start of calculation...please wait...
2018-06-19 06:54:10: 0.00% completed...
2018-06-19 06:54:10: 100.00% completed.
2018-06-19 06:54:10: End of calculation.
2018-06-19 06:54:10: Total calculation time: 20 ms.
                              metrics
No                             1.0000
RefTree                        1.0000
Tree                           1.0000
RefTree_taxa                  15.0000
Tree_taxa                     15.0000
Common_taxa                   15.0000
MatchingCluster               12.0000
MatchingCluster_toYuleAvg      0.2318
MatchingCluster_toUnifAvg      0.2088
R-F_Cluster                    2.0000
R-F_Cluster_toYuleAvg          0.1569
R-F_Cluster_toUnifAvg          0.1560
NodalSplitted                 12.2474
NodalSplitted_toYuleAvg        0.3235
NodalSplitted_toUnifAvg        0.2785
Triples                       34.0000
Triples_toYuleAvg              0.1127
Triples_toUnifAvg              0.1123
MatchingPair                  10.0000
MatchingPair_toYuleAvg         0.1422
MatchingPair_toUnifAvg         0.1442
MAST                           2.0000
MAST_toYuleAvg                 0.2166
MAST_toUnifAvg                 0.2133
CopheneticL2Metric             9.8489
CopheneticL2Metric_toYuleAvg   0.3287
CopheneticL2Metric_toUnifAvg   0.2908

                 Name        Avg  Std        Min        Max  Count
0     MatchingCluster  12.000000  0.0  12.000000  12.000000      1
1         R-F_Cluster   2.000000  0.0   2.000000   2.000000      1
2       NodalSplitted  12.247449  0.0  12.247449  12.247449      1
3             Triples  34.000000  0.0  34.000000  34.000000      1
4        MatchingPair  10.000000  0.0  10.000000  10.000000      1
5                MAST   2.000000  0.0   2.000000   2.000000      1
6  CopheneticL2Metric   9.848858  0.0   9.848858   9.848858      1
