                              metrics
No                             1.0000
RefTree                        1.0000
Tree                           1.0000
RefTree_taxa                  21.0000
Tree_taxa                     21.0000
Common_taxa                   21.0000
MatchingCluster               20.0000
MatchingCluster_toYuleAvg      0.2183
MatchingCluster_toUnifAvg      0.1891
R-F_Cluster                    4.0000
R-F_Cluster_toYuleAvg          0.2131
R-F_Cluster_toUnifAvg          0.2122
NodalSplitted                 19.7484
NodalSplitted_toYuleAvg        0.3207
NodalSplitted_toUnifAvg        0.2537
Triples                       50.0000
Triples_toYuleAvg              0.0563
Triples_toUnifAvg              0.0564
MatchingPair                  20.0000
MatchingPair_toYuleAvg         0.1339
MatchingPair_toUnifAvg         0.1366
MAST                           6.0000
MAST_toYuleAvg                 0.4233
MAST_toUnifAvg                 0.4203
CopheneticL2Metric             9.4868
CopheneticL2Metric_toYuleAvg   0.1994
CopheneticL2Metric_toUnifAvg   0.1642

                 Name        Avg  Std        Min        Max  Count
0     MatchingCluster  20.000000  0.0  20.000000  20.000000      1
1         R-F_Cluster   4.000000  0.0   4.000000   4.000000      1
2       NodalSplitted  19.748418  0.0  19.748418  19.748418      1
3             Triples  50.000000  0.0  50.000000  50.000000      1
4        MatchingPair  20.000000  0.0  20.000000  20.000000      1
5                MAST   6.000000  0.0   6.000000   6.000000      1
6  CopheneticL2Metric   9.486833  0.0   9.486833   9.486833      1
