                              metrics
No                             1.0000
RefTree                        1.0000
Tree                           1.0000
RefTree_taxa                  22.0000
Tree_taxa                     22.0000
Common_taxa                   22.0000
MatchingCluster               32.0000
MatchingCluster_toYuleAvg      0.3238
MatchingCluster_toUnifAvg      0.2763
R-F_Cluster                    3.5000
R-F_Cluster_toYuleAvg          0.1770
R-F_Cluster_toUnifAvg          0.1763
NodalSplitted                 27.8209
NodalSplitted_toYuleAvg        0.4176
NodalSplitted_toUnifAvg        0.3270
Triples                       92.0000
Triples_toYuleAvg              0.0897
Triples_toUnifAvg              0.0894
MatchingPair                  37.0000
MatchingPair_toYuleAvg         0.2246
MatchingPair_toUnifAvg         0.2285
MAST                           6.0000
MAST_toYuleAvg                 0.4001
MAST_toUnifAvg                 0.3971
CopheneticL2Metric            20.5426
CopheneticL2Metric_toYuleAvg   0.4042
CopheneticL2Metric_toUnifAvg   0.3273

                 Name        Avg  Std        Min        Max  Count
0     MatchingCluster  32.000000  0.0  32.000000  32.000000      1
1         R-F_Cluster   3.500000  0.0   3.500000   3.500000      1
2       NodalSplitted  27.820855  0.0  27.820855  27.820855      1
3             Triples  92.000000  0.0  92.000000  92.000000      1
4        MatchingPair  37.000000  0.0  37.000000  37.000000      1
5                MAST   6.000000  0.0   6.000000   6.000000      1
6  CopheneticL2Metric  20.542639  0.0  20.542639  20.542639      1
