                              metrics
No                             1.0000
RefTree                        1.0000
Tree                           1.0000
RefTree_taxa                  22.0000
Tree_taxa                     22.0000
Common_taxa                   22.0000
MatchingCluster                4.0000
MatchingCluster_toYuleAvg      0.0405
MatchingCluster_toUnifAvg      0.0345
R-F_Cluster                    1.0000
R-F_Cluster_toYuleAvg          0.0506
R-F_Cluster_toUnifAvg          0.0504
NodalSplitted                  8.9443
NodalSplitted_toYuleAvg        0.1343
NodalSplitted_toUnifAvg        0.1051
Triples                        3.0000
Triples_toYuleAvg              0.0029
Triples_toUnifAvg              0.0029
MatchingPair                   2.0000
MatchingPair_toYuleAvg         0.0121
MatchingPair_toUnifAvg         0.0124
MAST                           2.0000
MAST_toYuleAvg                 0.1334
MAST_toUnifAvg                 0.1324
CopheneticL2Metric             2.4495
CopheneticL2Metric_toYuleAvg   0.0482
CopheneticL2Metric_toUnifAvg   0.0390

                 Name       Avg  Std       Min       Max  Count
0     MatchingCluster  4.000000  0.0  4.000000  4.000000      1
1         R-F_Cluster  1.000000  0.0  1.000000  1.000000      1
2       NodalSplitted  8.944272  0.0  8.944272  8.944272      1
3             Triples  3.000000  0.0  3.000000  3.000000      1
4        MatchingPair  2.000000  0.0  2.000000  2.000000      1
5                MAST  2.000000  0.0  2.000000  2.000000      1
6  CopheneticL2Metric  2.449490  0.0  2.449490  2.449490      1
