                              metrics
No                             1.0000
RefTree                        1.0000
Tree                           1.0000
RefTree_taxa                  10.0000
Tree_taxa                     10.0000
Common_taxa                   10.0000
MatchingCluster                8.0000
MatchingCluster_toYuleAvg      0.3148
MatchingCluster_toUnifAvg      0.3026
R-F_Cluster                    1.0000
R-F_Cluster_toYuleAvg          0.1292
R-F_Cluster_toUnifAvg          0.1286
NodalSplitted                  6.9282
NodalSplitted_toYuleAvg        0.3421
NodalSplitted_toUnifAvg        0.3219
Triples                       32.0000
Triples_toYuleAvg              0.3992
Triples_toUnifAvg              0.4027
MatchingPair                  16.0000
MatchingPair_toYuleAvg         0.5785
MatchingPair_toUnifAvg         0.5915
MAST                           2.0000
MAST_toYuleAvg                 0.3715
MAST_toUnifAvg                 0.3738
CopheneticL2Metric             6.0000
CopheneticL2Metric_toYuleAvg   0.3664
CopheneticL2Metric_toUnifAvg   0.3495

                 Name        Avg  Std        Min        Max  Count
0     MatchingCluster   8.000000  0.0   8.000000   8.000000      1
1         R-F_Cluster   1.000000  0.0   1.000000   1.000000      1
2       NodalSplitted   6.928203  0.0   6.928203   6.928203      1
3             Triples  32.000000  0.0  32.000000  32.000000      1
4        MatchingPair  16.000000  0.0  16.000000  16.000000      1
5                MAST   2.000000  0.0   2.000000   2.000000      1
6  CopheneticL2Metric   6.000000  0.0   6.000000   6.000000      1
