                               metrics
No                              1.0000
RefTree                         1.0000
Tree                            1.0000
RefTree_taxa                   16.0000
Tree_taxa                      15.0000
Common_taxa                    15.0000
MatchingCluster                49.0000
MatchingCluster_toYuleAvg       0.9467
MatchingCluster_toUnifAvg       0.8528
R-F_Cluster                    10.5000
R-F_Cluster_toYuleAvg           0.8238
R-F_Cluster_toUnifAvg           0.8192
NodalSplitted                  33.6155
NodalSplitted_toYuleAvg         0.8879
NodalSplitted_toUnifAvg         0.7644
Triples                       313.0000
Triples_toYuleAvg               1.0371
Triples_toUnifAvg               1.0340
MatchingPair                   76.0000
MatchingPair_toYuleAvg          1.0805
MatchingPair_toUnifAvg          1.0956
MAST                            9.0000
MAST_toYuleAvg                  0.9749
MAST_toUnifAvg                  0.9600
CopheneticL2Metric             25.5147
CopheneticL2Metric_toYuleAvg    0.8515
CopheneticL2Metric_toUnifAvg    0.7533

                 Name         Avg  Std         Min         Max  Count
0     MatchingCluster   49.000000  0.0   49.000000   49.000000      1
1         R-F_Cluster   10.500000  0.0   10.500000   10.500000      1
2       NodalSplitted   33.615473  0.0   33.615473   33.615473      1
3             Triples  313.000000  0.0  313.000000  313.000000      1
4        MatchingPair   76.000000  0.0   76.000000   76.000000      1
5                MAST    9.000000  0.0    9.000000    9.000000      1
6  CopheneticL2Metric   25.514702  0.0   25.514702   25.514702      1
