                              metrics
No                             1.0000
RefTree                        1.0000
Tree                           1.0000
RefTree_taxa                  19.0000
Tree_taxa                     19.0000
Common_taxa                   19.0000
MatchingCluster               16.0000
MatchingCluster_toYuleAvg      0.2063
MatchingCluster_toUnifAvg      0.1800
R-F_Cluster                    3.5000
R-F_Cluster_toYuleAvg          0.2090
R-F_Cluster_toUnifAvg          0.2079
NodalSplitted                 21.5407
NodalSplitted_toYuleAvg        0.4005
NodalSplitted_toUnifAvg        0.3265
Triples                       25.0000
Triples_toYuleAvg              0.0388
Triples_toUnifAvg              0.0387
MatchingPair                  13.0000
MatchingPair_toYuleAvg         0.1086
MatchingPair_toUnifAvg         0.1104
MAST                           4.0000
MAST_toYuleAvg                 0.3196
MAST_toUnifAvg                 0.3171
CopheneticL2Metric            10.5830
CopheneticL2Metric_toYuleAvg   0.2507
CopheneticL2Metric_toUnifAvg   0.2149

                 Name        Avg  Std        Min        Max  Count
0     MatchingCluster  16.000000  0.0  16.000000  16.000000      1
1         R-F_Cluster   3.500000  0.0   3.500000   3.500000      1
2       NodalSplitted  21.540659  0.0  21.540659  21.540659      1
3             Triples  25.000000  0.0  25.000000  25.000000      1
4        MatchingPair  13.000000  0.0  13.000000  13.000000      1
5                MAST   4.000000  0.0   4.000000   4.000000      1
6  CopheneticL2Metric  10.583005  0.0  10.583005  10.583005      1
