                              metrics
No                             1.0000
RefTree                        1.0000
Tree                           1.0000
RefTree_taxa                  20.0000
Tree_taxa                     20.0000
Common_taxa                   20.0000
MatchingCluster               29.0000
MatchingCluster_toYuleAvg      0.3404
MatchingCluster_toUnifAvg      0.2981
R-F_Cluster                    4.5000
R-F_Cluster_toYuleAvg          0.2534
R-F_Cluster_toUnifAvg          0.2521
NodalSplitted                 32.2955
NodalSplitted_toYuleAvg        0.5550
NodalSplitted_toUnifAvg        0.4494
Triples                       70.0000
Triples_toYuleAvg              0.0916
Triples_toUnifAvg              0.0922
MatchingPair                  30.0000
MatchingPair_toYuleAvg         0.2230
MatchingPair_toUnifAvg         0.2280
MAST                           5.0000
MAST_toYuleAvg                 0.3748
MAST_toUnifAvg                 0.3716
CopheneticL2Metric            21.1424
CopheneticL2Metric_toYuleAvg   0.4760
CopheneticL2Metric_toUnifAvg   0.3892

                 Name        Avg  Std        Min        Max  Count
0     MatchingCluster  29.000000  0.0  29.000000  29.000000      1
1         R-F_Cluster   4.500000  0.0   4.500000   4.500000      1
2       NodalSplitted  32.295511  0.0  32.295511  32.295511      1
3             Triples  70.000000  0.0  70.000000  70.000000      1
4        MatchingPair  30.000000  0.0  30.000000  30.000000      1
5                MAST   5.000000  0.0   5.000000   5.000000      1
6  CopheneticL2Metric  21.142375  0.0  21.142375  21.142375      1
