                               metrics
No                              1.0000
RefTree                         1.0000
Tree                            1.0000
RefTree_taxa                   15.0000
Tree_taxa                      15.0000
Common_taxa                    15.0000
MatchingCluster                39.0000
MatchingCluster_toYuleAvg       0.7535
MatchingCluster_toUnifAvg       0.6787
R-F_Cluster                    10.5000
R-F_Cluster_toYuleAvg           0.8238
R-F_Cluster_toUnifAvg           0.8192
NodalSplitted                  27.7128
NodalSplitted_toYuleAvg         0.7320
NodalSplitted_toUnifAvg         0.6302
Triples                       230.0000
Triples_toYuleAvg               0.7621
Triples_toUnifAvg               0.7598
MatchingPair                   59.0000
MatchingPair_toYuleAvg          0.8388
MatchingPair_toUnifAvg          0.8505
MAST                            8.0000
MAST_toYuleAvg                  0.8666
MAST_toUnifAvg                  0.8533
CopheneticL2Metric             18.4662
CopheneticL2Metric_toYuleAvg    0.6162
CopheneticL2Metric_toUnifAvg    0.5452

                 Name         Avg  Std         Min         Max  Count
0     MatchingCluster   39.000000  0.0   39.000000   39.000000      1
1         R-F_Cluster   10.500000  0.0   10.500000   10.500000      1
2       NodalSplitted   27.712813  0.0   27.712813   27.712813      1
3             Triples  230.000000  0.0  230.000000  230.000000      1
4        MatchingPair   59.000000  0.0   59.000000   59.000000      1
5                MAST    8.000000  0.0    8.000000    8.000000      1
6  CopheneticL2Metric   18.466185  0.0   18.466185   18.466185      1
