                               metrics
No                              1.0000
RefTree                         1.0000
Tree                            1.0000
RefTree_taxa                   17.0000
Tree_taxa                      17.0000
Common_taxa                    17.0000
MatchingCluster                28.0000
MatchingCluster_toYuleAvg       0.4332
MatchingCluster_toUnifAvg       0.3852
R-F_Cluster                     7.5000
R-F_Cluster_toYuleAvg           0.5077
R-F_Cluster_toUnifAvg           0.5052
NodalSplitted                  23.4094
NodalSplitted_toYuleAvg         0.5107
NodalSplitted_toUnifAvg         0.4275
Triples                       137.0000
Triples_toYuleAvg               0.3017
Triples_toUnifAvg               0.3012
MatchingPair                   38.0000
MatchingPair_toYuleAvg          0.4067
MatchingPair_toUnifAvg          0.4131
MAST                            7.0000
MAST_toYuleAvg                  0.6437
MAST_toUnifAvg                  0.6394
CopheneticL2Metric             14.6969
CopheneticL2Metric_toYuleAvg    0.4092
CopheneticL2Metric_toUnifAvg    0.3555

                 Name         Avg  Std         Min         Max  Count
0     MatchingCluster   28.000000  0.0   28.000000   28.000000      1
1         R-F_Cluster    7.500000  0.0    7.500000    7.500000      1
2       NodalSplitted   23.409400  0.0   23.409400   23.409400      1
3             Triples  137.000000  0.0  137.000000  137.000000      1
4        MatchingPair   38.000000  0.0   38.000000   38.000000      1
5                MAST    7.000000  0.0    7.000000    7.000000      1
6  CopheneticL2Metric   14.696938  0.0   14.696938   14.696938      1
