                               metrics
No                              1.0000
RefTree                         1.0000
Tree                            1.0000
RefTree_taxa                   22.0000
Tree_taxa                      18.0000
Common_taxa                    18.0000
MatchingCluster                48.0000
MatchingCluster_toYuleAvg       0.6756
MatchingCluster_toUnifAvg       0.5969
R-F_Cluster                    11.5000
R-F_Cluster_toYuleAvg           0.7285
R-F_Cluster_toUnifAvg           0.7267
NodalSplitted                  35.2136
NodalSplitted_toYuleAvg         0.7083
NodalSplitted_toUnifAvg         0.5809
Triples                       410.0000
Triples_toYuleAvg               0.7499
Triples_toUnifAvg               0.7551
MatchingPair                   89.0000
MatchingPair_toYuleAvg          0.8366
MatchingPair_toUnifAvg          0.8557
MAST                           11.0000
MAST_toYuleAvg                  0.9372
MAST_toUnifAvg                  0.9347
CopheneticL2Metric             19.8242
CopheneticL2Metric_toYuleAvg    0.5053
CopheneticL2Metric_toUnifAvg    0.4386

                 Name         Avg  Std         Min         Max  Count
0     MatchingCluster   48.000000  0.0   48.000000   48.000000      1
1         R-F_Cluster   11.500000  0.0   11.500000   11.500000      1
2       NodalSplitted   35.213634  0.0   35.213634   35.213634      1
3             Triples  410.000000  0.0  410.000000  410.000000      1
4        MatchingPair   89.000000  0.0   89.000000   89.000000      1
5                MAST   11.000000  0.0   11.000000   11.000000      1
6  CopheneticL2Metric   19.824228  0.0   19.824228   19.824228      1
