                               metrics
No                              1.0000
RefTree                         1.0000
Tree                            1.0000
RefTree_taxa                   22.0000
Tree_taxa                      18.0000
Common_taxa                    18.0000
MatchingCluster                54.0000
MatchingCluster_toYuleAvg       0.7601
MatchingCluster_toUnifAvg       0.6715
R-F_Cluster                    12.5000
R-F_Cluster_toYuleAvg           0.7918
R-F_Cluster_toUnifAvg           0.7899
NodalSplitted                  35.0714
NodalSplitted_toYuleAvg         0.7055
NodalSplitted_toUnifAvg         0.5786
Triples                       368.0000
Triples_toYuleAvg               0.6731
Triples_toUnifAvg               0.6777
MatchingPair                   97.0000
MatchingPair_toYuleAvg          0.9118
MatchingPair_toUnifAvg          0.9326
MAST                           12.0000
MAST_toYuleAvg                  1.0224
MAST_toUnifAvg                  1.0196
CopheneticL2Metric             24.8596
CopheneticL2Metric_toYuleAvg    0.6336
CopheneticL2Metric_toUnifAvg    0.5500

                 Name         Avg  Std         Min         Max  Count
0     MatchingCluster   54.000000  0.0   54.000000   54.000000      1
1         R-F_Cluster   12.500000  0.0   12.500000   12.500000      1
2       NodalSplitted   35.071356  0.0   35.071356   35.071356      1
3             Triples  368.000000  0.0  368.000000  368.000000      1
4        MatchingPair   97.000000  0.0   97.000000   97.000000      1
5                MAST   12.000000  0.0   12.000000   12.000000      1
6  CopheneticL2Metric   24.859606  0.0   24.859606   24.859606      1
