                               metrics
No                              1.0000
RefTree                         1.0000
Tree                            1.0000
RefTree_taxa                   21.0000
Tree_taxa                      21.0000
Common_taxa                    21.0000
MatchingCluster                33.0000
MatchingCluster_toYuleAvg       0.3603
MatchingCluster_toUnifAvg       0.3120
R-F_Cluster                     7.5000
R-F_Cluster_toYuleAvg           0.3996
R-F_Cluster_toUnifAvg           0.3979
NodalSplitted                  26.6833
NodalSplitted_toYuleAvg         0.4334
NodalSplitted_toUnifAvg         0.3428
Triples                       289.0000
Triples_toYuleAvg               0.3255
Triples_toUnifAvg               0.3261
MatchingPair                   76.0000
MatchingPair_toYuleAvg          0.5089
MatchingPair_toUnifAvg          0.5192
MAST                            8.0000
MAST_toYuleAvg                  0.5644
MAST_toUnifAvg                  0.5604
CopheneticL2Metric             15.8114
CopheneticL2Metric_toYuleAvg    0.3323
CopheneticL2Metric_toUnifAvg    0.2737

                 Name         Avg  Std         Min         Max  Count
0     MatchingCluster   33.000000  0.0   33.000000   33.000000      1
1         R-F_Cluster    7.500000  0.0    7.500000    7.500000      1
2       NodalSplitted   26.683328  0.0   26.683328   26.683328      1
3             Triples  289.000000  0.0  289.000000  289.000000      1
4        MatchingPair   76.000000  0.0   76.000000   76.000000      1
5                MAST    8.000000  0.0    8.000000    8.000000      1
6  CopheneticL2Metric   15.811388  0.0   15.811388   15.811388      1
