                              metrics
No                             1.0000
RefTree                        1.0000
Tree                           1.0000
RefTree_taxa                   9.0000
Tree_taxa                      9.0000
Common_taxa                    9.0000
MatchingCluster               18.0000
MatchingCluster_toYuleAvg      0.8759
MatchingCluster_toUnifAvg      0.8435
R-F_Cluster                    5.0000
R-F_Cluster_toYuleAvg          0.7502
R-F_Cluster_toUnifAvg          0.7412
NodalSplitted                 11.2250
NodalSplitted_toYuleAvg        0.6635
NodalSplitted_toUnifAvg        0.6298
Triples                       46.0000
Triples_toYuleAvg              0.8226
Triples_toUnifAvg              0.8274
MatchingPair                  23.0000
MatchingPair_toYuleAvg         1.0850
MatchingPair_toUnifAvg         1.0994
MAST                           4.0000
MAST_toYuleAvg                 0.8722
MAST_toUnifAvg                 0.8584
CopheneticL2Metric            11.5758
CopheneticL2Metric_toYuleAvg   0.8288
CopheneticL2Metric_toUnifAvg   0.7994

                 Name        Avg  Std        Min        Max  Count
0     MatchingCluster  18.000000  0.0  18.000000  18.000000      1
1         R-F_Cluster   5.000000  0.0   5.000000   5.000000      1
2       NodalSplitted  11.224972  0.0  11.224972  11.224972      1
3             Triples  46.000000  0.0  46.000000  46.000000      1
4        MatchingPair  23.000000  0.0  23.000000  23.000000      1
5                MAST   4.000000  0.0   4.000000   4.000000      1
6  CopheneticL2Metric  11.575837  0.0  11.575837  11.575837      1
