                              metrics
No                             1.0000
RefTree                        1.0000
Tree                           1.0000
RefTree_taxa                  10.0000
Tree_taxa                     10.0000
Common_taxa                   10.0000
MatchingCluster                9.0000
MatchingCluster_toYuleAvg      0.3541
MatchingCluster_toUnifAvg      0.3404
R-F_Cluster                    1.5000
R-F_Cluster_toYuleAvg          0.1938
R-F_Cluster_toUnifAvg          0.1929
NodalSplitted                  8.5440
NodalSplitted_toYuleAvg        0.4219
NodalSplitted_toUnifAvg        0.3970
Triples                       37.0000
Triples_toYuleAvg              0.4616
Triples_toUnifAvg              0.4657
MatchingPair                  13.0000
MatchingPair_toYuleAvg         0.4700
MatchingPair_toUnifAvg         0.4806
MAST                           4.0000
MAST_toYuleAvg                 0.7431
MAST_toUnifAvg                 0.7475
CopheneticL2Metric             6.7823
CopheneticL2Metric_toYuleAvg   0.4141
CopheneticL2Metric_toUnifAvg   0.3950

                 Name        Avg  Std        Min        Max  Count
0     MatchingCluster   9.000000  0.0   9.000000   9.000000      1
1         R-F_Cluster   1.500000  0.0   1.500000   1.500000      1
2       NodalSplitted   8.544004  0.0   8.544004   8.544004      1
3             Triples  37.000000  0.0  37.000000  37.000000      1
4        MatchingPair  13.000000  0.0  13.000000  13.000000      1
5                MAST   4.000000  0.0   4.000000   4.000000      1
6  CopheneticL2Metric   6.782330  0.0   6.782330   6.782330      1
