                              metrics
No                             1.0000
RefTree                        1.0000
Tree                           1.0000
RefTree_taxa                  18.0000
Tree_taxa                     18.0000
Common_taxa                   18.0000
MatchingCluster               18.0000
MatchingCluster_toYuleAvg      0.2534
MatchingCluster_toUnifAvg      0.2238
R-F_Cluster                    5.5000
R-F_Cluster_toYuleAvg          0.3484
R-F_Cluster_toUnifAvg          0.3476
NodalSplitted                 21.1187
NodalSplitted_toYuleAvg        0.4248
NodalSplitted_toUnifAvg        0.3484
Triples                       23.0000
Triples_toYuleAvg              0.0421
Triples_toUnifAvg              0.0424
MatchingPair                  16.0000
MatchingPair_toYuleAvg         0.1504
MatchingPair_toUnifAvg         0.1538
MAST                           5.0000
MAST_toYuleAvg                 0.4260
MAST_toUnifAvg                 0.4248
CopheneticL2Metric             8.3066
CopheneticL2Metric_toYuleAvg   0.2117
CopheneticL2Metric_toUnifAvg   0.1838

                 Name        Avg  Std        Min        Max  Count
0     MatchingCluster  18.000000  0.0  18.000000  18.000000      1
1         R-F_Cluster   5.500000  0.0   5.500000   5.500000      1
2       NodalSplitted  21.118712  0.0  21.118712  21.118712      1
3             Triples  23.000000  0.0  23.000000  23.000000      1
4        MatchingPair  16.000000  0.0  16.000000  16.000000      1
5                MAST   5.000000  0.0   5.000000   5.000000      1
6  CopheneticL2Metric   8.306624  0.0   8.306624   8.306624      1
