                              metrics
No                             1.0000
RefTree                        1.0000
Tree                           1.0000
RefTree_taxa                  14.0000
Tree_taxa                     14.0000
Common_taxa                   14.0000
MatchingCluster               24.0000
MatchingCluster_toYuleAvg      0.5137
MatchingCluster_toUnifAvg      0.4757
R-F_Cluster                    3.5000
R-F_Cluster_toYuleAvg          0.2972
R-F_Cluster_toUnifAvg          0.2962
NodalSplitted                 16.9706
NodalSplitted_toYuleAvg        0.4884
NodalSplitted_toUnifAvg        0.4346
Triples                       43.0000
Triples_toYuleAvg              0.1770
Triples_toUnifAvg              0.1774
MatchingPair                  19.0000
MatchingPair_toYuleAvg         0.3160
MatchingPair_toUnifAvg         0.3217
MAST                           4.0000
MAST_toYuleAvg                 0.4715
MAST_toUnifAvg                 0.4669
CopheneticL2Metric            16.0000
CopheneticL2Metric_toYuleAvg   0.5845
CopheneticL2Metric_toUnifAvg   0.5244

                 Name        Avg  Std        Min        Max  Count
0     MatchingCluster  24.000000  0.0  24.000000  24.000000      1
1         R-F_Cluster   3.500000  0.0   3.500000   3.500000      1
2       NodalSplitted  16.970563  0.0  16.970563  16.970563      1
3             Triples  43.000000  0.0  43.000000  43.000000      1
4        MatchingPair  19.000000  0.0  19.000000  19.000000      1
5                MAST   4.000000  0.0   4.000000   4.000000      1
6  CopheneticL2Metric  16.000000  0.0  16.000000  16.000000      1
