                              metrics
No                             1.0000
RefTree                        1.0000
Tree                           1.0000
RefTree_taxa                  17.0000
Tree_taxa                     17.0000
Common_taxa                   17.0000
MatchingCluster               17.0000
MatchingCluster_toYuleAvg      0.2630
MatchingCluster_toUnifAvg      0.2339
R-F_Cluster                    3.5000
R-F_Cluster_toYuleAvg          0.2369
R-F_Cluster_toUnifAvg          0.2358
NodalSplitted                 18.0555
NodalSplitted_toYuleAvg        0.3939
NodalSplitted_toUnifAvg        0.3298
Triples                       14.0000
Triples_toYuleAvg              0.0308
Triples_toUnifAvg              0.0308
MatchingPair                  12.0000
MatchingPair_toYuleAvg         0.1284
MatchingPair_toUnifAvg         0.1304
MAST                           5.0000
MAST_toYuleAvg                 0.4598
MAST_toUnifAvg                 0.4567
CopheneticL2Metric             7.6811
CopheneticL2Metric_toYuleAvg   0.2139
CopheneticL2Metric_toUnifAvg   0.1858

                 Name        Avg  Std        Min        Max  Count
0     MatchingCluster  17.000000  0.0  17.000000  17.000000      1
1         R-F_Cluster   3.500000  0.0   3.500000   3.500000      1
2       NodalSplitted  18.055470  0.0  18.055470  18.055470      1
3             Triples  14.000000  0.0  14.000000  14.000000      1
4        MatchingPair  12.000000  0.0  12.000000  12.000000      1
5                MAST   5.000000  0.0   5.000000   5.000000      1
6  CopheneticL2Metric   7.681146  0.0   7.681146   7.681146      1
