                              metrics
No                             1.0000
RefTree                        1.0000
Tree                           1.0000
RefTree_taxa                   9.0000
Tree_taxa                      9.0000
Common_taxa                    9.0000
MatchingCluster                8.0000
MatchingCluster_toYuleAvg      0.3893
MatchingCluster_toUnifAvg      0.3749
R-F_Cluster                    3.0000
R-F_Cluster_toYuleAvg          0.4501
R-F_Cluster_toUnifAvg          0.4447
NodalSplitted                  8.3666
NodalSplitted_toYuleAvg        0.4945
NodalSplitted_toUnifAvg        0.4694
Triples                       17.0000
Triples_toYuleAvg              0.3040
Triples_toUnifAvg              0.3058
MatchingPair                  10.0000
MatchingPair_toYuleAvg         0.4717
MatchingPair_toUnifAvg         0.4780
MAST                           3.0000
MAST_toYuleAvg                 0.6542
MAST_toUnifAvg                 0.6438
CopheneticL2Metric             5.7446
CopheneticL2Metric_toYuleAvg   0.4113
CopheneticL2Metric_toUnifAvg   0.3967

                 Name        Avg  Std        Min        Max  Count
0     MatchingCluster   8.000000  0.0   8.000000   8.000000      1
1         R-F_Cluster   3.000000  0.0   3.000000   3.000000      1
2       NodalSplitted   8.366600  0.0   8.366600   8.366600      1
3             Triples  17.000000  0.0  17.000000  17.000000      1
4        MatchingPair  10.000000  0.0  10.000000  10.000000      1
5                MAST   3.000000  0.0   3.000000   3.000000      1
6  CopheneticL2Metric   5.744563  0.0   5.744563   5.744563      1
