                              metrics
No                             1.0000
RefTree                        1.0000
Tree                           1.0000
RefTree_taxa                  20.0000
Tree_taxa                     20.0000
Common_taxa                   20.0000
MatchingCluster               14.0000
MatchingCluster_toYuleAvg      0.1643
MatchingCluster_toUnifAvg      0.1439
R-F_Cluster                    2.5000
R-F_Cluster_toYuleAvg          0.1408
R-F_Cluster_toUnifAvg          0.1401
NodalSplitted                 17.2047
NodalSplitted_toYuleAvg        0.2957
NodalSplitted_toUnifAvg        0.2394
Triples                       20.0000
Triples_toYuleAvg              0.0262
Triples_toUnifAvg              0.0263
MatchingPair                  11.0000
MatchingPair_toYuleAvg         0.0818
MatchingPair_toUnifAvg         0.0836
MAST                           3.0000
MAST_toYuleAvg                 0.2249
MAST_toUnifAvg                 0.2230
CopheneticL2Metric             8.3066
CopheneticL2Metric_toYuleAvg   0.1870
CopheneticL2Metric_toUnifAvg   0.1529

                 Name        Avg  Std        Min        Max  Count
0     MatchingCluster  14.000000  0.0  14.000000  14.000000      1
1         R-F_Cluster   2.500000  0.0   2.500000   2.500000      1
2       NodalSplitted  17.204651  0.0  17.204651  17.204651      1
3             Triples  20.000000  0.0  20.000000  20.000000      1
4        MatchingPair  11.000000  0.0  11.000000  11.000000      1
5                MAST   3.000000  0.0   3.000000   3.000000      1
6  CopheneticL2Metric   8.306624  0.0   8.306624   8.306624      1
