                              metrics
No                             1.0000
RefTree                        1.0000
Tree                           1.0000
RefTree_taxa                  13.0000
Tree_taxa                     13.0000
Common_taxa                   13.0000
MatchingCluster               14.0000
MatchingCluster_toYuleAvg      0.3429
MatchingCluster_toUnifAvg      0.3174
R-F_Cluster                    5.0000
R-F_Cluster_toYuleAvg          0.4638
R-F_Cluster_toUnifAvg          0.4620
NodalSplitted                 13.4164
NodalSplitted_toYuleAvg        0.4381
NodalSplitted_toUnifAvg        0.3870
Triples                       54.0000
Triples_toYuleAvg              0.2825
Triples_toUnifAvg              0.2827
MatchingPair                  25.0000
MatchingPair_toYuleAvg         0.4909
MatchingPair_toUnifAvg         0.4992
MAST                           4.0000
MAST_toYuleAvg                 0.5197
MAST_toUnifAvg                 0.5151
CopheneticL2Metric             8.0623
CopheneticL2Metric_toYuleAvg   0.3323
CopheneticL2Metric_toUnifAvg   0.3018

                 Name        Avg  Std        Min        Max  Count
0     MatchingCluster  14.000000  0.0  14.000000  14.000000      1
1         R-F_Cluster   5.000000  0.0   5.000000   5.000000      1
2       NodalSplitted  13.416408  0.0  13.416408  13.416408      1
3             Triples  54.000000  0.0  54.000000  54.000000      1
4        MatchingPair  25.000000  0.0  25.000000  25.000000      1
5                MAST   4.000000  0.0   4.000000   4.000000      1
6  CopheneticL2Metric   8.062258  0.0   8.062258   8.062258      1
