                               metrics
No                              1.0000
RefTree                         1.0000
Tree                            1.0000
RefTree_taxa                   13.0000
Tree_taxa                      13.0000
Common_taxa                    13.0000
MatchingCluster                26.0000
MatchingCluster_toYuleAvg       0.6368
MatchingCluster_toUnifAvg       0.5895
R-F_Cluster                     6.0000
R-F_Cluster_toYuleAvg           0.5565
R-F_Cluster_toUnifAvg           0.5544
NodalSplitted                  25.5343
NodalSplitted_toYuleAvg         0.8338
NodalSplitted_toUnifAvg         0.7366
Triples                       105.0000
Triples_toYuleAvg               0.5494
Triples_toUnifAvg               0.5497
MatchingPair                   35.0000
MatchingPair_toYuleAvg          0.6872
MatchingPair_toUnifAvg          0.6989
MAST                            6.0000
MAST_toYuleAvg                  0.7795
MAST_toUnifAvg                  0.7727
CopheneticL2Metric             17.5784
CopheneticL2Metric_toYuleAvg    0.7246
CopheneticL2Metric_toUnifAvg    0.6581

                 Name         Avg  Std         Min         Max  Count
0     MatchingCluster   26.000000  0.0   26.000000   26.000000      1
1         R-F_Cluster    6.000000  0.0    6.000000    6.000000      1
2       NodalSplitted   25.534291  0.0   25.534291   25.534291      1
3             Triples  105.000000  0.0  105.000000  105.000000      1
4        MatchingPair   35.000000  0.0   35.000000   35.000000      1
5                MAST    6.000000  0.0    6.000000    6.000000      1
6  CopheneticL2Metric   17.578396  0.0   17.578396   17.578396      1
