                              metrics
No                             1.0000
RefTree                        1.0000
Tree                           1.0000
RefTree_taxa                   9.0000
Tree_taxa                      9.0000
Common_taxa                    9.0000
MatchingCluster                8.0000
MatchingCluster_toYuleAvg      0.3893
MatchingCluster_toUnifAvg      0.3749
R-F_Cluster                    4.0000
R-F_Cluster_toYuleAvg          0.6002
R-F_Cluster_toUnifAvg          0.5929
NodalSplitted                 10.2956
NodalSplitted_toYuleAvg        0.6086
NodalSplitted_toUnifAvg        0.5777
Triples                       15.0000
Triples_toYuleAvg              0.2682
Triples_toUnifAvg              0.2698
MatchingPair                   8.0000
MatchingPair_toYuleAvg         0.3774
MatchingPair_toUnifAvg         0.3824
MAST                           3.0000
MAST_toYuleAvg                 0.6542
MAST_toUnifAvg                 0.6438
CopheneticL2Metric             6.4807
CopheneticL2Metric_toYuleAvg   0.4640
CopheneticL2Metric_toUnifAvg   0.4475

                 Name        Avg  Std        Min        Max  Count
0     MatchingCluster   8.000000  0.0   8.000000   8.000000      1
1         R-F_Cluster   4.000000  0.0   4.000000   4.000000      1
2       NodalSplitted  10.295630  0.0  10.295630  10.295630      1
3             Triples  15.000000  0.0  15.000000  15.000000      1
4        MatchingPair   8.000000  0.0   8.000000   8.000000      1
5                MAST   3.000000  0.0   3.000000   3.000000      1
6  CopheneticL2Metric   6.480741  0.0   6.480741   6.480741      1
