                              metrics
No                             1.0000
RefTree                        1.0000
Tree                           1.0000
RefTree_taxa                   8.0000
Tree_taxa                      8.0000
Common_taxa                    8.0000
MatchingCluster               10.0000
MatchingCluster_toYuleAvg      0.6104
MatchingCluster_toUnifAvg      0.5876
R-F_Cluster                    2.0000
R-F_Cluster_toYuleAvg          0.3500
R-F_Cluster_toUnifAvg          0.3470
NodalSplitted                  9.6954
NodalSplitted_toYuleAvg        0.7065
NodalSplitted_toUnifAvg        0.6705
Triples                       20.0000
Triples_toYuleAvg              0.5406
Triples_toUnifAvg              0.5290
MatchingPair                   6.0000
MatchingPair_toYuleAvg         0.3782
MatchingPair_toUnifAvg         0.3768
MAST                           4.0000
MAST_toYuleAvg                 1.0270
MAST_toUnifAvg                 1.0196
CopheneticL2Metric             5.4772
CopheneticL2Metric_toYuleAvg   0.4807
CopheneticL2Metric_toUnifAvg   0.4640

                 Name        Avg  Std        Min        Max  Count
0     MatchingCluster  10.000000  0.0  10.000000  10.000000      1
1         R-F_Cluster   2.000000  0.0   2.000000   2.000000      1
2       NodalSplitted   9.695360  0.0   9.695360   9.695360      1
3             Triples  20.000000  0.0  20.000000  20.000000      1
4        MatchingPair   6.000000  0.0   6.000000   6.000000      1
5                MAST   4.000000  0.0   4.000000   4.000000      1
6  CopheneticL2Metric   5.477226  0.0   5.477226   5.477226      1
