                              metrics
No                             1.0000
RefTree                        1.0000
Tree                           1.0000
RefTree_taxa                  18.0000
Tree_taxa                     18.0000
Common_taxa                   18.0000
MatchingCluster                6.0000
MatchingCluster_toYuleAvg      0.0845
MatchingCluster_toUnifAvg      0.0746
R-F_Cluster                    1.0000
R-F_Cluster_toYuleAvg          0.0633
R-F_Cluster_toUnifAvg          0.0632
NodalSplitted                  9.3808
NodalSplitted_toYuleAvg        0.1887
NodalSplitted_toUnifAvg        0.1548
Triples                        5.0000
Triples_toYuleAvg              0.0091
Triples_toUnifAvg              0.0092
MatchingPair                   4.0000
MatchingPair_toYuleAvg         0.0376
MatchingPair_toUnifAvg         0.0385
MAST                           2.0000
MAST_toYuleAvg                 0.1704
MAST_toUnifAvg                 0.1699
CopheneticL2Metric             3.6056
CopheneticL2Metric_toYuleAvg   0.0919
CopheneticL2Metric_toUnifAvg   0.0798

                 Name       Avg  Std       Min       Max  Count
0     MatchingCluster  6.000000  0.0  6.000000  6.000000      1
1         R-F_Cluster  1.000000  0.0  1.000000  1.000000      1
2       NodalSplitted  9.380832  0.0  9.380832  9.380832      1
3             Triples  5.000000  0.0  5.000000  5.000000      1
4        MatchingPair  4.000000  0.0  4.000000  4.000000      1
5                MAST  2.000000  0.0  2.000000  2.000000      1
6  CopheneticL2Metric  3.605551  0.0  3.605551  3.605551      1
