                              metrics
No                             1.0000
RefTree                        1.0000
Tree                           1.0000
RefTree_taxa                  16.0000
Tree_taxa                     16.0000
Common_taxa                   16.0000
MatchingCluster               20.0000
MatchingCluster_toYuleAvg      0.3422
MatchingCluster_toUnifAvg      0.3098
R-F_Cluster                    5.0000
R-F_Cluster_toYuleAvg          0.3631
R-F_Cluster_toUnifAvg          0.3617
NodalSplitted                 15.8114
NodalSplitted_toYuleAvg        0.3756
NodalSplitted_toUnifAvg        0.3213
Triples                       52.0000
Triples_toYuleAvg              0.1394
Triples_toUnifAvg              0.1397
MatchingPair                  30.0000
MatchingPair_toYuleAvg         0.3674
MatchingPair_toUnifAvg         0.3748
MAST                           6.0000
MAST_toYuleAvg                 0.5961
MAST_toUnifAvg                 0.5925
CopheneticL2Metric            11.2694
CopheneticL2Metric_toYuleAvg   0.3429
CopheneticL2Metric_toUnifAvg   0.3030

                 Name        Avg  Std        Min        Max  Count
0     MatchingCluster  20.000000  0.0  20.000000  20.000000      1
1         R-F_Cluster   5.000000  0.0   5.000000   5.000000      1
2       NodalSplitted  15.811388  0.0  15.811388  15.811388      1
3             Triples  52.000000  0.0  52.000000  52.000000      1
4        MatchingPair  30.000000  0.0  30.000000  30.000000      1
5                MAST   6.000000  0.0   6.000000   6.000000      1
6  CopheneticL2Metric  11.269428  0.0  11.269428  11.269428      1
