
                            < M A T L A B (R) >
                  Copyright 1984-2017 The MathWorks, Inc.
                   R2017a (9.2.0.538062) 64-bit (glnxa64)
                             February 23, 2017

 
To get started, type one of these: helpwin, helpdesk, or demo.
For product information, visit www.mathworks.com.
 
Running "Run1", Seed: 875887
 *** Finished Simulation Run ***

config-08.json #############################################

[#.........] | Progress: 1 | Time: 0.0s | ETA: --[##########] | Progress: 119 | Time: 0.0s | ETA: --fit<>, fid</home/chun/projects/clineage-simulation/analysis/tmc-875887/tmc-002/case-08/triplets-list.raw.txt>, flg<treeReconstruction.log>, frt<resTree.tree>, frtN</home/chun/projects/clineage-simulation/analysis/tmc-875887/tmc-002/case-08/reconstructed.tmp.newick>, fsd<qqq.dat>, fst<simul.tree>, -->index=2
Read triplets from file...
Read triplets from file...Finished
N_triplets = 107, idMaxFound = 11
treeBuildBasedOnTriplets_run...
make_isTogetherInTripletAndDeleteExtraTriplets: Finished
maxCut with 11 nodes: Finished
treeBuildBasedOnTriplets_run...Finished
Saving tree to file...
Saving tree to file...Finished

                            < M A T L A B (R) >
                  Copyright 1984-2017 The MathWorks, Inc.
                   R2017a (9.2.0.538062) 64-bit (glnxa64)
                             February 23, 2017

 
To get started, type one of these: helpwin, helpdesk, or demo.
For product information, visit www.mathworks.com.
 
TreeCmp version build2

Active options:
Type of the analysis:  ref-to-all comparison mode (-r)
Metrics:
  1. MatchingCluster (mc)
  2. R-F_Cluster (rc)
  3. NodalSplitted (ns)
  4. Triples (tt)
  5. MatchingPair (mp)
  6. MAST (mt)
  7. CopheneticL2Metric (co)
Input file: /home/chun/projects/clineage-simulation/analysis/tmc-875887/tmc-002/case-08/reconstructed.newick
Output file: /home/chun/projects/clineage-simulation/analysis/tmc-875887/tmc-002/case-08/scores.raw.out
Additional options:
N - Report normalized distances.
P - Prune compared trees if needed (trees can have different leaf sets).
I - Include summary section in the output file.
-----
2018-06-18 21:26:36: Start of reading random statistics.
2018-06-18 21:26:36: End of reading random statistics.
2018-06-18 21:26:36: Start of scanning input file: /home/chun/projects/clineage-simulation/analysis/tmc-875887/tmc-002/case-08/reconstructed.newick
2018-06-18 21:26:36: End of scanning input file: /home/chun/projects/clineage-simulation/analysis/tmc-875887/tmc-002/case-08/reconstructed.newick
2018-06-18 21:26:36: 1 valid trees found in file: /home/chun/projects/clineage-simulation/analysis/tmc-875887/tmc-002/case-08/reconstructed.newick
2018-06-18 21:26:36: Start of calculation...please wait...
2018-06-18 21:26:36: 0.00% completed...
2018-06-18 21:26:36: 100.00% completed.
2018-06-18 21:26:36: End of calculation.
2018-06-18 21:26:36: Total calculation time: 18 ms.
                              metrics
No                             1.0000
RefTree                        1.0000
Tree                           1.0000
RefTree_taxa                  11.0000
Tree_taxa                     11.0000
Common_taxa                   11.0000
MatchingCluster               19.0000
MatchingCluster_toYuleAvg      0.6260
MatchingCluster_toUnifAvg      0.5946
R-F_Cluster                    5.5000
R-F_Cluster_toYuleAvg          0.6297
R-F_Cluster_toUnifAvg          0.6248
NodalSplitted                 13.7113
NodalSplitted_toYuleAvg        0.5777
NodalSplitted_toUnifAvg        0.5348
Triples                       75.0000
Triples_toYuleAvg              0.6824
Triples_toUnifAvg              0.6805
MatchingPair                  30.0000
MatchingPair_toYuleAvg         0.8734
MatchingPair_toUnifAvg         0.8809
MAST                           5.0000
MAST_toYuleAvg                 0.8092
MAST_toUnifAvg                 0.8080
CopheneticL2Metric             9.5917
CopheneticL2Metric_toYuleAvg   0.5032
CopheneticL2Metric_toUnifAvg   0.4664

                 Name        Avg  Std        Min        Max  Count
0     MatchingCluster  19.000000  0.0  19.000000  19.000000      1
1         R-F_Cluster   5.500000  0.0   5.500000   5.500000      1
2       NodalSplitted  13.711309  0.0  13.711309  13.711309      1
3             Triples  75.000000  0.0  75.000000  75.000000      1
4        MatchingPair  30.000000  0.0  30.000000  30.000000      1
5                MAST   5.000000  0.0   5.000000   5.000000      1
6  CopheneticL2Metric   9.591663  0.0   9.591663   9.591663      1
