
                            < M A T L A B (R) >
                  Copyright 1984-2017 The MathWorks, Inc.
                   R2017a (9.2.0.538062) 64-bit (glnxa64)
                             February 23, 2017

 
To get started, type one of these: helpwin, helpdesk, or demo.
For product information, visit www.mathworks.com.
 
Running "Run1", Seed: 875887
 *** Finished Simulation Run ***

config-17.json #############################################

[#.........] | Progress: 1 | Time: 0.0s | ETA: --[.#........] | Progress: 294 | Time: 0.1s | ETA: --[..#.......] | Progress: 642 | Time: 0.1s | ETA: --[##########] | Progress: 786 | Time: 0.1s | ETA: --fit<>, fid</home/chun/projects/clineage-simulation/analysis/tmc-875887/tmc-002/case-17/triplets-list.raw.txt>, flg<treeReconstruction.log>, frt<resTree.tree>, frtN</home/chun/projects/clineage-simulation/analysis/tmc-875887/tmc-002/case-17/reconstructed.tmp.newick>, fsd<qqq.dat>, fst<simul.tree>, -->index=2
Read triplets from file...
Read triplets from file...Finished
N_triplets = 694, idMaxFound = 20
treeBuildBasedOnTriplets_run...
make_isTogetherInTripletAndDeleteExtraTriplets: Finished
maxCut with 20 nodes: Finished
maxCut with 8 nodes: Finished
maxCut with 12 nodes: Finished
maxCut with 10 nodes: Finished
treeBuildBasedOnTriplets_run...Finished
Saving tree to file...
Saving tree to file...Finished

                            < M A T L A B (R) >
                  Copyright 1984-2017 The MathWorks, Inc.
                   R2017a (9.2.0.538062) 64-bit (glnxa64)
                             February 23, 2017

 
To get started, type one of these: helpwin, helpdesk, or demo.
For product information, visit www.mathworks.com.
 
TreeCmp version build2

Active options:
Type of the analysis:  ref-to-all comparison mode (-r)
Metrics:
  1. MatchingCluster (mc)
  2. R-F_Cluster (rc)
  3. NodalSplitted (ns)
  4. Triples (tt)
  5. MatchingPair (mp)
  6. MAST (mt)
  7. CopheneticL2Metric (co)
Input file: /home/chun/projects/clineage-simulation/analysis/tmc-875887/tmc-002/case-17/reconstructed.newick
Output file: /home/chun/projects/clineage-simulation/analysis/tmc-875887/tmc-002/case-17/scores.raw.out
Additional options:
N - Report normalized distances.
P - Prune compared trees if needed (trees can have different leaf sets).
I - Include summary section in the output file.
-----
2018-06-18 21:26:38: Start of reading random statistics.
2018-06-18 21:26:38: End of reading random statistics.
2018-06-18 21:26:38: Start of scanning input file: /home/chun/projects/clineage-simulation/analysis/tmc-875887/tmc-002/case-17/reconstructed.newick
2018-06-18 21:26:38: End of scanning input file: /home/chun/projects/clineage-simulation/analysis/tmc-875887/tmc-002/case-17/reconstructed.newick
2018-06-18 21:26:38: 1 valid trees found in file: /home/chun/projects/clineage-simulation/analysis/tmc-875887/tmc-002/case-17/reconstructed.newick
2018-06-18 21:26:38: Start of calculation...please wait...
2018-06-18 21:26:38: 0.00% completed...
2018-06-18 21:26:38: 100.00% completed.
2018-06-18 21:26:38: End of calculation.
2018-06-18 21:26:38: Total calculation time: 32 ms.
                               metrics
No                              1.0000
RefTree                         1.0000
Tree                            1.0000
RefTree_taxa                   20.0000
Tree_taxa                      20.0000
Common_taxa                    20.0000
MatchingCluster                59.0000
MatchingCluster_toYuleAvg       0.6926
MatchingCluster_toUnifAvg       0.6065
R-F_Cluster                    13.0000
R-F_Cluster_toYuleAvg           0.7319
R-F_Cluster_toUnifAvg           0.7284
NodalSplitted                  35.7911
NodalSplitted_toYuleAvg         0.6151
NodalSplitted_toUnifAvg         0.4980
Triples                       547.0000
Triples_toYuleAvg               0.7156
Triples_toUnifAvg               0.7201
MatchingPair                  113.0000
MatchingPair_toYuleAvg          0.8399
MatchingPair_toUnifAvg          0.8589
MAST                           13.0000
MAST_toYuleAvg                  0.9744
MAST_toUnifAvg                  0.9663
CopheneticL2Metric             23.4521
CopheneticL2Metric_toYuleAvg    0.5280
CopheneticL2Metric_toUnifAvg    0.4317

                 Name         Avg  Std         Min         Max  Count
0     MatchingCluster   59.000000  0.0   59.000000   59.000000      1
1         R-F_Cluster   13.000000  0.0   13.000000   13.000000      1
2       NodalSplitted   35.791060  0.0   35.791060   35.791060      1
3             Triples  547.000000  0.0  547.000000  547.000000      1
4        MatchingPair  113.000000  0.0  113.000000  113.000000      1
5                MAST   13.000000  0.0   13.000000   13.000000      1
6  CopheneticL2Metric   23.452079  0.0   23.452079   23.452079      1
