                              metrics
No                             1.0000
RefTree                        1.0000
Tree                           1.0000
RefTree_taxa                  11.0000
Tree_taxa                     11.0000
Common_taxa                   11.0000
MatchingCluster               10.0000
MatchingCluster_toYuleAvg      0.3295
MatchingCluster_toUnifAvg      0.3130
R-F_Cluster                    2.0000
R-F_Cluster_toYuleAvg          0.2290
R-F_Cluster_toUnifAvg          0.2272
NodalSplitted                  9.0554
NodalSplitted_toYuleAvg        0.3815
NodalSplitted_toUnifAvg        0.3532
Triples                       42.0000
Triples_toYuleAvg              0.3822
Triples_toUnifAvg              0.3811
MatchingPair                  10.0000
MatchingPair_toYuleAvg         0.2911
MatchingPair_toUnifAvg         0.2936
MAST                           4.0000
MAST_toYuleAvg                 0.6474
MAST_toUnifAvg                 0.6464
CopheneticL2Metric             7.4162
CopheneticL2Metric_toYuleAvg   0.3891
CopheneticL2Metric_toUnifAvg   0.3606

                 Name        Avg  Std        Min        Max  Count
0     MatchingCluster  10.000000  0.0  10.000000  10.000000      1
1         R-F_Cluster   2.000000  0.0   2.000000   2.000000      1
2       NodalSplitted   9.055385  0.0   9.055385   9.055385      1
3             Triples  42.000000  0.0  42.000000  42.000000      1
4        MatchingPair  10.000000  0.0  10.000000  10.000000      1
5                MAST   4.000000  0.0   4.000000   4.000000      1
6  CopheneticL2Metric   7.416198  0.0   7.416198   7.416198      1
