
                            < M A T L A B (R) >
                  Copyright 1984-2017 The MathWorks, Inc.
                   R2017a (9.2.0.538062) 64-bit (glnxa64)
                             February 23, 2017

 
To get started, type one of these: helpwin, helpdesk, or demo.
For product information, visit www.mathworks.com.
 
Running "Run1", Seed: 263803
 *** Finished Simulation Run ***

config-20.json #############################################

[#.........] | Progress: 1 | Time: 0.0s | ETA: --[.#........] | Progress: 67 | Time: 0.1s | ETA: --[..#.......] | Progress: 142 | Time: 0.1s | ETA: --[...#......] | Progress: 232 | Time: 0.2s | ETA: --[....#.....] | Progress: 326 | Time: 0.2s | ETA: --[.....#....] | Progress: 422 | Time: 0.3s | ETA: --[......#...] | Progress: 517 | Time: 0.3s | ETA: --[.......#..] | Progress: 610 | Time: 0.4s | ETA: --[........#.] | Progress: 703 | Time: 0.4s | ETA: --[.........#] | Progress: 796 | Time: 0.5s | ETA: --[........#.] | Progress: 888 | Time: 0.5s | ETA: --[.......#..] | Progress: 980 | Time: 0.6s | ETA: --[......#...] | Progress: 1071 | Time: 0.6s | ETA: --[.....#....] | Progress: 1161 | Time: 0.7s | ETA: --[##########] | Progress: 1207 | Time: 0.7s | ETA: --fit<>, fid</home/chun/projects/clineage-simulation/analysis/tmc-263803/tmc-006/case-20/triplets-list.raw.txt>, flg<treeReconstruction.log>, frt<resTree.tree>, frtN</home/chun/projects/clineage-simulation/analysis/tmc-263803/tmc-006/case-20/reconstructed.tmp.newick>, fsd<qqq.dat>, fst<simul.tree>, -->index=2
Read triplets from file...
Read triplets from file...Finished
N_triplets = 1207, idMaxFound = 23
treeBuildBasedOnTriplets_run...
make_isTogetherInTripletAndDeleteExtraTriplets: Finished
maxCut with 23 nodes: Finished
maxCut with 9 nodes: Finished
maxCut with 14 nodes: Finished
maxCut with 10 nodes: Finished
maxCut with 6 nodes: Finished
treeBuildBasedOnTriplets_run...Finished
Saving tree to file...
Saving tree to file...Finished

                            < M A T L A B (R) >
                  Copyright 1984-2017 The MathWorks, Inc.
                   R2017a (9.2.0.538062) 64-bit (glnxa64)
                             February 23, 2017

 
To get started, type one of these: helpwin, helpdesk, or demo.
For product information, visit www.mathworks.com.
 
TreeCmp version build2

Active options:
Type of the analysis:  ref-to-all comparison mode (-r)
Metrics:
  1. MatchingCluster (mc)
  2. R-F_Cluster (rc)
  3. NodalSplitted (ns)
  4. Triples (tt)
  5. MatchingPair (mp)
  6. MAST (mt)
  7. CopheneticL2Metric (co)
Input file: /home/chun/projects/clineage-simulation/analysis/tmc-263803/tmc-006/case-20/reconstructed.newick
Output file: /home/chun/projects/clineage-simulation/analysis/tmc-263803/tmc-006/case-20/scores.raw.out
Additional options:
N - Report normalized distances.
P - Prune compared trees if needed (trees can have different leaf sets).
I - Include summary section in the output file.
-----
2018-06-19 06:29:55: Start of reading random statistics.
2018-06-19 06:29:55: End of reading random statistics.
2018-06-19 06:29:55: Start of scanning input file: /home/chun/projects/clineage-simulation/analysis/tmc-263803/tmc-006/case-20/reconstructed.newick
2018-06-19 06:29:55: End of scanning input file: /home/chun/projects/clineage-simulation/analysis/tmc-263803/tmc-006/case-20/reconstructed.newick
2018-06-19 06:29:55: 1 valid trees found in file: /home/chun/projects/clineage-simulation/analysis/tmc-263803/tmc-006/case-20/reconstructed.newick
2018-06-19 06:29:55: Start of calculation...please wait...
2018-06-19 06:29:55: 0.00% completed...
2018-06-19 06:29:55: 100.00% completed.
2018-06-19 06:29:55: End of calculation.
2018-06-19 06:29:55: Total calculation time: 28 ms.
                              metrics
No                             1.0000
RefTree                        1.0000
Tree                           1.0000
RefTree_taxa                  23.0000
Tree_taxa                     23.0000
Common_taxa                   23.0000
MatchingCluster               24.0000
MatchingCluster_toYuleAvg      0.2263
MatchingCluster_toUnifAvg      0.1936
R-F_Cluster                    5.0000
R-F_Cluster_toYuleAvg          0.2406
R-F_Cluster_toUnifAvg          0.2402
NodalSplitted                 26.1534
NodalSplitted_toYuleAvg        0.3707
NodalSplitted_toUnifAvg        0.2917
Triples                       59.0000
Triples_toYuleAvg              0.0499
Triples_toUnifAvg              0.0501
MatchingPair                  27.0000
MatchingPair_toYuleAvg         0.1479
MatchingPair_toUnifAvg         0.1511
MAST                           8.0000
MAST_toYuleAvg                 0.5042
MAST_toUnifAvg                 0.4996
CopheneticL2Metric            11.3137
CopheneticL2Metric_toYuleAvg   0.2088
CopheneticL2Metric_toUnifAvg   0.1676

                 Name        Avg  Std        Min        Max  Count
0     MatchingCluster  24.000000  0.0  24.000000  24.000000      1
1         R-F_Cluster   5.000000  0.0   5.000000   5.000000      1
2       NodalSplitted  26.153394  0.0  26.153394  26.153394      1
3             Triples  59.000000  0.0  59.000000  59.000000      1
4        MatchingPair  27.000000  0.0  27.000000  27.000000      1
5                MAST   8.000000  0.0   8.000000   8.000000      1
6  CopheneticL2Metric  11.313708  0.0  11.313708  11.313708      1
