
                            < M A T L A B (R) >
                  Copyright 1984-2017 The MathWorks, Inc.
                   R2017a (9.2.0.538062) 64-bit (glnxa64)
                             February 23, 2017

 
To get started, type one of these: helpwin, helpdesk, or demo.
For product information, visit www.mathworks.com.
 
Running "Run1", Seed: 263803
 *** Finished Simulation Run ***

config-10.json #############################################

[#.........] | Progress: 1 | Time: 0.0s | ETA: --[.#........] | Progress: 104 | Time: 0.1s | ETA: --[##########] | Progress: 198 | Time: 0.1s | ETA: --fit<>, fid</home/chun/projects/clineage-simulation/analysis/tmc-263803/tmc-006/case-10/triplets-list.raw.txt>, flg<treeReconstruction.log>, frt<resTree.tree>, frtN</home/chun/projects/clineage-simulation/analysis/tmc-263803/tmc-006/case-10/reconstructed.tmp.newick>, fsd<qqq.dat>, fst<simul.tree>, -->index=2
Read triplets from file...
Read triplets from file...Finished
N_triplets = 198, idMaxFound = 13
treeBuildBasedOnTriplets_run...
make_isTogetherInTripletAndDeleteExtraTriplets: Finished
maxCut with 13 nodes: Finished
maxCut with 7 nodes: Finished
maxCut with 5 nodes: Finished
treeBuildBasedOnTriplets_run...Finished
Saving tree to file...
Saving tree to file...Finished

                            < M A T L A B (R) >
                  Copyright 1984-2017 The MathWorks, Inc.
                   R2017a (9.2.0.538062) 64-bit (glnxa64)
                             February 23, 2017

 
To get started, type one of these: helpwin, helpdesk, or demo.
For product information, visit www.mathworks.com.
 
TreeCmp version build2

Active options:
Type of the analysis:  ref-to-all comparison mode (-r)
Metrics:
  1. MatchingCluster (mc)
  2. R-F_Cluster (rc)
  3. NodalSplitted (ns)
  4. Triples (tt)
  5. MatchingPair (mp)
  6. MAST (mt)
  7. CopheneticL2Metric (co)
Input file: /home/chun/projects/clineage-simulation/analysis/tmc-263803/tmc-006/case-10/reconstructed.newick
Output file: /home/chun/projects/clineage-simulation/analysis/tmc-263803/tmc-006/case-10/scores.raw.out
Additional options:
N - Report normalized distances.
P - Prune compared trees if needed (trees can have different leaf sets).
I - Include summary section in the output file.
-----
2018-06-19 06:29:51: Start of reading random statistics.
2018-06-19 06:29:51: End of reading random statistics.
2018-06-19 06:29:51: Start of scanning input file: /home/chun/projects/clineage-simulation/analysis/tmc-263803/tmc-006/case-10/reconstructed.newick
2018-06-19 06:29:51: End of scanning input file: /home/chun/projects/clineage-simulation/analysis/tmc-263803/tmc-006/case-10/reconstructed.newick
2018-06-19 06:29:51: 1 valid trees found in file: /home/chun/projects/clineage-simulation/analysis/tmc-263803/tmc-006/case-10/reconstructed.newick
2018-06-19 06:29:51: Start of calculation...please wait...
2018-06-19 06:29:51: 0.00% completed...
2018-06-19 06:29:51: 100.00% completed.
2018-06-19 06:29:51: End of calculation.
2018-06-19 06:29:51: Total calculation time: 22 ms.
                              metrics
No                             1.0000
RefTree                        1.0000
Tree                           1.0000
RefTree_taxa                  13.0000
Tree_taxa                     13.0000
Common_taxa                   13.0000
MatchingCluster               10.0000
MatchingCluster_toYuleAvg      0.2449
MatchingCluster_toUnifAvg      0.2267
R-F_Cluster                    2.5000
R-F_Cluster_toYuleAvg          0.2319
R-F_Cluster_toUnifAvg          0.2310
NodalSplitted                 12.0000
NodalSplitted_toYuleAvg        0.3918
NodalSplitted_toUnifAvg        0.3462
Triples                        9.0000
Triples_toYuleAvg              0.0471
Triples_toUnifAvg              0.0471
MatchingPair                   8.0000
MatchingPair_toYuleAvg         0.1571
MatchingPair_toUnifAvg         0.1598
MAST                           3.0000
MAST_toYuleAvg                 0.3898
MAST_toUnifAvg                 0.3863
CopheneticL2Metric             5.4772
CopheneticL2Metric_toYuleAvg   0.2258
CopheneticL2Metric_toUnifAvg   0.2050

                 Name        Avg  Std        Min        Max  Count
0     MatchingCluster  10.000000  0.0  10.000000  10.000000      1
1         R-F_Cluster   2.500000  0.0   2.500000   2.500000      1
2       NodalSplitted  12.000000  0.0  12.000000  12.000000      1
3             Triples   9.000000  0.0   9.000000   9.000000      1
4        MatchingPair   8.000000  0.0   8.000000   8.000000      1
5                MAST   3.000000  0.0   3.000000   3.000000      1
6  CopheneticL2Metric   5.477226  0.0   5.477226   5.477226      1
