
                            < M A T L A B (R) >
                  Copyright 1984-2017 The MathWorks, Inc.
                   R2017a (9.2.0.538062) 64-bit (glnxa64)
                             February 23, 2017

 
To get started, type one of these: helpwin, helpdesk, or demo.
For product information, visit www.mathworks.com.
 
Running "Run1", Seed: 263803
 *** Finished Simulation Run ***

config-06.json #############################################

[#.........] | Progress: 1 | Time: 0.0s | ETA: --[##########] | Progress: 61 | Time: 0.0s | ETA: --fit<>, fid</home/chun/projects/clineage-simulation/analysis/tmc-263803/tmc-006/case-06/triplets-list.raw.txt>, flg<treeReconstruction.log>, frt<resTree.tree>, frtN</home/chun/projects/clineage-simulation/analysis/tmc-263803/tmc-006/case-06/reconstructed.tmp.newick>, fsd<qqq.dat>, fst<simul.tree>, -->index=2
Read triplets from file...
Read triplets from file...Finished
N_triplets = 61, idMaxFound = 9
treeBuildBasedOnTriplets_run...
make_isTogetherInTripletAndDeleteExtraTriplets: Finished
treeBuildBasedOnTriplets_run...Finished
Saving tree to file...
Saving tree to file...Finished

                            < M A T L A B (R) >
                  Copyright 1984-2017 The MathWorks, Inc.
                   R2017a (9.2.0.538062) 64-bit (glnxa64)
                             February 23, 2017

 
To get started, type one of these: helpwin, helpdesk, or demo.
For product information, visit www.mathworks.com.
 
TreeCmp version build2

Active options:
Type of the analysis:  ref-to-all comparison mode (-r)
Metrics:
  1. MatchingCluster (mc)
  2. R-F_Cluster (rc)
  3. NodalSplitted (ns)
  4. Triples (tt)
  5. MatchingPair (mp)
  6. MAST (mt)
  7. CopheneticL2Metric (co)
Input file: /home/chun/projects/clineage-simulation/analysis/tmc-263803/tmc-006/case-06/reconstructed.newick
Output file: /home/chun/projects/clineage-simulation/analysis/tmc-263803/tmc-006/case-06/scores.raw.out
Additional options:
N - Report normalized distances.
P - Prune compared trees if needed (trees can have different leaf sets).
I - Include summary section in the output file.
-----
2018-06-19 06:29:51: Start of reading random statistics.
2018-06-19 06:29:51: End of reading random statistics.
2018-06-19 06:29:51: Start of scanning input file: /home/chun/projects/clineage-simulation/analysis/tmc-263803/tmc-006/case-06/reconstructed.newick
2018-06-19 06:29:51: End of scanning input file: /home/chun/projects/clineage-simulation/analysis/tmc-263803/tmc-006/case-06/reconstructed.newick
2018-06-19 06:29:51: 1 valid trees found in file: /home/chun/projects/clineage-simulation/analysis/tmc-263803/tmc-006/case-06/reconstructed.newick
2018-06-19 06:29:51: Start of calculation...please wait...
2018-06-19 06:29:51: 0.00% completed...
2018-06-19 06:29:51: 100.00% completed.
2018-06-19 06:29:51: End of calculation.
2018-06-19 06:29:51: Total calculation time: 19 ms.
                              metrics
No                             1.0000
RefTree                        1.0000
Tree                           1.0000
RefTree_taxa                   9.0000
Tree_taxa                      9.0000
Common_taxa                    9.0000
MatchingCluster                3.0000
MatchingCluster_toYuleAvg      0.1460
MatchingCluster_toUnifAvg      0.1406
R-F_Cluster                    1.0000
R-F_Cluster_toYuleAvg          0.1500
R-F_Cluster_toUnifAvg          0.1482
NodalSplitted                  4.6904
NodalSplitted_toYuleAvg        0.2772
NodalSplitted_toUnifAvg        0.2632
Triples                        2.0000
Triples_toYuleAvg              0.0358
Triples_toUnifAvg              0.0360
MatchingPair                   2.0000
MatchingPair_toYuleAvg         0.0943
MatchingPair_toUnifAvg         0.0956
MAST                           1.0000
MAST_toYuleAvg                 0.2181
MAST_toUnifAvg                 0.2146
CopheneticL2Metric             2.6458
CopheneticL2Metric_toYuleAvg   0.1894
CopheneticL2Metric_toUnifAvg   0.1827

                 Name       Avg  Std       Min       Max  Count
0     MatchingCluster  3.000000  0.0  3.000000  3.000000      1
1         R-F_Cluster  1.000000  0.0  1.000000  1.000000      1
2       NodalSplitted  4.690416  0.0  4.690416  4.690416      1
3             Triples  2.000000  0.0  2.000000  2.000000      1
4        MatchingPair  2.000000  0.0  2.000000  2.000000      1
5                MAST  1.000000  0.0  1.000000  1.000000      1
6  CopheneticL2Metric  2.645751  0.0  2.645751  2.645751      1
