
                            < M A T L A B (R) >
                  Copyright 1984-2017 The MathWorks, Inc.
                   R2017a (9.2.0.538062) 64-bit (glnxa64)
                             February 23, 2017

 
To get started, type one of these: helpwin, helpdesk, or demo.
For product information, visit www.mathworks.com.
 
Running "Run1", Seed: 263803
 *** Finished Simulation Run ***

config-13.json #############################################

[#.........] | Progress: 1 | Time: 0.0s | ETA: --[.#........] | Progress: 70 | Time: 0.1s | ETA: --[..#.......] | Progress: 156 | Time: 0.1s | ETA: --[...#......] | Progress: 245 | Time: 0.2s | ETA: --[....#.....] | Progress: 334 | Time: 0.2s | ETA: --[##########] | Progress: 400 | Time: 0.2s | ETA: --fit<>, fid</home/chun/projects/clineage-simulation/analysis/tmc-263803/tmc-006/case-13/triplets-list.raw.txt>, flg<treeReconstruction.log>, frt<resTree.tree>, frtN</home/chun/projects/clineage-simulation/analysis/tmc-263803/tmc-006/case-13/reconstructed.tmp.newick>, fsd<qqq.dat>, fst<simul.tree>, -->index=2
Read triplets from file...
Read triplets from file...Finished
N_triplets = 399, idMaxFound = 16
treeBuildBasedOnTriplets_run...
make_isTogetherInTripletAndDeleteExtraTriplets: Finished
maxCut with 16 nodes: Finished
maxCut with 8 nodes: Finished
maxCut with 8 nodes: Finished
maxCut with 6 nodes: Finished
treeBuildBasedOnTriplets_run...Finished
Saving tree to file...
Saving tree to file...Finished

                            < M A T L A B (R) >
                  Copyright 1984-2017 The MathWorks, Inc.
                   R2017a (9.2.0.538062) 64-bit (glnxa64)
                             February 23, 2017

 
To get started, type one of these: helpwin, helpdesk, or demo.
For product information, visit www.mathworks.com.
 
TreeCmp version build2

Active options:
Type of the analysis:  ref-to-all comparison mode (-r)
Metrics:
  1. MatchingCluster (mc)
  2. R-F_Cluster (rc)
  3. NodalSplitted (ns)
  4. Triples (tt)
  5. MatchingPair (mp)
  6. MAST (mt)
  7. CopheneticL2Metric (co)
Input file: /home/chun/projects/clineage-simulation/analysis/tmc-263803/tmc-006/case-13/reconstructed.newick
Output file: /home/chun/projects/clineage-simulation/analysis/tmc-263803/tmc-006/case-13/scores.raw.out
Additional options:
N - Report normalized distances.
P - Prune compared trees if needed (trees can have different leaf sets).
I - Include summary section in the output file.
-----
2018-06-19 06:29:51: Start of reading random statistics.
2018-06-19 06:29:52: End of reading random statistics.
2018-06-19 06:29:52: Start of scanning input file: /home/chun/projects/clineage-simulation/analysis/tmc-263803/tmc-006/case-13/reconstructed.newick
2018-06-19 06:29:52: End of scanning input file: /home/chun/projects/clineage-simulation/analysis/tmc-263803/tmc-006/case-13/reconstructed.newick
2018-06-19 06:29:52: 1 valid trees found in file: /home/chun/projects/clineage-simulation/analysis/tmc-263803/tmc-006/case-13/reconstructed.newick
2018-06-19 06:29:52: Start of calculation...please wait...
2018-06-19 06:29:52: 0.00% completed...
2018-06-19 06:29:52: 100.00% completed.
2018-06-19 06:29:52: End of calculation.
2018-06-19 06:29:52: Total calculation time: 24 ms.
                              metrics
No                             1.0000
RefTree                        1.0000
Tree                           1.0000
RefTree_taxa                  16.0000
Tree_taxa                     16.0000
Common_taxa                   16.0000
MatchingCluster                9.0000
MatchingCluster_toYuleAvg      0.1540
MatchingCluster_toUnifAvg      0.1394
R-F_Cluster                    1.5000
R-F_Cluster_toYuleAvg          0.1089
R-F_Cluster_toUnifAvg          0.1085
NodalSplitted                 10.7238
NodalSplitted_toYuleAvg        0.2548
NodalSplitted_toUnifAvg        0.2179
Triples                       18.0000
Triples_toYuleAvg              0.0482
Triples_toUnifAvg              0.0484
MatchingPair                  10.0000
MatchingPair_toYuleAvg         0.1225
MatchingPair_toUnifAvg         0.1249
MAST                           3.0000
MAST_toYuleAvg                 0.2981
MAST_toUnifAvg                 0.2963
CopheneticL2Metric             5.5678
CopheneticL2Metric_toYuleAvg   0.1694
CopheneticL2Metric_toUnifAvg   0.1497

                 Name        Avg  Std        Min        Max  Count
0     MatchingCluster   9.000000  0.0   9.000000   9.000000      1
1         R-F_Cluster   1.500000  0.0   1.500000   1.500000      1
2       NodalSplitted  10.723805  0.0  10.723805  10.723805      1
3             Triples  18.000000  0.0  18.000000  18.000000      1
4        MatchingPair  10.000000  0.0  10.000000  10.000000      1
5                MAST   3.000000  0.0   3.000000   3.000000      1
6  CopheneticL2Metric   5.567764  0.0   5.567764   5.567764      1
