
                            < M A T L A B (R) >
                  Copyright 1984-2017 The MathWorks, Inc.
                   R2017a (9.2.0.538062) 64-bit (glnxa64)
                             February 23, 2017

 
To get started, type one of these: helpwin, helpdesk, or demo.
For product information, visit www.mathworks.com.
 
Running "Run1", Seed: 263803
 *** Finished Simulation Run ***

config-08.json #############################################

[#.........] | Progress: 1 | Time: 0.0s | ETA: --[.#........] | Progress: 85 | Time: 0.1s | ETA: --[##########] | Progress: 114 | Time: 0.1s | ETA: --fit<>, fid</home/chun/projects/clineage-simulation/analysis/tmc-263803/tmc-006/case-08/triplets-list.raw.txt>, flg<treeReconstruction.log>, frt<resTree.tree>, frtN</home/chun/projects/clineage-simulation/analysis/tmc-263803/tmc-006/case-08/reconstructed.tmp.newick>, fsd<qqq.dat>, fst<simul.tree>, -->index=2
Read triplets from file...
Read triplets from file...Finished
N_triplets = 114, idMaxFound = 11
treeBuildBasedOnTriplets_run...
make_isTogetherInTripletAndDeleteExtraTriplets: Finished
maxCut with 11 nodes: Finished
maxCut with 7 nodes: Finished
treeBuildBasedOnTriplets_run...Finished
Saving tree to file...
Saving tree to file...Finished

                            < M A T L A B (R) >
                  Copyright 1984-2017 The MathWorks, Inc.
                   R2017a (9.2.0.538062) 64-bit (glnxa64)
                             February 23, 2017

 
To get started, type one of these: helpwin, helpdesk, or demo.
For product information, visit www.mathworks.com.
 
TreeCmp version build2

Active options:
Type of the analysis:  ref-to-all comparison mode (-r)
Metrics:
  1. MatchingCluster (mc)
  2. R-F_Cluster (rc)
  3. NodalSplitted (ns)
  4. Triples (tt)
  5. MatchingPair (mp)
  6. MAST (mt)
  7. CopheneticL2Metric (co)
Input file: /home/chun/projects/clineage-simulation/analysis/tmc-263803/tmc-006/case-08/reconstructed.newick
Output file: /home/chun/projects/clineage-simulation/analysis/tmc-263803/tmc-006/case-08/scores.raw.out
Additional options:
N - Report normalized distances.
P - Prune compared trees if needed (trees can have different leaf sets).
I - Include summary section in the output file.
-----
2018-06-19 06:29:50: Start of reading random statistics.
2018-06-19 06:29:50: End of reading random statistics.
2018-06-19 06:29:50: Start of scanning input file: /home/chun/projects/clineage-simulation/analysis/tmc-263803/tmc-006/case-08/reconstructed.newick
2018-06-19 06:29:50: End of scanning input file: /home/chun/projects/clineage-simulation/analysis/tmc-263803/tmc-006/case-08/reconstructed.newick
2018-06-19 06:29:50: 1 valid trees found in file: /home/chun/projects/clineage-simulation/analysis/tmc-263803/tmc-006/case-08/reconstructed.newick
2018-06-19 06:29:50: Start of calculation...please wait...
2018-06-19 06:29:50: 0.00% completed...
2018-06-19 06:29:50: 100.00% completed.
2018-06-19 06:29:50: End of calculation.
2018-06-19 06:29:50: Total calculation time: 17 ms.
                              metrics
No                             1.0000
RefTree                        1.0000
Tree                           1.0000
RefTree_taxa                  11.0000
Tree_taxa                     11.0000
Common_taxa                   11.0000
MatchingCluster               12.0000
MatchingCluster_toYuleAvg      0.3954
MatchingCluster_toUnifAvg      0.3756
R-F_Cluster                    3.0000
R-F_Cluster_toYuleAvg          0.3434
R-F_Cluster_toUnifAvg          0.3408
NodalSplitted                 10.6771
NodalSplitted_toYuleAvg        0.4499
NodalSplitted_toUnifAvg        0.4165
Triples                       12.0000
Triples_toYuleAvg              0.1092
Triples_toUnifAvg              0.1089
MatchingPair                  10.0000
MatchingPair_toYuleAvg         0.2911
MatchingPair_toUnifAvg         0.2936
MAST                           3.0000
MAST_toYuleAvg                 0.4855
MAST_toUnifAvg                 0.4848
CopheneticL2Metric             6.2450
CopheneticL2Metric_toYuleAvg   0.3276
CopheneticL2Metric_toUnifAvg   0.3037

                 Name        Avg  Std        Min        Max  Count
0     MatchingCluster  12.000000  0.0  12.000000  12.000000      1
1         R-F_Cluster   3.000000  0.0   3.000000   3.000000      1
2       NodalSplitted  10.677078  0.0  10.677078  10.677078      1
3             Triples  12.000000  0.0  12.000000  12.000000      1
4        MatchingPair  10.000000  0.0  10.000000  10.000000      1
5                MAST   3.000000  0.0   3.000000   3.000000      1
6  CopheneticL2Metric   6.244998  0.0   6.244998   6.244998      1
