
                            < M A T L A B (R) >
                  Copyright 1984-2017 The MathWorks, Inc.
                   R2017a (9.2.0.538062) 64-bit (glnxa64)
                             February 23, 2017

 
To get started, type one of these: helpwin, helpdesk, or demo.
For product information, visit www.mathworks.com.
 
Running "Run1", Seed: 263803
 *** Finished Simulation Run ***

config-14.json #############################################

[#.........] | Progress: 1 | Time: 0.0s | ETA: --[.#........] | Progress: 110 | Time: 0.1s | ETA: --[..#.......] | Progress: 218 | Time: 0.1s | ETA: --[...#......] | Progress: 329 | Time: 0.2s | ETA: --[....#.....] | Progress: 437 | Time: 0.2s | ETA: --[##########] | Progress: 485 | Time: 0.2s | ETA: --fit<>, fid</home/chun/projects/clineage-simulation/analysis/tmc-263803/tmc-006/case-14/triplets-list.raw.txt>, flg<treeReconstruction.log>, frt<resTree.tree>, frtN</home/chun/projects/clineage-simulation/analysis/tmc-263803/tmc-006/case-14/reconstructed.tmp.newick>, fsd<qqq.dat>, fst<simul.tree>, -->index=2
Read triplets from file...
Read triplets from file...Finished
N_triplets = 485, idMaxFound = 17
treeBuildBasedOnTriplets_run...
make_isTogetherInTripletAndDeleteExtraTriplets: Finished
maxCut with 17 nodes: Finished
maxCut with 9 nodes: Finished
maxCut with 7 nodes: Finished
maxCut with 5 nodes: Finished
maxCut with 8 nodes: Finished
treeBuildBasedOnTriplets_run...Finished
Saving tree to file...
Saving tree to file...Finished

                            < M A T L A B (R) >
                  Copyright 1984-2017 The MathWorks, Inc.
                   R2017a (9.2.0.538062) 64-bit (glnxa64)
                             February 23, 2017

 
To get started, type one of these: helpwin, helpdesk, or demo.
For product information, visit www.mathworks.com.
 
TreeCmp version build2

Active options:
Type of the analysis:  ref-to-all comparison mode (-r)
Metrics:
  1. MatchingCluster (mc)
  2. R-F_Cluster (rc)
  3. NodalSplitted (ns)
  4. Triples (tt)
  5. MatchingPair (mp)
  6. MAST (mt)
  7. CopheneticL2Metric (co)
Input file: /home/chun/projects/clineage-simulation/analysis/tmc-263803/tmc-006/case-14/reconstructed.newick
Output file: /home/chun/projects/clineage-simulation/analysis/tmc-263803/tmc-006/case-14/scores.raw.out
Additional options:
N - Report normalized distances.
P - Prune compared trees if needed (trees can have different leaf sets).
I - Include summary section in the output file.
-----
2018-06-19 06:29:51: Start of reading random statistics.
2018-06-19 06:29:51: End of reading random statistics.
2018-06-19 06:29:51: Start of scanning input file: /home/chun/projects/clineage-simulation/analysis/tmc-263803/tmc-006/case-14/reconstructed.newick
2018-06-19 06:29:51: End of scanning input file: /home/chun/projects/clineage-simulation/analysis/tmc-263803/tmc-006/case-14/reconstructed.newick
2018-06-19 06:29:51: 1 valid trees found in file: /home/chun/projects/clineage-simulation/analysis/tmc-263803/tmc-006/case-14/reconstructed.newick
2018-06-19 06:29:51: Start of calculation...please wait...
2018-06-19 06:29:51: 0.00% completed...
2018-06-19 06:29:51: 100.00% completed.
2018-06-19 06:29:51: End of calculation.
2018-06-19 06:29:51: Total calculation time: 24 ms.
                              metrics
No                             1.0000
RefTree                        1.0000
Tree                           1.0000
RefTree_taxa                  17.0000
Tree_taxa                     17.0000
Common_taxa                   17.0000
MatchingCluster               13.0000
MatchingCluster_toYuleAvg      0.2011
MatchingCluster_toUnifAvg      0.1788
R-F_Cluster                    2.5000
R-F_Cluster_toYuleAvg          0.1692
R-F_Cluster_toUnifAvg          0.1684
NodalSplitted                 15.7480
NodalSplitted_toYuleAvg        0.3436
NodalSplitted_toUnifAvg        0.2876
Triples                       21.0000
Triples_toYuleAvg              0.0463
Triples_toUnifAvg              0.0462
MatchingPair                  13.0000
MatchingPair_toYuleAvg         0.1391
MatchingPair_toUnifAvg         0.1413
MAST                           4.0000
MAST_toYuleAvg                 0.3678
MAST_toUnifAvg                 0.3654
CopheneticL2Metric             7.3485
CopheneticL2Metric_toYuleAvg   0.2046
CopheneticL2Metric_toUnifAvg   0.1778

                 Name        Avg  Std        Min        Max  Count
0     MatchingCluster  13.000000  0.0  13.000000  13.000000      1
1         R-F_Cluster   2.500000  0.0   2.500000   2.500000      1
2       NodalSplitted  15.748016  0.0  15.748016  15.748016      1
3             Triples  21.000000  0.0  21.000000  21.000000      1
4        MatchingPair  13.000000  0.0  13.000000  13.000000      1
5                MAST   4.000000  0.0   4.000000   4.000000      1
6  CopheneticL2Metric   7.348469  0.0   7.348469   7.348469      1
