                              metrics
No                             1.0000
RefTree                        1.0000
Tree                           1.0000
RefTree_taxa                  17.0000
Tree_taxa                     17.0000
Common_taxa                   17.0000
MatchingCluster               24.0000
MatchingCluster_toYuleAvg      0.3713
MatchingCluster_toUnifAvg      0.3302
R-F_Cluster                    4.0000
R-F_Cluster_toYuleAvg          0.2708
R-F_Cluster_toUnifAvg          0.2695
NodalSplitted                 22.6716
NodalSplitted_toYuleAvg        0.4946
NodalSplitted_toUnifAvg        0.4141
Triples                       51.0000
Triples_toYuleAvg              0.1123
Triples_toUnifAvg              0.1121
MatchingPair                  21.0000
MatchingPair_toYuleAvg         0.2248
MatchingPair_toUnifAvg         0.2283
MAST                           4.0000
MAST_toYuleAvg                 0.3678
MAST_toUnifAvg                 0.3654
CopheneticL2Metric            15.8430
CopheneticL2Metric_toYuleAvg   0.4411
CopheneticL2Metric_toUnifAvg   0.3833

                 Name        Avg  Std        Min        Max  Count
0     MatchingCluster  24.000000  0.0  24.000000  24.000000      1
1         R-F_Cluster   4.000000  0.0   4.000000   4.000000      1
2       NodalSplitted  22.671568  0.0  22.671568  22.671568      1
3             Triples  51.000000  0.0  51.000000  51.000000      1
4        MatchingPair  21.000000  0.0  21.000000  21.000000      1
5                MAST   4.000000  0.0   4.000000   4.000000      1
6  CopheneticL2Metric  15.842980  0.0  15.842980  15.842980      1
