                               metrics
No                              1.0000
RefTree                         1.0000
Tree                            1.0000
RefTree_taxa                   18.0000
Tree_taxa                      18.0000
Common_taxa                    18.0000
MatchingCluster                53.0000
MatchingCluster_toYuleAvg       0.7460
MatchingCluster_toUnifAvg       0.6590
R-F_Cluster                    12.0000
R-F_Cluster_toYuleAvg           0.7602
R-F_Cluster_toUnifAvg           0.7583
NodalSplitted                  32.9393
NodalSplitted_toYuleAvg         0.6626
NodalSplitted_toUnifAvg         0.5434
Triples                       494.0000
Triples_toYuleAvg               0.9036
Triples_toUnifAvg               0.9098
MatchingPair                   87.0000
MatchingPair_toYuleAvg          0.8178
MatchingPair_toUnifAvg          0.8365
MAST                           10.0000
MAST_toYuleAvg                  0.8520
MAST_toUnifAvg                  0.8497
CopheneticL2Metric             23.7276
CopheneticL2Metric_toYuleAvg    0.6047
CopheneticL2Metric_toUnifAvg    0.5250

                 Name         Avg  Std         Min         Max  Count
0     MatchingCluster   53.000000  0.0   53.000000   53.000000      1
1         R-F_Cluster   12.000000  0.0   12.000000   12.000000      1
2       NodalSplitted   32.939338  0.0   32.939338   32.939338      1
3             Triples  494.000000  0.0  494.000000  494.000000      1
4        MatchingPair   87.000000  0.0   87.000000   87.000000      1
5                MAST   10.000000  0.0   10.000000   10.000000      1
6  CopheneticL2Metric   23.727621  0.0   23.727621   23.727621      1
