                              metrics
No                             1.0000
RefTree                        1.0000
Tree                           1.0000
RefTree_taxa                  15.0000
Tree_taxa                     15.0000
Common_taxa                   15.0000
MatchingCluster                7.0000
MatchingCluster_toYuleAvg      0.1352
MatchingCluster_toUnifAvg      0.1218
R-F_Cluster                    2.0000
R-F_Cluster_toYuleAvg          0.1569
R-F_Cluster_toUnifAvg          0.1560
NodalSplitted                  9.5917
NodalSplitted_toYuleAvg        0.2533
NodalSplitted_toUnifAvg        0.2181
Triples                        6.0000
Triples_toYuleAvg              0.0199
Triples_toUnifAvg              0.0198
MatchingPair                   4.0000
MatchingPair_toYuleAvg         0.0569
MatchingPair_toUnifAvg         0.0577
MAST                           3.0000
MAST_toYuleAvg                 0.3250
MAST_toUnifAvg                 0.3200
CopheneticL2Metric             3.6056
CopheneticL2Metric_toYuleAvg   0.1203
CopheneticL2Metric_toUnifAvg   0.1065

                 Name       Avg  Std       Min       Max  Count
0     MatchingCluster  7.000000  0.0  7.000000  7.000000      1
1         R-F_Cluster  2.000000  0.0  2.000000  2.000000      1
2       NodalSplitted  9.591663  0.0  9.591663  9.591663      1
3             Triples  6.000000  0.0  6.000000  6.000000      1
4        MatchingPair  4.000000  0.0  4.000000  4.000000      1
5                MAST  3.000000  0.0  3.000000  3.000000      1
6  CopheneticL2Metric  3.605551  0.0  3.605551  3.605551      1
