                               metrics
No                              1.0000
RefTree                         1.0000
Tree                            1.0000
RefTree_taxa                   23.0000
Tree_taxa                      23.0000
Common_taxa                    23.0000
MatchingCluster                83.0000
MatchingCluster_toYuleAvg       0.7828
MatchingCluster_toUnifAvg       0.6697
R-F_Cluster                    15.0000
R-F_Cluster_toYuleAvg           0.7219
R-F_Cluster_toUnifAvg           0.7205
NodalSplitted                  61.4003
NodalSplitted_toYuleAvg         0.8704
NodalSplitted_toUnifAvg         0.6849
Triples                       980.0000
Triples_toYuleAvg               0.8292
Triples_toUnifAvg               0.8328
MatchingPair                  149.0000
MatchingPair_toYuleAvg          0.8163
MatchingPair_toUnifAvg          0.8341
MAST                           14.0000
MAST_toYuleAvg                  0.8824
MAST_toUnifAvg                  0.8742
CopheneticL2Metric             37.5366
CopheneticL2Metric_toYuleAvg    0.6929
CopheneticL2Metric_toUnifAvg    0.5559

                 Name         Avg  Std         Min         Max  Count
0     MatchingCluster   83.000000  0.0   83.000000   83.000000      1
1         R-F_Cluster   15.000000  0.0   15.000000   15.000000      1
2       NodalSplitted   61.400326  0.0   61.400326   61.400326      1
3             Triples  980.000000  0.0  980.000000  980.000000      1
4        MatchingPair  149.000000  0.0  149.000000  149.000000      1
5                MAST   14.000000  0.0   14.000000   14.000000      1
6  CopheneticL2Metric   37.536649  0.0   37.536649   37.536649      1
