                               metrics
No                              1.0000
RefTree                         1.0000
Tree                            1.0000
RefTree_taxa                   18.0000
Tree_taxa                      18.0000
Common_taxa                    18.0000
MatchingCluster                54.0000
MatchingCluster_toYuleAvg       0.7601
MatchingCluster_toUnifAvg       0.6715
R-F_Cluster                    12.0000
R-F_Cluster_toYuleAvg           0.7602
R-F_Cluster_toUnifAvg           0.7583
NodalSplitted                  38.9615
NodalSplitted_toYuleAvg         0.7837
NodalSplitted_toUnifAvg         0.6428
Triples                       480.0000
Triples_toYuleAvg               0.8780
Triples_toUnifAvg               0.8840
MatchingPair                   96.0000
MatchingPair_toYuleAvg          0.9024
MatchingPair_toUnifAvg          0.9230
MAST                           11.0000
MAST_toYuleAvg                  0.9372
MAST_toUnifAvg                  0.9347
CopheneticL2Metric             23.9583
CopheneticL2Metric_toYuleAvg    0.6106
CopheneticL2Metric_toUnifAvg    0.5301

                 Name         Avg  Std         Min         Max  Count
0     MatchingCluster   54.000000  0.0   54.000000   54.000000      1
1         R-F_Cluster   12.000000  0.0   12.000000   12.000000      1
2       NodalSplitted   38.961519  0.0   38.961519   38.961519      1
3             Triples  480.000000  0.0  480.000000  480.000000      1
4        MatchingPair   96.000000  0.0   96.000000   96.000000      1
5                MAST   11.000000  0.0   11.000000   11.000000      1
6  CopheneticL2Metric   23.958297  0.0   23.958297   23.958297      1
