                               metrics
No                              1.0000
RefTree                         1.0000
Tree                            1.0000
RefTree_taxa                   16.0000
Tree_taxa                      16.0000
Common_taxa                    16.0000
MatchingCluster                32.0000
MatchingCluster_toYuleAvg       0.5476
MatchingCluster_toUnifAvg       0.4956
R-F_Cluster                     7.0000
R-F_Cluster_toYuleAvg           0.5083
R-F_Cluster_toUnifAvg           0.5063
NodalSplitted                  26.0768
NodalSplitted_toYuleAvg         0.6195
NodalSplitted_toUnifAvg         0.5298
Triples                       231.0000
Triples_toYuleAvg               0.6191
Triples_toUnifAvg               0.6207
MatchingPair                   62.0000
MatchingPair_toYuleAvg          0.7592
MatchingPair_toUnifAvg          0.7746
MAST                            9.0000
MAST_toYuleAvg                  0.8942
MAST_toUnifAvg                  0.8888
CopheneticL2Metric             18.3576
CopheneticL2Metric_toYuleAvg    0.5586
CopheneticL2Metric_toUnifAvg    0.4936

                 Name        Avg  Std        Min        Max  Count
0     MatchingCluster   32.00000  0.0   32.00000   32.00000      1
1         R-F_Cluster    7.00000  0.0    7.00000    7.00000      1
2       NodalSplitted   26.07681  0.0   26.07681   26.07681      1
3             Triples  231.00000  0.0  231.00000  231.00000      1
4        MatchingPair   62.00000  0.0   62.00000   62.00000      1
5                MAST    9.00000  0.0    9.00000    9.00000      1
6  CopheneticL2Metric   18.35756  0.0   18.35756   18.35756      1
