                              metrics
No                             1.0000
RefTree                        1.0000
Tree                           1.0000
RefTree_taxa                  19.0000
Tree_taxa                     19.0000
Common_taxa                   19.0000
MatchingCluster               11.0000
MatchingCluster_toYuleAvg      0.1419
MatchingCluster_toUnifAvg      0.1238
R-F_Cluster                    2.0000
R-F_Cluster_toYuleAvg          0.1194
R-F_Cluster_toUnifAvg          0.1188
NodalSplitted                 16.9706
NodalSplitted_toYuleAvg        0.3155
NodalSplitted_toUnifAvg        0.2572
Triples                       17.0000
Triples_toYuleAvg              0.0264
Triples_toUnifAvg              0.0263
MatchingPair                   8.0000
MatchingPair_toYuleAvg         0.0668
MatchingPair_toUnifAvg         0.0679
MAST                           2.0000
MAST_toYuleAvg                 0.1598
MAST_toUnifAvg                 0.1586
CopheneticL2Metric             8.0623
CopheneticL2Metric_toYuleAvg   0.1910
CopheneticL2Metric_toUnifAvg   0.1637

                 Name        Avg  Std        Min        Max  Count
0     MatchingCluster  11.000000  0.0  11.000000  11.000000      1
1         R-F_Cluster   2.000000  0.0   2.000000   2.000000      1
2       NodalSplitted  16.970563  0.0  16.970563  16.970563      1
3             Triples  17.000000  0.0  17.000000  17.000000      1
4        MatchingPair   8.000000  0.0   8.000000   8.000000      1
5                MAST   2.000000  0.0   2.000000   2.000000      1
6  CopheneticL2Metric   8.062258  0.0   8.062258   8.062258      1
