                               metrics
No                              1.0000
RefTree                         1.0000
Tree                            1.0000
RefTree_taxa                   22.0000
Tree_taxa                      22.0000
Common_taxa                    22.0000
MatchingCluster                35.0000
MatchingCluster_toYuleAvg       0.3542
MatchingCluster_toUnifAvg       0.3022
R-F_Cluster                    11.5000
R-F_Cluster_toYuleAvg           0.5817
R-F_Cluster_toUnifAvg           0.5791
NodalSplitted                  28.6531
NodalSplitted_toYuleAvg         0.4301
NodalSplitted_toUnifAvg         0.3368
Triples                       128.0000
Triples_toYuleAvg               0.1248
Triples_toUnifAvg               0.1244
MatchingPair                   60.0000
MatchingPair_toYuleAvg          0.3642
MatchingPair_toUnifAvg          0.3705
MAST                            9.0000
MAST_toYuleAvg                  0.6001
MAST_toUnifAvg                  0.5957
CopheneticL2Metric             15.0997
CopheneticL2Metric_toYuleAvg    0.2971
CopheneticL2Metric_toUnifAvg    0.2406

                 Name         Avg  Std         Min         Max  Count
0     MatchingCluster   35.000000  0.0   35.000000   35.000000      1
1         R-F_Cluster   11.500000  0.0   11.500000   11.500000      1
2       NodalSplitted   28.653098  0.0   28.653098   28.653098      1
3             Triples  128.000000  0.0  128.000000  128.000000      1
4        MatchingPair   60.000000  0.0   60.000000   60.000000      1
5                MAST    9.000000  0.0    9.000000    9.000000      1
6  CopheneticL2Metric   15.099669  0.0   15.099669   15.099669      1
