                              metrics
No                             1.0000
RefTree                        1.0000
Tree                           1.0000
RefTree_taxa                  22.0000
Tree_taxa                     22.0000
Common_taxa                   22.0000
MatchingCluster               21.0000
MatchingCluster_toYuleAvg      0.2125
MatchingCluster_toUnifAvg      0.1813
R-F_Cluster                    3.5000
R-F_Cluster_toYuleAvg          0.1770
R-F_Cluster_toUnifAvg          0.1763
NodalSplitted                 21.0000
NodalSplitted_toYuleAvg        0.3152
NodalSplitted_toUnifAvg        0.2468
Triples                       96.0000
Triples_toYuleAvg              0.0936
Triples_toUnifAvg              0.0933
MatchingPair                  24.0000
MatchingPair_toYuleAvg         0.1457
MatchingPair_toUnifAvg         0.1482
MAST                           5.0000
MAST_toYuleAvg                 0.3334
MAST_toUnifAvg                 0.3310
CopheneticL2Metric            13.0767
CopheneticL2Metric_toYuleAvg   0.2573
CopheneticL2Metric_toUnifAvg   0.2084

                 Name        Avg  Std        Min        Max  Count
0     MatchingCluster  21.000000  0.0  21.000000  21.000000      1
1         R-F_Cluster   3.500000  0.0   3.500000   3.500000      1
2       NodalSplitted  21.000000  0.0  21.000000  21.000000      1
3             Triples  96.000000  0.0  96.000000  96.000000      1
4        MatchingPair  24.000000  0.0  24.000000  24.000000      1
5                MAST   5.000000  0.0   5.000000   5.000000      1
6  CopheneticL2Metric  13.076697  0.0  13.076697  13.076697      1
