                              metrics
No                             1.0000
RefTree                        1.0000
Tree                           1.0000
RefTree_taxa                  11.0000
Tree_taxa                     11.0000
Common_taxa                   11.0000
MatchingCluster                3.0000
MatchingCluster_toYuleAvg      0.0988
MatchingCluster_toUnifAvg      0.0939
R-F_Cluster                    0.5000
R-F_Cluster_toYuleAvg          0.0572
R-F_Cluster_toUnifAvg          0.0568
NodalSplitted                  4.8990
NodalSplitted_toYuleAvg        0.2064
NodalSplitted_toUnifAvg        0.1911
Triples                        2.0000
Triples_toYuleAvg              0.0182
Triples_toUnifAvg              0.0181
MatchingPair                   2.0000
MatchingPair_toYuleAvg         0.0582
MatchingPair_toUnifAvg         0.0587
MAST                           1.0000
MAST_toYuleAvg                 0.1618
MAST_toUnifAvg                 0.1616
CopheneticL2Metric             2.4495
CopheneticL2Metric_toYuleAvg   0.1285
CopheneticL2Metric_toUnifAvg   0.1191

                 Name       Avg  Std       Min       Max  Count
0     MatchingCluster  3.000000  0.0  3.000000  3.000000      1
1         R-F_Cluster  0.500000  0.0  0.500000  0.500000      1
2       NodalSplitted  4.898979  0.0  4.898979  4.898979      1
3             Triples  2.000000  0.0  2.000000  2.000000      1
4        MatchingPair  2.000000  0.0  2.000000  2.000000      1
5                MAST  1.000000  0.0  1.000000  1.000000      1
6  CopheneticL2Metric  2.449490  0.0  2.449490  2.449490      1
