                              metrics
No                             1.0000
RefTree                        1.0000
Tree                           1.0000
RefTree_taxa                  10.0000
Tree_taxa                     10.0000
Common_taxa                   10.0000
MatchingCluster               18.0000
MatchingCluster_toYuleAvg      0.7083
MatchingCluster_toUnifAvg      0.6808
R-F_Cluster                    5.5000
R-F_Cluster_toYuleAvg          0.7106
R-F_Cluster_toUnifAvg          0.7073
NodalSplitted                 15.0333
NodalSplitted_toYuleAvg        0.7424
NodalSplitted_toUnifAvg        0.6985
Triples                       61.0000
Triples_toYuleAvg              0.7610
Triples_toUnifAvg              0.7677
MatchingPair                  21.0000
MatchingPair_toYuleAvg         0.7593
MatchingPair_toUnifAvg         0.7763
MAST                           5.0000
MAST_toYuleAvg                 0.9289
MAST_toUnifAvg                 0.9344
CopheneticL2Metric            13.2288
CopheneticL2Metric_toYuleAvg   0.8078
CopheneticL2Metric_toUnifAvg   0.7705

                 Name        Avg  Std        Min        Max  Count
0     MatchingCluster  18.000000  0.0  18.000000  18.000000      1
1         R-F_Cluster   5.500000  0.0   5.500000   5.500000      1
2       NodalSplitted  15.033296  0.0  15.033296  15.033296      1
3             Triples  61.000000  0.0  61.000000  61.000000      1
4        MatchingPair  21.000000  0.0  21.000000  21.000000      1
5                MAST   5.000000  0.0   5.000000   5.000000      1
6  CopheneticL2Metric  13.228757  0.0  13.228757  13.228757      1
