                               metrics
No                              1.0000
RefTree                         1.0000
Tree                            1.0000
RefTree_taxa                   22.0000
Tree_taxa                      22.0000
Common_taxa                    22.0000
MatchingCluster                33.0000
MatchingCluster_toYuleAvg       0.3339
MatchingCluster_toUnifAvg       0.2849
R-F_Cluster                     8.5000
R-F_Cluster_toYuleAvg           0.4299
R-F_Cluster_toUnifAvg           0.4280
NodalSplitted                  28.3725
NodalSplitted_toYuleAvg         0.4259
NodalSplitted_toUnifAvg         0.3335
Triples                       182.0000
Triples_toYuleAvg               0.1774
Triples_toUnifAvg               0.1768
MatchingPair                   43.0000
MatchingPair_toYuleAvg          0.2610
MatchingPair_toUnifAvg          0.2656
MAST                           10.0000
MAST_toYuleAvg                  0.6668
MAST_toUnifAvg                  0.6619
CopheneticL2Metric             13.5647
CopheneticL2Metric_toYuleAvg    0.2669
CopheneticL2Metric_toUnifAvg    0.2162

                 Name         Avg  Std         Min         Max  Count
0     MatchingCluster   33.000000  0.0   33.000000   33.000000      1
1         R-F_Cluster    8.500000  0.0    8.500000    8.500000      1
2       NodalSplitted   28.372522  0.0   28.372522   28.372522      1
3             Triples  182.000000  0.0  182.000000  182.000000      1
4        MatchingPair   43.000000  0.0   43.000000   43.000000      1
5                MAST   10.000000  0.0   10.000000   10.000000      1
6  CopheneticL2Metric   13.564660  0.0   13.564660   13.564660      1
