                              metrics
No                             1.0000
RefTree                        1.0000
Tree                           1.0000
RefTree_taxa                   7.0000
Tree_taxa                      7.0000
Common_taxa                    7.0000
MatchingCluster                8.0000
MatchingCluster_toYuleAvg      0.6340
MatchingCluster_toUnifAvg      0.6315
R-F_Cluster                    2.5000
R-F_Cluster_toYuleAvg          0.5321
R-F_Cluster_toUnifAvg          0.5340
NodalSplitted                  7.7460
NodalSplitted_toYuleAvg        0.7061
NodalSplitted_toUnifAvg        0.7032
Triples                       24.0000
Triples_toYuleAvg              1.0236
Triples_toUnifAvg              1.0383
MatchingPair                   6.0000
MatchingPair_toYuleAvg         0.5286
MatchingPair_toUnifAvg         0.5367
MAST                           3.0000
MAST_toYuleAvg                 0.9425
MAST_toUnifAvg                 0.9325
CopheneticL2Metric             5.0990
CopheneticL2Metric_toYuleAvg   0.5579
CopheneticL2Metric_toUnifAvg   0.5467

                 Name        Avg  Std        Min        Max  Count
0     MatchingCluster   8.000000  0.0   8.000000   8.000000      1
1         R-F_Cluster   2.500000  0.0   2.500000   2.500000      1
2       NodalSplitted   7.745967  0.0   7.745967   7.745967      1
3             Triples  24.000000  0.0  24.000000  24.000000      1
4        MatchingPair   6.000000  0.0   6.000000   6.000000      1
5                MAST   3.000000  0.0   3.000000   3.000000      1
6  CopheneticL2Metric   5.099020  0.0   5.099020   5.099020      1
