                              metrics
No                             1.0000
RefTree                        1.0000
Tree                           1.0000
RefTree_taxa                  11.0000
Tree_taxa                     11.0000
Common_taxa                   11.0000
MatchingCluster               24.0000
MatchingCluster_toYuleAvg      0.7908
MatchingCluster_toUnifAvg      0.7511
R-F_Cluster                    7.5000
R-F_Cluster_toYuleAvg          0.8586
R-F_Cluster_toUnifAvg          0.8520
NodalSplitted                 18.7617
NodalSplitted_toYuleAvg        0.7905
NodalSplitted_toUnifAvg        0.7318
Triples                       93.0000
Triples_toYuleAvg              0.8462
Triples_toUnifAvg              0.8438
MatchingPair                  35.0000
MatchingPair_toYuleAvg         1.0190
MatchingPair_toUnifAvg         1.0277
MAST                           6.0000
MAST_toYuleAvg                 0.9710
MAST_toUnifAvg                 0.9696
CopheneticL2Metric            14.3527
CopheneticL2Metric_toYuleAvg   0.7530
CopheneticL2Metric_toUnifAvg   0.6979

                 Name        Avg  Std        Min        Max  Count
0     MatchingCluster  24.000000  0.0  24.000000  24.000000      1
1         R-F_Cluster   7.500000  0.0   7.500000   7.500000      1
2       NodalSplitted  18.761663  0.0  18.761663  18.761663      1
3             Triples  93.000000  0.0  93.000000  93.000000      1
4        MatchingPair  35.000000  0.0  35.000000  35.000000      1
5                MAST   6.000000  0.0   6.000000   6.000000      1
6  CopheneticL2Metric  14.352700  0.0  14.352700  14.352700      1
