                                 metrics
No                                1.0000
RefTree                           1.0000
Tree                              1.0000
RefTree_taxa                    100.0000
Tree_taxa                       100.0000
Common_taxa                     100.0000
MatchingCluster                2341.0000
MatchingCluster_toYuleAvg         2.5097
MatchingCluster_toUnifAvg         1.5758
R-F_Cluster                      95.0000
R-F_Cluster_toYuleAvg             0.9715
R-F_Cluster_toUnifAvg             0.9707
NodalSplitted                   963.3914
NodalSplitted_toYuleAvg           2.1433
NodalSplitted_toUnifAvg           1.0217
Triples                       71750.0000
Triples_toYuleAvg                 0.6652
Triples_toUnifAvg                 0.6654
MatchingPair                   4096.0000
MatchingPair_toYuleAvg            1.0138
MatchingPair_toUnifAvg            1.0355
MAST                             83.0000
MAST_toYuleAvg                    0.9799
MAST_toUnifAvg                    0.9693
CopheneticL2Metric             1473.7530
CopheneticL2Metric_toYuleAvg      4.4011
CopheneticL2Metric_toUnifAvg      2.2028

                 Name           Avg  Std           Min           Max  Count
0     MatchingCluster   2341.000000  0.0   2341.000000   2341.000000      1
1         R-F_Cluster     95.000000  0.0     95.000000     95.000000      1
2       NodalSplitted    963.391405  0.0    963.391405    963.391405      1
3             Triples  71750.000000  0.0  71750.000000  71750.000000      1
4        MatchingPair   4096.000000  0.0   4096.000000   4096.000000      1
5                MAST     83.000000  0.0     83.000000     83.000000      1
6  CopheneticL2Metric   1473.753032  0.0   1473.753032   1473.753032      1
