                              metrics
No                             1.0000
RefTree                        1.0000
Tree                           1.0000
RefTree_taxa                   9.0000
Tree_taxa                      9.0000
Common_taxa                    9.0000
MatchingCluster               10.0000
MatchingCluster_toYuleAvg      0.4866
MatchingCluster_toUnifAvg      0.4686
R-F_Cluster                    2.0000
R-F_Cluster_toYuleAvg          0.3001
R-F_Cluster_toUnifAvg          0.2965
NodalSplitted                  8.1240
NodalSplitted_toYuleAvg        0.4802
NodalSplitted_toUnifAvg        0.4558
Triples                       11.0000
Triples_toYuleAvg              0.1967
Triples_toUnifAvg              0.1978
MatchingPair                   7.0000
MatchingPair_toYuleAvg         0.3302
MatchingPair_toUnifAvg         0.3346
MAST                           2.0000
MAST_toYuleAvg                 0.4361
MAST_toUnifAvg                 0.4292
CopheneticL2Metric             6.4807
CopheneticL2Metric_toYuleAvg   0.4640
CopheneticL2Metric_toUnifAvg   0.4475

                 Name        Avg  Std        Min        Max  Count
0     MatchingCluster  10.000000  0.0  10.000000  10.000000      1
1         R-F_Cluster   2.000000  0.0   2.000000   2.000000      1
2       NodalSplitted   8.124038  0.0   8.124038   8.124038      1
3             Triples  11.000000  0.0  11.000000  11.000000      1
4        MatchingPair   7.000000  0.0   7.000000   7.000000      1
5                MAST   2.000000  0.0   2.000000   2.000000      1
6  CopheneticL2Metric   6.480741  0.0   6.480741   6.480741      1
