                               metrics
No                              1.0000
RefTree                         1.0000
Tree                            1.0000
RefTree_taxa                   18.0000
Tree_taxa                      18.0000
Common_taxa                    18.0000
MatchingCluster                56.0000
MatchingCluster_toYuleAvg       0.7883
MatchingCluster_toUnifAvg       0.6964
R-F_Cluster                    13.0000
R-F_Cluster_toYuleAvg           0.8235
R-F_Cluster_toUnifAvg           0.8215
NodalSplitted                  36.9594
NodalSplitted_toYuleAvg         0.7434
NodalSplitted_toUnifAvg         0.6097
Triples                       411.0000
Triples_toYuleAvg               0.7518
Triples_toUnifAvg               0.7569
MatchingPair                   91.0000
MatchingPair_toYuleAvg          0.8554
MatchingPair_toUnifAvg          0.8749
MAST                           11.0000
MAST_toYuleAvg                  0.9372
MAST_toUnifAvg                  0.9347
CopheneticL2Metric             24.2693
CopheneticL2Metric_toYuleAvg    0.6185
CopheneticL2Metric_toUnifAvg    0.5369

                 Name         Avg  Std         Min         Max  Count
0     MatchingCluster   56.000000  0.0   56.000000   56.000000      1
1         R-F_Cluster   13.000000  0.0   13.000000   13.000000      1
2       NodalSplitted   36.959437  0.0   36.959437   36.959437      1
3             Triples  411.000000  0.0  411.000000  411.000000      1
4        MatchingPair   91.000000  0.0   91.000000   91.000000      1
5                MAST   11.000000  0.0   11.000000   11.000000      1
6  CopheneticL2Metric   24.269322  0.0   24.269322   24.269322      1
