                               metrics
No                              1.0000
RefTree                         1.0000
Tree                            1.0000
RefTree_taxa                   20.0000
Tree_taxa                      20.0000
Common_taxa                    20.0000
MatchingCluster                44.0000
MatchingCluster_toYuleAvg       0.5165
MatchingCluster_toUnifAvg       0.4523
R-F_Cluster                     7.5000
R-F_Cluster_toYuleAvg           0.4223
R-F_Cluster_toUnifAvg           0.4202
NodalSplitted                  33.4963
NodalSplitted_toYuleAvg         0.5756
NodalSplitted_toUnifAvg         0.4661
Triples                       515.0000
Triples_toYuleAvg               0.6737
Triples_toUnifAvg               0.6780
MatchingPair                   90.0000
MatchingPair_toYuleAvg          0.6690
MatchingPair_toUnifAvg          0.6841
MAST                           11.0000
MAST_toYuleAvg                  0.8245
MAST_toUnifAvg                  0.8176
CopheneticL2Metric             26.1725
CopheneticL2Metric_toYuleAvg    0.5893
CopheneticL2Metric_toUnifAvg    0.4818

                 Name         Avg  Std         Min         Max  Count
0     MatchingCluster   44.000000  0.0   44.000000   44.000000      1
1         R-F_Cluster    7.500000  0.0    7.500000    7.500000      1
2       NodalSplitted   33.496268  0.0   33.496268   33.496268      1
3             Triples  515.000000  0.0  515.000000  515.000000      1
4        MatchingPair   90.000000  0.0   90.000000   90.000000      1
5                MAST   11.000000  0.0   11.000000   11.000000      1
6  CopheneticL2Metric   26.172505  0.0   26.172505   26.172505      1
