                              metrics
No                             1.0000
RefTree                        1.0000
Tree                           1.0000
RefTree_taxa                   5.0000
Tree_taxa                      5.0000
Common_taxa                    5.0000
MatchingCluster                5.0000
MatchingCluster_toYuleAvg      0.8377
MatchingCluster_toUnifAvg      0.8415
R-F_Cluster                    1.5000
R-F_Cluster_toYuleAvg          0.5708
R-F_Cluster_toUnifAvg          0.5665
NodalSplitted                  4.8990
NodalSplitted_toYuleAvg        0.8727
NodalSplitted_toUnifAvg        0.8693
Triples                        4.0000
Triples_toYuleAvg              0.5976
Triples_toUnifAvg              0.5980
MatchingPair                   3.0000
MatchingPair_toYuleAvg         0.6692
MatchingPair_toUnifAvg         0.6673
MAST                           2.0000
MAST_toYuleAvg                 1.1093
MAST_toUnifAvg                 1.0965
CopheneticL2Metric             4.0000
CopheneticL2Metric_toYuleAvg   0.8217
CopheneticL2Metric_toUnifAvg   0.8008

                 Name       Avg  Std       Min       Max  Count
0     MatchingCluster  5.000000  0.0  5.000000  5.000000      1
1         R-F_Cluster  1.500000  0.0  1.500000  1.500000      1
2       NodalSplitted  4.898979  0.0  4.898979  4.898979      1
3             Triples  4.000000  0.0  4.000000  4.000000      1
4        MatchingPair  3.000000  0.0  3.000000  3.000000      1
5                MAST  2.000000  0.0  2.000000  2.000000      1
6  CopheneticL2Metric  4.000000  0.0  4.000000  4.000000      1
