                               metrics
No                              1.0000
RefTree                         1.0000
Tree                            1.0000
RefTree_taxa                   15.0000
Tree_taxa                      15.0000
Common_taxa                    15.0000
MatchingCluster                44.0000
MatchingCluster_toYuleAvg       0.8501
MatchingCluster_toUnifAvg       0.7658
R-F_Cluster                    10.5000
R-F_Cluster_toYuleAvg           0.8238
R-F_Cluster_toUnifAvg           0.8192
NodalSplitted                  33.2566
NodalSplitted_toYuleAvg         0.8784
NodalSplitted_toUnifAvg         0.7563
Triples                       253.0000
Triples_toYuleAvg               0.8383
Triples_toUnifAvg               0.8358
MatchingPair                   72.0000
MatchingPair_toYuleAvg          1.0236
MatchingPair_toUnifAvg          1.0379
MAST                           10.0000
MAST_toYuleAvg                  1.0832
MAST_toUnifAvg                  1.0667
CopheneticL2Metric             22.6936
CopheneticL2Metric_toYuleAvg    0.7573
CopheneticL2Metric_toUnifAvg    0.6700

                 Name         Avg  Std         Min         Max  Count
0     MatchingCluster   44.000000  0.0   44.000000   44.000000      1
1         R-F_Cluster   10.500000  0.0   10.500000   10.500000      1
2       NodalSplitted   33.256578  0.0   33.256578   33.256578      1
3             Triples  253.000000  0.0  253.000000  253.000000      1
4        MatchingPair   72.000000  0.0   72.000000   72.000000      1
5                MAST   10.000000  0.0   10.000000   10.000000      1
6  CopheneticL2Metric   22.693611  0.0   22.693611   22.693611      1
