                              metrics
No                             1.0000
RefTree                        1.0000
Tree                           1.0000
RefTree_taxa                  18.0000
Tree_taxa                     18.0000
Common_taxa                   18.0000
MatchingCluster               11.0000
MatchingCluster_toYuleAvg      0.1548
MatchingCluster_toUnifAvg      0.1368
R-F_Cluster                    3.0000
R-F_Cluster_toYuleAvg          0.1900
R-F_Cluster_toUnifAvg          0.1896
NodalSplitted                 13.2288
NodalSplitted_toYuleAvg        0.2661
NodalSplitted_toUnifAvg        0.2182
Triples                        7.0000
Triples_toYuleAvg              0.0128
Triples_toUnifAvg              0.0129
MatchingPair                   7.0000
MatchingPair_toYuleAvg         0.0658
MatchingPair_toUnifAvg         0.0673
MAST                           4.0000
MAST_toYuleAvg                 0.3408
MAST_toUnifAvg                 0.3399
CopheneticL2Metric             4.8990
CopheneticL2Metric_toYuleAvg   0.1249
CopheneticL2Metric_toUnifAvg   0.1084

                 Name        Avg  Std        Min        Max  Count
0     MatchingCluster  11.000000  0.0  11.000000  11.000000      1
1         R-F_Cluster   3.000000  0.0   3.000000   3.000000      1
2       NodalSplitted  13.228757  0.0  13.228757  13.228757      1
3             Triples   7.000000  0.0   7.000000   7.000000      1
4        MatchingPair   7.000000  0.0   7.000000   7.000000      1
5                MAST   4.000000  0.0   4.000000   4.000000      1
6  CopheneticL2Metric   4.898979  0.0   4.898979   4.898979      1
