                              metrics
No                             1.0000
RefTree                        1.0000
Tree                           1.0000
RefTree_taxa                  17.0000
Tree_taxa                     17.0000
Common_taxa                   17.0000
MatchingCluster               13.0000
MatchingCluster_toYuleAvg      0.2011
MatchingCluster_toUnifAvg      0.1788
R-F_Cluster                    3.0000
R-F_Cluster_toYuleAvg          0.2031
R-F_Cluster_toUnifAvg          0.2021
NodalSplitted                 13.3417
NodalSplitted_toYuleAvg        0.2911
NodalSplitted_toUnifAvg        0.2437
Triples                       30.0000
Triples_toYuleAvg              0.0661
Triples_toUnifAvg              0.0660
MatchingPair                  10.0000
MatchingPair_toYuleAvg         0.1070
MatchingPair_toUnifAvg         0.1087
MAST                           3.0000
MAST_toYuleAvg                 0.2759
MAST_toUnifAvg                 0.2740
CopheneticL2Metric             8.3666
CopheneticL2Metric_toYuleAvg   0.2330
CopheneticL2Metric_toUnifAvg   0.2024

                 Name        Avg  Std        Min        Max  Count
0     MatchingCluster  13.000000  0.0  13.000000  13.000000      1
1         R-F_Cluster   3.000000  0.0   3.000000   3.000000      1
2       NodalSplitted  13.341664  0.0  13.341664  13.341664      1
3             Triples  30.000000  0.0  30.000000  30.000000      1
4        MatchingPair  10.000000  0.0  10.000000  10.000000      1
5                MAST   3.000000  0.0   3.000000   3.000000      1
6  CopheneticL2Metric   8.366600  0.0   8.366600   8.366600      1
