                               metrics
No                              1.0000
RefTree                         1.0000
Tree                            1.0000
RefTree_taxa                   17.0000
Tree_taxa                      17.0000
Common_taxa                    17.0000
MatchingCluster                53.0000
MatchingCluster_toYuleAvg       0.8200
MatchingCluster_toUnifAvg       0.7291
R-F_Cluster                    11.5000
R-F_Cluster_toYuleAvg           0.7785
R-F_Cluster_toUnifAvg           0.7747
NodalSplitted                  40.0250
NodalSplitted_toYuleAvg         0.8732
NodalSplitted_toUnifAvg         0.7310
Triples                       424.0000
Triples_toYuleAvg               0.9339
Triples_toUnifAvg               0.9323
MatchingPair                   93.0000
MatchingPair_toYuleAvg          0.9954
MatchingPair_toUnifAvg          1.0109
MAST                           11.0000
MAST_toYuleAvg                  1.0116
MAST_toUnifAvg                  1.0047
CopheneticL2Metric             25.2190
CopheneticL2Metric_toYuleAvg    0.7022
CopheneticL2Metric_toUnifAvg    0.6101

                 Name         Avg  Std         Min         Max  Count
0     MatchingCluster   53.000000  0.0   53.000000   53.000000      1
1         R-F_Cluster   11.500000  0.0   11.500000   11.500000      1
2       NodalSplitted   40.024992  0.0   40.024992   40.024992      1
3             Triples  424.000000  0.0  424.000000  424.000000      1
4        MatchingPair   93.000000  0.0   93.000000   93.000000      1
5                MAST   11.000000  0.0   11.000000   11.000000      1
6  CopheneticL2Metric   25.219040  0.0   25.219040   25.219040      1
