                              metrics
No                             1.0000
RefTree                        1.0000
Tree                           1.0000
RefTree_taxa                  10.0000
Tree_taxa                     10.0000
Common_taxa                   10.0000
MatchingCluster                6.0000
MatchingCluster_toYuleAvg      0.2361
MatchingCluster_toUnifAvg      0.2269
R-F_Cluster                    1.5000
R-F_Cluster_toYuleAvg          0.1938
R-F_Cluster_toUnifAvg          0.1929
NodalSplitted                  6.9282
NodalSplitted_toYuleAvg        0.3421
NodalSplitted_toUnifAvg        0.3219
Triples                        5.0000
Triples_toYuleAvg              0.0624
Triples_toUnifAvg              0.0629
MatchingPair                   3.0000
MatchingPair_toYuleAvg         0.1085
MatchingPair_toUnifAvg         0.1109
MAST                           3.0000
MAST_toYuleAvg                 0.5573
MAST_toUnifAvg                 0.5606
CopheneticL2Metric             3.0000
CopheneticL2Metric_toYuleAvg   0.1832
CopheneticL2Metric_toUnifAvg   0.1747

                 Name       Avg  Std       Min       Max  Count
0     MatchingCluster  6.000000  0.0  6.000000  6.000000      1
1         R-F_Cluster  1.500000  0.0  1.500000  1.500000      1
2       NodalSplitted  6.928203  0.0  6.928203  6.928203      1
3             Triples  5.000000  0.0  5.000000  5.000000      1
4        MatchingPair  3.000000  0.0  3.000000  3.000000      1
5                MAST  3.000000  0.0  3.000000  3.000000      1
6  CopheneticL2Metric  3.000000  0.0  3.000000  3.000000      1
