                              metrics
No                             1.0000
RefTree                        1.0000
Tree                           1.0000
RefTree_taxa                  12.0000
Tree_taxa                     12.0000
Common_taxa                   12.0000
MatchingCluster               12.0000
MatchingCluster_toYuleAvg      0.3380
MatchingCluster_toUnifAvg      0.3174
R-F_Cluster                    4.0000
R-F_Cluster_toYuleAvg          0.4103
R-F_Cluster_toUnifAvg          0.4086
NodalSplitted                 12.4097
NodalSplitted_toYuleAvg        0.4556
NodalSplitted_toUnifAvg        0.4147
Triples                       24.0000
Triples_toYuleAvg              0.1630
Triples_toUnifAvg              0.1636
MatchingPair                  12.0000
MatchingPair_toYuleAvg         0.2837
MatchingPair_toUnifAvg         0.2875
MAST                           4.0000
MAST_toYuleAvg                 0.5805
MAST_toUnifAvg                 0.5748
CopheneticL2Metric             6.4807
CopheneticL2Metric_toYuleAvg   0.2989
CopheneticL2Metric_toUnifAvg   0.2751

                 Name        Avg  Std        Min        Max  Count
0     MatchingCluster  12.000000  0.0  12.000000  12.000000      1
1         R-F_Cluster   4.000000  0.0   4.000000   4.000000      1
2       NodalSplitted  12.409674  0.0  12.409674  12.409674      1
3             Triples  24.000000  0.0  24.000000  24.000000      1
4        MatchingPair  12.000000  0.0  12.000000  12.000000      1
5                MAST   4.000000  0.0   4.000000   4.000000      1
6  CopheneticL2Metric   6.480741  0.0   6.480741   6.480741      1
