                              metrics
No                             1.0000
RefTree                        1.0000
Tree                           1.0000
RefTree_taxa                   8.0000
Tree_taxa                      8.0000
Common_taxa                    8.0000
MatchingCluster                8.0000
MatchingCluster_toYuleAvg      0.4883
MatchingCluster_toUnifAvg      0.4701
R-F_Cluster                    3.0000
R-F_Cluster_toYuleAvg          0.5249
R-F_Cluster_toUnifAvg          0.5206
NodalSplitted                  8.4853
NodalSplitted_toYuleAvg        0.6183
NodalSplitted_toUnifAvg        0.5868
Triples                       32.0000
Triples_toYuleAvg              0.8649
Triples_toUnifAvg              0.8464
MatchingPair                  15.0000
MatchingPair_toYuleAvg         0.9454
MatchingPair_toUnifAvg         0.9420
MAST                           3.0000
MAST_toYuleAvg                 0.7702
MAST_toUnifAvg                 0.7647
CopheneticL2Metric             8.1240
CopheneticL2Metric_toYuleAvg   0.7130
CopheneticL2Metric_toUnifAvg   0.6882

                 Name        Avg  Std        Min        Max  Count
0     MatchingCluster   8.000000  0.0   8.000000   8.000000      1
1         R-F_Cluster   3.000000  0.0   3.000000   3.000000      1
2       NodalSplitted   8.485281  0.0   8.485281   8.485281      1
3             Triples  32.000000  0.0  32.000000  32.000000      1
4        MatchingPair  15.000000  0.0  15.000000  15.000000      1
5                MAST   3.000000  0.0   3.000000   3.000000      1
6  CopheneticL2Metric   8.124038  0.0   8.124038   8.124038      1
