                              metrics
No                             1.0000
RefTree                        1.0000
Tree                           1.0000
RefTree_taxa                  16.0000
Tree_taxa                     16.0000
Common_taxa                   16.0000
MatchingCluster               11.0000
MatchingCluster_toYuleAvg      0.1882
MatchingCluster_toUnifAvg      0.1704
R-F_Cluster                    2.0000
R-F_Cluster_toYuleAvg          0.1452
R-F_Cluster_toUnifAvg          0.1447
NodalSplitted                 13.3791
NodalSplitted_toYuleAvg        0.3179
NodalSplitted_toUnifAvg        0.2718
Triples                       23.0000
Triples_toYuleAvg              0.0616
Triples_toUnifAvg              0.0618
MatchingPair                   8.0000
MatchingPair_toYuleAvg         0.0980
MatchingPair_toUnifAvg         0.1000
MAST                           3.0000
MAST_toYuleAvg                 0.2981
MAST_toUnifAvg                 0.2963
CopheneticL2Metric             7.8102
CopheneticL2Metric_toYuleAvg   0.2376
CopheneticL2Metric_toUnifAvg   0.2100

                 Name        Avg  Std        Min        Max  Count
0     MatchingCluster  11.000000  0.0  11.000000  11.000000      1
1         R-F_Cluster   2.000000  0.0   2.000000   2.000000      1
2       NodalSplitted  13.379088  0.0  13.379088  13.379088      1
3             Triples  23.000000  0.0  23.000000  23.000000      1
4        MatchingPair   8.000000  0.0   8.000000   8.000000      1
5                MAST   3.000000  0.0   3.000000   3.000000      1
6  CopheneticL2Metric   7.810250  0.0   7.810250   7.810250      1
