                                metrics
No                               1.0000
RefTree                          1.0000
Tree                             1.0000
RefTree_taxa                    23.0000
Tree_taxa                       23.0000
Common_taxa                     23.0000
MatchingCluster                 79.0000
MatchingCluster_toYuleAvg        0.7451
MatchingCluster_toUnifAvg        0.6374
R-F_Cluster                     13.0000
R-F_Cluster_toYuleAvg            0.6257
R-F_Cluster_toUnifAvg            0.6245
NodalSplitted                   49.7393
NodalSplitted_toYuleAvg          0.7051
NodalSplitted_toUnifAvg          0.5549
Triples                       1129.0000
Triples_toYuleAvg                0.9553
Triples_toUnifAvg                0.9595
MatchingPair                   159.0000
MatchingPair_toYuleAvg           0.8711
MatchingPair_toUnifAvg           0.8901
MAST                            14.0000
MAST_toYuleAvg                   0.8824
MAST_toUnifAvg                   0.8742
CopheneticL2Metric              27.8747
CopheneticL2Metric_toYuleAvg     0.5145
CopheneticL2Metric_toUnifAvg     0.4128

                 Name         Avg  Std         Min         Max  Count
0     MatchingCluster    79.00000  0.0    79.00000    79.00000      1
1         R-F_Cluster    13.00000  0.0    13.00000    13.00000      1
2       NodalSplitted    49.73932  0.0    49.73932    49.73932      1
3             Triples  1129.00000  0.0  1129.00000  1129.00000      1
4        MatchingPair   159.00000  0.0   159.00000   159.00000      1
5                MAST    14.00000  0.0    14.00000    14.00000      1
6  CopheneticL2Metric    27.87472  0.0    27.87472    27.87472      1
