                              metrics
No                             1.0000
RefTree                        1.0000
Tree                           1.0000
RefTree_taxa                   7.0000
Tree_taxa                      7.0000
Common_taxa                    7.0000
MatchingCluster                6.0000
MatchingCluster_toYuleAvg      0.4755
MatchingCluster_toUnifAvg      0.4736
R-F_Cluster                    3.0000
R-F_Cluster_toYuleAvg          0.6386
R-F_Cluster_toUnifAvg          0.6408
NodalSplitted                  7.6158
NodalSplitted_toYuleAvg        0.6942
NodalSplitted_toUnifAvg        0.6914
Triples                       12.0000
Triples_toYuleAvg              0.5118
Triples_toUnifAvg              0.5192
MatchingPair                   8.0000
MatchingPair_toYuleAvg         0.7048
MatchingPair_toUnifAvg         0.7156
MAST                           2.0000
MAST_toYuleAvg                 0.6283
MAST_toUnifAvg                 0.6217
CopheneticL2Metric             5.7446
CopheneticL2Metric_toYuleAvg   0.6285
CopheneticL2Metric_toUnifAvg   0.6159

                 Name        Avg  Std        Min        Max  Count
0     MatchingCluster   6.000000  0.0   6.000000   6.000000      1
1         R-F_Cluster   3.000000  0.0   3.000000   3.000000      1
2       NodalSplitted   7.615773  0.0   7.615773   7.615773      1
3             Triples  12.000000  0.0  12.000000  12.000000      1
4        MatchingPair   8.000000  0.0   8.000000   8.000000      1
5                MAST   2.000000  0.0   2.000000   2.000000      1
6  CopheneticL2Metric   5.744563  0.0   5.744563   5.744563      1
