                               metrics
No                              1.0000
RefTree                         1.0000
Tree                            1.0000
RefTree_taxa                   14.0000
Tree_taxa                      14.0000
Common_taxa                    14.0000
MatchingCluster                36.0000
MatchingCluster_toYuleAvg       0.7706
MatchingCluster_toUnifAvg       0.7135
R-F_Cluster                     8.0000
R-F_Cluster_toYuleAvg           0.6793
R-F_Cluster_toUnifAvg           0.6771
NodalSplitted                  26.6083
NodalSplitted_toYuleAvg         0.7658
NodalSplitted_toUnifAvg         0.6814
Triples                       177.0000
Triples_toYuleAvg               0.7284
Triples_toUnifAvg               0.7302
MatchingPair                   45.0000
MatchingPair_toYuleAvg          0.7484
MatchingPair_toUnifAvg          0.7619
MAST                            8.0000
MAST_toYuleAvg                  0.9430
MAST_toUnifAvg                  0.9338
CopheneticL2Metric             18.4932
CopheneticL2Metric_toYuleAvg    0.6756
CopheneticL2Metric_toUnifAvg    0.6061

                 Name         Avg  Std         Min         Max  Count
0     MatchingCluster   36.000000  0.0   36.000000   36.000000      1
1         R-F_Cluster    8.000000  0.0    8.000000    8.000000      1
2       NodalSplitted   26.608269  0.0   26.608269   26.608269      1
3             Triples  177.000000  0.0  177.000000  177.000000      1
4        MatchingPair   45.000000  0.0   45.000000   45.000000      1
5                MAST    8.000000  0.0    8.000000    8.000000      1
6  CopheneticL2Metric   18.493242  0.0   18.493242   18.493242      1
