                              metrics
No                             1.0000
RefTree                        1.0000
Tree                           1.0000
RefTree_taxa                  21.0000
Tree_taxa                     21.0000
Common_taxa                   21.0000
MatchingCluster               20.0000
MatchingCluster_toYuleAvg      0.2183
MatchingCluster_toUnifAvg      0.1891
R-F_Cluster                    7.0000
R-F_Cluster_toYuleAvg          0.3729
R-F_Cluster_toUnifAvg          0.3714
NodalSplitted                 21.9545
NodalSplitted_toYuleAvg        0.3566
NodalSplitted_toUnifAvg        0.2821
Triples                       54.0000
Triples_toYuleAvg              0.0608
Triples_toUnifAvg              0.0609
MatchingPair                  21.0000
MatchingPair_toYuleAvg         0.1406
MatchingPair_toUnifAvg         0.1435
MAST                           5.0000
MAST_toYuleAvg                 0.3527
MAST_toUnifAvg                 0.3502
CopheneticL2Metric             9.5394
CopheneticL2Metric_toYuleAvg   0.2005
CopheneticL2Metric_toUnifAvg   0.1651

                 Name        Avg  Std        Min        Max  Count
0     MatchingCluster  20.000000  0.0  20.000000  20.000000      1
1         R-F_Cluster   7.000000  0.0   7.000000   7.000000      1
2       NodalSplitted  21.954498  0.0  21.954498  21.954498      1
3             Triples  54.000000  0.0  54.000000  54.000000      1
4        MatchingPair  21.000000  0.0  21.000000  21.000000      1
5                MAST   5.000000  0.0   5.000000   5.000000      1
6  CopheneticL2Metric   9.539392  0.0   9.539392   9.539392      1
