
                            < M A T L A B (R) >
                  Copyright 1984-2017 The MathWorks, Inc.
                   R2017a (9.2.0.538062) 64-bit (glnxa64)
                             February 23, 2017

 
To get started, type one of these: helpwin, helpdesk, or demo.
For product information, visit www.mathworks.com.
 
Running "Run1", Seed: 875887
 *** Finished Simulation Run ***

config-17.json #############################################

[#.........] | Progress: 1 | Time: 0.0s | ETA: --[.#........] | Progress: 60 | Time: 0.1s | ETA: --[..#.......] | Progress: 119 | Time: 0.1s | ETA: --[...#......] | Progress: 178 | Time: 0.2s | ETA: --[....#.....] | Progress: 237 | Time: 0.2s | ETA: --[.....#....] | Progress: 296 | Time: 0.3s | ETA: --[......#...] | Progress: 355 | Time: 0.3s | ETA: --[.......#..] | Progress: 414 | Time: 0.4s | ETA: --[........#.] | Progress: 473 | Time: 0.4s | ETA: --[.........#] | Progress: 532 | Time: 0.5s | ETA: --[........#.] | Progress: 591 | Time: 0.5s | ETA: --[.......#..] | Progress: 650 | Time: 0.6s | ETA: --[......#...] | Progress: 709 | Time: 0.6s | ETA: --[.....#....] | Progress: 768 | Time: 0.7s | ETA: --[##########] | Progress: 778 | Time: 0.7s | ETA: --fit<>, fid</home/chun/projects/clineage-simulation/analysis/tmc/tmc-007/case-17/triplets-list.raw.txt>, flg<treeReconstruction.log>, frt<resTree.tree>, frtN</home/chun/projects/clineage-simulation/analysis/tmc/tmc-007/case-17/reconstructed.tmp.newick>, fsd<qqq.dat>, fst<simul.tree>, -->index=2
Read triplets from file...
Read triplets from file...Finished
N_triplets = 776, idMaxFound = 20
treeBuildBasedOnTriplets_run...
make_isTogetherInTripletAndDeleteExtraTriplets: Finished
maxCut with 20 nodes: Finished
maxCut with 13 nodes: Finished
maxCut with 8 nodes: Finished
maxCut with 5 nodes: Finished
maxCut with 5 nodes: Finished
treeBuildBasedOnTriplets_run...Finished
Saving tree to file...
Saving tree to file...Finished

                            < M A T L A B (R) >
                  Copyright 1984-2017 The MathWorks, Inc.
                   R2017a (9.2.0.538062) 64-bit (glnxa64)
                             February 23, 2017

 
To get started, type one of these: helpwin, helpdesk, or demo.
For product information, visit www.mathworks.com.
 
TreeCmp version build2

Active options:
Type of the analysis:  ref-to-all comparison mode (-r)
Metrics:
  1. MatchingCluster (mc)
  2. R-F_Cluster (rc)
  3. NodalSplitted (ns)
  4. Triples (tt)
  5. MatchingPair (mp)
  6. MAST (mt)
  7. CopheneticL2Metric (co)
Input file: /home/chun/projects/clineage-simulation/analysis/tmc/tmc-007/case-17/reconstructed.newick
Output file: /home/chun/projects/clineage-simulation/analysis/tmc/tmc-007/case-17/scores.raw.out
Additional options:
N - Report normalized distances.
P - Prune compared trees if needed (trees can have different leaf sets).
I - Include summary section in the output file.
-----
2018-06-18 18:39:08: Start of reading random statistics.
2018-06-18 18:39:08: End of reading random statistics.
2018-06-18 18:39:08: Start of scanning input file: /home/chun/projects/clineage-simulation/analysis/tmc/tmc-007/case-17/reconstructed.newick
2018-06-18 18:39:08: End of scanning input file: /home/chun/projects/clineage-simulation/analysis/tmc/tmc-007/case-17/reconstructed.newick
2018-06-18 18:39:08: 1 valid trees found in file: /home/chun/projects/clineage-simulation/analysis/tmc/tmc-007/case-17/reconstructed.newick
2018-06-18 18:39:08: Start of calculation...please wait...
2018-06-18 18:39:08: 0.00% completed...
2018-06-18 18:39:08: 100.00% completed.
2018-06-18 18:39:08: End of calculation.
2018-06-18 18:39:08: Total calculation time: 27 ms.
                              metrics
No                             1.0000
RefTree                        1.0000
Tree                           1.0000
RefTree_taxa                  20.0000
Tree_taxa                     20.0000
Common_taxa                   20.0000
MatchingCluster               18.0000
MatchingCluster_toYuleAvg      0.2113
MatchingCluster_toUnifAvg      0.1850
R-F_Cluster                    3.5000
R-F_Cluster_toYuleAvg          0.1971
R-F_Cluster_toUnifAvg          0.1961
NodalSplitted                 18.2209
NodalSplitted_toYuleAvg        0.3131
NodalSplitted_toUnifAvg        0.2535
Triples                       18.0000
Triples_toYuleAvg              0.0235
Triples_toUnifAvg              0.0237
MatchingPair                  13.0000
MatchingPair_toYuleAvg         0.0966
MatchingPair_toUnifAvg         0.0988
MAST                           4.0000
MAST_toYuleAvg                 0.2998
MAST_toUnifAvg                 0.2973
CopheneticL2Metric             8.0623
CopheneticL2Metric_toYuleAvg   0.1815
CopheneticL2Metric_toUnifAvg   0.1484

                 Name        Avg  Std        Min        Max  Count
0     MatchingCluster  18.000000  0.0  18.000000  18.000000      1
1         R-F_Cluster   3.500000  0.0   3.500000   3.500000      1
2       NodalSplitted  18.220867  0.0  18.220867  18.220867      1
3             Triples  18.000000  0.0  18.000000  18.000000      1
4        MatchingPair  13.000000  0.0  13.000000  13.000000      1
5                MAST   4.000000  0.0   4.000000   4.000000      1
6  CopheneticL2Metric   8.062258  0.0   8.062258   8.062258      1
