
                            < M A T L A B (R) >
                  Copyright 1984-2017 The MathWorks, Inc.
                   R2017a (9.2.0.538062) 64-bit (glnxa64)
                             February 23, 2017

 
To get started, type one of these: helpwin, helpdesk, or demo.
For product information, visit www.mathworks.com.
 
Running "Run1", Seed: 875887
 *** Finished Simulation Run ***

config-14.json #############################################

[#.........] | Progress: 1 | Time: 0.0s | ETA: --[.#........] | Progress: 40 | Time: 0.1s | ETA: --[..#.......] | Progress: 76 | Time: 0.1s | ETA: --[...#......] | Progress: 118 | Time: 0.2s | ETA: --[....#.....] | Progress: 155 | Time: 0.2s | ETA: --[.....#....] | Progress: 189 | Time: 0.3s | ETA: --[......#...] | Progress: 237 | Time: 0.3s | ETA: --[.......#..] | Progress: 293 | Time: 0.4s | ETA: --[........#.] | Progress: 335 | Time: 0.4s | ETA: --[.........#] | Progress: 387 | Time: 0.5s | ETA: --[........#.] | Progress: 435 | Time: 0.5s | ETA: --[##########] | Progress: 462 | Time: 0.5s | ETA: --fit<>, fid</home/chun/projects/clineage-simulation/analysis/tmc/tmc-007/case-14/triplets-list.raw.txt>, flg<treeReconstruction.log>, frt<resTree.tree>, frtN</home/chun/projects/clineage-simulation/analysis/tmc/tmc-007/case-14/reconstructed.tmp.newick>, fsd<qqq.dat>, fst<simul.tree>, -->index=2
Read triplets from file...
Read triplets from file...Finished
N_triplets = 461, idMaxFound = 17
treeBuildBasedOnTriplets_run...
make_isTogetherInTripletAndDeleteExtraTriplets: Finished
maxCut with 17 nodes: Finished
maxCut with 10 nodes: Finished
maxCut with 7 nodes: Finished
treeBuildBasedOnTriplets_run...Finished
Saving tree to file...
Saving tree to file...Finished

                            < M A T L A B (R) >
                  Copyright 1984-2017 The MathWorks, Inc.
                   R2017a (9.2.0.538062) 64-bit (glnxa64)
                             February 23, 2017

 
To get started, type one of these: helpwin, helpdesk, or demo.
For product information, visit www.mathworks.com.
 
TreeCmp version build2

Active options:
Type of the analysis:  ref-to-all comparison mode (-r)
Metrics:
  1. MatchingCluster (mc)
  2. R-F_Cluster (rc)
  3. NodalSplitted (ns)
  4. Triples (tt)
  5. MatchingPair (mp)
  6. MAST (mt)
  7. CopheneticL2Metric (co)
Input file: /home/chun/projects/clineage-simulation/analysis/tmc/tmc-007/case-14/reconstructed.newick
Output file: /home/chun/projects/clineage-simulation/analysis/tmc/tmc-007/case-14/scores.raw.out
Additional options:
N - Report normalized distances.
P - Prune compared trees if needed (trees can have different leaf sets).
I - Include summary section in the output file.
-----
2018-06-18 18:39:09: Start of reading random statistics.
2018-06-18 18:39:09: End of reading random statistics.
2018-06-18 18:39:09: Start of scanning input file: /home/chun/projects/clineage-simulation/analysis/tmc/tmc-007/case-14/reconstructed.newick
2018-06-18 18:39:09: End of scanning input file: /home/chun/projects/clineage-simulation/analysis/tmc/tmc-007/case-14/reconstructed.newick
2018-06-18 18:39:09: 1 valid trees found in file: /home/chun/projects/clineage-simulation/analysis/tmc/tmc-007/case-14/reconstructed.newick
2018-06-18 18:39:09: Start of calculation...please wait...
2018-06-18 18:39:09: 0.00% completed...
2018-06-18 18:39:09: 100.00% completed.
2018-06-18 18:39:09: End of calculation.
2018-06-18 18:39:09: Total calculation time: 21 ms.
                               metrics
No                              1.0000
RefTree                         1.0000
Tree                            1.0000
RefTree_taxa                   17.0000
Tree_taxa                      17.0000
Common_taxa                    17.0000
MatchingCluster                24.0000
MatchingCluster_toYuleAvg       0.3713
MatchingCluster_toUnifAvg       0.3302
R-F_Cluster                     6.0000
R-F_Cluster_toYuleAvg           0.4062
R-F_Cluster_toUnifAvg           0.4042
NodalSplitted                  20.0998
NodalSplitted_toYuleAvg         0.4385
NodalSplitted_toUnifAvg         0.3671
Triples                       185.0000
Triples_toYuleAvg               0.4075
Triples_toUnifAvg               0.4068
MatchingPair                   54.0000
MatchingPair_toYuleAvg          0.5780
MatchingPair_toUnifAvg          0.5870
MAST                            7.0000
MAST_toYuleAvg                  0.6437
MAST_toUnifAvg                  0.6394
CopheneticL2Metric             12.8452
CopheneticL2Metric_toYuleAvg    0.3577
CopheneticL2Metric_toUnifAvg    0.3107

                 Name         Avg  Std         Min         Max  Count
0     MatchingCluster   24.000000  0.0   24.000000   24.000000      1
1         R-F_Cluster    6.000000  0.0    6.000000    6.000000      1
2       NodalSplitted   20.099751  0.0   20.099751   20.099751      1
3             Triples  185.000000  0.0  185.000000  185.000000      1
4        MatchingPair   54.000000  0.0   54.000000   54.000000      1
5                MAST    7.000000  0.0    7.000000    7.000000      1
6  CopheneticL2Metric   12.845233  0.0   12.845233   12.845233      1
