
                            < M A T L A B (R) >
                  Copyright 1984-2017 The MathWorks, Inc.
                   R2017a (9.2.0.538062) 64-bit (glnxa64)
                             February 23, 2017

 
To get started, type one of these: helpwin, helpdesk, or demo.
For product information, visit www.mathworks.com.
 
Running "Run1", Seed: 875887
 *** Finished Simulation Run ***

config-05.json #############################################

[#.........] | Progress: 1 | Time: 0.0s | ETA: --[##########] | Progress: 41 | Time: 0.0s | ETA: --fit<>, fid</home/chun/projects/clineage-simulation/analysis/tmc/tmc-007/case-05/triplets-list.raw.txt>, flg<treeReconstruction.log>, frt<resTree.tree>, frtN</home/chun/projects/clineage-simulation/analysis/tmc/tmc-007/case-05/reconstructed.tmp.newick>, fsd<qqq.dat>, fst<simul.tree>, -->index=2
Read triplets from file...
Read triplets from file...Finished
N_triplets = 41, idMaxFound = 8
treeBuildBasedOnTriplets_run...
make_isTogetherInTripletAndDeleteExtraTriplets: Finished
maxCut with 8 nodes: Finished
treeBuildBasedOnTriplets_run...Finished
Saving tree to file...
Saving tree to file...Finished

                            < M A T L A B (R) >
                  Copyright 1984-2017 The MathWorks, Inc.
                   R2017a (9.2.0.538062) 64-bit (glnxa64)
                             February 23, 2017

 
To get started, type one of these: helpwin, helpdesk, or demo.
For product information, visit www.mathworks.com.
 
TreeCmp version build2

Active options:
Type of the analysis:  ref-to-all comparison mode (-r)
Metrics:
  1. MatchingCluster (mc)
  2. R-F_Cluster (rc)
  3. NodalSplitted (ns)
  4. Triples (tt)
  5. MatchingPair (mp)
  6. MAST (mt)
  7. CopheneticL2Metric (co)
Input file: /home/chun/projects/clineage-simulation/analysis/tmc/tmc-007/case-05/reconstructed.newick
Output file: /home/chun/projects/clineage-simulation/analysis/tmc/tmc-007/case-05/scores.raw.out
Additional options:
N - Report normalized distances.
P - Prune compared trees if needed (trees can have different leaf sets).
I - Include summary section in the output file.
-----
2018-06-18 18:39:06: Start of reading random statistics.
2018-06-18 18:39:07: End of reading random statistics.
2018-06-18 18:39:07: Start of scanning input file: /home/chun/projects/clineage-simulation/analysis/tmc/tmc-007/case-05/reconstructed.newick
2018-06-18 18:39:07: End of scanning input file: /home/chun/projects/clineage-simulation/analysis/tmc/tmc-007/case-05/reconstructed.newick
2018-06-18 18:39:07: 1 valid trees found in file: /home/chun/projects/clineage-simulation/analysis/tmc/tmc-007/case-05/reconstructed.newick
2018-06-18 18:39:07: Start of calculation...please wait...
2018-06-18 18:39:07: 0.00% completed...
2018-06-18 18:39:07: 100.00% completed.
2018-06-18 18:39:07: End of calculation.
2018-06-18 18:39:07: Total calculation time: 24 ms.
                              metrics
No                             1.0000
RefTree                        1.0000
Tree                           1.0000
RefTree_taxa                   8.0000
Tree_taxa                      8.0000
Common_taxa                    8.0000
MatchingCluster                3.0000
MatchingCluster_toYuleAvg      0.1831
MatchingCluster_toUnifAvg      0.1763
R-F_Cluster                    1.0000
R-F_Cluster_toYuleAvg          0.1750
R-F_Cluster_toUnifAvg          0.1735
NodalSplitted                  4.3589
NodalSplitted_toYuleAvg        0.3176
NodalSplitted_toUnifAvg        0.3015
Triples                        2.0000
Triples_toYuleAvg              0.0541
Triples_toUnifAvg              0.0529
MatchingPair                   2.0000
MatchingPair_toYuleAvg         0.1261
MatchingPair_toUnifAvg         0.1256
MAST                           1.0000
MAST_toYuleAvg                 0.2567
MAST_toUnifAvg                 0.2549
CopheneticL2Metric             2.6458
CopheneticL2Metric_toYuleAvg   0.2322
CopheneticL2Metric_toUnifAvg   0.2241

                 Name       Avg  Std       Min       Max  Count
0     MatchingCluster  3.000000  0.0  3.000000  3.000000      1
1         R-F_Cluster  1.000000  0.0  1.000000  1.000000      1
2       NodalSplitted  4.358899  0.0  4.358899  4.358899      1
3             Triples  2.000000  0.0  2.000000  2.000000      1
4        MatchingPair  2.000000  0.0  2.000000  2.000000      1
5                MAST  1.000000  0.0  1.000000  1.000000      1
6  CopheneticL2Metric  2.645751  0.0  2.645751  2.645751      1
