
                            < M A T L A B (R) >
                  Copyright 1984-2017 The MathWorks, Inc.
                   R2017a (9.2.0.538062) 64-bit (glnxa64)
                             February 23, 2017

 
To get started, type one of these: helpwin, helpdesk, or demo.
For product information, visit www.mathworks.com.
 
Running "Run1", Seed: 875887
 *** Finished Simulation Run ***

config-15.json #############################################

[#.........] | Progress: 1 | Time: 0.0s | ETA: --[.#........] | Progress: 54 | Time: 0.1s | ETA: --[..#.......] | Progress: 105 | Time: 0.1s | ETA: --[...#......] | Progress: 157 | Time: 0.2s | ETA: --[....#.....] | Progress: 209 | Time: 0.2s | ETA: --[.....#....] | Progress: 262 | Time: 0.3s | ETA: --[......#...] | Progress: 314 | Time: 0.3s | ETA: --[.......#..] | Progress: 366 | Time: 0.4s | ETA: --[........#.] | Progress: 419 | Time: 0.4s | ETA: --[.........#] | Progress: 472 | Time: 0.5s | ETA: --[........#.] | Progress: 524 | Time: 0.5s | ETA: --[.......#..] | Progress: 576 | Time: 0.6s | ETA: --[##########] | Progress: 588 | Time: 0.6s | ETA: --fit<>, fid</home/chun/projects/clineage-simulation/analysis/tmc/tmc-007/case-15/triplets-list.raw.txt>, flg<treeReconstruction.log>, frt<resTree.tree>, frtN</home/chun/projects/clineage-simulation/analysis/tmc/tmc-007/case-15/reconstructed.tmp.newick>, fsd<qqq.dat>, fst<simul.tree>, -->index=2
Read triplets from file...
Read triplets from file...Finished
N_triplets = 587, idMaxFound = 18
treeBuildBasedOnTriplets_run...
make_isTogetherInTripletAndDeleteExtraTriplets: Finished
maxCut with 18 nodes: Finished
maxCut with 11 nodes: Finished
maxCut with 7 nodes: Finished
maxCut with 4 nodes: Finished
treeBuildBasedOnTriplets_run...Finished
Saving tree to file...
Saving tree to file...Finished

                            < M A T L A B (R) >
                  Copyright 1984-2017 The MathWorks, Inc.
                   R2017a (9.2.0.538062) 64-bit (glnxa64)
                             February 23, 2017

 
To get started, type one of these: helpwin, helpdesk, or demo.
For product information, visit www.mathworks.com.
 
TreeCmp version build2

Active options:
Type of the analysis:  ref-to-all comparison mode (-r)
Metrics:
  1. MatchingCluster (mc)
  2. R-F_Cluster (rc)
  3. NodalSplitted (ns)
  4. Triples (tt)
  5. MatchingPair (mp)
  6. MAST (mt)
  7. CopheneticL2Metric (co)
Input file: /home/chun/projects/clineage-simulation/analysis/tmc/tmc-007/case-15/reconstructed.newick
Output file: /home/chun/projects/clineage-simulation/analysis/tmc/tmc-007/case-15/scores.raw.out
Additional options:
N - Report normalized distances.
P - Prune compared trees if needed (trees can have different leaf sets).
I - Include summary section in the output file.
-----
2018-06-18 18:39:07: Start of reading random statistics.
2018-06-18 18:39:07: End of reading random statistics.
2018-06-18 18:39:07: Start of scanning input file: /home/chun/projects/clineage-simulation/analysis/tmc/tmc-007/case-15/reconstructed.newick
2018-06-18 18:39:07: End of scanning input file: /home/chun/projects/clineage-simulation/analysis/tmc/tmc-007/case-15/reconstructed.newick
2018-06-18 18:39:07: 1 valid trees found in file: /home/chun/projects/clineage-simulation/analysis/tmc/tmc-007/case-15/reconstructed.newick
2018-06-18 18:39:07: Start of calculation...please wait...
2018-06-18 18:39:07: 0.00% completed...
2018-06-18 18:39:07: 100.00% completed.
2018-06-18 18:39:07: End of calculation.
2018-06-18 18:39:07: Total calculation time: 31 ms.
                              metrics
No                             1.0000
RefTree                        1.0000
Tree                           1.0000
RefTree_taxa                  18.0000
Tree_taxa                     18.0000
Common_taxa                   18.0000
MatchingCluster               19.0000
MatchingCluster_toYuleAvg      0.2674
MatchingCluster_toUnifAvg      0.2363
R-F_Cluster                    5.0000
R-F_Cluster_toYuleAvg          0.3167
R-F_Cluster_toUnifAvg          0.3160
NodalSplitted                 19.7231
NodalSplitted_toYuleAvg        0.3967
NodalSplitted_toUnifAvg        0.3254
Triples                       20.0000
Triples_toYuleAvg              0.0366
Triples_toUnifAvg              0.0368
MatchingPair                  15.0000
MatchingPair_toYuleAvg         0.1410
MatchingPair_toUnifAvg         0.1442
MAST                           5.0000
MAST_toYuleAvg                 0.4260
MAST_toUnifAvg                 0.4248
CopheneticL2Metric             8.6603
CopheneticL2Metric_toYuleAvg   0.2207
CopheneticL2Metric_toUnifAvg   0.1916

                 Name        Avg  Std        Min        Max  Count
0     MatchingCluster  19.000000  0.0  19.000000  19.000000      1
1         R-F_Cluster   5.000000  0.0   5.000000   5.000000      1
2       NodalSplitted  19.723083  0.0  19.723083  19.723083      1
3             Triples  20.000000  0.0  20.000000  20.000000      1
4        MatchingPair  15.000000  0.0  15.000000  15.000000      1
5                MAST   5.000000  0.0   5.000000   5.000000      1
6  CopheneticL2Metric   8.660254  0.0   8.660254   8.660254      1
