
                            < M A T L A B (R) >
                  Copyright 1984-2017 The MathWorks, Inc.
                   R2017a (9.2.0.538062) 64-bit (glnxa64)
                             February 23, 2017

 
To get started, type one of these: helpwin, helpdesk, or demo.
For product information, visit www.mathworks.com.
 
Running "Run1", Seed: 875887
 *** Finished Simulation Run ***

config-16.json #############################################

[#.........] | Progress: 1 | Time: 0.0s | ETA: --[.#........] | Progress: 58 | Time: 0.1s | ETA: --[..#.......] | Progress: 115 | Time: 0.1s | ETA: --[...#......] | Progress: 172 | Time: 0.2s | ETA: --[....#.....] | Progress: 229 | Time: 0.2s | ETA: --[.....#....] | Progress: 286 | Time: 0.3s | ETA: --[......#...] | Progress: 344 | Time: 0.3s | ETA: --[.......#..] | Progress: 401 | Time: 0.4s | ETA: --[........#.] | Progress: 456 | Time: 0.4s | ETA: --[.........#] | Progress: 513 | Time: 0.5s | ETA: --[........#.] | Progress: 570 | Time: 0.5s | ETA: --[.......#..] | Progress: 627 | Time: 0.6s | ETA: --[......#...] | Progress: 683 | Time: 0.6s | ETA: --[##########] | Progress: 687 | Time: 0.6s | ETA: --fit<>, fid</home/chun/projects/clineage-simulation/analysis/tmc/tmc-007/case-16/triplets-list.raw.txt>, flg<treeReconstruction.log>, frt<resTree.tree>, frtN</home/chun/projects/clineage-simulation/analysis/tmc/tmc-007/case-16/reconstructed.tmp.newick>, fsd<qqq.dat>, fst<simul.tree>, -->index=2
Read triplets from file...
Read triplets from file...Finished
N_triplets = 686, idMaxFound = 19
treeBuildBasedOnTriplets_run...
make_isTogetherInTripletAndDeleteExtraTriplets: Finished
maxCut with 19 nodes: Finished
maxCut with 12 nodes: Finished
maxCut with 7 nodes: Finished
treeBuildBasedOnTriplets_run...Finished
Saving tree to file...
Saving tree to file...Finished

                            < M A T L A B (R) >
                  Copyright 1984-2017 The MathWorks, Inc.
                   R2017a (9.2.0.538062) 64-bit (glnxa64)
                             February 23, 2017

 
To get started, type one of these: helpwin, helpdesk, or demo.
For product information, visit www.mathworks.com.
 
TreeCmp version build2

Active options:
Type of the analysis:  ref-to-all comparison mode (-r)
Metrics:
  1. MatchingCluster (mc)
  2. R-F_Cluster (rc)
  3. NodalSplitted (ns)
  4. Triples (tt)
  5. MatchingPair (mp)
  6. MAST (mt)
  7. CopheneticL2Metric (co)
Input file: /home/chun/projects/clineage-simulation/analysis/tmc/tmc-007/case-16/reconstructed.newick
Output file: /home/chun/projects/clineage-simulation/analysis/tmc/tmc-007/case-16/scores.raw.out
Additional options:
N - Report normalized distances.
P - Prune compared trees if needed (trees can have different leaf sets).
I - Include summary section in the output file.
-----
2018-06-18 18:39:09: Start of reading random statistics.
2018-06-18 18:39:09: End of reading random statistics.
2018-06-18 18:39:09: Start of scanning input file: /home/chun/projects/clineage-simulation/analysis/tmc/tmc-007/case-16/reconstructed.newick
2018-06-18 18:39:09: End of scanning input file: /home/chun/projects/clineage-simulation/analysis/tmc/tmc-007/case-16/reconstructed.newick
2018-06-18 18:39:09: 1 valid trees found in file: /home/chun/projects/clineage-simulation/analysis/tmc/tmc-007/case-16/reconstructed.newick
2018-06-18 18:39:09: Start of calculation...please wait...
2018-06-18 18:39:09: 0.00% completed...
2018-06-18 18:39:09: 100.00% completed.
2018-06-18 18:39:09: End of calculation.
2018-06-18 18:39:09: Total calculation time: 26 ms.
                              metrics
No                             1.0000
RefTree                        1.0000
Tree                           1.0000
RefTree_taxa                  19.0000
Tree_taxa                     19.0000
Common_taxa                   19.0000
MatchingCluster               18.0000
MatchingCluster_toYuleAvg      0.2321
MatchingCluster_toUnifAvg      0.2025
R-F_Cluster                    4.5000
R-F_Cluster_toYuleAvg          0.2687
R-F_Cluster_toUnifAvg          0.2673
NodalSplitted                 19.6469
NodalSplitted_toYuleAvg        0.3653
NodalSplitted_toUnifAvg        0.2978
Triples                       18.0000
Triples_toYuleAvg              0.0280
Triples_toUnifAvg              0.0278
MatchingPair                  14.0000
MatchingPair_toYuleAvg         0.1170
MatchingPair_toUnifAvg         0.1189
MAST                           5.0000
MAST_toYuleAvg                 0.3995
MAST_toUnifAvg                 0.3964
CopheneticL2Metric             8.4261
CopheneticL2Metric_toYuleAvg   0.1996
CopheneticL2Metric_toUnifAvg   0.1711

                 Name        Avg  Std        Min        Max  Count
0     MatchingCluster  18.000000  0.0  18.000000  18.000000      1
1         R-F_Cluster   4.500000  0.0   4.500000   4.500000      1
2       NodalSplitted  19.646883  0.0  19.646883  19.646883      1
3             Triples  18.000000  0.0  18.000000  18.000000      1
4        MatchingPair  14.000000  0.0  14.000000  14.000000      1
5                MAST   5.000000  0.0   5.000000   5.000000      1
6  CopheneticL2Metric   8.426150  0.0   8.426150   8.426150      1
