
                            < M A T L A B (R) >
                  Copyright 1984-2017 The MathWorks, Inc.
                   R2017a (9.2.0.538062) 64-bit (glnxa64)
                             February 23, 2017

 
To get started, type one of these: helpwin, helpdesk, or demo.
For product information, visit www.mathworks.com.
 
Running "Run1", Seed: 875887
 *** Finished Simulation Run ***

config-09.json #############################################

[#.........] | Progress: 1 | Time: 0.0s | ETA: --[.#........] | Progress: 55 | Time: 0.1s | ETA: --[..#.......] | Progress: 110 | Time: 0.1s | ETA: --[##########] | Progress: 156 | Time: 0.1s | ETA: --fit<>, fid</home/chun/projects/clineage-simulation/analysis/tmc/tmc-007/case-09/triplets-list.raw.txt>, flg<treeReconstruction.log>, frt<resTree.tree>, frtN</home/chun/projects/clineage-simulation/analysis/tmc/tmc-007/case-09/reconstructed.tmp.newick>, fsd<qqq.dat>, fst<simul.tree>, -->index=2
Read triplets from file...
Read triplets from file...Finished
N_triplets = 156, idMaxFound = 12
treeBuildBasedOnTriplets_run...
make_isTogetherInTripletAndDeleteExtraTriplets: Finished
maxCut with 12 nodes: Finished
maxCut with 6 nodes: Finished
treeBuildBasedOnTriplets_run...Finished
Saving tree to file...
Saving tree to file...Finished

                            < M A T L A B (R) >
                  Copyright 1984-2017 The MathWorks, Inc.
                   R2017a (9.2.0.538062) 64-bit (glnxa64)
                             February 23, 2017

 
To get started, type one of these: helpwin, helpdesk, or demo.
For product information, visit www.mathworks.com.
 
TreeCmp version build2

Active options:
Type of the analysis:  ref-to-all comparison mode (-r)
Metrics:
  1. MatchingCluster (mc)
  2. R-F_Cluster (rc)
  3. NodalSplitted (ns)
  4. Triples (tt)
  5. MatchingPair (mp)
  6. MAST (mt)
  7. CopheneticL2Metric (co)
Input file: /home/chun/projects/clineage-simulation/analysis/tmc/tmc-007/case-09/reconstructed.newick
Output file: /home/chun/projects/clineage-simulation/analysis/tmc/tmc-007/case-09/scores.raw.out
Additional options:
N - Report normalized distances.
P - Prune compared trees if needed (trees can have different leaf sets).
I - Include summary section in the output file.
-----
2018-06-18 18:39:07: Start of reading random statistics.
2018-06-18 18:39:07: End of reading random statistics.
2018-06-18 18:39:07: Start of scanning input file: /home/chun/projects/clineage-simulation/analysis/tmc/tmc-007/case-09/reconstructed.newick
2018-06-18 18:39:07: End of scanning input file: /home/chun/projects/clineage-simulation/analysis/tmc/tmc-007/case-09/reconstructed.newick
2018-06-18 18:39:07: 1 valid trees found in file: /home/chun/projects/clineage-simulation/analysis/tmc/tmc-007/case-09/reconstructed.newick
2018-06-18 18:39:07: Start of calculation...please wait...
2018-06-18 18:39:07: 0.00% completed...
2018-06-18 18:39:08: 100.00% completed.
2018-06-18 18:39:08: End of calculation.
2018-06-18 18:39:08: Total calculation time: 19 ms.
                              metrics
No                             1.0000
RefTree                        1.0000
Tree                           1.0000
RefTree_taxa                  12.0000
Tree_taxa                     12.0000
Common_taxa                   12.0000
MatchingCluster               15.0000
MatchingCluster_toYuleAvg      0.4225
MatchingCluster_toUnifAvg      0.3967
R-F_Cluster                    2.5000
R-F_Cluster_toYuleAvg          0.2564
R-F_Cluster_toUnifAvg          0.2554
NodalSplitted                 10.4403
NodalSplitted_toYuleAvg        0.3833
NodalSplitted_toUnifAvg        0.3489
Triples                       61.0000
Triples_toYuleAvg              0.4144
Triples_toUnifAvg              0.4157
MatchingPair                  22.0000
MatchingPair_toYuleAvg         0.5201
MatchingPair_toUnifAvg         0.5270
MAST                           4.0000
MAST_toYuleAvg                 0.5805
MAST_toUnifAvg                 0.5748
CopheneticL2Metric             9.1652
CopheneticL2Metric_toYuleAvg   0.4228
CopheneticL2Metric_toUnifAvg   0.3890

                 Name        Avg  Std        Min        Max  Count
0     MatchingCluster  15.000000  0.0  15.000000  15.000000      1
1         R-F_Cluster   2.500000  0.0   2.500000   2.500000      1
2       NodalSplitted  10.440307  0.0  10.440307  10.440307      1
3             Triples  61.000000  0.0  61.000000  61.000000      1
4        MatchingPair  22.000000  0.0  22.000000  22.000000      1
5                MAST   4.000000  0.0   4.000000   4.000000      1
6  CopheneticL2Metric   9.165151  0.0   9.165151   9.165151      1
