                              metrics
No                             1.0000
RefTree                        1.0000
Tree                           1.0000
RefTree_taxa                  15.0000
Tree_taxa                     15.0000
Common_taxa                   15.0000
MatchingCluster               12.0000
MatchingCluster_toYuleAvg      0.2318
MatchingCluster_toUnifAvg      0.2088
R-F_Cluster                    3.0000
R-F_Cluster_toYuleAvg          0.2354
R-F_Cluster_toUnifAvg          0.2341
NodalSplitted                 14.1421
NodalSplitted_toYuleAvg        0.3735
NodalSplitted_toUnifAvg        0.3216
Triples                       22.0000
Triples_toYuleAvg              0.0729
Triples_toUnifAvg              0.0727
MatchingPair                  12.0000
MatchingPair_toYuleAvg         0.1706
MatchingPair_toUnifAvg         0.1730
MAST                           4.0000
MAST_toYuleAvg                 0.4333
MAST_toUnifAvg                 0.4267
CopheneticL2Metric             7.2111
CopheneticL2Metric_toYuleAvg   0.2406
CopheneticL2Metric_toUnifAvg   0.2129

                 Name        Avg  Std        Min        Max  Count
0     MatchingCluster  12.000000  0.0  12.000000  12.000000      1
1         R-F_Cluster   3.000000  0.0   3.000000   3.000000      1
2       NodalSplitted  14.142136  0.0  14.142136  14.142136      1
3             Triples  22.000000  0.0  22.000000  22.000000      1
4        MatchingPair  12.000000  0.0  12.000000  12.000000      1
5                MAST   4.000000  0.0   4.000000   4.000000      1
6  CopheneticL2Metric   7.211103  0.0   7.211103   7.211103      1
