                              metrics
No                             1.0000
RefTree                        1.0000
Tree                           1.0000
RefTree_taxa                   8.0000
Tree_taxa                      8.0000
Common_taxa                    8.0000
MatchingCluster                9.0000
MatchingCluster_toYuleAvg      0.5494
MatchingCluster_toUnifAvg      0.5289
R-F_Cluster                    5.5000
R-F_Cluster_toYuleAvg          0.9624
R-F_Cluster_toUnifAvg          0.9544
NodalSplitted                  7.6811
NodalSplitted_toYuleAvg        0.5597
NodalSplitted_toUnifAvg        0.5312
Triples                       21.0000
Triples_toYuleAvg              0.5676
Triples_toUnifAvg              0.5555
MatchingPair                   9.0000
MatchingPair_toYuleAvg         0.5673
MatchingPair_toUnifAvg         0.5652
MAST                           3.0000
MAST_toYuleAvg                 0.7702
MAST_toUnifAvg                 0.7647
CopheneticL2Metric             5.6569
CopheneticL2Metric_toYuleAvg   0.4965
CopheneticL2Metric_toUnifAvg   0.4792

                 Name        Avg  Std        Min        Max  Count
0     MatchingCluster   9.000000  0.0   9.000000   9.000000      1
1         R-F_Cluster   5.500000  0.0   5.500000   5.500000      1
2       NodalSplitted   7.681146  0.0   7.681146   7.681146      1
3             Triples  21.000000  0.0  21.000000  21.000000      1
4        MatchingPair   9.000000  0.0   9.000000   9.000000      1
5                MAST   3.000000  0.0   3.000000   3.000000      1
6  CopheneticL2Metric   5.656854  0.0   5.656854   5.656854      1
