
                            < M A T L A B (R) >
                  Copyright 1984-2017 The MathWorks, Inc.
                   R2017a (9.2.0.538062) 64-bit (glnxa64)
                             February 23, 2017

 
To get started, type one of these: helpwin, helpdesk, or demo.
For product information, visit www.mathworks.com.
 
Running "Run1", Seed: 263803
 *** Finished Simulation Run ***

config-08.json #############################################

[#.........] | Progress: 1 | Time: 0.0s | ETA: --[.#........] | Progress: 8 | Time: 0.1s | ETA: --[..#.......] | Progress: 15 | Time: 0.1s | ETA: --[...#......] | Progress: 22 | Time: 0.2s | ETA: --[....#.....] | Progress: 29 | Time: 0.2s | ETA: --[.....#....] | Progress: 36 | Time: 0.3s | ETA: --[......#...] | Progress: 43 | Time: 0.3s | ETA: --[.......#..] | Progress: 50 | Time: 0.4s | ETA: --[........#.] | Progress: 57 | Time: 0.4s | ETA: --[.........#] | Progress: 64 | Time: 0.5s | ETA: --[........#.] | Progress: 71 | Time: 0.5s | ETA: --[.......#..] | Progress: 78 | Time: 0.6s | ETA: --[......#...] | Progress: 85 | Time: 0.6s | ETA: --[.....#....] | Progress: 92 | Time: 0.7s | ETA: --[....#.....] | Progress: 99 | Time: 0.8s | ETA: --[...#......] | Progress: 106 | Time: 0.8s | ETA: --[..#.......] | Progress: 113 | Time: 0.9s | ETA: --[.#........] | Progress: 120 | Time: 0.9s | ETA: --[#.........] | Progress: 127 | Time: 1.0s | ETA: --[##########] | Progress: 128 | Time: 1.0s | ETA: --fit<>, fid</home/chun/projects/clineage-simulation/analysis/tmc-263803/tmc-010/case-08/triplets-list.raw.txt>, flg<treeReconstruction.log>, frt<resTree.tree>, frtN</home/chun/projects/clineage-simulation/analysis/tmc-263803/tmc-010/case-08/reconstructed.tmp.newick>, fsd<qqq.dat>, fst<simul.tree>, -->index=2
Read triplets from file...
Read triplets from file...Finished
N_triplets = 128, idMaxFound = 11
treeBuildBasedOnTriplets_run...
make_isTogetherInTripletAndDeleteExtraTriplets: Finished
treeBuildBasedOnTriplets_run...Finished
Saving tree to file...
Saving tree to file...Finished

                            < M A T L A B (R) >
                  Copyright 1984-2017 The MathWorks, Inc.
                   R2017a (9.2.0.538062) 64-bit (glnxa64)
                             February 23, 2017

 
To get started, type one of these: helpwin, helpdesk, or demo.
For product information, visit www.mathworks.com.
 
TreeCmp version build2

Active options:
Type of the analysis:  ref-to-all comparison mode (-r)
Metrics:
  1. MatchingCluster (mc)
  2. R-F_Cluster (rc)
  3. NodalSplitted (ns)
  4. Triples (tt)
  5. MatchingPair (mp)
  6. MAST (mt)
  7. CopheneticL2Metric (co)
Input file: /home/chun/projects/clineage-simulation/analysis/tmc-263803/tmc-010/case-08/reconstructed.newick
Output file: /home/chun/projects/clineage-simulation/analysis/tmc-263803/tmc-010/case-08/scores.raw.out
Additional options:
N - Report normalized distances.
P - Prune compared trees if needed (trees can have different leaf sets).
I - Include summary section in the output file.
-----
2018-06-19 06:30:14: Start of reading random statistics.
2018-06-19 06:30:15: End of reading random statistics.
2018-06-19 06:30:15: Start of scanning input file: /home/chun/projects/clineage-simulation/analysis/tmc-263803/tmc-010/case-08/reconstructed.newick
2018-06-19 06:30:15: End of scanning input file: /home/chun/projects/clineage-simulation/analysis/tmc-263803/tmc-010/case-08/reconstructed.newick
2018-06-19 06:30:15: 1 valid trees found in file: /home/chun/projects/clineage-simulation/analysis/tmc-263803/tmc-010/case-08/reconstructed.newick
2018-06-19 06:30:15: Start of calculation...please wait...
2018-06-19 06:30:15: 0.00% completed...
2018-06-19 06:30:15: 100.00% completed.
2018-06-19 06:30:15: End of calculation.
2018-06-19 06:30:15: Total calculation time: 28 ms.
                              metrics
No                                1.0
RefTree                           1.0
Tree                              1.0
RefTree_taxa                     11.0
Tree_taxa                        11.0
Common_taxa                      11.0
MatchingCluster                   0.0
MatchingCluster_toYuleAvg         0.0
MatchingCluster_toUnifAvg         0.0
R-F_Cluster                       0.0
R-F_Cluster_toYuleAvg             0.0
R-F_Cluster_toUnifAvg             0.0
NodalSplitted                     0.0
NodalSplitted_toYuleAvg           0.0
NodalSplitted_toUnifAvg           0.0
Triples                           0.0
Triples_toYuleAvg                 0.0
Triples_toUnifAvg                 0.0
MatchingPair                      0.0
MatchingPair_toYuleAvg            0.0
MatchingPair_toUnifAvg            0.0
MAST                              0.0
MAST_toYuleAvg                    0.0
MAST_toUnifAvg                    0.0
CopheneticL2Metric                0.0
CopheneticL2Metric_toYuleAvg      0.0
CopheneticL2Metric_toUnifAvg      0.0

                 Name  Avg  Std  Min  Max  Count
0     MatchingCluster  0.0  0.0  0.0  0.0      1
1         R-F_Cluster  0.0  0.0  0.0  0.0      1
2       NodalSplitted  0.0  0.0  0.0  0.0      1
3             Triples  0.0  0.0  0.0  0.0      1
4        MatchingPair  0.0  0.0  0.0  0.0      1
5                MAST  0.0  0.0  0.0  0.0      1
6  CopheneticL2Metric  0.0  0.0  0.0  0.0      1
