                              metrics
No                             1.0000
RefTree                        1.0000
Tree                           1.0000
RefTree_taxa                  21.0000
Tree_taxa                     21.0000
Common_taxa                   21.0000
MatchingCluster               22.0000
MatchingCluster_toYuleAvg      0.2402
MatchingCluster_toUnifAvg      0.2080
R-F_Cluster                    5.0000
R-F_Cluster_toYuleAvg          0.2664
R-F_Cluster_toUnifAvg          0.2653
NodalSplitted                 22.0000
NodalSplitted_toYuleAvg        0.3573
NodalSplitted_toUnifAvg        0.2827
Triples                       21.0000
Triples_toYuleAvg              0.0236
Triples_toUnifAvg              0.0237
MatchingPair                  16.0000
MatchingPair_toYuleAvg         0.1071
MatchingPair_toUnifAvg         0.1093
MAST                           6.0000
MAST_toYuleAvg                 0.4233
MAST_toUnifAvg                 0.4203
CopheneticL2Metric             9.3808
CopheneticL2Metric_toYuleAvg   0.1972
CopheneticL2Metric_toUnifAvg   0.1624

                 Name        Avg  Std        Min        Max  Count
0     MatchingCluster  22.000000  0.0  22.000000  22.000000      1
1         R-F_Cluster   5.000000  0.0   5.000000   5.000000      1
2       NodalSplitted  22.000000  0.0  22.000000  22.000000      1
3             Triples  21.000000  0.0  21.000000  21.000000      1
4        MatchingPair  16.000000  0.0  16.000000  16.000000      1
5                MAST   6.000000  0.0   6.000000   6.000000      1
6  CopheneticL2Metric   9.380832  0.0   9.380832   9.380832      1
