                               metrics
No                              1.0000
RefTree                         1.0000
Tree                            1.0000
RefTree_taxa                   16.0000
Tree_taxa                      16.0000
Common_taxa                    16.0000
MatchingCluster                47.0000
MatchingCluster_toYuleAvg       0.8043
MatchingCluster_toUnifAvg       0.7279
R-F_Cluster                    12.0000
R-F_Cluster_toYuleAvg           0.8713
R-F_Cluster_toUnifAvg           0.8680
NodalSplitted                  31.1609
NodalSplitted_toYuleAvg         0.7403
NodalSplitted_toUnifAvg         0.6331
Triples                       352.0000
Triples_toYuleAvg               0.9434
Triples_toUnifAvg               0.9458
MatchingPair                   81.0000
MatchingPair_toYuleAvg          0.9919
MatchingPair_toUnifAvg          1.0120
MAST                           10.0000
MAST_toYuleAvg                  0.9935
MAST_toUnifAvg                  0.9876
CopheneticL2Metric             21.3776
CopheneticL2Metric_toYuleAvg    0.6505
CopheneticL2Metric_toUnifAvg    0.5748

                 Name         Avg  Std         Min         Max  Count
0     MatchingCluster   47.000000  0.0   47.000000   47.000000      1
1         R-F_Cluster   12.000000  0.0   12.000000   12.000000      1
2       NodalSplitted   31.160873  0.0   31.160873   31.160873      1
3             Triples  352.000000  0.0  352.000000  352.000000      1
4        MatchingPair   81.000000  0.0   81.000000   81.000000      1
5                MAST   10.000000  0.0   10.000000   10.000000      1
6  CopheneticL2Metric   21.377558  0.0   21.377558   21.377558      1
