                               metrics
No                              1.0000
RefTree                         1.0000
Tree                            1.0000
RefTree_taxa                   20.0000
Tree_taxa                      20.0000
Common_taxa                    20.0000
MatchingCluster                40.0000
MatchingCluster_toYuleAvg       0.4695
MatchingCluster_toUnifAvg       0.4112
R-F_Cluster                     5.5000
R-F_Cluster_toYuleAvg           0.3097
R-F_Cluster_toUnifAvg           0.3082
NodalSplitted                  36.0555
NodalSplitted_toYuleAvg         0.6196
NodalSplitted_toUnifAvg         0.5017
Triples                       495.0000
Triples_toYuleAvg               0.6475
Triples_toUnifAvg               0.6517
MatchingPair                   90.0000
MatchingPair_toYuleAvg          0.6690
MatchingPair_toUnifAvg          0.6841
MAST                           10.0000
MAST_toYuleAvg                  0.7496
MAST_toUnifAvg                  0.7433
CopheneticL2Metric             27.5318
CopheneticL2Metric_toYuleAvg    0.6199
CopheneticL2Metric_toUnifAvg    0.5068

                 Name         Avg  Std         Min         Max  Count
0     MatchingCluster   40.000000  0.0   40.000000   40.000000      1
1         R-F_Cluster    5.500000  0.0    5.500000    5.500000      1
2       NodalSplitted   36.055513  0.0   36.055513   36.055513      1
3             Triples  495.000000  0.0  495.000000  495.000000      1
4        MatchingPair   90.000000  0.0   90.000000   90.000000      1
5                MAST   10.000000  0.0   10.000000   10.000000      1
6  CopheneticL2Metric   27.531800  0.0   27.531800   27.531800      1
