                              metrics
No                             1.0000
RefTree                        1.0000
Tree                           1.0000
RefTree_taxa                  21.0000
Tree_taxa                     21.0000
Common_taxa                   21.0000
MatchingCluster                5.0000
MatchingCluster_toYuleAvg      0.0546
MatchingCluster_toUnifAvg      0.0473
R-F_Cluster                    1.0000
R-F_Cluster_toYuleAvg          0.0533
R-F_Cluster_toUnifAvg          0.0531
NodalSplitted                  9.5917
NodalSplitted_toYuleAvg        0.1558
NodalSplitted_toUnifAvg        0.1232
Triples                        5.0000
Triples_toYuleAvg              0.0056
Triples_toUnifAvg              0.0056
MatchingPair                   3.0000
MatchingPair_toYuleAvg         0.0201
MatchingPair_toUnifAvg         0.0205
MAST                           2.0000
MAST_toYuleAvg                 0.1411
MAST_toUnifAvg                 0.1401
CopheneticL2Metric             3.0000
CopheneticL2Metric_toYuleAvg   0.0630
CopheneticL2Metric_toUnifAvg   0.0519

                 Name       Avg  Std       Min       Max  Count
0     MatchingCluster  5.000000  0.0  5.000000  5.000000      1
1         R-F_Cluster  1.000000  0.0  1.000000  1.000000      1
2       NodalSplitted  9.591663  0.0  9.591663  9.591663      1
3             Triples  5.000000  0.0  5.000000  5.000000      1
4        MatchingPair  3.000000  0.0  3.000000  3.000000      1
5                MAST  2.000000  0.0  2.000000  2.000000      1
6  CopheneticL2Metric  3.000000  0.0  3.000000  3.000000      1
