                              metrics
No                             1.0000
RefTree                        1.0000
Tree                           1.0000
RefTree_taxa                  17.0000
Tree_taxa                     17.0000
Common_taxa                   17.0000
MatchingCluster                6.0000
MatchingCluster_toYuleAvg      0.0928
MatchingCluster_toUnifAvg      0.0825
R-F_Cluster                    2.0000
R-F_Cluster_toYuleAvg          0.1354
R-F_Cluster_toUnifAvg          0.1347
NodalSplitted                  9.5917
NodalSplitted_toYuleAvg        0.2093
NodalSplitted_toUnifAvg        0.1752
Triples                        6.0000
Triples_toYuleAvg              0.0132
Triples_toUnifAvg              0.0132
MatchingPair                   4.0000
MatchingPair_toYuleAvg         0.0428
MatchingPair_toUnifAvg         0.0435
MAST                           2.0000
MAST_toYuleAvg                 0.1839
MAST_toUnifAvg                 0.1827
CopheneticL2Metric             4.1231
CopheneticL2Metric_toYuleAvg   0.1148
CopheneticL2Metric_toUnifAvg   0.0997

                 Name       Avg  Std       Min       Max  Count
0     MatchingCluster  6.000000  0.0  6.000000  6.000000      1
1         R-F_Cluster  2.000000  0.0  2.000000  2.000000      1
2       NodalSplitted  9.591663  0.0  9.591663  9.591663      1
3             Triples  6.000000  0.0  6.000000  6.000000      1
4        MatchingPair  4.000000  0.0  4.000000  4.000000      1
5                MAST  2.000000  0.0  2.000000  2.000000      1
6  CopheneticL2Metric  4.123106  0.0  4.123106  4.123106      1
