                              metrics
No                             1.0000
RefTree                        1.0000
Tree                           1.0000
RefTree_taxa                   9.0000
Tree_taxa                      9.0000
Common_taxa                    9.0000
MatchingCluster               10.0000
MatchingCluster_toYuleAvg      0.4866
MatchingCluster_toUnifAvg      0.4686
R-F_Cluster                    2.0000
R-F_Cluster_toYuleAvg          0.3001
R-F_Cluster_toUnifAvg          0.2965
NodalSplitted                  9.6954
NodalSplitted_toYuleAvg        0.5731
NodalSplitted_toUnifAvg        0.5440
Triples                       12.0000
Triples_toYuleAvg              0.2146
Triples_toUnifAvg              0.2158
MatchingPair                   8.0000
MatchingPair_toYuleAvg         0.3774
MatchingPair_toUnifAvg         0.3824
MAST                           2.0000
MAST_toYuleAvg                 0.4361
MAST_toUnifAvg                 0.4292
CopheneticL2Metric             8.0623
CopheneticL2Metric_toYuleAvg   0.5772
CopheneticL2Metric_toUnifAvg   0.5567

                 Name        Avg  Std        Min        Max  Count
0     MatchingCluster  10.000000  0.0  10.000000  10.000000      1
1         R-F_Cluster   2.000000  0.0   2.000000   2.000000      1
2       NodalSplitted   9.695360  0.0   9.695360   9.695360      1
3             Triples  12.000000  0.0  12.000000  12.000000      1
4        MatchingPair   8.000000  0.0   8.000000   8.000000      1
5                MAST   2.000000  0.0   2.000000   2.000000      1
6  CopheneticL2Metric   8.062258  0.0   8.062258   8.062258      1
