                              metrics
No                             1.0000
RefTree                        1.0000
Tree                           1.0000
RefTree_taxa                  13.0000
Tree_taxa                     13.0000
Common_taxa                   13.0000
MatchingCluster                5.0000
MatchingCluster_toYuleAvg      0.1225
MatchingCluster_toUnifAvg      0.1134
R-F_Cluster                    2.0000
R-F_Cluster_toYuleAvg          0.1855
R-F_Cluster_toUnifAvg          0.1848
NodalSplitted                  8.7178
NodalSplitted_toYuleAvg        0.2847
NodalSplitted_toUnifAvg        0.2515
Triples                        4.0000
Triples_toYuleAvg              0.0209
Triples_toUnifAvg              0.0209
MatchingPair                   3.0000
MatchingPair_toYuleAvg         0.0589
MatchingPair_toUnifAvg         0.0599
MAST                           2.0000
MAST_toYuleAvg                 0.2598
MAST_toUnifAvg                 0.2576
CopheneticL2Metric             3.6056
CopheneticL2Metric_toYuleAvg   0.1486
CopheneticL2Metric_toUnifAvg   0.1350

                 Name       Avg  Std       Min       Max  Count
0     MatchingCluster  5.000000  0.0  5.000000  5.000000      1
1         R-F_Cluster  2.000000  0.0  2.000000  2.000000      1
2       NodalSplitted  8.717798  0.0  8.717798  8.717798      1
3             Triples  4.000000  0.0  4.000000  4.000000      1
4        MatchingPair  3.000000  0.0  3.000000  3.000000      1
5                MAST  2.000000  0.0  2.000000  2.000000      1
6  CopheneticL2Metric  3.605551  0.0  3.605551  3.605551      1
