                               metrics
No                              1.0000
RefTree                         1.0000
Tree                            1.0000
RefTree_taxa                   17.0000
Tree_taxa                      17.0000
Common_taxa                    17.0000
MatchingCluster                26.0000
MatchingCluster_toYuleAvg       0.4023
MatchingCluster_toUnifAvg       0.3577
R-F_Cluster                     6.5000
R-F_Cluster_toYuleAvg           0.4400
R-F_Cluster_toUnifAvg           0.4379
NodalSplitted                  22.0000
NodalSplitted_toYuleAvg         0.4800
NodalSplitted_toUnifAvg         0.4018
Triples                       134.0000
Triples_toYuleAvg               0.2951
Triples_toUnifAvg               0.2946
MatchingPair                   41.0000
MatchingPair_toYuleAvg          0.4388
MatchingPair_toUnifAvg          0.4457
MAST                            7.0000
MAST_toYuleAvg                  0.6437
MAST_toUnifAvg                  0.6394
CopheneticL2Metric             13.1909
CopheneticL2Metric_toYuleAvg    0.3673
CopheneticL2Metric_toUnifAvg    0.3191

                 Name         Avg  Std         Min         Max  Count
0     MatchingCluster   26.000000  0.0   26.000000   26.000000      1
1         R-F_Cluster    6.500000  0.0    6.500000    6.500000      1
2       NodalSplitted   22.000000  0.0   22.000000   22.000000      1
3             Triples  134.000000  0.0  134.000000  134.000000      1
4        MatchingPair   41.000000  0.0   41.000000   41.000000      1
5                MAST    7.000000  0.0    7.000000    7.000000      1
6  CopheneticL2Metric   13.190906  0.0   13.190906   13.190906      1
