                               metrics
No                              1.0000
RefTree                         1.0000
Tree                            1.0000
RefTree_taxa                   13.0000
Tree_taxa                      12.0000
Common_taxa                    12.0000
MatchingCluster                34.0000
MatchingCluster_toYuleAvg       0.9577
MatchingCluster_toUnifAvg       0.8992
R-F_Cluster                     8.0000
R-F_Cluster_toYuleAvg           0.8205
R-F_Cluster_toUnifAvg           0.8172
NodalSplitted                  22.4944
NodalSplitted_toYuleAvg         0.8258
NodalSplitted_toUnifAvg         0.7518
Triples                       145.0000
Triples_toYuleAvg               0.9850
Triples_toUnifAvg               0.9882
MatchingPair                   47.0000
MatchingPair_toYuleAvg          1.1111
MatchingPair_toUnifAvg          1.1259
MAST                            7.0000
MAST_toYuleAvg                  1.0158
MAST_toUnifAvg                  1.0059
CopheneticL2Metric             21.1896
CopheneticL2Metric_toYuleAvg    0.9774
CopheneticL2Metric_toUnifAvg    0.8993

                 Name         Avg  Std         Min         Max  Count
0     MatchingCluster   34.000000  0.0   34.000000   34.000000      1
1         R-F_Cluster    8.000000  0.0    8.000000    8.000000      1
2       NodalSplitted   22.494444  0.0   22.494444   22.494444      1
3             Triples  145.000000  0.0  145.000000  145.000000      1
4        MatchingPair   47.000000  0.0   47.000000   47.000000      1
5                MAST    7.000000  0.0    7.000000    7.000000      1
6  CopheneticL2Metric   21.189620  0.0   21.189620   21.189620      1
