                              metrics
No                             1.0000
RefTree                        1.0000
Tree                           1.0000
RefTree_taxa                  12.0000
Tree_taxa                     12.0000
Common_taxa                   12.0000
MatchingCluster                4.0000
MatchingCluster_toYuleAvg      0.1127
MatchingCluster_toUnifAvg      0.1058
R-F_Cluster                    1.0000
R-F_Cluster_toYuleAvg          0.1026
R-F_Cluster_toUnifAvg          0.1022
NodalSplitted                  6.1644
NodalSplitted_toYuleAvg        0.2263
NodalSplitted_toUnifAvg        0.2060
Triples                        6.0000
Triples_toYuleAvg              0.0408
Triples_toUnifAvg              0.0409
MatchingPair                   3.0000
MatchingPair_toYuleAvg         0.0709
MatchingPair_toUnifAvg         0.0719
MAST                           1.0000
MAST_toYuleAvg                 0.1451
MAST_toUnifAvg                 0.1437
CopheneticL2Metric             3.8730
CopheneticL2Metric_toYuleAvg   0.1786
CopheneticL2Metric_toUnifAvg   0.1644

                 Name       Avg  Std       Min       Max  Count
0     MatchingCluster  4.000000  0.0  4.000000  4.000000      1
1         R-F_Cluster  1.000000  0.0  1.000000  1.000000      1
2       NodalSplitted  6.164414  0.0  6.164414  6.164414      1
3             Triples  6.000000  0.0  6.000000  6.000000      1
4        MatchingPair  3.000000  0.0  3.000000  3.000000      1
5                MAST  1.000000  0.0  1.000000  1.000000      1
6  CopheneticL2Metric  3.872983  0.0  3.872983  3.872983      1
