                                 metrics
No                                1.0000
RefTree                           1.0000
Tree                              1.0000
RefTree_taxa                    100.0000
Tree_taxa                       100.0000
Common_taxa                     100.0000
MatchingCluster                 403.0000
MatchingCluster_toYuleAvg         0.4320
MatchingCluster_toUnifAvg         0.2713
R-F_Cluster                      70.5000
R-F_Cluster_toYuleAvg             0.7210
R-F_Cluster_toUnifAvg             0.7204
NodalSplitted                   328.4281
NodalSplitted_toYuleAvg           0.7307
NodalSplitted_toUnifAvg           0.3483
Triples                       21522.0000
Triples_toYuleAvg                 0.1995
Triples_toUnifAvg                 0.1996
MatchingPair                   1250.0000
MatchingPair_toYuleAvg            0.3094
MatchingPair_toUnifAvg            0.3160
MAST                             51.0000
MAST_toYuleAvg                    0.6021
MAST_toUnifAvg                    0.5956
CopheneticL2Metric              140.2106
CopheneticL2Metric_toYuleAvg      0.4187
CopheneticL2Metric_toUnifAvg      0.2096

                 Name           Avg  Std           Min           Max  Count
0     MatchingCluster    403.000000  0.0    403.000000    403.000000      1
1         R-F_Cluster     70.500000  0.0     70.500000     70.500000      1
2       NodalSplitted    328.428074  0.0    328.428074    328.428074      1
3             Triples  21522.000000  0.0  21522.000000  21522.000000      1
4        MatchingPair   1250.000000  0.0   1250.000000   1250.000000      1
5                MAST     51.000000  0.0     51.000000     51.000000      1
6  CopheneticL2Metric    140.210556  0.0    140.210556    140.210556      1
