                              metrics
No                             1.0000
RefTree                        1.0000
Tree                           1.0000
RefTree_taxa                  10.0000
Tree_taxa                     10.0000
Common_taxa                   10.0000
MatchingCluster                6.0000
MatchingCluster_toYuleAvg      0.2361
MatchingCluster_toUnifAvg      0.2269
R-F_Cluster                    2.0000
R-F_Cluster_toYuleAvg          0.2584
R-F_Cluster_toUnifAvg          0.2572
NodalSplitted                  5.8310
NodalSplitted_toYuleAvg        0.2880
NodalSplitted_toUnifAvg        0.2709
Triples                        5.0000
Triples_toYuleAvg              0.0624
Triples_toUnifAvg              0.0629
MatchingPair                   5.0000
MatchingPair_toYuleAvg         0.1808
MatchingPair_toUnifAvg         0.1848
MAST                           2.0000
MAST_toYuleAvg                 0.3715
MAST_toUnifAvg                 0.3738
CopheneticL2Metric             3.1623
CopheneticL2Metric_toYuleAvg   0.1931
CopheneticL2Metric_toUnifAvg   0.1842

                 Name       Avg  Std       Min       Max  Count
0     MatchingCluster  6.000000  0.0  6.000000  6.000000      1
1         R-F_Cluster  2.000000  0.0  2.000000  2.000000      1
2       NodalSplitted  5.830952  0.0  5.830952  5.830952      1
3             Triples  5.000000  0.0  5.000000  5.000000      1
4        MatchingPair  5.000000  0.0  5.000000  5.000000      1
5                MAST  2.000000  0.0  2.000000  2.000000      1
6  CopheneticL2Metric  3.162278  0.0  3.162278  3.162278      1
