                              metrics
No                             1.0000
RefTree                        1.0000
Tree                           1.0000
RefTree_taxa                  16.0000
Tree_taxa                     16.0000
Common_taxa                   16.0000
MatchingCluster                3.0000
MatchingCluster_toYuleAvg      0.0513
MatchingCluster_toUnifAvg      0.0465
R-F_Cluster                    1.0000
R-F_Cluster_toYuleAvg          0.0726
R-F_Cluster_toUnifAvg          0.0723
NodalSplitted                  6.5574
NodalSplitted_toYuleAvg        0.1558
NodalSplitted_toUnifAvg        0.1332
Triples                        2.0000
Triples_toYuleAvg              0.0054
Triples_toUnifAvg              0.0054
MatchingPair                   2.0000
MatchingPair_toYuleAvg         0.0245
MatchingPair_toUnifAvg         0.0250
MAST                           1.0000
MAST_toYuleAvg                 0.0994
MAST_toUnifAvg                 0.0988
CopheneticL2Metric             2.6458
CopheneticL2Metric_toYuleAvg   0.0805
CopheneticL2Metric_toUnifAvg   0.0711

                 Name       Avg  Std       Min       Max  Count
0     MatchingCluster  3.000000  0.0  3.000000  3.000000      1
1         R-F_Cluster  1.000000  0.0  1.000000  1.000000      1
2       NodalSplitted  6.557439  0.0  6.557439  6.557439      1
3             Triples  2.000000  0.0  2.000000  2.000000      1
4        MatchingPair  2.000000  0.0  2.000000  2.000000      1
5                MAST  1.000000  0.0  1.000000  1.000000      1
6  CopheneticL2Metric  2.645751  0.0  2.645751  2.645751      1
