                              metrics
No                             1.0000
RefTree                        1.0000
Tree                           1.0000
RefTree_taxa                  18.0000
Tree_taxa                     18.0000
Common_taxa                   18.0000
MatchingCluster               18.0000
MatchingCluster_toYuleAvg      0.2534
MatchingCluster_toUnifAvg      0.2238
R-F_Cluster                    2.0000
R-F_Cluster_toYuleAvg          0.1267
R-F_Cluster_toUnifAvg          0.1264
NodalSplitted                 10.4881
NodalSplitted_toYuleAvg        0.2110
NodalSplitted_toUnifAvg        0.1730
Triples                       28.0000
Triples_toYuleAvg              0.0512
Triples_toUnifAvg              0.0516
MatchingPair                  15.0000
MatchingPair_toYuleAvg         0.1410
MatchingPair_toUnifAvg         0.1442
MAST                           2.0000
MAST_toYuleAvg                 0.1704
MAST_toUnifAvg                 0.1699
CopheneticL2Metric            11.4891
CopheneticL2Metric_toYuleAvg   0.2928
CopheneticL2Metric_toUnifAvg   0.2542

                 Name        Avg  Std        Min        Max  Count
0     MatchingCluster  18.000000  0.0  18.000000  18.000000      1
1         R-F_Cluster   2.000000  0.0   2.000000   2.000000      1
2       NodalSplitted  10.488088  0.0  10.488088  10.488088      1
3             Triples  28.000000  0.0  28.000000  28.000000      1
4        MatchingPair  15.000000  0.0  15.000000  15.000000      1
5                MAST   2.000000  0.0   2.000000   2.000000      1
6  CopheneticL2Metric  11.489125  0.0  11.489125  11.489125      1
