                              metrics
No                             1.0000
RefTree                        1.0000
Tree                           1.0000
RefTree_taxa                   9.0000
Tree_taxa                      9.0000
Common_taxa                    9.0000
MatchingCluster               11.0000
MatchingCluster_toYuleAvg      0.5353
MatchingCluster_toUnifAvg      0.5155
R-F_Cluster                    2.5000
R-F_Cluster_toYuleAvg          0.3751
R-F_Cluster_toUnifAvg          0.3706
NodalSplitted                  8.6023
NodalSplitted_toYuleAvg        0.5085
NodalSplitted_toUnifAvg        0.4827
Triples                       27.0000
Triples_toYuleAvg              0.4828
Triples_toUnifAvg              0.4856
MatchingPair                  11.0000
MatchingPair_toYuleAvg         0.5189
MatchingPair_toUnifAvg         0.5258
MAST                           4.0000
MAST_toYuleAvg                 0.8722
MAST_toUnifAvg                 0.8584
CopheneticL2Metric             5.9161
CopheneticL2Metric_toYuleAvg   0.4236
CopheneticL2Metric_toUnifAvg   0.4085

                 Name        Avg  Std        Min        Max  Count
0     MatchingCluster  11.000000  0.0  11.000000  11.000000      1
1         R-F_Cluster   2.500000  0.0   2.500000   2.500000      1
2       NodalSplitted   8.602325  0.0   8.602325   8.602325      1
3             Triples  27.000000  0.0  27.000000  27.000000      1
4        MatchingPair  11.000000  0.0  11.000000  11.000000      1
5                MAST   4.000000  0.0   4.000000   4.000000      1
6  CopheneticL2Metric   5.916080  0.0   5.916080   5.916080      1
