                               metrics
No                              1.0000
RefTree                         1.0000
Tree                            1.0000
RefTree_taxa                   14.0000
Tree_taxa                      14.0000
Common_taxa                    14.0000
MatchingCluster                35.0000
MatchingCluster_toYuleAvg       0.7492
MatchingCluster_toUnifAvg       0.6937
R-F_Cluster                     6.5000
R-F_Cluster_toYuleAvg           0.5520
R-F_Cluster_toUnifAvg           0.5501
NodalSplitted                  28.0535
NodalSplitted_toYuleAvg         0.8074
NodalSplitted_toUnifAvg         0.7184
Triples                       155.0000
Triples_toYuleAvg               0.6379
Triples_toUnifAvg               0.6394
MatchingPair                   50.0000
MatchingPair_toYuleAvg          0.8315
MatchingPair_toUnifAvg          0.8466
MAST                            7.0000
MAST_toYuleAvg                  0.8251
MAST_toUnifAvg                  0.8171
CopheneticL2Metric             20.1990
CopheneticL2Metric_toYuleAvg    0.7379
CopheneticL2Metric_toUnifAvg    0.6620

                 Name        Avg  Std        Min        Max  Count
0     MatchingCluster   35.00000  0.0   35.00000   35.00000      1
1         R-F_Cluster    6.50000  0.0    6.50000    6.50000      1
2       NodalSplitted   28.05352  0.0   28.05352   28.05352      1
3             Triples  155.00000  0.0  155.00000  155.00000      1
4        MatchingPair   50.00000  0.0   50.00000   50.00000      1
5                MAST    7.00000  0.0    7.00000    7.00000      1
6  CopheneticL2Metric   20.19901  0.0   20.19901   20.19901      1
