                              metrics
No                             1.0000
RefTree                        1.0000
Tree                           1.0000
RefTree_taxa                   8.0000
Tree_taxa                      8.0000
Common_taxa                    8.0000
MatchingCluster                9.0000
MatchingCluster_toYuleAvg      0.5494
MatchingCluster_toUnifAvg      0.5289
R-F_Cluster                    2.0000
R-F_Cluster_toYuleAvg          0.3500
R-F_Cluster_toUnifAvg          0.3470
NodalSplitted                  6.5574
NodalSplitted_toYuleAvg        0.4778
NodalSplitted_toUnifAvg        0.4535
Triples                       18.0000
Triples_toYuleAvg              0.4865
Triples_toUnifAvg              0.4761
MatchingPair                  10.0000
MatchingPair_toYuleAvg         0.6303
MatchingPair_toUnifAvg         0.6280
MAST                           3.0000
MAST_toYuleAvg                 0.7702
MAST_toUnifAvg                 0.7647
CopheneticL2Metric             5.0990
CopheneticL2Metric_toYuleAvg   0.4475
CopheneticL2Metric_toUnifAvg   0.4319

                 Name        Avg  Std        Min        Max  Count
0     MatchingCluster   9.000000  0.0   9.000000   9.000000      1
1         R-F_Cluster   2.000000  0.0   2.000000   2.000000      1
2       NodalSplitted   6.557439  0.0   6.557439   6.557439      1
3             Triples  18.000000  0.0  18.000000  18.000000      1
4        MatchingPair  10.000000  0.0  10.000000  10.000000      1
5                MAST   3.000000  0.0   3.000000   3.000000      1
6  CopheneticL2Metric   5.099020  0.0   5.099020   5.099020      1
