                              metrics
No                             1.0000
RefTree                        1.0000
Tree                           1.0000
RefTree_taxa                   8.0000
Tree_taxa                      8.0000
Common_taxa                    8.0000
MatchingCluster                4.0000
MatchingCluster_toYuleAvg      0.2442
MatchingCluster_toUnifAvg      0.2350
R-F_Cluster                    1.5000
R-F_Cluster_toYuleAvg          0.2625
R-F_Cluster_toUnifAvg          0.2603
NodalSplitted                  4.0000
NodalSplitted_toYuleAvg        0.2915
NodalSplitted_toUnifAvg        0.2766
Triples                        5.0000
Triples_toYuleAvg              0.1351
Triples_toUnifAvg              0.1323
MatchingPair                   4.0000
MatchingPair_toYuleAvg         0.2521
MatchingPair_toUnifAvg         0.2512
MAST                           1.0000
MAST_toYuleAvg                 0.2567
MAST_toUnifAvg                 0.2549
CopheneticL2Metric             2.6458
CopheneticL2Metric_toYuleAvg   0.2322
CopheneticL2Metric_toUnifAvg   0.2241

                 Name       Avg  Std       Min       Max  Count
0     MatchingCluster  4.000000  0.0  4.000000  4.000000      1
1         R-F_Cluster  1.500000  0.0  1.500000  1.500000      1
2       NodalSplitted  4.000000  0.0  4.000000  4.000000      1
3             Triples  5.000000  0.0  5.000000  5.000000      1
4        MatchingPair  4.000000  0.0  4.000000  4.000000      1
5                MAST  1.000000  0.0  1.000000  1.000000      1
6  CopheneticL2Metric  2.645751  0.0  2.645751  2.645751      1
