                              metrics
No                             1.0000
RefTree                        1.0000
Tree                           1.0000
RefTree_taxa                  22.0000
Tree_taxa                     22.0000
Common_taxa                   22.0000
MatchingCluster               15.0000
MatchingCluster_toYuleAvg      0.1518
MatchingCluster_toUnifAvg      0.1295
R-F_Cluster                    3.0000
R-F_Cluster_toYuleAvg          0.1517
R-F_Cluster_toUnifAvg          0.1511
NodalSplitted                 17.3494
NodalSplitted_toYuleAvg        0.2604
NodalSplitted_toUnifAvg        0.2039
Triples                       26.0000
Triples_toYuleAvg              0.0253
Triples_toUnifAvg              0.0253
MatchingPair                  12.0000
MatchingPair_toYuleAvg         0.0728
MatchingPair_toUnifAvg         0.0741
MAST                           3.0000
MAST_toYuleAvg                 0.2000
MAST_toUnifAvg                 0.1986
CopheneticL2Metric             8.6603
CopheneticL2Metric_toYuleAvg   0.1704
CopheneticL2Metric_toUnifAvg   0.1380

                 Name        Avg  Std        Min        Max  Count
0     MatchingCluster  15.000000  0.0  15.000000  15.000000      1
1         R-F_Cluster   3.000000  0.0   3.000000   3.000000      1
2       NodalSplitted  17.349352  0.0  17.349352  17.349352      1
3             Triples  26.000000  0.0  26.000000  26.000000      1
4        MatchingPair  12.000000  0.0  12.000000  12.000000      1
5                MAST   3.000000  0.0   3.000000   3.000000      1
6  CopheneticL2Metric   8.660254  0.0   8.660254   8.660254      1
