                              metrics
No                             1.0000
RefTree                        1.0000
Tree                           1.0000
RefTree_taxa                  19.0000
Tree_taxa                     19.0000
Common_taxa                   19.0000
MatchingCluster               16.0000
MatchingCluster_toYuleAvg      0.2063
MatchingCluster_toUnifAvg      0.1800
R-F_Cluster                    2.0000
R-F_Cluster_toYuleAvg          0.1194
R-F_Cluster_toUnifAvg          0.1188
NodalSplitted                 14.6287
NodalSplitted_toYuleAvg        0.2720
NodalSplitted_toUnifAvg        0.2217
Triples                       87.0000
Triples_toYuleAvg              0.1352
Triples_toUnifAvg              0.1345
MatchingPair                  17.0000
MatchingPair_toYuleAvg         0.1420
MatchingPair_toUnifAvg         0.1443
MAST                           3.0000
MAST_toYuleAvg                 0.2397
MAST_toUnifAvg                 0.2378
CopheneticL2Metric            13.1529
CopheneticL2Metric_toYuleAvg   0.3116
CopheneticL2Metric_toUnifAvg   0.2671

                 Name        Avg  Std        Min        Max  Count
0     MatchingCluster  16.000000  0.0  16.000000  16.000000      1
1         R-F_Cluster   2.000000  0.0   2.000000   2.000000      1
2       NodalSplitted  14.628739  0.0  14.628739  14.628739      1
3             Triples  87.000000  0.0  87.000000  87.000000      1
4        MatchingPair  17.000000  0.0  17.000000  17.000000      1
5                MAST   3.000000  0.0   3.000000   3.000000      1
6  CopheneticL2Metric  13.152946  0.0  13.152946  13.152946      1
