                               metrics
No                              1.0000
RefTree                         1.0000
Tree                            1.0000
RefTree_taxa                   20.0000
Tree_taxa                      20.0000
Common_taxa                    20.0000
MatchingCluster                41.0000
MatchingCluster_toYuleAvg       0.4813
MatchingCluster_toUnifAvg       0.4215
R-F_Cluster                    14.0000
R-F_Cluster_toYuleAvg           0.7882
R-F_Cluster_toUnifAvg           0.7844
NodalSplitted                  23.5584
NodalSplitted_toYuleAvg         0.4049
NodalSplitted_toUnifAvg         0.3278
Triples                       311.0000
Triples_toYuleAvg               0.4068
Triples_toUnifAvg               0.4094
MatchingPair                   73.0000
MatchingPair_toYuleAvg          0.5426
MatchingPair_toUnifAvg          0.5549
MAST                           10.0000
MAST_toYuleAvg                  0.7496
MAST_toUnifAvg                  0.7433
CopheneticL2Metric             12.8062
CopheneticL2Metric_toYuleAvg    0.2883
CopheneticL2Metric_toUnifAvg    0.2357

                 Name         Avg  Std         Min         Max  Count
0     MatchingCluster   41.000000  0.0   41.000000   41.000000      1
1         R-F_Cluster   14.000000  0.0   14.000000   14.000000      1
2       NodalSplitted   23.558438  0.0   23.558438   23.558438      1
3             Triples  311.000000  0.0  311.000000  311.000000      1
4        MatchingPair   73.000000  0.0   73.000000   73.000000      1
5                MAST   10.000000  0.0   10.000000   10.000000      1
6  CopheneticL2Metric   12.806248  0.0   12.806248   12.806248      1
