                              metrics
No                             1.0000
RefTree                        1.0000
Tree                           1.0000
RefTree_taxa                   7.0000
Tree_taxa                      7.0000
Common_taxa                    7.0000
MatchingCluster                6.0000
MatchingCluster_toYuleAvg      0.4755
MatchingCluster_toUnifAvg      0.4736
R-F_Cluster                    1.5000
R-F_Cluster_toYuleAvg          0.3193
R-F_Cluster_toUnifAvg          0.3204
NodalSplitted                  6.4807
NodalSplitted_toYuleAvg        0.5908
NodalSplitted_toUnifAvg        0.5883
Triples                        7.0000
Triples_toYuleAvg              0.2985
Triples_toUnifAvg              0.3028
MatchingPair                   5.0000
MatchingPair_toYuleAvg         0.4405
MatchingPair_toUnifAvg         0.4472
MAST                           2.0000
MAST_toYuleAvg                 0.6283
MAST_toUnifAvg                 0.6217
CopheneticL2Metric             5.0990
CopheneticL2Metric_toYuleAvg   0.5579
CopheneticL2Metric_toUnifAvg   0.5467

                 Name       Avg  Std       Min       Max  Count
0     MatchingCluster  6.000000  0.0  6.000000  6.000000      1
1         R-F_Cluster  1.500000  0.0  1.500000  1.500000      1
2       NodalSplitted  6.480741  0.0  6.480741  6.480741      1
3             Triples  7.000000  0.0  7.000000  7.000000      1
4        MatchingPair  5.000000  0.0  5.000000  5.000000      1
5                MAST  2.000000  0.0  2.000000  2.000000      1
6  CopheneticL2Metric  5.099020  0.0  5.099020  5.099020      1
