
                            < M A T L A B (R) >
                  Copyright 1984-2017 The MathWorks, Inc.
                   R2017a (9.2.0.538062) 64-bit (glnxa64)
                             February 23, 2017

 
To get started, type one of these: helpwin, helpdesk, or demo.
For product information, visit www.mathworks.com.
 
Running "Run1", Seed: 875887
 *** Finished Simulation Run ***

config-14.json #############################################

[#.........] | Progress: 1 | Time: 0.0s | ETA: --[.#........] | Progress: 322 | Time: 0.1s | ETA: --[##########] | Progress: 469 | Time: 0.1s | ETA: --fit<>, fid</home/chun/projects/clineage-simulation/analysis/tmc-875887/tmc-003/case-14/triplets-list.raw.txt>, flg<treeReconstruction.log>, frt<resTree.tree>, frtN</home/chun/projects/clineage-simulation/analysis/tmc-875887/tmc-003/case-14/reconstructed.tmp.newick>, fsd<qqq.dat>, fst<simul.tree>, -->index=2
Read triplets from file...
Read triplets from file...Finished
N_triplets = 432, idMaxFound = 17
treeBuildBasedOnTriplets_run...
make_isTogetherInTripletAndDeleteExtraTriplets: Finished
maxCut with 16 nodes: Finished
maxCut with 11 nodes: Finished
maxCut with 5 nodes: Finished
maxCut with 6 nodes: Finished
treeBuildBasedOnTriplets_run...Finished
Saving tree to file...
Saving tree to file...Finished

                            < M A T L A B (R) >
                  Copyright 1984-2017 The MathWorks, Inc.
                   R2017a (9.2.0.538062) 64-bit (glnxa64)
                             February 23, 2017

 
To get started, type one of these: helpwin, helpdesk, or demo.
For product information, visit www.mathworks.com.
 
TreeCmp version build2

Active options:
Type of the analysis:  ref-to-all comparison mode (-r)
Metrics:
  1. MatchingCluster (mc)
  2. R-F_Cluster (rc)
  3. NodalSplitted (ns)
  4. Triples (tt)
  5. MatchingPair (mp)
  6. MAST (mt)
  7. CopheneticL2Metric (co)
Input file: /home/chun/projects/clineage-simulation/analysis/tmc-875887/tmc-003/case-14/reconstructed.newick
Output file: /home/chun/projects/clineage-simulation/analysis/tmc-875887/tmc-003/case-14/scores.raw.out
Additional options:
N - Report normalized distances.
P - Prune compared trees if needed (trees can have different leaf sets).
I - Include summary section in the output file.
-----
2018-06-18 21:26:52: Start of reading random statistics.
2018-06-18 21:26:53: End of reading random statistics.
2018-06-18 21:26:53: Start of scanning input file: /home/chun/projects/clineage-simulation/analysis/tmc-875887/tmc-003/case-14/reconstructed.newick
2018-06-18 21:26:53: End of scanning input file: /home/chun/projects/clineage-simulation/analysis/tmc-875887/tmc-003/case-14/reconstructed.newick
2018-06-18 21:26:53: 1 valid trees found in file: /home/chun/projects/clineage-simulation/analysis/tmc-875887/tmc-003/case-14/reconstructed.newick
2018-06-18 21:26:53: Start of calculation...please wait...
2018-06-18 21:26:53: 0.00% completed...
2018-06-18 21:26:53: 100.00% completed.
2018-06-18 21:26:53: End of calculation.
2018-06-18 21:26:53: Total calculation time: 24 ms.
                               metrics
No                              1.0000
RefTree                         1.0000
Tree                            1.0000
RefTree_taxa                   17.0000
Tree_taxa                      17.0000
Common_taxa                    17.0000
MatchingCluster                22.0000
MatchingCluster_toYuleAvg       0.3404
MatchingCluster_toUnifAvg       0.3026
R-F_Cluster                     8.5000
R-F_Cluster_toYuleAvg           0.5754
R-F_Cluster_toUnifAvg           0.5726
NodalSplitted                  18.5472
NodalSplitted_toYuleAvg         0.4046
NodalSplitted_toUnifAvg         0.3387
Triples                       113.0000
Triples_toYuleAvg               0.2489
Triples_toUnifAvg               0.2485
MatchingPair                   34.0000
MatchingPair_toYuleAvg          0.3639
MatchingPair_toUnifAvg          0.3696
MAST                            6.0000
MAST_toYuleAvg                  0.5518
MAST_toUnifAvg                  0.5480
CopheneticL2Metric             10.3441
CopheneticL2Metric_toYuleAvg    0.2880
CopheneticL2Metric_toUnifAvg    0.2502

                 Name         Avg  Std         Min         Max  Count
0     MatchingCluster   22.000000  0.0   22.000000   22.000000      1
1         R-F_Cluster    8.500000  0.0    8.500000    8.500000      1
2       NodalSplitted   18.547237  0.0   18.547237   18.547237      1
3             Triples  113.000000  0.0  113.000000  113.000000      1
4        MatchingPair   34.000000  0.0   34.000000   34.000000      1
5                MAST    6.000000  0.0    6.000000    6.000000      1
6  CopheneticL2Metric   10.344080  0.0   10.344080   10.344080      1
