
                            < M A T L A B (R) >
                  Copyright 1984-2017 The MathWorks, Inc.
                   R2017a (9.2.0.538062) 64-bit (glnxa64)
                             February 23, 2017

 
To get started, type one of these: helpwin, helpdesk, or demo.
For product information, visit www.mathworks.com.
 
Running "Run1", Seed: 875887
 *** Finished Simulation Run ***

config-15.json #############################################

[#.........] | Progress: 1 | Time: 0.0s | ETA: --[.#........] | Progress: 243 | Time: 0.1s | ETA: --[..#.......] | Progress: 565 | Time: 0.1s | ETA: --[##########] | Progress: 567 | Time: 0.1s | ETA: --fit<>, fid</home/chun/projects/clineage-simulation/analysis/tmc-875887/tmc-003/case-15/triplets-list.raw.txt>, flg<treeReconstruction.log>, frt<resTree.tree>, frtN</home/chun/projects/clineage-simulation/analysis/tmc-875887/tmc-003/case-15/reconstructed.tmp.newick>, fsd<qqq.dat>, fst<simul.tree>, -->index=2
Read triplets from file...
Read triplets from file...Finished
N_triplets = 514, idMaxFound = 18
treeBuildBasedOnTriplets_run...
make_isTogetherInTripletAndDeleteExtraTriplets: Finished
maxCut with 17 nodes: Finished
maxCut with 12 nodes: Finished
maxCut with 6 nodes: Finished
maxCut with 6 nodes: Finished
treeBuildBasedOnTriplets_run...Finished
Saving tree to file...
Saving tree to file...Finished

                            < M A T L A B (R) >
                  Copyright 1984-2017 The MathWorks, Inc.
                   R2017a (9.2.0.538062) 64-bit (glnxa64)
                             February 23, 2017

 
To get started, type one of these: helpwin, helpdesk, or demo.
For product information, visit www.mathworks.com.
 
TreeCmp version build2

Active options:
Type of the analysis:  ref-to-all comparison mode (-r)
Metrics:
  1. MatchingCluster (mc)
  2. R-F_Cluster (rc)
  3. NodalSplitted (ns)
  4. Triples (tt)
  5. MatchingPair (mp)
  6. MAST (mt)
  7. CopheneticL2Metric (co)
Input file: /home/chun/projects/clineage-simulation/analysis/tmc-875887/tmc-003/case-15/reconstructed.newick
Output file: /home/chun/projects/clineage-simulation/analysis/tmc-875887/tmc-003/case-15/scores.raw.out
Additional options:
N - Report normalized distances.
P - Prune compared trees if needed (trees can have different leaf sets).
I - Include summary section in the output file.
-----
2018-06-18 21:26:54: Start of reading random statistics.
2018-06-18 21:26:54: End of reading random statistics.
2018-06-18 21:26:54: Start of scanning input file: /home/chun/projects/clineage-simulation/analysis/tmc-875887/tmc-003/case-15/reconstructed.newick
2018-06-18 21:26:54: End of scanning input file: /home/chun/projects/clineage-simulation/analysis/tmc-875887/tmc-003/case-15/reconstructed.newick
2018-06-18 21:26:54: 1 valid trees found in file: /home/chun/projects/clineage-simulation/analysis/tmc-875887/tmc-003/case-15/reconstructed.newick
2018-06-18 21:26:54: Start of calculation...please wait...
2018-06-18 21:26:54: 0.00% completed...
2018-06-18 21:26:54: 100.00% completed.
2018-06-18 21:26:54: End of calculation.
2018-06-18 21:26:54: Total calculation time: 24 ms.
                               metrics
No                              1.0000
RefTree                         1.0000
Tree                            1.0000
RefTree_taxa                   18.0000
Tree_taxa                      18.0000
Common_taxa                    18.0000
MatchingCluster                23.0000
MatchingCluster_toYuleAvg       0.3237
MatchingCluster_toUnifAvg       0.2860
R-F_Cluster                     7.5000
R-F_Cluster_toYuleAvg           0.4751
R-F_Cluster_toUnifAvg           0.4739
NodalSplitted                  20.3715
NodalSplitted_toYuleAvg         0.4098
NodalSplitted_toUnifAvg         0.3361
Triples                       127.0000
Triples_toYuleAvg               0.2323
Triples_toUnifAvg               0.2339
MatchingPair                   40.0000
MatchingPair_toYuleAvg          0.3760
MatchingPair_toUnifAvg          0.3846
MAST                            7.0000
MAST_toYuleAvg                  0.5964
MAST_toUnifAvg                  0.5948
CopheneticL2Metric             11.7047
CopheneticL2Metric_toYuleAvg    0.2983
CopheneticL2Metric_toUnifAvg    0.2590

                 Name         Avg  Std         Min         Max  Count
0     MatchingCluster   23.000000  0.0   23.000000   23.000000      1
1         R-F_Cluster    7.500000  0.0    7.500000    7.500000      1
2       NodalSplitted   20.371549  0.0   20.371549   20.371549      1
3             Triples  127.000000  0.0  127.000000  127.000000      1
4        MatchingPair   40.000000  0.0   40.000000   40.000000      1
5                MAST    7.000000  0.0    7.000000    7.000000      1
6  CopheneticL2Metric   11.704700  0.0   11.704700   11.704700      1
