
                            < M A T L A B (R) >
                  Copyright 1984-2017 The MathWorks, Inc.
                   R2017a (9.2.0.538062) 64-bit (glnxa64)
                             February 23, 2017

 
To get started, type one of these: helpwin, helpdesk, or demo.
For product information, visit www.mathworks.com.
 
Running "Run1", Seed: 875887
 *** Finished Simulation Run ***

config-03.json #############################################

[#.........] | Progress: 1 | Time: 0.0s | ETA: --[##########] | Progress: 14 | Time: 0.0s | ETA: --fit<>, fid</home/chun/projects/clineage-simulation/analysis/tmc-875887/tmc-003/case-03/triplets-list.raw.txt>, flg<treeReconstruction.log>, frt<resTree.tree>, frtN</home/chun/projects/clineage-simulation/analysis/tmc-875887/tmc-003/case-03/reconstructed.tmp.newick>, fsd<qqq.dat>, fst<simul.tree>, -->index=2
Read triplets from file...
Read triplets from file...Finished
N_triplets = 7, idMaxFound = 5
treeBuildBasedOnTriplets_run...
make_isTogetherInTripletAndDeleteExtraTriplets: Finished
treeBuildBasedOnTriplets_run...Finished
Saving tree to file...
Saving tree to file...Finished

                            < M A T L A B (R) >
                  Copyright 1984-2017 The MathWorks, Inc.
                   R2017a (9.2.0.538062) 64-bit (glnxa64)
                             February 23, 2017

 
To get started, type one of these: helpwin, helpdesk, or demo.
For product information, visit www.mathworks.com.
 
TreeCmp version build2

Active options:
Type of the analysis:  ref-to-all comparison mode (-r)
Metrics:
  1. MatchingCluster (mc)
  2. R-F_Cluster (rc)
  3. NodalSplitted (ns)
  4. Triples (tt)
  5. MatchingPair (mp)
  6. MAST (mt)
  7. CopheneticL2Metric (co)
Input file: /home/chun/projects/clineage-simulation/analysis/tmc-875887/tmc-003/case-03/reconstructed.newick
Output file: /home/chun/projects/clineage-simulation/analysis/tmc-875887/tmc-003/case-03/scores.raw.out
Additional options:
N - Report normalized distances.
P - Prune compared trees if needed (trees can have different leaf sets).
I - Include summary section in the output file.
-----
2018-06-18 21:26:37: Start of reading random statistics.
2018-06-18 21:26:37: End of reading random statistics.
2018-06-18 21:26:37: Start of scanning input file: /home/chun/projects/clineage-simulation/analysis/tmc-875887/tmc-003/case-03/reconstructed.newick
2018-06-18 21:26:37: End of scanning input file: /home/chun/projects/clineage-simulation/analysis/tmc-875887/tmc-003/case-03/reconstructed.newick
2018-06-18 21:26:37: 1 valid trees found in file: /home/chun/projects/clineage-simulation/analysis/tmc-875887/tmc-003/case-03/reconstructed.newick
2018-06-18 21:26:37: Start of calculation...please wait...
2018-06-18 21:26:37: 0.00% completed...
2018-06-18 21:26:37: 100.00% completed.
2018-06-18 21:26:37: End of calculation.
2018-06-18 21:26:37: Total calculation time: 17 ms.
                              metrics
No                             1.0000
RefTree                        1.0000
Tree                           1.0000
RefTree_taxa                   6.0000
Tree_taxa                      5.0000
Common_taxa                    5.0000
MatchingCluster                6.0000
MatchingCluster_toYuleAvg      1.0052
MatchingCluster_toUnifAvg      1.0098
R-F_Cluster                    3.0000
R-F_Cluster_toYuleAvg          1.1416
R-F_Cluster_toUnifAvg          1.1329
NodalSplitted                  6.7823
NodalSplitted_toYuleAvg        1.2082
NodalSplitted_toUnifAvg        1.2035
Triples                        8.0000
Triples_toYuleAvg              1.1953
Triples_toUnifAvg              1.1960
MatchingPair                   4.0000
MatchingPair_toYuleAvg         0.8923
MatchingPair_toUnifAvg         0.8897
MAST                           2.0000
MAST_toYuleAvg                 1.1093
MAST_toUnifAvg                 1.0965
CopheneticL2Metric             6.1644
CopheneticL2Metric_toYuleAvg   1.2664
CopheneticL2Metric_toUnifAvg   1.2342

                 Name       Avg  Std       Min       Max  Count
0     MatchingCluster  6.000000  0.0  6.000000  6.000000      1
1         R-F_Cluster  3.000000  0.0  3.000000  3.000000      1
2       NodalSplitted  6.782330  0.0  6.782330  6.782330      1
3             Triples  8.000000  0.0  8.000000  8.000000      1
4        MatchingPair  4.000000  0.0  4.000000  4.000000      1
5                MAST  2.000000  0.0  2.000000  2.000000      1
6  CopheneticL2Metric  6.164414  0.0  6.164414  6.164414      1
