
                            < M A T L A B (R) >
                  Copyright 1984-2017 The MathWorks, Inc.
                   R2017a (9.2.0.538062) 64-bit (glnxa64)
                             February 23, 2017

 
To get started, type one of these: helpwin, helpdesk, or demo.
For product information, visit www.mathworks.com.
 
Running "Run1", Seed: 875887
 *** Finished Simulation Run ***

config-16.json #############################################

[#.........] | Progress: 1 | Time: 0.0s | ETA: --[.#........] | Progress: 329 | Time: 0.1s | ETA: --[..#.......] | Progress: 646 | Time: 0.1s | ETA: --[##########] | Progress: 669 | Time: 0.1s | ETA: --fit<>, fid</home/chun/projects/clineage-simulation/analysis/tmc-875887/tmc-003/case-16/triplets-list.raw.txt>, flg<treeReconstruction.log>, frt<resTree.tree>, frtN</home/chun/projects/clineage-simulation/analysis/tmc-875887/tmc-003/case-16/reconstructed.tmp.newick>, fsd<qqq.dat>, fst<simul.tree>, -->index=2
Read triplets from file...
Read triplets from file...Finished
N_triplets = 611, idMaxFound = 19
treeBuildBasedOnTriplets_run...
make_isTogetherInTripletAndDeleteExtraTriplets: Finished
maxCut with 18 nodes: Finished
maxCut with 17 nodes: Finished
maxCut with 12 nodes: Finished
maxCut with 6 nodes: Finished
maxCut with 6 nodes: Finished
treeBuildBasedOnTriplets_run...Finished
Saving tree to file...
Saving tree to file...Finished

                            < M A T L A B (R) >
                  Copyright 1984-2017 The MathWorks, Inc.
                   R2017a (9.2.0.538062) 64-bit (glnxa64)
                             February 23, 2017

 
To get started, type one of these: helpwin, helpdesk, or demo.
For product information, visit www.mathworks.com.
 
TreeCmp version build2

Active options:
Type of the analysis:  ref-to-all comparison mode (-r)
Metrics:
  1. MatchingCluster (mc)
  2. R-F_Cluster (rc)
  3. NodalSplitted (ns)
  4. Triples (tt)
  5. MatchingPair (mp)
  6. MAST (mt)
  7. CopheneticL2Metric (co)
Input file: /home/chun/projects/clineage-simulation/analysis/tmc-875887/tmc-003/case-16/reconstructed.newick
Output file: /home/chun/projects/clineage-simulation/analysis/tmc-875887/tmc-003/case-16/scores.raw.out
Additional options:
N - Report normalized distances.
P - Prune compared trees if needed (trees can have different leaf sets).
I - Include summary section in the output file.
-----
2018-06-18 21:26:53: Start of reading random statistics.
2018-06-18 21:26:53: End of reading random statistics.
2018-06-18 21:26:53: Start of scanning input file: /home/chun/projects/clineage-simulation/analysis/tmc-875887/tmc-003/case-16/reconstructed.newick
2018-06-18 21:26:53: End of scanning input file: /home/chun/projects/clineage-simulation/analysis/tmc-875887/tmc-003/case-16/reconstructed.newick
2018-06-18 21:26:53: 1 valid trees found in file: /home/chun/projects/clineage-simulation/analysis/tmc-875887/tmc-003/case-16/reconstructed.newick
2018-06-18 21:26:53: Start of calculation...please wait...
2018-06-18 21:26:53: 0.00% completed...
2018-06-18 21:26:53: 100.00% completed.
2018-06-18 21:26:53: End of calculation.
2018-06-18 21:26:53: Total calculation time: 26 ms.
                               metrics
No                              1.0000
RefTree                         1.0000
Tree                            1.0000
RefTree_taxa                   19.0000
Tree_taxa                      19.0000
Common_taxa                    19.0000
MatchingCluster                30.0000
MatchingCluster_toYuleAvg       0.3869
MatchingCluster_toUnifAvg       0.3376
R-F_Cluster                    10.5000
R-F_Cluster_toYuleAvg           0.6270
R-F_Cluster_toUnifAvg           0.6238
NodalSplitted                  26.0768
NodalSplitted_toYuleAvg         0.4848
NodalSplitted_toUnifAvg         0.3953
Triples                       181.0000
Triples_toYuleAvg               0.2813
Triples_toUnifAvg               0.2799
MatchingPair                   56.0000
MatchingPair_toYuleAvg          0.4679
MatchingPair_toUnifAvg          0.4755
MAST                            8.0000
MAST_toYuleAvg                  0.6392
MAST_toUnifAvg                  0.6343
CopheneticL2Metric             15.6844
CopheneticL2Metric_toYuleAvg    0.3715
CopheneticL2Metric_toUnifAvg    0.3185

                 Name         Avg  Std         Min         Max  Count
0     MatchingCluster   30.000000  0.0   30.000000   30.000000      1
1         R-F_Cluster   10.500000  0.0   10.500000   10.500000      1
2       NodalSplitted   26.076810  0.0   26.076810   26.076810      1
3             Triples  181.000000  0.0  181.000000  181.000000      1
4        MatchingPair   56.000000  0.0   56.000000   56.000000      1
5                MAST    8.000000  0.0    8.000000    8.000000      1
6  CopheneticL2Metric   15.684387  0.0   15.684387   15.684387      1
