
                            < M A T L A B (R) >
                  Copyright 1984-2017 The MathWorks, Inc.
                   R2017a (9.2.0.538062) 64-bit (glnxa64)
                             February 23, 2017

 
To get started, type one of these: helpwin, helpdesk, or demo.
For product information, visit www.mathworks.com.
 
Running "Run1", Seed: 875887
 *** Finished Simulation Run ***

config-18.json #############################################

[#.........] | Progress: 1 | Time: 0.0s | ETA: --[.#........] | Progress: 273 | Time: 0.1s | ETA: --[..#.......] | Progress: 542 | Time: 0.1s | ETA: --[...#......] | Progress: 804 | Time: 0.2s | ETA: --[##########] | Progress: 927 | Time: 0.2s | ETA: --fit<>, fid</home/chun/projects/clineage-simulation/analysis/tmc-875887/tmc-003/case-18/triplets-list.raw.txt>, flg<treeReconstruction.log>, frt<resTree.tree>, frtN</home/chun/projects/clineage-simulation/analysis/tmc-875887/tmc-003/case-18/reconstructed.tmp.newick>, fsd<qqq.dat>, fst<simul.tree>, -->index=2
Read triplets from file...
Read triplets from file...Finished
N_triplets = 824, idMaxFound = 21
treeBuildBasedOnTriplets_run...
make_isTogetherInTripletAndDeleteExtraTriplets: Finished
maxCut with 20 nodes: Finished
maxCut with 19 nodes: Finished
maxCut with 14 nodes: Finished
maxCut with 9 nodes: Finished
treeBuildBasedOnTriplets_run...Finished
Saving tree to file...
Saving tree to file...Finished

                            < M A T L A B (R) >
                  Copyright 1984-2017 The MathWorks, Inc.
                   R2017a (9.2.0.538062) 64-bit (glnxa64)
                             February 23, 2017

 
To get started, type one of these: helpwin, helpdesk, or demo.
For product information, visit www.mathworks.com.
 
TreeCmp version build2

Active options:
Type of the analysis:  ref-to-all comparison mode (-r)
Metrics:
  1. MatchingCluster (mc)
  2. R-F_Cluster (rc)
  3. NodalSplitted (ns)
  4. Triples (tt)
  5. MatchingPair (mp)
  6. MAST (mt)
  7. CopheneticL2Metric (co)
Input file: /home/chun/projects/clineage-simulation/analysis/tmc-875887/tmc-003/case-18/reconstructed.newick
Output file: /home/chun/projects/clineage-simulation/analysis/tmc-875887/tmc-003/case-18/scores.raw.out
Additional options:
N - Report normalized distances.
P - Prune compared trees if needed (trees can have different leaf sets).
I - Include summary section in the output file.
-----
2018-06-18 21:26:56: Start of reading random statistics.
2018-06-18 21:26:57: End of reading random statistics.
2018-06-18 21:26:57: Start of scanning input file: /home/chun/projects/clineage-simulation/analysis/tmc-875887/tmc-003/case-18/reconstructed.newick
2018-06-18 21:26:57: End of scanning input file: /home/chun/projects/clineage-simulation/analysis/tmc-875887/tmc-003/case-18/reconstructed.newick
2018-06-18 21:26:57: 1 valid trees found in file: /home/chun/projects/clineage-simulation/analysis/tmc-875887/tmc-003/case-18/reconstructed.newick
2018-06-18 21:26:57: Start of calculation...please wait...
2018-06-18 21:26:57: 0.00% completed...
2018-06-18 21:26:57: 100.00% completed.
2018-06-18 21:26:57: End of calculation.
2018-06-18 21:26:57: Total calculation time: 28 ms.
                               metrics
No                              1.0000
RefTree                         1.0000
Tree                            1.0000
RefTree_taxa                   21.0000
Tree_taxa                      21.0000
Common_taxa                    21.0000
MatchingCluster                44.0000
MatchingCluster_toYuleAvg       0.4803
MatchingCluster_toUnifAvg       0.4160
R-F_Cluster                    11.0000
R-F_Cluster_toYuleAvg           0.5860
R-F_Cluster_toUnifAvg           0.5836
NodalSplitted                  33.0757
NodalSplitted_toYuleAvg         0.5372
NodalSplitted_toUnifAvg         0.4250
Triples                       207.0000
Triples_toYuleAvg               0.2331
Triples_toUnifAvg               0.2336
MatchingPair                   67.0000
MatchingPair_toYuleAvg          0.4486
MatchingPair_toUnifAvg          0.4577
MAST                            9.0000
MAST_toYuleAvg                  0.6349
MAST_toUnifAvg                  0.6304
CopheneticL2Metric             19.8997
CopheneticL2Metric_toYuleAvg    0.4182
CopheneticL2Metric_toUnifAvg    0.3445

                 Name         Avg  Std         Min         Max  Count
0     MatchingCluster   44.000000  0.0   44.000000   44.000000      1
1         R-F_Cluster   11.000000  0.0   11.000000   11.000000      1
2       NodalSplitted   33.075671  0.0   33.075671   33.075671      1
3             Triples  207.000000  0.0  207.000000  207.000000      1
4        MatchingPair   67.000000  0.0   67.000000   67.000000      1
5                MAST    9.000000  0.0    9.000000    9.000000      1
6  CopheneticL2Metric   19.899749  0.0   19.899749   19.899749      1
