                               metrics
No                              1.0000
RefTree                         1.0000
Tree                            1.0000
RefTree_taxa                   23.0000
Tree_taxa                      23.0000
Common_taxa                    23.0000
MatchingCluster                30.0000
MatchingCluster_toYuleAvg       0.2829
MatchingCluster_toUnifAvg       0.2421
R-F_Cluster                     8.5000
R-F_Cluster_toYuleAvg           0.4091
R-F_Cluster_toUnifAvg           0.4083
NodalSplitted                  30.7896
NodalSplitted_toYuleAvg         0.4365
NodalSplitted_toUnifAvg         0.3435
Triples                       109.0000
Triples_toYuleAvg               0.0922
Triples_toUnifAvg               0.0926
MatchingPair                   30.0000
MatchingPair_toYuleAvg          0.1643
MatchingPair_toUnifAvg          0.1679
MAST                           10.0000
MAST_toYuleAvg                  0.6303
MAST_toUnifAvg                  0.6245
CopheneticL2Metric             14.9332
CopheneticL2Metric_toYuleAvg    0.2757
CopheneticL2Metric_toUnifAvg    0.2212

                 Name         Avg  Std         Min         Max  Count
0     MatchingCluster   30.000000  0.0   30.000000   30.000000      1
1         R-F_Cluster    8.500000  0.0    8.500000    8.500000      1
2       NodalSplitted   30.789609  0.0   30.789609   30.789609      1
3             Triples  109.000000  0.0  109.000000  109.000000      1
4        MatchingPair   30.000000  0.0   30.000000   30.000000      1
5                MAST   10.000000  0.0   10.000000   10.000000      1
6  CopheneticL2Metric   14.933185  0.0   14.933185   14.933185      1
