                              metrics
No                             1.0000
RefTree                        1.0000
Tree                           1.0000
RefTree_taxa                  15.0000
Tree_taxa                     15.0000
Common_taxa                   15.0000
MatchingCluster               12.0000
MatchingCluster_toYuleAvg      0.2318
MatchingCluster_toUnifAvg      0.2088
R-F_Cluster                    2.0000
R-F_Cluster_toYuleAvg          0.1569
R-F_Cluster_toUnifAvg          0.1560
NodalSplitted                 13.3417
NodalSplitted_toYuleAvg        0.3524
NodalSplitted_toUnifAvg        0.3034
Triples                       10.0000
Triples_toYuleAvg              0.0331
Triples_toUnifAvg              0.0330
MatchingPair                   9.0000
MatchingPair_toYuleAvg         0.1279
MatchingPair_toUnifAvg         0.1297
MAST                           3.0000
MAST_toYuleAvg                 0.3250
MAST_toUnifAvg                 0.3200
CopheneticL2Metric             7.0711
CopheneticL2Metric_toYuleAvg   0.2360
CopheneticL2Metric_toUnifAvg   0.2088

                 Name        Avg  Std        Min        Max  Count
0     MatchingCluster  12.000000  0.0  12.000000  12.000000      1
1         R-F_Cluster   2.000000  0.0   2.000000   2.000000      1
2       NodalSplitted  13.341664  0.0  13.341664  13.341664      1
3             Triples  10.000000  0.0  10.000000  10.000000      1
4        MatchingPair   9.000000  0.0   9.000000   9.000000      1
5                MAST   3.000000  0.0   3.000000   3.000000      1
6  CopheneticL2Metric   7.071068  0.0   7.071068   7.071068      1
