                              metrics
No                             1.0000
RefTree                        1.0000
Tree                           1.0000
RefTree_taxa                  23.0000
Tree_taxa                     23.0000
Common_taxa                   23.0000
MatchingCluster                6.0000
MatchingCluster_toYuleAvg      0.0566
MatchingCluster_toUnifAvg      0.0484
R-F_Cluster                    1.5000
R-F_Cluster_toYuleAvg          0.0722
R-F_Cluster_toUnifAvg          0.0721
NodalSplitted                 11.1355
NodalSplitted_toYuleAvg        0.1579
NodalSplitted_toUnifAvg        0.1242
Triples                        4.0000
Triples_toYuleAvg              0.0034
Triples_toUnifAvg              0.0034
MatchingPair                   4.0000
MatchingPair_toYuleAvg         0.0219
MatchingPair_toUnifAvg         0.0224
MAST                           2.0000
MAST_toYuleAvg                 0.1261
MAST_toUnifAvg                 0.1249
CopheneticL2Metric             3.7417
CopheneticL2Metric_toYuleAvg   0.0691
CopheneticL2Metric_toUnifAvg   0.0554

                 Name        Avg  Std        Min        Max  Count
0     MatchingCluster   6.000000  0.0   6.000000   6.000000      1
1         R-F_Cluster   1.500000  0.0   1.500000   1.500000      1
2       NodalSplitted  11.135529  0.0  11.135529  11.135529      1
3             Triples   4.000000  0.0   4.000000   4.000000      1
4        MatchingPair   4.000000  0.0   4.000000   4.000000      1
5                MAST   2.000000  0.0   2.000000   2.000000      1
6  CopheneticL2Metric   3.741657  0.0   3.741657   3.741657      1
