                              metrics
No                             1.0000
RefTree                        1.0000
Tree                           1.0000
RefTree_taxa                   9.0000
Tree_taxa                      9.0000
Common_taxa                    9.0000
MatchingCluster               15.0000
MatchingCluster_toYuleAvg      0.7299
MatchingCluster_toUnifAvg      0.7029
R-F_Cluster                    4.0000
R-F_Cluster_toYuleAvg          0.6002
R-F_Cluster_toUnifAvg          0.5929
NodalSplitted                 12.0000
NodalSplitted_toYuleAvg        0.7093
NodalSplitted_toUnifAvg        0.6733
Triples                       67.0000
Triples_toYuleAvg              1.1982
Triples_toUnifAvg              1.2051
MatchingPair                  14.0000
MatchingPair_toYuleAvg         0.6604
MatchingPair_toUnifAvg         0.6692
MAST                           5.0000
MAST_toYuleAvg                 1.0903
MAST_toUnifAvg                 1.0730
CopheneticL2Metric             7.8102
CopheneticL2Metric_toYuleAvg   0.5592
CopheneticL2Metric_toUnifAvg   0.5393

                 Name       Avg  Std       Min       Max  Count
0     MatchingCluster  15.00000  0.0  15.00000  15.00000      1
1         R-F_Cluster   4.00000  0.0   4.00000   4.00000      1
2       NodalSplitted  12.00000  0.0  12.00000  12.00000      1
3             Triples  67.00000  0.0  67.00000  67.00000      1
4        MatchingPair  14.00000  0.0  14.00000  14.00000      1
5                MAST   5.00000  0.0   5.00000   5.00000      1
6  CopheneticL2Metric   7.81025  0.0   7.81025   7.81025      1
