                              metrics
No                             1.0000
RefTree                        1.0000
Tree                           1.0000
RefTree_taxa                  19.0000
Tree_taxa                     19.0000
Common_taxa                   19.0000
MatchingCluster               16.0000
MatchingCluster_toYuleAvg      0.2063
MatchingCluster_toUnifAvg      0.1800
R-F_Cluster                    6.5000
R-F_Cluster_toYuleAvg          0.3882
R-F_Cluster_toUnifAvg          0.3861
NodalSplitted                 15.6205
NodalSplitted_toYuleAvg        0.2904
NodalSplitted_toUnifAvg        0.2368
Triples                       47.0000
Triples_toYuleAvg              0.0730
Triples_toUnifAvg              0.0727
MatchingPair                  23.0000
MatchingPair_toYuleAvg         0.1922
MatchingPair_toUnifAvg         0.1953
MAST                           6.0000
MAST_toYuleAvg                 0.4794
MAST_toUnifAvg                 0.4757
CopheneticL2Metric             7.2801
CopheneticL2Metric_toYuleAvg   0.1725
CopheneticL2Metric_toUnifAvg   0.1478

                 Name        Avg  Std        Min        Max  Count
0     MatchingCluster  16.000000  0.0  16.000000  16.000000      1
1         R-F_Cluster   6.500000  0.0   6.500000   6.500000      1
2       NodalSplitted  15.620499  0.0  15.620499  15.620499      1
3             Triples  47.000000  0.0  47.000000  47.000000      1
4        MatchingPair  23.000000  0.0  23.000000  23.000000      1
5                MAST   6.000000  0.0   6.000000   6.000000      1
6  CopheneticL2Metric   7.280110  0.0   7.280110   7.280110      1
