                               metrics
No                              1.0000
RefTree                         1.0000
Tree                            1.0000
RefTree_taxa                   17.0000
Tree_taxa                      17.0000
Common_taxa                    17.0000
MatchingCluster                50.0000
MatchingCluster_toYuleAvg       0.7736
MatchingCluster_toUnifAvg       0.6878
R-F_Cluster                    11.0000
R-F_Cluster_toYuleAvg           0.7447
R-F_Cluster_toUnifAvg           0.7410
NodalSplitted                  37.3631
NodalSplitted_toYuleAvg         0.8151
NodalSplitted_toUnifAvg         0.6824
Triples                       462.0000
Triples_toYuleAvg               1.0176
Triples_toUnifAvg               1.0159
MatchingPair                   81.0000
MatchingPair_toYuleAvg          0.8669
MatchingPair_toUnifAvg          0.8805
MAST                           12.0000
MAST_toYuleAvg                  1.1035
MAST_toUnifAvg                  1.0961
CopheneticL2Metric             21.8174
CopheneticL2Metric_toYuleAvg    0.6075
CopheneticL2Metric_toUnifAvg    0.5278

                 Name         Avg  Std         Min         Max  Count
0     MatchingCluster   50.000000  0.0   50.000000   50.000000      1
1         R-F_Cluster   11.000000  0.0   11.000000   11.000000      1
2       NodalSplitted   37.363083  0.0   37.363083   37.363083      1
3             Triples  462.000000  0.0  462.000000  462.000000      1
4        MatchingPair   81.000000  0.0   81.000000   81.000000      1
5                MAST   12.000000  0.0   12.000000   12.000000      1
6  CopheneticL2Metric   21.817424  0.0   21.817424   21.817424      1
