                              metrics
No                             1.0000
RefTree                        1.0000
Tree                           1.0000
RefTree_taxa                  15.0000
Tree_taxa                     15.0000
Common_taxa                   15.0000
MatchingCluster               13.0000
MatchingCluster_toYuleAvg      0.2512
MatchingCluster_toUnifAvg      0.2262
R-F_Cluster                    2.5000
R-F_Cluster_toYuleAvg          0.1961
R-F_Cluster_toUnifAvg          0.1951
NodalSplitted                 12.6491
NodalSplitted_toYuleAvg        0.3341
NodalSplitted_toUnifAvg        0.2877
Triples                       31.0000
Triples_toYuleAvg              0.1027
Triples_toUnifAvg              0.1024
MatchingPair                  10.0000
MatchingPair_toYuleAvg         0.1422
MatchingPair_toUnifAvg         0.1442
MAST                           3.0000
MAST_toYuleAvg                 0.3250
MAST_toUnifAvg                 0.3200
CopheneticL2Metric             9.1104
CopheneticL2Metric_toYuleAvg   0.3040
CopheneticL2Metric_toUnifAvg   0.2690

                 Name        Avg  Std        Min        Max  Count
0     MatchingCluster  13.000000  0.0  13.000000  13.000000      1
1         R-F_Cluster   2.500000  0.0   2.500000   2.500000      1
2       NodalSplitted  12.649111  0.0  12.649111  12.649111      1
3             Triples  31.000000  0.0  31.000000  31.000000      1
4        MatchingPair  10.000000  0.0  10.000000  10.000000      1
5                MAST   3.000000  0.0   3.000000   3.000000      1
6  CopheneticL2Metric   9.110434  0.0   9.110434   9.110434      1
