                               metrics
No                              1.0000
RefTree                         1.0000
Tree                            1.0000
RefTree_taxa                   14.0000
Tree_taxa                      14.0000
Common_taxa                    14.0000
MatchingCluster                37.0000
MatchingCluster_toYuleAvg       0.7920
MatchingCluster_toUnifAvg       0.7334
R-F_Cluster                     9.5000
R-F_Cluster_toYuleAvg           0.8067
R-F_Cluster_toUnifAvg           0.8041
NodalSplitted                  27.4773
NodalSplitted_toYuleAvg         0.7908
NodalSplitted_toUnifAvg         0.7037
Triples                       187.0000
Triples_toYuleAvg               0.7696
Triples_toUnifAvg               0.7714
MatchingPair                   52.0000
MatchingPair_toYuleAvg          0.8648
MatchingPair_toUnifAvg          0.8805
MAST                            7.0000
MAST_toYuleAvg                  0.8251
MAST_toUnifAvg                  0.8171
CopheneticL2Metric             17.8885
CopheneticL2Metric_toYuleAvg    0.6535
CopheneticL2Metric_toUnifAvg    0.5863

                 Name         Avg  Std         Min         Max  Count
0     MatchingCluster   37.000000  0.0   37.000000   37.000000      1
1         R-F_Cluster    9.500000  0.0    9.500000    9.500000      1
2       NodalSplitted   27.477263  0.0   27.477263   27.477263      1
3             Triples  187.000000  0.0  187.000000  187.000000      1
4        MatchingPair   52.000000  0.0   52.000000   52.000000      1
5                MAST    7.000000  0.0    7.000000    7.000000      1
6  CopheneticL2Metric   17.888544  0.0   17.888544   17.888544      1
