                              metrics
No                             1.0000
RefTree                        1.0000
Tree                           1.0000
RefTree_taxa                  14.0000
Tree_taxa                     14.0000
Common_taxa                   14.0000
MatchingCluster               13.0000
MatchingCluster_toYuleAvg      0.2783
MatchingCluster_toUnifAvg      0.2577
R-F_Cluster                    2.5000
R-F_Cluster_toYuleAvg          0.2123
R-F_Cluster_toUnifAvg          0.2116
NodalSplitted                 11.1803
NodalSplitted_toYuleAvg        0.3218
NodalSplitted_toUnifAvg        0.2863
Triples                       32.0000
Triples_toYuleAvg              0.1317
Triples_toUnifAvg              0.1320
MatchingPair                  13.0000
MatchingPair_toYuleAvg         0.2162
MatchingPair_toUnifAvg         0.2201
MAST                           2.0000
MAST_toYuleAvg                 0.2357
MAST_toUnifAvg                 0.2335
CopheneticL2Metric             8.7750
CopheneticL2Metric_toYuleAvg   0.3206
CopheneticL2Metric_toUnifAvg   0.2876

                 Name        Avg  Std        Min        Max  Count
0     MatchingCluster  13.000000  0.0  13.000000  13.000000      1
1         R-F_Cluster   2.500000  0.0   2.500000   2.500000      1
2       NodalSplitted  11.180340  0.0  11.180340  11.180340      1
3             Triples  32.000000  0.0  32.000000  32.000000      1
4        MatchingPair  13.000000  0.0  13.000000  13.000000      1
5                MAST   2.000000  0.0   2.000000   2.000000      1
6  CopheneticL2Metric   8.774964  0.0   8.774964   8.774964      1
