                               metrics
No                              1.0000
RefTree                         1.0000
Tree                            1.0000
RefTree_taxa                   19.0000
Tree_taxa                      19.0000
Common_taxa                    19.0000
MatchingCluster                58.0000
MatchingCluster_toYuleAvg       0.7480
MatchingCluster_toUnifAvg       0.6526
R-F_Cluster                    10.5000
R-F_Cluster_toYuleAvg           0.6270
R-F_Cluster_toUnifAvg           0.6238
NodalSplitted                  43.3359
NodalSplitted_toYuleAvg         0.8057
NodalSplitted_toUnifAvg         0.6569
Triples                       388.0000
Triples_toYuleAvg               0.6029
Triples_toUnifAvg               0.6000
MatchingPair                  105.0000
MatchingPair_toYuleAvg          0.8773
MatchingPair_toUnifAvg          0.8915
MAST                           11.0000
MAST_toYuleAvg                  0.8789
MAST_toUnifAvg                  0.8721
CopheneticL2Metric             32.1714
CopheneticL2Metric_toYuleAvg    0.7621
CopheneticL2Metric_toUnifAvg    0.6532

                 Name         Avg  Std         Min         Max  Count
0     MatchingCluster   58.000000  0.0   58.000000   58.000000      1
1         R-F_Cluster   10.500000  0.0   10.500000   10.500000      1
2       NodalSplitted   43.335897  0.0   43.335897   43.335897      1
3             Triples  388.000000  0.0  388.000000  388.000000      1
4        MatchingPair  105.000000  0.0  105.000000  105.000000      1
5                MAST   11.000000  0.0   11.000000   11.000000      1
6  CopheneticL2Metric   32.171416  0.0   32.171416   32.171416      1
