                              metrics
No                             1.0000
RefTree                        1.0000
Tree                           1.0000
RefTree_taxa                  15.0000
Tree_taxa                     15.0000
Common_taxa                   15.0000
MatchingCluster               18.0000
MatchingCluster_toYuleAvg      0.3478
MatchingCluster_toUnifAvg      0.3133
R-F_Cluster                    3.5000
R-F_Cluster_toYuleAvg          0.2746
R-F_Cluster_toUnifAvg          0.2731
NodalSplitted                 18.3303
NodalSplitted_toYuleAvg        0.4841
NodalSplitted_toUnifAvg        0.4168
Triples                       35.0000
Triples_toYuleAvg              0.1160
Triples_toUnifAvg              0.1156
MatchingPair                  15.0000
MatchingPair_toYuleAvg         0.2132
MatchingPair_toUnifAvg         0.2162
MAST                           4.0000
MAST_toYuleAvg                 0.4333
MAST_toUnifAvg                 0.4267
CopheneticL2Metric            11.6190
CopheneticL2Metric_toYuleAvg   0.3877
CopheneticL2Metric_toUnifAvg   0.3430

                 Name        Avg  Std        Min        Max  Count
0     MatchingCluster  18.000000  0.0  18.000000  18.000000      1
1         R-F_Cluster   3.500000  0.0   3.500000   3.500000      1
2       NodalSplitted  18.330303  0.0  18.330303  18.330303      1
3             Triples  35.000000  0.0  35.000000  35.000000      1
4        MatchingPair  15.000000  0.0  15.000000  15.000000      1
5                MAST   4.000000  0.0   4.000000   4.000000      1
6  CopheneticL2Metric  11.618950  0.0  11.618950  11.618950      1
