                              metrics
No                             1.0000
RefTree                        1.0000
Tree                           1.0000
RefTree_taxa                  18.0000
Tree_taxa                     18.0000
Common_taxa                   18.0000
MatchingCluster               15.0000
MatchingCluster_toYuleAvg      0.2111
MatchingCluster_toUnifAvg      0.1865
R-F_Cluster                    3.0000
R-F_Cluster_toYuleAvg          0.1900
R-F_Cluster_toUnifAvg          0.1896
NodalSplitted                 17.2916
NodalSplitted_toYuleAvg        0.3478
NodalSplitted_toUnifAvg        0.2853
Triples                       32.0000
Triples_toYuleAvg              0.0585
Triples_toUnifAvg              0.0589
MatchingPair                  11.0000
MatchingPair_toYuleAvg         0.1034
MatchingPair_toUnifAvg         0.1058
MAST                           4.0000
MAST_toYuleAvg                 0.3408
MAST_toUnifAvg                 0.3399
CopheneticL2Metric             9.1104
CopheneticL2Metric_toYuleAvg   0.2322
CopheneticL2Metric_toUnifAvg   0.2016

                 Name        Avg  Std        Min        Max  Count
0     MatchingCluster  15.000000  0.0  15.000000  15.000000      1
1         R-F_Cluster   3.000000  0.0   3.000000   3.000000      1
2       NodalSplitted  17.291616  0.0  17.291616  17.291616      1
3             Triples  32.000000  0.0  32.000000  32.000000      1
4        MatchingPair  11.000000  0.0  11.000000  11.000000      1
5                MAST   4.000000  0.0   4.000000   4.000000      1
6  CopheneticL2Metric   9.110434  0.0   9.110434   9.110434      1
