                              metrics
No                             1.0000
RefTree                        1.0000
Tree                           1.0000
RefTree_taxa                  14.0000
Tree_taxa                     14.0000
Common_taxa                   14.0000
MatchingCluster               17.0000
MatchingCluster_toYuleAvg      0.3639
MatchingCluster_toUnifAvg      0.3369
R-F_Cluster                    5.5000
R-F_Cluster_toYuleAvg          0.4671
R-F_Cluster_toUnifAvg          0.4655
NodalSplitted                 15.7797
NodalSplitted_toYuleAvg        0.4541
NodalSplitted_toUnifAvg        0.4041
Triples                       40.0000
Triples_toYuleAvg              0.1646
Triples_toUnifAvg              0.1650
MatchingPair                  13.0000
MatchingPair_toYuleAvg         0.2162
MatchingPair_toUnifAvg         0.2201
MAST                           6.0000
MAST_toYuleAvg                 0.7072
MAST_toUnifAvg                 0.7004
CopheneticL2Metric             8.4853
CopheneticL2Metric_toYuleAvg   0.3100
CopheneticL2Metric_toUnifAvg   0.2781

                 Name        Avg  Std        Min        Max  Count
0     MatchingCluster  17.000000  0.0  17.000000  17.000000      1
1         R-F_Cluster   5.500000  0.0   5.500000   5.500000      1
2       NodalSplitted  15.779734  0.0  15.779734  15.779734      1
3             Triples  40.000000  0.0  40.000000  40.000000      1
4        MatchingPair  13.000000  0.0  13.000000  13.000000      1
5                MAST   6.000000  0.0   6.000000   6.000000      1
6  CopheneticL2Metric   8.485281  0.0   8.485281   8.485281      1
