                              metrics
No                             1.0000
RefTree                        1.0000
Tree                           1.0000
RefTree_taxa                  17.0000
Tree_taxa                     17.0000
Common_taxa                   17.0000
MatchingCluster               22.0000
MatchingCluster_toYuleAvg      0.3404
MatchingCluster_toUnifAvg      0.3026
R-F_Cluster                    4.0000
R-F_Cluster_toYuleAvg          0.2708
R-F_Cluster_toUnifAvg          0.2695
NodalSplitted                 18.7083
NodalSplitted_toYuleAvg        0.4082
NodalSplitted_toUnifAvg        0.3417
Triples                       66.0000
Triples_toYuleAvg              0.1454
Triples_toUnifAvg              0.1451
MatchingPair                  26.0000
MatchingPair_toYuleAvg         0.2783
MatchingPair_toUnifAvg         0.2826
MAST                           6.0000
MAST_toYuleAvg                 0.5518
MAST_toUnifAvg                 0.5480
CopheneticL2Metric            12.1244
CopheneticL2Metric_toYuleAvg   0.3376
CopheneticL2Metric_toUnifAvg   0.2933

                 Name        Avg  Std        Min        Max  Count
0     MatchingCluster  22.000000  0.0  22.000000  22.000000      1
1         R-F_Cluster   4.000000  0.0   4.000000   4.000000      1
2       NodalSplitted  18.708287  0.0  18.708287  18.708287      1
3             Triples  66.000000  0.0  66.000000  66.000000      1
4        MatchingPair  26.000000  0.0  26.000000  26.000000      1
5                MAST   6.000000  0.0   6.000000   6.000000      1
6  CopheneticL2Metric  12.124356  0.0  12.124356  12.124356      1
