                              metrics
No                             1.0000
RefTree                        1.0000
Tree                           1.0000
RefTree_taxa                  13.0000
Tree_taxa                     13.0000
Common_taxa                   13.0000
MatchingCluster               15.0000
MatchingCluster_toYuleAvg      0.3674
MatchingCluster_toUnifAvg      0.3401
R-F_Cluster                    3.5000
R-F_Cluster_toYuleAvg          0.3246
R-F_Cluster_toUnifAvg          0.3234
NodalSplitted                 15.6205
NodalSplitted_toYuleAvg        0.5101
NodalSplitted_toUnifAvg        0.4506
Triples                       14.0000
Triples_toYuleAvg              0.0733
Triples_toUnifAvg              0.0733
MatchingPair                  12.0000
MatchingPair_toYuleAvg         0.2356
MatchingPair_toUnifAvg         0.2396
MAST                           4.0000
MAST_toYuleAvg                 0.5197
MAST_toUnifAvg                 0.5151
CopheneticL2Metric             8.6603
CopheneticL2Metric_toYuleAvg   0.3570
CopheneticL2Metric_toUnifAvg   0.3242

                 Name        Avg  Std        Min        Max  Count
0     MatchingCluster  15.000000  0.0  15.000000  15.000000      1
1         R-F_Cluster   3.500000  0.0   3.500000   3.500000      1
2       NodalSplitted  15.620499  0.0  15.620499  15.620499      1
3             Triples  14.000000  0.0  14.000000  14.000000      1
4        MatchingPair  12.000000  0.0  12.000000  12.000000      1
5                MAST   4.000000  0.0   4.000000   4.000000      1
6  CopheneticL2Metric   8.660254  0.0   8.660254   8.660254      1
