
                            < M A T L A B (R) >
                  Copyright 1984-2017 The MathWorks, Inc.
                   R2017a (9.2.0.538062) 64-bit (glnxa64)
                             February 23, 2017

 
To get started, type one of these: helpwin, helpdesk, or demo.
For product information, visit www.mathworks.com.
 
Running "Run1", Seed: 910648
 *** Finished Simulation Run ***

config-08.json #############################################

[#.........] | Progress: 1 | Time: 0.0s | ETA: --[##########] | Progress: 126 | Time: 0.0s | ETA: --fit<>, fid</home/chun/projects/clineage-simulation/analysis/tmc-910648/tmc-002/case-08/triplets-list.raw.txt>, flg<treeReconstruction.log>, frt<resTree.tree>, frtN</home/chun/projects/clineage-simulation/analysis/tmc-910648/tmc-002/case-08/reconstructed.tmp.newick>, fsd<qqq.dat>, fst<simul.tree>, -->index=2
Read triplets from file...
Read triplets from file...Finished
N_triplets = 115, idMaxFound = 10
treeBuildBasedOnTriplets_run...
make_isTogetherInTripletAndDeleteExtraTriplets: Finished
maxCut with 11 nodes: Finished
maxCut with 7 nodes: Finished
treeBuildBasedOnTriplets_run...Finished
Saving tree to file...
Saving tree to file...Finished

                            < M A T L A B (R) >
                  Copyright 1984-2017 The MathWorks, Inc.
                   R2017a (9.2.0.538062) 64-bit (glnxa64)
                             February 23, 2017

 
To get started, type one of these: helpwin, helpdesk, or demo.
For product information, visit www.mathworks.com.
 
TreeCmp version build2

Active options:
Type of the analysis:  ref-to-all comparison mode (-r)
Metrics:
  1. MatchingCluster (mc)
  2. R-F_Cluster (rc)
  3. NodalSplitted (ns)
  4. Triples (tt)
  5. MatchingPair (mp)
  6. MAST (mt)
  7. CopheneticL2Metric (co)
Input file: /home/chun/projects/clineage-simulation/analysis/tmc-910648/tmc-002/case-08/reconstructed.newick
Output file: /home/chun/projects/clineage-simulation/analysis/tmc-910648/tmc-002/case-08/scores.raw.out
Additional options:
N - Report normalized distances.
P - Prune compared trees if needed (trees can have different leaf sets).
I - Include summary section in the output file.
-----
2018-06-18 21:45:54: Start of reading random statistics.
2018-06-18 21:45:54: End of reading random statistics.
2018-06-18 21:45:54: Start of scanning input file: /home/chun/projects/clineage-simulation/analysis/tmc-910648/tmc-002/case-08/reconstructed.newick
2018-06-18 21:45:54: End of scanning input file: /home/chun/projects/clineage-simulation/analysis/tmc-910648/tmc-002/case-08/reconstructed.newick
2018-06-18 21:45:54: 1 valid trees found in file: /home/chun/projects/clineage-simulation/analysis/tmc-910648/tmc-002/case-08/reconstructed.newick
2018-06-18 21:45:54: Start of calculation...please wait...
2018-06-18 21:45:54: 0.00% completed...
2018-06-18 21:45:54: 100.00% completed.
2018-06-18 21:45:54: End of calculation.
2018-06-18 21:45:54: Total calculation time: 18 ms.
                              metrics
No                             1.0000
RefTree                        1.0000
Tree                           1.0000
RefTree_taxa                  11.0000
Tree_taxa                     11.0000
Common_taxa                   11.0000
MatchingCluster               24.0000
MatchingCluster_toYuleAvg      0.7908
MatchingCluster_toUnifAvg      0.7511
R-F_Cluster                    8.0000
R-F_Cluster_toYuleAvg          0.9159
R-F_Cluster_toUnifAvg          0.9088
NodalSplitted                 19.4936
NodalSplitted_toYuleAvg        0.8214
NodalSplitted_toUnifAvg        0.7603
Triples                       95.0000
Triples_toYuleAvg              0.8644
Triples_toUnifAvg              0.8620
MatchingPair                  30.0000
MatchingPair_toYuleAvg         0.8734
MatchingPair_toUnifAvg         0.8809
MAST                           6.0000
MAST_toYuleAvg                 0.9710
MAST_toUnifAvg                 0.9696
CopheneticL2Metric            12.0416
CopheneticL2Metric_toYuleAvg   0.6317
CopheneticL2Metric_toUnifAvg   0.5856

                 Name        Avg  Std        Min        Max  Count
0     MatchingCluster  24.000000  0.0  24.000000  24.000000      1
1         R-F_Cluster   8.000000  0.0   8.000000   8.000000      1
2       NodalSplitted  19.493589  0.0  19.493589  19.493589      1
3             Triples  95.000000  0.0  95.000000  95.000000      1
4        MatchingPair  30.000000  0.0  30.000000  30.000000      1
5                MAST   6.000000  0.0   6.000000   6.000000      1
6  CopheneticL2Metric  12.041595  0.0  12.041595  12.041595      1
