
                            < M A T L A B (R) >
                  Copyright 1984-2017 The MathWorks, Inc.
                   R2017a (9.2.0.538062) 64-bit (glnxa64)
                             February 23, 2017

 
To get started, type one of these: helpwin, helpdesk, or demo.
For product information, visit www.mathworks.com.
 
Running "Run1", Seed: 910648
 *** Finished Simulation Run ***

config-12.json #############################################

[#.........] | Progress: 1 | Time: 0.0s | ETA: --[.#........] | Progress: 179 | Time: 0.1s | ETA: --[##########] | Progress: 328 | Time: 0.1s | ETA: --fit<>, fid</home/chun/projects/clineage-simulation/analysis/tmc-910648/tmc-002/case-12/triplets-list.raw.txt>, flg<treeReconstruction.log>, frt<resTree.tree>, frtN</home/chun/projects/clineage-simulation/analysis/tmc-910648/tmc-002/case-12/reconstructed.tmp.newick>, fsd<qqq.dat>, fst<simul.tree>, -->index=2
Read triplets from file...
Read triplets from file...Finished
N_triplets = 307, idMaxFound = 15
treeBuildBasedOnTriplets_run...
make_isTogetherInTripletAndDeleteExtraTriplets: Finished
maxCut with 15 nodes: Finished
maxCut with 9 nodes: Finished
treeBuildBasedOnTriplets_run...Finished
Saving tree to file...
Saving tree to file...Finished

                            < M A T L A B (R) >
                  Copyright 1984-2017 The MathWorks, Inc.
                   R2017a (9.2.0.538062) 64-bit (glnxa64)
                             February 23, 2017

 
To get started, type one of these: helpwin, helpdesk, or demo.
For product information, visit www.mathworks.com.
 
TreeCmp version build2

Active options:
Type of the analysis:  ref-to-all comparison mode (-r)
Metrics:
  1. MatchingCluster (mc)
  2. R-F_Cluster (rc)
  3. NodalSplitted (ns)
  4. Triples (tt)
  5. MatchingPair (mp)
  6. MAST (mt)
  7. CopheneticL2Metric (co)
Input file: /home/chun/projects/clineage-simulation/analysis/tmc-910648/tmc-002/case-12/reconstructed.newick
Output file: /home/chun/projects/clineage-simulation/analysis/tmc-910648/tmc-002/case-12/scores.raw.out
Additional options:
N - Report normalized distances.
P - Prune compared trees if needed (trees can have different leaf sets).
I - Include summary section in the output file.
-----
2018-06-18 21:45:52: Start of reading random statistics.
2018-06-18 21:45:52: End of reading random statistics.
2018-06-18 21:45:52: Start of scanning input file: /home/chun/projects/clineage-simulation/analysis/tmc-910648/tmc-002/case-12/reconstructed.newick
2018-06-18 21:45:52: End of scanning input file: /home/chun/projects/clineage-simulation/analysis/tmc-910648/tmc-002/case-12/reconstructed.newick
2018-06-18 21:45:52: 1 valid trees found in file: /home/chun/projects/clineage-simulation/analysis/tmc-910648/tmc-002/case-12/reconstructed.newick
2018-06-18 21:45:52: Start of calculation...please wait...
2018-06-18 21:45:52: 0.00% completed...
2018-06-18 21:45:52: 100.00% completed.
2018-06-18 21:45:52: End of calculation.
2018-06-18 21:45:52: Total calculation time: 21 ms.
                               metrics
No                              1.0000
RefTree                         1.0000
Tree                            1.0000
RefTree_taxa                   15.0000
Tree_taxa                      15.0000
Common_taxa                    15.0000
MatchingCluster                33.0000
MatchingCluster_toYuleAvg       0.6376
MatchingCluster_toUnifAvg       0.5743
R-F_Cluster                     8.0000
R-F_Cluster_toYuleAvg           0.6276
R-F_Cluster_toUnifAvg           0.6242
NodalSplitted                  26.1151
NodalSplitted_toYuleAvg         0.6898
NodalSplitted_toUnifAvg         0.5939
Triples                       229.0000
Triples_toYuleAvg               0.7588
Triples_toUnifAvg               0.7565
MatchingPair                   58.0000
MatchingPair_toYuleAvg          0.8246
MatchingPair_toUnifAvg          0.8361
MAST                            8.0000
MAST_toYuleAvg                  0.8666
MAST_toUnifAvg                  0.8533
CopheneticL2Metric             15.0333
CopheneticL2Metric_toYuleAvg    0.5017
CopheneticL2Metric_toUnifAvg    0.4439

                 Name         Avg  Std         Min         Max  Count
0     MatchingCluster   33.000000  0.0   33.000000   33.000000      1
1         R-F_Cluster    8.000000  0.0    8.000000    8.000000      1
2       NodalSplitted   26.115130  0.0   26.115130   26.115130      1
3             Triples  229.000000  0.0  229.000000  229.000000      1
4        MatchingPair   58.000000  0.0   58.000000   58.000000      1
5                MAST    8.000000  0.0    8.000000    8.000000      1
6  CopheneticL2Metric   15.033296  0.0   15.033296   15.033296      1
