
                            < M A T L A B (R) >
                  Copyright 1984-2017 The MathWorks, Inc.
                   R2017a (9.2.0.538062) 64-bit (glnxa64)
                             February 23, 2017

 
To get started, type one of these: helpwin, helpdesk, or demo.
For product information, visit www.mathworks.com.
 
Running "Run1", Seed: 910648
 *** Finished Simulation Run ***

config-16.json #############################################

[#.........] | Progress: 1 | Time: 0.0s | ETA: --[.#........] | Progress: 273 | Time: 0.1s | ETA: --[..#.......] | Progress: 615 | Time: 0.1s | ETA: --[##########] | Progress: 675 | Time: 0.1s | ETA: --fit<>, fid</home/chun/projects/clineage-simulation/analysis/tmc-910648/tmc-002/case-16/triplets-list.raw.txt>, flg<treeReconstruction.log>, frt<resTree.tree>, frtN</home/chun/projects/clineage-simulation/analysis/tmc-910648/tmc-002/case-16/reconstructed.tmp.newick>, fsd<qqq.dat>, fst<simul.tree>, -->index=2
Read triplets from file...
Read triplets from file...Finished
N_triplets = 611, idMaxFound = 19
treeBuildBasedOnTriplets_run...
make_isTogetherInTripletAndDeleteExtraTriplets: Finished
maxCut with 19 nodes: Finished
maxCut with 17 nodes: Finished
maxCut with 16 nodes: Finished
maxCut with 9 nodes: Finished
treeBuildBasedOnTriplets_run...Finished
Saving tree to file...
Saving tree to file...Finished

                            < M A T L A B (R) >
                  Copyright 1984-2017 The MathWorks, Inc.
                   R2017a (9.2.0.538062) 64-bit (glnxa64)
                             February 23, 2017

 
To get started, type one of these: helpwin, helpdesk, or demo.
For product information, visit www.mathworks.com.
 
TreeCmp version build2

Active options:
Type of the analysis:  ref-to-all comparison mode (-r)
Metrics:
  1. MatchingCluster (mc)
  2. R-F_Cluster (rc)
  3. NodalSplitted (ns)
  4. Triples (tt)
  5. MatchingPair (mp)
  6. MAST (mt)
  7. CopheneticL2Metric (co)
Input file: /home/chun/projects/clineage-simulation/analysis/tmc-910648/tmc-002/case-16/reconstructed.newick
Output file: /home/chun/projects/clineage-simulation/analysis/tmc-910648/tmc-002/case-16/scores.raw.out
Additional options:
N - Report normalized distances.
P - Prune compared trees if needed (trees can have different leaf sets).
I - Include summary section in the output file.
-----
2018-06-18 21:45:54: Start of reading random statistics.
2018-06-18 21:45:54: End of reading random statistics.
2018-06-18 21:45:54: Start of scanning input file: /home/chun/projects/clineage-simulation/analysis/tmc-910648/tmc-002/case-16/reconstructed.newick
2018-06-18 21:45:54: End of scanning input file: /home/chun/projects/clineage-simulation/analysis/tmc-910648/tmc-002/case-16/reconstructed.newick
2018-06-18 21:45:54: 1 valid trees found in file: /home/chun/projects/clineage-simulation/analysis/tmc-910648/tmc-002/case-16/reconstructed.newick
2018-06-18 21:45:54: Start of calculation...please wait...
2018-06-18 21:45:54: 0.00% completed...
2018-06-18 21:45:54: 100.00% completed.
2018-06-18 21:45:54: End of calculation.
2018-06-18 21:45:54: Total calculation time: 22 ms.
                               metrics
No                              1.0000
RefTree                         1.0000
Tree                            1.0000
RefTree_taxa                   19.0000
Tree_taxa                      19.0000
Common_taxa                    19.0000
MatchingCluster                53.0000
MatchingCluster_toYuleAvg       0.6835
MatchingCluster_toUnifAvg       0.5964
R-F_Cluster                    12.5000
R-F_Cluster_toYuleAvg           0.7464
R-F_Cluster_toUnifAvg           0.7426
NodalSplitted                  41.6893
NodalSplitted_toYuleAvg         0.7751
NodalSplitted_toUnifAvg         0.6319
Triples                       385.0000
Triples_toYuleAvg               0.5983
Triples_toUnifAvg               0.5954
MatchingPair                   74.0000
MatchingPair_toYuleAvg          0.6183
MatchingPair_toUnifAvg          0.6283
MAST                           11.0000
MAST_toYuleAvg                  0.8789
MAST_toUnifAvg                  0.8721
CopheneticL2Metric             26.5518
CopheneticL2Metric_toYuleAvg    0.6290
CopheneticL2Metric_toUnifAvg    0.5391

                 Name         Avg  Std         Min         Max  Count
0     MatchingCluster   53.000000  0.0   53.000000   53.000000      1
1         R-F_Cluster   12.500000  0.0   12.500000   12.500000      1
2       NodalSplitted   41.689327  0.0   41.689327   41.689327      1
3             Triples  385.000000  0.0  385.000000  385.000000      1
4        MatchingPair   74.000000  0.0   74.000000   74.000000      1
5                MAST   11.000000  0.0   11.000000   11.000000      1
6  CopheneticL2Metric   26.551836  0.0   26.551836   26.551836      1
