
                            < M A T L A B (R) >
                  Copyright 1984-2017 The MathWorks, Inc.
                   R2017a (9.2.0.538062) 64-bit (glnxa64)
                             February 23, 2017

 
To get started, type one of these: helpwin, helpdesk, or demo.
For product information, visit www.mathworks.com.
 
Running "Run1", Seed: 910648
 *** Finished Simulation Run ***

config-10.json #############################################

[#.........] | Progress: 1 | Time: 0.0s | ETA: --[##########] | Progress: 199 | Time: 0.0s | ETA: --fit<>, fid</home/chun/projects/clineage-simulation/analysis/tmc-910648/tmc-002/case-10/triplets-list.raw.txt>, flg<treeReconstruction.log>, frt<resTree.tree>, frtN</home/chun/projects/clineage-simulation/analysis/tmc-910648/tmc-002/case-10/reconstructed.tmp.newick>, fsd<qqq.dat>, fst<simul.tree>, -->index=2
Read triplets from file...
Read triplets from file...Finished
N_triplets = 175, idMaxFound = 13
treeBuildBasedOnTriplets_run...
make_isTogetherInTripletAndDeleteExtraTriplets: Finished
maxCut with 13 nodes: Finished
maxCut with 9 nodes: Finished
treeBuildBasedOnTriplets_run...Finished
Saving tree to file...
Saving tree to file...Finished

                            < M A T L A B (R) >
                  Copyright 1984-2017 The MathWorks, Inc.
                   R2017a (9.2.0.538062) 64-bit (glnxa64)
                             February 23, 2017

 
To get started, type one of these: helpwin, helpdesk, or demo.
For product information, visit www.mathworks.com.
 
TreeCmp version build2

Active options:
Type of the analysis:  ref-to-all comparison mode (-r)
Metrics:
  1. MatchingCluster (mc)
  2. R-F_Cluster (rc)
  3. NodalSplitted (ns)
  4. Triples (tt)
  5. MatchingPair (mp)
  6. MAST (mt)
  7. CopheneticL2Metric (co)
Input file: /home/chun/projects/clineage-simulation/analysis/tmc-910648/tmc-002/case-10/reconstructed.newick
Output file: /home/chun/projects/clineage-simulation/analysis/tmc-910648/tmc-002/case-10/scores.raw.out
Additional options:
N - Report normalized distances.
P - Prune compared trees if needed (trees can have different leaf sets).
I - Include summary section in the output file.
-----
2018-06-18 21:45:58: Start of reading random statistics.
2018-06-18 21:45:59: End of reading random statistics.
2018-06-18 21:45:59: Start of scanning input file: /home/chun/projects/clineage-simulation/analysis/tmc-910648/tmc-002/case-10/reconstructed.newick
2018-06-18 21:45:59: End of scanning input file: /home/chun/projects/clineage-simulation/analysis/tmc-910648/tmc-002/case-10/reconstructed.newick
2018-06-18 21:45:59: 1 valid trees found in file: /home/chun/projects/clineage-simulation/analysis/tmc-910648/tmc-002/case-10/reconstructed.newick
2018-06-18 21:45:59: Start of calculation...please wait...
2018-06-18 21:45:59: 0.00% completed...
2018-06-18 21:45:59: 100.00% completed.
2018-06-18 21:45:59: End of calculation.
2018-06-18 21:45:59: Total calculation time: 25 ms.
                               metrics
No                              1.0000
RefTree                         1.0000
Tree                            1.0000
RefTree_taxa                   13.0000
Tree_taxa                      13.0000
Common_taxa                    13.0000
MatchingCluster                30.0000
MatchingCluster_toYuleAvg       0.7347
MatchingCluster_toUnifAvg       0.6802
R-F_Cluster                     8.5000
R-F_Cluster_toYuleAvg           0.7884
R-F_Cluster_toUnifAvg           0.7854
NodalSplitted                  25.5734
NodalSplitted_toYuleAvg         0.8351
NodalSplitted_toUnifAvg         0.7377
Triples                       142.0000
Triples_toYuleAvg               0.7430
Triples_toUnifAvg               0.7434
MatchingPair                   43.0000
MatchingPair_toYuleAvg          0.8443
MatchingPair_toUnifAvg          0.8587
MAST                            8.0000
MAST_toYuleAvg                  1.0394
MAST_toUnifAvg                  1.0303
CopheneticL2Metric             14.2829
CopheneticL2Metric_toYuleAvg    0.5887
CopheneticL2Metric_toUnifAvg    0.5347

                 Name         Avg  Std         Min         Max  Count
0     MatchingCluster   30.000000  0.0   30.000000   30.000000      1
1         R-F_Cluster    8.500000  0.0    8.500000    8.500000      1
2       NodalSplitted   25.573424  0.0   25.573424   25.573424      1
3             Triples  142.000000  0.0  142.000000  142.000000      1
4        MatchingPair   43.000000  0.0   43.000000   43.000000      1
5                MAST    8.000000  0.0    8.000000    8.000000      1
6  CopheneticL2Metric   14.282857  0.0   14.282857   14.282857      1
