
                            < M A T L A B (R) >
                  Copyright 1984-2017 The MathWorks, Inc.
                   R2017a (9.2.0.538062) 64-bit (glnxa64)
                             February 23, 2017

 
To get started, type one of these: helpwin, helpdesk, or demo.
For product information, visit www.mathworks.com.
 
Running "Run1", Seed: 910648
 *** Finished Simulation Run ***

config-19.json #############################################

[#.........] | Progress: 1 | Time: 0.0s | ETA: --[.#........] | Progress: 485 | Time: 0.1s | ETA: --[..#.......] | Progress: 956 | Time: 0.1s | ETA: --[##########] | Progress: 1058 | Time: 0.1s | ETA: --fit<>, fid</home/chun/projects/clineage-simulation/analysis/tmc-910648/tmc-002/case-19/triplets-list.raw.txt>, flg<treeReconstruction.log>, frt<resTree.tree>, frtN</home/chun/projects/clineage-simulation/analysis/tmc-910648/tmc-002/case-19/reconstructed.tmp.newick>, fsd<qqq.dat>, fst<simul.tree>, -->index=2
Read triplets from file...
Read triplets from file...Finished
N_triplets = 975, idMaxFound = 22
treeBuildBasedOnTriplets_run...
make_isTogetherInTripletAndDeleteExtraTriplets: Finished
maxCut with 22 nodes: Finished
maxCut with 19 nodes: Finished
maxCut with 18 nodes: Finished
maxCut with 12 nodes: Finished
maxCut with 6 nodes: Finished
treeBuildBasedOnTriplets_run...Finished
Saving tree to file...
Saving tree to file...Finished

                            < M A T L A B (R) >
                  Copyright 1984-2017 The MathWorks, Inc.
                   R2017a (9.2.0.538062) 64-bit (glnxa64)
                             February 23, 2017

 
To get started, type one of these: helpwin, helpdesk, or demo.
For product information, visit www.mathworks.com.
 
TreeCmp version build2

Active options:
Type of the analysis:  ref-to-all comparison mode (-r)
Metrics:
  1. MatchingCluster (mc)
  2. R-F_Cluster (rc)
  3. NodalSplitted (ns)
  4. Triples (tt)
  5. MatchingPair (mp)
  6. MAST (mt)
  7. CopheneticL2Metric (co)
Input file: /home/chun/projects/clineage-simulation/analysis/tmc-910648/tmc-002/case-19/reconstructed.newick
Output file: /home/chun/projects/clineage-simulation/analysis/tmc-910648/tmc-002/case-19/scores.raw.out
Additional options:
N - Report normalized distances.
P - Prune compared trees if needed (trees can have different leaf sets).
I - Include summary section in the output file.
-----
2018-06-19 08:04:07: Start of reading random statistics.
2018-06-19 08:04:07: End of reading random statistics.
2018-06-19 08:04:07: Start of scanning input file: /home/chun/projects/clineage-simulation/analysis/tmc-910648/tmc-002/case-19/reconstructed.newick
2018-06-19 08:04:07: End of scanning input file: /home/chun/projects/clineage-simulation/analysis/tmc-910648/tmc-002/case-19/reconstructed.newick
2018-06-19 08:04:07: 1 valid trees found in file: /home/chun/projects/clineage-simulation/analysis/tmc-910648/tmc-002/case-19/reconstructed.newick
2018-06-19 08:04:07: Start of calculation...please wait...
2018-06-19 08:04:07: 0.00% completed...
2018-06-19 08:04:07: 100.00% completed.
2018-06-19 08:04:07: End of calculation.
2018-06-19 08:04:07: Total calculation time: 27 ms.
                               metrics
No                              1.0000
RefTree                         1.0000
Tree                            1.0000
RefTree_taxa                   22.0000
Tree_taxa                      22.0000
Common_taxa                    22.0000
MatchingCluster                79.0000
MatchingCluster_toYuleAvg       0.7994
MatchingCluster_toUnifAvg       0.6821
R-F_Cluster                    16.0000
R-F_Cluster_toYuleAvg           0.8093
R-F_Cluster_toUnifAvg           0.8057
NodalSplitted                  57.1227
NodalSplitted_toYuleAvg         0.8575
NodalSplitted_toUnifAvg         0.6714
Triples                       829.0000
Triples_toYuleAvg               0.8080
Triples_toUnifAvg               0.8055
MatchingPair                  131.0000
MatchingPair_toYuleAvg          0.7952
MatchingPair_toUnifAvg          0.8090
MAST                           13.0000
MAST_toYuleAvg                  0.8668
MAST_toUnifAvg                  0.8605
CopheneticL2Metric             34.7707
CopheneticL2Metric_toYuleAvg    0.6841
CopheneticL2Metric_toUnifAvg    0.5541

                 Name         Avg  Std         Min         Max  Count
0     MatchingCluster   79.000000  0.0   79.000000   79.000000      1
1         R-F_Cluster   16.000000  0.0   16.000000   16.000000      1
2       NodalSplitted   57.122675  0.0   57.122675   57.122675      1
3             Triples  829.000000  0.0  829.000000  829.000000      1
4        MatchingPair  131.000000  0.0  131.000000  131.000000      1
5                MAST   13.000000  0.0   13.000000   13.000000      1
6  CopheneticL2Metric   34.770677  0.0   34.770677   34.770677      1
