
                            < M A T L A B (R) >
                  Copyright 1984-2017 The MathWorks, Inc.
                   R2017a (9.2.0.538062) 64-bit (glnxa64)
                             February 23, 2017

 
To get started, type one of these: helpwin, helpdesk, or demo.
For product information, visit www.mathworks.com.
 
Running "Run1", Seed: 910648
 *** Finished Simulation Run ***

config-08.json #############################################

[#.........] | Progress: 1 | Time: 0.0s | ETA: --[##########] | Progress: 122 | Time: 0.0s | ETA: --fit<>, fid</home/chun/projects/clineage-simulation/analysis/tmc-910648/tmc-002/case-08/triplets-list.raw.txt>, flg<treeReconstruction.log>, frt<resTree.tree>, frtN</home/chun/projects/clineage-simulation/analysis/tmc-910648/tmc-002/case-08/reconstructed.tmp.newick>, fsd<qqq.dat>, fst<simul.tree>, -->index=2
Read triplets from file...
Read triplets from file...Finished
N_triplets = 110, idMaxFound = 11
treeBuildBasedOnTriplets_run...
make_isTogetherInTripletAndDeleteExtraTriplets: Finished
maxCut with 11 nodes: Finished
maxCut with 7 nodes: Finished
treeBuildBasedOnTriplets_run...Finished
Saving tree to file...
Saving tree to file...Finished

                            < M A T L A B (R) >
                  Copyright 1984-2017 The MathWorks, Inc.
                   R2017a (9.2.0.538062) 64-bit (glnxa64)
                             February 23, 2017

 
To get started, type one of these: helpwin, helpdesk, or demo.
For product information, visit www.mathworks.com.
 
TreeCmp version build2

Active options:
Type of the analysis:  ref-to-all comparison mode (-r)
Metrics:
  1. MatchingCluster (mc)
  2. R-F_Cluster (rc)
  3. NodalSplitted (ns)
  4. Triples (tt)
  5. MatchingPair (mp)
  6. MAST (mt)
  7. CopheneticL2Metric (co)
Input file: /home/chun/projects/clineage-simulation/analysis/tmc-910648/tmc-002/case-08/reconstructed.newick
Output file: /home/chun/projects/clineage-simulation/analysis/tmc-910648/tmc-002/case-08/scores.raw.out
Additional options:
N - Report normalized distances.
P - Prune compared trees if needed (trees can have different leaf sets).
I - Include summary section in the output file.
-----
2018-06-19 08:04:08: Start of reading random statistics.
2018-06-19 08:04:08: End of reading random statistics.
2018-06-19 08:04:08: Start of scanning input file: /home/chun/projects/clineage-simulation/analysis/tmc-910648/tmc-002/case-08/reconstructed.newick
2018-06-19 08:04:08: End of scanning input file: /home/chun/projects/clineage-simulation/analysis/tmc-910648/tmc-002/case-08/reconstructed.newick
2018-06-19 08:04:08: 1 valid trees found in file: /home/chun/projects/clineage-simulation/analysis/tmc-910648/tmc-002/case-08/reconstructed.newick
2018-06-19 08:04:08: Start of calculation...please wait...
2018-06-19 08:04:08: 0.00% completed...
2018-06-19 08:04:08: 100.00% completed.
2018-06-19 08:04:08: End of calculation.
2018-06-19 08:04:08: Total calculation time: 22 ms.
                              metrics
No                             1.0000
RefTree                        1.0000
Tree                           1.0000
RefTree_taxa                  11.0000
Tree_taxa                     11.0000
Common_taxa                   11.0000
MatchingCluster               25.0000
MatchingCluster_toYuleAvg      0.8237
MatchingCluster_toUnifAvg      0.7824
R-F_Cluster                    7.5000
R-F_Cluster_toYuleAvg          0.8586
R-F_Cluster_toUnifAvg          0.8520
NodalSplitted                 19.5959
NodalSplitted_toYuleAvg        0.8257
NodalSplitted_toUnifAvg        0.7643
Triples                       97.0000
Triples_toYuleAvg              0.8826
Triples_toUnifAvg              0.8801
MatchingPair                  30.0000
MatchingPair_toYuleAvg         0.8734
MatchingPair_toUnifAvg         0.8809
MAST                           6.0000
MAST_toYuleAvg                 0.9710
MAST_toUnifAvg                 0.9696
CopheneticL2Metric            12.1244
CopheneticL2Metric_toYuleAvg   0.6361
CopheneticL2Metric_toUnifAvg   0.5896

                 Name        Avg  Std        Min        Max  Count
0     MatchingCluster  25.000000  0.0  25.000000  25.000000      1
1         R-F_Cluster   7.500000  0.0   7.500000   7.500000      1
2       NodalSplitted  19.595918  0.0  19.595918  19.595918      1
3             Triples  97.000000  0.0  97.000000  97.000000      1
4        MatchingPair  30.000000  0.0  30.000000  30.000000      1
5                MAST   6.000000  0.0   6.000000   6.000000      1
6  CopheneticL2Metric  12.124356  0.0  12.124356  12.124356      1
