
                            < M A T L A B (R) >
                  Copyright 1984-2017 The MathWorks, Inc.
                   R2017a (9.2.0.538062) 64-bit (glnxa64)
                             February 23, 2017

 
To get started, type one of these: helpwin, helpdesk, or demo.
For product information, visit www.mathworks.com.
 
Running "Run1", Seed: 910648
 *** Finished Simulation Run ***

config-18.json #############################################

[#.........] | Progress: 1 | Time: 0.0s | ETA: --[.#........] | Progress: 336 | Time: 0.1s | ETA: --[..#.......] | Progress: 689 | Time: 0.1s | ETA: --[##########] | Progress: 923 | Time: 0.1s | ETA: --fit<>, fid</home/chun/projects/clineage-simulation/analysis/tmc-910648/tmc-002/case-18/triplets-list.raw.txt>, flg<treeReconstruction.log>, frt<resTree.tree>, frtN</home/chun/projects/clineage-simulation/analysis/tmc-910648/tmc-002/case-18/reconstructed.tmp.newick>, fsd<qqq.dat>, fst<simul.tree>, -->index=2
Read triplets from file...
Read triplets from file...Finished
N_triplets = 839, idMaxFound = 21
treeBuildBasedOnTriplets_run...
make_isTogetherInTripletAndDeleteExtraTriplets: Finished
maxCut with 21 nodes: Finished
maxCut with 18 nodes: Finished
maxCut with 17 nodes: Finished
maxCut with 11 nodes: Finished
treeBuildBasedOnTriplets_run...Finished
Saving tree to file...
Saving tree to file...Finished

                            < M A T L A B (R) >
                  Copyright 1984-2017 The MathWorks, Inc.
                   R2017a (9.2.0.538062) 64-bit (glnxa64)
                             February 23, 2017

 
To get started, type one of these: helpwin, helpdesk, or demo.
For product information, visit www.mathworks.com.
 
TreeCmp version build2

Active options:
Type of the analysis:  ref-to-all comparison mode (-r)
Metrics:
  1. MatchingCluster (mc)
  2. R-F_Cluster (rc)
  3. NodalSplitted (ns)
  4. Triples (tt)
  5. MatchingPair (mp)
  6. MAST (mt)
  7. CopheneticL2Metric (co)
Input file: /home/chun/projects/clineage-simulation/analysis/tmc-910648/tmc-002/case-18/reconstructed.newick
Output file: /home/chun/projects/clineage-simulation/analysis/tmc-910648/tmc-002/case-18/scores.raw.out
Additional options:
N - Report normalized distances.
P - Prune compared trees if needed (trees can have different leaf sets).
I - Include summary section in the output file.
-----
2018-06-19 08:04:09: Start of reading random statistics.
2018-06-19 08:04:09: End of reading random statistics.
2018-06-19 08:04:09: Start of scanning input file: /home/chun/projects/clineage-simulation/analysis/tmc-910648/tmc-002/case-18/reconstructed.newick
2018-06-19 08:04:09: End of scanning input file: /home/chun/projects/clineage-simulation/analysis/tmc-910648/tmc-002/case-18/reconstructed.newick
2018-06-19 08:04:09: 1 valid trees found in file: /home/chun/projects/clineage-simulation/analysis/tmc-910648/tmc-002/case-18/reconstructed.newick
2018-06-19 08:04:09: Start of calculation...please wait...
2018-06-19 08:04:09: 0.00% completed...
2018-06-19 08:04:09: 100.00% completed.
2018-06-19 08:04:09: End of calculation.
2018-06-19 08:04:09: Total calculation time: 29 ms.
                               metrics
No                              1.0000
RefTree                         1.0000
Tree                            1.0000
RefTree_taxa                   21.0000
Tree_taxa                      21.0000
Common_taxa                    21.0000
MatchingCluster                69.0000
MatchingCluster_toYuleAvg       0.7533
MatchingCluster_toUnifAvg       0.6523
R-F_Cluster                    15.0000
R-F_Cluster_toYuleAvg           0.7991
R-F_Cluster_toUnifAvg           0.7958
NodalSplitted                  51.0098
NodalSplitted_toYuleAvg         0.8284
NodalSplitted_toUnifAvg         0.6554
Triples                       726.0000
Triples_toYuleAvg               0.8176
Triples_toUnifAvg               0.8191
MatchingPair                  121.0000
MatchingPair_toYuleAvg          0.8102
MatchingPair_toUnifAvg          0.8266
MAST                           13.0000
MAST_toYuleAvg                  0.9171
MAST_toUnifAvg                  0.9106
CopheneticL2Metric             32.5423
CopheneticL2Metric_toYuleAvg    0.6839
CopheneticL2Metric_toUnifAvg    0.5633

                 Name         Avg  Std         Min         Max  Count
0     MatchingCluster   69.000000  0.0   69.000000   69.000000      1
1         R-F_Cluster   15.000000  0.0   15.000000   15.000000      1
2       NodalSplitted   51.009803  0.0   51.009803   51.009803      1
3             Triples  726.000000  0.0  726.000000  726.000000      1
4        MatchingPair  121.000000  0.0  121.000000  121.000000      1
5                MAST   13.000000  0.0   13.000000   13.000000      1
6  CopheneticL2Metric   32.542280  0.0   32.542280   32.542280      1
