                               metrics
No                              1.0000
RefTree                         1.0000
Tree                            1.0000
RefTree_taxa                   18.0000
Tree_taxa                      18.0000
Common_taxa                    18.0000
MatchingCluster                55.0000
MatchingCluster_toYuleAvg       0.7742
MatchingCluster_toUnifAvg       0.6839
R-F_Cluster                    12.5000
R-F_Cluster_toYuleAvg           0.7918
R-F_Cluster_toUnifAvg           0.7899
NodalSplitted                  33.6601
NodalSplitted_toYuleAvg         0.6771
NodalSplitted_toUnifAvg         0.5553
Triples                       477.0000
Triples_toYuleAvg               0.8725
Triples_toUnifAvg               0.8785
MatchingPair                   94.0000
MatchingPair_toYuleAvg          0.8836
MatchingPair_toUnifAvg          0.9038
MAST                           11.0000
MAST_toYuleAvg                  0.9372
MAST_toUnifAvg                  0.9347
CopheneticL2Metric             24.3721
CopheneticL2Metric_toYuleAvg    0.6212
CopheneticL2Metric_toUnifAvg    0.5392

                 Name         Avg  Std         Min         Max  Count
0     MatchingCluster   55.000000  0.0   55.000000   55.000000      1
1         R-F_Cluster   12.500000  0.0   12.500000   12.500000      1
2       NodalSplitted   33.660065  0.0   33.660065   33.660065      1
3             Triples  477.000000  0.0  477.000000  477.000000      1
4        MatchingPair   94.000000  0.0   94.000000   94.000000      1
5                MAST   11.000000  0.0   11.000000   11.000000      1
6  CopheneticL2Metric   24.372115  0.0   24.372115   24.372115      1
