                              metrics
No                             1.0000
RefTree                        1.0000
Tree                           1.0000
RefTree_taxa                  19.0000
Tree_taxa                     19.0000
Common_taxa                   19.0000
MatchingCluster                5.0000
MatchingCluster_toYuleAvg      0.0645
MatchingCluster_toUnifAvg      0.0563
R-F_Cluster                    1.0000
R-F_Cluster_toYuleAvg          0.0597
R-F_Cluster_toUnifAvg          0.0594
NodalSplitted                  9.0554
NodalSplitted_toYuleAvg        0.1684
NodalSplitted_toUnifAvg        0.1373
Triples                        3.0000
Triples_toYuleAvg              0.0047
Triples_toUnifAvg              0.0046
MatchingPair                   3.0000
MatchingPair_toYuleAvg         0.0251
MatchingPair_toUnifAvg         0.0255
MAST                           2.0000
MAST_toYuleAvg                 0.1598
MAST_toUnifAvg                 0.1586
CopheneticL2Metric             3.0000
CopheneticL2Metric_toYuleAvg   0.0711
CopheneticL2Metric_toUnifAvg   0.0609

                 Name       Avg  Std       Min       Max  Count
0     MatchingCluster  5.000000  0.0  5.000000  5.000000      1
1         R-F_Cluster  1.000000  0.0  1.000000  1.000000      1
2       NodalSplitted  9.055385  0.0  9.055385  9.055385      1
3             Triples  3.000000  0.0  3.000000  3.000000      1
4        MatchingPair  3.000000  0.0  3.000000  3.000000      1
5                MAST  2.000000  0.0  2.000000  2.000000      1
6  CopheneticL2Metric  3.000000  0.0  3.000000  3.000000      1
