                               metrics
No                              1.0000
RefTree                         1.0000
Tree                            1.0000
RefTree_taxa                   20.0000
Tree_taxa                      20.0000
Common_taxa                    20.0000
MatchingCluster                30.0000
MatchingCluster_toYuleAvg       0.3522
MatchingCluster_toUnifAvg       0.3084
R-F_Cluster                     5.0000
R-F_Cluster_toYuleAvg           0.2815
R-F_Cluster_toUnifAvg           0.2802
NodalSplitted                  24.8193
NodalSplitted_toYuleAvg         0.4265
NodalSplitted_toUnifAvg         0.3454
Triples                       256.0000
Triples_toYuleAvg               0.3349
Triples_toUnifAvg               0.3370
MatchingPair                   70.0000
MatchingPair_toYuleAvg          0.5203
MatchingPair_toUnifAvg          0.5320
MAST                            8.0000
MAST_toYuleAvg                  0.5997
MAST_toUnifAvg                  0.5946
CopheneticL2Metric             14.3527
CopheneticL2Metric_toYuleAvg    0.3232
CopheneticL2Metric_toUnifAvg    0.2642

                 Name         Avg  Std         Min         Max  Count
0     MatchingCluster   30.000000  0.0   30.000000   30.000000      1
1         R-F_Cluster    5.000000  0.0    5.000000    5.000000      1
2       NodalSplitted   24.819347  0.0   24.819347   24.819347      1
3             Triples  256.000000  0.0  256.000000  256.000000      1
4        MatchingPair   70.000000  0.0   70.000000   70.000000      1
5                MAST    8.000000  0.0    8.000000    8.000000      1
6  CopheneticL2Metric   14.352700  0.0   14.352700   14.352700      1
