                               metrics
No                              1.0000
RefTree                         1.0000
Tree                            1.0000
RefTree_taxa                   18.0000
Tree_taxa                      18.0000
Common_taxa                    18.0000
MatchingCluster                57.0000
MatchingCluster_toYuleAvg       0.8023
MatchingCluster_toUnifAvg       0.7088
R-F_Cluster                    12.0000
R-F_Cluster_toYuleAvg           0.7602
R-F_Cluster_toUnifAvg           0.7583
NodalSplitted                  39.0256
NodalSplitted_toYuleAvg         0.7850
NodalSplitted_toUnifAvg         0.6438
Triples                       556.0000
Triples_toYuleAvg               1.0170
Triples_toUnifAvg               1.0240
MatchingPair                   91.0000
MatchingPair_toYuleAvg          0.8554
MatchingPair_toUnifAvg          0.8749
MAST                           13.0000
MAST_toYuleAvg                  1.1076
MAST_toUnifAvg                  1.1046
CopheneticL2Metric             22.4277
CopheneticL2Metric_toYuleAvg    0.5716
CopheneticL2Metric_toUnifAvg    0.4962

                 Name         Avg  Std         Min         Max  Count
0     MatchingCluster   57.000000  0.0   57.000000   57.000000      1
1         R-F_Cluster   12.000000  0.0   12.000000   12.000000      1
2       NodalSplitted   39.025633  0.0   39.025633   39.025633      1
3             Triples  556.000000  0.0  556.000000  556.000000      1
4        MatchingPair   91.000000  0.0   91.000000   91.000000      1
5                MAST   13.000000  0.0   13.000000   13.000000      1
6  CopheneticL2Metric   22.427661  0.0   22.427661   22.427661      1
