                              metrics
No                             1.0000
RefTree                        1.0000
Tree                           1.0000
RefTree_taxa                  22.0000
Tree_taxa                     22.0000
Common_taxa                   22.0000
MatchingCluster               17.0000
MatchingCluster_toYuleAvg      0.1720
MatchingCluster_toUnifAvg      0.1468
R-F_Cluster                    4.0000
R-F_Cluster_toYuleAvg          0.2023
R-F_Cluster_toUnifAvg          0.2014
NodalSplitted                 20.7123
NodalSplitted_toYuleAvg        0.3109
NodalSplitted_toUnifAvg        0.2434
Triples                       23.0000
Triples_toYuleAvg              0.0224
Triples_toUnifAvg              0.0223
MatchingPair                  12.0000
MatchingPair_toYuleAvg         0.0728
MatchingPair_toUnifAvg         0.0741
MAST                           5.0000
MAST_toYuleAvg                 0.3334
MAST_toUnifAvg                 0.3310
CopheneticL2Metric             8.7178
CopheneticL2Metric_toYuleAvg   0.1715
CopheneticL2Metric_toUnifAvg   0.1389

                 Name        Avg  Std        Min        Max  Count
0     MatchingCluster  17.000000  0.0  17.000000  17.000000      1
1         R-F_Cluster   4.000000  0.0   4.000000   4.000000      1
2       NodalSplitted  20.712315  0.0  20.712315  20.712315      1
3             Triples  23.000000  0.0  23.000000  23.000000      1
4        MatchingPair  12.000000  0.0  12.000000  12.000000      1
5                MAST   5.000000  0.0   5.000000   5.000000      1
6  CopheneticL2Metric   8.717798  0.0   8.717798   8.717798      1
