                               metrics
No                              1.0000
RefTree                         1.0000
Tree                            1.0000
RefTree_taxa                   14.0000
Tree_taxa                      14.0000
Common_taxa                    14.0000
MatchingCluster                36.0000
MatchingCluster_toYuleAvg       0.7706
MatchingCluster_toUnifAvg       0.7135
R-F_Cluster                     9.5000
R-F_Cluster_toYuleAvg           0.8067
R-F_Cluster_toUnifAvg           0.8041
NodalSplitted                  27.1293
NodalSplitted_toYuleAvg         0.7808
NodalSplitted_toUnifAvg         0.6948
Triples                       197.0000
Triples_toYuleAvg               0.8107
Triples_toUnifAvg               0.8127
MatchingPair                   57.0000
MatchingPair_toYuleAvg          0.9479
MatchingPair_toUnifAvg          0.9651
MAST                            8.0000
MAST_toYuleAvg                  0.9430
MAST_toUnifAvg                  0.9338
CopheneticL2Metric             19.6977
CopheneticL2Metric_toYuleAvg    0.7196
CopheneticL2Metric_toUnifAvg    0.6456

                 Name         Avg  Std         Min         Max  Count
0     MatchingCluster   36.000000  0.0   36.000000   36.000000      1
1         R-F_Cluster    9.500000  0.0    9.500000    9.500000      1
2       NodalSplitted   27.129320  0.0   27.129320   27.129320      1
3             Triples  197.000000  0.0  197.000000  197.000000      1
4        MatchingPair   57.000000  0.0   57.000000   57.000000      1
5                MAST    8.000000  0.0    8.000000    8.000000      1
6  CopheneticL2Metric   19.697716  0.0   19.697716   19.697716      1
