                              metrics
No                             1.0000
RefTree                        1.0000
Tree                           1.0000
RefTree_taxa                  21.0000
Tree_taxa                     21.0000
Common_taxa                   21.0000
MatchingCluster               11.0000
MatchingCluster_toYuleAvg      0.1201
MatchingCluster_toUnifAvg      0.1040
R-F_Cluster                    2.5000
R-F_Cluster_toYuleAvg          0.1332
R-F_Cluster_toUnifAvg          0.1326
NodalSplitted                 13.7840
NodalSplitted_toYuleAvg        0.2239
NodalSplitted_toUnifAvg        0.1771
Triples                       11.0000
Triples_toYuleAvg              0.0124
Triples_toUnifAvg              0.0124
MatchingPair                   7.0000
MatchingPair_toYuleAvg         0.0469
MatchingPair_toUnifAvg         0.0478
MAST                           3.0000
MAST_toYuleAvg                 0.2116
MAST_toUnifAvg                 0.2101
CopheneticL2Metric             5.4772
CopheneticL2Metric_toYuleAvg   0.1151
CopheneticL2Metric_toUnifAvg   0.0948

                 Name        Avg  Std        Min        Max  Count
0     MatchingCluster  11.000000  0.0  11.000000  11.000000      1
1         R-F_Cluster   2.500000  0.0   2.500000   2.500000      1
2       NodalSplitted  13.784049  0.0  13.784049  13.784049      1
3             Triples  11.000000  0.0  11.000000  11.000000      1
4        MatchingPair   7.000000  0.0   7.000000   7.000000      1
5                MAST   3.000000  0.0   3.000000   3.000000      1
6  CopheneticL2Metric   5.477226  0.0   5.477226   5.477226      1
