                              metrics
No                             1.0000
RefTree                        1.0000
Tree                           1.0000
RefTree_taxa                  20.0000
Tree_taxa                     20.0000
Common_taxa                   20.0000
MatchingCluster               22.0000
MatchingCluster_toYuleAvg      0.2582
MatchingCluster_toUnifAvg      0.2261
R-F_Cluster                    6.0000
R-F_Cluster_toYuleAvg          0.3378
R-F_Cluster_toUnifAvg          0.3362
NodalSplitted                 26.5707
NodalSplitted_toYuleAvg        0.4566
NodalSplitted_toUnifAvg        0.3697
Triples                       26.0000
Triples_toYuleAvg              0.0340
Triples_toUnifAvg              0.0342
MatchingPair                  15.0000
MatchingPair_toYuleAvg         0.1115
MatchingPair_toUnifAvg         0.1140
MAST                           5.0000
MAST_toYuleAvg                 0.3748
MAST_toUnifAvg                 0.3716
CopheneticL2Metric            11.0000
CopheneticL2Metric_toYuleAvg   0.2477
CopheneticL2Metric_toUnifAvg   0.2025

                 Name        Avg  Std        Min        Max  Count
0     MatchingCluster  22.000000  0.0  22.000000  22.000000      1
1         R-F_Cluster   6.000000  0.0   6.000000   6.000000      1
2       NodalSplitted  26.570661  0.0  26.570661  26.570661      1
3             Triples  26.000000  0.0  26.000000  26.000000      1
4        MatchingPair  15.000000  0.0  15.000000  15.000000      1
5                MAST   5.000000  0.0   5.000000   5.000000      1
6  CopheneticL2Metric  11.000000  0.0  11.000000  11.000000      1
