                               metrics
No                              1.0000
RefTree                         1.0000
Tree                            1.0000
RefTree_taxa                   23.0000
Tree_taxa                      23.0000
Common_taxa                    23.0000
MatchingCluster                50.0000
MatchingCluster_toYuleAvg       0.4716
MatchingCluster_toUnifAvg       0.4034
R-F_Cluster                    12.5000
R-F_Cluster_toYuleAvg           0.6016
R-F_Cluster_toUnifAvg           0.6004
NodalSplitted                  32.4654
NodalSplitted_toYuleAvg         0.4602
NodalSplitted_toUnifAvg         0.3622
Triples                       604.0000
Triples_toYuleAvg               0.5111
Triples_toUnifAvg               0.5133
MatchingPair                  134.0000
MatchingPair_toYuleAvg          0.7341
MatchingPair_toUnifAvg          0.7501
MAST                           13.0000
MAST_toYuleAvg                  0.8194
MAST_toUnifAvg                  0.8118
CopheneticL2Metric             19.7737
CopheneticL2Metric_toYuleAvg    0.3650
CopheneticL2Metric_toUnifAvg    0.2928

                 Name         Avg  Std         Min         Max  Count
0     MatchingCluster   50.000000  0.0   50.000000   50.000000      1
1         R-F_Cluster   12.500000  0.0   12.500000   12.500000      1
2       NodalSplitted   32.465366  0.0   32.465366   32.465366      1
3             Triples  604.000000  0.0  604.000000  604.000000      1
4        MatchingPair  134.000000  0.0  134.000000  134.000000      1
5                MAST   13.000000  0.0   13.000000   13.000000      1
6  CopheneticL2Metric   19.773720  0.0   19.773720   19.773720      1
