                              metrics
No                             1.0000
RefTree                        1.0000
Tree                           1.0000
RefTree_taxa                  22.0000
Tree_taxa                     22.0000
Common_taxa                   22.0000
MatchingCluster               21.0000
MatchingCluster_toYuleAvg      0.2125
MatchingCluster_toUnifAvg      0.1813
R-F_Cluster                    4.5000
R-F_Cluster_toYuleAvg          0.2276
R-F_Cluster_toUnifAvg          0.2266
NodalSplitted                 24.4745
NodalSplitted_toYuleAvg        0.3674
NodalSplitted_toUnifAvg        0.2877
Triples                       34.0000
Triples_toYuleAvg              0.0331
Triples_toUnifAvg              0.0330
MatchingPair                  16.0000
MatchingPair_toYuleAvg         0.0971
MatchingPair_toUnifAvg         0.0988
MAST                           4.0000
MAST_toYuleAvg                 0.2667
MAST_toUnifAvg                 0.2648
CopheneticL2Metric            11.7047
CopheneticL2Metric_toYuleAvg   0.2303
CopheneticL2Metric_toUnifAvg   0.1865

                 Name        Avg  Std        Min        Max  Count
0     MatchingCluster  21.000000  0.0  21.000000  21.000000      1
1         R-F_Cluster   4.500000  0.0   4.500000   4.500000      1
2       NodalSplitted  24.474477  0.0  24.474477  24.474477      1
3             Triples  34.000000  0.0  34.000000  34.000000      1
4        MatchingPair  16.000000  0.0  16.000000  16.000000      1
5                MAST   4.000000  0.0   4.000000   4.000000      1
6  CopheneticL2Metric  11.704700  0.0  11.704700  11.704700      1
