                              metrics
No                             1.0000
RefTree                        1.0000
Tree                           1.0000
RefTree_taxa                  14.0000
Tree_taxa                     14.0000
Common_taxa                   14.0000
MatchingCluster                6.0000
MatchingCluster_toYuleAvg      0.1284
MatchingCluster_toUnifAvg      0.1189
R-F_Cluster                    2.0000
R-F_Cluster_toYuleAvg          0.1698
R-F_Cluster_toUnifAvg          0.1693
NodalSplitted                  8.6023
NodalSplitted_toYuleAvg        0.2476
NodalSplitted_toUnifAvg        0.2203
Triples                        4.0000
Triples_toYuleAvg              0.0165
Triples_toUnifAvg              0.0165
MatchingPair                   4.0000
MatchingPair_toYuleAvg         0.0665
MatchingPair_toUnifAvg         0.0677
MAST                           2.0000
MAST_toYuleAvg                 0.2357
MAST_toUnifAvg                 0.2335
CopheneticL2Metric             3.7417
CopheneticL2Metric_toYuleAvg   0.1367
CopheneticL2Metric_toUnifAvg   0.1226

                 Name       Avg  Std       Min       Max  Count
0     MatchingCluster  6.000000  0.0  6.000000  6.000000      1
1         R-F_Cluster  2.000000  0.0  2.000000  2.000000      1
2       NodalSplitted  8.602325  0.0  8.602325  8.602325      1
3             Triples  4.000000  0.0  4.000000  4.000000      1
4        MatchingPair  4.000000  0.0  4.000000  4.000000      1
5                MAST  2.000000  0.0  2.000000  2.000000      1
6  CopheneticL2Metric  3.741657  0.0  3.741657  3.741657      1
