                              metrics
No                             1.0000
RefTree                        1.0000
Tree                           1.0000
RefTree_taxa                  18.0000
Tree_taxa                     18.0000
Common_taxa                   18.0000
MatchingCluster               16.0000
MatchingCluster_toYuleAvg      0.2252
MatchingCluster_toUnifAvg      0.1990
R-F_Cluster                    3.0000
R-F_Cluster_toYuleAvg          0.1900
R-F_Cluster_toUnifAvg          0.1896
NodalSplitted                 17.4356
NodalSplitted_toYuleAvg        0.3507
NodalSplitted_toUnifAvg        0.2876
Triples                       17.0000
Triples_toYuleAvg              0.0311
Triples_toUnifAvg              0.0313
MatchingPair                  12.0000
MatchingPair_toYuleAvg         0.1128
MatchingPair_toUnifAvg         0.1154
MAST                           4.0000
MAST_toYuleAvg                 0.3408
MAST_toUnifAvg                 0.3399
CopheneticL2Metric             8.0000
CopheneticL2Metric_toYuleAvg   0.2039
CopheneticL2Metric_toUnifAvg   0.1770

                 Name        Avg  Std        Min        Max  Count
0     MatchingCluster  16.000000  0.0  16.000000  16.000000      1
1         R-F_Cluster   3.000000  0.0   3.000000   3.000000      1
2       NodalSplitted  17.435596  0.0  17.435596  17.435596      1
3             Triples  17.000000  0.0  17.000000  17.000000      1
4        MatchingPair  12.000000  0.0  12.000000  12.000000      1
5                MAST   4.000000  0.0   4.000000   4.000000      1
6  CopheneticL2Metric   8.000000  0.0   8.000000   8.000000      1
