
                            < M A T L A B (R) >
                  Copyright 1984-2017 The MathWorks, Inc.
                   R2017a (9.2.0.538062) 64-bit (glnxa64)
                             February 23, 2017

 
To get started, type one of these: helpwin, helpdesk, or demo.
For product information, visit www.mathworks.com.
 
Running "Run1", Seed: 145539
 *** Finished Simulation Run ***

config-15.json #############################################

[#.........] | Progress: 1 | Time: 0.0s | ETA: --[.#........] | Progress: 108 | Time: 0.1s | ETA: --[..#.......] | Progress: 216 | Time: 0.1s | ETA: --[...#......] | Progress: 323 | Time: 0.2s | ETA: --[....#.....] | Progress: 428 | Time: 0.2s | ETA: --[.....#....] | Progress: 533 | Time: 0.3s | ETA: --[##########] | Progress: 552 | Time: 0.3s | ETA: --fit<>, fid</home/chun/projects/clineage-simulation/analysis/tmc-145539/tmc-006/case-15/triplets-list.raw.txt>, flg<treeReconstruction.log>, frt<resTree.tree>, frtN</home/chun/projects/clineage-simulation/analysis/tmc-145539/tmc-006/case-15/reconstructed.tmp.newick>, fsd<qqq.dat>, fst<simul.tree>, -->index=2
Read triplets from file...
Read triplets from file...Finished
N_triplets = 551, idMaxFound = 18
treeBuildBasedOnTriplets_run...
make_isTogetherInTripletAndDeleteExtraTriplets: Finished
maxCut with 18 nodes: Finished
maxCut with 9 nodes: Finished
maxCut with 5 nodes: Finished
maxCut with 9 nodes: Finished
maxCut with 5 nodes: Finished
treeBuildBasedOnTriplets_run...Finished
Saving tree to file...
Saving tree to file...Finished

                            < M A T L A B (R) >
                  Copyright 1984-2017 The MathWorks, Inc.
                   R2017a (9.2.0.538062) 64-bit (glnxa64)
                             February 23, 2017

 
To get started, type one of these: helpwin, helpdesk, or demo.
For product information, visit www.mathworks.com.
 
TreeCmp version build2

Active options:
Type of the analysis:  ref-to-all comparison mode (-r)
Metrics:
  1. MatchingCluster (mc)
  2. R-F_Cluster (rc)
  3. NodalSplitted (ns)
  4. Triples (tt)
  5. MatchingPair (mp)
  6. MAST (mt)
  7. CopheneticL2Metric (co)
Input file: /home/chun/projects/clineage-simulation/analysis/tmc-145539/tmc-006/case-15/reconstructed.newick
Output file: /home/chun/projects/clineage-simulation/analysis/tmc-145539/tmc-006/case-15/scores.raw.out
Additional options:
N - Report normalized distances.
P - Prune compared trees if needed (trees can have different leaf sets).
I - Include summary section in the output file.
-----
2018-06-19 06:48:36: Start of reading random statistics.
2018-06-19 06:48:36: End of reading random statistics.
2018-06-19 06:48:36: Start of scanning input file: /home/chun/projects/clineage-simulation/analysis/tmc-145539/tmc-006/case-15/reconstructed.newick
2018-06-19 06:48:36: End of scanning input file: /home/chun/projects/clineage-simulation/analysis/tmc-145539/tmc-006/case-15/reconstructed.newick
2018-06-19 06:48:36: 1 valid trees found in file: /home/chun/projects/clineage-simulation/analysis/tmc-145539/tmc-006/case-15/reconstructed.newick
2018-06-19 06:48:36: Start of calculation...please wait...
2018-06-19 06:48:36: 0.00% completed...
2018-06-19 06:48:36: 100.00% completed.
2018-06-19 06:48:36: End of calculation.
2018-06-19 06:48:36: Total calculation time: 22 ms.
                              metrics
No                             1.0000
RefTree                        1.0000
Tree                           1.0000
RefTree_taxa                  18.0000
Tree_taxa                     18.0000
Common_taxa                   18.0000
MatchingCluster                5.0000
MatchingCluster_toYuleAvg      0.0704
MatchingCluster_toUnifAvg      0.0622
R-F_Cluster                    1.5000
R-F_Cluster_toYuleAvg          0.0950
R-F_Cluster_toUnifAvg          0.0948
NodalSplitted                  9.0000
NodalSplitted_toYuleAvg        0.1810
NodalSplitted_toUnifAvg        0.1485
Triples                        4.0000
Triples_toYuleAvg              0.0073
Triples_toUnifAvg              0.0074
MatchingPair                   3.0000
MatchingPair_toYuleAvg         0.0282
MatchingPair_toUnifAvg         0.0288
MAST                           2.0000
MAST_toYuleAvg                 0.1704
MAST_toUnifAvg                 0.1699
CopheneticL2Metric             3.1623
CopheneticL2Metric_toYuleAvg   0.0806
CopheneticL2Metric_toUnifAvg   0.0700

                 Name       Avg  Std       Min       Max  Count
0     MatchingCluster  5.000000  0.0  5.000000  5.000000      1
1         R-F_Cluster  1.500000  0.0  1.500000  1.500000      1
2       NodalSplitted  9.000000  0.0  9.000000  9.000000      1
3             Triples  4.000000  0.0  4.000000  4.000000      1
4        MatchingPair  3.000000  0.0  3.000000  3.000000      1
5                MAST  2.000000  0.0  2.000000  2.000000      1
6  CopheneticL2Metric  3.162278  0.0  3.162278  3.162278      1
