
                            < M A T L A B (R) >
                  Copyright 1984-2017 The MathWorks, Inc.
                   R2017a (9.2.0.538062) 64-bit (glnxa64)
                             February 23, 2017

 
To get started, type one of these: helpwin, helpdesk, or demo.
For product information, visit www.mathworks.com.
 
Running "Run1", Seed: 145539
 *** Finished Simulation Run ***

config-19.json #############################################

[#.........] | Progress: 1 | Time: 0.0s | ETA: --[.#........] | Progress: 99 | Time: 0.1s | ETA: --[..#.......] | Progress: 197 | Time: 0.1s | ETA: --[...#......] | Progress: 296 | Time: 0.2s | ETA: --[....#.....] | Progress: 396 | Time: 0.2s | ETA: --[.....#....] | Progress: 494 | Time: 0.3s | ETA: --[......#...] | Progress: 591 | Time: 0.3s | ETA: --[.......#..] | Progress: 688 | Time: 0.4s | ETA: --[........#.] | Progress: 785 | Time: 0.4s | ETA: --[.........#] | Progress: 880 | Time: 0.5s | ETA: --[........#.] | Progress: 975 | Time: 0.5s | ETA: --[##########] | Progress: 1046 | Time: 0.5s | ETA: --fit<>, fid</home/chun/projects/clineage-simulation/analysis/tmc-145539/tmc-006/case-19/triplets-list.raw.txt>, flg<treeReconstruction.log>, frt<resTree.tree>, frtN</home/chun/projects/clineage-simulation/analysis/tmc-145539/tmc-006/case-19/reconstructed.tmp.newick>, fsd<qqq.dat>, fst<simul.tree>, -->index=2
Read triplets from file...
Read triplets from file...Finished
N_triplets = 1044, idMaxFound = 22
treeBuildBasedOnTriplets_run...
make_isTogetherInTripletAndDeleteExtraTriplets: Finished
maxCut with 22 nodes: Finished
maxCut with 11 nodes: Finished
maxCut with 8 nodes: Finished
maxCut with 5 nodes: Finished
maxCut with 11 nodes: Finished
maxCut with 7 nodes: Finished
treeBuildBasedOnTriplets_run...Finished
Saving tree to file...
Saving tree to file...Finished

                            < M A T L A B (R) >
                  Copyright 1984-2017 The MathWorks, Inc.
                   R2017a (9.2.0.538062) 64-bit (glnxa64)
                             February 23, 2017

 
To get started, type one of these: helpwin, helpdesk, or demo.
For product information, visit www.mathworks.com.
 
TreeCmp version build2

Active options:
Type of the analysis:  ref-to-all comparison mode (-r)
Metrics:
  1. MatchingCluster (mc)
  2. R-F_Cluster (rc)
  3. NodalSplitted (ns)
  4. Triples (tt)
  5. MatchingPair (mp)
  6. MAST (mt)
  7. CopheneticL2Metric (co)
Input file: /home/chun/projects/clineage-simulation/analysis/tmc-145539/tmc-006/case-19/reconstructed.newick
Output file: /home/chun/projects/clineage-simulation/analysis/tmc-145539/tmc-006/case-19/scores.raw.out
Additional options:
N - Report normalized distances.
P - Prune compared trees if needed (trees can have different leaf sets).
I - Include summary section in the output file.
-----
2018-06-19 06:48:40: Start of reading random statistics.
2018-06-19 06:48:40: End of reading random statistics.
2018-06-19 06:48:40: Start of scanning input file: /home/chun/projects/clineage-simulation/analysis/tmc-145539/tmc-006/case-19/reconstructed.newick
2018-06-19 06:48:40: End of scanning input file: /home/chun/projects/clineage-simulation/analysis/tmc-145539/tmc-006/case-19/reconstructed.newick
2018-06-19 06:48:40: 1 valid trees found in file: /home/chun/projects/clineage-simulation/analysis/tmc-145539/tmc-006/case-19/reconstructed.newick
2018-06-19 06:48:40: Start of calculation...please wait...
2018-06-19 06:48:40: 0.00% completed...
2018-06-19 06:48:40: 100.00% completed.
2018-06-19 06:48:40: End of calculation.
2018-06-19 06:48:40: Total calculation time: 28 ms.
                              metrics
No                             1.0000
RefTree                        1.0000
Tree                           1.0000
RefTree_taxa                  22.0000
Tree_taxa                     22.0000
Common_taxa                   22.0000
MatchingCluster               16.0000
MatchingCluster_toYuleAvg      0.1619
MatchingCluster_toUnifAvg      0.1382
R-F_Cluster                    5.0000
R-F_Cluster_toYuleAvg          0.2529
R-F_Cluster_toUnifAvg          0.2518
NodalSplitted                 18.9209
NodalSplitted_toYuleAvg        0.2840
NodalSplitted_toUnifAvg        0.2224
Triples                       43.0000
Triples_toYuleAvg              0.0419
Triples_toUnifAvg              0.0418
MatchingPair                  17.0000
MatchingPair_toYuleAvg         0.1032
MatchingPair_toUnifAvg         0.1050
MAST                           4.0000
MAST_toYuleAvg                 0.2667
MAST_toUnifAvg                 0.2648
CopheneticL2Metric             7.7460
CopheneticL2Metric_toYuleAvg   0.1524
CopheneticL2Metric_toUnifAvg   0.1234

                 Name        Avg  Std        Min        Max  Count
0     MatchingCluster  16.000000  0.0  16.000000  16.000000      1
1         R-F_Cluster   5.000000  0.0   5.000000   5.000000      1
2       NodalSplitted  18.920888  0.0  18.920888  18.920888      1
3             Triples  43.000000  0.0  43.000000  43.000000      1
4        MatchingPair  17.000000  0.0  17.000000  17.000000      1
5                MAST   4.000000  0.0   4.000000   4.000000      1
6  CopheneticL2Metric   7.745967  0.0   7.745967   7.745967      1
