
                            < M A T L A B (R) >
                  Copyright 1984-2017 The MathWorks, Inc.
                   R2017a (9.2.0.538062) 64-bit (glnxa64)
                             February 23, 2017

 
To get started, type one of these: helpwin, helpdesk, or demo.
For product information, visit www.mathworks.com.
 
Running "Run1", Seed: 145539
 *** Finished Simulation Run ***

config-16.json #############################################

[#.........] | Progress: 1 | Time: 0.0s | ETA: --[.#........] | Progress: 104 | Time: 0.1s | ETA: --[..#.......] | Progress: 209 | Time: 0.1s | ETA: --[...#......] | Progress: 315 | Time: 0.2s | ETA: --[....#.....] | Progress: 418 | Time: 0.2s | ETA: --[.....#....] | Progress: 519 | Time: 0.3s | ETA: --[......#...] | Progress: 622 | Time: 0.3s | ETA: --[##########] | Progress: 667 | Time: 0.3s | ETA: --fit<>, fid</home/chun/projects/clineage-simulation/analysis/tmc-145539/tmc-006/case-16/triplets-list.raw.txt>, flg<treeReconstruction.log>, frt<resTree.tree>, frtN</home/chun/projects/clineage-simulation/analysis/tmc-145539/tmc-006/case-16/reconstructed.tmp.newick>, fsd<qqq.dat>, fst<simul.tree>, -->index=2
Read triplets from file...
Read triplets from file...Finished
N_triplets = 664, idMaxFound = 19
treeBuildBasedOnTriplets_run...
make_isTogetherInTripletAndDeleteExtraTriplets: Finished
maxCut with 19 nodes: Finished
maxCut with 9 nodes: Finished
maxCut with 5 nodes: Finished
maxCut with 10 nodes: Finished
maxCut with 5 nodes: Finished
treeBuildBasedOnTriplets_run...Finished
Saving tree to file...
Saving tree to file...Finished

                            < M A T L A B (R) >
                  Copyright 1984-2017 The MathWorks, Inc.
                   R2017a (9.2.0.538062) 64-bit (glnxa64)
                             February 23, 2017

 
To get started, type one of these: helpwin, helpdesk, or demo.
For product information, visit www.mathworks.com.
 
TreeCmp version build2

Active options:
Type of the analysis:  ref-to-all comparison mode (-r)
Metrics:
  1. MatchingCluster (mc)
  2. R-F_Cluster (rc)
  3. NodalSplitted (ns)
  4. Triples (tt)
  5. MatchingPair (mp)
  6. MAST (mt)
  7. CopheneticL2Metric (co)
Input file: /home/chun/projects/clineage-simulation/analysis/tmc-145539/tmc-006/case-16/reconstructed.newick
Output file: /home/chun/projects/clineage-simulation/analysis/tmc-145539/tmc-006/case-16/scores.raw.out
Additional options:
N - Report normalized distances.
P - Prune compared trees if needed (trees can have different leaf sets).
I - Include summary section in the output file.
-----
2018-06-19 06:48:38: Start of reading random statistics.
2018-06-19 06:48:38: End of reading random statistics.
2018-06-19 06:48:38: Start of scanning input file: /home/chun/projects/clineage-simulation/analysis/tmc-145539/tmc-006/case-16/reconstructed.newick
2018-06-19 06:48:38: End of scanning input file: /home/chun/projects/clineage-simulation/analysis/tmc-145539/tmc-006/case-16/reconstructed.newick
2018-06-19 06:48:38: 1 valid trees found in file: /home/chun/projects/clineage-simulation/analysis/tmc-145539/tmc-006/case-16/reconstructed.newick
2018-06-19 06:48:38: Start of calculation...please wait...
2018-06-19 06:48:38: 0.00% completed...
2018-06-19 06:48:38: 100.00% completed.
2018-06-19 06:48:38: End of calculation.
2018-06-19 06:48:38: Total calculation time: 25 ms.
                              metrics
No                             1.0000
RefTree                        1.0000
Tree                           1.0000
RefTree_taxa                  19.0000
Tree_taxa                     19.0000
Common_taxa                   19.0000
MatchingCluster               10.0000
MatchingCluster_toYuleAvg      0.1290
MatchingCluster_toUnifAvg      0.1125
R-F_Cluster                    3.0000
R-F_Cluster_toYuleAvg          0.1791
R-F_Cluster_toUnifAvg          0.1782
NodalSplitted                 15.3623
NodalSplitted_toYuleAvg        0.2856
NodalSplitted_toUnifAvg        0.2329
Triples                        9.0000
Triples_toYuleAvg              0.0140
Triples_toUnifAvg              0.0139
MatchingPair                   6.0000
MatchingPair_toYuleAvg         0.0501
MatchingPair_toUnifAvg         0.0509
MAST                           4.0000
MAST_toYuleAvg                 0.3196
MAST_toUnifAvg                 0.3171
CopheneticL2Metric             5.3852
CopheneticL2Metric_toYuleAvg   0.1276
CopheneticL2Metric_toUnifAvg   0.1093

                 Name        Avg  Std        Min        Max  Count
0     MatchingCluster  10.000000  0.0  10.000000  10.000000      1
1         R-F_Cluster   3.000000  0.0   3.000000   3.000000      1
2       NodalSplitted  15.362291  0.0  15.362291  15.362291      1
3             Triples   9.000000  0.0   9.000000   9.000000      1
4        MatchingPair   6.000000  0.0   6.000000   6.000000      1
5                MAST   4.000000  0.0   4.000000   4.000000      1
6  CopheneticL2Metric   5.385165  0.0   5.385165   5.385165      1
