
                            < M A T L A B (R) >
                  Copyright 1984-2017 The MathWorks, Inc.
                   R2017a (9.2.0.538062) 64-bit (glnxa64)
                             February 23, 2017

 
To get started, type one of these: helpwin, helpdesk, or demo.
For product information, visit www.mathworks.com.
 
Running "Run1", Seed: 145539
 *** Finished Simulation Run ***

config-20.json #############################################

[#.........] | Progress: 1 | Time: 0.0s | ETA: --[.#........] | Progress: 105 | Time: 0.1s | ETA: --[..#.......] | Progress: 206 | Time: 0.1s | ETA: --[...#......] | Progress: 311 | Time: 0.2s | ETA: --[....#.....] | Progress: 413 | Time: 0.2s | ETA: --[.....#....] | Progress: 518 | Time: 0.3s | ETA: --[......#...] | Progress: 620 | Time: 0.3s | ETA: --[.......#..] | Progress: 722 | Time: 0.4s | ETA: --[........#.] | Progress: 824 | Time: 0.4s | ETA: --[.........#] | Progress: 926 | Time: 0.5s | ETA: --[........#.] | Progress: 1029 | Time: 0.5s | ETA: --[.......#..] | Progress: 1131 | Time: 0.6s | ETA: --[##########] | Progress: 1202 | Time: 0.6s | ETA: --fit<>, fid</home/chun/projects/clineage-simulation/analysis/tmc-145539/tmc-006/case-20/triplets-list.raw.txt>, flg<treeReconstruction.log>, frt<resTree.tree>, frtN</home/chun/projects/clineage-simulation/analysis/tmc-145539/tmc-006/case-20/reconstructed.tmp.newick>, fsd<qqq.dat>, fst<simul.tree>, -->index=2
Read triplets from file...
Read triplets from file...Finished
N_triplets = 1198, idMaxFound = 22
treeBuildBasedOnTriplets_run...
make_isTogetherInTripletAndDeleteExtraTriplets: Finished
maxCut with 23 nodes: Finished
maxCut with 11 nodes: Finished
maxCut with 8 nodes: Finished
maxCut with 12 nodes: Finished
maxCut with 8 nodes: Finished
treeBuildBasedOnTriplets_run...Finished
Saving tree to file...
Saving tree to file...Finished

                            < M A T L A B (R) >
                  Copyright 1984-2017 The MathWorks, Inc.
                   R2017a (9.2.0.538062) 64-bit (glnxa64)
                             February 23, 2017

 
To get started, type one of these: helpwin, helpdesk, or demo.
For product information, visit www.mathworks.com.
 
TreeCmp version build2

Active options:
Type of the analysis:  ref-to-all comparison mode (-r)
Metrics:
  1. MatchingCluster (mc)
  2. R-F_Cluster (rc)
  3. NodalSplitted (ns)
  4. Triples (tt)
  5. MatchingPair (mp)
  6. MAST (mt)
  7. CopheneticL2Metric (co)
Input file: /home/chun/projects/clineage-simulation/analysis/tmc-145539/tmc-006/case-20/reconstructed.newick
Output file: /home/chun/projects/clineage-simulation/analysis/tmc-145539/tmc-006/case-20/scores.raw.out
Additional options:
N - Report normalized distances.
P - Prune compared trees if needed (trees can have different leaf sets).
I - Include summary section in the output file.
-----
2018-06-19 06:48:39: Start of reading random statistics.
2018-06-19 06:48:39: End of reading random statistics.
2018-06-19 06:48:39: Start of scanning input file: /home/chun/projects/clineage-simulation/analysis/tmc-145539/tmc-006/case-20/reconstructed.newick
2018-06-19 06:48:39: End of scanning input file: /home/chun/projects/clineage-simulation/analysis/tmc-145539/tmc-006/case-20/reconstructed.newick
2018-06-19 06:48:39: 1 valid trees found in file: /home/chun/projects/clineage-simulation/analysis/tmc-145539/tmc-006/case-20/reconstructed.newick
2018-06-19 06:48:39: Start of calculation...please wait...
2018-06-19 06:48:39: 0.00% completed...
2018-06-19 06:48:39: 100.00% completed.
2018-06-19 06:48:39: End of calculation.
2018-06-19 06:48:39: Total calculation time: 31 ms.
                              metrics
No                             1.0000
RefTree                        1.0000
Tree                           1.0000
RefTree_taxa                  23.0000
Tree_taxa                     23.0000
Common_taxa                   23.0000
MatchingCluster               21.0000
MatchingCluster_toYuleAvg      0.1981
MatchingCluster_toUnifAvg      0.1694
R-F_Cluster                    5.5000
R-F_Cluster_toYuleAvg          0.2647
R-F_Cluster_toUnifAvg          0.2642
NodalSplitted                 24.0000
NodalSplitted_toYuleAvg        0.3402
NodalSplitted_toUnifAvg        0.2677
Triples                       47.0000
Triples_toYuleAvg              0.0398
Triples_toUnifAvg              0.0399
MatchingPair                  20.0000
MatchingPair_toYuleAvg         0.1096
MatchingPair_toUnifAvg         0.1120
MAST                           6.0000
MAST_toYuleAvg                 0.3782
MAST_toUnifAvg                 0.3747
CopheneticL2Metric             9.0554
CopheneticL2Metric_toYuleAvg   0.1672
CopheneticL2Metric_toUnifAvg   0.1341

                 Name        Avg  Std        Min        Max  Count
0     MatchingCluster  21.000000  0.0  21.000000  21.000000      1
1         R-F_Cluster   5.500000  0.0   5.500000   5.500000      1
2       NodalSplitted  24.000000  0.0  24.000000  24.000000      1
3             Triples  47.000000  0.0  47.000000  47.000000      1
4        MatchingPair  20.000000  0.0  20.000000  20.000000      1
5                MAST   6.000000  0.0   6.000000   6.000000      1
6  CopheneticL2Metric   9.055385  0.0   9.055385   9.055385      1
