                              metrics
No                             1.0000
RefTree                        1.0000
Tree                           1.0000
RefTree_taxa                   6.0000
Tree_taxa                      6.0000
Common_taxa                    6.0000
MatchingCluster                6.0000
MatchingCluster_toYuleAvg      0.6633
MatchingCluster_toUnifAvg      0.6553
R-F_Cluster                    2.0000
R-F_Cluster_toYuleAvg          0.5454
R-F_Cluster_toUnifAvg          0.5451
NodalSplitted                  4.8990
NodalSplitted_toYuleAvg        0.6011
NodalSplitted_toUnifAvg        0.5917
Triples                        7.0000
Triples_toYuleAvg              0.5232
Triples_toUnifAvg              0.5180
MatchingPair                   4.0000
MatchingPair_toYuleAvg         0.5317
MatchingPair_toUnifAvg         0.5306
MAST                           2.0000
MAST_toYuleAvg                 0.7968
MAST_toUnifAvg                 0.7955
CopheneticL2Metric             4.3589
CopheneticL2Metric_toYuleAvg   0.6235
CopheneticL2Metric_toUnifAvg   0.6149

                 Name       Avg  Std       Min       Max  Count
0     MatchingCluster  6.000000  0.0  6.000000  6.000000      1
1         R-F_Cluster  2.000000  0.0  2.000000  2.000000      1
2       NodalSplitted  4.898979  0.0  4.898979  4.898979      1
3             Triples  7.000000  0.0  7.000000  7.000000      1
4        MatchingPair  4.000000  0.0  4.000000  4.000000      1
5                MAST  2.000000  0.0  2.000000  2.000000      1
6  CopheneticL2Metric  4.358899  0.0  4.358899  4.358899      1
