                              metrics
No                             1.0000
RefTree                        1.0000
Tree                           1.0000
RefTree_taxa                  21.0000
Tree_taxa                     21.0000
Common_taxa                   21.0000
MatchingCluster               19.0000
MatchingCluster_toYuleAvg      0.2074
MatchingCluster_toUnifAvg      0.1796
R-F_Cluster                    4.5000
R-F_Cluster_toYuleAvg          0.2397
R-F_Cluster_toUnifAvg          0.2387
NodalSplitted                 20.9762
NodalSplitted_toYuleAvg        0.3407
NodalSplitted_toUnifAvg        0.2695
Triples                       23.0000
Triples_toYuleAvg              0.0259
Triples_toUnifAvg              0.0260
MatchingPair                  13.0000
MatchingPair_toYuleAvg         0.0870
MatchingPair_toUnifAvg         0.0888
MAST                           6.0000
MAST_toYuleAvg                 0.4233
MAST_toUnifAvg                 0.4203
CopheneticL2Metric             8.3666
CopheneticL2Metric_toYuleAvg   0.1758
CopheneticL2Metric_toUnifAvg   0.1448

                 Name        Avg  Std        Min        Max  Count
0     MatchingCluster  19.000000  0.0  19.000000  19.000000      1
1         R-F_Cluster   4.500000  0.0   4.500000   4.500000      1
2       NodalSplitted  20.976177  0.0  20.976177  20.976177      1
3             Triples  23.000000  0.0  23.000000  23.000000      1
4        MatchingPair  13.000000  0.0  13.000000  13.000000      1
5                MAST   6.000000  0.0   6.000000   6.000000      1
6  CopheneticL2Metric   8.366600  0.0   8.366600   8.366600      1
