                              metrics
No                             1.0000
RefTree                        1.0000
Tree                           1.0000
RefTree_taxa                  17.0000
Tree_taxa                     17.0000
Common_taxa                   17.0000
MatchingCluster               21.0000
MatchingCluster_toYuleAvg      0.3249
MatchingCluster_toUnifAvg      0.2889
R-F_Cluster                    4.0000
R-F_Cluster_toYuleAvg          0.2708
R-F_Cluster_toUnifAvg          0.2695
NodalSplitted                 25.0599
NodalSplitted_toYuleAvg        0.5467
NodalSplitted_toUnifAvg        0.4577
Triples                       32.0000
Triples_toYuleAvg              0.0705
Triples_toUnifAvg              0.0704
MatchingPair                  17.0000
MatchingPair_toYuleAvg         0.1820
MatchingPair_toUnifAvg         0.1848
MAST                           5.0000
MAST_toYuleAvg                 0.4598
MAST_toUnifAvg                 0.4567
CopheneticL2Metric            13.4907
CopheneticL2Metric_toYuleAvg   0.3756
CopheneticL2Metric_toUnifAvg   0.3264

                 Name        Avg  Std        Min        Max  Count
0     MatchingCluster  21.000000  0.0  21.000000  21.000000      1
1         R-F_Cluster   4.000000  0.0   4.000000   4.000000      1
2       NodalSplitted  25.059928  0.0  25.059928  25.059928      1
3             Triples  32.000000  0.0  32.000000  32.000000      1
4        MatchingPair  17.000000  0.0  17.000000  17.000000      1
5                MAST   5.000000  0.0   5.000000   5.000000      1
6  CopheneticL2Metric  13.490738  0.0  13.490738  13.490738      1
