                               metrics
No                              1.0000
RefTree                         1.0000
Tree                            1.0000
RefTree_taxa                   23.0000
Tree_taxa                      23.0000
Common_taxa                    23.0000
MatchingCluster                46.0000
MatchingCluster_toYuleAvg       0.4338
MatchingCluster_toUnifAvg       0.3712
R-F_Cluster                    10.0000
R-F_Cluster_toYuleAvg           0.4813
R-F_Cluster_toUnifAvg           0.4804
NodalSplitted                  40.5709
NodalSplitted_toYuleAvg         0.5751
NodalSplitted_toUnifAvg         0.4526
Triples                       361.0000
Triples_toYuleAvg               0.3054
Triples_toUnifAvg               0.3068
MatchingPair                   80.0000
MatchingPair_toYuleAvg          0.4383
MatchingPair_toUnifAvg          0.4478
MAST                           10.0000
MAST_toYuleAvg                  0.6303
MAST_toUnifAvg                  0.6245
CopheneticL2Metric             25.0400
CopheneticL2Metric_toYuleAvg    0.4622
CopheneticL2Metric_toUnifAvg    0.3708

                 Name         Avg  Std         Min         Max  Count
0     MatchingCluster   46.000000  0.0   46.000000   46.000000      1
1         R-F_Cluster   10.000000  0.0   10.000000   10.000000      1
2       NodalSplitted   40.570926  0.0   40.570926   40.570926      1
3             Triples  361.000000  0.0  361.000000  361.000000      1
4        MatchingPair   80.000000  0.0   80.000000   80.000000      1
5                MAST   10.000000  0.0   10.000000   10.000000      1
6  CopheneticL2Metric   25.039968  0.0   25.039968   25.039968      1
