                              metrics
No                             1.0000
RefTree                        1.0000
Tree                           1.0000
RefTree_taxa                   8.0000
Tree_taxa                      8.0000
Common_taxa                    8.0000
MatchingCluster               11.0000
MatchingCluster_toYuleAvg      0.6715
MatchingCluster_toUnifAvg      0.6464
R-F_Cluster                    4.0000
R-F_Cluster_toYuleAvg          0.6999
R-F_Cluster_toUnifAvg          0.6941
NodalSplitted                  8.5440
NodalSplitted_toYuleAvg        0.6226
NodalSplitted_toUnifAvg        0.5909
Triples                       33.0000
Triples_toYuleAvg              0.8919
Triples_toUnifAvg              0.8729
MatchingPair                  14.0000
MatchingPair_toYuleAvg         0.8824
MatchingPair_toUnifAvg         0.8792
MAST                           3.0000
MAST_toYuleAvg                 0.7702
MAST_toUnifAvg                 0.7647
CopheneticL2Metric             5.3852
CopheneticL2Metric_toYuleAvg   0.4726
CopheneticL2Metric_toUnifAvg   0.4562

                 Name        Avg  Std        Min        Max  Count
0     MatchingCluster  11.000000  0.0  11.000000  11.000000      1
1         R-F_Cluster   4.000000  0.0   4.000000   4.000000      1
2       NodalSplitted   8.544004  0.0   8.544004   8.544004      1
3             Triples  33.000000  0.0  33.000000  33.000000      1
4        MatchingPair  14.000000  0.0  14.000000  14.000000      1
5                MAST   3.000000  0.0   3.000000   3.000000      1
6  CopheneticL2Metric   5.385165  0.0   5.385165   5.385165      1
