                              metrics
No                             1.0000
RefTree                        1.0000
Tree                           1.0000
RefTree_taxa                  12.0000
Tree_taxa                     12.0000
Common_taxa                   12.0000
MatchingCluster               15.0000
MatchingCluster_toYuleAvg      0.4225
MatchingCluster_toUnifAvg      0.3967
R-F_Cluster                    2.5000
R-F_Cluster_toYuleAvg          0.2564
R-F_Cluster_toUnifAvg          0.2554
NodalSplitted                 10.4403
NodalSplitted_toYuleAvg        0.3833
NodalSplitted_toUnifAvg        0.3489
Triples                       61.0000
Triples_toYuleAvg              0.4144
Triples_toUnifAvg              0.4157
MatchingPair                  22.0000
MatchingPair_toYuleAvg         0.5201
MatchingPair_toUnifAvg         0.5270
MAST                           4.0000
MAST_toYuleAvg                 0.5805
MAST_toUnifAvg                 0.5748
CopheneticL2Metric             9.1652
CopheneticL2Metric_toYuleAvg   0.4228
CopheneticL2Metric_toUnifAvg   0.3890

                 Name        Avg  Std        Min        Max  Count
0     MatchingCluster  15.000000  0.0  15.000000  15.000000      1
1         R-F_Cluster   2.500000  0.0   2.500000   2.500000      1
2       NodalSplitted  10.440307  0.0  10.440307  10.440307      1
3             Triples  61.000000  0.0  61.000000  61.000000      1
4        MatchingPair  22.000000  0.0  22.000000  22.000000      1
5                MAST   4.000000  0.0   4.000000   4.000000      1
6  CopheneticL2Metric   9.165151  0.0   9.165151   9.165151      1
