                              metrics
No                             1.0000
RefTree                        1.0000
Tree                           1.0000
RefTree_taxa                  14.0000
Tree_taxa                     14.0000
Common_taxa                   14.0000
MatchingCluster               15.0000
MatchingCluster_toYuleAvg      0.3211
MatchingCluster_toUnifAvg      0.2973
R-F_Cluster                    2.0000
R-F_Cluster_toYuleAvg          0.1698
R-F_Cluster_toUnifAvg          0.1693
NodalSplitted                 11.0905
NodalSplitted_toYuleAvg        0.3192
NodalSplitted_toUnifAvg        0.2840
Triples                       51.0000
Triples_toYuleAvg              0.2099
Triples_toUnifAvg              0.2104
MatchingPair                  19.0000
MatchingPair_toYuleAvg         0.3160
MatchingPair_toUnifAvg         0.3217
MAST                           4.0000
MAST_toYuleAvg                 0.4715
MAST_toUnifAvg                 0.4669
CopheneticL2Metric             9.4868
CopheneticL2Metric_toYuleAvg   0.3466
CopheneticL2Metric_toUnifAvg   0.3109

                 Name        Avg  Std        Min        Max  Count
0     MatchingCluster  15.000000  0.0  15.000000  15.000000      1
1         R-F_Cluster   2.000000  0.0   2.000000   2.000000      1
2       NodalSplitted  11.090537  0.0  11.090537  11.090537      1
3             Triples  51.000000  0.0  51.000000  51.000000      1
4        MatchingPair  19.000000  0.0  19.000000  19.000000      1
5                MAST   4.000000  0.0   4.000000   4.000000      1
6  CopheneticL2Metric   9.486833  0.0   9.486833   9.486833      1
