                               metrics
No                              1.0000
RefTree                         1.0000
Tree                            1.0000
RefTree_taxa                   17.0000
Tree_taxa                      17.0000
Common_taxa                    17.0000
MatchingCluster                25.0000
MatchingCluster_toYuleAvg       0.3868
MatchingCluster_toUnifAvg       0.3439
R-F_Cluster                     5.0000
R-F_Cluster_toYuleAvg           0.3385
R-F_Cluster_toUnifAvg           0.3368
NodalSplitted                  19.7484
NodalSplitted_toYuleAvg         0.4308
NodalSplitted_toUnifAvg         0.3607
Triples                       184.0000
Triples_toYuleAvg               0.4053
Triples_toUnifAvg               0.4046
MatchingPair                   54.0000
MatchingPair_toYuleAvg          0.5780
MatchingPair_toUnifAvg          0.5870
MAST                            7.0000
MAST_toYuleAvg                  0.6437
MAST_toUnifAvg                  0.6394
CopheneticL2Metric             13.0384
CopheneticL2Metric_toYuleAvg    0.3630
CopheneticL2Metric_toUnifAvg    0.3154

                 Name         Avg  Std         Min         Max  Count
0     MatchingCluster   25.000000  0.0   25.000000   25.000000      1
1         R-F_Cluster    5.000000  0.0    5.000000    5.000000      1
2       NodalSplitted   19.748418  0.0   19.748418   19.748418      1
3             Triples  184.000000  0.0  184.000000  184.000000      1
4        MatchingPair   54.000000  0.0   54.000000   54.000000      1
5                MAST    7.000000  0.0    7.000000    7.000000      1
6  CopheneticL2Metric   13.038405  0.0   13.038405   13.038405      1
