
                            < M A T L A B (R) >
                  Copyright 1984-2017 The MathWorks, Inc.
                   R2017a (9.2.0.538062) 64-bit (glnxa64)
                             February 23, 2017

 
To get started, type one of these: helpwin, helpdesk, or demo.
For product information, visit www.mathworks.com.
 
Running "Run1", Seed: 910648
 *** Finished Simulation Run ***

config-18.json #############################################

[#.........] | Progress: 1 | Time: 0.0s | ETA: --[.#........] | Progress: 131 | Time: 0.1s | ETA: --[..#.......] | Progress: 267 | Time: 0.1s | ETA: --[...#......] | Progress: 403 | Time: 0.2s | ETA: --[....#.....] | Progress: 537 | Time: 0.2s | ETA: --[.....#....] | Progress: 668 | Time: 0.3s | ETA: --[......#...] | Progress: 801 | Time: 0.3s | ETA: --[##########] | Progress: 906 | Time: 0.3s | ETA: --fit<>, fid</home/chun/projects/clineage-simulation/analysis/tmc-910648/tmc-005/case-18/triplets-list.raw.txt>, flg<treeReconstruction.log>, frt<resTree.tree>, frtN</home/chun/projects/clineage-simulation/analysis/tmc-910648/tmc-005/case-18/reconstructed.tmp.newick>, fsd<qqq.dat>, fst<simul.tree>, -->index=2
Read triplets from file...
Read triplets from file...Finished
N_triplets = 899, idMaxFound = 21
treeBuildBasedOnTriplets_run...
make_isTogetherInTripletAndDeleteExtraTriplets: Finished
maxCut with 21 nodes: Finished
maxCut with 12 nodes: Finished
maxCut with 8 nodes: Finished
maxCut with 9 nodes: Finished
maxCut with 8 nodes: Finished
treeBuildBasedOnTriplets_run...Finished
Saving tree to file...
Saving tree to file...Finished

                            < M A T L A B (R) >
                  Copyright 1984-2017 The MathWorks, Inc.
                   R2017a (9.2.0.538062) 64-bit (glnxa64)
                             February 23, 2017

 
To get started, type one of these: helpwin, helpdesk, or demo.
For product information, visit www.mathworks.com.
 
TreeCmp version build2

Active options:
Type of the analysis:  ref-to-all comparison mode (-r)
Metrics:
  1. MatchingCluster (mc)
  2. R-F_Cluster (rc)
  3. NodalSplitted (ns)
  4. Triples (tt)
  5. MatchingPair (mp)
  6. MAST (mt)
  7. CopheneticL2Metric (co)
Input file: /home/chun/projects/clineage-simulation/analysis/tmc-910648/tmc-005/case-18/reconstructed.newick
Output file: /home/chun/projects/clineage-simulation/analysis/tmc-910648/tmc-005/case-18/scores.raw.out
Additional options:
N - Report normalized distances.
P - Prune compared trees if needed (trees can have different leaf sets).
I - Include summary section in the output file.
-----
2018-06-18 21:45:59: Start of reading random statistics.
2018-06-18 21:45:59: End of reading random statistics.
2018-06-18 21:45:59: Start of scanning input file: /home/chun/projects/clineage-simulation/analysis/tmc-910648/tmc-005/case-18/reconstructed.newick
2018-06-18 21:45:59: End of scanning input file: /home/chun/projects/clineage-simulation/analysis/tmc-910648/tmc-005/case-18/reconstructed.newick
2018-06-18 21:45:59: 1 valid trees found in file: /home/chun/projects/clineage-simulation/analysis/tmc-910648/tmc-005/case-18/reconstructed.newick
2018-06-18 21:45:59: Start of calculation...please wait...
2018-06-18 21:45:59: 0.00% completed...
2018-06-18 21:45:59: 100.00% completed.
2018-06-18 21:45:59: End of calculation.
2018-06-18 21:45:59: Total calculation time: 31 ms.
                              metrics
No                             1.0000
RefTree                        1.0000
Tree                           1.0000
RefTree_taxa                  21.0000
Tree_taxa                     21.0000
Common_taxa                   21.0000
MatchingCluster               12.0000
MatchingCluster_toYuleAvg      0.1310
MatchingCluster_toUnifAvg      0.1135
R-F_Cluster                    4.5000
R-F_Cluster_toYuleAvg          0.2397
R-F_Cluster_toUnifAvg          0.2387
NodalSplitted                 14.8997
NodalSplitted_toYuleAvg        0.2420
NodalSplitted_toUnifAvg        0.1914
Triples                       15.0000
Triples_toYuleAvg              0.0169
Triples_toUnifAvg              0.0169
MatchingPair                  11.0000
MatchingPair_toYuleAvg         0.0737
MatchingPair_toUnifAvg         0.0751
MAST                           4.0000
MAST_toYuleAvg                 0.2822
MAST_toUnifAvg                 0.2802
CopheneticL2Metric             6.0828
CopheneticL2Metric_toYuleAvg   0.1278
CopheneticL2Metric_toUnifAvg   0.1053

                 Name        Avg  Std        Min        Max  Count
0     MatchingCluster  12.000000  0.0  12.000000  12.000000      1
1         R-F_Cluster   4.500000  0.0   4.500000   4.500000      1
2       NodalSplitted  14.899664  0.0  14.899664  14.899664      1
3             Triples  15.000000  0.0  15.000000  15.000000      1
4        MatchingPair  11.000000  0.0  11.000000  11.000000      1
5                MAST   4.000000  0.0   4.000000   4.000000      1
6  CopheneticL2Metric   6.082763  0.0   6.082763   6.082763      1
