
                            < M A T L A B (R) >
                  Copyright 1984-2017 The MathWorks, Inc.
                   R2017a (9.2.0.538062) 64-bit (glnxa64)
                             February 23, 2017

 
To get started, type one of these: helpwin, helpdesk, or demo.
For product information, visit www.mathworks.com.
 
Running "Run1", Seed: 910648
 *** Finished Simulation Run ***

config-07.json #############################################

[#.........] | Progress: 1 | Time: 0.0s | ETA: --[##########] | Progress: 86 | Time: 0.0s | ETA: --fit<>, fid</home/chun/projects/clineage-simulation/analysis/tmc-910648/tmc-005/case-07/triplets-list.raw.txt>, flg<treeReconstruction.log>, frt<resTree.tree>, frtN</home/chun/projects/clineage-simulation/analysis/tmc-910648/tmc-005/case-07/reconstructed.tmp.newick>, fsd<qqq.dat>, fst<simul.tree>, -->index=2
Read triplets from file...
Read triplets from file...Finished
N_triplets = 85, idMaxFound = 10
treeBuildBasedOnTriplets_run...
make_isTogetherInTripletAndDeleteExtraTriplets: Finished
maxCut with 10 nodes: Finished
maxCut with 7 nodes: Finished
maxCut with 4 nodes: Finished
treeBuildBasedOnTriplets_run...Finished
Saving tree to file...
Saving tree to file...Finished

                            < M A T L A B (R) >
                  Copyright 1984-2017 The MathWorks, Inc.
                   R2017a (9.2.0.538062) 64-bit (glnxa64)
                             February 23, 2017

 
To get started, type one of these: helpwin, helpdesk, or demo.
For product information, visit www.mathworks.com.
 
TreeCmp version build2

Active options:
Type of the analysis:  ref-to-all comparison mode (-r)
Metrics:
  1. MatchingCluster (mc)
  2. R-F_Cluster (rc)
  3. NodalSplitted (ns)
  4. Triples (tt)
  5. MatchingPair (mp)
  6. MAST (mt)
  7. CopheneticL2Metric (co)
Input file: /home/chun/projects/clineage-simulation/analysis/tmc-910648/tmc-005/case-07/reconstructed.newick
Output file: /home/chun/projects/clineage-simulation/analysis/tmc-910648/tmc-005/case-07/scores.raw.out
Additional options:
N - Report normalized distances.
P - Prune compared trees if needed (trees can have different leaf sets).
I - Include summary section in the output file.
-----
2018-06-18 21:45:55: Start of reading random statistics.
2018-06-18 21:45:55: End of reading random statistics.
2018-06-18 21:45:55: Start of scanning input file: /home/chun/projects/clineage-simulation/analysis/tmc-910648/tmc-005/case-07/reconstructed.newick
2018-06-18 21:45:55: End of scanning input file: /home/chun/projects/clineage-simulation/analysis/tmc-910648/tmc-005/case-07/reconstructed.newick
2018-06-18 21:45:55: 1 valid trees found in file: /home/chun/projects/clineage-simulation/analysis/tmc-910648/tmc-005/case-07/reconstructed.newick
2018-06-18 21:45:55: Start of calculation...please wait...
2018-06-18 21:45:55: 0.00% completed...
2018-06-18 21:45:56: 100.00% completed.
2018-06-18 21:45:56: End of calculation.
2018-06-18 21:45:56: Total calculation time: 26 ms.
                              metrics
No                             1.0000
RefTree                        1.0000
Tree                           1.0000
RefTree_taxa                  10.0000
Tree_taxa                     10.0000
Common_taxa                   10.0000
MatchingCluster               12.0000
MatchingCluster_toYuleAvg      0.4722
MatchingCluster_toUnifAvg      0.4539
R-F_Cluster                    3.0000
R-F_Cluster_toYuleAvg          0.3876
R-F_Cluster_toUnifAvg          0.3858
NodalSplitted                  9.0554
NodalSplitted_toYuleAvg        0.4472
NodalSplitted_toUnifAvg        0.4207
Triples                       39.0000
Triples_toYuleAvg              0.4865
Triples_toUnifAvg              0.4908
MatchingPair                  15.0000
MatchingPair_toYuleAvg         0.5423
MatchingPair_toUnifAvg         0.5545
MAST                           4.0000
MAST_toYuleAvg                 0.7431
MAST_toUnifAvg                 0.7475
CopheneticL2Metric             6.4807
CopheneticL2Metric_toYuleAvg   0.3957
CopheneticL2Metric_toUnifAvg   0.3775

                 Name        Avg  Std        Min        Max  Count
0     MatchingCluster  12.000000  0.0  12.000000  12.000000      1
1         R-F_Cluster   3.000000  0.0   3.000000   3.000000      1
2       NodalSplitted   9.055385  0.0   9.055385   9.055385      1
3             Triples  39.000000  0.0  39.000000  39.000000      1
4        MatchingPair  15.000000  0.0  15.000000  15.000000      1
5                MAST   4.000000  0.0   4.000000   4.000000      1
6  CopheneticL2Metric   6.480741  0.0   6.480741   6.480741      1
