
                            < M A T L A B (R) >
                  Copyright 1984-2017 The MathWorks, Inc.
                   R2017a (9.2.0.538062) 64-bit (glnxa64)
                             February 23, 2017

 
To get started, type one of these: helpwin, helpdesk, or demo.
For product information, visit www.mathworks.com.
 
Running "Run1", Seed: 910648
 *** Finished Simulation Run ***

config-19.json #############################################

[#.........] | Progress: 1 | Time: 0.0s | ETA: --[.#........] | Progress: 82 | Time: 0.1s | ETA: --[..#.......] | Progress: 217 | Time: 0.1s | ETA: --[...#......] | Progress: 303 | Time: 0.2s | ETA: --[....#.....] | Progress: 379 | Time: 0.2s | ETA: --[.....#....] | Progress: 456 | Time: 0.3s | ETA: --[......#...] | Progress: 534 | Time: 0.3s | ETA: --[.......#..] | Progress: 609 | Time: 0.4s | ETA: --[........#.] | Progress: 683 | Time: 0.4s | ETA: --[.........#] | Progress: 757 | Time: 0.5s | ETA: --[........#.] | Progress: 831 | Time: 0.5s | ETA: --[.......#..] | Progress: 906 | Time: 0.6s | ETA: --[......#...] | Progress: 980 | Time: 0.6s | ETA: --[##########] | Progress: 1054 | Time: 0.6s | ETA: --fit<>, fid</home/chun/projects/clineage-simulation/analysis/tmc-910648/tmc-005/case-19/triplets-list.raw.txt>, flg<treeReconstruction.log>, frt<resTree.tree>, frtN</home/chun/projects/clineage-simulation/analysis/tmc-910648/tmc-005/case-19/reconstructed.tmp.newick>, fsd<qqq.dat>, fst<simul.tree>, -->index=2
Read triplets from file...
Read triplets from file...Finished
N_triplets = 1044, idMaxFound = 22
treeBuildBasedOnTriplets_run...
make_isTogetherInTripletAndDeleteExtraTriplets: Finished
maxCut with 22 nodes: Finished
maxCut with 10 nodes: Finished
maxCut with 9 nodes: Finished
maxCut with 7 nodes: Finished
maxCut with 12 nodes: Finished
maxCut with 8 nodes: Finished
maxCut with 5 nodes: Finished
treeBuildBasedOnTriplets_run...Finished
Saving tree to file...
Saving tree to file...Finished

                            < M A T L A B (R) >
                  Copyright 1984-2017 The MathWorks, Inc.
                   R2017a (9.2.0.538062) 64-bit (glnxa64)
                             February 23, 2017

 
To get started, type one of these: helpwin, helpdesk, or demo.
For product information, visit www.mathworks.com.
 
TreeCmp version build2

Active options:
Type of the analysis:  ref-to-all comparison mode (-r)
Metrics:
  1. MatchingCluster (mc)
  2. R-F_Cluster (rc)
  3. NodalSplitted (ns)
  4. Triples (tt)
  5. MatchingPair (mp)
  6. MAST (mt)
  7. CopheneticL2Metric (co)
Input file: /home/chun/projects/clineage-simulation/analysis/tmc-910648/tmc-005/case-19/reconstructed.newick
Output file: /home/chun/projects/clineage-simulation/analysis/tmc-910648/tmc-005/case-19/scores.raw.out
Additional options:
N - Report normalized distances.
P - Prune compared trees if needed (trees can have different leaf sets).
I - Include summary section in the output file.
-----
2018-06-18 21:46:04: Start of reading random statistics.
2018-06-18 21:46:05: End of reading random statistics.
2018-06-18 21:46:05: Start of scanning input file: /home/chun/projects/clineage-simulation/analysis/tmc-910648/tmc-005/case-19/reconstructed.newick
2018-06-18 21:46:05: End of scanning input file: /home/chun/projects/clineage-simulation/analysis/tmc-910648/tmc-005/case-19/reconstructed.newick
2018-06-18 21:46:05: 1 valid trees found in file: /home/chun/projects/clineage-simulation/analysis/tmc-910648/tmc-005/case-19/reconstructed.newick
2018-06-18 21:46:05: Start of calculation...please wait...
2018-06-18 21:46:05: 0.00% completed...
2018-06-18 21:46:05: 100.00% completed.
2018-06-18 21:46:05: End of calculation.
2018-06-18 21:46:05: Total calculation time: 31 ms.
                              metrics
No                             1.0000
RefTree                        1.0000
Tree                           1.0000
RefTree_taxa                  22.0000
Tree_taxa                     22.0000
Common_taxa                   22.0000
MatchingCluster                7.0000
MatchingCluster_toYuleAvg      0.0708
MatchingCluster_toUnifAvg      0.0604
R-F_Cluster                    2.5000
R-F_Cluster_toYuleAvg          0.1264
R-F_Cluster_toUnifAvg          0.1259
NodalSplitted                 11.9583
NodalSplitted_toYuleAvg        0.1795
NodalSplitted_toUnifAvg        0.1406
Triples                        4.0000
Triples_toYuleAvg              0.0039
Triples_toUnifAvg              0.0039
MatchingPair                   4.0000
MatchingPair_toYuleAvg         0.0243
MatchingPair_toUnifAvg         0.0247
MAST                           3.0000
MAST_toYuleAvg                 0.2000
MAST_toUnifAvg                 0.1986
CopheneticL2Metric             3.7417
CopheneticL2Metric_toYuleAvg   0.0736
CopheneticL2Metric_toUnifAvg   0.0596

                 Name        Avg  Std        Min        Max  Count
0     MatchingCluster   7.000000  0.0   7.000000   7.000000      1
1         R-F_Cluster   2.500000  0.0   2.500000   2.500000      1
2       NodalSplitted  11.958261  0.0  11.958261  11.958261      1
3             Triples   4.000000  0.0   4.000000   4.000000      1
4        MatchingPair   4.000000  0.0   4.000000   4.000000      1
5                MAST   3.000000  0.0   3.000000   3.000000      1
6  CopheneticL2Metric   3.741657  0.0   3.741657   3.741657      1
