
                            < M A T L A B (R) >
                  Copyright 1984-2017 The MathWorks, Inc.
                   R2017a (9.2.0.538062) 64-bit (glnxa64)
                             February 23, 2017

 
To get started, type one of these: helpwin, helpdesk, or demo.
For product information, visit www.mathworks.com.
 
Running "Run1", Seed: 910648
 *** Finished Simulation Run ***

config-17.json #############################################

[#.........] | Progress: 1 | Time: 0.0s | ETA: --[.#........] | Progress: 81 | Time: 0.1s | ETA: --[..#.......] | Progress: 159 | Time: 0.1s | ETA: --[...#......] | Progress: 260 | Time: 0.2s | ETA: --[....#.....] | Progress: 343 | Time: 0.2s | ETA: --[.....#....] | Progress: 424 | Time: 0.3s | ETA: --[......#...] | Progress: 509 | Time: 0.3s | ETA: --[.......#..] | Progress: 586 | Time: 0.4s | ETA: --[........#.] | Progress: 700 | Time: 0.4s | ETA: --[##########] | Progress: 756 | Time: 0.4s | ETA: --fit<>, fid</home/chun/projects/clineage-simulation/analysis/tmc-910648/tmc-005/case-17/triplets-list.raw.txt>, flg<treeReconstruction.log>, frt<resTree.tree>, frtN</home/chun/projects/clineage-simulation/analysis/tmc-910648/tmc-005/case-17/reconstructed.tmp.newick>, fsd<qqq.dat>, fst<simul.tree>, -->index=2
Read triplets from file...
Read triplets from file...Finished
N_triplets = 750, idMaxFound = 20
treeBuildBasedOnTriplets_run...
make_isTogetherInTripletAndDeleteExtraTriplets: Finished
maxCut with 20 nodes: Finished
maxCut with 8 nodes: Finished
maxCut with 7 nodes: Finished
maxCut with 12 nodes: Finished
maxCut with 8 nodes: Finished
treeBuildBasedOnTriplets_run...Finished
Saving tree to file...
Saving tree to file...Finished

                            < M A T L A B (R) >
                  Copyright 1984-2017 The MathWorks, Inc.
                   R2017a (9.2.0.538062) 64-bit (glnxa64)
                             February 23, 2017

 
To get started, type one of these: helpwin, helpdesk, or demo.
For product information, visit www.mathworks.com.
 
TreeCmp version build2

Active options:
Type of the analysis:  ref-to-all comparison mode (-r)
Metrics:
  1. MatchingCluster (mc)
  2. R-F_Cluster (rc)
  3. NodalSplitted (ns)
  4. Triples (tt)
  5. MatchingPair (mp)
  6. MAST (mt)
  7. CopheneticL2Metric (co)
Input file: /home/chun/projects/clineage-simulation/analysis/tmc-910648/tmc-005/case-17/reconstructed.newick
Output file: /home/chun/projects/clineage-simulation/analysis/tmc-910648/tmc-005/case-17/scores.raw.out
Additional options:
N - Report normalized distances.
P - Prune compared trees if needed (trees can have different leaf sets).
I - Include summary section in the output file.
-----
2018-06-18 21:46:03: Start of reading random statistics.
2018-06-18 21:46:03: End of reading random statistics.
2018-06-18 21:46:03: Start of scanning input file: /home/chun/projects/clineage-simulation/analysis/tmc-910648/tmc-005/case-17/reconstructed.newick
2018-06-18 21:46:03: End of scanning input file: /home/chun/projects/clineage-simulation/analysis/tmc-910648/tmc-005/case-17/reconstructed.newick
2018-06-18 21:46:03: 1 valid trees found in file: /home/chun/projects/clineage-simulation/analysis/tmc-910648/tmc-005/case-17/reconstructed.newick
2018-06-18 21:46:03: Start of calculation...please wait...
2018-06-18 21:46:03: 0.00% completed...
2018-06-18 21:46:03: 100.00% completed.
2018-06-18 21:46:03: End of calculation.
2018-06-18 21:46:03: Total calculation time: 28 ms.
                              metrics
No                             1.0000
RefTree                        1.0000
Tree                           1.0000
RefTree_taxa                  20.0000
Tree_taxa                     20.0000
Common_taxa                   20.0000
MatchingCluster               15.0000
MatchingCluster_toYuleAvg      0.1761
MatchingCluster_toUnifAvg      0.1542
R-F_Cluster                    4.0000
R-F_Cluster_toYuleAvg          0.2252
R-F_Cluster_toUnifAvg          0.2241
NodalSplitted                 18.0278
NodalSplitted_toYuleAvg        0.3098
NodalSplitted_toUnifAvg        0.2509
Triples                       13.0000
Triples_toYuleAvg              0.0170
Triples_toUnifAvg              0.0171
MatchingPair                  11.0000
MatchingPair_toYuleAvg         0.0818
MatchingPair_toUnifAvg         0.0836
MAST                           5.0000
MAST_toYuleAvg                 0.3748
MAST_toUnifAvg                 0.3716
CopheneticL2Metric             6.4807
CopheneticL2Metric_toYuleAvg   0.1459
CopheneticL2Metric_toUnifAvg   0.1193

                 Name        Avg  Std        Min        Max  Count
0     MatchingCluster  15.000000  0.0  15.000000  15.000000      1
1         R-F_Cluster   4.000000  0.0   4.000000   4.000000      1
2       NodalSplitted  18.027756  0.0  18.027756  18.027756      1
3             Triples  13.000000  0.0  13.000000  13.000000      1
4        MatchingPair  11.000000  0.0  11.000000  11.000000      1
5                MAST   5.000000  0.0   5.000000   5.000000      1
6  CopheneticL2Metric   6.480741  0.0   6.480741   6.480741      1
