
                            < M A T L A B (R) >
                  Copyright 1984-2017 The MathWorks, Inc.
                   R2017a (9.2.0.538062) 64-bit (glnxa64)
                             February 23, 2017

 
To get started, type one of these: helpwin, helpdesk, or demo.
For product information, visit www.mathworks.com.
 
Running "Run1", Seed: 910648
 *** Finished Simulation Run ***

config-20.json #############################################

[#.........] | Progress: 1 | Time: 0.0s | ETA: --[.#........] | Progress: 159 | Time: 0.1s | ETA: --[..#.......] | Progress: 320 | Time: 0.1s | ETA: --[...#......] | Progress: 479 | Time: 0.2s | ETA: --[....#.....] | Progress: 636 | Time: 0.2s | ETA: --[.....#....] | Progress: 794 | Time: 0.3s | ETA: --[......#...] | Progress: 950 | Time: 0.3s | ETA: --[.......#..] | Progress: 1104 | Time: 0.4s | ETA: --[##########] | Progress: 1185 | Time: 0.4s | ETA: --fit<>, fid</home/chun/projects/clineage-simulation/analysis/tmc-910648/tmc-005/case-20/triplets-list.raw.txt>, flg<treeReconstruction.log>, frt<resTree.tree>, frtN</home/chun/projects/clineage-simulation/analysis/tmc-910648/tmc-005/case-20/reconstructed.tmp.newick>, fsd<qqq.dat>, fst<simul.tree>, -->index=2
Read triplets from file...
Read triplets from file...Finished
N_triplets = 1176, idMaxFound = 23
treeBuildBasedOnTriplets_run...
make_isTogetherInTripletAndDeleteExtraTriplets: Finished
maxCut with 23 nodes: Finished
maxCut with 13 nodes: Finished
maxCut with 8 nodes: Finished
maxCut with 5 nodes: Finished
maxCut with 10 nodes: Finished
maxCut with 6 nodes: Finished
treeBuildBasedOnTriplets_run...Finished
Saving tree to file...
Saving tree to file...Finished

                            < M A T L A B (R) >
                  Copyright 1984-2017 The MathWorks, Inc.
                   R2017a (9.2.0.538062) 64-bit (glnxa64)
                             February 23, 2017

 
To get started, type one of these: helpwin, helpdesk, or demo.
For product information, visit www.mathworks.com.
 
TreeCmp version build2

Active options:
Type of the analysis:  ref-to-all comparison mode (-r)
Metrics:
  1. MatchingCluster (mc)
  2. R-F_Cluster (rc)
  3. NodalSplitted (ns)
  4. Triples (tt)
  5. MatchingPair (mp)
  6. MAST (mt)
  7. CopheneticL2Metric (co)
Input file: /home/chun/projects/clineage-simulation/analysis/tmc-910648/tmc-005/case-20/reconstructed.newick
Output file: /home/chun/projects/clineage-simulation/analysis/tmc-910648/tmc-005/case-20/scores.raw.out
Additional options:
N - Report normalized distances.
P - Prune compared trees if needed (trees can have different leaf sets).
I - Include summary section in the output file.
-----
2018-06-18 21:45:56: Start of reading random statistics.
2018-06-18 21:45:56: End of reading random statistics.
2018-06-18 21:45:56: Start of scanning input file: /home/chun/projects/clineage-simulation/analysis/tmc-910648/tmc-005/case-20/reconstructed.newick
2018-06-18 21:45:56: End of scanning input file: /home/chun/projects/clineage-simulation/analysis/tmc-910648/tmc-005/case-20/reconstructed.newick
2018-06-18 21:45:56: 1 valid trees found in file: /home/chun/projects/clineage-simulation/analysis/tmc-910648/tmc-005/case-20/reconstructed.newick
2018-06-18 21:45:56: Start of calculation...please wait...
2018-06-18 21:45:56: 0.00% completed...
2018-06-18 21:45:56: 100.00% completed.
2018-06-18 21:45:56: End of calculation.
2018-06-18 21:45:56: Total calculation time: 26 ms.
                               metrics
No                              1.0000
RefTree                         1.0000
Tree                            1.0000
RefTree_taxa                   23.0000
Tree_taxa                      23.0000
Common_taxa                    23.0000
MatchingCluster                28.0000
MatchingCluster_toYuleAvg       0.2641
MatchingCluster_toUnifAvg       0.2259
R-F_Cluster                     7.0000
R-F_Cluster_toYuleAvg           0.3369
R-F_Cluster_toUnifAvg           0.3362
NodalSplitted                  27.6043
NodalSplitted_toYuleAvg         0.3913
NodalSplitted_toUnifAvg         0.3079
Triples                       186.0000
Triples_toYuleAvg               0.1574
Triples_toUnifAvg               0.1581
MatchingPair                   42.0000
MatchingPair_toYuleAvg          0.2301
MatchingPair_toUnifAvg          0.2351
MAST                            7.0000
MAST_toYuleAvg                  0.4412
MAST_toUnifAvg                  0.4371
CopheneticL2Metric             14.7986
CopheneticL2Metric_toYuleAvg    0.2732
CopheneticL2Metric_toUnifAvg    0.2192

                 Name         Avg  Std         Min         Max  Count
0     MatchingCluster   28.000000  0.0   28.000000   28.000000      1
1         R-F_Cluster    7.000000  0.0    7.000000    7.000000      1
2       NodalSplitted   27.604347  0.0   27.604347   27.604347      1
3             Triples  186.000000  0.0  186.000000  186.000000      1
4        MatchingPair   42.000000  0.0   42.000000   42.000000      1
5                MAST    7.000000  0.0    7.000000    7.000000      1
6  CopheneticL2Metric   14.798649  0.0   14.798649   14.798649      1
