
                            < M A T L A B (R) >
                  Copyright 1984-2017 The MathWorks, Inc.
                   R2017a (9.2.0.538062) 64-bit (glnxa64)
                             February 23, 2017

 
To get started, type one of these: helpwin, helpdesk, or demo.
For product information, visit www.mathworks.com.
 
Running "Run1", Seed: 910648
 *** Finished Simulation Run ***

config-08.json #############################################

[#.........] | Progress: 1 | Time: 0.0s | ETA: --[##########] | Progress: 124 | Time: 0.0s | ETA: --fit<>, fid</home/chun/projects/clineage-simulation/analysis/tmc-910648/tmc-005/case-08/triplets-list.raw.txt>, flg<treeReconstruction.log>, frt<resTree.tree>, frtN</home/chun/projects/clineage-simulation/analysis/tmc-910648/tmc-005/case-08/reconstructed.tmp.newick>, fsd<qqq.dat>, fst<simul.tree>, -->index=2
Read triplets from file...
Read triplets from file...Finished
N_triplets = 123, idMaxFound = 10
treeBuildBasedOnTriplets_run...
make_isTogetherInTripletAndDeleteExtraTriplets: Finished
maxCut with 11 nodes: Finished
maxCut with 7 nodes: Finished
treeBuildBasedOnTriplets_run...Finished
Saving tree to file...
Saving tree to file...Finished

                            < M A T L A B (R) >
                  Copyright 1984-2017 The MathWorks, Inc.
                   R2017a (9.2.0.538062) 64-bit (glnxa64)
                             February 23, 2017

 
To get started, type one of these: helpwin, helpdesk, or demo.
For product information, visit www.mathworks.com.
 
TreeCmp version build2

Active options:
Type of the analysis:  ref-to-all comparison mode (-r)
Metrics:
  1. MatchingCluster (mc)
  2. R-F_Cluster (rc)
  3. NodalSplitted (ns)
  4. Triples (tt)
  5. MatchingPair (mp)
  6. MAST (mt)
  7. CopheneticL2Metric (co)
Input file: /home/chun/projects/clineage-simulation/analysis/tmc-910648/tmc-005/case-08/reconstructed.newick
Output file: /home/chun/projects/clineage-simulation/analysis/tmc-910648/tmc-005/case-08/scores.raw.out
Additional options:
N - Report normalized distances.
P - Prune compared trees if needed (trees can have different leaf sets).
I - Include summary section in the output file.
-----
2018-06-19 08:04:11: Start of reading random statistics.
2018-06-19 08:04:11: End of reading random statistics.
2018-06-19 08:04:11: Start of scanning input file: /home/chun/projects/clineage-simulation/analysis/tmc-910648/tmc-005/case-08/reconstructed.newick
2018-06-19 08:04:11: End of scanning input file: /home/chun/projects/clineage-simulation/analysis/tmc-910648/tmc-005/case-08/reconstructed.newick
2018-06-19 08:04:11: 1 valid trees found in file: /home/chun/projects/clineage-simulation/analysis/tmc-910648/tmc-005/case-08/reconstructed.newick
2018-06-19 08:04:11: Start of calculation...please wait...
2018-06-19 08:04:11: 0.00% completed...
2018-06-19 08:04:11: 100.00% completed.
2018-06-19 08:04:11: End of calculation.
2018-06-19 08:04:11: Total calculation time: 22 ms.
                              metrics
No                             1.0000
RefTree                        1.0000
Tree                           1.0000
RefTree_taxa                  11.0000
Tree_taxa                     11.0000
Common_taxa                   11.0000
MatchingCluster               16.0000
MatchingCluster_toYuleAvg      0.5272
MatchingCluster_toUnifAvg      0.5008
R-F_Cluster                    3.5000
R-F_Cluster_toYuleAvg          0.4007
R-F_Cluster_toUnifAvg          0.3976
NodalSplitted                 12.0830
NodalSplitted_toYuleAvg        0.5091
NodalSplitted_toUnifAvg        0.4713
Triples                       54.0000
Triples_toYuleAvg              0.4914
Triples_toUnifAvg              0.4900
MatchingPair                  21.0000
MatchingPair_toYuleAvg         0.6114
MatchingPair_toUnifAvg         0.6166
MAST                           5.0000
MAST_toYuleAvg                 0.8092
MAST_toUnifAvg                 0.8080
CopheneticL2Metric             7.8102
CopheneticL2Metric_toYuleAvg   0.4097
CopheneticL2Metric_toUnifAvg   0.3798

                 Name        Avg  Std        Min        Max  Count
0     MatchingCluster  16.000000  0.0  16.000000  16.000000      1
1         R-F_Cluster   3.500000  0.0   3.500000   3.500000      1
2       NodalSplitted  12.083046  0.0  12.083046  12.083046      1
3             Triples  54.000000  0.0  54.000000  54.000000      1
4        MatchingPair  21.000000  0.0  21.000000  21.000000      1
5                MAST   5.000000  0.0   5.000000   5.000000      1
6  CopheneticL2Metric   7.810250  0.0   7.810250   7.810250      1
