
                            < M A T L A B (R) >
                  Copyright 1984-2017 The MathWorks, Inc.
                   R2017a (9.2.0.538062) 64-bit (glnxa64)
                             February 23, 2017

 
To get started, type one of these: helpwin, helpdesk, or demo.
For product information, visit www.mathworks.com.
 
Running "Run1", Seed: 910648
 *** Finished Simulation Run ***

config-16.json #############################################

[#.........] | Progress: 1 | Time: 0.0s | ETA: --[.#........] | Progress: 136 | Time: 0.1s | ETA: --[..#.......] | Progress: 273 | Time: 0.1s | ETA: --[...#......] | Progress: 409 | Time: 0.2s | ETA: --[....#.....] | Progress: 543 | Time: 0.2s | ETA: --[##########] | Progress: 658 | Time: 0.2s | ETA: --fit<>, fid</home/chun/projects/clineage-simulation/analysis/tmc-910648/tmc-005/case-16/triplets-list.raw.txt>, flg<treeReconstruction.log>, frt<resTree.tree>, frtN</home/chun/projects/clineage-simulation/analysis/tmc-910648/tmc-005/case-16/reconstructed.tmp.newick>, fsd<qqq.dat>, fst<simul.tree>, -->index=2
Read triplets from file...
Read triplets from file...Finished
N_triplets = 648, idMaxFound = 19
treeBuildBasedOnTriplets_run...
make_isTogetherInTripletAndDeleteExtraTriplets: Finished
maxCut with 19 nodes: Finished
maxCut with 11 nodes: Finished
maxCut with 7 nodes: Finished
maxCut with 7 nodes: Finished
maxCut with 4 nodes: Finished
treeBuildBasedOnTriplets_run...Finished
Saving tree to file...
Saving tree to file...Finished

                            < M A T L A B (R) >
                  Copyright 1984-2017 The MathWorks, Inc.
                   R2017a (9.2.0.538062) 64-bit (glnxa64)
                             February 23, 2017

 
To get started, type one of these: helpwin, helpdesk, or demo.
For product information, visit www.mathworks.com.
 
TreeCmp version build2

Active options:
Type of the analysis:  ref-to-all comparison mode (-r)
Metrics:
  1. MatchingCluster (mc)
  2. R-F_Cluster (rc)
  3. NodalSplitted (ns)
  4. Triples (tt)
  5. MatchingPair (mp)
  6. MAST (mt)
  7. CopheneticL2Metric (co)
Input file: /home/chun/projects/clineage-simulation/analysis/tmc-910648/tmc-005/case-16/reconstructed.newick
Output file: /home/chun/projects/clineage-simulation/analysis/tmc-910648/tmc-005/case-16/scores.raw.out
Additional options:
N - Report normalized distances.
P - Prune compared trees if needed (trees can have different leaf sets).
I - Include summary section in the output file.
-----
2018-06-19 08:04:11: Start of reading random statistics.
2018-06-19 08:04:11: End of reading random statistics.
2018-06-19 08:04:11: Start of scanning input file: /home/chun/projects/clineage-simulation/analysis/tmc-910648/tmc-005/case-16/reconstructed.newick
2018-06-19 08:04:11: End of scanning input file: /home/chun/projects/clineage-simulation/analysis/tmc-910648/tmc-005/case-16/reconstructed.newick
2018-06-19 08:04:11: 1 valid trees found in file: /home/chun/projects/clineage-simulation/analysis/tmc-910648/tmc-005/case-16/reconstructed.newick
2018-06-19 08:04:11: Start of calculation...please wait...
2018-06-19 08:04:11: 0.00% completed...
2018-06-19 08:04:12: 100.00% completed.
2018-06-19 08:04:12: End of calculation.
2018-06-19 08:04:12: Total calculation time: 27 ms.
                              metrics
No                             1.0000
RefTree                        1.0000
Tree                           1.0000
RefTree_taxa                  19.0000
Tree_taxa                     19.0000
Common_taxa                   19.0000
MatchingCluster               17.0000
MatchingCluster_toYuleAvg      0.2192
MatchingCluster_toUnifAvg      0.1913
R-F_Cluster                    4.5000
R-F_Cluster_toYuleAvg          0.2687
R-F_Cluster_toUnifAvg          0.2673
NodalSplitted                 17.5499
NodalSplitted_toYuleAvg        0.3263
NodalSplitted_toUnifAvg        0.2660
Triples                       17.0000
Triples_toYuleAvg              0.0264
Triples_toUnifAvg              0.0263
MatchingPair                  12.0000
MatchingPair_toYuleAvg         0.1003
MatchingPair_toUnifAvg         0.1019
MAST                           6.0000
MAST_toYuleAvg                 0.4794
MAST_toUnifAvg                 0.4757
CopheneticL2Metric             6.4031
CopheneticL2Metric_toYuleAvg   0.1517
CopheneticL2Metric_toUnifAvg   0.1300

                 Name        Avg  Std        Min        Max  Count
0     MatchingCluster  17.000000  0.0  17.000000  17.000000      1
1         R-F_Cluster   4.500000  0.0   4.500000   4.500000      1
2       NodalSplitted  17.549929  0.0  17.549929  17.549929      1
3             Triples  17.000000  0.0  17.000000  17.000000      1
4        MatchingPair  12.000000  0.0  12.000000  12.000000      1
5                MAST   6.000000  0.0   6.000000   6.000000      1
6  CopheneticL2Metric   6.403124  0.0   6.403124   6.403124      1
