
                            < M A T L A B (R) >
                  Copyright 1984-2017 The MathWorks, Inc.
                   R2017a (9.2.0.538062) 64-bit (glnxa64)
                             February 23, 2017

 
To get started, type one of these: helpwin, helpdesk, or demo.
For product information, visit www.mathworks.com.
 
Running "Run1", Seed: 910648
 *** Finished Simulation Run ***

config-09.json #############################################

[#.........] | Progress: 1 | Time: 0.0s | ETA: --[.#........] | Progress: 161 | Time: 0.1s | ETA: --[##########] | Progress: 164 | Time: 0.1s | ETA: --fit<>, fid</home/chun/projects/clineage-simulation/analysis/tmc-910648/tmc-005/case-09/triplets-list.raw.txt>, flg<treeReconstruction.log>, frt<resTree.tree>, frtN</home/chun/projects/clineage-simulation/analysis/tmc-910648/tmc-005/case-09/reconstructed.tmp.newick>, fsd<qqq.dat>, fst<simul.tree>, -->index=2
Read triplets from file...
Read triplets from file...Finished
N_triplets = 163, idMaxFound = 11
treeBuildBasedOnTriplets_run...
make_isTogetherInTripletAndDeleteExtraTriplets: Finished
maxCut with 12 nodes: Finished
maxCut with 8 nodes: Finished
treeBuildBasedOnTriplets_run...Finished
Saving tree to file...
Saving tree to file...Finished

                            < M A T L A B (R) >
                  Copyright 1984-2017 The MathWorks, Inc.
                   R2017a (9.2.0.538062) 64-bit (glnxa64)
                             February 23, 2017

 
To get started, type one of these: helpwin, helpdesk, or demo.
For product information, visit www.mathworks.com.
 
TreeCmp version build2

Active options:
Type of the analysis:  ref-to-all comparison mode (-r)
Metrics:
  1. MatchingCluster (mc)
  2. R-F_Cluster (rc)
  3. NodalSplitted (ns)
  4. Triples (tt)
  5. MatchingPair (mp)
  6. MAST (mt)
  7. CopheneticL2Metric (co)
Input file: /home/chun/projects/clineage-simulation/analysis/tmc-910648/tmc-005/case-09/reconstructed.newick
Output file: /home/chun/projects/clineage-simulation/analysis/tmc-910648/tmc-005/case-09/scores.raw.out
Additional options:
N - Report normalized distances.
P - Prune compared trees if needed (trees can have different leaf sets).
I - Include summary section in the output file.
-----
2018-06-19 08:04:07: Start of reading random statistics.
2018-06-19 08:04:07: End of reading random statistics.
2018-06-19 08:04:07: Start of scanning input file: /home/chun/projects/clineage-simulation/analysis/tmc-910648/tmc-005/case-09/reconstructed.newick
2018-06-19 08:04:07: End of scanning input file: /home/chun/projects/clineage-simulation/analysis/tmc-910648/tmc-005/case-09/reconstructed.newick
2018-06-19 08:04:07: 1 valid trees found in file: /home/chun/projects/clineage-simulation/analysis/tmc-910648/tmc-005/case-09/reconstructed.newick
2018-06-19 08:04:07: Start of calculation...please wait...
2018-06-19 08:04:07: 0.00% completed...
2018-06-19 08:04:07: 100.00% completed.
2018-06-19 08:04:07: End of calculation.
2018-06-19 08:04:07: Total calculation time: 29 ms.
                              metrics
No                             1.0000
RefTree                        1.0000
Tree                           1.0000
RefTree_taxa                  12.0000
Tree_taxa                     12.0000
Common_taxa                   12.0000
MatchingCluster               17.0000
MatchingCluster_toYuleAvg      0.4789
MatchingCluster_toUnifAvg      0.4496
R-F_Cluster                    3.5000
R-F_Cluster_toYuleAvg          0.3590
R-F_Cluster_toUnifAvg          0.3575
NodalSplitted                 14.9332
NodalSplitted_toYuleAvg        0.5482
NodalSplitted_toUnifAvg        0.4991
Triples                       66.0000
Triples_toYuleAvg              0.4484
Triples_toUnifAvg              0.4498
MatchingPair                  25.0000
MatchingPair_toYuleAvg         0.5910
MatchingPair_toUnifAvg         0.5989
MAST                           5.0000
MAST_toYuleAvg                 0.7256
MAST_toUnifAvg                 0.7185
CopheneticL2Metric             9.6437
CopheneticL2Metric_toYuleAvg   0.4448
CopheneticL2Metric_toUnifAvg   0.4093

                 Name        Avg  Std        Min        Max  Count
0     MatchingCluster  17.000000  0.0  17.000000  17.000000      1
1         R-F_Cluster   3.500000  0.0   3.500000   3.500000      1
2       NodalSplitted  14.933185  0.0  14.933185  14.933185      1
3             Triples  66.000000  0.0  66.000000  66.000000      1
4        MatchingPair  25.000000  0.0  25.000000  25.000000      1
5                MAST   5.000000  0.0   5.000000   5.000000      1
6  CopheneticL2Metric   9.643651  0.0   9.643651   9.643651      1
