
                            < M A T L A B (R) >
                  Copyright 1984-2017 The MathWorks, Inc.
                   R2017a (9.2.0.538062) 64-bit (glnxa64)
                             February 23, 2017

 
To get started, type one of these: helpwin, helpdesk, or demo.
For product information, visit www.mathworks.com.
 
Running "Run1", Seed: 910648
 *** Finished Simulation Run ***

config-06.json #############################################

[#.........] | Progress: 1 | Time: 0.0s | ETA: --[##########] | Progress: 64 | Time: 0.0s | ETA: --fit<>, fid</home/chun/projects/clineage-simulation/analysis/tmc-910648/tmc-005/case-06/triplets-list.raw.txt>, flg<treeReconstruction.log>, frt<resTree.tree>, frtN</home/chun/projects/clineage-simulation/analysis/tmc-910648/tmc-005/case-06/reconstructed.tmp.newick>, fsd<qqq.dat>, fst<simul.tree>, -->index=2
Read triplets from file...
Read triplets from file...Finished
N_triplets = 63, idMaxFound = 8
treeBuildBasedOnTriplets_run...
make_isTogetherInTripletAndDeleteExtraTriplets: Finished
maxCut with 9 nodes: Finished
maxCut with 7 nodes: Finished
treeBuildBasedOnTriplets_run...Finished
Saving tree to file...
Saving tree to file...Finished

                            < M A T L A B (R) >
                  Copyright 1984-2017 The MathWorks, Inc.
                   R2017a (9.2.0.538062) 64-bit (glnxa64)
                             February 23, 2017

 
To get started, type one of these: helpwin, helpdesk, or demo.
For product information, visit www.mathworks.com.
 
TreeCmp version build2

Active options:
Type of the analysis:  ref-to-all comparison mode (-r)
Metrics:
  1. MatchingCluster (mc)
  2. R-F_Cluster (rc)
  3. NodalSplitted (ns)
  4. Triples (tt)
  5. MatchingPair (mp)
  6. MAST (mt)
  7. CopheneticL2Metric (co)
Input file: /home/chun/projects/clineage-simulation/analysis/tmc-910648/tmc-005/case-06/reconstructed.newick
Output file: /home/chun/projects/clineage-simulation/analysis/tmc-910648/tmc-005/case-06/scores.raw.out
Additional options:
N - Report normalized distances.
P - Prune compared trees if needed (trees can have different leaf sets).
I - Include summary section in the output file.
-----
2018-06-19 08:04:07: Start of reading random statistics.
2018-06-19 08:04:07: End of reading random statistics.
2018-06-19 08:04:07: Start of scanning input file: /home/chun/projects/clineage-simulation/analysis/tmc-910648/tmc-005/case-06/reconstructed.newick
2018-06-19 08:04:07: End of scanning input file: /home/chun/projects/clineage-simulation/analysis/tmc-910648/tmc-005/case-06/reconstructed.newick
2018-06-19 08:04:07: 1 valid trees found in file: /home/chun/projects/clineage-simulation/analysis/tmc-910648/tmc-005/case-06/reconstructed.newick
2018-06-19 08:04:07: Start of calculation...please wait...
2018-06-19 08:04:07: 0.00% completed...
2018-06-19 08:04:07: 100.00% completed.
2018-06-19 08:04:07: End of calculation.
2018-06-19 08:04:07: Total calculation time: 23 ms.
                              metrics
No                             1.0000
RefTree                        1.0000
Tree                           1.0000
RefTree_taxa                   9.0000
Tree_taxa                      9.0000
Common_taxa                    9.0000
MatchingCluster                9.0000
MatchingCluster_toYuleAvg      0.4380
MatchingCluster_toUnifAvg      0.4217
R-F_Cluster                    2.0000
R-F_Cluster_toYuleAvg          0.3001
R-F_Cluster_toUnifAvg          0.2965
NodalSplitted                  7.2111
NodalSplitted_toYuleAvg        0.4262
NodalSplitted_toUnifAvg        0.4046
Triples                       26.0000
Triples_toYuleAvg              0.4650
Triples_toUnifAvg              0.4676
MatchingPair                  10.0000
MatchingPair_toYuleAvg         0.4717
MatchingPair_toUnifAvg         0.4780
MAST                           3.0000
MAST_toYuleAvg                 0.6542
MAST_toUnifAvg                 0.6438
CopheneticL2Metric             5.6569
CopheneticL2Metric_toYuleAvg   0.4050
CopheneticL2Metric_toUnifAvg   0.3906

                 Name        Avg  Std        Min        Max  Count
0     MatchingCluster   9.000000  0.0   9.000000   9.000000      1
1         R-F_Cluster   2.000000  0.0   2.000000   2.000000      1
2       NodalSplitted   7.211103  0.0   7.211103   7.211103      1
3             Triples  26.000000  0.0  26.000000  26.000000      1
4        MatchingPair  10.000000  0.0  10.000000  10.000000      1
5                MAST   3.000000  0.0   3.000000   3.000000      1
6  CopheneticL2Metric   5.656854  0.0   5.656854   5.656854      1
