
                            < M A T L A B (R) >
                  Copyright 1984-2017 The MathWorks, Inc.
                   R2017a (9.2.0.538062) 64-bit (glnxa64)
                             February 23, 2017

 
To get started, type one of these: helpwin, helpdesk, or demo.
For product information, visit www.mathworks.com.
 
Running "Run1", Seed: 910648
 *** Finished Simulation Run ***

config-18.json #############################################

[#.........] | Progress: 1 | Time: 0.0s | ETA: --[.#........] | Progress: 158 | Time: 0.1s | ETA: --[..#.......] | Progress: 317 | Time: 0.1s | ETA: --[...#......] | Progress: 474 | Time: 0.2s | ETA: --[....#.....] | Progress: 628 | Time: 0.2s | ETA: --[.....#....] | Progress: 784 | Time: 0.3s | ETA: --[##########] | Progress: 905 | Time: 0.3s | ETA: --fit<>, fid</home/chun/projects/clineage-simulation/analysis/tmc-910648/tmc-005/case-18/triplets-list.raw.txt>, flg<treeReconstruction.log>, frt<resTree.tree>, frtN</home/chun/projects/clineage-simulation/analysis/tmc-910648/tmc-005/case-18/reconstructed.tmp.newick>, fsd<qqq.dat>, fst<simul.tree>, -->index=2
Read triplets from file...
Read triplets from file...Finished
N_triplets = 895, idMaxFound = 21
treeBuildBasedOnTriplets_run...
make_isTogetherInTripletAndDeleteExtraTriplets: Finished
maxCut with 21 nodes: Finished
maxCut with 12 nodes: Finished
maxCut with 8 nodes: Finished
maxCut with 9 nodes: Finished
maxCut with 8 nodes: Finished
treeBuildBasedOnTriplets_run...Finished
Saving tree to file...
Saving tree to file...Finished

                            < M A T L A B (R) >
                  Copyright 1984-2017 The MathWorks, Inc.
                   R2017a (9.2.0.538062) 64-bit (glnxa64)
                             February 23, 2017

 
To get started, type one of these: helpwin, helpdesk, or demo.
For product information, visit www.mathworks.com.
 
TreeCmp version build2

Active options:
Type of the analysis:  ref-to-all comparison mode (-r)
Metrics:
  1. MatchingCluster (mc)
  2. R-F_Cluster (rc)
  3. NodalSplitted (ns)
  4. Triples (tt)
  5. MatchingPair (mp)
  6. MAST (mt)
  7. CopheneticL2Metric (co)
Input file: /home/chun/projects/clineage-simulation/analysis/tmc-910648/tmc-005/case-18/reconstructed.newick
Output file: /home/chun/projects/clineage-simulation/analysis/tmc-910648/tmc-005/case-18/scores.raw.out
Additional options:
N - Report normalized distances.
P - Prune compared trees if needed (trees can have different leaf sets).
I - Include summary section in the output file.
-----
2018-06-19 08:04:09: Start of reading random statistics.
2018-06-19 08:04:09: End of reading random statistics.
2018-06-19 08:04:09: Start of scanning input file: /home/chun/projects/clineage-simulation/analysis/tmc-910648/tmc-005/case-18/reconstructed.newick
2018-06-19 08:04:09: End of scanning input file: /home/chun/projects/clineage-simulation/analysis/tmc-910648/tmc-005/case-18/reconstructed.newick
2018-06-19 08:04:09: 1 valid trees found in file: /home/chun/projects/clineage-simulation/analysis/tmc-910648/tmc-005/case-18/reconstructed.newick
2018-06-19 08:04:09: Start of calculation...please wait...
2018-06-19 08:04:09: 0.00% completed...
2018-06-19 08:04:09: 100.00% completed.
2018-06-19 08:04:09: End of calculation.
2018-06-19 08:04:09: Total calculation time: 25 ms.
                              metrics
No                             1.0000
RefTree                        1.0000
Tree                           1.0000
RefTree_taxa                  21.0000
Tree_taxa                     21.0000
Common_taxa                   21.0000
MatchingCluster               18.0000
MatchingCluster_toYuleAvg      0.1965
MatchingCluster_toUnifAvg      0.1702
R-F_Cluster                    5.0000
R-F_Cluster_toYuleAvg          0.2664
R-F_Cluster_toUnifAvg          0.2653
NodalSplitted                 22.0907
NodalSplitted_toYuleAvg        0.3588
NodalSplitted_toUnifAvg        0.2838
Triples                       20.0000
Triples_toYuleAvg              0.0225
Triples_toUnifAvg              0.0226
MatchingPair                  13.0000
MatchingPair_toYuleAvg         0.0870
MatchingPair_toUnifAvg         0.0888
MAST                           6.0000
MAST_toYuleAvg                 0.4233
MAST_toUnifAvg                 0.4203
CopheneticL2Metric             7.7460
CopheneticL2Metric_toYuleAvg   0.1628
CopheneticL2Metric_toUnifAvg   0.1341

                 Name        Avg  Std        Min        Max  Count
0     MatchingCluster  18.000000  0.0  18.000000  18.000000      1
1         R-F_Cluster   5.000000  0.0   5.000000   5.000000      1
2       NodalSplitted  22.090722  0.0  22.090722  22.090722      1
3             Triples  20.000000  0.0  20.000000  20.000000      1
4        MatchingPair  13.000000  0.0  13.000000  13.000000      1
5                MAST   6.000000  0.0   6.000000   6.000000      1
6  CopheneticL2Metric   7.745967  0.0   7.745967   7.745967      1
