
                            < M A T L A B (R) >
                  Copyright 1984-2017 The MathWorks, Inc.
                   R2017a (9.2.0.538062) 64-bit (glnxa64)
                             February 23, 2017

 
To get started, type one of these: helpwin, helpdesk, or demo.
For product information, visit www.mathworks.com.
 
Running "Run1", Seed: 910648
 *** Finished Simulation Run ***

config-19.json #############################################

[#.........] | Progress: 1 | Time: 0.0s | ETA: --[.#........] | Progress: 157 | Time: 0.1s | ETA: --[..#.......] | Progress: 315 | Time: 0.1s | ETA: --[...#......] | Progress: 472 | Time: 0.2s | ETA: --[....#.....] | Progress: 628 | Time: 0.2s | ETA: --[.....#....] | Progress: 784 | Time: 0.3s | ETA: --[......#...] | Progress: 939 | Time: 0.3s | ETA: --[##########] | Progress: 1059 | Time: 0.3s | ETA: --fit<>, fid</home/chun/projects/clineage-simulation/analysis/tmc-910648/tmc-005/case-19/triplets-list.raw.txt>, flg<treeReconstruction.log>, frt<resTree.tree>, frtN</home/chun/projects/clineage-simulation/analysis/tmc-910648/tmc-005/case-19/reconstructed.tmp.newick>, fsd<qqq.dat>, fst<simul.tree>, -->index=2
Read triplets from file...
Read triplets from file...Finished
N_triplets = 1047, idMaxFound = 22
treeBuildBasedOnTriplets_run...
make_isTogetherInTripletAndDeleteExtraTriplets: Finished
maxCut with 22 nodes: Finished
maxCut with 9 nodes: Finished
maxCut with 7 nodes: Finished
maxCut with 13 nodes: Finished
maxCut with 8 nodes: Finished
treeBuildBasedOnTriplets_run...Finished
Saving tree to file...
Saving tree to file...Finished

                            < M A T L A B (R) >
                  Copyright 1984-2017 The MathWorks, Inc.
                   R2017a (9.2.0.538062) 64-bit (glnxa64)
                             February 23, 2017

 
To get started, type one of these: helpwin, helpdesk, or demo.
For product information, visit www.mathworks.com.
 
TreeCmp version build2

Active options:
Type of the analysis:  ref-to-all comparison mode (-r)
Metrics:
  1. MatchingCluster (mc)
  2. R-F_Cluster (rc)
  3. NodalSplitted (ns)
  4. Triples (tt)
  5. MatchingPair (mp)
  6. MAST (mt)
  7. CopheneticL2Metric (co)
Input file: /home/chun/projects/clineage-simulation/analysis/tmc-910648/tmc-005/case-19/reconstructed.newick
Output file: /home/chun/projects/clineage-simulation/analysis/tmc-910648/tmc-005/case-19/scores.raw.out
Additional options:
N - Report normalized distances.
P - Prune compared trees if needed (trees can have different leaf sets).
I - Include summary section in the output file.
-----
2018-06-19 08:04:07: Start of reading random statistics.
2018-06-19 08:04:07: End of reading random statistics.
2018-06-19 08:04:07: Start of scanning input file: /home/chun/projects/clineage-simulation/analysis/tmc-910648/tmc-005/case-19/reconstructed.newick
2018-06-19 08:04:07: End of scanning input file: /home/chun/projects/clineage-simulation/analysis/tmc-910648/tmc-005/case-19/reconstructed.newick
2018-06-19 08:04:07: 1 valid trees found in file: /home/chun/projects/clineage-simulation/analysis/tmc-910648/tmc-005/case-19/reconstructed.newick
2018-06-19 08:04:07: Start of calculation...please wait...
2018-06-19 08:04:07: 0.00% completed...
2018-06-19 08:04:07: 100.00% completed.
2018-06-19 08:04:07: End of calculation.
2018-06-19 08:04:07: Total calculation time: 25 ms.
                               metrics
No                              1.0000
RefTree                         1.0000
Tree                            1.0000
RefTree_taxa                   22.0000
Tree_taxa                      22.0000
Common_taxa                    22.0000
MatchingCluster                19.0000
MatchingCluster_toYuleAvg       0.1923
MatchingCluster_toUnifAvg       0.1641
R-F_Cluster                     5.5000
R-F_Cluster_toYuleAvg           0.2782
R-F_Cluster_toUnifAvg           0.2770
NodalSplitted                  19.6214
NodalSplitted_toYuleAvg         0.2946
NodalSplitted_toUnifAvg         0.2306
Triples                       145.0000
Triples_toYuleAvg               0.1413
Triples_toUnifAvg               0.1409
MatchingPair                   26.0000
MatchingPair_toYuleAvg          0.1578
MatchingPair_toUnifAvg          0.1606
MAST                            5.0000
MAST_toYuleAvg                  0.3334
MAST_toUnifAvg                  0.3310
CopheneticL2Metric             10.0499
CopheneticL2Metric_toYuleAvg    0.1977
CopheneticL2Metric_toUnifAvg    0.1601

                 Name         Avg  Std         Min         Max  Count
0     MatchingCluster   19.000000  0.0   19.000000   19.000000      1
1         R-F_Cluster    5.500000  0.0    5.500000    5.500000      1
2       NodalSplitted   19.621417  0.0   19.621417   19.621417      1
3             Triples  145.000000  0.0  145.000000  145.000000      1
4        MatchingPair   26.000000  0.0   26.000000   26.000000      1
5                MAST    5.000000  0.0    5.000000    5.000000      1
6  CopheneticL2Metric   10.049876  0.0   10.049876   10.049876      1
