                              metrics
No                             1.0000
RefTree                        1.0000
Tree                           1.0000
RefTree_taxa                  10.0000
Tree_taxa                     10.0000
Common_taxa                   10.0000
MatchingCluster               17.0000
MatchingCluster_toYuleAvg      0.6689
MatchingCluster_toUnifAvg      0.6430
R-F_Cluster                    7.0000
R-F_Cluster_toYuleAvg          0.9044
R-F_Cluster_toUnifAvg          0.9002
NodalSplitted                 13.3791
NodalSplitted_toYuleAvg        0.6607
NodalSplitted_toUnifAvg        0.6216
Triples                       53.0000
Triples_toYuleAvg              0.6612
Triples_toUnifAvg              0.6670
MatchingPair                  26.0000
MatchingPair_toYuleAvg         0.9401
MatchingPair_toUnifAvg         0.9611
MAST                           5.0000
MAST_toYuleAvg                 0.9289
MAST_toUnifAvg                 0.9344
CopheneticL2Metric             9.1652
CopheneticL2Metric_toYuleAvg   0.5596
CopheneticL2Metric_toUnifAvg   0.5338

                 Name        Avg  Std        Min        Max  Count
0     MatchingCluster  17.000000  0.0  17.000000  17.000000      1
1         R-F_Cluster   7.000000  0.0   7.000000   7.000000      1
2       NodalSplitted  13.379088  0.0  13.379088  13.379088      1
3             Triples  53.000000  0.0  53.000000  53.000000      1
4        MatchingPair  26.000000  0.0  26.000000  26.000000      1
5                MAST   5.000000  0.0   5.000000   5.000000      1
6  CopheneticL2Metric   9.165151  0.0   9.165151   9.165151      1
