                              metrics
No                             1.0000
RefTree                        1.0000
Tree                           1.0000
RefTree_taxa                   9.0000
Tree_taxa                      9.0000
Common_taxa                    9.0000
MatchingCluster                4.0000
MatchingCluster_toYuleAvg      0.1946
MatchingCluster_toUnifAvg      0.1874
R-F_Cluster                    1.0000
R-F_Cluster_toYuleAvg          0.1500
R-F_Cluster_toUnifAvg          0.1482
NodalSplitted                  5.2915
NodalSplitted_toYuleAvg        0.3128
NodalSplitted_toUnifAvg        0.2969
Triples                        2.0000
Triples_toYuleAvg              0.0358
Triples_toUnifAvg              0.0360
MatchingPair                   2.0000
MatchingPair_toYuleAvg         0.0943
MatchingPair_toUnifAvg         0.0956
MAST                           2.0000
MAST_toYuleAvg                 0.4361
MAST_toUnifAvg                 0.4292
CopheneticL2Metric             2.4495
CopheneticL2Metric_toYuleAvg   0.1754
CopheneticL2Metric_toUnifAvg   0.1692

                 Name       Avg  Std       Min       Max  Count
0     MatchingCluster  4.000000  0.0  4.000000  4.000000      1
1         R-F_Cluster  1.000000  0.0  1.000000  1.000000      1
2       NodalSplitted  5.291503  0.0  5.291503  5.291503      1
3             Triples  2.000000  0.0  2.000000  2.000000      1
4        MatchingPair  2.000000  0.0  2.000000  2.000000      1
5                MAST  2.000000  0.0  2.000000  2.000000      1
6  CopheneticL2Metric  2.449490  0.0  2.449490  2.449490      1
