                              metrics
No                             1.0000
RefTree                        1.0000
Tree                           1.0000
RefTree_taxa                  21.0000
Tree_taxa                     21.0000
Common_taxa                   21.0000
MatchingCluster               16.0000
MatchingCluster_toYuleAvg      0.1747
MatchingCluster_toUnifAvg      0.1513
R-F_Cluster                    4.0000
R-F_Cluster_toYuleAvg          0.2131
R-F_Cluster_toUnifAvg          0.2122
NodalSplitted                 18.0000
NodalSplitted_toYuleAvg        0.2923
NodalSplitted_toUnifAvg        0.2313
Triples                       25.0000
Triples_toYuleAvg              0.0282
Triples_toUnifAvg              0.0282
MatchingPair                  13.0000
MatchingPair_toYuleAvg         0.0870
MatchingPair_toUnifAvg         0.0888
MAST                           4.0000
MAST_toYuleAvg                 0.2822
MAST_toUnifAvg                 0.2802
CopheneticL2Metric             8.6023
CopheneticL2Metric_toYuleAvg   0.1808
CopheneticL2Metric_toUnifAvg   0.1489

                 Name        Avg  Std        Min        Max  Count
0     MatchingCluster  16.000000  0.0  16.000000  16.000000      1
1         R-F_Cluster   4.000000  0.0   4.000000   4.000000      1
2       NodalSplitted  18.000000  0.0  18.000000  18.000000      1
3             Triples  25.000000  0.0  25.000000  25.000000      1
4        MatchingPair  13.000000  0.0  13.000000  13.000000      1
5                MAST   4.000000  0.0   4.000000   4.000000      1
6  CopheneticL2Metric   8.602325  0.0   8.602325   8.602325      1
