                               metrics
No                              1.0000
RefTree                         1.0000
Tree                            1.0000
RefTree_taxa                   17.0000
Tree_taxa                      17.0000
Common_taxa                    17.0000
MatchingCluster                49.0000
MatchingCluster_toYuleAvg       0.7581
MatchingCluster_toUnifAvg       0.6741
R-F_Cluster                    11.5000
R-F_Cluster_toYuleAvg           0.7785
R-F_Cluster_toUnifAvg           0.7747
NodalSplitted                  34.1760
NodalSplitted_toYuleAvg         0.7456
NodalSplitted_toUnifAvg         0.6242
Triples                       426.0000
Triples_toYuleAvg               0.9383
Triples_toUnifAvg               0.9367
MatchingPair                   78.0000
MatchingPair_toYuleAvg          0.8348
MatchingPair_toUnifAvg          0.8479
MAST                            8.0000
MAST_toYuleAvg                  0.7357
MAST_toUnifAvg                  0.7307
CopheneticL2Metric             23.2809
CopheneticL2Metric_toYuleAvg    0.6482
CopheneticL2Metric_toUnifAvg    0.5632

                 Name         Avg  Std         Min         Max  Count
0     MatchingCluster   49.000000  0.0   49.000000   49.000000      1
1         R-F_Cluster   11.500000  0.0   11.500000   11.500000      1
2       NodalSplitted   34.176015  0.0   34.176015   34.176015      1
3             Triples  426.000000  0.0  426.000000  426.000000      1
4        MatchingPair   78.000000  0.0   78.000000   78.000000      1
5                MAST    8.000000  0.0    8.000000    8.000000      1
6  CopheneticL2Metric   23.280893  0.0   23.280893   23.280893      1
