                              metrics
No                             1.0000
RefTree                        1.0000
Tree                           1.0000
RefTree_taxa                   8.0000
Tree_taxa                      8.0000
Common_taxa                    8.0000
MatchingCluster                3.0000
MatchingCluster_toYuleAvg      0.1831
MatchingCluster_toUnifAvg      0.1763
R-F_Cluster                    1.0000
R-F_Cluster_toYuleAvg          0.1750
R-F_Cluster_toUnifAvg          0.1735
NodalSplitted                  4.3589
NodalSplitted_toYuleAvg        0.3176
NodalSplitted_toUnifAvg        0.3015
Triples                        4.0000
Triples_toYuleAvg              0.1081
Triples_toUnifAvg              0.1058
MatchingPair                   2.0000
MatchingPair_toYuleAvg         0.1261
MatchingPair_toUnifAvg         0.1256
MAST                           1.0000
MAST_toYuleAvg                 0.2567
MAST_toUnifAvg                 0.2549
CopheneticL2Metric             3.1623
CopheneticL2Metric_toYuleAvg   0.2775
CopheneticL2Metric_toUnifAvg   0.2679

                 Name       Avg  Std       Min       Max  Count
0     MatchingCluster  3.000000  0.0  3.000000  3.000000      1
1         R-F_Cluster  1.000000  0.0  1.000000  1.000000      1
2       NodalSplitted  4.358899  0.0  4.358899  4.358899      1
3             Triples  4.000000  0.0  4.000000  4.000000      1
4        MatchingPair  2.000000  0.0  2.000000  2.000000      1
5                MAST  1.000000  0.0  1.000000  1.000000      1
6  CopheneticL2Metric  3.162278  0.0  3.162278  3.162278      1
