                               metrics
No                              1.0000
RefTree                         1.0000
Tree                            1.0000
RefTree_taxa                   21.0000
Tree_taxa                      21.0000
Common_taxa                    21.0000
MatchingCluster                84.0000
MatchingCluster_toYuleAvg       0.9170
MatchingCluster_toUnifAvg       0.7942
R-F_Cluster                    13.5000
R-F_Cluster_toYuleAvg           0.7192
R-F_Cluster_toUnifAvg           0.7162
NodalSplitted                  53.7587
NodalSplitted_toYuleAvg         0.8731
NodalSplitted_toUnifAvg         0.6907
Triples                       993.0000
Triples_toYuleAvg               1.1183
Triples_toUnifAvg               1.1204
MatchingPair                  151.0000
MatchingPair_toYuleAvg          1.0110
MatchingPair_toUnifAvg          1.0315
MAST                           15.0000
MAST_toYuleAvg                  1.0582
MAST_toUnifAvg                  1.0507
CopheneticL2Metric             34.7563
CopheneticL2Metric_toYuleAvg    0.7305
CopheneticL2Metric_toUnifAvg    0.6016

                 Name         Avg  Std         Min         Max  Count
0     MatchingCluster   84.000000  0.0   84.000000   84.000000      1
1         R-F_Cluster   13.500000  0.0   13.500000   13.500000      1
2       NodalSplitted   53.758720  0.0   53.758720   53.758720      1
3             Triples  993.000000  0.0  993.000000  993.000000      1
4        MatchingPair  151.000000  0.0  151.000000  151.000000      1
5                MAST   15.000000  0.0   15.000000   15.000000      1
6  CopheneticL2Metric   34.756294  0.0   34.756294   34.756294      1
