
                            < M A T L A B (R) >
                  Copyright 1984-2017 The MathWorks, Inc.
                   R2017a (9.2.0.538062) 64-bit (glnxa64)
                             February 23, 2017

 
To get started, type one of these: helpwin, helpdesk, or demo.
For product information, visit www.mathworks.com.
 
Running "Run1", Seed: 181848
 *** Finished Simulation Run ***

config-04.json #############################################

[#.........] | Progress: 1 | Time: 0.0s | ETA: --[##########] | Progress: 29 | Time: 0.0s | ETA: --fit<>, fid</home/chun/projects/clineage-simulation/analysis/tmc-181848/tmc-003/case-04/triplets-list.raw.txt>, flg<treeReconstruction.log>, frt<resTree.tree>, frtN</home/chun/projects/clineage-simulation/analysis/tmc-181848/tmc-003/case-04/reconstructed.tmp.newick>, fsd<qqq.dat>, fst<simul.tree>, -->index=2
Read triplets from file...
Read triplets from file...Finished
N_triplets = 16, idMaxFound = 6
treeBuildBasedOnTriplets_run...
make_isTogetherInTripletAndDeleteExtraTriplets: Finished
maxCut with 4 nodes: Finished
treeBuildBasedOnTriplets_run...Finished
Saving tree to file...
Saving tree to file...Finished

                            < M A T L A B (R) >
                  Copyright 1984-2017 The MathWorks, Inc.
                   R2017a (9.2.0.538062) 64-bit (glnxa64)
                             February 23, 2017

 
To get started, type one of these: helpwin, helpdesk, or demo.
For product information, visit www.mathworks.com.
 
TreeCmp version build2

Active options:
Type of the analysis:  ref-to-all comparison mode (-r)
Metrics:
  1. MatchingCluster (mc)
  2. R-F_Cluster (rc)
  3. NodalSplitted (ns)
  4. Triples (tt)
  5. MatchingPair (mp)
  6. MAST (mt)
  7. CopheneticL2Metric (co)
Input file: /home/chun/projects/clineage-simulation/analysis/tmc-181848/tmc-003/case-04/reconstructed.newick
Output file: /home/chun/projects/clineage-simulation/analysis/tmc-181848/tmc-003/case-04/scores.raw.out
Additional options:
N - Report normalized distances.
P - Prune compared trees if needed (trees can have different leaf sets).
I - Include summary section in the output file.
-----
2018-06-19 06:08:38: Start of reading random statistics.
2018-06-19 06:08:38: End of reading random statistics.
2018-06-19 06:08:38: Start of scanning input file: /home/chun/projects/clineage-simulation/analysis/tmc-181848/tmc-003/case-04/reconstructed.newick
2018-06-19 06:08:38: End of scanning input file: /home/chun/projects/clineage-simulation/analysis/tmc-181848/tmc-003/case-04/reconstructed.newick
2018-06-19 06:08:38: 1 valid trees found in file: /home/chun/projects/clineage-simulation/analysis/tmc-181848/tmc-003/case-04/reconstructed.newick
2018-06-19 06:08:38: Start of calculation...please wait...
2018-06-19 06:08:38: 0.00% completed...
2018-06-19 06:08:38: 100.00% completed.
2018-06-19 06:08:38: End of calculation.
2018-06-19 06:08:38: Total calculation time: 24 ms.
                              metrics
No                             1.0000
RefTree                        1.0000
Tree                           1.0000
RefTree_taxa                   7.0000
Tree_taxa                      7.0000
Common_taxa                    7.0000
MatchingCluster               11.0000
MatchingCluster_toYuleAvg      0.8718
MatchingCluster_toUnifAvg      0.8683
R-F_Cluster                    3.5000
R-F_Cluster_toYuleAvg          0.7450
R-F_Cluster_toUnifAvg          0.7475
NodalSplitted                  7.8740
NodalSplitted_toYuleAvg        0.7178
NodalSplitted_toUnifAvg        0.7148
Triples                       16.0000
Triples_toYuleAvg              0.6824
Triples_toUnifAvg              0.6922
MatchingPair                  10.0000
MatchingPair_toYuleAvg         0.8810
MatchingPair_toUnifAvg         0.8945
MAST                           3.0000
MAST_toYuleAvg                 0.9425
MAST_toUnifAvg                 0.9325
CopheneticL2Metric             5.3852
CopheneticL2Metric_toYuleAvg   0.5892
CopheneticL2Metric_toUnifAvg   0.5774

                 Name        Avg  Std        Min        Max  Count
0     MatchingCluster  11.000000  0.0  11.000000  11.000000      1
1         R-F_Cluster   3.500000  0.0   3.500000   3.500000      1
2       NodalSplitted   7.874008  0.0   7.874008   7.874008      1
3             Triples  16.000000  0.0  16.000000  16.000000      1
4        MatchingPair  10.000000  0.0  10.000000  10.000000      1
5                MAST   3.000000  0.0   3.000000   3.000000      1
6  CopheneticL2Metric   5.385165  0.0   5.385165   5.385165      1
