
                            < M A T L A B (R) >
                  Copyright 1984-2017 The MathWorks, Inc.
                   R2017a (9.2.0.538062) 64-bit (glnxa64)
                             February 23, 2017

 
To get started, type one of these: helpwin, helpdesk, or demo.
For product information, visit www.mathworks.com.
 
Running "Run1", Seed: 181848
 *** Finished Simulation Run ***

config-13.json #############################################

[#.........] | Progress: 1 | Time: 0.0s | ETA: --[.#........] | Progress: 181 | Time: 0.1s | ETA: --[##########] | Progress: 397 | Time: 0.1s | ETA: --fit<>, fid</home/chun/projects/clineage-simulation/analysis/tmc-181848/tmc-003/case-13/triplets-list.raw.txt>, flg<treeReconstruction.log>, frt<resTree.tree>, frtN</home/chun/projects/clineage-simulation/analysis/tmc-181848/tmc-003/case-13/reconstructed.tmp.newick>, fsd<qqq.dat>, fst<simul.tree>, -->index=2
Read triplets from file...
Read triplets from file...Finished
N_triplets = 196, idMaxFound = 16
treeBuildBasedOnTriplets_run...
make_isTogetherInTripletAndDeleteExtraTriplets: Finished
maxCut with 13 nodes: Finished
maxCut with 11 nodes: Finished
maxCut with 8 nodes: Finished
maxCut with 6 nodes: Finished
maxCut with 5 nodes: Finished
treeBuildBasedOnTriplets_run...Finished
Saving tree to file...
Saving tree to file...Finished

                            < M A T L A B (R) >
                  Copyright 1984-2017 The MathWorks, Inc.
                   R2017a (9.2.0.538062) 64-bit (glnxa64)
                             February 23, 2017

 
To get started, type one of these: helpwin, helpdesk, or demo.
For product information, visit www.mathworks.com.
 
TreeCmp version build2

Active options:
Type of the analysis:  ref-to-all comparison mode (-r)
Metrics:
  1. MatchingCluster (mc)
  2. R-F_Cluster (rc)
  3. NodalSplitted (ns)
  4. Triples (tt)
  5. MatchingPair (mp)
  6. MAST (mt)
  7. CopheneticL2Metric (co)
Input file: /home/chun/projects/clineage-simulation/analysis/tmc-181848/tmc-003/case-13/reconstructed.newick
Output file: /home/chun/projects/clineage-simulation/analysis/tmc-181848/tmc-003/case-13/scores.raw.out
Additional options:
N - Report normalized distances.
P - Prune compared trees if needed (trees can have different leaf sets).
I - Include summary section in the output file.
-----
2018-06-19 06:08:44: Start of reading random statistics.
2018-06-19 06:08:45: End of reading random statistics.
2018-06-19 06:08:45: Start of scanning input file: /home/chun/projects/clineage-simulation/analysis/tmc-181848/tmc-003/case-13/reconstructed.newick
2018-06-19 06:08:45: End of scanning input file: /home/chun/projects/clineage-simulation/analysis/tmc-181848/tmc-003/case-13/reconstructed.newick
2018-06-19 06:08:45: 1 valid trees found in file: /home/chun/projects/clineage-simulation/analysis/tmc-181848/tmc-003/case-13/reconstructed.newick
2018-06-19 06:08:45: Start of calculation...please wait...
2018-06-19 06:08:45: 0.00% completed...
2018-06-19 06:08:45: 100.00% completed.
2018-06-19 06:08:45: End of calculation.
2018-06-19 06:08:45: Total calculation time: 35 ms.
                               metrics
No                              1.0000
RefTree                         1.0000
Tree                            1.0000
RefTree_taxa                   16.0000
Tree_taxa                      16.0000
Common_taxa                    16.0000
MatchingCluster                43.0000
MatchingCluster_toYuleAvg       0.7358
MatchingCluster_toUnifAvg       0.6660
R-F_Cluster                    10.0000
R-F_Cluster_toYuleAvg           0.7261
R-F_Cluster_toUnifAvg           0.7233
NodalSplitted                  30.6105
NodalSplitted_toYuleAvg         0.7272
NodalSplitted_toUnifAvg         0.6220
Triples                       264.0000
Triples_toYuleAvg               0.7076
Triples_toUnifAvg               0.7093
MatchingPair                   70.0000
MatchingPair_toYuleAvg          0.8572
MatchingPair_toUnifAvg          0.8746
MAST                            9.0000
MAST_toYuleAvg                  0.8942
MAST_toUnifAvg                  0.8888
CopheneticL2Metric             22.1585
CopheneticL2Metric_toYuleAvg    0.6742
CopheneticL2Metric_toUnifAvg    0.5958

                 Name         Avg  Std         Min         Max  Count
0     MatchingCluster   43.000000  0.0   43.000000   43.000000      1
1         R-F_Cluster   10.000000  0.0   10.000000   10.000000      1
2       NodalSplitted   30.610456  0.0   30.610456   30.610456      1
3             Triples  264.000000  0.0  264.000000  264.000000      1
4        MatchingPair   70.000000  0.0   70.000000   70.000000      1
5                MAST    9.000000  0.0    9.000000    9.000000      1
6  CopheneticL2Metric   22.158520  0.0   22.158520   22.158520      1
