
                            < M A T L A B (R) >
                  Copyright 1984-2017 The MathWorks, Inc.
                   R2017a (9.2.0.538062) 64-bit (glnxa64)
                             February 23, 2017

 
To get started, type one of these: helpwin, helpdesk, or demo.
For product information, visit www.mathworks.com.
 
Running "Run1", Seed: 181848
 *** Finished Simulation Run ***

config-17.json #############################################

[#.........] | Progress: 1 | Time: 0.0s | ETA: --[.#........] | Progress: 326 | Time: 0.1s | ETA: --[..#.......] | Progress: 652 | Time: 0.1s | ETA: --[##########] | Progress: 777 | Time: 0.1s | ETA: --fit<>, fid</home/chun/projects/clineage-simulation/analysis/tmc-181848/tmc-003/case-17/triplets-list.raw.txt>, flg<treeReconstruction.log>, frt<resTree.tree>, frtN</home/chun/projects/clineage-simulation/analysis/tmc-181848/tmc-003/case-17/reconstructed.tmp.newick>, fsd<qqq.dat>, fst<simul.tree>, -->index=2
Read triplets from file...
Read triplets from file...Finished
N_triplets = 442, idMaxFound = 20
treeBuildBasedOnTriplets_run...
make_isTogetherInTripletAndDeleteExtraTriplets: Finished
maxCut with 17 nodes: Finished
maxCut with 14 nodes: Finished
maxCut with 12 nodes: Finished
maxCut with 10 nodes: Finished
maxCut with 9 nodes: Finished
maxCut with 6 nodes: Finished
treeBuildBasedOnTriplets_run...Finished
Saving tree to file...
Saving tree to file...Finished

                            < M A T L A B (R) >
                  Copyright 1984-2017 The MathWorks, Inc.
                   R2017a (9.2.0.538062) 64-bit (glnxa64)
                             February 23, 2017

 
To get started, type one of these: helpwin, helpdesk, or demo.
For product information, visit www.mathworks.com.
 
TreeCmp version build2

Active options:
Type of the analysis:  ref-to-all comparison mode (-r)
Metrics:
  1. MatchingCluster (mc)
  2. R-F_Cluster (rc)
  3. NodalSplitted (ns)
  4. Triples (tt)
  5. MatchingPair (mp)
  6. MAST (mt)
  7. CopheneticL2Metric (co)
Input file: /home/chun/projects/clineage-simulation/analysis/tmc-181848/tmc-003/case-17/reconstructed.newick
Output file: /home/chun/projects/clineage-simulation/analysis/tmc-181848/tmc-003/case-17/scores.raw.out
Additional options:
N - Report normalized distances.
P - Prune compared trees if needed (trees can have different leaf sets).
I - Include summary section in the output file.
-----
2018-06-19 06:09:03: Start of reading random statistics.
2018-06-19 06:09:03: End of reading random statistics.
2018-06-19 06:09:03: Start of scanning input file: /home/chun/projects/clineage-simulation/analysis/tmc-181848/tmc-003/case-17/reconstructed.newick
2018-06-19 06:09:03: End of scanning input file: /home/chun/projects/clineage-simulation/analysis/tmc-181848/tmc-003/case-17/reconstructed.newick
2018-06-19 06:09:03: 1 valid trees found in file: /home/chun/projects/clineage-simulation/analysis/tmc-181848/tmc-003/case-17/reconstructed.newick
2018-06-19 06:09:03: Start of calculation...please wait...
2018-06-19 06:09:03: 0.00% completed...
2018-06-19 06:09:03: 100.00% completed.
2018-06-19 06:09:03: End of calculation.
2018-06-19 06:09:03: Total calculation time: 24 ms.
                               metrics
No                              1.0000
RefTree                         1.0000
Tree                            1.0000
RefTree_taxa                   20.0000
Tree_taxa                      20.0000
Common_taxa                    20.0000
MatchingCluster                63.0000
MatchingCluster_toYuleAvg       0.7395
MatchingCluster_toUnifAvg       0.6476
R-F_Cluster                    12.0000
R-F_Cluster_toYuleAvg           0.6756
R-F_Cluster_toUnifAvg           0.6724
NodalSplitted                  44.5084
NodalSplitted_toYuleAvg         0.7649
NodalSplitted_toUnifAvg         0.6193
Triples                       445.0000
Triples_toYuleAvg               0.5821
Triples_toUnifAvg               0.5858
MatchingPair                  113.0000
MatchingPair_toYuleAvg          0.8399
MatchingPair_toUnifAvg          0.8589
MAST                           12.0000
MAST_toYuleAvg                  0.8995
MAST_toUnifAvg                  0.8919
CopheneticL2Metric             32.2335
CopheneticL2Metric_toYuleAvg    0.7258
CopheneticL2Metric_toUnifAvg    0.5933

                 Name         Avg  Std         Min         Max  Count
0     MatchingCluster   63.000000  0.0   63.000000   63.000000      1
1         R-F_Cluster   12.000000  0.0   12.000000   12.000000      1
2       NodalSplitted   44.508426  0.0   44.508426   44.508426      1
3             Triples  445.000000  0.0  445.000000  445.000000      1
4        MatchingPair  113.000000  0.0  113.000000  113.000000      1
5                MAST   12.000000  0.0   12.000000   12.000000      1
6  CopheneticL2Metric   32.233523  0.0   32.233523   32.233523      1
