
                            < M A T L A B (R) >
                  Copyright 1984-2017 The MathWorks, Inc.
                   R2017a (9.2.0.538062) 64-bit (glnxa64)
                             February 23, 2017

 
To get started, type one of these: helpwin, helpdesk, or demo.
For product information, visit www.mathworks.com.
 
Running "Run1", Seed: 181848
 *** Finished Simulation Run ***

config-14.json #############################################

[#.........] | Progress: 1 | Time: 0.0s | ETA: --[.#........] | Progress: 244 | Time: 0.1s | ETA: --[##########] | Progress: 463 | Time: 0.1s | ETA: --fit<>, fid</home/chun/projects/clineage-simulation/analysis/tmc-181848/tmc-003/case-14/triplets-list.raw.txt>, flg<treeReconstruction.log>, frt<resTree.tree>, frtN</home/chun/projects/clineage-simulation/analysis/tmc-181848/tmc-003/case-14/reconstructed.tmp.newick>, fsd<qqq.dat>, fst<simul.tree>, -->index=2
Read triplets from file...
Read triplets from file...Finished
N_triplets = 241, idMaxFound = 17
treeBuildBasedOnTriplets_run...
make_isTogetherInTripletAndDeleteExtraTriplets: Finished
maxCut with 14 nodes: Finished
maxCut with 11 nodes: Finished
maxCut with 9 nodes: Finished
maxCut with 7 nodes: Finished
maxCut with 6 nodes: Finished
treeBuildBasedOnTriplets_run...Finished
Saving tree to file...
Saving tree to file...Finished

                            < M A T L A B (R) >
                  Copyright 1984-2017 The MathWorks, Inc.
                   R2017a (9.2.0.538062) 64-bit (glnxa64)
                             February 23, 2017

 
To get started, type one of these: helpwin, helpdesk, or demo.
For product information, visit www.mathworks.com.
 
TreeCmp version build2

Active options:
Type of the analysis:  ref-to-all comparison mode (-r)
Metrics:
  1. MatchingCluster (mc)
  2. R-F_Cluster (rc)
  3. NodalSplitted (ns)
  4. Triples (tt)
  5. MatchingPair (mp)
  6. MAST (mt)
  7. CopheneticL2Metric (co)
Input file: /home/chun/projects/clineage-simulation/analysis/tmc-181848/tmc-003/case-14/reconstructed.newick
Output file: /home/chun/projects/clineage-simulation/analysis/tmc-181848/tmc-003/case-14/scores.raw.out
Additional options:
N - Report normalized distances.
P - Prune compared trees if needed (trees can have different leaf sets).
I - Include summary section in the output file.
-----
2018-06-19 06:08:38: Start of reading random statistics.
2018-06-19 06:08:39: End of reading random statistics.
2018-06-19 06:08:39: Start of scanning input file: /home/chun/projects/clineage-simulation/analysis/tmc-181848/tmc-003/case-14/reconstructed.newick
2018-06-19 06:08:39: End of scanning input file: /home/chun/projects/clineage-simulation/analysis/tmc-181848/tmc-003/case-14/reconstructed.newick
2018-06-19 06:08:39: 1 valid trees found in file: /home/chun/projects/clineage-simulation/analysis/tmc-181848/tmc-003/case-14/reconstructed.newick
2018-06-19 06:08:39: Start of calculation...please wait...
2018-06-19 06:08:39: 0.00% completed...
2018-06-19 06:08:39: 100.00% completed.
2018-06-19 06:08:39: End of calculation.
2018-06-19 06:08:39: Total calculation time: 23 ms.
                               metrics
No                              1.0000
RefTree                         1.0000
Tree                            1.0000
RefTree_taxa                   17.0000
Tree_taxa                      17.0000
Common_taxa                    17.0000
MatchingCluster                46.0000
MatchingCluster_toYuleAvg       0.7117
MatchingCluster_toUnifAvg       0.6328
R-F_Cluster                    10.5000
R-F_Cluster_toYuleAvg           0.7108
R-F_Cluster_toUnifAvg           0.7073
NodalSplitted                  34.5543
NodalSplitted_toYuleAvg         0.7539
NodalSplitted_toUnifAvg         0.6311
Triples                       296.0000
Triples_toYuleAvg               0.6519
Triples_toUnifAvg               0.6509
MatchingPair                   81.0000
MatchingPair_toYuleAvg          0.8669
MatchingPair_toUnifAvg          0.8805
MAST                           10.0000
MAST_toYuleAvg                  0.9196
MAST_toUnifAvg                  0.9134
CopheneticL2Metric             23.7487
CopheneticL2Metric_toYuleAvg    0.6613
CopheneticL2Metric_toUnifAvg    0.5745

                 Name         Avg  Std         Min         Max  Count
0     MatchingCluster   46.000000  0.0   46.000000   46.000000      1
1         R-F_Cluster   10.500000  0.0   10.500000   10.500000      1
2       NodalSplitted   34.554305  0.0   34.554305   34.554305      1
3             Triples  296.000000  0.0  296.000000  296.000000      1
4        MatchingPair   81.000000  0.0   81.000000   81.000000      1
5                MAST   10.000000  0.0   10.000000   10.000000      1
6  CopheneticL2Metric   23.748684  0.0   23.748684   23.748684      1
