
                            < M A T L A B (R) >
                  Copyright 1984-2017 The MathWorks, Inc.
                   R2017a (9.2.0.538062) 64-bit (glnxa64)
                             February 23, 2017

 
To get started, type one of these: helpwin, helpdesk, or demo.
For product information, visit www.mathworks.com.
 
Running "Run1", Seed: 181848
 *** Finished Simulation Run ***

config-09.json #############################################

[#.........] | Progress: 1 | Time: 0.0s | ETA: --[##########] | Progress: 155 | Time: 0.0s | ETA: --fit<>, fid</home/chun/projects/clineage-simulation/analysis/tmc-181848/tmc-003/case-09/triplets-list.raw.txt>, flg<treeReconstruction.log>, frt<resTree.tree>, frtN</home/chun/projects/clineage-simulation/analysis/tmc-181848/tmc-003/case-09/reconstructed.tmp.newick>, fsd<qqq.dat>, fst<simul.tree>, -->index=2
Read triplets from file...
Read triplets from file...Finished
N_triplets = 114, idMaxFound = 12
treeBuildBasedOnTriplets_run...
make_isTogetherInTripletAndDeleteExtraTriplets: Finished
maxCut with 10 nodes: Finished
maxCut with 8 nodes: Finished
maxCut with 7 nodes: Finished
maxCut with 5 nodes: Finished
treeBuildBasedOnTriplets_run...Finished
Saving tree to file...
Saving tree to file...Finished

                            < M A T L A B (R) >
                  Copyright 1984-2017 The MathWorks, Inc.
                   R2017a (9.2.0.538062) 64-bit (glnxa64)
                             February 23, 2017

 
To get started, type one of these: helpwin, helpdesk, or demo.
For product information, visit www.mathworks.com.
 
TreeCmp version build2

Active options:
Type of the analysis:  ref-to-all comparison mode (-r)
Metrics:
  1. MatchingCluster (mc)
  2. R-F_Cluster (rc)
  3. NodalSplitted (ns)
  4. Triples (tt)
  5. MatchingPair (mp)
  6. MAST (mt)
  7. CopheneticL2Metric (co)
Input file: /home/chun/projects/clineage-simulation/analysis/tmc-181848/tmc-003/case-09/reconstructed.newick
Output file: /home/chun/projects/clineage-simulation/analysis/tmc-181848/tmc-003/case-09/scores.raw.out
Additional options:
N - Report normalized distances.
P - Prune compared trees if needed (trees can have different leaf sets).
I - Include summary section in the output file.
-----
2018-06-19 06:08:37: Start of reading random statistics.
2018-06-19 06:08:37: End of reading random statistics.
2018-06-19 06:08:37: Start of scanning input file: /home/chun/projects/clineage-simulation/analysis/tmc-181848/tmc-003/case-09/reconstructed.newick
2018-06-19 06:08:37: End of scanning input file: /home/chun/projects/clineage-simulation/analysis/tmc-181848/tmc-003/case-09/reconstructed.newick
2018-06-19 06:08:37: 1 valid trees found in file: /home/chun/projects/clineage-simulation/analysis/tmc-181848/tmc-003/case-09/reconstructed.newick
2018-06-19 06:08:37: Start of calculation...please wait...
2018-06-19 06:08:37: 0.00% completed...
2018-06-19 06:08:37: 100.00% completed.
2018-06-19 06:08:37: End of calculation.
2018-06-19 06:08:37: Total calculation time: 22 ms.
                              metrics
No                             1.0000
RefTree                        1.0000
Tree                           1.0000
RefTree_taxa                  12.0000
Tree_taxa                     12.0000
Common_taxa                   12.0000
MatchingCluster               30.0000
MatchingCluster_toYuleAvg      0.8450
MatchingCluster_toUnifAvg      0.7934
R-F_Cluster                    6.5000
R-F_Cluster_toYuleAvg          0.6667
R-F_Cluster_toUnifAvg          0.6640
NodalSplitted                 21.1660
NodalSplitted_toYuleAvg        0.7770
NodalSplitted_toUnifAvg        0.7074
Triples                       88.0000
Triples_toYuleAvg              0.5978
Triples_toUnifAvg              0.5997
MatchingPair                  37.0000
MatchingPair_toYuleAvg         0.8747
MatchingPair_toUnifAvg         0.8864
MAST                           6.0000
MAST_toYuleAvg                 0.8707
MAST_toUnifAvg                 0.8622
CopheneticL2Metric            16.0624
CopheneticL2Metric_toYuleAvg   0.7409
CopheneticL2Metric_toUnifAvg   0.6817

                 Name        Avg  Std        Min        Max  Count
0     MatchingCluster  30.000000  0.0  30.000000  30.000000      1
1         R-F_Cluster   6.500000  0.0   6.500000   6.500000      1
2       NodalSplitted  21.166010  0.0  21.166010  21.166010      1
3             Triples  88.000000  0.0  88.000000  88.000000      1
4        MatchingPair  37.000000  0.0  37.000000  37.000000      1
5                MAST   6.000000  0.0   6.000000   6.000000      1
6  CopheneticL2Metric  16.062378  0.0  16.062378  16.062378      1
