                              metrics
No                             1.0000
RefTree                        1.0000
Tree                           1.0000
RefTree_taxa                  14.0000
Tree_taxa                     14.0000
Common_taxa                   14.0000
MatchingCluster               17.0000
MatchingCluster_toYuleAvg      0.3639
MatchingCluster_toUnifAvg      0.3369
R-F_Cluster                    6.0000
R-F_Cluster_toYuleAvg          0.5095
R-F_Cluster_toUnifAvg          0.5078
NodalSplitted                 14.4568
NodalSplitted_toYuleAvg        0.4161
NodalSplitted_toUnifAvg        0.3702
Triples                       53.0000
Triples_toYuleAvg              0.2181
Triples_toUnifAvg              0.2186
MatchingPair                  20.0000
MatchingPair_toYuleAvg         0.3326
MatchingPair_toUnifAvg         0.3386
MAST                           6.0000
MAST_toYuleAvg                 0.7072
MAST_toUnifAvg                 0.7004
CopheneticL2Metric             7.7460
CopheneticL2Metric_toYuleAvg   0.2830
CopheneticL2Metric_toUnifAvg   0.2539

                 Name        Avg  Std        Min        Max  Count
0     MatchingCluster  17.000000  0.0  17.000000  17.000000      1
1         R-F_Cluster   6.000000  0.0   6.000000   6.000000      1
2       NodalSplitted  14.456832  0.0  14.456832  14.456832      1
3             Triples  53.000000  0.0  53.000000  53.000000      1
4        MatchingPair  20.000000  0.0  20.000000  20.000000      1
5                MAST   6.000000  0.0   6.000000   6.000000      1
6  CopheneticL2Metric   7.745967  0.0   7.745967   7.745967      1
