                              metrics
No                             1.0000
RefTree                        1.0000
Tree                           1.0000
RefTree_taxa                  13.0000
Tree_taxa                     13.0000
Common_taxa                   13.0000
MatchingCluster               12.0000
MatchingCluster_toYuleAvg      0.2939
MatchingCluster_toUnifAvg      0.2721
R-F_Cluster                    3.5000
R-F_Cluster_toYuleAvg          0.3246
R-F_Cluster_toUnifAvg          0.3234
NodalSplitted                 13.1149
NodalSplitted_toYuleAvg        0.4282
NodalSplitted_toUnifAvg        0.3783
Triples                       16.0000
Triples_toYuleAvg              0.0837
Triples_toUnifAvg              0.0838
MatchingPair                   8.0000
MatchingPair_toYuleAvg         0.1571
MatchingPair_toUnifAvg         0.1598
MAST                           3.0000
MAST_toYuleAvg                 0.3898
MAST_toUnifAvg                 0.3863
CopheneticL2Metric             7.0000
CopheneticL2Metric_toYuleAvg   0.2885
CopheneticL2Metric_toUnifAvg   0.2621

                 Name        Avg  Std        Min        Max  Count
0     MatchingCluster  12.000000  0.0  12.000000  12.000000      1
1         R-F_Cluster   3.500000  0.0   3.500000   3.500000      1
2       NodalSplitted  13.114877  0.0  13.114877  13.114877      1
3             Triples  16.000000  0.0  16.000000  16.000000      1
4        MatchingPair   8.000000  0.0   8.000000   8.000000      1
5                MAST   3.000000  0.0   3.000000   3.000000      1
6  CopheneticL2Metric   7.000000  0.0   7.000000   7.000000      1
