                               metrics
No                              1.0000
RefTree                         1.0000
Tree                            1.0000
RefTree_taxa                   17.0000
Tree_taxa                      17.0000
Common_taxa                    17.0000
MatchingCluster                29.0000
MatchingCluster_toYuleAvg       0.4487
MatchingCluster_toUnifAvg       0.3989
R-F_Cluster                     7.5000
R-F_Cluster_toYuleAvg           0.5077
R-F_Cluster_toUnifAvg           0.5052
NodalSplitted                  19.6469
NodalSplitted_toYuleAvg         0.4286
NodalSplitted_toUnifAvg         0.3588
Triples                       213.0000
Triples_toYuleAvg               0.4691
Triples_toUnifAvg               0.4684
MatchingPair                   48.0000
MatchingPair_toYuleAvg          0.5137
MatchingPair_toUnifAvg          0.5218
MAST                            9.0000
MAST_toYuleAvg                  0.8277
MAST_toUnifAvg                  0.8221
CopheneticL2Metric             11.8743
CopheneticL2Metric_toYuleAvg    0.3306
CopheneticL2Metric_toUnifAvg    0.2873

                 Name         Avg  Std         Min         Max  Count
0     MatchingCluster   29.000000  0.0   29.000000   29.000000      1
1         R-F_Cluster    7.500000  0.0    7.500000    7.500000      1
2       NodalSplitted   19.646883  0.0   19.646883   19.646883      1
3             Triples  213.000000  0.0  213.000000  213.000000      1
4        MatchingPair   48.000000  0.0   48.000000   48.000000      1
5                MAST    9.000000  0.0    9.000000    9.000000      1
6  CopheneticL2Metric   11.874342  0.0   11.874342   11.874342      1
