                              metrics
No                             1.0000
RefTree                        1.0000
Tree                           1.0000
RefTree_taxa                  18.0000
Tree_taxa                     18.0000
Common_taxa                   18.0000
MatchingCluster                8.0000
MatchingCluster_toYuleAvg      0.1126
MatchingCluster_toUnifAvg      0.0995
R-F_Cluster                    2.0000
R-F_Cluster_toYuleAvg          0.1267
R-F_Cluster_toUnifAvg          0.1264
NodalSplitted                 14.5602
NodalSplitted_toYuleAvg        0.2929
NodalSplitted_toUnifAvg        0.2402
Triples                        9.0000
Triples_toYuleAvg              0.0165
Triples_toUnifAvg              0.0166
MatchingPair                   6.0000
MatchingPair_toYuleAvg         0.0564
MatchingPair_toUnifAvg         0.0577
MAST                           2.0000
MAST_toYuleAvg                 0.1704
MAST_toUnifAvg                 0.1699
CopheneticL2Metric             6.6332
CopheneticL2Metric_toYuleAvg   0.1691
CopheneticL2Metric_toUnifAvg   0.1468

                 Name       Avg  Std       Min       Max  Count
0     MatchingCluster   8.00000  0.0   8.00000   8.00000      1
1         R-F_Cluster   2.00000  0.0   2.00000   2.00000      1
2       NodalSplitted  14.56022  0.0  14.56022  14.56022      1
3             Triples   9.00000  0.0   9.00000   9.00000      1
4        MatchingPair   6.00000  0.0   6.00000   6.00000      1
5                MAST   2.00000  0.0   2.00000   2.00000      1
6  CopheneticL2Metric   6.63325  0.0   6.63325   6.63325      1
