                              metrics
No                             1.0000
RefTree                        1.0000
Tree                           1.0000
RefTree_taxa                  10.0000
Tree_taxa                     10.0000
Common_taxa                   10.0000
MatchingCluster                8.0000
MatchingCluster_toYuleAvg      0.3148
MatchingCluster_toUnifAvg      0.3026
R-F_Cluster                    2.0000
R-F_Cluster_toYuleAvg          0.2584
R-F_Cluster_toUnifAvg          0.2572
NodalSplitted                  7.7460
NodalSplitted_toYuleAvg        0.3825
NodalSplitted_toUnifAvg        0.3599
Triples                       22.0000
Triples_toYuleAvg              0.2744
Triples_toUnifAvg              0.2769
MatchingPair                   6.0000
MatchingPair_toYuleAvg         0.2169
MatchingPair_toUnifAvg         0.2218
MAST                           2.0000
MAST_toYuleAvg                 0.3715
MAST_toUnifAvg                 0.3738
CopheneticL2Metric             7.0000
CopheneticL2Metric_toYuleAvg   0.4274
CopheneticL2Metric_toUnifAvg   0.4077

                 Name        Avg  Std        Min        Max  Count
0     MatchingCluster   8.000000  0.0   8.000000   8.000000      1
1         R-F_Cluster   2.000000  0.0   2.000000   2.000000      1
2       NodalSplitted   7.745967  0.0   7.745967   7.745967      1
3             Triples  22.000000  0.0  22.000000  22.000000      1
4        MatchingPair   6.000000  0.0   6.000000   6.000000      1
5                MAST   2.000000  0.0   2.000000   2.000000      1
6  CopheneticL2Metric   7.000000  0.0   7.000000   7.000000      1
