                              metrics
No                             1.0000
RefTree                        1.0000
Tree                           1.0000
RefTree_taxa                  22.0000
Tree_taxa                     22.0000
Common_taxa                   22.0000
MatchingCluster               23.0000
MatchingCluster_toYuleAvg      0.2327
MatchingCluster_toUnifAvg      0.1986
R-F_Cluster                    5.0000
R-F_Cluster_toYuleAvg          0.2529
R-F_Cluster_toUnifAvg          0.2518
NodalSplitted                 25.9808
NodalSplitted_toYuleAvg        0.3900
NodalSplitted_toUnifAvg        0.3054
Triples                       27.0000
Triples_toYuleAvg              0.0263
Triples_toUnifAvg              0.0262
MatchingPair                  18.0000
MatchingPair_toYuleAvg         0.1093
MatchingPair_toUnifAvg         0.1112
MAST                           6.0000
MAST_toYuleAvg                 0.4001
MAST_toUnifAvg                 0.3971
CopheneticL2Metric            10.5830
CopheneticL2Metric_toYuleAvg   0.2082
CopheneticL2Metric_toUnifAvg   0.1686

                 Name        Avg  Std        Min        Max  Count
0     MatchingCluster  23.000000  0.0  23.000000  23.000000      1
1         R-F_Cluster   5.000000  0.0   5.000000   5.000000      1
2       NodalSplitted  25.980762  0.0  25.980762  25.980762      1
3             Triples  27.000000  0.0  27.000000  27.000000      1
4        MatchingPair  18.000000  0.0  18.000000  18.000000      1
5                MAST   6.000000  0.0   6.000000   6.000000      1
6  CopheneticL2Metric  10.583005  0.0  10.583005  10.583005      1
