                              metrics
No                             1.0000
RefTree                        1.0000
Tree                           1.0000
RefTree_taxa                   7.0000
Tree_taxa                      7.0000
Common_taxa                    7.0000
MatchingCluster               12.0000
MatchingCluster_toYuleAvg      0.9510
MatchingCluster_toUnifAvg      0.9472
R-F_Cluster                    3.0000
R-F_Cluster_toYuleAvg          0.6386
R-F_Cluster_toUnifAvg          0.6408
NodalSplitted                 10.1980
NodalSplitted_toYuleAvg        0.9296
NodalSplitted_toUnifAvg        0.9258
Triples                       31.0000
Triples_toYuleAvg              1.3221
Triples_toUnifAvg              1.3412
MatchingPair                   8.0000
MatchingPair_toYuleAvg         0.7048
MatchingPair_toUnifAvg         0.7156
MAST                           4.0000
MAST_toYuleAvg                 1.2567
MAST_toUnifAvg                 1.2434
CopheneticL2Metric             7.2801
CopheneticL2Metric_toYuleAvg   0.7965
CopheneticL2Metric_toUnifAvg   0.7806

                 Name        Avg  Std        Min        Max  Count
0     MatchingCluster  12.000000  0.0  12.000000  12.000000      1
1         R-F_Cluster   3.000000  0.0   3.000000   3.000000      1
2       NodalSplitted  10.198039  0.0  10.198039  10.198039      1
3             Triples  31.000000  0.0  31.000000  31.000000      1
4        MatchingPair   8.000000  0.0   8.000000   8.000000      1
5                MAST   4.000000  0.0   4.000000   4.000000      1
6  CopheneticL2Metric   7.280110  0.0   7.280110   7.280110      1
