                               metrics
No                              1.0000
RefTree                         1.0000
Tree                            1.0000
RefTree_taxa                   21.0000
Tree_taxa                      21.0000
Common_taxa                    21.0000
MatchingCluster                48.0000
MatchingCluster_toYuleAvg       0.5240
MatchingCluster_toUnifAvg       0.4538
R-F_Cluster                    14.0000
R-F_Cluster_toYuleAvg           0.7458
R-F_Cluster_toUnifAvg           0.7427
NodalSplitted                  41.8808
NodalSplitted_toYuleAvg         0.6802
NodalSplitted_toUnifAvg         0.5381
Triples                       196.0000
Triples_toYuleAvg               0.2207
Triples_toUnifAvg               0.2211
MatchingPair                   69.0000
MatchingPair_toYuleAvg          0.4620
MatchingPair_toUnifAvg          0.4714
MAST                           10.0000
MAST_toYuleAvg                  0.7055
MAST_toUnifAvg                  0.7005
CopheneticL2Metric             21.8403
CopheneticL2Metric_toYuleAvg    0.4590
CopheneticL2Metric_toUnifAvg    0.3781

                 Name         Avg  Std         Min         Max  Count
0     MatchingCluster   48.000000  0.0   48.000000   48.000000      1
1         R-F_Cluster   14.000000  0.0   14.000000   14.000000      1
2       NodalSplitted   41.880783  0.0   41.880783   41.880783      1
3             Triples  196.000000  0.0  196.000000  196.000000      1
4        MatchingPair   69.000000  0.0   69.000000   69.000000      1
5                MAST   10.000000  0.0   10.000000   10.000000      1
6  CopheneticL2Metric   21.840330  0.0   21.840330   21.840330      1
