                               metrics
No                              1.0000
RefTree                         1.0000
Tree                            1.0000
RefTree_taxa                   19.0000
Tree_taxa                      19.0000
Common_taxa                    19.0000
MatchingCluster                49.0000
MatchingCluster_toYuleAvg       0.6319
MatchingCluster_toUnifAvg       0.5513
R-F_Cluster                    12.0000
R-F_Cluster_toYuleAvg           0.7166
R-F_Cluster_toUnifAvg           0.7129
NodalSplitted                  36.8782
NodalSplitted_toYuleAvg         0.6857
NodalSplitted_toUnifAvg         0.5590
Triples                       470.0000
Triples_toYuleAvg               0.7303
Triples_toUnifAvg               0.7268
MatchingPair                   92.0000
MatchingPair_toYuleAvg          0.7687
MatchingPair_toUnifAvg          0.7811
MAST                           10.0000
MAST_toYuleAvg                  0.7990
MAST_toUnifAvg                  0.7928
CopheneticL2Metric             20.2237
CopheneticL2Metric_toYuleAvg    0.4791
CopheneticL2Metric_toUnifAvg    0.4106

                 Name         Avg  Std         Min         Max  Count
0     MatchingCluster   49.000000  0.0   49.000000   49.000000      1
1         R-F_Cluster   12.000000  0.0   12.000000   12.000000      1
2       NodalSplitted   36.878178  0.0   36.878178   36.878178      1
3             Triples  470.000000  0.0  470.000000  470.000000      1
4        MatchingPair   92.000000  0.0   92.000000   92.000000      1
5                MAST   10.000000  0.0   10.000000   10.000000      1
6  CopheneticL2Metric   20.223748  0.0   20.223748   20.223748      1
