                               metrics
No                              1.0000
RefTree                         1.0000
Tree                            1.0000
RefTree_taxa                   19.0000
Tree_taxa                      19.0000
Common_taxa                    19.0000
MatchingCluster                70.0000
MatchingCluster_toYuleAvg       0.9027
MatchingCluster_toUnifAvg       0.7876
R-F_Cluster                    12.5000
R-F_Cluster_toYuleAvg           0.7464
R-F_Cluster_toUnifAvg           0.7426
NodalSplitted                  42.9884
NodalSplitted_toYuleAvg         0.7993
NodalSplitted_toUnifAvg         0.6516
Triples                       706.0000
Triples_toYuleAvg               1.0971
Triples_toUnifAvg               1.0918
MatchingPair                  124.0000
MatchingPair_toYuleAvg          1.0361
MatchingPair_toUnifAvg          1.0528
MAST                           12.0000
MAST_toYuleAvg                  0.9588
MAST_toUnifAvg                  0.9514
CopheneticL2Metric             30.5778
CopheneticL2Metric_toYuleAvg    0.7243
CopheneticL2Metric_toUnifAvg    0.6209

                 Name         Avg  Std         Min         Max  Count
0     MatchingCluster   70.000000  0.0   70.000000   70.000000      1
1         R-F_Cluster   12.500000  0.0   12.500000   12.500000      1
2       NodalSplitted   42.988371  0.0   42.988371   42.988371      1
3             Triples  706.000000  0.0  706.000000  706.000000      1
4        MatchingPair  124.000000  0.0  124.000000  124.000000      1
5                MAST   12.000000  0.0   12.000000   12.000000      1
6  CopheneticL2Metric   30.577770  0.0   30.577770   30.577770      1
