                              metrics
No                             1.0000
RefTree                        1.0000
Tree                           1.0000
RefTree_taxa                  21.0000
Tree_taxa                     21.0000
Common_taxa                   21.0000
MatchingCluster               21.0000
MatchingCluster_toYuleAvg      0.2293
MatchingCluster_toUnifAvg      0.1985
R-F_Cluster                    4.0000
R-F_Cluster_toYuleAvg          0.2131
R-F_Cluster_toUnifAvg          0.2122
NodalSplitted                 24.2074
NodalSplitted_toYuleAvg        0.3932
NodalSplitted_toUnifAvg        0.3110
Triples                       32.0000
Triples_toYuleAvg              0.0360
Triples_toUnifAvg              0.0361
MatchingPair                  17.0000
MatchingPair_toYuleAvg         0.1138
MatchingPair_toUnifAvg         0.1161
MAST                           5.0000
MAST_toYuleAvg                 0.3527
MAST_toUnifAvg                 0.3502
CopheneticL2Metric            11.4018
CopheneticL2Metric_toYuleAvg   0.2396
CopheneticL2Metric_toUnifAvg   0.1974

                 Name        Avg  Std        Min        Max  Count
0     MatchingCluster  21.000000  0.0  21.000000  21.000000      1
1         R-F_Cluster   4.000000  0.0   4.000000   4.000000      1
2       NodalSplitted  24.207437  0.0  24.207437  24.207437      1
3             Triples  32.000000  0.0  32.000000  32.000000      1
4        MatchingPair  17.000000  0.0  17.000000  17.000000      1
5                MAST   5.000000  0.0   5.000000   5.000000      1
6  CopheneticL2Metric  11.401754  0.0  11.401754  11.401754      1
