                              metrics
No                             1.0000
RefTree                        1.0000
Tree                           1.0000
RefTree_taxa                  19.0000
Tree_taxa                     19.0000
Common_taxa                   19.0000
MatchingCluster                5.0000
MatchingCluster_toYuleAvg      0.0645
MatchingCluster_toUnifAvg      0.0563
R-F_Cluster                    1.0000
R-F_Cluster_toYuleAvg          0.0597
R-F_Cluster_toUnifAvg          0.0594
NodalSplitted                  8.8318
NodalSplitted_toYuleAvg        0.1642
NodalSplitted_toUnifAvg        0.1339
Triples                        4.0000
Triples_toYuleAvg              0.0062
Triples_toUnifAvg              0.0062
MatchingPair                   4.0000
MatchingPair_toYuleAvg         0.0334
MatchingPair_toUnifAvg         0.0340
MAST                           1.0000
MAST_toYuleAvg                 0.0799
MAST_toUnifAvg                 0.0793
CopheneticL2Metric             4.0000
CopheneticL2Metric_toYuleAvg   0.0948
CopheneticL2Metric_toUnifAvg   0.0812

                 Name       Avg  Std       Min       Max  Count
0     MatchingCluster  5.000000  0.0  5.000000  5.000000      1
1         R-F_Cluster  1.000000  0.0  1.000000  1.000000      1
2       NodalSplitted  8.831761  0.0  8.831761  8.831761      1
3             Triples  4.000000  0.0  4.000000  4.000000      1
4        MatchingPair  4.000000  0.0  4.000000  4.000000      1
5                MAST  1.000000  0.0  1.000000  1.000000      1
6  CopheneticL2Metric  4.000000  0.0  4.000000  4.000000      1
