                                 metrics
No                                1.0000
RefTree                           1.0000
Tree                              1.0000
RefTree_taxa                    100.0000
Tree_taxa                       100.0000
Common_taxa                     100.0000
MatchingCluster                1010.0000
MatchingCluster_toYuleAvg         1.0828
MatchingCluster_toUnifAvg         0.6799
R-F_Cluster                      76.5000
R-F_Cluster_toYuleAvg             0.7823
R-F_Cluster_toUnifAvg             0.7817
NodalSplitted                   564.7477
NodalSplitted_toYuleAvg           1.2564
NodalSplitted_toUnifAvg           0.5989
Triples                       99875.0000
Triples_toYuleAvg                 0.9259
Triples_toUnifAvg                 0.9263
MatchingPair                   3694.0000
MatchingPair_toYuleAvg            0.9143
MatchingPair_toUnifAvg            0.9339
MAST                             84.0000
MAST_toYuleAvg                    0.9917
MAST_toUnifAvg                    0.9810
CopheneticL2Metric              489.3465
CopheneticL2Metric_toYuleAvg      1.4613
CopheneticL2Metric_toUnifAvg      0.7314

                 Name           Avg  Std           Min           Max  Count
0     MatchingCluster   1010.000000  0.0   1010.000000   1010.000000      1
1         R-F_Cluster     76.500000  0.0     76.500000     76.500000      1
2       NodalSplitted    564.747731  0.0    564.747731    564.747731      1
3             Triples  99875.000000  0.0  99875.000000  99875.000000      1
4        MatchingPair   3694.000000  0.0   3694.000000   3694.000000      1
5                MAST     84.000000  0.0     84.000000     84.000000      1
6  CopheneticL2Metric    489.346503  0.0    489.346503    489.346503      1
