                              metrics
No                             1.0000
RefTree                        1.0000
Tree                           1.0000
RefTree_taxa                  13.0000
Tree_taxa                     13.0000
Common_taxa                   13.0000
MatchingCluster               19.0000
MatchingCluster_toYuleAvg      0.4653
MatchingCluster_toUnifAvg      0.4308
R-F_Cluster                    5.0000
R-F_Cluster_toYuleAvg          0.4638
R-F_Cluster_toUnifAvg          0.4620
NodalSplitted                 18.0555
NodalSplitted_toYuleAvg        0.5896
NodalSplitted_toUnifAvg        0.5208
Triples                       70.0000
Triples_toYuleAvg              0.3663
Triples_toUnifAvg              0.3664
MatchingPair                  23.0000
MatchingPair_toYuleAvg         0.4516
MatchingPair_toUnifAvg         0.4593
MAST                           6.0000
MAST_toYuleAvg                 0.7795
MAST_toUnifAvg                 0.7727
CopheneticL2Metric            11.2694
CopheneticL2Metric_toYuleAvg   0.4645
CopheneticL2Metric_toUnifAvg   0.4219

                 Name        Avg  Std        Min        Max  Count
0     MatchingCluster  19.000000  0.0  19.000000  19.000000      1
1         R-F_Cluster   5.000000  0.0   5.000000   5.000000      1
2       NodalSplitted  18.055470  0.0  18.055470  18.055470      1
3             Triples  70.000000  0.0  70.000000  70.000000      1
4        MatchingPair  23.000000  0.0  23.000000  23.000000      1
5                MAST   6.000000  0.0   6.000000   6.000000      1
6  CopheneticL2Metric  11.269428  0.0  11.269428  11.269428      1
