                              metrics
No                             1.0000
RefTree                        1.0000
Tree                           1.0000
RefTree_taxa                  23.0000
Tree_taxa                     23.0000
Common_taxa                   23.0000
MatchingCluster               16.0000
MatchingCluster_toYuleAvg      0.1509
MatchingCluster_toUnifAvg      0.1291
R-F_Cluster                    4.0000
R-F_Cluster_toYuleAvg          0.1925
R-F_Cluster_toUnifAvg          0.1921
NodalSplitted                 19.9499
NodalSplitted_toYuleAvg        0.2828
NodalSplitted_toUnifAvg        0.2225
Triples                       14.0000
Triples_toYuleAvg              0.0118
Triples_toUnifAvg              0.0119
MatchingPair                  11.0000
MatchingPair_toYuleAvg         0.0603
MatchingPair_toUnifAvg         0.0616
MAST                           4.0000
MAST_toYuleAvg                 0.2521
MAST_toUnifAvg                 0.2498
CopheneticL2Metric             7.0000
CopheneticL2Metric_toYuleAvg   0.1292
CopheneticL2Metric_toUnifAvg   0.1037

                 Name        Avg  Std        Min        Max  Count
0     MatchingCluster  16.000000  0.0  16.000000  16.000000      1
1         R-F_Cluster   4.000000  0.0   4.000000   4.000000      1
2       NodalSplitted  19.949937  0.0  19.949937  19.949937      1
3             Triples  14.000000  0.0  14.000000  14.000000      1
4        MatchingPair  11.000000  0.0  11.000000  11.000000      1
5                MAST   4.000000  0.0   4.000000   4.000000      1
6  CopheneticL2Metric   7.000000  0.0   7.000000   7.000000      1
