                              metrics
No                             1.0000
RefTree                        1.0000
Tree                           1.0000
RefTree_taxa                  21.0000
Tree_taxa                     21.0000
Common_taxa                   21.0000
MatchingCluster               14.0000
MatchingCluster_toYuleAvg      0.1528
MatchingCluster_toUnifAvg      0.1324
R-F_Cluster                    4.0000
R-F_Cluster_toYuleAvg          0.2131
R-F_Cluster_toUnifAvg          0.2122
NodalSplitted                 22.5389
NodalSplitted_toYuleAvg        0.3661
NodalSplitted_toUnifAvg        0.2896
Triples                       16.0000
Triples_toYuleAvg              0.0180
Triples_toUnifAvg              0.0181
MatchingPair                  10.0000
MatchingPair_toYuleAvg         0.0670
MatchingPair_toUnifAvg         0.0683
MAST                           5.0000
MAST_toYuleAvg                 0.3527
MAST_toUnifAvg                 0.3502
CopheneticL2Metric             8.5440
CopheneticL2Metric_toYuleAvg   0.1796
CopheneticL2Metric_toUnifAvg   0.1479

                 Name        Avg  Std        Min        Max  Count
0     MatchingCluster  14.000000  0.0  14.000000  14.000000      1
1         R-F_Cluster   4.000000  0.0   4.000000   4.000000      1
2       NodalSplitted  22.538855  0.0  22.538855  22.538855      1
3             Triples  16.000000  0.0  16.000000  16.000000      1
4        MatchingPair  10.000000  0.0  10.000000  10.000000      1
5                MAST   5.000000  0.0   5.000000   5.000000      1
6  CopheneticL2Metric   8.544004  0.0   8.544004   8.544004      1
