                              metrics
No                             1.0000
RefTree                        1.0000
Tree                           1.0000
RefTree_taxa                  19.0000
Tree_taxa                     19.0000
Common_taxa                   19.0000
MatchingCluster               22.0000
MatchingCluster_toYuleAvg      0.2837
MatchingCluster_toUnifAvg      0.2475
R-F_Cluster                    3.0000
R-F_Cluster_toYuleAvg          0.1791
R-F_Cluster_toUnifAvg          0.1782
NodalSplitted                 24.3311
NodalSplitted_toYuleAvg        0.4524
NodalSplitted_toUnifAvg        0.3688
Triples                       45.0000
Triples_toYuleAvg              0.0699
Triples_toUnifAvg              0.0696
MatchingPair                  20.0000
MatchingPair_toYuleAvg         0.1671
MatchingPair_toUnifAvg         0.1698
MAST                           3.0000
MAST_toYuleAvg                 0.2397
MAST_toUnifAvg                 0.2378
CopheneticL2Metric            16.4317
CopheneticL2Metric_toYuleAvg   0.3892
CopheneticL2Metric_toUnifAvg   0.3336

                 Name        Avg  Std        Min        Max  Count
0     MatchingCluster  22.000000  0.0  22.000000  22.000000      1
1         R-F_Cluster   3.000000  0.0   3.000000   3.000000      1
2       NodalSplitted  24.331050  0.0  24.331050  24.331050      1
3             Triples  45.000000  0.0  45.000000  45.000000      1
4        MatchingPair  20.000000  0.0  20.000000  20.000000      1
5                MAST   3.000000  0.0   3.000000   3.000000      1
6  CopheneticL2Metric  16.431677  0.0  16.431677  16.431677      1
