                              metrics
No                             1.0000
RefTree                        1.0000
Tree                           1.0000
RefTree_taxa                   9.0000
Tree_taxa                      9.0000
Common_taxa                    9.0000
MatchingCluster               16.0000
MatchingCluster_toYuleAvg      0.7786
MatchingCluster_toUnifAvg      0.7498
R-F_Cluster                    5.0000
R-F_Cluster_toYuleAvg          0.7502
R-F_Cluster_toUnifAvg          0.7412
NodalSplitted                 12.9615
NodalSplitted_toYuleAvg        0.7661
NodalSplitted_toUnifAvg        0.7272
Triples                       34.0000
Triples_toYuleAvg              0.6080
Triples_toUnifAvg              0.6115
MatchingPair                  18.0000
MatchingPair_toYuleAvg         0.8491
MatchingPair_toUnifAvg         0.8604
MAST                           4.0000
MAST_toYuleAvg                 0.8722
MAST_toUnifAvg                 0.8584
CopheneticL2Metric            12.4499
CopheneticL2Metric_toYuleAvg   0.8914
CopheneticL2Metric_toUnifAvg   0.8597

                 Name        Avg  Std        Min        Max  Count
0     MatchingCluster  16.000000  0.0  16.000000  16.000000      1
1         R-F_Cluster   5.000000  0.0   5.000000   5.000000      1
2       NodalSplitted  12.961481  0.0  12.961481  12.961481      1
3             Triples  34.000000  0.0  34.000000  34.000000      1
4        MatchingPair  18.000000  0.0  18.000000  18.000000      1
5                MAST   4.000000  0.0   4.000000   4.000000      1
6  CopheneticL2Metric  12.449900  0.0  12.449900  12.449900      1
