                               metrics
No                              1.0000
RefTree                         1.0000
Tree                            1.0000
RefTree_taxa                   18.0000
Tree_taxa                      18.0000
Common_taxa                    18.0000
MatchingCluster                54.0000
MatchingCluster_toYuleAvg       0.7601
MatchingCluster_toUnifAvg       0.6715
R-F_Cluster                    12.5000
R-F_Cluster_toYuleAvg           0.7918
R-F_Cluster_toUnifAvg           0.7899
NodalSplitted                  32.9848
NodalSplitted_toYuleAvg         0.6635
NodalSplitted_toUnifAvg         0.5442
Triples                       507.0000
Triples_toYuleAvg               0.9274
Triples_toUnifAvg               0.9337
MatchingPair                   95.0000
MatchingPair_toYuleAvg          0.8930
MatchingPair_toUnifAvg          0.9134
MAST                           10.0000
MAST_toYuleAvg                  0.8520
MAST_toUnifAvg                  0.8497
CopheneticL2Metric             22.8473
CopheneticL2Metric_toYuleAvg    0.5823
CopheneticL2Metric_toUnifAvg    0.5055

                 Name         Avg  Std         Min         Max  Count
0     MatchingCluster   54.000000  0.0   54.000000   54.000000      1
1         R-F_Cluster   12.500000  0.0   12.500000   12.500000      1
2       NodalSplitted   32.984845  0.0   32.984845   32.984845      1
3             Triples  507.000000  0.0  507.000000  507.000000      1
4        MatchingPair   95.000000  0.0   95.000000   95.000000      1
5                MAST   10.000000  0.0   10.000000   10.000000      1
6  CopheneticL2Metric   22.847319  0.0   22.847319   22.847319      1
