                              metrics
No                             1.0000
RefTree                        1.0000
Tree                           1.0000
RefTree_taxa                  12.0000
Tree_taxa                     11.0000
Common_taxa                   11.0000
MatchingCluster               19.0000
MatchingCluster_toYuleAvg      0.6260
MatchingCluster_toUnifAvg      0.5946
R-F_Cluster                    7.5000
R-F_Cluster_toYuleAvg          0.8586
R-F_Cluster_toUnifAvg          0.8520
NodalSplitted                 15.2315
NodalSplitted_toYuleAvg        0.6418
NodalSplitted_toUnifAvg        0.5941
Triples                       81.0000
Triples_toYuleAvg              0.7370
Triples_toUnifAvg              0.7349
MatchingPair                  26.0000
MatchingPair_toYuleAvg         0.7570
MatchingPair_toUnifAvg         0.7634
MAST                           4.0000
MAST_toYuleAvg                 0.6474
MAST_toUnifAvg                 0.6464
CopheneticL2Metric            11.5758
CopheneticL2Metric_toYuleAvg   0.6073
CopheneticL2Metric_toUnifAvg   0.5629

                 Name        Avg  Std        Min        Max  Count
0     MatchingCluster  19.000000  0.0  19.000000  19.000000      1
1         R-F_Cluster   7.500000  0.0   7.500000   7.500000      1
2       NodalSplitted  15.231546  0.0  15.231546  15.231546      1
3             Triples  81.000000  0.0  81.000000  81.000000      1
4        MatchingPair  26.000000  0.0  26.000000  26.000000      1
5                MAST   4.000000  0.0   4.000000   4.000000      1
6  CopheneticL2Metric  11.575837  0.0  11.575837  11.575837      1
