                              metrics
No                             1.0000
RefTree                        1.0000
Tree                           1.0000
RefTree_taxa                  16.0000
Tree_taxa                     16.0000
Common_taxa                   16.0000
MatchingCluster                9.0000
MatchingCluster_toYuleAvg      0.1540
MatchingCluster_toUnifAvg      0.1394
R-F_Cluster                    1.5000
R-F_Cluster_toYuleAvg          0.1089
R-F_Cluster_toUnifAvg          0.1085
NodalSplitted                 10.7238
NodalSplitted_toYuleAvg        0.2548
NodalSplitted_toUnifAvg        0.2179
Triples                       18.0000
Triples_toYuleAvg              0.0482
Triples_toUnifAvg              0.0484
MatchingPair                  10.0000
MatchingPair_toYuleAvg         0.1225
MatchingPair_toUnifAvg         0.1249
MAST                           3.0000
MAST_toYuleAvg                 0.2981
MAST_toUnifAvg                 0.2963
CopheneticL2Metric             5.5678
CopheneticL2Metric_toYuleAvg   0.1694
CopheneticL2Metric_toUnifAvg   0.1497

                 Name        Avg  Std        Min        Max  Count
0     MatchingCluster   9.000000  0.0   9.000000   9.000000      1
1         R-F_Cluster   1.500000  0.0   1.500000   1.500000      1
2       NodalSplitted  10.723805  0.0  10.723805  10.723805      1
3             Triples  18.000000  0.0  18.000000  18.000000      1
4        MatchingPair  10.000000  0.0  10.000000  10.000000      1
5                MAST   3.000000  0.0   3.000000   3.000000      1
6  CopheneticL2Metric   5.567764  0.0   5.567764   5.567764      1
