                               metrics
No                              1.0000
RefTree                         1.0000
Tree                            1.0000
RefTree_taxa                   21.0000
Tree_taxa                      21.0000
Common_taxa                    21.0000
MatchingCluster                69.0000
MatchingCluster_toYuleAvg       0.7533
MatchingCluster_toUnifAvg       0.6523
R-F_Cluster                    15.0000
R-F_Cluster_toYuleAvg           0.7991
R-F_Cluster_toUnifAvg           0.7958
NodalSplitted                  51.0098
NodalSplitted_toYuleAvg         0.8284
NodalSplitted_toUnifAvg         0.6554
Triples                       726.0000
Triples_toYuleAvg               0.8176
Triples_toUnifAvg               0.8191
MatchingPair                  121.0000
MatchingPair_toYuleAvg          0.8102
MatchingPair_toUnifAvg          0.8266
MAST                           13.0000
MAST_toYuleAvg                  0.9171
MAST_toUnifAvg                  0.9106
CopheneticL2Metric             32.5423
CopheneticL2Metric_toYuleAvg    0.6839
CopheneticL2Metric_toUnifAvg    0.5633

                 Name         Avg  Std         Min         Max  Count
0     MatchingCluster   69.000000  0.0   69.000000   69.000000      1
1         R-F_Cluster   15.000000  0.0   15.000000   15.000000      1
2       NodalSplitted   51.009803  0.0   51.009803   51.009803      1
3             Triples  726.000000  0.0  726.000000  726.000000      1
4        MatchingPair  121.000000  0.0  121.000000  121.000000      1
5                MAST   13.000000  0.0   13.000000   13.000000      1
6  CopheneticL2Metric   32.542280  0.0   32.542280   32.542280      1
