                               metrics
No                              1.0000
RefTree                         1.0000
Tree                            1.0000
RefTree_taxa                   16.0000
Tree_taxa                      16.0000
Common_taxa                    16.0000
MatchingCluster                37.0000
MatchingCluster_toYuleAvg       0.6331
MatchingCluster_toUnifAvg       0.5731
R-F_Cluster                     9.0000
R-F_Cluster_toYuleAvg           0.6535
R-F_Cluster_toUnifAvg           0.6510
NodalSplitted                  29.4449
NodalSplitted_toYuleAvg         0.6995
NodalSplitted_toUnifAvg         0.5983
Triples                       144.0000
Triples_toYuleAvg               0.3859
Triples_toUnifAvg               0.3869
MatchingPair                   43.0000
MatchingPair_toYuleAvg          0.5266
MatchingPair_toUnifAvg          0.5372
MAST                            8.0000
MAST_toYuleAvg                  0.7948
MAST_toUnifAvg                  0.7900
CopheneticL2Metric             19.4165
CopheneticL2Metric_toYuleAvg    0.5908
CopheneticL2Metric_toUnifAvg    0.5220

                 Name         Avg  Std         Min         Max  Count
0     MatchingCluster   37.000000  0.0   37.000000   37.000000      1
1         R-F_Cluster    9.000000  0.0    9.000000    9.000000      1
2       NodalSplitted   29.444864  0.0   29.444864   29.444864      1
3             Triples  144.000000  0.0  144.000000  144.000000      1
4        MatchingPair   43.000000  0.0   43.000000   43.000000      1
5                MAST    8.000000  0.0    8.000000    8.000000      1
6  CopheneticL2Metric   19.416488  0.0   19.416488   19.416488      1
