                              metrics
No                             1.0000
RefTree                        1.0000
Tree                           1.0000
RefTree_taxa                  13.0000
Tree_taxa                     13.0000
Common_taxa                   13.0000
MatchingCluster               14.0000
MatchingCluster_toYuleAvg      0.3429
MatchingCluster_toUnifAvg      0.3174
R-F_Cluster                    2.0000
R-F_Cluster_toYuleAvg          0.1855
R-F_Cluster_toUnifAvg          0.1848
NodalSplitted                 11.6619
NodalSplitted_toYuleAvg        0.3808
NodalSplitted_toUnifAvg        0.3364
Triples                       78.0000
Triples_toYuleAvg              0.4081
Triples_toUnifAvg              0.4083
MatchingPair                  27.0000
MatchingPair_toYuleAvg         0.5301
MatchingPair_toUnifAvg         0.5392
MAST                           4.0000
MAST_toYuleAvg                 0.5197
MAST_toUnifAvg                 0.5151
CopheneticL2Metric             9.6954
CopheneticL2Metric_toYuleAvg   0.3996
CopheneticL2Metric_toUnifAvg   0.3630

                 Name        Avg  Std        Min        Max  Count
0     MatchingCluster  14.000000  0.0  14.000000  14.000000      1
1         R-F_Cluster   2.000000  0.0   2.000000   2.000000      1
2       NodalSplitted  11.661904  0.0  11.661904  11.661904      1
3             Triples  78.000000  0.0  78.000000  78.000000      1
4        MatchingPair  27.000000  0.0  27.000000  27.000000      1
5                MAST   4.000000  0.0   4.000000   4.000000      1
6  CopheneticL2Metric   9.695360  0.0   9.695360   9.695360      1
