                               metrics
No                              1.0000
RefTree                         1.0000
Tree                            1.0000
RefTree_taxa                   17.0000
Tree_taxa                      16.0000
Common_taxa                    16.0000
MatchingCluster                54.0000
MatchingCluster_toYuleAvg       0.9240
MatchingCluster_toUnifAvg       0.8364
R-F_Cluster                     8.5000
R-F_Cluster_toYuleAvg           0.6172
R-F_Cluster_toUnifAvg           0.6148
NodalSplitted                  38.3667
NodalSplitted_toYuleAvg         0.9115
NodalSplitted_toUnifAvg         0.7796
Triples                       461.0000
Triples_toYuleAvg               1.2355
Triples_toUnifAvg               1.2387
MatchingPair                   58.0000
MatchingPair_toYuleAvg          0.7102
MatchingPair_toUnifAvg          0.7246
MAST                           10.0000
MAST_toYuleAvg                  0.9935
MAST_toUnifAvg                  0.9876
CopheneticL2Metric             25.0998
CopheneticL2Metric_toYuleAvg    0.7637
CopheneticL2Metric_toUnifAvg    0.6748

                 Name         Avg  Std         Min         Max  Count
0     MatchingCluster   54.000000  0.0   54.000000   54.000000      1
1         R-F_Cluster    8.500000  0.0    8.500000    8.500000      1
2       NodalSplitted   38.366652  0.0   38.366652   38.366652      1
3             Triples  461.000000  0.0  461.000000  461.000000      1
4        MatchingPair   58.000000  0.0   58.000000   58.000000      1
5                MAST   10.000000  0.0   10.000000   10.000000      1
6  CopheneticL2Metric   25.099801  0.0   25.099801   25.099801      1
