                              metrics
No                             1.0000
RefTree                        1.0000
Tree                           1.0000
RefTree_taxa                  18.0000
Tree_taxa                     18.0000
Common_taxa                   18.0000
MatchingCluster               11.0000
MatchingCluster_toYuleAvg      0.1548
MatchingCluster_toUnifAvg      0.1368
R-F_Cluster                    2.0000
R-F_Cluster_toYuleAvg          0.1267
R-F_Cluster_toUnifAvg          0.1264
NodalSplitted                 14.9332
NodalSplitted_toYuleAvg        0.3004
NodalSplitted_toUnifAvg        0.2464
Triples                       27.0000
Triples_toYuleAvg              0.0494
Triples_toUnifAvg              0.0497
MatchingPair                  11.0000
MatchingPair_toYuleAvg         0.1034
MatchingPair_toUnifAvg         0.1058
MAST                           4.0000
MAST_toYuleAvg                 0.3408
MAST_toUnifAvg                 0.3399
CopheneticL2Metric             7.2111
CopheneticL2Metric_toYuleAvg   0.1838
CopheneticL2Metric_toUnifAvg   0.1595

                 Name        Avg  Std        Min        Max  Count
0     MatchingCluster  11.000000  0.0  11.000000  11.000000      1
1         R-F_Cluster   2.000000  0.0   2.000000   2.000000      1
2       NodalSplitted  14.933185  0.0  14.933185  14.933185      1
3             Triples  27.000000  0.0  27.000000  27.000000      1
4        MatchingPair  11.000000  0.0  11.000000  11.000000      1
5                MAST   4.000000  0.0   4.000000   4.000000      1
6  CopheneticL2Metric   7.211103  0.0   7.211103   7.211103      1
