                              metrics
No                             1.0000
RefTree                        1.0000
Tree                           1.0000
RefTree_taxa                   7.0000
Tree_taxa                      7.0000
Common_taxa                    7.0000
MatchingCluster                6.0000
MatchingCluster_toYuleAvg      0.4755
MatchingCluster_toUnifAvg      0.4736
R-F_Cluster                    1.5000
R-F_Cluster_toYuleAvg          0.3193
R-F_Cluster_toUnifAvg          0.3204
NodalSplitted                  6.3246
NodalSplitted_toYuleAvg        0.5765
NodalSplitted_toUnifAvg        0.5742
Triples                        4.0000
Triples_toYuleAvg              0.1706
Triples_toUnifAvg              0.1731
MatchingPair                   4.0000
MatchingPair_toYuleAvg         0.3524
MatchingPair_toUnifAvg         0.3578
MAST                           2.0000
MAST_toYuleAvg                 0.6283
MAST_toUnifAvg                 0.6217
CopheneticL2Metric             4.4721
CopheneticL2Metric_toYuleAvg   0.4893
CopheneticL2Metric_toUnifAvg   0.4795

                 Name       Avg  Std       Min       Max  Count
0     MatchingCluster  6.000000  0.0  6.000000  6.000000      1
1         R-F_Cluster  1.500000  0.0  1.500000  1.500000      1
2       NodalSplitted  6.324555  0.0  6.324555  6.324555      1
3             Triples  4.000000  0.0  4.000000  4.000000      1
4        MatchingPair  4.000000  0.0  4.000000  4.000000      1
5                MAST  2.000000  0.0  2.000000  2.000000      1
6  CopheneticL2Metric  4.472136  0.0  4.472136  4.472136      1
