
                            < M A T L A B (R) >
                  Copyright 1984-2017 The MathWorks, Inc.
                   R2017a (9.2.0.538062) 64-bit (glnxa64)
                             February 23, 2017

 
To get started, type one of these: helpwin, helpdesk, or demo.
For product information, visit www.mathworks.com.
 
Running "Run1", Seed: 145539
 *** Finished Simulation Run ***

config-11.json #############################################

[#.........] | Progress: 1 | Time: 0.0s | ETA: --[.#........] | Progress: 17 | Time: 0.1s | ETA: --[..#.......] | Progress: 33 | Time: 0.1s | ETA: --[...#......] | Progress: 49 | Time: 0.2s | ETA: --[....#.....] | Progress: 65 | Time: 0.2s | ETA: --[.....#....] | Progress: 81 | Time: 0.3s | ETA: --[......#...] | Progress: 97 | Time: 0.3s | ETA: --[.......#..] | Progress: 113 | Time: 0.4s | ETA: --[........#.] | Progress: 129 | Time: 0.4s | ETA: --[.........#] | Progress: 145 | Time: 0.5s | ETA: --[........#.] | Progress: 161 | Time: 0.5s | ETA: --[.......#..] | Progress: 177 | Time: 0.6s | ETA: --[......#...] | Progress: 193 | Time: 0.6s | ETA: --[.....#....] | Progress: 209 | Time: 0.7s | ETA: --[....#.....] | Progress: 225 | Time: 0.7s | ETA: --[...#......] | Progress: 241 | Time: 0.8s | ETA: --[##########] | Progress: 256 | Time: 0.8s | ETA: --fit<>, fid</home/chun/projects/clineage-simulation/analysis/tmc-145539/tmc-009/case-11/triplets-list.raw.txt>, flg<treeReconstruction.log>, frt<resTree.tree>, frtN</home/chun/projects/clineage-simulation/analysis/tmc-145539/tmc-009/case-11/reconstructed.tmp.newick>, fsd<qqq.dat>, fst<simul.tree>, -->index=2
Read triplets from file...
Read triplets from file...Finished
N_triplets = 256, idMaxFound = 13
treeBuildBasedOnTriplets_run...
make_isTogetherInTripletAndDeleteExtraTriplets: Finished
maxCut with 12 nodes: Finished
maxCut with 10 nodes: Finished
treeBuildBasedOnTriplets_run...Finished
Saving tree to file...
Saving tree to file...Finished

                            < M A T L A B (R) >
                  Copyright 1984-2017 The MathWorks, Inc.
                   R2017a (9.2.0.538062) 64-bit (glnxa64)
                             February 23, 2017

 
To get started, type one of these: helpwin, helpdesk, or demo.
For product information, visit www.mathworks.com.
 
TreeCmp version build2

Active options:
Type of the analysis:  ref-to-all comparison mode (-r)
Metrics:
  1. MatchingCluster (mc)
  2. R-F_Cluster (rc)
  3. NodalSplitted (ns)
  4. Triples (tt)
  5. MatchingPair (mp)
  6. MAST (mt)
  7. CopheneticL2Metric (co)
Input file: /home/chun/projects/clineage-simulation/analysis/tmc-145539/tmc-009/case-11/reconstructed.newick
Output file: /home/chun/projects/clineage-simulation/analysis/tmc-145539/tmc-009/case-11/scores.raw.out
Additional options:
N - Report normalized distances.
P - Prune compared trees if needed (trees can have different leaf sets).
I - Include summary section in the output file.
-----
2018-06-19 06:48:37: Start of reading random statistics.
2018-06-19 06:48:37: End of reading random statistics.
2018-06-19 06:48:37: Start of scanning input file: /home/chun/projects/clineage-simulation/analysis/tmc-145539/tmc-009/case-11/reconstructed.newick
2018-06-19 06:48:37: End of scanning input file: /home/chun/projects/clineage-simulation/analysis/tmc-145539/tmc-009/case-11/reconstructed.newick
2018-06-19 06:48:37: 1 valid trees found in file: /home/chun/projects/clineage-simulation/analysis/tmc-145539/tmc-009/case-11/reconstructed.newick
2018-06-19 06:48:37: Start of calculation...please wait...
2018-06-19 06:48:37: 0.00% completed...
2018-06-19 06:48:37: 100.00% completed.
2018-06-19 06:48:37: End of calculation.
2018-06-19 06:48:37: Total calculation time: 21 ms.
                              metrics
No                             1.0000
RefTree                        1.0000
Tree                           1.0000
RefTree_taxa                  14.0000
Tree_taxa                     14.0000
Common_taxa                   14.0000
MatchingCluster                5.0000
MatchingCluster_toYuleAvg      0.1070
MatchingCluster_toUnifAvg      0.0991
R-F_Cluster                    2.0000
R-F_Cluster_toYuleAvg          0.1698
R-F_Cluster_toUnifAvg          0.1693
NodalSplitted                  9.1104
NodalSplitted_toYuleAvg        0.2622
NodalSplitted_toUnifAvg        0.2333
Triples                        5.0000
Triples_toYuleAvg              0.0206
Triples_toUnifAvg              0.0206
MatchingPair                   3.0000
MatchingPair_toYuleAvg         0.0499
MatchingPair_toUnifAvg         0.0508
MAST                           2.0000
MAST_toYuleAvg                 0.2357
MAST_toUnifAvg                 0.2335
CopheneticL2Metric             3.6056
CopheneticL2Metric_toYuleAvg   0.1317
CopheneticL2Metric_toUnifAvg   0.1182

                 Name       Avg  Std       Min       Max  Count
0     MatchingCluster  5.000000  0.0  5.000000  5.000000      1
1         R-F_Cluster  2.000000  0.0  2.000000  2.000000      1
2       NodalSplitted  9.110434  0.0  9.110434  9.110434      1
3             Triples  5.000000  0.0  5.000000  5.000000      1
4        MatchingPair  3.000000  0.0  3.000000  3.000000      1
5                MAST  2.000000  0.0  2.000000  2.000000      1
6  CopheneticL2Metric  3.605551  0.0  3.605551  3.605551      1
