                              metrics
No                             1.0000
RefTree                        1.0000
Tree                           1.0000
RefTree_taxa                  18.0000
Tree_taxa                     18.0000
Common_taxa                   18.0000
MatchingCluster               19.0000
MatchingCluster_toYuleAvg      0.2674
MatchingCluster_toUnifAvg      0.2363
R-F_Cluster                    5.0000
R-F_Cluster_toYuleAvg          0.3167
R-F_Cluster_toUnifAvg          0.3160
NodalSplitted                 19.7231
NodalSplitted_toYuleAvg        0.3967
NodalSplitted_toUnifAvg        0.3254
Triples                       20.0000
Triples_toYuleAvg              0.0366
Triples_toUnifAvg              0.0368
MatchingPair                  15.0000
MatchingPair_toYuleAvg         0.1410
MatchingPair_toUnifAvg         0.1442
MAST                           5.0000
MAST_toYuleAvg                 0.4260
MAST_toUnifAvg                 0.4248
CopheneticL2Metric             8.6603
CopheneticL2Metric_toYuleAvg   0.2207
CopheneticL2Metric_toUnifAvg   0.1916

                 Name        Avg  Std        Min        Max  Count
0     MatchingCluster  19.000000  0.0  19.000000  19.000000      1
1         R-F_Cluster   5.000000  0.0   5.000000   5.000000      1
2       NodalSplitted  19.723083  0.0  19.723083  19.723083      1
3             Triples  20.000000  0.0  20.000000  20.000000      1
4        MatchingPair  15.000000  0.0  15.000000  15.000000      1
5                MAST   5.000000  0.0   5.000000   5.000000      1
6  CopheneticL2Metric   8.660254  0.0   8.660254   8.660254      1
