                              metrics
No                             1.0000
RefTree                        1.0000
Tree                           1.0000
RefTree_taxa                  23.0000
Tree_taxa                     23.0000
Common_taxa                   23.0000
MatchingCluster               18.0000
MatchingCluster_toYuleAvg      0.1698
MatchingCluster_toUnifAvg      0.1452
R-F_Cluster                    4.5000
R-F_Cluster_toYuleAvg          0.2166
R-F_Cluster_toUnifAvg          0.2162
NodalSplitted                 22.6716
NodalSplitted_toYuleAvg        0.3214
NodalSplitted_toUnifAvg        0.2529
Triples                       35.0000
Triples_toYuleAvg              0.0296
Triples_toUnifAvg              0.0297
MatchingPair                  14.0000
MatchingPair_toYuleAvg         0.0767
MatchingPair_toUnifAvg         0.0784
MAST                           4.0000
MAST_toYuleAvg                 0.2521
MAST_toUnifAvg                 0.2498
CopheneticL2Metric            10.1980
CopheneticL2Metric_toYuleAvg   0.1882
CopheneticL2Metric_toUnifAvg   0.1510

                 Name        Avg  Std        Min        Max  Count
0     MatchingCluster  18.000000  0.0  18.000000  18.000000      1
1         R-F_Cluster   4.500000  0.0   4.500000   4.500000      1
2       NodalSplitted  22.671568  0.0  22.671568  22.671568      1
3             Triples  35.000000  0.0  35.000000  35.000000      1
4        MatchingPair  14.000000  0.0  14.000000  14.000000      1
5                MAST   4.000000  0.0   4.000000   4.000000      1
6  CopheneticL2Metric  10.198039  0.0  10.198039  10.198039      1
