                              metrics
No                             1.0000
RefTree                        1.0000
Tree                           1.0000
RefTree_taxa                  21.0000
Tree_taxa                     21.0000
Common_taxa                   21.0000
MatchingCluster               12.0000
MatchingCluster_toYuleAvg      0.1310
MatchingCluster_toUnifAvg      0.1135
R-F_Cluster                    3.5000
R-F_Cluster_toYuleAvg          0.1865
R-F_Cluster_toUnifAvg          0.1857
NodalSplitted                 19.2354
NodalSplitted_toYuleAvg        0.3124
NodalSplitted_toUnifAvg        0.2471
Triples                       10.0000
Triples_toYuleAvg              0.0113
Triples_toUnifAvg              0.0113
MatchingPair                   8.0000
MatchingPair_toYuleAvg         0.0536
MatchingPair_toUnifAvg         0.0547
MAST                           4.0000
MAST_toYuleAvg                 0.2822
MAST_toUnifAvg                 0.2802
CopheneticL2Metric             6.8557
CopheneticL2Metric_toYuleAvg   0.1441
CopheneticL2Metric_toUnifAvg   0.1187

                 Name        Avg  Std        Min        Max  Count
0     MatchingCluster  12.000000  0.0  12.000000  12.000000      1
1         R-F_Cluster   3.500000  0.0   3.500000   3.500000      1
2       NodalSplitted  19.235384  0.0  19.235384  19.235384      1
3             Triples  10.000000  0.0  10.000000  10.000000      1
4        MatchingPair   8.000000  0.0   8.000000   8.000000      1
5                MAST   4.000000  0.0   4.000000   4.000000      1
6  CopheneticL2Metric   6.855655  0.0   6.855655   6.855655      1
