                               metrics
No                              1.0000
RefTree                         1.0000
Tree                            1.0000
RefTree_taxa                   15.0000
Tree_taxa                      15.0000
Common_taxa                    15.0000
MatchingCluster                40.0000
MatchingCluster_toYuleAvg       0.7728
MatchingCluster_toUnifAvg       0.6961
R-F_Cluster                     8.5000
R-F_Cluster_toYuleAvg           0.6669
R-F_Cluster_toUnifAvg           0.6632
NodalSplitted                  32.2490
NodalSplitted_toYuleAvg         0.8518
NodalSplitted_toUnifAvg         0.7334
Triples                       309.0000
Triples_toYuleAvg               1.0238
Triples_toUnifAvg               1.0208
MatchingPair                   58.0000
MatchingPair_toYuleAvg          0.8246
MatchingPair_toUnifAvg          0.8361
MAST                           10.0000
MAST_toYuleAvg                  1.0832
MAST_toUnifAvg                  1.0667
CopheneticL2Metric             18.8944
CopheneticL2Metric_toYuleAvg    0.6305
CopheneticL2Metric_toUnifAvg    0.5579

                 Name         Avg  Std         Min         Max  Count
0     MatchingCluster   40.000000  0.0   40.000000   40.000000      1
1         R-F_Cluster    8.500000  0.0    8.500000    8.500000      1
2       NodalSplitted   32.249031  0.0   32.249031   32.249031      1
3             Triples  309.000000  0.0  309.000000  309.000000      1
4        MatchingPair   58.000000  0.0   58.000000   58.000000      1
5                MAST   10.000000  0.0   10.000000   10.000000      1
6  CopheneticL2Metric   18.894444  0.0   18.894444   18.894444      1
