                              metrics
No                             1.0000
RefTree                        1.0000
Tree                           1.0000
RefTree_taxa                   8.0000
Tree_taxa                      8.0000
Common_taxa                    8.0000
MatchingCluster               13.0000
MatchingCluster_toYuleAvg      0.7936
MatchingCluster_toUnifAvg      0.7639
R-F_Cluster                    3.0000
R-F_Cluster_toYuleAvg          0.5249
R-F_Cluster_toUnifAvg          0.5206
NodalSplitted                  9.9499
NodalSplitted_toYuleAvg        0.7250
NodalSplitted_toUnifAvg        0.6881
Triples                       24.0000
Triples_toYuleAvg              0.6487
Triples_toUnifAvg              0.6348
MatchingPair                  13.0000
MatchingPair_toYuleAvg         0.8194
MatchingPair_toUnifAvg         0.8164
MAST                           3.0000
MAST_toYuleAvg                 0.7702
MAST_toUnifAvg                 0.7647
CopheneticL2Metric             9.6437
CopheneticL2Metric_toYuleAvg   0.8463
CopheneticL2Metric_toUnifAvg   0.8169

                 Name        Avg  Std        Min        Max  Count
0     MatchingCluster  13.000000  0.0  13.000000  13.000000      1
1         R-F_Cluster   3.000000  0.0   3.000000   3.000000      1
2       NodalSplitted   9.949874  0.0   9.949874   9.949874      1
3             Triples  24.000000  0.0  24.000000  24.000000      1
4        MatchingPair  13.000000  0.0  13.000000  13.000000      1
5                MAST   3.000000  0.0   3.000000   3.000000      1
6  CopheneticL2Metric   9.643651  0.0   9.643651   9.643651      1
