                               metrics
No                              1.0000
RefTree                         1.0000
Tree                            1.0000
RefTree_taxa                   14.0000
Tree_taxa                      14.0000
Common_taxa                    14.0000
MatchingCluster                28.0000
MatchingCluster_toYuleAvg       0.5994
MatchingCluster_toUnifAvg       0.5550
R-F_Cluster                     6.0000
R-F_Cluster_toYuleAvg           0.5095
R-F_Cluster_toUnifAvg           0.5078
NodalSplitted                  19.8494
NodalSplitted_toYuleAvg         0.5713
NodalSplitted_toUnifAvg         0.5083
Triples                       168.0000
Triples_toYuleAvg               0.6914
Triples_toUnifAvg               0.6930
MatchingPair                   46.0000
MatchingPair_toYuleAvg          0.7650
MatchingPair_toUnifAvg          0.7789
MAST                            6.0000
MAST_toYuleAvg                  0.7072
MAST_toUnifAvg                  0.7004
CopheneticL2Metric             20.5426
CopheneticL2Metric_toYuleAvg    0.7505
CopheneticL2Metric_toUnifAvg    0.6733

                 Name         Avg  Std         Min         Max  Count
0     MatchingCluster   28.000000  0.0   28.000000   28.000000      1
1         R-F_Cluster    6.000000  0.0    6.000000    6.000000      1
2       NodalSplitted   19.849433  0.0   19.849433   19.849433      1
3             Triples  168.000000  0.0  168.000000  168.000000      1
4        MatchingPair   46.000000  0.0   46.000000   46.000000      1
5                MAST    6.000000  0.0    6.000000    6.000000      1
6  CopheneticL2Metric   20.542639  0.0   20.542639   20.542639      1
