                               metrics
No                              1.0000
RefTree                         1.0000
Tree                            1.0000
RefTree_taxa                   19.0000
Tree_taxa                      19.0000
Common_taxa                    19.0000
MatchingCluster                68.0000
MatchingCluster_toYuleAvg       0.8769
MatchingCluster_toUnifAvg       0.7651
R-F_Cluster                    12.0000
R-F_Cluster_toYuleAvg           0.7166
R-F_Cluster_toUnifAvg           0.7129
NodalSplitted                  51.2835
NodalSplitted_toYuleAvg         0.9535
NodalSplitted_toUnifAvg         0.7774
Triples                       635.0000
Triples_toYuleAvg               0.9867
Triples_toUnifAvg               0.9820
MatchingPair                  122.0000
MatchingPair_toYuleAvg          1.0194
MatchingPair_toUnifAvg          1.0358
MAST                           13.0000
MAST_toYuleAvg                  1.0388
MAST_toUnifAvg                  1.0307
CopheneticL2Metric             32.9545
CopheneticL2Metric_toYuleAvg    0.7807
CopheneticL2Metric_toUnifAvg    0.6691

                 Name         Avg  Std         Min         Max  Count
0     MatchingCluster   68.000000  0.0   68.000000   68.000000      1
1         R-F_Cluster   12.000000  0.0   12.000000   12.000000      1
2       NodalSplitted   51.283526  0.0   51.283526   51.283526      1
3             Triples  635.000000  0.0  635.000000  635.000000      1
4        MatchingPair  122.000000  0.0  122.000000  122.000000      1
5                MAST   13.000000  0.0   13.000000   13.000000      1
6  CopheneticL2Metric   32.954514  0.0   32.954514   32.954514      1
