                              metrics
No                             1.0000
RefTree                        1.0000
Tree                           1.0000
RefTree_taxa                   4.0000
Tree_taxa                      4.0000
Common_taxa                    4.0000
MatchingCluster                4.0000
MatchingCluster_toYuleAvg      1.2085
MatchingCluster_toUnifAvg      1.1817
R-F_Cluster                    1.5000
R-F_Cluster_toYuleAvg          0.9276
R-F_Cluster_toUnifAvg          0.9236
NodalSplitted                  2.8284
NodalSplitted_toYuleAvg        0.8549
NodalSplitted_toUnifAvg        0.8445
Triples                        4.0000
Triples_toYuleAvg              1.4848
Triples_toUnifAvg              1.4572
MatchingPair                   3.0000
MatchingPair_toYuleAvg         1.3618
MatchingPair_toUnifAvg         1.3310
MAST                           2.0000
MAST_toYuleAvg                 1.7109
MAST_toUnifAvg                 1.7050
CopheneticL2Metric             2.2361
CopheneticL2Metric_toYuleAvg   0.7352
CopheneticL2Metric_toUnifAvg   0.7322

                 Name       Avg  Std       Min       Max  Count
0     MatchingCluster  4.000000  0.0  4.000000  4.000000      1
1         R-F_Cluster  1.500000  0.0  1.500000  1.500000      1
2       NodalSplitted  2.828427  0.0  2.828427  2.828427      1
3             Triples  4.000000  0.0  4.000000  4.000000      1
4        MatchingPair  3.000000  0.0  3.000000  3.000000      1
5                MAST  2.000000  0.0  2.000000  2.000000      1
6  CopheneticL2Metric  2.236068  0.0  2.236068  2.236068      1
