                              metrics
No                             1.0000
RefTree                        1.0000
Tree                           1.0000
RefTree_taxa                  15.0000
Tree_taxa                     15.0000
Common_taxa                   15.0000
MatchingCluster               24.0000
MatchingCluster_toYuleAvg      0.4637
MatchingCluster_toUnifAvg      0.4177
R-F_Cluster                    4.0000
R-F_Cluster_toYuleAvg          0.3138
R-F_Cluster_toUnifAvg          0.3121
NodalSplitted                 14.9666
NodalSplitted_toYuleAvg        0.3953
NodalSplitted_toUnifAvg        0.3404
Triples                       57.0000
Triples_toYuleAvg              0.1889
Triples_toUnifAvg              0.1883
MatchingPair                  21.0000
MatchingPair_toYuleAvg         0.2985
MatchingPair_toUnifAvg         0.3027
MAST                           4.0000
MAST_toYuleAvg                 0.4333
MAST_toUnifAvg                 0.4267
CopheneticL2Metric            14.8997
CopheneticL2Metric_toYuleAvg   0.4972
CopheneticL2Metric_toUnifAvg   0.4399

                 Name        Avg  Std        Min        Max  Count
0     MatchingCluster  24.000000  0.0  24.000000  24.000000      1
1         R-F_Cluster   4.000000  0.0   4.000000   4.000000      1
2       NodalSplitted  14.966630  0.0  14.966630  14.966630      1
3             Triples  57.000000  0.0  57.000000  57.000000      1
4        MatchingPair  21.000000  0.0  21.000000  21.000000      1
5                MAST   4.000000  0.0   4.000000   4.000000      1
6  CopheneticL2Metric  14.899664  0.0  14.899664  14.899664      1
