                              metrics
No                             1.0000
RefTree                        1.0000
Tree                           1.0000
RefTree_taxa                  15.0000
Tree_taxa                     15.0000
Common_taxa                   15.0000
MatchingCluster               10.0000
MatchingCluster_toYuleAvg      0.1932
MatchingCluster_toUnifAvg      0.1740
R-F_Cluster                    4.0000
R-F_Cluster_toYuleAvg          0.3138
R-F_Cluster_toUnifAvg          0.3121
NodalSplitted                 12.0830
NodalSplitted_toYuleAvg        0.3191
NodalSplitted_toUnifAvg        0.2748
Triples                       14.0000
Triples_toYuleAvg              0.0464
Triples_toUnifAvg              0.0462
MatchingPair                  10.0000
MatchingPair_toYuleAvg         0.1422
MatchingPair_toUnifAvg         0.1442
MAST                           4.0000
MAST_toYuleAvg                 0.4333
MAST_toUnifAvg                 0.4267
CopheneticL2Metric             5.5678
CopheneticL2Metric_toYuleAvg   0.1858
CopheneticL2Metric_toUnifAvg   0.1644

                 Name        Avg  Std        Min        Max  Count
0     MatchingCluster  10.000000  0.0  10.000000  10.000000      1
1         R-F_Cluster   4.000000  0.0   4.000000   4.000000      1
2       NodalSplitted  12.083046  0.0  12.083046  12.083046      1
3             Triples  14.000000  0.0  14.000000  14.000000      1
4        MatchingPair  10.000000  0.0  10.000000  10.000000      1
5                MAST   4.000000  0.0   4.000000   4.000000      1
6  CopheneticL2Metric   5.567764  0.0   5.567764   5.567764      1
