                              metrics
No                             1.0000
RefTree                        1.0000
Tree                           1.0000
RefTree_taxa                  11.0000
Tree_taxa                     11.0000
Common_taxa                   11.0000
MatchingCluster                6.0000
MatchingCluster_toYuleAvg      0.1977
MatchingCluster_toUnifAvg      0.1878
R-F_Cluster                    1.5000
R-F_Cluster_toYuleAvg          0.1717
R-F_Cluster_toUnifAvg          0.1704
NodalSplitted                  8.9443
NodalSplitted_toYuleAvg        0.3769
NodalSplitted_toUnifAvg        0.3489
Triples                        4.0000
Triples_toYuleAvg              0.0364
Triples_toUnifAvg              0.0363
MatchingPair                   4.0000
MatchingPair_toYuleAvg         0.1165
MatchingPair_toUnifAvg         0.1174
MAST                           2.0000
MAST_toYuleAvg                 0.3237
MAST_toUnifAvg                 0.3232
CopheneticL2Metric             4.4721
CopheneticL2Metric_toYuleAvg   0.2346
CopheneticL2Metric_toUnifAvg   0.2175

                 Name       Avg  Std       Min       Max  Count
0     MatchingCluster  6.000000  0.0  6.000000  6.000000      1
1         R-F_Cluster  1.500000  0.0  1.500000  1.500000      1
2       NodalSplitted  8.944272  0.0  8.944272  8.944272      1
3             Triples  4.000000  0.0  4.000000  4.000000      1
4        MatchingPair  4.000000  0.0  4.000000  4.000000      1
5                MAST  2.000000  0.0  2.000000  2.000000      1
6  CopheneticL2Metric  4.472136  0.0  4.472136  4.472136      1
