                              metrics
No                             1.0000
RefTree                        1.0000
Tree                           1.0000
RefTree_taxa                  17.0000
Tree_taxa                     17.0000
Common_taxa                   17.0000
MatchingCluster                4.0000
MatchingCluster_toYuleAvg      0.0619
MatchingCluster_toUnifAvg      0.0550
R-F_Cluster                    1.0000
R-F_Cluster_toYuleAvg          0.0677
R-F_Cluster_toUnifAvg          0.0674
NodalSplitted                  7.6158
NodalSplitted_toYuleAvg        0.1662
NodalSplitted_toUnifAvg        0.1391
Triples                        9.0000
Triples_toYuleAvg              0.0198
Triples_toUnifAvg              0.0198
MatchingPair                   3.0000
MatchingPair_toYuleAvg         0.0321
MatchingPair_toUnifAvg         0.0326
MAST                           1.0000
MAST_toYuleAvg                 0.0920
MAST_toUnifAvg                 0.0913
CopheneticL2Metric             4.3589
CopheneticL2Metric_toYuleAvg   0.1214
CopheneticL2Metric_toUnifAvg   0.1054

                 Name       Avg  Std       Min       Max  Count
0     MatchingCluster  4.000000  0.0  4.000000  4.000000      1
1         R-F_Cluster  1.000000  0.0  1.000000  1.000000      1
2       NodalSplitted  7.615773  0.0  7.615773  7.615773      1
3             Triples  9.000000  0.0  9.000000  9.000000      1
4        MatchingPair  3.000000  0.0  3.000000  3.000000      1
5                MAST  1.000000  0.0  1.000000  1.000000      1
6  CopheneticL2Metric  4.358899  0.0  4.358899  4.358899      1
