                              metrics
No                             1.0000
RefTree                        1.0000
Tree                           1.0000
RefTree_taxa                   5.0000
Tree_taxa                      4.0000
Common_taxa                    4.0000
MatchingCluster                2.0000
MatchingCluster_toYuleAvg      0.6042
MatchingCluster_toUnifAvg      0.5908
R-F_Cluster                    1.0000
R-F_Cluster_toYuleAvg          0.6184
R-F_Cluster_toUnifAvg          0.6158
NodalSplitted                  2.4495
NodalSplitted_toYuleAvg        0.7403
NodalSplitted_toUnifAvg        0.7314
Triples                        1.0000
Triples_toYuleAvg              0.3712
Triples_toUnifAvg              0.3643
MatchingPair                   1.0000
MatchingPair_toYuleAvg         0.4539
MatchingPair_toUnifAvg         0.4437
MAST                           1.0000
MAST_toYuleAvg                 0.8554
MAST_toUnifAvg                 0.8525
CopheneticL2Metric             2.0000
CopheneticL2Metric_toYuleAvg   0.6576
CopheneticL2Metric_toUnifAvg   0.6549

                 Name      Avg  Std      Min      Max  Count
0     MatchingCluster  2.00000  0.0  2.00000  2.00000      1
1         R-F_Cluster  1.00000  0.0  1.00000  1.00000      1
2       NodalSplitted  2.44949  0.0  2.44949  2.44949      1
3             Triples  1.00000  0.0  1.00000  1.00000      1
4        MatchingPair  1.00000  0.0  1.00000  1.00000      1
5                MAST  1.00000  0.0  1.00000  1.00000      1
6  CopheneticL2Metric  2.00000  0.0  2.00000  2.00000      1
