                              metrics
No                             1.0000
RefTree                        1.0000
Tree                           1.0000
RefTree_taxa                  16.0000
Tree_taxa                     16.0000
Common_taxa                   16.0000
MatchingCluster               10.0000
MatchingCluster_toYuleAvg      0.1711
MatchingCluster_toUnifAvg      0.1549
R-F_Cluster                    2.5000
R-F_Cluster_toYuleAvg          0.1815
R-F_Cluster_toUnifAvg          0.1808
NodalSplitted                 12.4900
NodalSplitted_toYuleAvg        0.2967
NodalSplitted_toUnifAvg        0.2538
Triples                        7.0000
Triples_toYuleAvg              0.0188
Triples_toUnifAvg              0.0188
MatchingPair                   7.0000
MatchingPair_toYuleAvg         0.0857
MatchingPair_toUnifAvg         0.0875
MAST                           3.0000
MAST_toYuleAvg                 0.2981
MAST_toUnifAvg                 0.2963
CopheneticL2Metric             5.6569
CopheneticL2Metric_toYuleAvg   0.1721
CopheneticL2Metric_toUnifAvg   0.1521

                 Name        Avg  Std        Min        Max  Count
0     MatchingCluster  10.000000  0.0  10.000000  10.000000      1
1         R-F_Cluster   2.500000  0.0   2.500000   2.500000      1
2       NodalSplitted  12.489996  0.0  12.489996  12.489996      1
3             Triples   7.000000  0.0   7.000000   7.000000      1
4        MatchingPair   7.000000  0.0   7.000000   7.000000      1
5                MAST   3.000000  0.0   3.000000   3.000000      1
6  CopheneticL2Metric   5.656854  0.0   5.656854   5.656854      1
