                              metrics
No                             1.0000
RefTree                        1.0000
Tree                           1.0000
RefTree_taxa                  12.0000
Tree_taxa                     12.0000
Common_taxa                   12.0000
MatchingCluster                2.0000
MatchingCluster_toYuleAvg      0.0563
MatchingCluster_toUnifAvg      0.0529
R-F_Cluster                    0.5000
R-F_Cluster_toYuleAvg          0.0513
R-F_Cluster_toUnifAvg          0.0511
NodalSplitted                  4.4721
NodalSplitted_toYuleAvg        0.1642
NodalSplitted_toUnifAvg        0.1495
Triples                        2.0000
Triples_toYuleAvg              0.0136
Triples_toUnifAvg              0.0136
MatchingPair                   1.0000
MatchingPair_toYuleAvg         0.0236
MatchingPair_toUnifAvg         0.0240
MAST                           1.0000
MAST_toYuleAvg                 0.1451
MAST_toUnifAvg                 0.1437
CopheneticL2Metric             1.7321
CopheneticL2Metric_toYuleAvg   0.0799
CopheneticL2Metric_toUnifAvg   0.0735

                 Name       Avg  Std       Min       Max  Count
0     MatchingCluster  2.000000  0.0  2.000000  2.000000      1
1         R-F_Cluster  0.500000  0.0  0.500000  0.500000      1
2       NodalSplitted  4.472136  0.0  4.472136  4.472136      1
3             Triples  2.000000  0.0  2.000000  2.000000      1
4        MatchingPair  1.000000  0.0  1.000000  1.000000      1
5                MAST  1.000000  0.0  1.000000  1.000000      1
6  CopheneticL2Metric  1.732051  0.0  1.732051  1.732051      1
