                              metrics
No                             1.0000
RefTree                        1.0000
Tree                           1.0000
RefTree_taxa                  22.0000
Tree_taxa                     22.0000
Common_taxa                   22.0000
MatchingCluster               14.0000
MatchingCluster_toYuleAvg      0.1417
MatchingCluster_toUnifAvg      0.1209
R-F_Cluster                    4.0000
R-F_Cluster_toYuleAvg          0.2023
R-F_Cluster_toUnifAvg          0.2014
NodalSplitted                 18.2757
NodalSplitted_toYuleAvg        0.2744
NodalSplitted_toUnifAvg        0.2148
Triples                       14.0000
Triples_toYuleAvg              0.0136
Triples_toUnifAvg              0.0136
MatchingPair                  10.0000
MatchingPair_toYuleAvg         0.0607
MatchingPair_toUnifAvg         0.0618
MAST                           5.0000
MAST_toYuleAvg                 0.3334
MAST_toUnifAvg                 0.3310
CopheneticL2Metric             6.7823
CopheneticL2Metric_toYuleAvg   0.1334
CopheneticL2Metric_toUnifAvg   0.1081

                 Name        Avg  Std        Min        Max  Count
0     MatchingCluster  14.000000  0.0  14.000000  14.000000      1
1         R-F_Cluster   4.000000  0.0   4.000000   4.000000      1
2       NodalSplitted  18.275667  0.0  18.275667  18.275667      1
3             Triples  14.000000  0.0  14.000000  14.000000      1
4        MatchingPair  10.000000  0.0  10.000000  10.000000      1
5                MAST   5.000000  0.0   5.000000   5.000000      1
6  CopheneticL2Metric   6.782330  0.0   6.782330   6.782330      1
