                              metrics
No                             1.0000
RefTree                        1.0000
Tree                           1.0000
RefTree_taxa                  12.0000
Tree_taxa                     12.0000
Common_taxa                   12.0000
MatchingCluster               16.0000
MatchingCluster_toYuleAvg      0.4507
MatchingCluster_toUnifAvg      0.4232
R-F_Cluster                    5.5000
R-F_Cluster_toYuleAvg          0.5641
R-F_Cluster_toUnifAvg          0.5619
NodalSplitted                 16.7332
NodalSplitted_toYuleAvg        0.6143
NodalSplitted_toUnifAvg        0.5592
Triples                       30.0000
Triples_toYuleAvg              0.2038
Triples_toUnifAvg              0.2045
MatchingPair                  11.0000
MatchingPair_toYuleAvg         0.2600
MatchingPair_toUnifAvg         0.2635
MAST                           4.0000
MAST_toYuleAvg                 0.5805
MAST_toUnifAvg                 0.5748
CopheneticL2Metric            10.4881
CopheneticL2Metric_toYuleAvg   0.4838
CopheneticL2Metric_toUnifAvg   0.4451

                 Name        Avg  Std        Min        Max  Count
0     MatchingCluster  16.000000  0.0  16.000000  16.000000      1
1         R-F_Cluster   5.500000  0.0   5.500000   5.500000      1
2       NodalSplitted  16.733201  0.0  16.733201  16.733201      1
3             Triples  30.000000  0.0  30.000000  30.000000      1
4        MatchingPair  11.000000  0.0  11.000000  11.000000      1
5                MAST   4.000000  0.0   4.000000   4.000000      1
6  CopheneticL2Metric  10.488088  0.0  10.488088  10.488088      1
