                              metrics
No                             1.0000
RefTree                        1.0000
Tree                           1.0000
RefTree_taxa                   8.0000
Tree_taxa                      8.0000
Common_taxa                    8.0000
MatchingCluster                5.0000
MatchingCluster_toYuleAvg      0.3052
MatchingCluster_toUnifAvg      0.2938
R-F_Cluster                    2.0000
R-F_Cluster_toYuleAvg          0.3500
R-F_Cluster_toUnifAvg          0.3470
NodalSplitted                  5.7446
NodalSplitted_toYuleAvg        0.4186
NodalSplitted_toUnifAvg        0.3973
Triples                        7.0000
Triples_toYuleAvg              0.1892
Triples_toUnifAvg              0.1852
MatchingPair                   3.0000
MatchingPair_toYuleAvg         0.1891
MatchingPair_toUnifAvg         0.1884
MAST                           2.0000
MAST_toYuleAvg                 0.5135
MAST_toUnifAvg                 0.5098
CopheneticL2Metric             4.1231
CopheneticL2Metric_toYuleAvg   0.3619
CopheneticL2Metric_toUnifAvg   0.3493

                 Name       Avg  Std       Min       Max  Count
0     MatchingCluster  5.000000  0.0  5.000000  5.000000      1
1         R-F_Cluster  2.000000  0.0  2.000000  2.000000      1
2       NodalSplitted  5.744563  0.0  5.744563  5.744563      1
3             Triples  7.000000  0.0  7.000000  7.000000      1
4        MatchingPair  3.000000  0.0  3.000000  3.000000      1
5                MAST  2.000000  0.0  2.000000  2.000000      1
6  CopheneticL2Metric  4.123106  0.0  4.123106  4.123106      1
