                              metrics
No                             1.0000
RefTree                        1.0000
Tree                           1.0000
RefTree_taxa                  16.0000
Tree_taxa                     16.0000
Common_taxa                   16.0000
MatchingCluster               17.0000
MatchingCluster_toYuleAvg      0.2909
MatchingCluster_toUnifAvg      0.2633
R-F_Cluster                    2.5000
R-F_Cluster_toYuleAvg          0.1815
R-F_Cluster_toUnifAvg          0.1808
NodalSplitted                 13.0000
NodalSplitted_toYuleAvg        0.3088
NodalSplitted_toUnifAvg        0.2641
Triples                       76.0000
Triples_toYuleAvg              0.2037
Triples_toUnifAvg              0.2042
MatchingPair                  28.0000
MatchingPair_toYuleAvg         0.3429
MatchingPair_toUnifAvg         0.3498
MAST                           5.0000
MAST_toYuleAvg                 0.4968
MAST_toUnifAvg                 0.4938
CopheneticL2Metric             8.1854
CopheneticL2Metric_toYuleAvg   0.2491
CopheneticL2Metric_toUnifAvg   0.2201

                 Name        Avg  Std        Min        Max  Count
0     MatchingCluster  17.000000  0.0  17.000000  17.000000      1
1         R-F_Cluster   2.500000  0.0   2.500000   2.500000      1
2       NodalSplitted  13.000000  0.0  13.000000  13.000000      1
3             Triples  76.000000  0.0  76.000000  76.000000      1
4        MatchingPair  28.000000  0.0  28.000000  28.000000      1
5                MAST   5.000000  0.0   5.000000   5.000000      1
6  CopheneticL2Metric   8.185353  0.0   8.185353   8.185353      1
