                               metrics
No                              1.0000
RefTree                         1.0000
Tree                            1.0000
RefTree_taxa                   14.0000
Tree_taxa                      14.0000
Common_taxa                    14.0000
MatchingCluster                34.0000
MatchingCluster_toYuleAvg       0.7278
MatchingCluster_toUnifAvg       0.6739
R-F_Cluster                     9.5000
R-F_Cluster_toYuleAvg           0.8067
R-F_Cluster_toUnifAvg           0.8041
NodalSplitted                  22.4054
NodalSplitted_toYuleAvg         0.6448
NodalSplitted_toUnifAvg         0.5738
Triples                       171.0000
Triples_toYuleAvg               0.7037
Triples_toUnifAvg               0.7054
MatchingPair                   53.0000
MatchingPair_toYuleAvg          0.8814
MatchingPair_toUnifAvg          0.8974
MAST                            8.0000
MAST_toYuleAvg                  0.9430
MAST_toUnifAvg                  0.9338
CopheneticL2Metric             14.1421
CopheneticL2Metric_toYuleAvg    0.5166
CopheneticL2Metric_toUnifAvg    0.4635

                 Name         Avg  Std         Min         Max  Count
0     MatchingCluster   34.000000  0.0   34.000000   34.000000      1
1         R-F_Cluster    9.500000  0.0    9.500000    9.500000      1
2       NodalSplitted   22.405357  0.0   22.405357   22.405357      1
3             Triples  171.000000  0.0  171.000000  171.000000      1
4        MatchingPair   53.000000  0.0   53.000000   53.000000      1
5                MAST    8.000000  0.0    8.000000    8.000000      1
6  CopheneticL2Metric   14.142136  0.0   14.142136   14.142136      1
