                               metrics
No                              1.0000
RefTree                         1.0000
Tree                            1.0000
RefTree_taxa                   13.0000
Tree_taxa                      13.0000
Common_taxa                    13.0000
MatchingCluster                34.0000
MatchingCluster_toYuleAvg       0.8327
MatchingCluster_toUnifAvg       0.7709
R-F_Cluster                    10.0000
R-F_Cluster_toYuleAvg           0.9276
R-F_Cluster_toUnifAvg           0.9240
NodalSplitted                  24.4540
NodalSplitted_toYuleAvg         0.7985
NodalSplitted_toUnifAvg         0.7054
Triples                       156.0000
Triples_toYuleAvg               0.8162
Triples_toUnifAvg               0.8167
MatchingPair                   50.0000
MatchingPair_toYuleAvg          0.9818
MatchingPair_toUnifAvg          0.9985
MAST                            8.0000
MAST_toYuleAvg                  1.0394
MAST_toUnifAvg                  1.0303
CopheneticL2Metric             14.3875
CopheneticL2Metric_toYuleAvg    0.5930
CopheneticL2Metric_toUnifAvg    0.5386

                 Name         Avg  Std         Min         Max  Count
0     MatchingCluster   34.000000  0.0   34.000000   34.000000      1
1         R-F_Cluster   10.000000  0.0   10.000000   10.000000      1
2       NodalSplitted   24.454039  0.0   24.454039   24.454039      1
3             Triples  156.000000  0.0  156.000000  156.000000      1
4        MatchingPair   50.000000  0.0   50.000000   50.000000      1
5                MAST    8.000000  0.0    8.000000    8.000000      1
6  CopheneticL2Metric   14.387495  0.0   14.387495   14.387495      1
