
                            < M A T L A B (R) >
                  Copyright 1984-2017 The MathWorks, Inc.
                   R2017a (9.2.0.538062) 64-bit (glnxa64)
                             February 23, 2017

 
To get started, type one of these: helpwin, helpdesk, or demo.
For product information, visit www.mathworks.com.
 
Running "Run1", Seed: 875887
 *** Finished Simulation Run ***

config-15.json #############################################

[#.........] | Progress: 1 | Time: 0.0s | ETA: --[.#........] | Progress: 83 | Time: 0.1s | ETA: --[..#.......] | Progress: 156 | Time: 0.1s | ETA: --[...#......] | Progress: 254 | Time: 0.2s | ETA: --[....#.....] | Progress: 385 | Time: 0.2s | ETA: --[.....#....] | Progress: 514 | Time: 0.3s | ETA: --[##########] | Progress: 554 | Time: 0.3s | ETA: --fit<>, fid</home/chun/projects/clineage-simulation/analysis/tmc-875887/tmc-005/case-15/triplets-list.raw.txt>, flg<treeReconstruction.log>, frt<resTree.tree>, frtN</home/chun/projects/clineage-simulation/analysis/tmc-875887/tmc-005/case-15/reconstructed.tmp.newick>, fsd<qqq.dat>, fst<simul.tree>, -->index=2
Read triplets from file...
Read triplets from file...Finished
N_triplets = 548, idMaxFound = 18
treeBuildBasedOnTriplets_run...
make_isTogetherInTripletAndDeleteExtraTriplets: Finished
maxCut with 18 nodes: Finished
maxCut with 17 nodes: Finished
maxCut with 13 nodes: Finished
maxCut with 10 nodes: Finished
maxCut with 8 nodes: Finished
maxCut with 6 nodes: Finished
treeBuildBasedOnTriplets_run...Finished
Saving tree to file...
Saving tree to file...Finished

                            < M A T L A B (R) >
                  Copyright 1984-2017 The MathWorks, Inc.
                   R2017a (9.2.0.538062) 64-bit (glnxa64)
                             February 23, 2017

 
To get started, type one of these: helpwin, helpdesk, or demo.
For product information, visit www.mathworks.com.
 
TreeCmp version build2

Active options:
Type of the analysis:  ref-to-all comparison mode (-r)
Metrics:
  1. MatchingCluster (mc)
  2. R-F_Cluster (rc)
  3. NodalSplitted (ns)
  4. Triples (tt)
  5. MatchingPair (mp)
  6. MAST (mt)
  7. CopheneticL2Metric (co)
Input file: /home/chun/projects/clineage-simulation/analysis/tmc-875887/tmc-005/case-15/reconstructed.newick
Output file: /home/chun/projects/clineage-simulation/analysis/tmc-875887/tmc-005/case-15/scores.raw.out
Additional options:
N - Report normalized distances.
P - Prune compared trees if needed (trees can have different leaf sets).
I - Include summary section in the output file.
-----
2018-06-18 21:26:58: Start of reading random statistics.
2018-06-18 21:26:58: End of reading random statistics.
2018-06-18 21:26:58: Start of scanning input file: /home/chun/projects/clineage-simulation/analysis/tmc-875887/tmc-005/case-15/reconstructed.newick
2018-06-18 21:26:58: End of scanning input file: /home/chun/projects/clineage-simulation/analysis/tmc-875887/tmc-005/case-15/reconstructed.newick
2018-06-18 21:26:58: 1 valid trees found in file: /home/chun/projects/clineage-simulation/analysis/tmc-875887/tmc-005/case-15/reconstructed.newick
2018-06-18 21:26:58: Start of calculation...please wait...
2018-06-18 21:26:58: 0.00% completed...
2018-06-18 21:26:58: 100.00% completed.
2018-06-18 21:26:58: End of calculation.
2018-06-18 21:26:58: Total calculation time: 31 ms.
                              metrics
No                             1.0000
RefTree                        1.0000
Tree                           1.0000
RefTree_taxa                  18.0000
Tree_taxa                     18.0000
Common_taxa                   18.0000
MatchingCluster               17.0000
MatchingCluster_toYuleAvg      0.2393
MatchingCluster_toUnifAvg      0.2114
R-F_Cluster                    5.5000
R-F_Cluster_toYuleAvg          0.3484
R-F_Cluster_toUnifAvg          0.3476
NodalSplitted                 17.5214
NodalSplitted_toYuleAvg        0.3524
NodalSplitted_toUnifAvg        0.2891
Triples                       49.0000
Triples_toYuleAvg              0.0896
Triples_toUnifAvg              0.0902
MatchingPair                  28.0000
MatchingPair_toYuleAvg         0.2632
MatchingPair_toUnifAvg         0.2692
MAST                           6.0000
MAST_toYuleAvg                 0.5112
MAST_toUnifAvg                 0.5098
CopheneticL2Metric             8.7178
CopheneticL2Metric_toYuleAvg   0.2222
CopheneticL2Metric_toUnifAvg   0.1929

                 Name        Avg  Std        Min        Max  Count
0     MatchingCluster  17.000000  0.0  17.000000  17.000000      1
1         R-F_Cluster   5.500000  0.0   5.500000   5.500000      1
2       NodalSplitted  17.521415  0.0  17.521415  17.521415      1
3             Triples  49.000000  0.0  49.000000  49.000000      1
4        MatchingPair  28.000000  0.0  28.000000  28.000000      1
5                MAST   6.000000  0.0   6.000000   6.000000      1
6  CopheneticL2Metric   8.717798  0.0   8.717798   8.717798      1
