
                            < M A T L A B (R) >
                  Copyright 1984-2017 The MathWorks, Inc.
                   R2017a (9.2.0.538062) 64-bit (glnxa64)
                             February 23, 2017

 
To get started, type one of these: helpwin, helpdesk, or demo.
For product information, visit www.mathworks.com.
 
Running "Run1", Seed: 875887
 *** Finished Simulation Run ***

config-18.json #############################################

[#.........] | Progress: 1 | Time: 0.0s | ETA: --[.#........] | Progress: 105 | Time: 0.1s | ETA: --[..#.......] | Progress: 234 | Time: 0.1s | ETA: --[...#......] | Progress: 366 | Time: 0.2s | ETA: --[....#.....] | Progress: 497 | Time: 0.2s | ETA: --[.....#....] | Progress: 627 | Time: 0.3s | ETA: --[......#...] | Progress: 757 | Time: 0.3s | ETA: --[.......#..] | Progress: 880 | Time: 0.4s | ETA: --[##########] | Progress: 902 | Time: 0.4s | ETA: --fit<>, fid</home/chun/projects/clineage-simulation/analysis/tmc-875887/tmc-005/case-18/triplets-list.raw.txt>, flg<treeReconstruction.log>, frt<resTree.tree>, frtN</home/chun/projects/clineage-simulation/analysis/tmc-875887/tmc-005/case-18/reconstructed.tmp.newick>, fsd<qqq.dat>, fst<simul.tree>, -->index=2
Read triplets from file...
Read triplets from file...Finished
N_triplets = 898, idMaxFound = 21
treeBuildBasedOnTriplets_run...
make_isTogetherInTripletAndDeleteExtraTriplets: Finished
maxCut with 21 nodes: Finished
maxCut with 17 nodes: Finished
maxCut with 16 nodes: Finished
maxCut with 14 nodes: Finished
maxCut with 13 nodes: Finished
maxCut with 6 nodes: Finished
maxCut with 4 nodes: Finished
maxCut with 7 nodes: Finished
treeBuildBasedOnTriplets_run...Finished
Saving tree to file...
Saving tree to file...Finished

                            < M A T L A B (R) >
                  Copyright 1984-2017 The MathWorks, Inc.
                   R2017a (9.2.0.538062) 64-bit (glnxa64)
                             February 23, 2017

 
To get started, type one of these: helpwin, helpdesk, or demo.
For product information, visit www.mathworks.com.
 
TreeCmp version build2

Active options:
Type of the analysis:  ref-to-all comparison mode (-r)
Metrics:
  1. MatchingCluster (mc)
  2. R-F_Cluster (rc)
  3. NodalSplitted (ns)
  4. Triples (tt)
  5. MatchingPair (mp)
  6. MAST (mt)
  7. CopheneticL2Metric (co)
Input file: /home/chun/projects/clineage-simulation/analysis/tmc-875887/tmc-005/case-18/reconstructed.newick
Output file: /home/chun/projects/clineage-simulation/analysis/tmc-875887/tmc-005/case-18/scores.raw.out
Additional options:
N - Report normalized distances.
P - Prune compared trees if needed (trees can have different leaf sets).
I - Include summary section in the output file.
-----
2018-06-18 21:27:02: Start of reading random statistics.
2018-06-18 21:27:02: End of reading random statistics.
2018-06-18 21:27:02: Start of scanning input file: /home/chun/projects/clineage-simulation/analysis/tmc-875887/tmc-005/case-18/reconstructed.newick
2018-06-18 21:27:02: End of scanning input file: /home/chun/projects/clineage-simulation/analysis/tmc-875887/tmc-005/case-18/reconstructed.newick
2018-06-18 21:27:02: 1 valid trees found in file: /home/chun/projects/clineage-simulation/analysis/tmc-875887/tmc-005/case-18/reconstructed.newick
2018-06-18 21:27:02: Start of calculation...please wait...
2018-06-18 21:27:02: 0.00% completed...
2018-06-18 21:27:02: 100.00% completed.
2018-06-18 21:27:02: End of calculation.
2018-06-18 21:27:02: Total calculation time: 36 ms.
                               metrics
No                              1.0000
RefTree                         1.0000
Tree                            1.0000
RefTree_taxa                   21.0000
Tree_taxa                      21.0000
Common_taxa                    21.0000
MatchingCluster                19.0000
MatchingCluster_toYuleAvg       0.2074
MatchingCluster_toUnifAvg       0.1796
R-F_Cluster                     8.0000
R-F_Cluster_toYuleAvg           0.4262
R-F_Cluster_toUnifAvg           0.4244
NodalSplitted                  18.8149
NodalSplitted_toYuleAvg         0.3056
NodalSplitted_toUnifAvg         0.2417
Triples                       192.0000
Triples_toYuleAvg               0.2162
Triples_toUnifAvg               0.2166
MatchingPair                   61.0000
MatchingPair_toYuleAvg          0.4084
MatchingPair_toUnifAvg          0.4167
MAST                            6.0000
MAST_toYuleAvg                  0.4233
MAST_toUnifAvg                  0.4203
CopheneticL2Metric             12.0416
CopheneticL2Metric_toYuleAvg    0.2531
CopheneticL2Metric_toUnifAvg    0.2084

                 Name         Avg  Std         Min         Max  Count
0     MatchingCluster   19.000000  0.0   19.000000   19.000000      1
1         R-F_Cluster    8.000000  0.0    8.000000    8.000000      1
2       NodalSplitted   18.814888  0.0   18.814888   18.814888      1
3             Triples  192.000000  0.0  192.000000  192.000000      1
4        MatchingPair   61.000000  0.0   61.000000   61.000000      1
5                MAST    6.000000  0.0    6.000000    6.000000      1
6  CopheneticL2Metric   12.041595  0.0   12.041595   12.041595      1
