
                            < M A T L A B (R) >
                  Copyright 1984-2017 The MathWorks, Inc.
                   R2017a (9.2.0.538062) 64-bit (glnxa64)
                             February 23, 2017

 
To get started, type one of these: helpwin, helpdesk, or demo.
For product information, visit www.mathworks.com.
 
Running "Run1", Seed: 875887
 *** Finished Simulation Run ***

config-17.json #############################################

[#.........] | Progress: 1 | Time: 0.0s | ETA: --[.#........] | Progress: 136 | Time: 0.1s | ETA: --[..#.......] | Progress: 271 | Time: 0.1s | ETA: --[...#......] | Progress: 404 | Time: 0.2s | ETA: --[....#.....] | Progress: 536 | Time: 0.2s | ETA: --[.....#....] | Progress: 666 | Time: 0.3s | ETA: --[##########] | Progress: 767 | Time: 0.3s | ETA: --fit<>, fid</home/chun/projects/clineage-simulation/analysis/tmc-875887/tmc-005/case-17/triplets-list.raw.txt>, flg<treeReconstruction.log>, frt<resTree.tree>, frtN</home/chun/projects/clineage-simulation/analysis/tmc-875887/tmc-005/case-17/reconstructed.tmp.newick>, fsd<qqq.dat>, fst<simul.tree>, -->index=2
Read triplets from file...
Read triplets from file...Finished
N_triplets = 763, idMaxFound = 20
treeBuildBasedOnTriplets_run...
make_isTogetherInTripletAndDeleteExtraTriplets: Finished
maxCut with 20 nodes: Finished
maxCut with 16 nodes: Finished
maxCut with 15 nodes: Finished
maxCut with 14 nodes: Finished
maxCut with 13 nodes: Finished
maxCut with 11 nodes: Finished
maxCut with 6 nodes: Finished
maxCut with 5 nodes: Finished
treeBuildBasedOnTriplets_run...Finished
Saving tree to file...
Saving tree to file...Finished

                            < M A T L A B (R) >
                  Copyright 1984-2017 The MathWorks, Inc.
                   R2017a (9.2.0.538062) 64-bit (glnxa64)
                             February 23, 2017

 
To get started, type one of these: helpwin, helpdesk, or demo.
For product information, visit www.mathworks.com.
 
TreeCmp version build2

Active options:
Type of the analysis:  ref-to-all comparison mode (-r)
Metrics:
  1. MatchingCluster (mc)
  2. R-F_Cluster (rc)
  3. NodalSplitted (ns)
  4. Triples (tt)
  5. MatchingPair (mp)
  6. MAST (mt)
  7. CopheneticL2Metric (co)
Input file: /home/chun/projects/clineage-simulation/analysis/tmc-875887/tmc-005/case-17/reconstructed.newick
Output file: /home/chun/projects/clineage-simulation/analysis/tmc-875887/tmc-005/case-17/scores.raw.out
Additional options:
N - Report normalized distances.
P - Prune compared trees if needed (trees can have different leaf sets).
I - Include summary section in the output file.
-----
2018-06-18 21:26:59: Start of reading random statistics.
2018-06-18 21:26:59: End of reading random statistics.
2018-06-18 21:26:59: Start of scanning input file: /home/chun/projects/clineage-simulation/analysis/tmc-875887/tmc-005/case-17/reconstructed.newick
2018-06-18 21:26:59: End of scanning input file: /home/chun/projects/clineage-simulation/analysis/tmc-875887/tmc-005/case-17/reconstructed.newick
2018-06-18 21:26:59: 1 valid trees found in file: /home/chun/projects/clineage-simulation/analysis/tmc-875887/tmc-005/case-17/reconstructed.newick
2018-06-18 21:26:59: Start of calculation...please wait...
2018-06-18 21:26:59: 0.00% completed...
2018-06-18 21:26:59: 100.00% completed.
2018-06-18 21:26:59: End of calculation.
2018-06-18 21:26:59: Total calculation time: 39 ms.
                               metrics
No                              1.0000
RefTree                         1.0000
Tree                            1.0000
RefTree_taxa                   20.0000
Tree_taxa                      20.0000
Common_taxa                    20.0000
MatchingCluster                30.0000
MatchingCluster_toYuleAvg       0.3522
MatchingCluster_toUnifAvg       0.3084
R-F_Cluster                    10.5000
R-F_Cluster_toYuleAvg           0.5912
R-F_Cluster_toUnifAvg           0.5883
NodalSplitted                  27.6043
NodalSplitted_toYuleAvg         0.4744
NodalSplitted_toUnifAvg         0.3841
Triples                       225.0000
Triples_toYuleAvg               0.2943
Triples_toUnifAvg               0.2962
MatchingPair                   54.0000
MatchingPair_toYuleAvg          0.4014
MatchingPair_toUnifAvg          0.4104
MAST                            8.0000
MAST_toYuleAvg                  0.5997
MAST_toUnifAvg                  0.5946
CopheneticL2Metric             19.0263
CopheneticL2Metric_toYuleAvg    0.4284
CopheneticL2Metric_toUnifAvg    0.3502

                 Name         Avg  Std         Min         Max  Count
0     MatchingCluster   30.000000  0.0   30.000000   30.000000      1
1         R-F_Cluster   10.500000  0.0   10.500000   10.500000      1
2       NodalSplitted   27.604347  0.0   27.604347   27.604347      1
3             Triples  225.000000  0.0  225.000000  225.000000      1
4        MatchingPair   54.000000  0.0   54.000000   54.000000      1
5                MAST    8.000000  0.0    8.000000    8.000000      1
6  CopheneticL2Metric   19.026298  0.0   19.026298   19.026298      1
