
                            < M A T L A B (R) >
                  Copyright 1984-2017 The MathWorks, Inc.
                   R2017a (9.2.0.538062) 64-bit (glnxa64)
                             February 23, 2017

 
To get started, type one of these: helpwin, helpdesk, or demo.
For product information, visit www.mathworks.com.
 
Running "Run1", Seed: 875887
 *** Finished Simulation Run ***

config-20.json #############################################

[#.........] | Progress: 1 | Time: 0.0s | ETA: --[.#........] | Progress: 161 | Time: 0.1s | ETA: --[..#.......] | Progress: 322 | Time: 0.1s | ETA: --[...#......] | Progress: 481 | Time: 0.2s | ETA: --[....#.....] | Progress: 639 | Time: 0.2s | ETA: --[.....#....] | Progress: 798 | Time: 0.3s | ETA: --[......#...] | Progress: 956 | Time: 0.3s | ETA: --[.......#..] | Progress: 1110 | Time: 0.4s | ETA: --[##########] | Progress: 1201 | Time: 0.4s | ETA: --fit<>, fid</home/chun/projects/clineage-simulation/analysis/tmc-875887/tmc-005/case-20/triplets-list.raw.txt>, flg<treeReconstruction.log>, frt<resTree.tree>, frtN</home/chun/projects/clineage-simulation/analysis/tmc-875887/tmc-005/case-20/reconstructed.tmp.newick>, fsd<qqq.dat>, fst<simul.tree>, -->index=2
Read triplets from file...
Read triplets from file...Finished
N_triplets = 1195, idMaxFound = 23
treeBuildBasedOnTriplets_run...
make_isTogetherInTripletAndDeleteExtraTriplets: Finished
maxCut with 23 nodes: Finished
maxCut with 19 nodes: Finished
maxCut with 18 nodes: Finished
maxCut with 17 nodes: Finished
maxCut with 14 nodes: Finished
maxCut with 12 nodes: Finished
maxCut with 9 nodes: Finished
maxCut with 7 nodes: Finished
maxCut with 5 nodes: Finished
treeBuildBasedOnTriplets_run...Finished
Saving tree to file...
Saving tree to file...Finished

                            < M A T L A B (R) >
                  Copyright 1984-2017 The MathWorks, Inc.
                   R2017a (9.2.0.538062) 64-bit (glnxa64)
                             February 23, 2017

 
To get started, type one of these: helpwin, helpdesk, or demo.
For product information, visit www.mathworks.com.
 
TreeCmp version build2

Active options:
Type of the analysis:  ref-to-all comparison mode (-r)
Metrics:
  1. MatchingCluster (mc)
  2. R-F_Cluster (rc)
  3. NodalSplitted (ns)
  4. Triples (tt)
  5. MatchingPair (mp)
  6. MAST (mt)
  7. CopheneticL2Metric (co)
Input file: /home/chun/projects/clineage-simulation/analysis/tmc-875887/tmc-005/case-20/reconstructed.newick
Output file: /home/chun/projects/clineage-simulation/analysis/tmc-875887/tmc-005/case-20/scores.raw.out
Additional options:
N - Report normalized distances.
P - Prune compared trees if needed (trees can have different leaf sets).
I - Include summary section in the output file.
-----
2018-06-18 21:26:53: Start of reading random statistics.
2018-06-18 21:26:53: End of reading random statistics.
2018-06-18 21:26:53: Start of scanning input file: /home/chun/projects/clineage-simulation/analysis/tmc-875887/tmc-005/case-20/reconstructed.newick
2018-06-18 21:26:53: End of scanning input file: /home/chun/projects/clineage-simulation/analysis/tmc-875887/tmc-005/case-20/reconstructed.newick
2018-06-18 21:26:53: 1 valid trees found in file: /home/chun/projects/clineage-simulation/analysis/tmc-875887/tmc-005/case-20/reconstructed.newick
2018-06-18 21:26:53: Start of calculation...please wait...
2018-06-18 21:26:53: 0.00% completed...
2018-06-18 21:26:53: 100.00% completed.
2018-06-18 21:26:53: End of calculation.
2018-06-18 21:26:53: Total calculation time: 26 ms.
                               metrics
No                              1.0000
RefTree                         1.0000
Tree                            1.0000
RefTree_taxa                   23.0000
Tree_taxa                      23.0000
Common_taxa                    23.0000
MatchingCluster                51.0000
MatchingCluster_toYuleAvg       0.4810
MatchingCluster_toUnifAvg       0.4115
R-F_Cluster                    13.5000
R-F_Cluster_toYuleAvg           0.6497
R-F_Cluster_toUnifAvg           0.6485
NodalSplitted                  45.4093
NodalSplitted_toYuleAvg         0.6437
NodalSplitted_toUnifAvg         0.5065
Triples                       381.0000
Triples_toYuleAvg               0.3224
Triples_toUnifAvg               0.3238
MatchingPair                   79.0000
MatchingPair_toYuleAvg          0.4328
MatchingPair_toUnifAvg          0.4422
MAST                           11.0000
MAST_toYuleAvg                  0.6933
MAST_toUnifAvg                  0.6869
CopheneticL2Metric             25.8457
CopheneticL2Metric_toYuleAvg    0.4771
CopheneticL2Metric_toUnifAvg    0.3828

                 Name         Avg  Std         Min         Max  Count
0     MatchingCluster   51.000000  0.0   51.000000   51.000000      1
1         R-F_Cluster   13.500000  0.0   13.500000   13.500000      1
2       NodalSplitted   45.409250  0.0   45.409250   45.409250      1
3             Triples  381.000000  0.0  381.000000  381.000000      1
4        MatchingPair   79.000000  0.0   79.000000   79.000000      1
5                MAST   11.000000  0.0   11.000000   11.000000      1
6  CopheneticL2Metric   25.845696  0.0   25.845696   25.845696      1
