
                            < M A T L A B (R) >
                  Copyright 1984-2017 The MathWorks, Inc.
                   R2017a (9.2.0.538062) 64-bit (glnxa64)
                             February 23, 2017

 
To get started, type one of these: helpwin, helpdesk, or demo.
For product information, visit www.mathworks.com.
 
Running "Run1", Seed: 875887
 *** Finished Simulation Run ***

config-19.json #############################################

[#.........] | Progress: 1 | Time: 0.0s | ETA: --[.#........] | Progress: 83 | Time: 0.1s | ETA: --[..#.......] | Progress: 162 | Time: 0.1s | ETA: --[...#......] | Progress: 244 | Time: 0.2s | ETA: --[....#.....] | Progress: 379 | Time: 0.2s | ETA: --[.....#....] | Progress: 514 | Time: 0.3s | ETA: --[......#...] | Progress: 648 | Time: 0.3s | ETA: --[.......#..] | Progress: 781 | Time: 0.4s | ETA: --[........#.] | Progress: 915 | Time: 0.4s | ETA: --[##########] | Progress: 1040 | Time: 0.5s | ETA: --fit<>, fid</home/chun/projects/clineage-simulation/analysis/tmc-875887/tmc-005/case-19/triplets-list.raw.txt>, flg<treeReconstruction.log>, frt<resTree.tree>, frtN</home/chun/projects/clineage-simulation/analysis/tmc-875887/tmc-005/case-19/reconstructed.tmp.newick>, fsd<qqq.dat>, fst<simul.tree>, -->index=2
Read triplets from file...
Read triplets from file...Finished
N_triplets = 1034, idMaxFound = 22
treeBuildBasedOnTriplets_run...
make_isTogetherInTripletAndDeleteExtraTriplets: Finished
maxCut with 22 nodes: Finished
maxCut with 18 nodes: Finished
maxCut with 17 nodes: Finished
maxCut with 16 nodes: Finished
maxCut with 12 nodes: Finished
maxCut with 10 nodes: Finished
maxCut with 8 nodes: Finished
treeBuildBasedOnTriplets_run...Finished
Saving tree to file...
Saving tree to file...Finished

                            < M A T L A B (R) >
                  Copyright 1984-2017 The MathWorks, Inc.
                   R2017a (9.2.0.538062) 64-bit (glnxa64)
                             February 23, 2017

 
To get started, type one of these: helpwin, helpdesk, or demo.
For product information, visit www.mathworks.com.
 
TreeCmp version build2

Active options:
Type of the analysis:  ref-to-all comparison mode (-r)
Metrics:
  1. MatchingCluster (mc)
  2. R-F_Cluster (rc)
  3. NodalSplitted (ns)
  4. Triples (tt)
  5. MatchingPair (mp)
  6. MAST (mt)
  7. CopheneticL2Metric (co)
Input file: /home/chun/projects/clineage-simulation/analysis/tmc-875887/tmc-005/case-19/reconstructed.newick
Output file: /home/chun/projects/clineage-simulation/analysis/tmc-875887/tmc-005/case-19/scores.raw.out
Additional options:
N - Report normalized distances.
P - Prune compared trees if needed (trees can have different leaf sets).
I - Include summary section in the output file.
-----
2018-06-18 21:26:59: Start of reading random statistics.
2018-06-18 21:27:00: End of reading random statistics.
2018-06-18 21:27:00: Start of scanning input file: /home/chun/projects/clineage-simulation/analysis/tmc-875887/tmc-005/case-19/reconstructed.newick
2018-06-18 21:27:00: End of scanning input file: /home/chun/projects/clineage-simulation/analysis/tmc-875887/tmc-005/case-19/reconstructed.newick
2018-06-18 21:27:00: 1 valid trees found in file: /home/chun/projects/clineage-simulation/analysis/tmc-875887/tmc-005/case-19/reconstructed.newick
2018-06-18 21:27:00: Start of calculation...please wait...
2018-06-18 21:27:00: 0.00% completed...
2018-06-18 21:27:00: 100.00% completed.
2018-06-18 21:27:00: End of calculation.
2018-06-18 21:27:00: Total calculation time: 31 ms.
                               metrics
No                              1.0000
RefTree                         1.0000
Tree                            1.0000
RefTree_taxa                   22.0000
Tree_taxa                      22.0000
Common_taxa                    22.0000
MatchingCluster                42.0000
MatchingCluster_toYuleAvg       0.4250
MatchingCluster_toUnifAvg       0.3627
R-F_Cluster                    10.5000
R-F_Cluster_toYuleAvg           0.5311
R-F_Cluster_toUnifAvg           0.5288
NodalSplitted                  37.6563
NodalSplitted_toYuleAvg         0.5653
NodalSplitted_toUnifAvg         0.4426
Triples                       374.0000
Triples_toYuleAvg               0.3645
Triples_toUnifAvg               0.3634
MatchingPair                   72.0000
MatchingPair_toYuleAvg          0.4371
MatchingPair_toUnifAvg          0.4446
MAST                           10.0000
MAST_toYuleAvg                  0.6668
MAST_toUnifAvg                  0.6619
CopheneticL2Metric             24.5153
CopheneticL2Metric_toYuleAvg    0.4823
CopheneticL2Metric_toUnifAvg    0.3907

                 Name         Avg  Std         Min         Max  Count
0     MatchingCluster   42.000000  0.0   42.000000   42.000000      1
1         R-F_Cluster   10.500000  0.0   10.500000   10.500000      1
2       NodalSplitted   37.656341  0.0   37.656341   37.656341      1
3             Triples  374.000000  0.0  374.000000  374.000000      1
4        MatchingPair   72.000000  0.0   72.000000   72.000000      1
5                MAST   10.000000  0.0   10.000000   10.000000      1
6  CopheneticL2Metric   24.515301  0.0   24.515301   24.515301      1
