
                            < M A T L A B (R) >
                  Copyright 1984-2017 The MathWorks, Inc.
                   R2017a (9.2.0.538062) 64-bit (glnxa64)
                             February 23, 2017

 
To get started, type one of these: helpwin, helpdesk, or demo.
For product information, visit www.mathworks.com.
 
Running "Run1", Seed: 875887
 *** Finished Simulation Run ***

config-13.json #############################################

[#.........] | Progress: 1 | Time: 0.0s | ETA: --[.#........] | Progress: 137 | Time: 0.1s | ETA: --[..#.......] | Progress: 275 | Time: 0.1s | ETA: --[##########] | Progress: 397 | Time: 0.1s | ETA: --fit<>, fid</home/chun/projects/clineage-simulation/analysis/tmc-875887/tmc-005/case-13/triplets-list.raw.txt>, flg<treeReconstruction.log>, frt<resTree.tree>, frtN</home/chun/projects/clineage-simulation/analysis/tmc-875887/tmc-005/case-13/reconstructed.tmp.newick>, fsd<qqq.dat>, fst<simul.tree>, -->index=2
Read triplets from file...
Read triplets from file...Finished
N_triplets = 393, idMaxFound = 16
treeBuildBasedOnTriplets_run...
make_isTogetherInTripletAndDeleteExtraTriplets: Finished
maxCut with 16 nodes: Finished
maxCut with 11 nodes: Finished
maxCut with 8 nodes: Finished
maxCut with 5 nodes: Finished
treeBuildBasedOnTriplets_run...Finished
Saving tree to file...
Saving tree to file...Finished

                            < M A T L A B (R) >
                  Copyright 1984-2017 The MathWorks, Inc.
                   R2017a (9.2.0.538062) 64-bit (glnxa64)
                             February 23, 2017

 
To get started, type one of these: helpwin, helpdesk, or demo.
For product information, visit www.mathworks.com.
 
TreeCmp version build2

Active options:
Type of the analysis:  ref-to-all comparison mode (-r)
Metrics:
  1. MatchingCluster (mc)
  2. R-F_Cluster (rc)
  3. NodalSplitted (ns)
  4. Triples (tt)
  5. MatchingPair (mp)
  6. MAST (mt)
  7. CopheneticL2Metric (co)
Input file: /home/chun/projects/clineage-simulation/analysis/tmc-875887/tmc-005/case-13/reconstructed.newick
Output file: /home/chun/projects/clineage-simulation/analysis/tmc-875887/tmc-005/case-13/scores.raw.out
Additional options:
N - Report normalized distances.
P - Prune compared trees if needed (trees can have different leaf sets).
I - Include summary section in the output file.
-----
2018-06-18 21:26:58: Start of reading random statistics.
2018-06-18 21:26:58: End of reading random statistics.
2018-06-18 21:26:58: Start of scanning input file: /home/chun/projects/clineage-simulation/analysis/tmc-875887/tmc-005/case-13/reconstructed.newick
2018-06-18 21:26:58: End of scanning input file: /home/chun/projects/clineage-simulation/analysis/tmc-875887/tmc-005/case-13/reconstructed.newick
2018-06-18 21:26:58: 1 valid trees found in file: /home/chun/projects/clineage-simulation/analysis/tmc-875887/tmc-005/case-13/reconstructed.newick
2018-06-18 21:26:58: Start of calculation...please wait...
2018-06-18 21:26:58: 0.00% completed...
2018-06-18 21:26:58: 100.00% completed.
2018-06-18 21:26:58: End of calculation.
2018-06-18 21:26:58: Total calculation time: 36 ms.
                              metrics
No                             1.0000
RefTree                        1.0000
Tree                           1.0000
RefTree_taxa                  16.0000
Tree_taxa                     16.0000
Common_taxa                   16.0000
MatchingCluster               28.0000
MatchingCluster_toYuleAvg      0.4791
MatchingCluster_toUnifAvg      0.4337
R-F_Cluster                    7.0000
R-F_Cluster_toYuleAvg          0.5083
R-F_Cluster_toUnifAvg          0.5063
NodalSplitted                 17.4929
NodalSplitted_toYuleAvg        0.4156
NodalSplitted_toUnifAvg        0.3554
Triples                       84.0000
Triples_toYuleAvg              0.2251
Triples_toUnifAvg              0.2257
MatchingPair                  31.0000
MatchingPair_toYuleAvg         0.3796
MatchingPair_toUnifAvg         0.3873
MAST                           7.0000
MAST_toYuleAvg                 0.6955
MAST_toUnifAvg                 0.6913
CopheneticL2Metric            17.6352
CopheneticL2Metric_toYuleAvg   0.5366
CopheneticL2Metric_toUnifAvg   0.4741

                 Name        Avg  Std        Min        Max  Count
0     MatchingCluster  28.000000  0.0  28.000000  28.000000      1
1         R-F_Cluster   7.000000  0.0   7.000000   7.000000      1
2       NodalSplitted  17.492856  0.0  17.492856  17.492856      1
3             Triples  84.000000  0.0  84.000000  84.000000      1
4        MatchingPair  31.000000  0.0  31.000000  31.000000      1
5                MAST   7.000000  0.0   7.000000   7.000000      1
6  CopheneticL2Metric  17.635192  0.0  17.635192  17.635192      1
