
                            < M A T L A B (R) >
                  Copyright 1984-2017 The MathWorks, Inc.
                   R2017a (9.2.0.538062) 64-bit (glnxa64)
                             February 23, 2017

 
To get started, type one of these: helpwin, helpdesk, or demo.
For product information, visit www.mathworks.com.
 
Running "Run1", Seed: 875887
 *** Finished Simulation Run ***

config-16.json #############################################

[#.........] | Progress: 1 | Time: 0.0s | ETA: --[.#........] | Progress: 84 | Time: 0.1s | ETA: --[..#.......] | Progress: 182 | Time: 0.1s | ETA: --[...#......] | Progress: 312 | Time: 0.2s | ETA: --[....#.....] | Progress: 438 | Time: 0.2s | ETA: --[.....#....] | Progress: 561 | Time: 0.3s | ETA: --[##########] | Progress: 648 | Time: 0.3s | ETA: --fit<>, fid</home/chun/projects/clineage-simulation/analysis/tmc-875887/tmc-005/case-16/triplets-list.raw.txt>, flg<treeReconstruction.log>, frt<resTree.tree>, frtN</home/chun/projects/clineage-simulation/analysis/tmc-875887/tmc-005/case-16/reconstructed.tmp.newick>, fsd<qqq.dat>, fst<simul.tree>, -->index=2
Read triplets from file...
Read triplets from file...Finished
N_triplets = 643, idMaxFound = 19
treeBuildBasedOnTriplets_run...
make_isTogetherInTripletAndDeleteExtraTriplets: Finished
maxCut with 19 nodes: Finished
maxCut with 15 nodes: Finished
maxCut with 14 nodes: Finished
maxCut with 12 nodes: Finished
maxCut with 11 nodes: Finished
maxCut with 6 nodes: Finished
maxCut with 4 nodes: Finished
maxCut with 5 nodes: Finished
treeBuildBasedOnTriplets_run...Finished
Saving tree to file...
Saving tree to file...Finished

                            < M A T L A B (R) >
                  Copyright 1984-2017 The MathWorks, Inc.
                   R2017a (9.2.0.538062) 64-bit (glnxa64)
                             February 23, 2017

 
To get started, type one of these: helpwin, helpdesk, or demo.
For product information, visit www.mathworks.com.
 
TreeCmp version build2

Active options:
Type of the analysis:  ref-to-all comparison mode (-r)
Metrics:
  1. MatchingCluster (mc)
  2. R-F_Cluster (rc)
  3. NodalSplitted (ns)
  4. Triples (tt)
  5. MatchingPair (mp)
  6. MAST (mt)
  7. CopheneticL2Metric (co)
Input file: /home/chun/projects/clineage-simulation/analysis/tmc-875887/tmc-005/case-16/reconstructed.newick
Output file: /home/chun/projects/clineage-simulation/analysis/tmc-875887/tmc-005/case-16/scores.raw.out
Additional options:
N - Report normalized distances.
P - Prune compared trees if needed (trees can have different leaf sets).
I - Include summary section in the output file.
-----
2018-06-18 21:26:59: Start of reading random statistics.
2018-06-18 21:26:59: End of reading random statistics.
2018-06-18 21:26:59: Start of scanning input file: /home/chun/projects/clineage-simulation/analysis/tmc-875887/tmc-005/case-16/reconstructed.newick
2018-06-18 21:26:59: End of scanning input file: /home/chun/projects/clineage-simulation/analysis/tmc-875887/tmc-005/case-16/reconstructed.newick
2018-06-18 21:26:59: 1 valid trees found in file: /home/chun/projects/clineage-simulation/analysis/tmc-875887/tmc-005/case-16/reconstructed.newick
2018-06-18 21:26:59: Start of calculation...please wait...
2018-06-18 21:26:59: 0.00% completed...
2018-06-18 21:26:59: 100.00% completed.
2018-06-18 21:26:59: End of calculation.
2018-06-18 21:26:59: Total calculation time: 30 ms.
                              metrics
No                             1.0000
RefTree                        1.0000
Tree                           1.0000
RefTree_taxa                  19.0000
Tree_taxa                     19.0000
Common_taxa                   19.0000
MatchingCluster               16.0000
MatchingCluster_toYuleAvg      0.2063
MatchingCluster_toUnifAvg      0.1800
R-F_Cluster                    7.0000
R-F_Cluster_toYuleAvg          0.4180
R-F_Cluster_toUnifAvg          0.4158
NodalSplitted                 16.1864
NodalSplitted_toYuleAvg        0.3009
NodalSplitted_toUnifAvg        0.2454
Triples                       96.0000
Triples_toYuleAvg              0.1492
Triples_toUnifAvg              0.1485
MatchingPair                  17.0000
MatchingPair_toYuleAvg         0.1420
MatchingPair_toUnifAvg         0.1443
MAST                           4.0000
MAST_toYuleAvg                 0.3196
MAST_toUnifAvg                 0.3171
CopheneticL2Metric            11.1355
CopheneticL2Metric_toYuleAvg   0.2638
CopheneticL2Metric_toUnifAvg   0.2261

                 Name        Avg  Std        Min        Max  Count
0     MatchingCluster  16.000000  0.0  16.000000  16.000000      1
1         R-F_Cluster   7.000000  0.0   7.000000   7.000000      1
2       NodalSplitted  16.186414  0.0  16.186414  16.186414      1
3             Triples  96.000000  0.0  96.000000  96.000000      1
4        MatchingPair  17.000000  0.0  17.000000  17.000000      1
5                MAST   4.000000  0.0   4.000000   4.000000      1
6  CopheneticL2Metric  11.135529  0.0  11.135529  11.135529      1
