
                            < M A T L A B (R) >
                  Copyright 1984-2017 The MathWorks, Inc.
                   R2017a (9.2.0.538062) 64-bit (glnxa64)
                             February 23, 2017

 
To get started, type one of these: helpwin, helpdesk, or demo.
For product information, visit www.mathworks.com.
 
Running "Run1", Seed: 875887
 *** Finished Simulation Run ***

config-06.json #############################################

[#.........] | Progress: 1 | Time: 0.0s | ETA: --[##########] | Progress: 68 | Time: 0.0s | ETA: --fit<>, fid</home/chun/projects/clineage-simulation/analysis/tmc-875887/tmc-005/case-06/triplets-list.raw.txt>, flg<treeReconstruction.log>, frt<resTree.tree>, frtN</home/chun/projects/clineage-simulation/analysis/tmc-875887/tmc-005/case-06/reconstructed.tmp.newick>, fsd<qqq.dat>, fst<simul.tree>, -->index=2
Read triplets from file...
Read triplets from file...Finished
N_triplets = 66, idMaxFound = 9
treeBuildBasedOnTriplets_run...
make_isTogetherInTripletAndDeleteExtraTriplets: Finished
maxCut with 9 nodes: Finished
maxCut with 5 nodes: Finished
treeBuildBasedOnTriplets_run...Finished
Saving tree to file...
Saving tree to file...Finished

                            < M A T L A B (R) >
                  Copyright 1984-2017 The MathWorks, Inc.
                   R2017a (9.2.0.538062) 64-bit (glnxa64)
                             February 23, 2017

 
To get started, type one of these: helpwin, helpdesk, or demo.
For product information, visit www.mathworks.com.
 
TreeCmp version build2

Active options:
Type of the analysis:  ref-to-all comparison mode (-r)
Metrics:
  1. MatchingCluster (mc)
  2. R-F_Cluster (rc)
  3. NodalSplitted (ns)
  4. Triples (tt)
  5. MatchingPair (mp)
  6. MAST (mt)
  7. CopheneticL2Metric (co)
Input file: /home/chun/projects/clineage-simulation/analysis/tmc-875887/tmc-005/case-06/reconstructed.newick
Output file: /home/chun/projects/clineage-simulation/analysis/tmc-875887/tmc-005/case-06/scores.raw.out
Additional options:
N - Report normalized distances.
P - Prune compared trees if needed (trees can have different leaf sets).
I - Include summary section in the output file.
-----
2018-06-18 21:26:53: Start of reading random statistics.
2018-06-18 21:26:54: End of reading random statistics.
2018-06-18 21:26:54: Start of scanning input file: /home/chun/projects/clineage-simulation/analysis/tmc-875887/tmc-005/case-06/reconstructed.newick
2018-06-18 21:26:54: End of scanning input file: /home/chun/projects/clineage-simulation/analysis/tmc-875887/tmc-005/case-06/reconstructed.newick
2018-06-18 21:26:54: 1 valid trees found in file: /home/chun/projects/clineage-simulation/analysis/tmc-875887/tmc-005/case-06/reconstructed.newick
2018-06-18 21:26:54: Start of calculation...please wait...
2018-06-18 21:26:54: 0.00% completed...
2018-06-18 21:26:54: 100.00% completed.
2018-06-18 21:26:54: End of calculation.
2018-06-18 21:26:54: Total calculation time: 19 ms.
                              metrics
No                             1.0000
RefTree                        1.0000
Tree                           1.0000
RefTree_taxa                   9.0000
Tree_taxa                      9.0000
Common_taxa                    9.0000
MatchingCluster               10.0000
MatchingCluster_toYuleAvg      0.4866
MatchingCluster_toUnifAvg      0.4686
R-F_Cluster                    2.0000
R-F_Cluster_toYuleAvg          0.3001
R-F_Cluster_toUnifAvg          0.2965
NodalSplitted                  6.6332
NodalSplitted_toYuleAvg        0.3921
NodalSplitted_toUnifAvg        0.3722
Triples                       17.0000
Triples_toYuleAvg              0.3040
Triples_toUnifAvg              0.3058
MatchingPair                   7.0000
MatchingPair_toYuleAvg         0.3302
MatchingPair_toUnifAvg         0.3346
MAST                           3.0000
MAST_toYuleAvg                 0.6542
MAST_toUnifAvg                 0.6438
CopheneticL2Metric             6.7823
CopheneticL2Metric_toYuleAvg   0.4856
CopheneticL2Metric_toUnifAvg   0.4684

                 Name       Avg  Std       Min       Max  Count
0     MatchingCluster  10.00000  0.0  10.00000  10.00000      1
1         R-F_Cluster   2.00000  0.0   2.00000   2.00000      1
2       NodalSplitted   6.63325  0.0   6.63325   6.63325      1
3             Triples  17.00000  0.0  17.00000  17.00000      1
4        MatchingPair   7.00000  0.0   7.00000   7.00000      1
5                MAST   3.00000  0.0   3.00000   3.00000      1
6  CopheneticL2Metric   6.78233  0.0   6.78233   6.78233      1
