                              metrics
No                             1.0000
RefTree                        1.0000
Tree                           1.0000
RefTree_taxa                  20.0000
Tree_taxa                     20.0000
Common_taxa                   20.0000
MatchingCluster                5.0000
MatchingCluster_toYuleAvg      0.0587
MatchingCluster_toUnifAvg      0.0514
R-F_Cluster                    1.0000
R-F_Cluster_toYuleAvg          0.0563
R-F_Cluster_toUnifAvg          0.0560
NodalSplitted                  9.3274
NodalSplitted_toYuleAvg        0.1603
NodalSplitted_toUnifAvg        0.1298
Triples                        4.0000
Triples_toYuleAvg              0.0052
Triples_toUnifAvg              0.0053
MatchingPair                   3.0000
MatchingPair_toYuleAvg         0.0223
MatchingPair_toUnifAvg         0.0228
MAST                           2.0000
MAST_toYuleAvg                 0.1499
MAST_toUnifAvg                 0.1487
CopheneticL2Metric             3.0000
CopheneticL2Metric_toYuleAvg   0.0675
CopheneticL2Metric_toUnifAvg   0.0552

                 Name       Avg  Std       Min       Max  Count
0     MatchingCluster  5.000000  0.0  5.000000  5.000000      1
1         R-F_Cluster  1.000000  0.0  1.000000  1.000000      1
2       NodalSplitted  9.327379  0.0  9.327379  9.327379      1
3             Triples  4.000000  0.0  4.000000  4.000000      1
4        MatchingPair  3.000000  0.0  3.000000  3.000000      1
5                MAST  2.000000  0.0  2.000000  2.000000      1
6  CopheneticL2Metric  3.000000  0.0  3.000000  3.000000      1
