                              metrics
No                             1.0000
RefTree                        1.0000
Tree                           1.0000
RefTree_taxa                  17.0000
Tree_taxa                     17.0000
Common_taxa                   17.0000
MatchingCluster               11.0000
MatchingCluster_toYuleAvg      0.1702
MatchingCluster_toUnifAvg      0.1513
R-F_Cluster                    2.5000
R-F_Cluster_toYuleAvg          0.1692
R-F_Cluster_toUnifAvg          0.1684
NodalSplitted                 12.4900
NodalSplitted_toYuleAvg        0.2725
NodalSplitted_toUnifAvg        0.2281
Triples                        9.0000
Triples_toYuleAvg              0.0198
Triples_toUnifAvg              0.0198
MatchingPair                   8.0000
MatchingPair_toYuleAvg         0.0856
MatchingPair_toUnifAvg         0.0870
MAST                           3.0000
MAST_toYuleAvg                 0.2759
MAST_toUnifAvg                 0.2740
CopheneticL2Metric             5.4772
CopheneticL2Metric_toYuleAvg   0.1525
CopheneticL2Metric_toUnifAvg   0.1325

                 Name        Avg  Std        Min        Max  Count
0     MatchingCluster  11.000000  0.0  11.000000  11.000000      1
1         R-F_Cluster   2.500000  0.0   2.500000   2.500000      1
2       NodalSplitted  12.489996  0.0  12.489996  12.489996      1
3             Triples   9.000000  0.0   9.000000   9.000000      1
4        MatchingPair   8.000000  0.0   8.000000   8.000000      1
5                MAST   3.000000  0.0   3.000000   3.000000      1
6  CopheneticL2Metric   5.477226  0.0   5.477226   5.477226      1
