                              metrics
No                             1.0000
RefTree                        1.0000
Tree                           1.0000
RefTree_taxa                  21.0000
Tree_taxa                     21.0000
Common_taxa                   21.0000
MatchingCluster               10.0000
MatchingCluster_toYuleAvg      0.1092
MatchingCluster_toUnifAvg      0.0945
R-F_Cluster                    2.0000
R-F_Cluster_toYuleAvg          0.1065
R-F_Cluster_toUnifAvg          0.1061
NodalSplitted                 13.2665
NodalSplitted_toYuleAvg        0.2155
NodalSplitted_toUnifAvg        0.1705
Triples                       16.0000
Triples_toYuleAvg              0.0180
Triples_toUnifAvg              0.0181
MatchingPair                   8.0000
MatchingPair_toYuleAvg         0.0536
MatchingPair_toUnifAvg         0.0547
MAST                           2.0000
MAST_toYuleAvg                 0.1411
MAST_toUnifAvg                 0.1401
CopheneticL2Metric             6.4807
CopheneticL2Metric_toYuleAvg   0.1362
CopheneticL2Metric_toUnifAvg   0.1122

                 Name        Avg  Std        Min        Max  Count
0     MatchingCluster  10.000000  0.0  10.000000  10.000000      1
1         R-F_Cluster   2.000000  0.0   2.000000   2.000000      1
2       NodalSplitted  13.266499  0.0  13.266499  13.266499      1
3             Triples  16.000000  0.0  16.000000  16.000000      1
4        MatchingPair   8.000000  0.0   8.000000   8.000000      1
5                MAST   2.000000  0.0   2.000000   2.000000      1
6  CopheneticL2Metric   6.480741  0.0   6.480741   6.480741      1
