                                metrics
No                               1.0000
RefTree                          1.0000
Tree                             1.0000
RefTree_taxa                    23.0000
Tree_taxa                       23.0000
Common_taxa                     23.0000
MatchingCluster                 96.0000
MatchingCluster_toYuleAvg        0.9054
MatchingCluster_toUnifAvg        0.7746
R-F_Cluster                     14.5000
R-F_Cluster_toYuleAvg            0.6979
R-F_Cluster_toUnifAvg            0.6965
NodalSplitted                   67.1416
NodalSplitted_toYuleAvg          0.9518
NodalSplitted_toUnifAvg          0.7490
Triples                       1214.0000
Triples_toYuleAvg                1.0272
Triples_toUnifAvg                1.0317
MatchingPair                   157.0000
MatchingPair_toYuleAvg           0.8601
MatchingPair_toUnifAvg           0.8789
MAST                            16.0000
MAST_toYuleAvg                   1.0084
MAST_toUnifAvg                   0.9991
CopheneticL2Metric              38.9230
CopheneticL2Metric_toYuleAvg     0.7185
CopheneticL2Metric_toUnifAvg     0.5764

                 Name          Avg  Std          Min          Max  Count
0     MatchingCluster    96.000000  0.0    96.000000    96.000000      1
1         R-F_Cluster    14.500000  0.0    14.500000    14.500000      1
2       NodalSplitted    67.141641  0.0    67.141641    67.141641      1
3             Triples  1214.000000  0.0  1214.000000  1214.000000      1
4        MatchingPair   157.000000  0.0   157.000000   157.000000      1
5                MAST    16.000000  0.0    16.000000    16.000000      1
6  CopheneticL2Metric    38.923001  0.0    38.923001    38.923001      1
