                              metrics
No                             1.0000
RefTree                        1.0000
Tree                           1.0000
RefTree_taxa                  17.0000
Tree_taxa                     17.0000
Common_taxa                   17.0000
MatchingCluster                5.0000
MatchingCluster_toYuleAvg      0.0774
MatchingCluster_toUnifAvg      0.0688
R-F_Cluster                    1.0000
R-F_Cluster_toYuleAvg          0.0677
R-F_Cluster_toUnifAvg          0.0674
NodalSplitted                  8.2462
NodalSplitted_toYuleAvg        0.1799
NodalSplitted_toUnifAvg        0.1506
Triples                        4.0000
Triples_toYuleAvg              0.0088
Triples_toUnifAvg              0.0088
MatchingPair                   4.0000
MatchingPair_toYuleAvg         0.0428
MatchingPair_toUnifAvg         0.0435
MAST                           1.0000
MAST_toYuleAvg                 0.0920
MAST_toUnifAvg                 0.0913
CopheneticL2Metric             4.0000
CopheneticL2Metric_toYuleAvg   0.1114
CopheneticL2Metric_toUnifAvg   0.0968

                 Name       Avg  Std       Min       Max  Count
0     MatchingCluster  5.000000  0.0  5.000000  5.000000      1
1         R-F_Cluster  1.000000  0.0  1.000000  1.000000      1
2       NodalSplitted  8.246211  0.0  8.246211  8.246211      1
3             Triples  4.000000  0.0  4.000000  4.000000      1
4        MatchingPair  4.000000  0.0  4.000000  4.000000      1
5                MAST  1.000000  0.0  1.000000  1.000000      1
6  CopheneticL2Metric  4.000000  0.0  4.000000  4.000000      1
