                              metrics
No                             1.0000
RefTree                        1.0000
Tree                           1.0000
RefTree_taxa                  14.0000
Tree_taxa                     14.0000
Common_taxa                   14.0000
MatchingCluster               14.0000
MatchingCluster_toYuleAvg      0.2997
MatchingCluster_toUnifAvg      0.2775
R-F_Cluster                    3.0000
R-F_Cluster_toYuleAvg          0.2548
R-F_Cluster_toUnifAvg          0.2539
NodalSplitted                 12.4900
NodalSplitted_toYuleAvg        0.3595
NodalSplitted_toUnifAvg        0.3199
Triples                       23.0000
Triples_toYuleAvg              0.0947
Triples_toUnifAvg              0.0949
MatchingPair                  14.0000
MatchingPair_toYuleAvg         0.2328
MatchingPair_toUnifAvg         0.2370
MAST                           4.0000
MAST_toYuleAvg                 0.4715
MAST_toUnifAvg                 0.4669
CopheneticL2Metric             7.2111
CopheneticL2Metric_toYuleAvg   0.2634
CopheneticL2Metric_toUnifAvg   0.2363

                 Name        Avg  Std        Min        Max  Count
0     MatchingCluster  14.000000  0.0  14.000000  14.000000      1
1         R-F_Cluster   3.000000  0.0   3.000000   3.000000      1
2       NodalSplitted  12.489996  0.0  12.489996  12.489996      1
3             Triples  23.000000  0.0  23.000000  23.000000      1
4        MatchingPair  14.000000  0.0  14.000000  14.000000      1
5                MAST   4.000000  0.0   4.000000   4.000000      1
6  CopheneticL2Metric   7.211103  0.0   7.211103   7.211103      1
