                              metrics
No                             1.0000
RefTree                        1.0000
Tree                           1.0000
RefTree_taxa                  13.0000
Tree_taxa                     13.0000
Common_taxa                   13.0000
MatchingCluster                9.0000
MatchingCluster_toYuleAvg      0.2204
MatchingCluster_toUnifAvg      0.2041
R-F_Cluster                    2.5000
R-F_Cluster_toYuleAvg          0.2319
R-F_Cluster_toUnifAvg          0.2310
NodalSplitted                  9.7980
NodalSplitted_toYuleAvg        0.3199
NodalSplitted_toUnifAvg        0.2826
Triples                        7.0000
Triples_toYuleAvg              0.0366
Triples_toUnifAvg              0.0366
MatchingPair                   5.0000
MatchingPair_toYuleAvg         0.0982
MatchingPair_toUnifAvg         0.0998
MAST                           3.0000
MAST_toYuleAvg                 0.3898
MAST_toUnifAvg                 0.3863
CopheneticL2Metric             4.3589
CopheneticL2Metric_toYuleAvg   0.1797
CopheneticL2Metric_toUnifAvg   0.1632

                 Name       Avg  Std       Min       Max  Count
0     MatchingCluster  9.000000  0.0  9.000000  9.000000      1
1         R-F_Cluster  2.500000  0.0  2.500000  2.500000      1
2       NodalSplitted  9.797959  0.0  9.797959  9.797959      1
3             Triples  7.000000  0.0  7.000000  7.000000      1
4        MatchingPair  5.000000  0.0  5.000000  5.000000      1
5                MAST  3.000000  0.0  3.000000  3.000000      1
6  CopheneticL2Metric  4.358899  0.0  4.358899  4.358899      1
