                              metrics
No                             1.0000
RefTree                        1.0000
Tree                           1.0000
RefTree_taxa                  11.0000
Tree_taxa                     11.0000
Common_taxa                   11.0000
MatchingCluster               19.0000
MatchingCluster_toYuleAvg      0.6260
MatchingCluster_toUnifAvg      0.5946
R-F_Cluster                    6.0000
R-F_Cluster_toYuleAvg          0.6869
R-F_Cluster_toUnifAvg          0.6816
NodalSplitted                 14.0712
NodalSplitted_toYuleAvg        0.5929
NodalSplitted_toUnifAvg        0.5489
Triples                       75.0000
Triples_toYuleAvg              0.6824
Triples_toUnifAvg              0.6805
MatchingPair                  30.0000
MatchingPair_toYuleAvg         0.8734
MatchingPair_toUnifAvg         0.8809
MAST                           5.0000
MAST_toYuleAvg                 0.8092
MAST_toUnifAvg                 0.8080
CopheneticL2Metric             9.8489
CopheneticL2Metric_toYuleAvg   0.5167
CopheneticL2Metric_toUnifAvg   0.4789

                 Name        Avg  Std        Min        Max  Count
0     MatchingCluster  19.000000  0.0  19.000000  19.000000      1
1         R-F_Cluster   6.000000  0.0   6.000000   6.000000      1
2       NodalSplitted  14.071247  0.0  14.071247  14.071247      1
3             Triples  75.000000  0.0  75.000000  75.000000      1
4        MatchingPair  30.000000  0.0  30.000000  30.000000      1
5                MAST   5.000000  0.0   5.000000   5.000000      1
6  CopheneticL2Metric   9.848858  0.0   9.848858   9.848858      1
