                               metrics
No                              1.0000
RefTree                         1.0000
Tree                            1.0000
RefTree_taxa                   15.0000
Tree_taxa                      15.0000
Common_taxa                    15.0000
MatchingCluster                33.0000
MatchingCluster_toYuleAvg       0.6376
MatchingCluster_toUnifAvg       0.5743
R-F_Cluster                    11.0000
R-F_Cluster_toYuleAvg           0.8630
R-F_Cluster_toUnifAvg           0.8582
NodalSplitted                  19.5959
NodalSplitted_toYuleAvg         0.5176
NodalSplitted_toUnifAvg         0.4456
Triples                       175.0000
Triples_toYuleAvg               0.5798
Triples_toUnifAvg               0.5781
MatchingPair                   51.0000
MatchingPair_toYuleAvg          0.7250
MatchingPair_toUnifAvg          0.7352
MAST                            8.0000
MAST_toYuleAvg                  0.8666
MAST_toUnifAvg                  0.8533
CopheneticL2Metric             13.3791
CopheneticL2Metric_toYuleAvg    0.4465
CopheneticL2Metric_toUnifAvg    0.3950

                 Name         Avg  Std         Min         Max  Count
0     MatchingCluster   33.000000  0.0   33.000000   33.000000      1
1         R-F_Cluster   11.000000  0.0   11.000000   11.000000      1
2       NodalSplitted   19.595918  0.0   19.595918   19.595918      1
3             Triples  175.000000  0.0  175.000000  175.000000      1
4        MatchingPair   51.000000  0.0   51.000000   51.000000      1
5                MAST    8.000000  0.0    8.000000    8.000000      1
6  CopheneticL2Metric   13.379088  0.0   13.379088   13.379088      1
