                              metrics
No                             1.0000
RefTree                        1.0000
Tree                           1.0000
RefTree_taxa                  23.0000
Tree_taxa                     23.0000
Common_taxa                   23.0000
MatchingCluster               19.0000
MatchingCluster_toYuleAvg      0.1792
MatchingCluster_toUnifAvg      0.1533
R-F_Cluster                    5.0000
R-F_Cluster_toYuleAvg          0.2406
R-F_Cluster_toUnifAvg          0.2402
NodalSplitted                 21.7256
NodalSplitted_toYuleAvg        0.3080
NodalSplitted_toUnifAvg        0.2424
Triples                       22.0000
Triples_toYuleAvg              0.0186
Triples_toUnifAvg              0.0187
MatchingPair                  13.0000
MatchingPair_toYuleAvg         0.0712
MatchingPair_toUnifAvg         0.0728
MAST                           6.0000
MAST_toYuleAvg                 0.3782
MAST_toUnifAvg                 0.3747
CopheneticL2Metric             8.1854
CopheneticL2Metric_toYuleAvg   0.1511
CopheneticL2Metric_toUnifAvg   0.1212

                 Name        Avg  Std        Min        Max  Count
0     MatchingCluster  19.000000  0.0  19.000000  19.000000      1
1         R-F_Cluster   5.000000  0.0   5.000000   5.000000      1
2       NodalSplitted  21.725561  0.0  21.725561  21.725561      1
3             Triples  22.000000  0.0  22.000000  22.000000      1
4        MatchingPair  13.000000  0.0  13.000000  13.000000      1
5                MAST   6.000000  0.0   6.000000   6.000000      1
6  CopheneticL2Metric   8.185353  0.0   8.185353   8.185353      1
