                              metrics
No                             1.0000
RefTree                        1.0000
Tree                           1.0000
RefTree_taxa                  10.0000
Tree_taxa                     10.0000
Common_taxa                   10.0000
MatchingCluster               23.0000
MatchingCluster_toYuleAvg      0.9050
MatchingCluster_toUnifAvg      0.8699
R-F_Cluster                    7.0000
R-F_Cluster_toYuleAvg          0.9044
R-F_Cluster_toUnifAvg          0.9002
NodalSplitted                 16.0935
NodalSplitted_toYuleAvg        0.7948
NodalSplitted_toUnifAvg        0.7478
Triples                       71.0000
Triples_toYuleAvg              0.8857
Triples_toUnifAvg              0.8936
MatchingPair                  27.0000
MatchingPair_toYuleAvg         0.9762
MatchingPair_toUnifAvg         0.9981
MAST                           5.0000
MAST_toYuleAvg                 0.9289
MAST_toUnifAvg                 0.9344
CopheneticL2Metric            10.3923
CopheneticL2Metric_toYuleAvg   0.6346
CopheneticL2Metric_toUnifAvg   0.6053

                 Name        Avg  Std        Min        Max  Count
0     MatchingCluster  23.000000  0.0  23.000000  23.000000      1
1         R-F_Cluster   7.000000  0.0   7.000000   7.000000      1
2       NodalSplitted  16.093477  0.0  16.093477  16.093477      1
3             Triples  71.000000  0.0  71.000000  71.000000      1
4        MatchingPair  27.000000  0.0  27.000000  27.000000      1
5                MAST   5.000000  0.0   5.000000   5.000000      1
6  CopheneticL2Metric  10.392305  0.0  10.392305  10.392305      1
