                              metrics
No                             1.0000
RefTree                        1.0000
Tree                           1.0000
RefTree_taxa                  23.0000
Tree_taxa                     23.0000
Common_taxa                   23.0000
MatchingCluster                4.0000
MatchingCluster_toYuleAvg      0.0377
MatchingCluster_toUnifAvg      0.0323
R-F_Cluster                    1.0000
R-F_Cluster_toYuleAvg          0.0481
R-F_Cluster_toUnifAvg          0.0480
NodalSplitted                  9.1652
NodalSplitted_toYuleAvg        0.1299
NodalSplitted_toUnifAvg        0.1022
Triples                        2.0000
Triples_toYuleAvg              0.0017
Triples_toUnifAvg              0.0017
MatchingPair                   2.0000
MatchingPair_toYuleAvg         0.0110
MatchingPair_toUnifAvg         0.0112
MAST                           2.0000
MAST_toYuleAvg                 0.1261
MAST_toUnifAvg                 0.1249
CopheneticL2Metric             2.4495
CopheneticL2Metric_toYuleAvg   0.0452
CopheneticL2Metric_toUnifAvg   0.0363

                 Name       Avg  Std       Min       Max  Count
0     MatchingCluster  4.000000  0.0  4.000000  4.000000      1
1         R-F_Cluster  1.000000  0.0  1.000000  1.000000      1
2       NodalSplitted  9.165151  0.0  9.165151  9.165151      1
3             Triples  2.000000  0.0  2.000000  2.000000      1
4        MatchingPair  2.000000  0.0  2.000000  2.000000      1
5                MAST  2.000000  0.0  2.000000  2.000000      1
6  CopheneticL2Metric  2.449490  0.0  2.449490  2.449490      1
