                               metrics
No                              1.0000
RefTree                         1.0000
Tree                            1.0000
RefTree_taxa                   14.0000
Tree_taxa                      14.0000
Common_taxa                    14.0000
MatchingCluster                35.0000
MatchingCluster_toYuleAvg       0.7492
MatchingCluster_toUnifAvg       0.6937
R-F_Cluster                    10.0000
R-F_Cluster_toYuleAvg           0.8492
R-F_Cluster_toUnifAvg           0.8464
NodalSplitted                  28.3019
NodalSplitted_toYuleAvg         0.8145
NodalSplitted_toUnifAvg         0.7248
Triples                       197.0000
Triples_toYuleAvg               0.8107
Triples_toUnifAvg               0.8127
MatchingPair                   56.0000
MatchingPair_toYuleAvg          0.9313
MatchingPair_toUnifAvg          0.9482
MAST                            8.0000
MAST_toYuleAvg                  0.9430
MAST_toUnifAvg                  0.9338
CopheneticL2Metric             17.7482
CopheneticL2Metric_toYuleAvg    0.6484
CopheneticL2Metric_toUnifAvg    0.5817

                 Name         Avg  Std         Min         Max  Count
0     MatchingCluster   35.000000  0.0   35.000000   35.000000      1
1         R-F_Cluster   10.000000  0.0   10.000000   10.000000      1
2       NodalSplitted   28.301943  0.0   28.301943   28.301943      1
3             Triples  197.000000  0.0  197.000000  197.000000      1
4        MatchingPair   56.000000  0.0   56.000000   56.000000      1
5                MAST    8.000000  0.0    8.000000    8.000000      1
6  CopheneticL2Metric   17.748239  0.0   17.748239   17.748239      1
