                               metrics
No                              1.0000
RefTree                         1.0000
Tree                            1.0000
RefTree_taxa                   20.0000
Tree_taxa                      20.0000
Common_taxa                    20.0000
MatchingCluster                59.0000
MatchingCluster_toYuleAvg       0.6926
MatchingCluster_toUnifAvg       0.6065
R-F_Cluster                    13.0000
R-F_Cluster_toYuleAvg           0.7319
R-F_Cluster_toUnifAvg           0.7284
NodalSplitted                  35.7911
NodalSplitted_toYuleAvg         0.6151
NodalSplitted_toUnifAvg         0.4980
Triples                       547.0000
Triples_toYuleAvg               0.7156
Triples_toUnifAvg               0.7201
MatchingPair                  113.0000
MatchingPair_toYuleAvg          0.8399
MatchingPair_toUnifAvg          0.8589
MAST                           13.0000
MAST_toYuleAvg                  0.9744
MAST_toUnifAvg                  0.9663
CopheneticL2Metric             23.4521
CopheneticL2Metric_toYuleAvg    0.5280
CopheneticL2Metric_toUnifAvg    0.4317

                 Name         Avg  Std         Min         Max  Count
0     MatchingCluster   59.000000  0.0   59.000000   59.000000      1
1         R-F_Cluster   13.000000  0.0   13.000000   13.000000      1
2       NodalSplitted   35.791060  0.0   35.791060   35.791060      1
3             Triples  547.000000  0.0  547.000000  547.000000      1
4        MatchingPair  113.000000  0.0  113.000000  113.000000      1
5                MAST   13.000000  0.0   13.000000   13.000000      1
6  CopheneticL2Metric   23.452079  0.0   23.452079   23.452079      1
