                              metrics
No                             1.0000
RefTree                        1.0000
Tree                           1.0000
RefTree_taxa                  10.0000
Tree_taxa                     10.0000
Common_taxa                   10.0000
MatchingCluster                5.0000
MatchingCluster_toYuleAvg      0.1967
MatchingCluster_toUnifAvg      0.1891
R-F_Cluster                    1.5000
R-F_Cluster_toYuleAvg          0.1938
R-F_Cluster_toUnifAvg          0.1929
NodalSplitted                  8.3066
NodalSplitted_toYuleAvg        0.4102
NodalSplitted_toUnifAvg        0.3860
Triples                        4.0000
Triples_toYuleAvg              0.0499
Triples_toUnifAvg              0.0503
MatchingPair                   3.0000
MatchingPair_toYuleAvg         0.1085
MatchingPair_toUnifAvg         0.1109
MAST                           2.0000
MAST_toYuleAvg                 0.3715
MAST_toUnifAvg                 0.3738
CopheneticL2Metric             4.0000
CopheneticL2Metric_toYuleAvg   0.2442
CopheneticL2Metric_toUnifAvg   0.2330

                 Name       Avg  Std       Min       Max  Count
0     MatchingCluster  5.000000  0.0  5.000000  5.000000      1
1         R-F_Cluster  1.500000  0.0  1.500000  1.500000      1
2       NodalSplitted  8.306624  0.0  8.306624  8.306624      1
3             Triples  4.000000  0.0  4.000000  4.000000      1
4        MatchingPair  3.000000  0.0  3.000000  3.000000      1
5                MAST  2.000000  0.0  2.000000  2.000000      1
6  CopheneticL2Metric  4.000000  0.0  4.000000  4.000000      1
