                               metrics
No                              1.0000
RefTree                         1.0000
Tree                            1.0000
RefTree_taxa                   22.0000
Tree_taxa                      22.0000
Common_taxa                    22.0000
MatchingCluster                61.0000
MatchingCluster_toYuleAvg       0.6173
MatchingCluster_toUnifAvg       0.5267
R-F_Cluster                    12.0000
R-F_Cluster_toYuleAvg           0.6069
R-F_Cluster_toUnifAvg           0.6043
NodalSplitted                  38.2492
NodalSplitted_toYuleAvg         0.5742
NodalSplitted_toUnifAvg         0.4496
Triples                       884.0000
Triples_toYuleAvg               0.8616
Triples_toUnifAvg               0.8589
MatchingPair                  138.0000
MatchingPair_toYuleAvg          0.8377
MatchingPair_toUnifAvg          0.8522
MAST                           13.0000
MAST_toYuleAvg                  0.8668
MAST_toUnifAvg                  0.8605
CopheneticL2Metric             24.8596
CopheneticL2Metric_toYuleAvg    0.4891
CopheneticL2Metric_toUnifAvg    0.3961

                 Name         Avg  Std         Min         Max  Count
0     MatchingCluster   61.000000  0.0   61.000000   61.000000      1
1         R-F_Cluster   12.000000  0.0   12.000000   12.000000      1
2       NodalSplitted   38.249183  0.0   38.249183   38.249183      1
3             Triples  884.000000  0.0  884.000000  884.000000      1
4        MatchingPair  138.000000  0.0  138.000000  138.000000      1
5                MAST   13.000000  0.0   13.000000   13.000000      1
6  CopheneticL2Metric   24.859606  0.0   24.859606   24.859606      1
