                                metrics
No                               1.0000
RefTree                          1.0000
Tree                             1.0000
RefTree_taxa                    23.0000
Tree_taxa                       22.0000
Common_taxa                     22.0000
MatchingCluster                 84.0000
MatchingCluster_toYuleAvg        0.8500
MatchingCluster_toUnifAvg        0.7253
R-F_Cluster                     15.0000
R-F_Cluster_toYuleAvg            0.7587
R-F_Cluster_toUnifAvg            0.7554
NodalSplitted                   53.5164
NodalSplitted_toYuleAvg          0.8034
NodalSplitted_toUnifAvg          0.6290
Triples                       1094.0000
Triples_toYuleAvg                1.0662
Triples_toUnifAvg                1.0629
MatchingPair                   159.0000
MatchingPair_toYuleAvg           0.9652
MatchingPair_toUnifAvg           0.9819
MAST                            15.0000
MAST_toYuleAvg                   1.0001
MAST_toUnifAvg                   0.9929
CopheneticL2Metric              34.7994
CopheneticL2Metric_toYuleAvg     0.6847
CopheneticL2Metric_toUnifAvg     0.5545

                 Name          Avg  Std          Min          Max  Count
0     MatchingCluster    84.000000  0.0    84.000000    84.000000      1
1         R-F_Cluster    15.000000  0.0    15.000000    15.000000      1
2       NodalSplitted    53.516353  0.0    53.516353    53.516353      1
3             Triples  1094.000000  0.0  1094.000000  1094.000000      1
4        MatchingPair   159.000000  0.0   159.000000   159.000000      1
5                MAST    15.000000  0.0    15.000000    15.000000      1
6  CopheneticL2Metric    34.799425  0.0    34.799425    34.799425      1
