                              metrics
No                             1.0000
RefTree                        1.0000
Tree                           1.0000
RefTree_taxa                  20.0000
Tree_taxa                     20.0000
Common_taxa                   20.0000
MatchingCluster               15.0000
MatchingCluster_toYuleAvg      0.1761
MatchingCluster_toUnifAvg      0.1542
R-F_Cluster                    4.0000
R-F_Cluster_toYuleAvg          0.2252
R-F_Cluster_toUnifAvg          0.2241
NodalSplitted                 18.0278
NodalSplitted_toYuleAvg        0.3098
NodalSplitted_toUnifAvg        0.2509
Triples                       13.0000
Triples_toYuleAvg              0.0170
Triples_toUnifAvg              0.0171
MatchingPair                  11.0000
MatchingPair_toYuleAvg         0.0818
MatchingPair_toUnifAvg         0.0836
MAST                           5.0000
MAST_toYuleAvg                 0.3748
MAST_toUnifAvg                 0.3716
CopheneticL2Metric             6.4807
CopheneticL2Metric_toYuleAvg   0.1459
CopheneticL2Metric_toUnifAvg   0.1193

                 Name        Avg  Std        Min        Max  Count
0     MatchingCluster  15.000000  0.0  15.000000  15.000000      1
1         R-F_Cluster   4.000000  0.0   4.000000   4.000000      1
2       NodalSplitted  18.027756  0.0  18.027756  18.027756      1
3             Triples  13.000000  0.0  13.000000  13.000000      1
4        MatchingPair  11.000000  0.0  11.000000  11.000000      1
5                MAST   5.000000  0.0   5.000000   5.000000      1
6  CopheneticL2Metric   6.480741  0.0   6.480741   6.480741      1
