                               metrics
No                              1.0000
RefTree                         1.0000
Tree                            1.0000
RefTree_taxa                   21.0000
Tree_taxa                      21.0000
Common_taxa                    21.0000
MatchingCluster                42.0000
MatchingCluster_toYuleAvg       0.4585
MatchingCluster_toUnifAvg       0.3971
R-F_Cluster                    11.5000
R-F_Cluster_toYuleAvg           0.6126
R-F_Cluster_toUnifAvg           0.6101
NodalSplitted                  33.1964
NodalSplitted_toYuleAvg         0.5391
NodalSplitted_toUnifAvg         0.4265
Triples                       216.0000
Triples_toYuleAvg               0.2433
Triples_toUnifAvg               0.2437
MatchingPair                   70.0000
MatchingPair_toYuleAvg          0.4687
MatchingPair_toUnifAvg          0.4782
MAST                            9.0000
MAST_toYuleAvg                  0.6349
MAST_toUnifAvg                  0.6304
CopheneticL2Metric             19.8494
CopheneticL2Metric_toYuleAvg    0.4172
CopheneticL2Metric_toUnifAvg    0.3436

                 Name         Avg  Std         Min         Max  Count
0     MatchingCluster   42.000000  0.0   42.000000   42.000000      1
1         R-F_Cluster   11.500000  0.0   11.500000   11.500000      1
2       NodalSplitted   33.196385  0.0   33.196385   33.196385      1
3             Triples  216.000000  0.0  216.000000  216.000000      1
4        MatchingPair   70.000000  0.0   70.000000   70.000000      1
5                MAST    9.000000  0.0    9.000000    9.000000      1
6  CopheneticL2Metric   19.849433  0.0   19.849433   19.849433      1
