                              metrics
No                             1.0000
RefTree                        1.0000
Tree                           1.0000
RefTree_taxa                  16.0000
Tree_taxa                     16.0000
Common_taxa                   16.0000
MatchingCluster               15.0000
MatchingCluster_toYuleAvg      0.2567
MatchingCluster_toUnifAvg      0.2323
R-F_Cluster                    3.5000
R-F_Cluster_toYuleAvg          0.2541
R-F_Cluster_toUnifAvg          0.2532
NodalSplitted                 16.5831
NodalSplitted_toYuleAvg        0.3940
NodalSplitted_toUnifAvg        0.3369
Triples                       20.0000
Triples_toYuleAvg              0.0536
Triples_toUnifAvg              0.0537
MatchingPair                  12.0000
MatchingPair_toYuleAvg         0.1469
MatchingPair_toUnifAvg         0.1499
MAST                           4.0000
MAST_toYuleAvg                 0.3974
MAST_toUnifAvg                 0.3950
CopheneticL2Metric             8.8882
CopheneticL2Metric_toYuleAvg   0.2704
CopheneticL2Metric_toUnifAvg   0.2390

                 Name        Avg  Std        Min        Max  Count
0     MatchingCluster  15.000000  0.0  15.000000  15.000000      1
1         R-F_Cluster   3.500000  0.0   3.500000   3.500000      1
2       NodalSplitted  16.583124  0.0  16.583124  16.583124      1
3             Triples  20.000000  0.0  20.000000  20.000000      1
4        MatchingPair  12.000000  0.0  12.000000  12.000000      1
5                MAST   4.000000  0.0   4.000000   4.000000      1
6  CopheneticL2Metric   8.888194  0.0   8.888194   8.888194      1
