
                            < M A T L A B (R) >
                  Copyright 1984-2017 The MathWorks, Inc.
                   R2017a (9.2.0.538062) 64-bit (glnxa64)
                             February 23, 2017

 
To get started, type one of these: helpwin, helpdesk, or demo.
For product information, visit www.mathworks.com.
 
Running "Run1", Seed: 145539
 *** Finished Simulation Run ***

config-06.json #############################################

[#.........] | Progress: 1 | Time: 0.0s | ETA: --[##########] | Progress: 64 | Time: 0.0s | ETA: --fit<>, fid</home/chun/projects/clineage-simulation/analysis/tmc-145539/tmc-002/case-06/triplets-list.raw.txt>, flg<treeReconstruction.log>, frt<resTree.tree>, frtN</home/chun/projects/clineage-simulation/analysis/tmc-145539/tmc-002/case-06/reconstructed.tmp.newick>, fsd<qqq.dat>, fst<simul.tree>, -->index=2
Read triplets from file...
Read triplets from file...Finished
N_triplets = 59, idMaxFound = 9
treeBuildBasedOnTriplets_run...
make_isTogetherInTripletAndDeleteExtraTriplets: Finished
maxCut with 9 nodes: Finished
treeBuildBasedOnTriplets_run...Finished
Saving tree to file...
Saving tree to file...Finished

                            < M A T L A B (R) >
                  Copyright 1984-2017 The MathWorks, Inc.
                   R2017a (9.2.0.538062) 64-bit (glnxa64)
                             February 23, 2017

 
To get started, type one of these: helpwin, helpdesk, or demo.
For product information, visit www.mathworks.com.
 
TreeCmp version build2

Active options:
Type of the analysis:  ref-to-all comparison mode (-r)
Metrics:
  1. MatchingCluster (mc)
  2. R-F_Cluster (rc)
  3. NodalSplitted (ns)
  4. Triples (tt)
  5. MatchingPair (mp)
  6. MAST (mt)
  7. CopheneticL2Metric (co)
Input file: /home/chun/projects/clineage-simulation/analysis/tmc-145539/tmc-002/case-06/reconstructed.newick
Output file: /home/chun/projects/clineage-simulation/analysis/tmc-145539/tmc-002/case-06/scores.raw.out
Additional options:
N - Report normalized distances.
P - Prune compared trees if needed (trees can have different leaf sets).
I - Include summary section in the output file.
-----
2018-06-19 06:47:52: Start of reading random statistics.
2018-06-19 06:47:52: End of reading random statistics.
2018-06-19 06:47:52: Start of scanning input file: /home/chun/projects/clineage-simulation/analysis/tmc-145539/tmc-002/case-06/reconstructed.newick
2018-06-19 06:47:52: End of scanning input file: /home/chun/projects/clineage-simulation/analysis/tmc-145539/tmc-002/case-06/reconstructed.newick
2018-06-19 06:47:52: 1 valid trees found in file: /home/chun/projects/clineage-simulation/analysis/tmc-145539/tmc-002/case-06/reconstructed.newick
2018-06-19 06:47:52: Start of calculation...please wait...
2018-06-19 06:47:52: 0.00% completed...
2018-06-19 06:47:52: 100.00% completed.
2018-06-19 06:47:52: End of calculation.
2018-06-19 06:47:52: Total calculation time: 17 ms.
                              metrics
No                             1.0000
RefTree                        1.0000
Tree                           1.0000
RefTree_taxa                   9.0000
Tree_taxa                      9.0000
Common_taxa                    9.0000
MatchingCluster               17.0000
MatchingCluster_toYuleAvg      0.8273
MatchingCluster_toUnifAvg      0.7966
R-F_Cluster                    6.5000
R-F_Cluster_toYuleAvg          0.9752
R-F_Cluster_toUnifAvg          0.9635
NodalSplitted                 12.2474
NodalSplitted_toYuleAvg        0.7239
NodalSplitted_toUnifAvg        0.6872
Triples                       46.0000
Triples_toYuleAvg              0.8226
Triples_toUnifAvg              0.8274
MatchingPair                  19.0000
MatchingPair_toYuleAvg         0.8963
MatchingPair_toUnifAvg         0.9082
MAST                           4.0000
MAST_toYuleAvg                 0.8722
MAST_toUnifAvg                 0.8584
CopheneticL2Metric             8.4261
CopheneticL2Metric_toYuleAvg   0.6033
CopheneticL2Metric_toUnifAvg   0.5819

                 Name        Avg  Std        Min        Max  Count
0     MatchingCluster  17.000000  0.0  17.000000  17.000000      1
1         R-F_Cluster   6.500000  0.0   6.500000   6.500000      1
2       NodalSplitted  12.247449  0.0  12.247449  12.247449      1
3             Triples  46.000000  0.0  46.000000  46.000000      1
4        MatchingPair  19.000000  0.0  19.000000  19.000000      1
5                MAST   4.000000  0.0   4.000000   4.000000      1
6  CopheneticL2Metric   8.426150  0.0   8.426150   8.426150      1
