
                            < M A T L A B (R) >
                  Copyright 1984-2017 The MathWorks, Inc.
                   R2017a (9.2.0.538062) 64-bit (glnxa64)
                             February 23, 2017

 
To get started, type one of these: helpwin, helpdesk, or demo.
For product information, visit www.mathworks.com.
 
Running "Run1", Seed: 145539
 *** Finished Simulation Run ***

config-17.json #############################################

[#.........] | Progress: 1 | Time: 0.0s | ETA: --[.#........] | Progress: 191 | Time: 0.1s | ETA: --[..#.......] | Progress: 389 | Time: 0.1s | ETA: --[...#......] | Progress: 576 | Time: 0.2s | ETA: --[##########] | Progress: 770 | Time: 0.2s | ETA: --fit<>, fid</home/chun/projects/clineage-simulation/analysis/tmc-145539/tmc-002/case-17/triplets-list.raw.txt>, flg<treeReconstruction.log>, frt<resTree.tree>, frtN</home/chun/projects/clineage-simulation/analysis/tmc-145539/tmc-002/case-17/reconstructed.tmp.newick>, fsd<qqq.dat>, fst<simul.tree>, -->index=2
Read triplets from file...
Read triplets from file...Finished
N_triplets = 593, idMaxFound = 20
treeBuildBasedOnTriplets_run...
make_isTogetherInTripletAndDeleteExtraTriplets: Finished
maxCut with 19 nodes: Finished
maxCut with 9 nodes: Finished
treeBuildBasedOnTriplets_run...Finished
Saving tree to file...
Saving tree to file...Finished

                            < M A T L A B (R) >
                  Copyright 1984-2017 The MathWorks, Inc.
                   R2017a (9.2.0.538062) 64-bit (glnxa64)
                             February 23, 2017

 
To get started, type one of these: helpwin, helpdesk, or demo.
For product information, visit www.mathworks.com.
 
TreeCmp version build2

Active options:
Type of the analysis:  ref-to-all comparison mode (-r)
Metrics:
  1. MatchingCluster (mc)
  2. R-F_Cluster (rc)
  3. NodalSplitted (ns)
  4. Triples (tt)
  5. MatchingPair (mp)
  6. MAST (mt)
  7. CopheneticL2Metric (co)
Input file: /home/chun/projects/clineage-simulation/analysis/tmc-145539/tmc-002/case-17/reconstructed.newick
Output file: /home/chun/projects/clineage-simulation/analysis/tmc-145539/tmc-002/case-17/scores.raw.out
Additional options:
N - Report normalized distances.
P - Prune compared trees if needed (trees can have different leaf sets).
I - Include summary section in the output file.
-----
2018-06-19 06:47:54: Start of reading random statistics.
2018-06-19 06:47:54: End of reading random statistics.
2018-06-19 06:47:54: Start of scanning input file: /home/chun/projects/clineage-simulation/analysis/tmc-145539/tmc-002/case-17/reconstructed.newick
2018-06-19 06:47:54: End of scanning input file: /home/chun/projects/clineage-simulation/analysis/tmc-145539/tmc-002/case-17/reconstructed.newick
2018-06-19 06:47:54: 1 valid trees found in file: /home/chun/projects/clineage-simulation/analysis/tmc-145539/tmc-002/case-17/reconstructed.newick
2018-06-19 06:47:54: Start of calculation...please wait...
2018-06-19 06:47:54: 0.00% completed...
2018-06-19 06:47:54: 100.00% completed.
2018-06-19 06:47:54: End of calculation.
2018-06-19 06:47:54: Total calculation time: 25 ms.
                               metrics
No                              1.0000
RefTree                         1.0000
Tree                            1.0000
RefTree_taxa                   20.0000
Tree_taxa                      20.0000
Common_taxa                    20.0000
MatchingCluster                74.0000
MatchingCluster_toYuleAvg       0.8687
MatchingCluster_toUnifAvg       0.7607
R-F_Cluster                    16.5000
R-F_Cluster_toYuleAvg           0.9290
R-F_Cluster_toUnifAvg           0.9245
NodalSplitted                  44.0908
NodalSplitted_toYuleAvg         0.7577
NodalSplitted_toUnifAvg         0.6135
Triples                       714.0000
Triples_toYuleAvg               0.9340
Triples_toUnifAvg               0.9400
MatchingPair                  120.0000
MatchingPair_toYuleAvg          0.8920
MatchingPair_toUnifAvg          0.9121
MAST                           13.0000
MAST_toYuleAvg                  0.9744
MAST_toUnifAvg                  0.9663
CopheneticL2Metric             29.5296
CopheneticL2Metric_toYuleAvg    0.6649
CopheneticL2Metric_toUnifAvg    0.5436

                 Name         Avg  Std         Min         Max  Count
0     MatchingCluster   74.000000  0.0   74.000000   74.000000      1
1         R-F_Cluster   16.500000  0.0   16.500000   16.500000      1
2       NodalSplitted   44.090815  0.0   44.090815   44.090815      1
3             Triples  714.000000  0.0  714.000000  714.000000      1
4        MatchingPair  120.000000  0.0  120.000000  120.000000      1
5                MAST   13.000000  0.0   13.000000   13.000000      1
6  CopheneticL2Metric   29.529646  0.0   29.529646   29.529646      1
