
                            < M A T L A B (R) >
                  Copyright 1984-2017 The MathWorks, Inc.
                   R2017a (9.2.0.538062) 64-bit (glnxa64)
                             February 23, 2017

 
To get started, type one of these: helpwin, helpdesk, or demo.
For product information, visit www.mathworks.com.
 
Running "Run1", Seed: 145539
 *** Finished Simulation Run ***

config-20.json #############################################

[#.........] | Progress: 1 | Time: 0.0s | ETA: --[.#........] | Progress: 289 | Time: 0.1s | ETA: --[..#.......] | Progress: 649 | Time: 0.1s | ETA: --[...#......] | Progress: 1026 | Time: 0.2s | ETA: --[##########] | Progress: 1197 | Time: 0.2s | ETA: --fit<>, fid</home/chun/projects/clineage-simulation/analysis/tmc-145539/tmc-002/case-20/triplets-list.raw.txt>, flg<treeReconstruction.log>, frt<resTree.tree>, frtN</home/chun/projects/clineage-simulation/analysis/tmc-145539/tmc-002/case-20/reconstructed.tmp.newick>, fsd<qqq.dat>, fst<simul.tree>, -->index=2
Read triplets from file...
Read triplets from file...Finished
N_triplets = 925, idMaxFound = 23
treeBuildBasedOnTriplets_run...
make_isTogetherInTripletAndDeleteExtraTriplets: Finished
maxCut with 22 nodes: Finished
maxCut with 9 nodes: Finished
maxCut with 13 nodes: Finished
treeBuildBasedOnTriplets_run...Finished
Saving tree to file...
Saving tree to file...Finished

                            < M A T L A B (R) >
                  Copyright 1984-2017 The MathWorks, Inc.
                   R2017a (9.2.0.538062) 64-bit (glnxa64)
                             February 23, 2017

 
To get started, type one of these: helpwin, helpdesk, or demo.
For product information, visit www.mathworks.com.
 
TreeCmp version build2

Active options:
Type of the analysis:  ref-to-all comparison mode (-r)
Metrics:
  1. MatchingCluster (mc)
  2. R-F_Cluster (rc)
  3. NodalSplitted (ns)
  4. Triples (tt)
  5. MatchingPair (mp)
  6. MAST (mt)
  7. CopheneticL2Metric (co)
Input file: /home/chun/projects/clineage-simulation/analysis/tmc-145539/tmc-002/case-20/reconstructed.newick
Output file: /home/chun/projects/clineage-simulation/analysis/tmc-145539/tmc-002/case-20/scores.raw.out
Additional options:
N - Report normalized distances.
P - Prune compared trees if needed (trees can have different leaf sets).
I - Include summary section in the output file.
-----
2018-06-19 06:47:52: Start of reading random statistics.
2018-06-19 06:47:52: End of reading random statistics.
2018-06-19 06:47:52: Start of scanning input file: /home/chun/projects/clineage-simulation/analysis/tmc-145539/tmc-002/case-20/reconstructed.newick
2018-06-19 06:47:52: End of scanning input file: /home/chun/projects/clineage-simulation/analysis/tmc-145539/tmc-002/case-20/reconstructed.newick
2018-06-19 06:47:52: 1 valid trees found in file: /home/chun/projects/clineage-simulation/analysis/tmc-145539/tmc-002/case-20/reconstructed.newick
2018-06-19 06:47:52: Start of calculation...please wait...
2018-06-19 06:47:52: 0.00% completed...
2018-06-19 06:47:52: 100.00% completed.
2018-06-19 06:47:52: End of calculation.
2018-06-19 06:47:52: Total calculation time: 28 ms.
                                metrics
No                               1.0000
RefTree                          1.0000
Tree                             1.0000
RefTree_taxa                    23.0000
Tree_taxa                       23.0000
Common_taxa                     23.0000
MatchingCluster                 91.0000
MatchingCluster_toYuleAvg        0.8582
MatchingCluster_toUnifAvg        0.7343
R-F_Cluster                     18.5000
R-F_Cluster_toYuleAvg            0.8904
R-F_Cluster_toUnifAvg            0.8887
NodalSplitted                   54.2218
NodalSplitted_toYuleAvg          0.7686
NodalSplitted_toUnifAvg          0.6049
Triples                       1095.0000
Triples_toYuleAvg                0.9265
Triples_toUnifAvg                0.9306
MatchingPair                   156.0000
MatchingPair_toYuleAvg           0.8546
MatchingPair_toUnifAvg           0.8733
MAST                            15.0000
MAST_toYuleAvg                   0.9454
MAST_toUnifAvg                   0.9367
CopheneticL2Metric              34.3802
CopheneticL2Metric_toYuleAvg     0.6346
CopheneticL2Metric_toUnifAvg     0.5092

                 Name          Avg  Std          Min          Max  Count
0     MatchingCluster    91.000000  0.0    91.000000    91.000000      1
1         R-F_Cluster    18.500000  0.0    18.500000    18.500000      1
2       NodalSplitted    54.221767  0.0    54.221767    54.221767      1
3             Triples  1095.000000  0.0  1095.000000  1095.000000      1
4        MatchingPair   156.000000  0.0   156.000000   156.000000      1
5                MAST    15.000000  0.0    15.000000    15.000000      1
6  CopheneticL2Metric    34.380227  0.0    34.380227    34.380227      1
