
                            < M A T L A B (R) >
                  Copyright 1984-2017 The MathWorks, Inc.
                   R2017a (9.2.0.538062) 64-bit (glnxa64)
                             February 23, 2017

 
To get started, type one of these: helpwin, helpdesk, or demo.
For product information, visit www.mathworks.com.
 
Running "Run1", Seed: 145539
 *** Finished Simulation Run ***

config-09.json #############################################

[#.........] | Progress: 1 | Time: 0.0s | ETA: --[##########] | Progress: 162 | Time: 0.0s | ETA: --fit<>, fid</home/chun/projects/clineage-simulation/analysis/tmc-145539/tmc-002/case-09/triplets-list.raw.txt>, flg<treeReconstruction.log>, frt<resTree.tree>, frtN</home/chun/projects/clineage-simulation/analysis/tmc-145539/tmc-002/case-09/reconstructed.tmp.newick>, fsd<qqq.dat>, fst<simul.tree>, -->index=2
Read triplets from file...
Read triplets from file...Finished
N_triplets = 139, idMaxFound = 12
treeBuildBasedOnTriplets_run...
make_isTogetherInTripletAndDeleteExtraTriplets: Finished
maxCut with 12 nodes: Finished
treeBuildBasedOnTriplets_run...Finished
Saving tree to file...
Saving tree to file...Finished

                            < M A T L A B (R) >
                  Copyright 1984-2017 The MathWorks, Inc.
                   R2017a (9.2.0.538062) 64-bit (glnxa64)
                             February 23, 2017

 
To get started, type one of these: helpwin, helpdesk, or demo.
For product information, visit www.mathworks.com.
 
TreeCmp version build2

Active options:
Type of the analysis:  ref-to-all comparison mode (-r)
Metrics:
  1. MatchingCluster (mc)
  2. R-F_Cluster (rc)
  3. NodalSplitted (ns)
  4. Triples (tt)
  5. MatchingPair (mp)
  6. MAST (mt)
  7. CopheneticL2Metric (co)
Input file: /home/chun/projects/clineage-simulation/analysis/tmc-145539/tmc-002/case-09/reconstructed.newick
Output file: /home/chun/projects/clineage-simulation/analysis/tmc-145539/tmc-002/case-09/scores.raw.out
Additional options:
N - Report normalized distances.
P - Prune compared trees if needed (trees can have different leaf sets).
I - Include summary section in the output file.
-----
2018-06-19 06:47:53: Start of reading random statistics.
2018-06-19 06:47:53: End of reading random statistics.
2018-06-19 06:47:53: Start of scanning input file: /home/chun/projects/clineage-simulation/analysis/tmc-145539/tmc-002/case-09/reconstructed.newick
2018-06-19 06:47:53: End of scanning input file: /home/chun/projects/clineage-simulation/analysis/tmc-145539/tmc-002/case-09/reconstructed.newick
2018-06-19 06:47:53: 1 valid trees found in file: /home/chun/projects/clineage-simulation/analysis/tmc-145539/tmc-002/case-09/reconstructed.newick
2018-06-19 06:47:53: Start of calculation...please wait...
2018-06-19 06:47:53: 0.00% completed...
2018-06-19 06:47:53: 100.00% completed.
2018-06-19 06:47:53: End of calculation.
2018-06-19 06:47:53: Total calculation time: 23 ms.
                               metrics
No                              1.0000
RefTree                         1.0000
Tree                            1.0000
RefTree_taxa                   12.0000
Tree_taxa                      12.0000
Common_taxa                    12.0000
MatchingCluster                27.0000
MatchingCluster_toYuleAvg       0.7605
MatchingCluster_toUnifAvg       0.7141
R-F_Cluster                     9.0000
R-F_Cluster_toYuleAvg           0.9231
R-F_Cluster_toUnifAvg           0.9194
NodalSplitted                  19.1050
NodalSplitted_toYuleAvg         0.7014
NodalSplitted_toUnifAvg         0.6385
Triples                       118.0000
Triples_toYuleAvg               0.8016
Triples_toUnifAvg               0.8042
MatchingPair                   39.0000
MatchingPair_toYuleAvg          0.9220
MatchingPair_toUnifAvg          0.9343
MAST                            7.0000
MAST_toYuleAvg                  1.0158
MAST_toUnifAvg                  1.0059
CopheneticL2Metric             11.0454
CopheneticL2Metric_toYuleAvg    0.5095
CopheneticL2Metric_toUnifAvg    0.4688

                 Name         Avg  Std         Min         Max  Count
0     MatchingCluster   27.000000  0.0   27.000000   27.000000      1
1         R-F_Cluster    9.000000  0.0    9.000000    9.000000      1
2       NodalSplitted   19.104973  0.0   19.104973   19.104973      1
3             Triples  118.000000  0.0  118.000000  118.000000      1
4        MatchingPair   39.000000  0.0   39.000000   39.000000      1
5                MAST    7.000000  0.0    7.000000    7.000000      1
6  CopheneticL2Metric   11.045361  0.0   11.045361   11.045361      1
