
                            < M A T L A B (R) >
                  Copyright 1984-2017 The MathWorks, Inc.
                   R2017a (9.2.0.538062) 64-bit (glnxa64)
                             February 23, 2017

 
To get started, type one of these: helpwin, helpdesk, or demo.
For product information, visit www.mathworks.com.
 
Running "Run1", Seed: 145539
 *** Finished Simulation Run ***

config-18.json #############################################

[#.........] | Progress: 1 | Time: 0.0s | ETA: --[.#........] | Progress: 321 | Time: 0.1s | ETA: --[..#.......] | Progress: 642 | Time: 0.1s | ETA: --[##########] | Progress: 902 | Time: 0.1s | ETA: --fit<>, fid</home/chun/projects/clineage-simulation/analysis/tmc-145539/tmc-002/case-18/triplets-list.raw.txt>, flg<treeReconstruction.log>, frt<resTree.tree>, frtN</home/chun/projects/clineage-simulation/analysis/tmc-145539/tmc-002/case-18/reconstructed.tmp.newick>, fsd<qqq.dat>, fst<simul.tree>, -->index=2
Read triplets from file...
Read triplets from file...Finished
N_triplets = 700, idMaxFound = 21
treeBuildBasedOnTriplets_run...
make_isTogetherInTripletAndDeleteExtraTriplets: Finished
maxCut with 20 nodes: Finished
maxCut with 9 nodes: Finished
maxCut with 11 nodes: Finished
treeBuildBasedOnTriplets_run...Finished
Saving tree to file...
Saving tree to file...Finished

                            < M A T L A B (R) >
                  Copyright 1984-2017 The MathWorks, Inc.
                   R2017a (9.2.0.538062) 64-bit (glnxa64)
                             February 23, 2017

 
To get started, type one of these: helpwin, helpdesk, or demo.
For product information, visit www.mathworks.com.
 
TreeCmp version build2

Active options:
Type of the analysis:  ref-to-all comparison mode (-r)
Metrics:
  1. MatchingCluster (mc)
  2. R-F_Cluster (rc)
  3. NodalSplitted (ns)
  4. Triples (tt)
  5. MatchingPair (mp)
  6. MAST (mt)
  7. CopheneticL2Metric (co)
Input file: /home/chun/projects/clineage-simulation/analysis/tmc-145539/tmc-002/case-18/reconstructed.newick
Output file: /home/chun/projects/clineage-simulation/analysis/tmc-145539/tmc-002/case-18/scores.raw.out
Additional options:
N - Report normalized distances.
P - Prune compared trees if needed (trees can have different leaf sets).
I - Include summary section in the output file.
-----
2018-06-19 06:47:53: Start of reading random statistics.
2018-06-19 06:47:53: End of reading random statistics.
2018-06-19 06:47:53: Start of scanning input file: /home/chun/projects/clineage-simulation/analysis/tmc-145539/tmc-002/case-18/reconstructed.newick
2018-06-19 06:47:53: End of scanning input file: /home/chun/projects/clineage-simulation/analysis/tmc-145539/tmc-002/case-18/reconstructed.newick
2018-06-19 06:47:53: 1 valid trees found in file: /home/chun/projects/clineage-simulation/analysis/tmc-145539/tmc-002/case-18/reconstructed.newick
2018-06-19 06:47:53: Start of calculation...please wait...
2018-06-19 06:47:53: 0.00% completed...
2018-06-19 06:47:53: 100.00% completed.
2018-06-19 06:47:53: End of calculation.
2018-06-19 06:47:53: Total calculation time: 34 ms.
                               metrics
No                              1.0000
RefTree                         1.0000
Tree                            1.0000
RefTree_taxa                   21.0000
Tree_taxa                      21.0000
Common_taxa                    21.0000
MatchingCluster                77.0000
MatchingCluster_toYuleAvg       0.8406
MatchingCluster_toUnifAvg       0.7280
R-F_Cluster                    17.5000
R-F_Cluster_toYuleAvg           0.9323
R-F_Cluster_toUnifAvg           0.9284
NodalSplitted                  44.0000
NodalSplitted_toYuleAvg         0.7146
NodalSplitted_toUnifAvg         0.5653
Triples                       824.0000
Triples_toYuleAvg               0.9280
Triples_toUnifAvg               0.9297
MatchingPair                  131.0000
MatchingPair_toYuleAvg          0.8771
MatchingPair_toUnifAvg          0.8949
MAST                           14.0000
MAST_toYuleAvg                  0.9877
MAST_toUnifAvg                  0.9807
CopheneticL2Metric             29.5804
CopheneticL2Metric_toYuleAvg    0.6217
CopheneticL2Metric_toUnifAvg    0.5120

                 Name         Avg  Std         Min         Max  Count
0     MatchingCluster   77.000000  0.0   77.000000   77.000000      1
1         R-F_Cluster   17.500000  0.0   17.500000   17.500000      1
2       NodalSplitted   44.000000  0.0   44.000000   44.000000      1
3             Triples  824.000000  0.0  824.000000  824.000000      1
4        MatchingPair  131.000000  0.0  131.000000  131.000000      1
5                MAST   14.000000  0.0   14.000000   14.000000      1
6  CopheneticL2Metric   29.580399  0.0   29.580399   29.580399      1
