                              metrics
No                             1.0000
RefTree                        1.0000
Tree                           1.0000
RefTree_taxa                  15.0000
Tree_taxa                     15.0000
Common_taxa                   15.0000
MatchingCluster               12.0000
MatchingCluster_toYuleAvg      0.2318
MatchingCluster_toUnifAvg      0.2088
R-F_Cluster                    2.5000
R-F_Cluster_toYuleAvg          0.1961
R-F_Cluster_toUnifAvg          0.1951
NodalSplitted                 13.8564
NodalSplitted_toYuleAvg        0.3660
NodalSplitted_toUnifAvg        0.3151
Triples                       20.0000
Triples_toYuleAvg              0.0663
Triples_toUnifAvg              0.0661
MatchingPair                   9.0000
MatchingPair_toYuleAvg         0.1279
MatchingPair_toUnifAvg         0.1297
MAST                           3.0000
MAST_toYuleAvg                 0.3250
MAST_toUnifAvg                 0.3200
CopheneticL2Metric             7.6811
CopheneticL2Metric_toYuleAvg   0.2563
CopheneticL2Metric_toUnifAvg   0.2268

                 Name        Avg  Std        Min        Max  Count
0     MatchingCluster  12.000000  0.0  12.000000  12.000000      1
1         R-F_Cluster   2.500000  0.0   2.500000   2.500000      1
2       NodalSplitted  13.856406  0.0  13.856406  13.856406      1
3             Triples  20.000000  0.0  20.000000  20.000000      1
4        MatchingPair   9.000000  0.0   9.000000   9.000000      1
5                MAST   3.000000  0.0   3.000000   3.000000      1
6  CopheneticL2Metric   7.681146  0.0   7.681146   7.681146      1
