                              metrics
No                             1.0000
RefTree                        1.0000
Tree                           1.0000
RefTree_taxa                  15.0000
Tree_taxa                     15.0000
Common_taxa                   15.0000
MatchingCluster                5.0000
MatchingCluster_toYuleAvg      0.0966
MatchingCluster_toUnifAvg      0.0870
R-F_Cluster                    1.0000
R-F_Cluster_toYuleAvg          0.0785
R-F_Cluster_toUnifAvg          0.0780
NodalSplitted                  7.6158
NodalSplitted_toYuleAvg        0.2011
NodalSplitted_toUnifAvg        0.1732
Triples                        4.0000
Triples_toYuleAvg              0.0133
Triples_toUnifAvg              0.0132
MatchingPair                   4.0000
MatchingPair_toYuleAvg         0.0569
MatchingPair_toUnifAvg         0.0577
MAST                           1.0000
MAST_toYuleAvg                 0.1083
MAST_toUnifAvg                 0.1067
CopheneticL2Metric             4.0000
CopheneticL2Metric_toYuleAvg   0.1335
CopheneticL2Metric_toUnifAvg   0.1181

                 Name       Avg  Std       Min       Max  Count
0     MatchingCluster  5.000000  0.0  5.000000  5.000000      1
1         R-F_Cluster  1.000000  0.0  1.000000  1.000000      1
2       NodalSplitted  7.615773  0.0  7.615773  7.615773      1
3             Triples  4.000000  0.0  4.000000  4.000000      1
4        MatchingPair  4.000000  0.0  4.000000  4.000000      1
5                MAST  1.000000  0.0  1.000000  1.000000      1
6  CopheneticL2Metric  4.000000  0.0  4.000000  4.000000      1
