                               metrics
No                              1.0000
RefTree                         1.0000
Tree                            1.0000
RefTree_taxa                   22.0000
Tree_taxa                      22.0000
Common_taxa                    22.0000
MatchingCluster                78.0000
MatchingCluster_toYuleAvg       0.7893
MatchingCluster_toUnifAvg       0.6735
R-F_Cluster                    13.5000
R-F_Cluster_toYuleAvg           0.6828
R-F_Cluster_toUnifAvg           0.6798
NodalSplitted                  54.6809
NodalSplitted_toYuleAvg         0.8209
NodalSplitted_toUnifAvg         0.6427
Triples                       651.0000
Triples_toYuleAvg               0.6345
Triples_toUnifAvg               0.6325
MatchingPair                  144.0000
MatchingPair_toYuleAvg          0.8741
MatchingPair_toUnifAvg          0.8893
MAST                           13.0000
MAST_toYuleAvg                  0.8668
MAST_toUnifAvg                  0.8605
CopheneticL2Metric             41.4729
CopheneticL2Metric_toYuleAvg    0.8160
CopheneticL2Metric_toUnifAvg    0.6609

                 Name         Avg  Std         Min         Max  Count
0     MatchingCluster   78.000000  0.0   78.000000   78.000000      1
1         R-F_Cluster   13.500000  0.0   13.500000   13.500000      1
2       NodalSplitted   54.680892  0.0   54.680892   54.680892      1
3             Triples  651.000000  0.0  651.000000  651.000000      1
4        MatchingPair  144.000000  0.0  144.000000  144.000000      1
5                MAST   13.000000  0.0   13.000000   13.000000      1
6  CopheneticL2Metric   41.472883  0.0   41.472883   41.472883      1
