                              metrics
No                             1.0000
RefTree                        1.0000
Tree                           1.0000
RefTree_taxa                  22.0000
Tree_taxa                     22.0000
Common_taxa                   22.0000
MatchingCluster               15.0000
MatchingCluster_toYuleAvg      0.1518
MatchingCluster_toUnifAvg      0.1295
R-F_Cluster                    3.0000
R-F_Cluster_toYuleAvg          0.1517
R-F_Cluster_toUnifAvg          0.1511
NodalSplitted                 23.0434
NodalSplitted_toYuleAvg        0.3459
NodalSplitted_toUnifAvg        0.2708
Triples                       14.0000
Triples_toYuleAvg              0.0136
Triples_toUnifAvg              0.0136
MatchingPair                  11.0000
MatchingPair_toYuleAvg         0.0668
MatchingPair_toUnifAvg         0.0679
MAST                           5.0000
MAST_toYuleAvg                 0.3334
MAST_toUnifAvg                 0.3310
CopheneticL2Metric             8.1854
CopheneticL2Metric_toYuleAvg   0.1610
CopheneticL2Metric_toUnifAvg   0.1304

                 Name        Avg  Std        Min        Max  Count
0     MatchingCluster  15.000000  0.0  15.000000  15.000000      1
1         R-F_Cluster   3.000000  0.0   3.000000   3.000000      1
2       NodalSplitted  23.043437  0.0  23.043437  23.043437      1
3             Triples  14.000000  0.0  14.000000  14.000000      1
4        MatchingPair  11.000000  0.0  11.000000  11.000000      1
5                MAST   5.000000  0.0   5.000000   5.000000      1
6  CopheneticL2Metric   8.185353  0.0   8.185353   8.185353      1
