                              metrics
No                             1.0000
RefTree                        1.0000
Tree                           1.0000
RefTree_taxa                  16.0000
Tree_taxa                     16.0000
Common_taxa                   16.0000
MatchingCluster                7.0000
MatchingCluster_toYuleAvg      0.1198
MatchingCluster_toUnifAvg      0.1084
R-F_Cluster                    1.5000
R-F_Cluster_toYuleAvg          0.1089
R-F_Cluster_toUnifAvg          0.1085
NodalSplitted                  9.5394
NodalSplitted_toYuleAvg        0.2266
NodalSplitted_toUnifAvg        0.1938
Triples                        5.0000
Triples_toYuleAvg              0.0134
Triples_toUnifAvg              0.0134
MatchingPair                   5.0000
MatchingPair_toYuleAvg         0.0612
MatchingPair_toUnifAvg         0.0625
MAST                           2.0000
MAST_toYuleAvg                 0.1987
MAST_toUnifAvg                 0.1975
CopheneticL2Metric             4.3589
CopheneticL2Metric_toYuleAvg   0.1326
CopheneticL2Metric_toUnifAvg   0.1172

                 Name       Avg  Std       Min       Max  Count
0     MatchingCluster  7.000000  0.0  7.000000  7.000000      1
1         R-F_Cluster  1.500000  0.0  1.500000  1.500000      1
2       NodalSplitted  9.539392  0.0  9.539392  9.539392      1
3             Triples  5.000000  0.0  5.000000  5.000000      1
4        MatchingPair  5.000000  0.0  5.000000  5.000000      1
5                MAST  2.000000  0.0  2.000000  2.000000      1
6  CopheneticL2Metric  4.358899  0.0  4.358899  4.358899      1
