                               metrics
No                              1.0000
RefTree                         1.0000
Tree                            1.0000
RefTree_taxa                   22.0000
Tree_taxa                      10.0000
Common_taxa                    10.0000
MatchingCluster                23.0000
MatchingCluster_toYuleAvg       0.9050
MatchingCluster_toUnifAvg       0.8699
R-F_Cluster                     4.5000
R-F_Cluster_toYuleAvg           0.5814
R-F_Cluster_toUnifAvg           0.5787
NodalSplitted                  17.5784
NodalSplitted_toYuleAvg         0.8681
NodalSplitted_toUnifAvg         0.8168
Triples                       107.0000
Triples_toYuleAvg               1.3348
Triples_toUnifAvg               1.3466
MatchingPair                   22.0000
MatchingPair_toYuleAvg          0.7954
MatchingPair_toUnifAvg          0.8133
MAST                            7.0000
MAST_toYuleAvg                  1.3004
MAST_toUnifAvg                  1.3082
CopheneticL2Metric             11.9583
CopheneticL2Metric_toYuleAvg    0.7302
CopheneticL2Metric_toUnifAvg    0.6965

                 Name         Avg  Std         Min         Max  Count
0     MatchingCluster   23.000000  0.0   23.000000   23.000000      1
1         R-F_Cluster    4.500000  0.0    4.500000    4.500000      1
2       NodalSplitted   17.578396  0.0   17.578396   17.578396      1
3             Triples  107.000000  0.0  107.000000  107.000000      1
4        MatchingPair   22.000000  0.0   22.000000   22.000000      1
5                MAST    7.000000  0.0    7.000000    7.000000      1
6  CopheneticL2Metric   11.958261  0.0   11.958261   11.958261      1
