                              metrics
No                             1.0000
RefTree                        1.0000
Tree                           1.0000
RefTree_taxa                  22.0000
Tree_taxa                     22.0000
Common_taxa                   22.0000
MatchingCluster               11.0000
MatchingCluster_toYuleAvg      0.1113
MatchingCluster_toUnifAvg      0.0950
R-F_Cluster                    2.5000
R-F_Cluster_toYuleAvg          0.1264
R-F_Cluster_toUnifAvg          0.1259
NodalSplitted                 14.5945
NodalSplitted_toYuleAvg        0.2191
NodalSplitted_toUnifAvg        0.1715
Triples                        7.0000
Triples_toYuleAvg              0.0068
Triples_toUnifAvg              0.0068
MatchingPair                   7.0000
MatchingPair_toYuleAvg         0.0425
MatchingPair_toUnifAvg         0.0432
MAST                           4.0000
MAST_toYuleAvg                 0.2667
MAST_toUnifAvg                 0.2648
CopheneticL2Metric             5.0000
CopheneticL2Metric_toYuleAvg   0.0984
CopheneticL2Metric_toUnifAvg   0.0797

                 Name       Avg  Std       Min       Max  Count
0     MatchingCluster  11.00000  0.0  11.00000  11.00000      1
1         R-F_Cluster   2.50000  0.0   2.50000   2.50000      1
2       NodalSplitted  14.59452  0.0  14.59452  14.59452      1
3             Triples   7.00000  0.0   7.00000   7.00000      1
4        MatchingPair   7.00000  0.0   7.00000   7.00000      1
5                MAST   4.00000  0.0   4.00000   4.00000      1
6  CopheneticL2Metric   5.00000  0.0   5.00000   5.00000      1
