                              metrics
No                             1.0000
RefTree                        1.0000
Tree                           1.0000
RefTree_taxa                  23.0000
Tree_taxa                     23.0000
Common_taxa                   23.0000
MatchingCluster               26.0000
MatchingCluster_toYuleAvg      0.2452
MatchingCluster_toUnifAvg      0.2098
R-F_Cluster                    6.0000
R-F_Cluster_toYuleAvg          0.2888
R-F_Cluster_toUnifAvg          0.2882
NodalSplitted                 27.8927
NodalSplitted_toYuleAvg        0.3954
NodalSplitted_toUnifAvg        0.3111
Triples                       52.0000
Triples_toYuleAvg              0.0440
Triples_toUnifAvg              0.0442
MatchingPair                  24.0000
MatchingPair_toYuleAvg         0.1315
MatchingPair_toUnifAvg         0.1343
MAST                           7.0000
MAST_toYuleAvg                 0.4412
MAST_toUnifAvg                 0.4371
CopheneticL2Metric            12.0000
CopheneticL2Metric_toYuleAvg   0.2215
CopheneticL2Metric_toUnifAvg   0.1777

                 Name        Avg  Std        Min        Max  Count
0     MatchingCluster  26.000000  0.0  26.000000  26.000000      1
1         R-F_Cluster   6.000000  0.0   6.000000   6.000000      1
2       NodalSplitted  27.892651  0.0  27.892651  27.892651      1
3             Triples  52.000000  0.0  52.000000  52.000000      1
4        MatchingPair  24.000000  0.0  24.000000  24.000000      1
5                MAST   7.000000  0.0   7.000000   7.000000      1
6  CopheneticL2Metric  12.000000  0.0  12.000000  12.000000      1
