                              metrics
No                             1.0000
RefTree                        1.0000
Tree                           1.0000
RefTree_taxa                  23.0000
Tree_taxa                     23.0000
Common_taxa                   23.0000
MatchingCluster               23.0000
MatchingCluster_toYuleAvg      0.2169
MatchingCluster_toUnifAvg      0.1856
R-F_Cluster                    6.0000
R-F_Cluster_toYuleAvg          0.2888
R-F_Cluster_toUnifAvg          0.2882
NodalSplitted                 28.5657
NodalSplitted_toYuleAvg        0.4049
NodalSplitted_toUnifAvg        0.3187
Triples                       23.0000
Triples_toYuleAvg              0.0195
Triples_toUnifAvg              0.0195
MatchingPair                  15.0000
MatchingPair_toYuleAvg         0.0822
MatchingPair_toUnifAvg         0.0840
MAST                           7.0000
MAST_toYuleAvg                 0.4412
MAST_toUnifAvg                 0.4371
CopheneticL2Metric             9.7980
CopheneticL2Metric_toYuleAvg   0.1809
CopheneticL2Metric_toUnifAvg   0.1451

                 Name        Avg  Std        Min        Max  Count
0     MatchingCluster  23.000000  0.0  23.000000  23.000000      1
1         R-F_Cluster   6.000000  0.0   6.000000   6.000000      1
2       NodalSplitted  28.565714  0.0  28.565714  28.565714      1
3             Triples  23.000000  0.0  23.000000  23.000000      1
4        MatchingPair  15.000000  0.0  15.000000  15.000000      1
5                MAST   7.000000  0.0   7.000000   7.000000      1
6  CopheneticL2Metric   9.797959  0.0   9.797959   9.797959      1
