                              metrics
No                             1.0000
RefTree                        1.0000
Tree                           1.0000
RefTree_taxa                   9.0000
Tree_taxa                      9.0000
Common_taxa                    9.0000
MatchingCluster               14.0000
MatchingCluster_toYuleAvg      0.6813
MatchingCluster_toUnifAvg      0.6560
R-F_Cluster                    5.0000
R-F_Cluster_toYuleAvg          0.7502
R-F_Cluster_toUnifAvg          0.7412
NodalSplitted                 12.5698
NodalSplitted_toYuleAvg        0.7430
NodalSplitted_toUnifAvg        0.7053
Triples                       40.0000
Triples_toYuleAvg              0.7153
Triples_toUnifAvg              0.7195
MatchingPair                  20.0000
MatchingPair_toYuleAvg         0.9434
MatchingPair_toUnifAvg         0.9560
MAST                           4.0000
MAST_toYuleAvg                 0.8722
MAST_toUnifAvg                 0.8584
CopheneticL2Metric             9.1652
CopheneticL2Metric_toYuleAvg   0.6562
CopheneticL2Metric_toUnifAvg   0.6329

                 Name        Avg  Std        Min        Max  Count
0     MatchingCluster  14.000000  0.0  14.000000  14.000000      1
1         R-F_Cluster   5.000000  0.0   5.000000   5.000000      1
2       NodalSplitted  12.569805  0.0  12.569805  12.569805      1
3             Triples  40.000000  0.0  40.000000  40.000000      1
4        MatchingPair  20.000000  0.0  20.000000  20.000000      1
5                MAST   4.000000  0.0   4.000000   4.000000      1
6  CopheneticL2Metric   9.165151  0.0   9.165151   9.165151      1
