                              metrics
No                             1.0000
RefTree                        1.0000
Tree                           1.0000
RefTree_taxa                  19.0000
Tree_taxa                     19.0000
Common_taxa                   19.0000
MatchingCluster                2.0000
MatchingCluster_toYuleAvg      0.0258
MatchingCluster_toUnifAvg      0.0225
R-F_Cluster                    0.5000
R-F_Cluster_toYuleAvg          0.0299
R-F_Cluster_toUnifAvg          0.0297
NodalSplitted                  5.8310
NodalSplitted_toYuleAvg        0.1084
NodalSplitted_toUnifAvg        0.0884
Triples                        1.0000
Triples_toYuleAvg              0.0016
Triples_toUnifAvg              0.0015
MatchingPair                   1.0000
MatchingPair_toYuleAvg         0.0084
MatchingPair_toUnifAvg         0.0085
MAST                           1.0000
MAST_toYuleAvg                 0.0799
MAST_toUnifAvg                 0.0793
CopheneticL2Metric             1.7321
CopheneticL2Metric_toYuleAvg   0.0410
CopheneticL2Metric_toUnifAvg   0.0352

                 Name       Avg  Std       Min       Max  Count
0     MatchingCluster  2.000000  0.0  2.000000  2.000000      1
1         R-F_Cluster  0.500000  0.0  0.500000  0.500000      1
2       NodalSplitted  5.830952  0.0  5.830952  5.830952      1
3             Triples  1.000000  0.0  1.000000  1.000000      1
4        MatchingPair  1.000000  0.0  1.000000  1.000000      1
5                MAST  1.000000  0.0  1.000000  1.000000      1
6  CopheneticL2Metric  1.732051  0.0  1.732051  1.732051      1
