
                            < M A T L A B (R) >
                  Copyright 1984-2017 The MathWorks, Inc.
                   R2017a (9.2.0.538062) 64-bit (glnxa64)
                             February 23, 2017

 
To get started, type one of these: helpwin, helpdesk, or demo.
For product information, visit www.mathworks.com.
 
Running "Run1", Seed: 145539
 *** Finished Simulation Run ***

config-06.json #############################################

[#.........] | Progress: 1 | Time: 0.0s | ETA: --[##########] | Progress: 58 | Time: 0.0s | ETA: --fit<>, fid</home/chun/projects/clineage-simulation/analysis/tmc-145539/tmc-001/case-06/triplets-list.raw.txt>, flg<treeReconstruction.log>, frt<resTree.tree>, frtN</home/chun/projects/clineage-simulation/analysis/tmc-145539/tmc-001/case-06/reconstructed.tmp.newick>, fsd<qqq.dat>, fst<simul.tree>, -->index=2
Read triplets from file...
Read triplets from file...Finished
N_triplets = 21, idMaxFound = 8
treeBuildBasedOnTriplets_run...
make_isTogetherInTripletAndDeleteExtraTriplets: Finished
maxCut with 7 nodes: Finished
treeBuildBasedOnTriplets_run...Finished
Saving tree to file...
Saving tree to file...Finished

                            < M A T L A B (R) >
                  Copyright 1984-2017 The MathWorks, Inc.
                   R2017a (9.2.0.538062) 64-bit (glnxa64)
                             February 23, 2017

 
To get started, type one of these: helpwin, helpdesk, or demo.
For product information, visit www.mathworks.com.
 
TreeCmp version build2

Active options:
Type of the analysis:  ref-to-all comparison mode (-r)
Metrics:
  1. MatchingCluster (mc)
  2. R-F_Cluster (rc)
  3. NodalSplitted (ns)
  4. Triples (tt)
  5. MatchingPair (mp)
  6. MAST (mt)
  7. CopheneticL2Metric (co)
Input file: /home/chun/projects/clineage-simulation/analysis/tmc-145539/tmc-001/case-06/reconstructed.newick
Output file: /home/chun/projects/clineage-simulation/analysis/tmc-145539/tmc-001/case-06/scores.raw.out
Additional options:
N - Report normalized distances.
P - Prune compared trees if needed (trees can have different leaf sets).
I - Include summary section in the output file.
-----
2018-06-19 06:47:51: Start of reading random statistics.
2018-06-19 06:47:51: End of reading random statistics.
2018-06-19 06:47:51: Start of scanning input file: /home/chun/projects/clineage-simulation/analysis/tmc-145539/tmc-001/case-06/reconstructed.newick
2018-06-19 06:47:51: End of scanning input file: /home/chun/projects/clineage-simulation/analysis/tmc-145539/tmc-001/case-06/reconstructed.newick
2018-06-19 06:47:51: 1 valid trees found in file: /home/chun/projects/clineage-simulation/analysis/tmc-145539/tmc-001/case-06/reconstructed.newick
2018-06-19 06:47:51: Start of calculation...please wait...
2018-06-19 06:47:51: 0.00% completed...
2018-06-19 06:47:51: 100.00% completed.
2018-06-19 06:47:51: End of calculation.
2018-06-19 06:47:51: Total calculation time: 21 ms.
                              metrics
No                             1.0000
RefTree                        1.0000
Tree                           1.0000
RefTree_taxa                   9.0000
Tree_taxa                      8.0000
Common_taxa                    8.0000
MatchingCluster               10.0000
MatchingCluster_toYuleAvg      0.6104
MatchingCluster_toUnifAvg      0.5876
R-F_Cluster                    3.0000
R-F_Cluster_toYuleAvg          0.5249
R-F_Cluster_toUnifAvg          0.5206
NodalSplitted                  9.5917
NodalSplitted_toYuleAvg        0.6989
NodalSplitted_toUnifAvg        0.6633
Triples                       16.0000
Triples_toYuleAvg              0.4324
Triples_toUnifAvg              0.4232
MatchingPair                  12.0000
MatchingPair_toYuleAvg         0.7563
MatchingPair_toUnifAvg         0.7536
MAST                           4.0000
MAST_toYuleAvg                 1.0270
MAST_toUnifAvg                 1.0196
CopheneticL2Metric             6.6332
CopheneticL2Metric_toYuleAvg   0.5821
CopheneticL2Metric_toUnifAvg   0.5619

                 Name        Avg  Std        Min        Max  Count
0     MatchingCluster  10.000000  0.0  10.000000  10.000000      1
1         R-F_Cluster   3.000000  0.0   3.000000   3.000000      1
2       NodalSplitted   9.591663  0.0   9.591663   9.591663      1
3             Triples  16.000000  0.0  16.000000  16.000000      1
4        MatchingPair  12.000000  0.0  12.000000  12.000000      1
5                MAST   4.000000  0.0   4.000000   4.000000      1
6  CopheneticL2Metric   6.633250  0.0   6.633250   6.633250      1
