
                            < M A T L A B (R) >
                  Copyright 1984-2017 The MathWorks, Inc.
                   R2017a (9.2.0.538062) 64-bit (glnxa64)
                             February 23, 2017

 
To get started, type one of these: helpwin, helpdesk, or demo.
For product information, visit www.mathworks.com.
 
Running "Run1", Seed: 145539
 *** Finished Simulation Run ***

config-17.json #############################################

[#.........] | Progress: 1 | Time: 0.0s | ETA: --[.#........] | Progress: 464 | Time: 0.1s | ETA: --[##########] | Progress: 787 | Time: 0.1s | ETA: --fit<>, fid</home/chun/projects/clineage-simulation/analysis/tmc-145539/tmc-001/case-17/triplets-list.raw.txt>, flg<treeReconstruction.log>, frt<resTree.tree>, frtN</home/chun/projects/clineage-simulation/analysis/tmc-145539/tmc-001/case-17/reconstructed.tmp.newick>, fsd<qqq.dat>, fst<simul.tree>, -->index=2
Read triplets from file...
Read triplets from file...Finished
N_triplets = 300, idMaxFound = 19
treeBuildBasedOnTriplets_run...
make_isTogetherInTripletAndDeleteExtraTriplets: Finished
maxCut with 16 nodes: Finished
maxCut with 15 nodes: Finished
treeBuildBasedOnTriplets_run...Finished
Saving tree to file...
Saving tree to file...Finished

                            < M A T L A B (R) >
                  Copyright 1984-2017 The MathWorks, Inc.
                   R2017a (9.2.0.538062) 64-bit (glnxa64)
                             February 23, 2017

 
To get started, type one of these: helpwin, helpdesk, or demo.
For product information, visit www.mathworks.com.
 
TreeCmp version build2

Active options:
Type of the analysis:  ref-to-all comparison mode (-r)
Metrics:
  1. MatchingCluster (mc)
  2. R-F_Cluster (rc)
  3. NodalSplitted (ns)
  4. Triples (tt)
  5. MatchingPair (mp)
  6. MAST (mt)
  7. CopheneticL2Metric (co)
Input file: /home/chun/projects/clineage-simulation/analysis/tmc-145539/tmc-001/case-17/reconstructed.newick
Output file: /home/chun/projects/clineage-simulation/analysis/tmc-145539/tmc-001/case-17/scores.raw.out
Additional options:
N - Report normalized distances.
P - Prune compared trees if needed (trees can have different leaf sets).
I - Include summary section in the output file.
-----
2018-06-19 06:47:51: Start of reading random statistics.
2018-06-19 06:47:51: End of reading random statistics.
2018-06-19 06:47:51: Start of scanning input file: /home/chun/projects/clineage-simulation/analysis/tmc-145539/tmc-001/case-17/reconstructed.newick
2018-06-19 06:47:51: End of scanning input file: /home/chun/projects/clineage-simulation/analysis/tmc-145539/tmc-001/case-17/reconstructed.newick
2018-06-19 06:47:51: 1 valid trees found in file: /home/chun/projects/clineage-simulation/analysis/tmc-145539/tmc-001/case-17/reconstructed.newick
2018-06-19 06:47:51: Start of calculation...please wait...
2018-06-19 06:47:51: 0.00% completed...
2018-06-19 06:47:51: 100.00% completed.
2018-06-19 06:47:51: End of calculation.
2018-06-19 06:47:51: Total calculation time: 24 ms.
                               metrics
No                              1.0000
RefTree                         1.0000
Tree                            1.0000
RefTree_taxa                   20.0000
Tree_taxa                      19.0000
Common_taxa                    19.0000
MatchingCluster                63.0000
MatchingCluster_toYuleAvg       0.8124
MatchingCluster_toUnifAvg       0.7089
R-F_Cluster                    11.5000
R-F_Cluster_toYuleAvg           0.6867
R-F_Cluster_toUnifAvg           0.6832
NodalSplitted                  46.3681
NodalSplitted_toYuleAvg         0.8621
NodalSplitted_toUnifAvg         0.7028
Triples                       580.0000
Triples_toYuleAvg               0.9013
Triples_toUnifAvg               0.8969
MatchingPair                  121.0000
MatchingPair_toYuleAvg          1.0110
MatchingPair_toUnifAvg          1.0273
MAST                           13.0000
MAST_toYuleAvg                  1.0388
MAST_toUnifAvg                  1.0307
CopheneticL2Metric             30.2820
CopheneticL2Metric_toYuleAvg    0.7173
CopheneticL2Metric_toUnifAvg    0.6149

                 Name         Avg  Std         Min         Max  Count
0     MatchingCluster   63.000000  0.0   63.000000   63.000000      1
1         R-F_Cluster   11.500000  0.0   11.500000   11.500000      1
2       NodalSplitted   46.368092  0.0   46.368092   46.368092      1
3             Triples  580.000000  0.0  580.000000  580.000000      1
4        MatchingPair  121.000000  0.0  121.000000  121.000000      1
5                MAST   13.000000  0.0   13.000000   13.000000      1
6  CopheneticL2Metric   30.282008  0.0   30.282008   30.282008      1
