
                            < M A T L A B (R) >
                  Copyright 1984-2017 The MathWorks, Inc.
                   R2017a (9.2.0.538062) 64-bit (glnxa64)
                             February 23, 2017

 
To get started, type one of these: helpwin, helpdesk, or demo.
For product information, visit www.mathworks.com.
 
Running "Run1", Seed: 145539
 *** Finished Simulation Run ***

config-04.json #############################################

[#.........] | Progress: 1 | Time: 0.0s | ETA: --[##########] | Progress: 27 | Time: 0.0s | ETA: --fit<>, fid</home/chun/projects/clineage-simulation/analysis/tmc-145539/tmc-001/case-04/triplets-list.raw.txt>, flg<treeReconstruction.log>, frt<resTree.tree>, frtN</home/chun/projects/clineage-simulation/analysis/tmc-145539/tmc-001/case-04/reconstructed.tmp.newick>, fsd<qqq.dat>, fst<simul.tree>, -->index=2
Read triplets from file...
Read triplets from file...Finished
N_triplets = 8, idMaxFound = 6
treeBuildBasedOnTriplets_run...
make_isTogetherInTripletAndDeleteExtraTriplets: Finished
treeBuildBasedOnTriplets_run...Finished
Saving tree to file...
Saving tree to file...Finished

                            < M A T L A B (R) >
                  Copyright 1984-2017 The MathWorks, Inc.
                   R2017a (9.2.0.538062) 64-bit (glnxa64)
                             February 23, 2017

 
To get started, type one of these: helpwin, helpdesk, or demo.
For product information, visit www.mathworks.com.
 
TreeCmp version build2

Active options:
Type of the analysis:  ref-to-all comparison mode (-r)
Metrics:
  1. MatchingCluster (mc)
  2. R-F_Cluster (rc)
  3. NodalSplitted (ns)
  4. Triples (tt)
  5. MatchingPair (mp)
  6. MAST (mt)
  7. CopheneticL2Metric (co)
Input file: /home/chun/projects/clineage-simulation/analysis/tmc-145539/tmc-001/case-04/reconstructed.newick
Output file: /home/chun/projects/clineage-simulation/analysis/tmc-145539/tmc-001/case-04/scores.raw.out
Additional options:
N - Report normalized distances.
P - Prune compared trees if needed (trees can have different leaf sets).
I - Include summary section in the output file.
-----
2018-06-19 06:47:50: Start of reading random statistics.
2018-06-19 06:47:51: End of reading random statistics.
2018-06-19 06:47:51: Start of scanning input file: /home/chun/projects/clineage-simulation/analysis/tmc-145539/tmc-001/case-04/reconstructed.newick
2018-06-19 06:47:51: End of scanning input file: /home/chun/projects/clineage-simulation/analysis/tmc-145539/tmc-001/case-04/reconstructed.newick
2018-06-19 06:47:51: 1 valid trees found in file: /home/chun/projects/clineage-simulation/analysis/tmc-145539/tmc-001/case-04/reconstructed.newick
2018-06-19 06:47:51: Start of calculation...please wait...
2018-06-19 06:47:51: 0.00% completed...
2018-06-19 06:47:51: 100.00% completed.
2018-06-19 06:47:51: End of calculation.
2018-06-19 06:47:51: Total calculation time: 29 ms.
                              metrics
No                             1.0000
RefTree                        1.0000
Tree                           1.0000
RefTree_taxa                   7.0000
Tree_taxa                      6.0000
Common_taxa                    6.0000
MatchingCluster                4.0000
MatchingCluster_toYuleAvg      0.4422
MatchingCluster_toUnifAvg      0.4369
R-F_Cluster                    1.0000
R-F_Cluster_toYuleAvg          0.2727
R-F_Cluster_toUnifAvg          0.2726
NodalSplitted                  4.0000
NodalSplitted_toYuleAvg        0.4908
NodalSplitted_toUnifAvg        0.4831
Triples                        5.0000
Triples_toYuleAvg              0.3737
Triples_toUnifAvg              0.3700
MatchingPair                   2.0000
MatchingPair_toYuleAvg         0.2659
MatchingPair_toUnifAvg         0.2653
MAST                           2.0000
MAST_toYuleAvg                 0.7968
MAST_toUnifAvg                 0.7955
CopheneticL2Metric             2.4495
CopheneticL2Metric_toYuleAvg   0.3504
CopheneticL2Metric_toUnifAvg   0.3456

                 Name      Avg  Std      Min      Max  Count
0     MatchingCluster  4.00000  0.0  4.00000  4.00000      1
1         R-F_Cluster  1.00000  0.0  1.00000  1.00000      1
2       NodalSplitted  4.00000  0.0  4.00000  4.00000      1
3             Triples  5.00000  0.0  5.00000  5.00000      1
4        MatchingPair  2.00000  0.0  2.00000  2.00000      1
5                MAST  2.00000  0.0  2.00000  2.00000      1
6  CopheneticL2Metric  2.44949  0.0  2.44949  2.44949      1
