
                            < M A T L A B (R) >
                  Copyright 1984-2017 The MathWorks, Inc.
                   R2017a (9.2.0.538062) 64-bit (glnxa64)
                             February 23, 2017

 
To get started, type one of these: helpwin, helpdesk, or demo.
For product information, visit www.mathworks.com.
 
Running "Run1", Seed: 145539
 *** Finished Simulation Run ***

config-05.json #############################################

[#.........] | Progress: 1 | Time: 0.0s | ETA: --[##########] | Progress: 41 | Time: 0.0s | ETA: --fit<>, fid</home/chun/projects/clineage-simulation/analysis/tmc-145539/tmc-001/case-05/triplets-list.raw.txt>, flg<treeReconstruction.log>, frt<resTree.tree>, frtN</home/chun/projects/clineage-simulation/analysis/tmc-145539/tmc-001/case-05/reconstructed.tmp.newick>, fsd<qqq.dat>, fst<simul.tree>, -->index=2
Read triplets from file...
Read triplets from file...Finished
N_triplets = 12, idMaxFound = 8
treeBuildBasedOnTriplets_run...
make_isTogetherInTripletAndDeleteExtraTriplets: Finished
treeBuildBasedOnTriplets_run...Finished
Saving tree to file...
Saving tree to file...Finished

                            < M A T L A B (R) >
                  Copyright 1984-2017 The MathWorks, Inc.
                   R2017a (9.2.0.538062) 64-bit (glnxa64)
                             February 23, 2017

 
To get started, type one of these: helpwin, helpdesk, or demo.
For product information, visit www.mathworks.com.
 
TreeCmp version build2

Active options:
Type of the analysis:  ref-to-all comparison mode (-r)
Metrics:
  1. MatchingCluster (mc)
  2. R-F_Cluster (rc)
  3. NodalSplitted (ns)
  4. Triples (tt)
  5. MatchingPair (mp)
  6. MAST (mt)
  7. CopheneticL2Metric (co)
Input file: /home/chun/projects/clineage-simulation/analysis/tmc-145539/tmc-001/case-05/reconstructed.newick
Output file: /home/chun/projects/clineage-simulation/analysis/tmc-145539/tmc-001/case-05/scores.raw.out
Additional options:
N - Report normalized distances.
P - Prune compared trees if needed (trees can have different leaf sets).
I - Include summary section in the output file.
-----
2018-06-19 06:47:50: Start of reading random statistics.
2018-06-19 06:47:50: End of reading random statistics.
2018-06-19 06:47:50: Start of scanning input file: /home/chun/projects/clineage-simulation/analysis/tmc-145539/tmc-001/case-05/reconstructed.newick
2018-06-19 06:47:50: End of scanning input file: /home/chun/projects/clineage-simulation/analysis/tmc-145539/tmc-001/case-05/reconstructed.newick
2018-06-19 06:47:50: 1 valid trees found in file: /home/chun/projects/clineage-simulation/analysis/tmc-145539/tmc-001/case-05/reconstructed.newick
2018-06-19 06:47:50: Start of calculation...please wait...
2018-06-19 06:47:50: 0.00% completed...
2018-06-19 06:47:50: 100.00% completed.
2018-06-19 06:47:50: End of calculation.
2018-06-19 06:47:50: Total calculation time: 25 ms.
                              metrics
No                             1.0000
RefTree                        1.0000
Tree                           1.0000
RefTree_taxa                   8.0000
Tree_taxa                      8.0000
Common_taxa                    8.0000
MatchingCluster               10.0000
MatchingCluster_toYuleAvg      0.6104
MatchingCluster_toUnifAvg      0.5876
R-F_Cluster                    2.0000
R-F_Cluster_toYuleAvg          0.3500
R-F_Cluster_toUnifAvg          0.3470
NodalSplitted                  9.6954
NodalSplitted_toYuleAvg        0.7065
NodalSplitted_toUnifAvg        0.6705
Triples                       20.0000
Triples_toYuleAvg              0.5406
Triples_toUnifAvg              0.5290
MatchingPair                   6.0000
MatchingPair_toYuleAvg         0.3782
MatchingPair_toUnifAvg         0.3768
MAST                           4.0000
MAST_toYuleAvg                 1.0270
MAST_toUnifAvg                 1.0196
CopheneticL2Metric             5.4772
CopheneticL2Metric_toYuleAvg   0.4807
CopheneticL2Metric_toUnifAvg   0.4640

                 Name        Avg  Std        Min        Max  Count
0     MatchingCluster  10.000000  0.0  10.000000  10.000000      1
1         R-F_Cluster   2.000000  0.0   2.000000   2.000000      1
2       NodalSplitted   9.695360  0.0   9.695360   9.695360      1
3             Triples  20.000000  0.0  20.000000  20.000000      1
4        MatchingPair   6.000000  0.0   6.000000   6.000000      1
5                MAST   4.000000  0.0   4.000000   4.000000      1
6  CopheneticL2Metric   5.477226  0.0   5.477226   5.477226      1
