                               metrics
No                              1.0000
RefTree                         1.0000
Tree                            1.0000
RefTree_taxa                   13.0000
Tree_taxa                      13.0000
Common_taxa                    13.0000
MatchingCluster                25.0000
MatchingCluster_toYuleAvg       0.6123
MatchingCluster_toUnifAvg       0.5669
R-F_Cluster                     8.0000
R-F_Cluster_toYuleAvg           0.7420
R-F_Cluster_toUnifAvg           0.7392
NodalSplitted                  21.0713
NodalSplitted_toYuleAvg         0.6881
NodalSplitted_toUnifAvg         0.6078
Triples                       122.0000
Triples_toYuleAvg               0.6383
Triples_toUnifAvg               0.6387
MatchingPair                   41.0000
MatchingPair_toYuleAvg          0.8050
MatchingPair_toUnifAvg          0.8187
MAST                            6.0000
MAST_toYuleAvg                  0.7795
MAST_toUnifAvg                  0.7727
CopheneticL2Metric             14.1421
CopheneticL2Metric_toYuleAvg    0.5829
CopheneticL2Metric_toUnifAvg    0.5294

                 Name         Avg  Std         Min         Max  Count
0     MatchingCluster   25.000000  0.0   25.000000   25.000000      1
1         R-F_Cluster    8.000000  0.0    8.000000    8.000000      1
2       NodalSplitted   21.071308  0.0   21.071308   21.071308      1
3             Triples  122.000000  0.0  122.000000  122.000000      1
4        MatchingPair   41.000000  0.0   41.000000   41.000000      1
5                MAST    6.000000  0.0    6.000000    6.000000      1
6  CopheneticL2Metric   14.142136  0.0   14.142136   14.142136      1
