                              metrics
No                             1.0000
RefTree                        1.0000
Tree                           1.0000
RefTree_taxa                   6.0000
Tree_taxa                      6.0000
Common_taxa                    6.0000
MatchingCluster                6.0000
MatchingCluster_toYuleAvg      0.6633
MatchingCluster_toUnifAvg      0.6553
R-F_Cluster                    2.5000
R-F_Cluster_toYuleAvg          0.6818
R-F_Cluster_toUnifAvg          0.6814
NodalSplitted                  5.0990
NodalSplitted_toYuleAvg        0.6257
NodalSplitted_toUnifAvg        0.6159
Triples                        9.0000
Triples_toYuleAvg              0.6727
Triples_toUnifAvg              0.6660
MatchingPair                   6.0000
MatchingPair_toYuleAvg         0.7976
MatchingPair_toUnifAvg         0.7960
MAST                           2.0000
MAST_toYuleAvg                 0.7968
MAST_toUnifAvg                 0.7955
CopheneticL2Metric             4.0000
CopheneticL2Metric_toYuleAvg   0.5722
CopheneticL2Metric_toUnifAvg   0.5643

                 Name      Avg  Std      Min      Max  Count
0     MatchingCluster  6.00000  0.0  6.00000  6.00000      1
1         R-F_Cluster  2.50000  0.0  2.50000  2.50000      1
2       NodalSplitted  5.09902  0.0  5.09902  5.09902      1
3             Triples  9.00000  0.0  9.00000  9.00000      1
4        MatchingPair  6.00000  0.0  6.00000  6.00000      1
5                MAST  2.00000  0.0  2.00000  2.00000      1
6  CopheneticL2Metric  4.00000  0.0  4.00000  4.00000      1
