                               metrics
No                              1.0000
RefTree                         1.0000
Tree                            1.0000
RefTree_taxa                   16.0000
Tree_taxa                      16.0000
Common_taxa                    16.0000
MatchingCluster                25.0000
MatchingCluster_toYuleAvg       0.4278
MatchingCluster_toUnifAvg       0.3872
R-F_Cluster                     7.5000
R-F_Cluster_toYuleAvg           0.5446
R-F_Cluster_toUnifAvg           0.5425
NodalSplitted                  17.9165
NodalSplitted_toYuleAvg         0.4257
NodalSplitted_toUnifAvg         0.3640
Triples                       185.0000
Triples_toYuleAvg               0.4958
Triples_toUnifAvg               0.4971
MatchingPair                   40.0000
MatchingPair_toYuleAvg          0.4898
MatchingPair_toUnifAvg          0.4998
MAST                            7.0000
MAST_toYuleAvg                  0.6955
MAST_toUnifAvg                  0.6913
CopheneticL2Metric             11.9583
CopheneticL2Metric_toYuleAvg    0.3639
CopheneticL2Metric_toUnifAvg    0.3215

                 Name         Avg  Std         Min         Max  Count
0     MatchingCluster   25.000000  0.0   25.000000   25.000000      1
1         R-F_Cluster    7.500000  0.0    7.500000    7.500000      1
2       NodalSplitted   17.916473  0.0   17.916473   17.916473      1
3             Triples  185.000000  0.0  185.000000  185.000000      1
4        MatchingPair   40.000000  0.0   40.000000   40.000000      1
5                MAST    7.000000  0.0    7.000000    7.000000      1
6  CopheneticL2Metric   11.958261  0.0   11.958261   11.958261      1
