                              metrics
No                             1.0000
RefTree                        1.0000
Tree                           1.0000
RefTree_taxa                  17.0000
Tree_taxa                     17.0000
Common_taxa                   17.0000
MatchingCluster               21.0000
MatchingCluster_toYuleAvg      0.3249
MatchingCluster_toUnifAvg      0.2889
R-F_Cluster                    7.0000
R-F_Cluster_toYuleAvg          0.4739
R-F_Cluster_toUnifAvg          0.4715
NodalSplitted                 17.0294
NodalSplitted_toYuleAvg        0.3715
NodalSplitted_toUnifAvg        0.3110
Triples                       70.0000
Triples_toYuleAvg              0.1542
Triples_toUnifAvg              0.1539
MatchingPair                  37.0000
MatchingPair_toYuleAvg         0.3960
MatchingPair_toUnifAvg         0.4022
MAST                           6.0000
MAST_toYuleAvg                 0.5518
MAST_toUnifAvg                 0.5480
CopheneticL2Metric            12.0830
CopheneticL2Metric_toYuleAvg   0.3364
CopheneticL2Metric_toUnifAvg   0.2923

                 Name        Avg  Std        Min        Max  Count
0     MatchingCluster  21.000000  0.0  21.000000  21.000000      1
1         R-F_Cluster   7.000000  0.0   7.000000   7.000000      1
2       NodalSplitted  17.029386  0.0  17.029386  17.029386      1
3             Triples  70.000000  0.0  70.000000  70.000000      1
4        MatchingPair  37.000000  0.0  37.000000  37.000000      1
5                MAST   6.000000  0.0   6.000000   6.000000      1
6  CopheneticL2Metric  12.083046  0.0  12.083046  12.083046      1
