                              metrics
No                             1.0000
RefTree                        1.0000
Tree                           1.0000
RefTree_taxa                  22.0000
Tree_taxa                     22.0000
Common_taxa                   22.0000
MatchingCluster               21.0000
MatchingCluster_toYuleAvg      0.2125
MatchingCluster_toUnifAvg      0.1813
R-F_Cluster                    4.5000
R-F_Cluster_toYuleAvg          0.2276
R-F_Cluster_toUnifAvg          0.2266
NodalSplitted                 22.7816
NodalSplitted_toYuleAvg        0.3420
NodalSplitted_toUnifAvg        0.2678
Triples                       59.0000
Triples_toYuleAvg              0.0575
Triples_toUnifAvg              0.0573
MatchingPair                  16.0000
MatchingPair_toYuleAvg         0.0971
MatchingPair_toUnifAvg         0.0988
MAST                           5.0000
MAST_toYuleAvg                 0.3334
MAST_toUnifAvg                 0.3310
CopheneticL2Metric            12.1244
CopheneticL2Metric_toYuleAvg   0.2385
CopheneticL2Metric_toUnifAvg   0.1932

                 Name        Avg  Std        Min        Max  Count
0     MatchingCluster  21.000000  0.0  21.000000  21.000000      1
1         R-F_Cluster   4.500000  0.0   4.500000   4.500000      1
2       NodalSplitted  22.781571  0.0  22.781571  22.781571      1
3             Triples  59.000000  0.0  59.000000  59.000000      1
4        MatchingPair  16.000000  0.0  16.000000  16.000000      1
5                MAST   5.000000  0.0   5.000000   5.000000      1
6  CopheneticL2Metric  12.124356  0.0  12.124356  12.124356      1
