                               metrics
No                              1.0000
RefTree                         1.0000
Tree                            1.0000
RefTree_taxa                   16.0000
Tree_taxa                      16.0000
Common_taxa                    16.0000
MatchingCluster                25.0000
MatchingCluster_toYuleAvg       0.4278
MatchingCluster_toUnifAvg       0.3872
R-F_Cluster                     5.0000
R-F_Cluster_toYuleAvg           0.3631
R-F_Cluster_toUnifAvg           0.3617
NodalSplitted                  21.4243
NodalSplitted_toYuleAvg         0.5090
NodalSplitted_toUnifAvg         0.4353
Triples                       181.0000
Triples_toYuleAvg               0.4851
Triples_toUnifAvg               0.4863
MatchingPair                   50.0000
MatchingPair_toYuleAvg          0.6123
MatchingPair_toUnifAvg          0.6247
MAST                            5.0000
MAST_toYuleAvg                  0.4968
MAST_toUnifAvg                  0.4938
CopheneticL2Metric             12.3288
CopheneticL2Metric_toYuleAvg    0.3751
CopheneticL2Metric_toUnifAvg    0.3315

                 Name         Avg  Std         Min         Max  Count
0     MatchingCluster   25.000000  0.0   25.000000   25.000000      1
1         R-F_Cluster    5.000000  0.0    5.000000    5.000000      1
2       NodalSplitted   21.424285  0.0   21.424285   21.424285      1
3             Triples  181.000000  0.0  181.000000  181.000000      1
4        MatchingPair   50.000000  0.0   50.000000   50.000000      1
5                MAST    5.000000  0.0    5.000000    5.000000      1
6  CopheneticL2Metric   12.328828  0.0   12.328828   12.328828      1
