                              metrics
No                             1.0000
RefTree                        1.0000
Tree                           1.0000
RefTree_taxa                  19.0000
Tree_taxa                     19.0000
Common_taxa                   19.0000
MatchingCluster                8.0000
MatchingCluster_toYuleAvg      0.1032
MatchingCluster_toUnifAvg      0.0900
R-F_Cluster                    2.0000
R-F_Cluster_toYuleAvg          0.1194
R-F_Cluster_toUnifAvg          0.1188
NodalSplitted                 13.7840
NodalSplitted_toYuleAvg        0.2563
NodalSplitted_toUnifAvg        0.2089
Triples                        8.0000
Triples_toYuleAvg              0.0124
Triples_toUnifAvg              0.0124
MatchingPair                   5.0000
MatchingPair_toYuleAvg         0.0418
MatchingPair_toUnifAvg         0.0425
MAST                           3.0000
MAST_toYuleAvg                 0.2397
MAST_toUnifAvg                 0.2378
CopheneticL2Metric             5.1962
CopheneticL2Metric_toYuleAvg   0.1231
CopheneticL2Metric_toUnifAvg   0.1055

                 Name        Avg  Std        Min        Max  Count
0     MatchingCluster   8.000000  0.0   8.000000   8.000000      1
1         R-F_Cluster   2.000000  0.0   2.000000   2.000000      1
2       NodalSplitted  13.784049  0.0  13.784049  13.784049      1
3             Triples   8.000000  0.0   8.000000   8.000000      1
4        MatchingPair   5.000000  0.0   5.000000   5.000000      1
5                MAST   3.000000  0.0   3.000000   3.000000      1
6  CopheneticL2Metric   5.196152  0.0   5.196152   5.196152      1
