                              metrics
No                             1.0000
RefTree                        1.0000
Tree                           1.0000
RefTree_taxa                  21.0000
Tree_taxa                     21.0000
Common_taxa                   21.0000
MatchingCluster               15.0000
MatchingCluster_toYuleAvg      0.1638
MatchingCluster_toUnifAvg      0.1418
R-F_Cluster                    2.5000
R-F_Cluster_toYuleAvg          0.1332
R-F_Cluster_toUnifAvg          0.1326
NodalSplitted                 17.7764
NodalSplitted_toYuleAvg        0.2887
NodalSplitted_toUnifAvg        0.2284
Triples                       27.0000
Triples_toYuleAvg              0.0304
Triples_toUnifAvg              0.0305
MatchingPair                  16.0000
MatchingPair_toYuleAvg         0.1071
MatchingPair_toUnifAvg         0.1093
MAST                           4.0000
MAST_toYuleAvg                 0.2822
MAST_toUnifAvg                 0.2802
CopheneticL2Metric             7.9373
CopheneticL2Metric_toYuleAvg   0.1668
CopheneticL2Metric_toUnifAvg   0.1374

                 Name        Avg  Std        Min        Max  Count
0     MatchingCluster  15.000000  0.0  15.000000  15.000000      1
1         R-F_Cluster   2.500000  0.0   2.500000   2.500000      1
2       NodalSplitted  17.776389  0.0  17.776389  17.776389      1
3             Triples  27.000000  0.0  27.000000  27.000000      1
4        MatchingPair  16.000000  0.0  16.000000  16.000000      1
5                MAST   4.000000  0.0   4.000000   4.000000      1
6  CopheneticL2Metric   7.937254  0.0   7.937254   7.937254      1
