                              metrics
No                             1.0000
RefTree                        1.0000
Tree                           1.0000
RefTree_taxa                   9.0000
Tree_taxa                      9.0000
Common_taxa                    9.0000
MatchingCluster                8.0000
MatchingCluster_toYuleAvg      0.3893
MatchingCluster_toUnifAvg      0.3749
R-F_Cluster                    4.5000
R-F_Cluster_toYuleAvg          0.6752
R-F_Cluster_toUnifAvg          0.6671
NodalSplitted                  8.8318
NodalSplitted_toYuleAvg        0.5220
NodalSplitted_toUnifAvg        0.4955
Triples                       26.0000
Triples_toYuleAvg              0.4650
Triples_toUnifAvg              0.4676
MatchingPair                   9.0000
MatchingPair_toYuleAvg         0.4245
MatchingPair_toUnifAvg         0.4302
MAST                           2.0000
MAST_toYuleAvg                 0.4361
MAST_toUnifAvg                 0.4292
CopheneticL2Metric             6.4031
CopheneticL2Metric_toYuleAvg   0.4584
CopheneticL2Metric_toUnifAvg   0.4422

                 Name        Avg  Std        Min        Max  Count
0     MatchingCluster   8.000000  0.0   8.000000   8.000000      1
1         R-F_Cluster   4.500000  0.0   4.500000   4.500000      1
2       NodalSplitted   8.831761  0.0   8.831761   8.831761      1
3             Triples  26.000000  0.0  26.000000  26.000000      1
4        MatchingPair   9.000000  0.0   9.000000   9.000000      1
5                MAST   2.000000  0.0   2.000000   2.000000      1
6  CopheneticL2Metric   6.403124  0.0   6.403124   6.403124      1
