                              metrics
No                             1.0000
RefTree                        1.0000
Tree                           1.0000
RefTree_taxa                  23.0000
Tree_taxa                     23.0000
Common_taxa                   23.0000
MatchingCluster               22.0000
MatchingCluster_toYuleAvg      0.2075
MatchingCluster_toUnifAvg      0.1775
R-F_Cluster                    4.5000
R-F_Cluster_toYuleAvg          0.2166
R-F_Cluster_toUnifAvg          0.2162
NodalSplitted                 23.3238
NodalSplitted_toYuleAvg        0.3306
NodalSplitted_toUnifAvg        0.2602
Triples                       26.0000
Triples_toYuleAvg              0.0220
Triples_toUnifAvg              0.0221
MatchingPair                  16.0000
MatchingPair_toYuleAvg         0.0877
MatchingPair_toUnifAvg         0.0896
MAST                           6.0000
MAST_toYuleAvg                 0.3782
MAST_toUnifAvg                 0.3747
CopheneticL2Metric             9.7980
CopheneticL2Metric_toYuleAvg   0.1809
CopheneticL2Metric_toUnifAvg   0.1451

                 Name        Avg  Std        Min        Max  Count
0     MatchingCluster  22.000000  0.0  22.000000  22.000000      1
1         R-F_Cluster   4.500000  0.0   4.500000   4.500000      1
2       NodalSplitted  23.323808  0.0  23.323808  23.323808      1
3             Triples  26.000000  0.0  26.000000  26.000000      1
4        MatchingPair  16.000000  0.0  16.000000  16.000000      1
5                MAST   6.000000  0.0   6.000000   6.000000      1
6  CopheneticL2Metric   9.797959  0.0   9.797959   9.797959      1
