                              metrics
No                             1.0000
RefTree                        1.0000
Tree                           1.0000
RefTree_taxa                  23.0000
Tree_taxa                     23.0000
Common_taxa                   23.0000
MatchingCluster               24.0000
MatchingCluster_toYuleAvg      0.2263
MatchingCluster_toUnifAvg      0.1936
R-F_Cluster                    4.5000
R-F_Cluster_toYuleAvg          0.2166
R-F_Cluster_toUnifAvg          0.2162
NodalSplitted                 25.6905
NodalSplitted_toYuleAvg        0.3642
NodalSplitted_toUnifAvg        0.2866
Triples                       25.0000
Triples_toYuleAvg              0.0212
Triples_toUnifAvg              0.0212
MatchingPair                  19.0000
MatchingPair_toYuleAvg         0.1041
MatchingPair_toUnifAvg         0.1064
MAST                           5.0000
MAST_toYuleAvg                 0.3151
MAST_toUnifAvg                 0.3122
CopheneticL2Metric            11.0000
CopheneticL2Metric_toYuleAvg   0.2031
CopheneticL2Metric_toUnifAvg   0.1629

                 Name        Avg  Std        Min        Max  Count
0     MatchingCluster  24.000000  0.0  24.000000  24.000000      1
1         R-F_Cluster   4.500000  0.0   4.500000   4.500000      1
2       NodalSplitted  25.690465  0.0  25.690465  25.690465      1
3             Triples  25.000000  0.0  25.000000  25.000000      1
4        MatchingPair  19.000000  0.0  19.000000  19.000000      1
5                MAST   5.000000  0.0   5.000000   5.000000      1
6  CopheneticL2Metric  11.000000  0.0  11.000000  11.000000      1
