                              metrics
No                             1.0000
RefTree                        1.0000
Tree                           1.0000
RefTree_taxa                  20.0000
Tree_taxa                     20.0000
Common_taxa                   20.0000
MatchingCluster               13.0000
MatchingCluster_toYuleAvg      0.1526
MatchingCluster_toUnifAvg      0.1336
R-F_Cluster                    3.5000
R-F_Cluster_toYuleAvg          0.1971
R-F_Cluster_toUnifAvg          0.1961
NodalSplitted                 17.4069
NodalSplitted_toYuleAvg        0.2991
NodalSplitted_toUnifAvg        0.2422
Triples                       24.0000
Triples_toYuleAvg              0.0314
Triples_toUnifAvg              0.0316
MatchingPair                   9.0000
MatchingPair_toYuleAvg         0.0669
MatchingPair_toUnifAvg         0.0684
MAST                           3.0000
MAST_toYuleAvg                 0.2249
MAST_toUnifAvg                 0.2230
CopheneticL2Metric             8.0000
CopheneticL2Metric_toYuleAvg   0.1801
CopheneticL2Metric_toUnifAvg   0.1473

                 Name        Avg  Std        Min        Max  Count
0     MatchingCluster  13.000000  0.0  13.000000  13.000000      1
1         R-F_Cluster   3.500000  0.0   3.500000   3.500000      1
2       NodalSplitted  17.406895  0.0  17.406895  17.406895      1
3             Triples  24.000000  0.0  24.000000  24.000000      1
4        MatchingPair   9.000000  0.0   9.000000   9.000000      1
5                MAST   3.000000  0.0   3.000000   3.000000      1
6  CopheneticL2Metric   8.000000  0.0   8.000000   8.000000      1
