                              metrics
No                             1.0000
RefTree                        1.0000
Tree                           1.0000
RefTree_taxa                   8.0000
Tree_taxa                      8.0000
Common_taxa                    8.0000
MatchingCluster                9.0000
MatchingCluster_toYuleAvg      0.5494
MatchingCluster_toUnifAvg      0.5289
R-F_Cluster                    3.0000
R-F_Cluster_toYuleAvg          0.5249
R-F_Cluster_toUnifAvg          0.5206
NodalSplitted                  8.1854
NodalSplitted_toYuleAvg        0.5965
NodalSplitted_toUnifAvg        0.5661
Triples                       16.0000
Triples_toYuleAvg              0.4324
Triples_toUnifAvg              0.4232
MatchingPair                   8.0000
MatchingPair_toYuleAvg         0.5042
MatchingPair_toUnifAvg         0.5024
MAST                           2.0000
MAST_toYuleAvg                 0.5135
MAST_toUnifAvg                 0.5098
CopheneticL2Metric             7.4162
CopheneticL2Metric_toYuleAvg   0.6509
CopheneticL2Metric_toUnifAvg   0.6282

                 Name        Avg  Std        Min        Max  Count
0     MatchingCluster   9.000000  0.0   9.000000   9.000000      1
1         R-F_Cluster   3.000000  0.0   3.000000   3.000000      1
2       NodalSplitted   8.185353  0.0   8.185353   8.185353      1
3             Triples  16.000000  0.0  16.000000  16.000000      1
4        MatchingPair   8.000000  0.0   8.000000   8.000000      1
5                MAST   2.000000  0.0   2.000000   2.000000      1
6  CopheneticL2Metric   7.416198  0.0   7.416198   7.416198      1
