                              metrics
No                             1.0000
RefTree                        1.0000
Tree                           1.0000
RefTree_taxa                  14.0000
Tree_taxa                     14.0000
Common_taxa                   14.0000
MatchingCluster               12.0000
MatchingCluster_toYuleAvg      0.2569
MatchingCluster_toUnifAvg      0.2378
R-F_Cluster                    2.0000
R-F_Cluster_toYuleAvg          0.1698
R-F_Cluster_toUnifAvg          0.1693
NodalSplitted                 11.7473
NodalSplitted_toYuleAvg        0.3381
NodalSplitted_toUnifAvg        0.3008
Triples                       28.0000
Triples_toYuleAvg              0.1152
Triples_toUnifAvg              0.1155
MatchingPair                  10.0000
MatchingPair_toYuleAvg         0.1663
MatchingPair_toUnifAvg         0.1693
MAST                           2.0000
MAST_toYuleAvg                 0.2357
MAST_toUnifAvg                 0.2335
CopheneticL2Metric             9.4868
CopheneticL2Metric_toYuleAvg   0.3466
CopheneticL2Metric_toUnifAvg   0.3109

                 Name        Avg  Std        Min        Max  Count
0     MatchingCluster  12.000000  0.0  12.000000  12.000000      1
1         R-F_Cluster   2.000000  0.0   2.000000   2.000000      1
2       NodalSplitted  11.747340  0.0  11.747340  11.747340      1
3             Triples  28.000000  0.0  28.000000  28.000000      1
4        MatchingPair  10.000000  0.0  10.000000  10.000000      1
5                MAST   2.000000  0.0   2.000000   2.000000      1
6  CopheneticL2Metric   9.486833  0.0   9.486833   9.486833      1
