                               metrics
No                              1.0000
RefTree                         1.0000
Tree                            1.0000
RefTree_taxa                   21.0000
Tree_taxa                      21.0000
Common_taxa                    21.0000
MatchingCluster                69.0000
MatchingCluster_toYuleAvg       0.7533
MatchingCluster_toUnifAvg       0.6523
R-F_Cluster                    13.0000
R-F_Cluster_toYuleAvg           0.6926
R-F_Cluster_toUnifAvg           0.6897
NodalSplitted                  46.7333
NodalSplitted_toYuleAvg         0.7590
NodalSplitted_toUnifAvg         0.6004
Triples                       855.0000
Triples_toYuleAvg               0.9629
Triples_toUnifAvg               0.9647
MatchingPair                  131.0000
MatchingPair_toYuleAvg          0.8771
MatchingPair_toUnifAvg          0.8949
MAST                           14.0000
MAST_toYuleAvg                  0.9877
MAST_toUnifAvg                  0.9807
CopheneticL2Metric             28.7402
CopheneticL2Metric_toYuleAvg    0.6040
CopheneticL2Metric_toUnifAvg    0.4975

                 Name         Avg  Std         Min         Max  Count
0     MatchingCluster   69.000000  0.0   69.000000   69.000000      1
1         R-F_Cluster   13.000000  0.0   13.000000   13.000000      1
2       NodalSplitted   46.733286  0.0   46.733286   46.733286      1
3             Triples  855.000000  0.0  855.000000  855.000000      1
4        MatchingPair  131.000000  0.0  131.000000  131.000000      1
5                MAST   14.000000  0.0   14.000000   14.000000      1
6  CopheneticL2Metric   28.740216  0.0   28.740216   28.740216      1
