                              metrics
No                             1.0000
RefTree                        1.0000
Tree                           1.0000
RefTree_taxa                  11.0000
Tree_taxa                     11.0000
Common_taxa                   11.0000
MatchingCluster                8.0000
MatchingCluster_toYuleAvg      0.2636
MatchingCluster_toUnifAvg      0.2504
R-F_Cluster                    1.5000
R-F_Cluster_toYuleAvg          0.1717
R-F_Cluster_toUnifAvg          0.1704
NodalSplitted                  8.1240
NodalSplitted_toYuleAvg        0.3423
NodalSplitted_toUnifAvg        0.3169
Triples                       21.0000
Triples_toYuleAvg              0.1911
Triples_toUnifAvg              0.1905
MatchingPair                   6.0000
MatchingPair_toYuleAvg         0.1747
MatchingPair_toUnifAvg         0.1762
MAST                           2.0000
MAST_toYuleAvg                 0.3237
MAST_toUnifAvg                 0.3232
CopheneticL2Metric             7.0000
CopheneticL2Metric_toYuleAvg   0.3672
CopheneticL2Metric_toUnifAvg   0.3404

                 Name        Avg  Std        Min        Max  Count
0     MatchingCluster   8.000000  0.0   8.000000   8.000000      1
1         R-F_Cluster   1.500000  0.0   1.500000   1.500000      1
2       NodalSplitted   8.124038  0.0   8.124038   8.124038      1
3             Triples  21.000000  0.0  21.000000  21.000000      1
4        MatchingPair   6.000000  0.0   6.000000   6.000000      1
5                MAST   2.000000  0.0   2.000000   2.000000      1
6  CopheneticL2Metric   7.000000  0.0   7.000000   7.000000      1
