                               metrics
No                              1.0000
RefTree                         1.0000
Tree                            1.0000
RefTree_taxa                   12.0000
Tree_taxa                      12.0000
Common_taxa                    12.0000
MatchingCluster                22.0000
MatchingCluster_toYuleAvg       0.6197
MatchingCluster_toUnifAvg       0.5818
R-F_Cluster                     5.0000
R-F_Cluster_toYuleAvg           0.5128
R-F_Cluster_toUnifAvg           0.5108
NodalSplitted                  15.3623
NodalSplitted_toYuleAvg         0.5640
NodalSplitted_toUnifAvg         0.5134
Triples                       103.0000
Triples_toYuleAvg               0.6997
Triples_toUnifAvg               0.7020
MatchingPair                   30.0000
MatchingPair_toYuleAvg          0.7092
MatchingPair_toUnifAvg          0.7187
MAST                            5.0000
MAST_toYuleAvg                  0.7256
MAST_toUnifAvg                  0.7185
CopheneticL2Metric             16.3401
CopheneticL2Metric_toYuleAvg    0.7537
CopheneticL2Metric_toUnifAvg    0.6935

                 Name         Avg  Std         Min         Max  Count
0     MatchingCluster   22.000000  0.0   22.000000   22.000000      1
1         R-F_Cluster    5.000000  0.0    5.000000    5.000000      1
2       NodalSplitted   15.362291  0.0   15.362291   15.362291      1
3             Triples  103.000000  0.0  103.000000  103.000000      1
4        MatchingPair   30.000000  0.0   30.000000   30.000000      1
5                MAST    5.000000  0.0    5.000000    5.000000      1
6  CopheneticL2Metric   16.340135  0.0   16.340135   16.340135      1
