                              metrics
No                             1.0000
RefTree                        1.0000
Tree                           1.0000
RefTree_taxa                  16.0000
Tree_taxa                     16.0000
Common_taxa                   16.0000
MatchingCluster               14.0000
MatchingCluster_toYuleAvg      0.2396
MatchingCluster_toUnifAvg      0.2168
R-F_Cluster                    4.0000
R-F_Cluster_toYuleAvg          0.2904
R-F_Cluster_toUnifAvg          0.2893
NodalSplitted                 17.6635
NodalSplitted_toYuleAvg        0.4196
NodalSplitted_toUnifAvg        0.3589
Triples                       17.0000
Triples_toYuleAvg              0.0456
Triples_toUnifAvg              0.0457
MatchingPair                  13.0000
MatchingPair_toYuleAvg         0.1592
MatchingPair_toUnifAvg         0.1624
MAST                           4.0000
MAST_toYuleAvg                 0.3974
MAST_toUnifAvg                 0.3950
CopheneticL2Metric             8.3066
CopheneticL2Metric_toYuleAvg   0.2528
CopheneticL2Metric_toUnifAvg   0.2233

                 Name        Avg  Std        Min        Max  Count
0     MatchingCluster  14.000000  0.0  14.000000  14.000000      1
1         R-F_Cluster   4.000000  0.0   4.000000   4.000000      1
2       NodalSplitted  17.663522  0.0  17.663522  17.663522      1
3             Triples  17.000000  0.0  17.000000  17.000000      1
4        MatchingPair  13.000000  0.0  13.000000  13.000000      1
5                MAST   4.000000  0.0   4.000000   4.000000      1
6  CopheneticL2Metric   8.306624  0.0   8.306624   8.306624      1
