                               metrics
No                              1.0000
RefTree                         1.0000
Tree                            1.0000
RefTree_taxa                   21.0000
Tree_taxa                      21.0000
Common_taxa                    21.0000
MatchingCluster                25.0000
MatchingCluster_toYuleAvg       0.2729
MatchingCluster_toUnifAvg       0.2364
R-F_Cluster                     5.0000
R-F_Cluster_toYuleAvg           0.2664
R-F_Cluster_toUnifAvg           0.2653
NodalSplitted                  21.0238
NodalSplitted_toYuleAvg         0.3414
NodalSplitted_toUnifAvg         0.2701
Triples                       150.0000
Triples_toYuleAvg               0.1689
Triples_toUnifAvg               0.1692
MatchingPair                   33.0000
MatchingPair_toYuleAvg          0.2210
MatchingPair_toUnifAvg          0.2254
MAST                            5.0000
MAST_toYuleAvg                  0.3527
MAST_toUnifAvg                  0.3502
CopheneticL2Metric             15.3948
CopheneticL2Metric_toYuleAvg    0.3235
CopheneticL2Metric_toUnifAvg    0.2665

                 Name         Avg  Std         Min         Max  Count
0     MatchingCluster   25.000000  0.0   25.000000   25.000000      1
1         R-F_Cluster    5.000000  0.0    5.000000    5.000000      1
2       NodalSplitted   21.023796  0.0   21.023796   21.023796      1
3             Triples  150.000000  0.0  150.000000  150.000000      1
4        MatchingPair   33.000000  0.0   33.000000   33.000000      1
5                MAST    5.000000  0.0    5.000000    5.000000      1
6  CopheneticL2Metric   15.394804  0.0   15.394804   15.394804      1
