                              metrics
No                             1.0000
RefTree                        1.0000
Tree                           1.0000
RefTree_taxa                  20.0000
Tree_taxa                     20.0000
Common_taxa                   20.0000
MatchingCluster               19.0000
MatchingCluster_toYuleAvg      0.2230
MatchingCluster_toUnifAvg      0.1953
R-F_Cluster                    2.0000
R-F_Cluster_toYuleAvg          0.1126
R-F_Cluster_toUnifAvg          0.1121
NodalSplitted                 17.0587
NodalSplitted_toYuleAvg        0.2932
NodalSplitted_toUnifAvg        0.2374
Triples                       46.0000
Triples_toYuleAvg              0.0602
Triples_toUnifAvg              0.0606
MatchingPair                  17.0000
MatchingPair_toYuleAvg         0.1264
MatchingPair_toUnifAvg         0.1292
MAST                           2.0000
MAST_toYuleAvg                 0.1499
MAST_toUnifAvg                 0.1487
CopheneticL2Metric            14.8661
CopheneticL2Metric_toYuleAvg   0.3347
CopheneticL2Metric_toUnifAvg   0.2736

                 Name        Avg  Std        Min        Max  Count
0     MatchingCluster  19.000000  0.0  19.000000  19.000000      1
1         R-F_Cluster   2.000000  0.0   2.000000   2.000000      1
2       NodalSplitted  17.058722  0.0  17.058722  17.058722      1
3             Triples  46.000000  0.0  46.000000  46.000000      1
4        MatchingPair  17.000000  0.0  17.000000  17.000000      1
5                MAST   2.000000  0.0   2.000000   2.000000      1
6  CopheneticL2Metric  14.866069  0.0  14.866069  14.866069      1
