                               metrics
No                              1.0000
RefTree                         1.0000
Tree                            1.0000
RefTree_taxa                   21.0000
Tree_taxa                      21.0000
Common_taxa                    21.0000
MatchingCluster                79.0000
MatchingCluster_toYuleAvg       0.8624
MatchingCluster_toUnifAvg       0.7469
R-F_Cluster                    14.0000
R-F_Cluster_toYuleAvg           0.7458
R-F_Cluster_toUnifAvg           0.7427
NodalSplitted                  57.4282
NodalSplitted_toYuleAvg         0.9327
NodalSplitted_toUnifAvg         0.7378
Triples                       600.0000
Triples_toYuleAvg               0.6757
Triples_toUnifAvg               0.6770
MatchingPair                  137.0000
MatchingPair_toYuleAvg          0.9173
MatchingPair_toUnifAvg          0.9359
MAST                           14.0000
MAST_toYuleAvg                  0.9877
MAST_toUnifAvg                  0.9807
CopheneticL2Metric             43.2319
CopheneticL2Metric_toYuleAvg    0.9086
CopheneticL2Metric_toUnifAvg    0.7484

                 Name         Avg  Std         Min         Max  Count
0     MatchingCluster   79.000000  0.0   79.000000   79.000000      1
1         R-F_Cluster   14.000000  0.0   14.000000   14.000000      1
2       NodalSplitted   57.428216  0.0   57.428216   57.428216      1
3             Triples  600.000000  0.0  600.000000  600.000000      1
4        MatchingPair  137.000000  0.0  137.000000  137.000000      1
5                MAST   14.000000  0.0   14.000000   14.000000      1
6  CopheneticL2Metric   43.231933  0.0   43.231933   43.231933      1
