                              metrics
No                             1.0000
RefTree                        1.0000
Tree                           1.0000
RefTree_taxa                   9.0000
Tree_taxa                      8.0000
Common_taxa                    8.0000
MatchingCluster               10.0000
MatchingCluster_toYuleAvg      0.6104
MatchingCluster_toUnifAvg      0.5876
R-F_Cluster                    3.0000
R-F_Cluster_toYuleAvg          0.5249
R-F_Cluster_toUnifAvg          0.5206
NodalSplitted                  9.5917
NodalSplitted_toYuleAvg        0.6989
NodalSplitted_toUnifAvg        0.6633
Triples                       16.0000
Triples_toYuleAvg              0.4324
Triples_toUnifAvg              0.4232
MatchingPair                  12.0000
MatchingPair_toYuleAvg         0.7563
MatchingPair_toUnifAvg         0.7536
MAST                           4.0000
MAST_toYuleAvg                 1.0270
MAST_toUnifAvg                 1.0196
CopheneticL2Metric             6.6332
CopheneticL2Metric_toYuleAvg   0.5821
CopheneticL2Metric_toUnifAvg   0.5619

                 Name        Avg  Std        Min        Max  Count
0     MatchingCluster  10.000000  0.0  10.000000  10.000000      1
1         R-F_Cluster   3.000000  0.0   3.000000   3.000000      1
2       NodalSplitted   9.591663  0.0   9.591663   9.591663      1
3             Triples  16.000000  0.0  16.000000  16.000000      1
4        MatchingPair  12.000000  0.0  12.000000  12.000000      1
5                MAST   4.000000  0.0   4.000000   4.000000      1
6  CopheneticL2Metric   6.633250  0.0   6.633250   6.633250      1
