                               metrics
No                              1.0000
RefTree                         1.0000
Tree                            1.0000
RefTree_taxa                   23.0000
Tree_taxa                      23.0000
Common_taxa                    23.0000
MatchingCluster                74.0000
MatchingCluster_toYuleAvg       0.6979
MatchingCluster_toUnifAvg       0.5971
R-F_Cluster                    16.0000
R-F_Cluster_toYuleAvg           0.7700
R-F_Cluster_toUnifAvg           0.7686
NodalSplitted                  45.4753
NodalSplitted_toYuleAvg         0.6446
NodalSplitted_toUnifAvg         0.5073
Triples                       967.0000
Triples_toYuleAvg               0.8182
Triples_toUnifAvg               0.8218
MatchingPair                  154.0000
MatchingPair_toYuleAvg          0.8437
MatchingPair_toUnifAvg          0.8621
MAST                           13.0000
MAST_toYuleAvg                  0.8194
MAST_toUnifAvg                  0.8118
CopheneticL2Metric             30.4631
CopheneticL2Metric_toYuleAvg    0.5623
CopheneticL2Metric_toUnifAvg    0.4512

                 Name         Avg  Std         Min         Max  Count
0     MatchingCluster   74.000000  0.0   74.000000   74.000000      1
1         R-F_Cluster   16.000000  0.0   16.000000   16.000000      1
2       NodalSplitted   45.475268  0.0   45.475268   45.475268      1
3             Triples  967.000000  0.0  967.000000  967.000000      1
4        MatchingPair  154.000000  0.0  154.000000  154.000000      1
5                MAST   13.000000  0.0   13.000000   13.000000      1
6  CopheneticL2Metric   30.463092  0.0   30.463092   30.463092      1
