
                            < M A T L A B (R) >
                  Copyright 1984-2017 The MathWorks, Inc.
                   R2017a (9.2.0.538062) 64-bit (glnxa64)
                             February 23, 2017

 
To get started, type one of these: helpwin, helpdesk, or demo.
For product information, visit www.mathworks.com.
 
Running "Run1", Seed: 875887
 *** Finished Simulation Run ***

config-03.json #############################################

[#.........] | Progress: 1 | Time: 0.0s | ETA: --[##########] | Progress: 15 | Time: 0.0s | ETA: --fit<>, fid</home/chun/projects/clineage-simulation/analysis/tmc/tmc-003/case-03/triplets-list.raw.txt>, flg<treeReconstruction.log>, frt<resTree.tree>, frtN</home/chun/projects/clineage-simulation/analysis/tmc/tmc-003/case-03/reconstructed.tmp.newick>, fsd<qqq.dat>, fst<simul.tree>, -->index=2
Read triplets from file...
Read triplets from file...Finished
N_triplets = 8, idMaxFound = 6
treeBuildBasedOnTriplets_run...
make_isTogetherInTripletAndDeleteExtraTriplets: Finished
treeBuildBasedOnTriplets_run...Finished
Saving tree to file...
Saving tree to file...Finished

                            < M A T L A B (R) >
                  Copyright 1984-2017 The MathWorks, Inc.
                   R2017a (9.2.0.538062) 64-bit (glnxa64)
                             February 23, 2017

 
To get started, type one of these: helpwin, helpdesk, or demo.
For product information, visit www.mathworks.com.
 
TreeCmp version build2

Active options:
Type of the analysis:  ref-to-all comparison mode (-r)
Metrics:
  1. MatchingCluster (mc)
  2. R-F_Cluster (rc)
  3. NodalSplitted (ns)
  4. Triples (tt)
  5. MatchingPair (mp)
  6. MAST (mt)
  7. CopheneticL2Metric (co)
Input file: /home/chun/projects/clineage-simulation/analysis/tmc/tmc-003/case-03/reconstructed.newick
Output file: /home/chun/projects/clineage-simulation/analysis/tmc/tmc-003/case-03/scores.raw.out
Additional options:
N - Report normalized distances.
P - Prune compared trees if needed (trees can have different leaf sets).
I - Include summary section in the output file.
-----
2018-06-18 18:38:32: Start of reading random statistics.
2018-06-18 18:38:33: End of reading random statistics.
2018-06-18 18:38:33: Start of scanning input file: /home/chun/projects/clineage-simulation/analysis/tmc/tmc-003/case-03/reconstructed.newick
2018-06-18 18:38:33: End of scanning input file: /home/chun/projects/clineage-simulation/analysis/tmc/tmc-003/case-03/reconstructed.newick
2018-06-18 18:38:33: 1 valid trees found in file: /home/chun/projects/clineage-simulation/analysis/tmc/tmc-003/case-03/reconstructed.newick
2018-06-18 18:38:33: Start of calculation...please wait...
2018-06-18 18:38:33: 0.00% completed...
2018-06-18 18:38:33: 100.00% completed.
2018-06-18 18:38:33: End of calculation.
2018-06-18 18:38:33: Total calculation time: 18 ms.
                              metrics
No                             1.0000
RefTree                        1.0000
Tree                           1.0000
RefTree_taxa                   6.0000
Tree_taxa                      6.0000
Common_taxa                    6.0000
MatchingCluster                9.0000
MatchingCluster_toYuleAvg      0.9949
MatchingCluster_toUnifAvg      0.9830
R-F_Cluster                    3.0000
R-F_Cluster_toYuleAvg          0.8181
R-F_Cluster_toUnifAvg          0.8177
NodalSplitted                  8.1854
NodalSplitted_toYuleAvg        1.0044
NodalSplitted_toUnifAvg        0.9886
Triples                       13.0000
Triples_toYuleAvg              0.9717
Triples_toUnifAvg              0.9620
MatchingPair                   6.0000
MatchingPair_toYuleAvg         0.7976
MatchingPair_toUnifAvg         0.7960
MAST                           2.0000
MAST_toYuleAvg                 0.7968
MAST_toUnifAvg                 0.7955
CopheneticL2Metric             7.6158
CopheneticL2Metric_toYuleAvg   1.0894
CopheneticL2Metric_toUnifAvg   1.0744

                 Name        Avg  Std        Min        Max  Count
0     MatchingCluster   9.000000  0.0   9.000000   9.000000      1
1         R-F_Cluster   3.000000  0.0   3.000000   3.000000      1
2       NodalSplitted   8.185353  0.0   8.185353   8.185353      1
3             Triples  13.000000  0.0  13.000000  13.000000      1
4        MatchingPair   6.000000  0.0   6.000000   6.000000      1
5                MAST   2.000000  0.0   2.000000   2.000000      1
6  CopheneticL2Metric   7.615773  0.0   7.615773   7.615773      1
