
                            < M A T L A B (R) >
                  Copyright 1984-2017 The MathWorks, Inc.
                   R2017a (9.2.0.538062) 64-bit (glnxa64)
                             February 23, 2017

 
To get started, type one of these: helpwin, helpdesk, or demo.
For product information, visit www.mathworks.com.
 
Running "Run1", Seed: 875887
 *** Finished Simulation Run ***

config-12.json #############################################

[#.........] | Progress: 1 | Time: 0.0s | ETA: --[.#........] | Progress: 200 | Time: 0.1s | ETA: --[##########] | Progress: 308 | Time: 0.1s | ETA: --fit<>, fid</home/chun/projects/clineage-simulation/analysis/tmc/tmc-003/case-12/triplets-list.raw.txt>, flg<treeReconstruction.log>, frt<resTree.tree>, frtN</home/chun/projects/clineage-simulation/analysis/tmc/tmc-003/case-12/reconstructed.tmp.newick>, fsd<qqq.dat>, fst<simul.tree>, -->index=2
Read triplets from file...
Read triplets from file...Finished
N_triplets = 296, idMaxFound = 15
treeBuildBasedOnTriplets_run...
make_isTogetherInTripletAndDeleteExtraTriplets: Finished
maxCut with 14 nodes: Finished
maxCut with 9 nodes: Finished
maxCut with 7 nodes: Finished
treeBuildBasedOnTriplets_run...Finished
Saving tree to file...
Saving tree to file...Finished

                            < M A T L A B (R) >
                  Copyright 1984-2017 The MathWorks, Inc.
                   R2017a (9.2.0.538062) 64-bit (glnxa64)
                             February 23, 2017

 
To get started, type one of these: helpwin, helpdesk, or demo.
For product information, visit www.mathworks.com.
 
TreeCmp version build2

Active options:
Type of the analysis:  ref-to-all comparison mode (-r)
Metrics:
  1. MatchingCluster (mc)
  2. R-F_Cluster (rc)
  3. NodalSplitted (ns)
  4. Triples (tt)
  5. MatchingPair (mp)
  6. MAST (mt)
  7. CopheneticL2Metric (co)
Input file: /home/chun/projects/clineage-simulation/analysis/tmc/tmc-003/case-12/reconstructed.newick
Output file: /home/chun/projects/clineage-simulation/analysis/tmc/tmc-003/case-12/scores.raw.out
Additional options:
N - Report normalized distances.
P - Prune compared trees if needed (trees can have different leaf sets).
I - Include summary section in the output file.
-----
2018-06-18 18:38:31: Start of reading random statistics.
2018-06-18 18:38:31: End of reading random statistics.
2018-06-18 18:38:31: Start of scanning input file: /home/chun/projects/clineage-simulation/analysis/tmc/tmc-003/case-12/reconstructed.newick
2018-06-18 18:38:31: End of scanning input file: /home/chun/projects/clineage-simulation/analysis/tmc/tmc-003/case-12/reconstructed.newick
2018-06-18 18:38:31: 1 valid trees found in file: /home/chun/projects/clineage-simulation/analysis/tmc/tmc-003/case-12/reconstructed.newick
2018-06-18 18:38:31: Start of calculation...please wait...
2018-06-18 18:38:31: 0.00% completed...
2018-06-18 18:38:31: 100.00% completed.
2018-06-18 18:38:31: End of calculation.
2018-06-18 18:38:31: Total calculation time: 32 ms.
                               metrics
No                              1.0000
RefTree                         1.0000
Tree                            1.0000
RefTree_taxa                   15.0000
Tree_taxa                      15.0000
Common_taxa                    15.0000
MatchingCluster                32.0000
MatchingCluster_toYuleAvg       0.6183
MatchingCluster_toUnifAvg       0.5569
R-F_Cluster                    11.0000
R-F_Cluster_toYuleAvg           0.8630
R-F_Cluster_toUnifAvg           0.8582
NodalSplitted                  23.3238
NodalSplitted_toYuleAvg         0.6160
NodalSplitted_toUnifAvg         0.5304
Triples                       201.0000
Triples_toYuleAvg               0.6660
Triples_toUnifAvg               0.6640
MatchingPair                   58.0000
MatchingPair_toYuleAvg          0.8246
MatchingPair_toUnifAvg          0.8361
MAST                            7.0000
MAST_toYuleAvg                  0.7582
MAST_toUnifAvg                  0.7467
CopheneticL2Metric             15.7162
CopheneticL2Metric_toYuleAvg    0.5245
CopheneticL2Metric_toUnifAvg    0.4640

                 Name         Avg  Std         Min         Max  Count
0     MatchingCluster   32.000000  0.0   32.000000   32.000000      1
1         R-F_Cluster   11.000000  0.0   11.000000   11.000000      1
2       NodalSplitted   23.323808  0.0   23.323808   23.323808      1
3             Triples  201.000000  0.0  201.000000  201.000000      1
4        MatchingPair   58.000000  0.0   58.000000   58.000000      1
5                MAST    7.000000  0.0    7.000000    7.000000      1
6  CopheneticL2Metric   15.716234  0.0   15.716234   15.716234      1
