                               metrics
No                              1.0000
RefTree                         1.0000
Tree                            1.0000
RefTree_taxa                   17.0000
Tree_taxa                      17.0000
Common_taxa                    17.0000
MatchingCluster                44.0000
MatchingCluster_toYuleAvg       0.6807
MatchingCluster_toUnifAvg       0.6053
R-F_Cluster                    10.5000
R-F_Cluster_toYuleAvg           0.7108
R-F_Cluster_toUnifAvg           0.7073
NodalSplitted                  34.4384
NodalSplitted_toYuleAvg         0.7513
NodalSplitted_toUnifAvg         0.6290
Triples                       288.0000
Triples_toYuleAvg               0.6343
Triples_toUnifAvg               0.6333
MatchingPair                   65.0000
MatchingPair_toYuleAvg          0.6957
MatchingPair_toUnifAvg          0.7066
MAST                           10.0000
MAST_toYuleAvg                  0.9196
MAST_toUnifAvg                  0.9134
CopheneticL2Metric             19.4422
CopheneticL2Metric_toYuleAvg    0.5413
CopheneticL2Metric_toUnifAvg    0.4703

                 Name         Avg  Std         Min         Max  Count
0     MatchingCluster   44.000000  0.0   44.000000   44.000000      1
1         R-F_Cluster   10.500000  0.0   10.500000   10.500000      1
2       NodalSplitted   34.438351  0.0   34.438351   34.438351      1
3             Triples  288.000000  0.0  288.000000  288.000000      1
4        MatchingPair   65.000000  0.0   65.000000   65.000000      1
5                MAST   10.000000  0.0   10.000000   10.000000      1
6  CopheneticL2Metric   19.442222  0.0   19.442222   19.442222      1
