                              metrics
No                             1.0000
RefTree                        1.0000
Tree                           1.0000
RefTree_taxa                  17.0000
Tree_taxa                     17.0000
Common_taxa                   17.0000
MatchingCluster                9.0000
MatchingCluster_toYuleAvg      0.1392
MatchingCluster_toUnifAvg      0.1238
R-F_Cluster                    2.0000
R-F_Cluster_toYuleAvg          0.1354
R-F_Cluster_toUnifAvg          0.1347
NodalSplitted                 11.2250
NodalSplitted_toYuleAvg        0.2449
NodalSplitted_toUnifAvg        0.2050
Triples                       26.0000
Triples_toYuleAvg              0.0573
Triples_toUnifAvg              0.0572
MatchingPair                   7.0000
MatchingPair_toYuleAvg         0.0749
MatchingPair_toUnifAvg         0.0761
MAST                           2.0000
MAST_toYuleAvg                 0.1839
MAST_toUnifAvg                 0.1827
CopheneticL2Metric             7.1414
CopheneticL2Metric_toYuleAvg   0.1988
CopheneticL2Metric_toUnifAvg   0.1728

                 Name        Avg  Std        Min        Max  Count
0     MatchingCluster   9.000000  0.0   9.000000   9.000000      1
1         R-F_Cluster   2.000000  0.0   2.000000   2.000000      1
2       NodalSplitted  11.224972  0.0  11.224972  11.224972      1
3             Triples  26.000000  0.0  26.000000  26.000000      1
4        MatchingPair   7.000000  0.0   7.000000   7.000000      1
5                MAST   2.000000  0.0   2.000000   2.000000      1
6  CopheneticL2Metric   7.141428  0.0   7.141428   7.141428      1
