
                            < M A T L A B (R) >
                  Copyright 1984-2017 The MathWorks, Inc.
                   R2017a (9.2.0.538062) 64-bit (glnxa64)
                             February 23, 2017

 
To get started, type one of these: helpwin, helpdesk, or demo.
For product information, visit www.mathworks.com.
 
Running "Run1", Seed: 181848
 *** Finished Simulation Run ***

config-04.json #############################################

[#.........] | Progress: 1 | Time: 0.0s | ETA: --[##########] | Progress: 28 | Time: 0.0s | ETA: --fit<>, fid</home/chun/projects/clineage-simulation/analysis/tmc-181848/tmc-002/case-04/triplets-list.raw.txt>, flg<treeReconstruction.log>, frt<resTree.tree>, frtN</home/chun/projects/clineage-simulation/analysis/tmc-181848/tmc-002/case-04/reconstructed.tmp.newick>, fsd<qqq.dat>, fst<simul.tree>, -->index=2
Read triplets from file...
Read triplets from file...Finished
N_triplets = 24, idMaxFound = 7
treeBuildBasedOnTriplets_run...
make_isTogetherInTripletAndDeleteExtraTriplets: Finished
treeBuildBasedOnTriplets_run...Finished
Saving tree to file...
Saving tree to file...Finished

                            < M A T L A B (R) >
                  Copyright 1984-2017 The MathWorks, Inc.
                   R2017a (9.2.0.538062) 64-bit (glnxa64)
                             February 23, 2017

 
To get started, type one of these: helpwin, helpdesk, or demo.
For product information, visit www.mathworks.com.
 
TreeCmp version build2

Active options:
Type of the analysis:  ref-to-all comparison mode (-r)
Metrics:
  1. MatchingCluster (mc)
  2. R-F_Cluster (rc)
  3. NodalSplitted (ns)
  4. Triples (tt)
  5. MatchingPair (mp)
  6. MAST (mt)
  7. CopheneticL2Metric (co)
Input file: /home/chun/projects/clineage-simulation/analysis/tmc-181848/tmc-002/case-04/reconstructed.newick
Output file: /home/chun/projects/clineage-simulation/analysis/tmc-181848/tmc-002/case-04/scores.raw.out
Additional options:
N - Report normalized distances.
P - Prune compared trees if needed (trees can have different leaf sets).
I - Include summary section in the output file.
-----
2018-06-19 06:08:45: Start of reading random statistics.
2018-06-19 06:08:45: End of reading random statistics.
2018-06-19 06:08:45: Start of scanning input file: /home/chun/projects/clineage-simulation/analysis/tmc-181848/tmc-002/case-04/reconstructed.newick
2018-06-19 06:08:45: End of scanning input file: /home/chun/projects/clineage-simulation/analysis/tmc-181848/tmc-002/case-04/reconstructed.newick
2018-06-19 06:08:45: 1 valid trees found in file: /home/chun/projects/clineage-simulation/analysis/tmc-181848/tmc-002/case-04/reconstructed.newick
2018-06-19 06:08:45: Start of calculation...please wait...
2018-06-19 06:08:45: 0.00% completed...
2018-06-19 06:08:45: 100.00% completed.
2018-06-19 06:08:45: End of calculation.
2018-06-19 06:08:45: Total calculation time: 19 ms.
                              metrics
No                             1.0000
RefTree                        1.0000
Tree                           1.0000
RefTree_taxa                   7.0000
Tree_taxa                      7.0000
Common_taxa                    7.0000
MatchingCluster                7.0000
MatchingCluster_toYuleAvg      0.5548
MatchingCluster_toUnifAvg      0.5525
R-F_Cluster                    1.5000
R-F_Cluster_toYuleAvg          0.3193
R-F_Cluster_toUnifAvg          0.3204
NodalSplitted                  6.9282
NodalSplitted_toYuleAvg        0.6316
NodalSplitted_toUnifAvg        0.6290
Triples                        5.0000
Triples_toYuleAvg              0.2132
Triples_toUnifAvg              0.2163
MatchingPair                   4.0000
MatchingPair_toYuleAvg         0.3524
MatchingPair_toUnifAvg         0.3578
MAST                           3.0000
MAST_toYuleAvg                 0.9425
MAST_toUnifAvg                 0.9325
CopheneticL2Metric             4.2426
CopheneticL2Metric_toYuleAvg   0.4642
CopheneticL2Metric_toUnifAvg   0.4549

                 Name       Avg  Std       Min       Max  Count
0     MatchingCluster  7.000000  0.0  7.000000  7.000000      1
1         R-F_Cluster  1.500000  0.0  1.500000  1.500000      1
2       NodalSplitted  6.928203  0.0  6.928203  6.928203      1
3             Triples  5.000000  0.0  5.000000  5.000000      1
4        MatchingPair  4.000000  0.0  4.000000  4.000000      1
5                MAST  3.000000  0.0  3.000000  3.000000      1
6  CopheneticL2Metric  4.242641  0.0  4.242641  4.242641      1
