
                            < M A T L A B (R) >
                  Copyright 1984-2017 The MathWorks, Inc.
                   R2017a (9.2.0.538062) 64-bit (glnxa64)
                             February 23, 2017

 
To get started, type one of these: helpwin, helpdesk, or demo.
For product information, visit www.mathworks.com.
 
Running "Run1", Seed: 181848
 *** Finished Simulation Run ***

config-15.json #############################################

[#.........] | Progress: 1 | Time: 0.0s | ETA: --[.#........] | Progress: 321 | Time: 0.1s | ETA: --[##########] | Progress: 555 | Time: 0.1s | ETA: --fit<>, fid</home/chun/projects/clineage-simulation/analysis/tmc-181848/tmc-002/case-15/triplets-list.raw.txt>, flg<treeReconstruction.log>, frt<resTree.tree>, frtN</home/chun/projects/clineage-simulation/analysis/tmc-181848/tmc-002/case-15/reconstructed.tmp.newick>, fsd<qqq.dat>, fst<simul.tree>, -->index=2
Read triplets from file...
Read triplets from file...Finished
N_triplets = 490, idMaxFound = 18
treeBuildBasedOnTriplets_run...
make_isTogetherInTripletAndDeleteExtraTriplets: Finished
maxCut with 18 nodes: Finished
maxCut with 12 nodes: Finished
maxCut with 9 nodes: Finished
treeBuildBasedOnTriplets_run...Finished
Saving tree to file...
Saving tree to file...Finished

                            < M A T L A B (R) >
                  Copyright 1984-2017 The MathWorks, Inc.
                   R2017a (9.2.0.538062) 64-bit (glnxa64)
                             February 23, 2017

 
To get started, type one of these: helpwin, helpdesk, or demo.
For product information, visit www.mathworks.com.
 
TreeCmp version build2

Active options:
Type of the analysis:  ref-to-all comparison mode (-r)
Metrics:
  1. MatchingCluster (mc)
  2. R-F_Cluster (rc)
  3. NodalSplitted (ns)
  4. Triples (tt)
  5. MatchingPair (mp)
  6. MAST (mt)
  7. CopheneticL2Metric (co)
Input file: /home/chun/projects/clineage-simulation/analysis/tmc-181848/tmc-002/case-15/reconstructed.newick
Output file: /home/chun/projects/clineage-simulation/analysis/tmc-181848/tmc-002/case-15/scores.raw.out
Additional options:
N - Report normalized distances.
P - Prune compared trees if needed (trees can have different leaf sets).
I - Include summary section in the output file.
-----
2018-06-19 06:09:03: Start of reading random statistics.
2018-06-19 06:09:03: End of reading random statistics.
2018-06-19 06:09:03: Start of scanning input file: /home/chun/projects/clineage-simulation/analysis/tmc-181848/tmc-002/case-15/reconstructed.newick
2018-06-19 06:09:03: End of scanning input file: /home/chun/projects/clineage-simulation/analysis/tmc-181848/tmc-002/case-15/reconstructed.newick
2018-06-19 06:09:03: 1 valid trees found in file: /home/chun/projects/clineage-simulation/analysis/tmc-181848/tmc-002/case-15/reconstructed.newick
2018-06-19 06:09:03: Start of calculation...please wait...
2018-06-19 06:09:03: 0.00% completed...
2018-06-19 06:09:03: 100.00% completed.
2018-06-19 06:09:03: End of calculation.
2018-06-19 06:09:03: Total calculation time: 32 ms.
                               metrics
No                              1.0000
RefTree                         1.0000
Tree                            1.0000
RefTree_taxa                   18.0000
Tree_taxa                      18.0000
Common_taxa                    18.0000
MatchingCluster                40.0000
MatchingCluster_toYuleAvg       0.5630
MatchingCluster_toUnifAvg       0.4974
R-F_Cluster                    10.0000
R-F_Cluster_toYuleAvg           0.6335
R-F_Cluster_toUnifAvg           0.6319
NodalSplitted                  31.5595
NodalSplitted_toYuleAvg         0.6348
NodalSplitted_toUnifAvg         0.5207
Triples                       158.0000
Triples_toYuleAvg               0.2890
Triples_toUnifAvg               0.2910
MatchingPair                   49.0000
MatchingPair_toYuleAvg          0.4606
MatchingPair_toUnifAvg          0.4711
MAST                            9.0000
MAST_toYuleAvg                  0.7668
MAST_toUnifAvg                  0.7647
CopheneticL2Metric             18.8680
CopheneticL2Metric_toYuleAvg    0.4809
CopheneticL2Metric_toUnifAvg    0.4174

                 Name         Avg  Std         Min         Max  Count
0     MatchingCluster   40.000000  0.0   40.000000   40.000000      1
1         R-F_Cluster   10.000000  0.0   10.000000   10.000000      1
2       NodalSplitted   31.559468  0.0   31.559468   31.559468      1
3             Triples  158.000000  0.0  158.000000  158.000000      1
4        MatchingPair   49.000000  0.0   49.000000   49.000000      1
5                MAST    9.000000  0.0    9.000000    9.000000      1
6  CopheneticL2Metric   18.867962  0.0   18.867962   18.867962      1
