
                            < M A T L A B (R) >
                  Copyright 1984-2017 The MathWorks, Inc.
                   R2017a (9.2.0.538062) 64-bit (glnxa64)
                             February 23, 2017

 
To get started, type one of these: helpwin, helpdesk, or demo.
For product information, visit www.mathworks.com.
 
Running "Run1", Seed: 181848
 *** Finished Simulation Run ***

config-09.json #############################################

[#.........] | Progress: 1 | Time: 0.0s | ETA: --[##########] | Progress: 149 | Time: 0.0s | ETA: --fit<>, fid</home/chun/projects/clineage-simulation/analysis/tmc-181848/tmc-002/case-09/triplets-list.raw.txt>, flg<treeReconstruction.log>, frt<resTree.tree>, frtN</home/chun/projects/clineage-simulation/analysis/tmc-181848/tmc-002/case-09/reconstructed.tmp.newick>, fsd<qqq.dat>, fst<simul.tree>, -->index=2
Read triplets from file...
Read triplets from file...Finished
N_triplets = 134, idMaxFound = 12
treeBuildBasedOnTriplets_run...
make_isTogetherInTripletAndDeleteExtraTriplets: Finished
maxCut with 12 nodes: Finished
treeBuildBasedOnTriplets_run...Finished
Saving tree to file...
Saving tree to file...Finished

                            < M A T L A B (R) >
                  Copyright 1984-2017 The MathWorks, Inc.
                   R2017a (9.2.0.538062) 64-bit (glnxa64)
                             February 23, 2017

 
To get started, type one of these: helpwin, helpdesk, or demo.
For product information, visit www.mathworks.com.
 
TreeCmp version build2

Active options:
Type of the analysis:  ref-to-all comparison mode (-r)
Metrics:
  1. MatchingCluster (mc)
  2. R-F_Cluster (rc)
  3. NodalSplitted (ns)
  4. Triples (tt)
  5. MatchingPair (mp)
  6. MAST (mt)
  7. CopheneticL2Metric (co)
Input file: /home/chun/projects/clineage-simulation/analysis/tmc-181848/tmc-002/case-09/reconstructed.newick
Output file: /home/chun/projects/clineage-simulation/analysis/tmc-181848/tmc-002/case-09/scores.raw.out
Additional options:
N - Report normalized distances.
P - Prune compared trees if needed (trees can have different leaf sets).
I - Include summary section in the output file.
-----
2018-06-19 06:08:37: Start of reading random statistics.
2018-06-19 06:08:37: End of reading random statistics.
2018-06-19 06:08:37: Start of scanning input file: /home/chun/projects/clineage-simulation/analysis/tmc-181848/tmc-002/case-09/reconstructed.newick
2018-06-19 06:08:37: End of scanning input file: /home/chun/projects/clineage-simulation/analysis/tmc-181848/tmc-002/case-09/reconstructed.newick
2018-06-19 06:08:37: 1 valid trees found in file: /home/chun/projects/clineage-simulation/analysis/tmc-181848/tmc-002/case-09/reconstructed.newick
2018-06-19 06:08:37: Start of calculation...please wait...
2018-06-19 06:08:37: 0.00% completed...
2018-06-19 06:08:37: 100.00% completed.
2018-06-19 06:08:37: End of calculation.
2018-06-19 06:08:37: Total calculation time: 22 ms.
                              metrics
No                             1.0000
RefTree                        1.0000
Tree                           1.0000
RefTree_taxa                  12.0000
Tree_taxa                     12.0000
Common_taxa                   12.0000
MatchingCluster               17.0000
MatchingCluster_toYuleAvg      0.4789
MatchingCluster_toUnifAvg      0.4496
R-F_Cluster                    7.5000
R-F_Cluster_toYuleAvg          0.7692
R-F_Cluster_toUnifAvg          0.7662
NodalSplitted                 15.1327
NodalSplitted_toYuleAvg        0.5555
NodalSplitted_toUnifAvg        0.5057
Triples                       66.0000
Triples_toYuleAvg              0.4484
Triples_toUnifAvg              0.4498
MatchingPair                  23.0000
MatchingPair_toYuleAvg         0.5437
MatchingPair_toUnifAvg         0.5510
MAST                           6.0000
MAST_toYuleAvg                 0.8707
MAST_toUnifAvg                 0.8622
CopheneticL2Metric             9.1652
CopheneticL2Metric_toYuleAvg   0.4228
CopheneticL2Metric_toUnifAvg   0.3890

                 Name        Avg  Std        Min        Max  Count
0     MatchingCluster  17.000000  0.0  17.000000  17.000000      1
1         R-F_Cluster   7.500000  0.0   7.500000   7.500000      1
2       NodalSplitted  15.132746  0.0  15.132746  15.132746      1
3             Triples  66.000000  0.0  66.000000  66.000000      1
4        MatchingPair  23.000000  0.0  23.000000  23.000000      1
5                MAST   6.000000  0.0   6.000000   6.000000      1
6  CopheneticL2Metric   9.165151  0.0   9.165151   9.165151      1
