                              metrics
No                             1.0000
RefTree                        1.0000
Tree                           1.0000
RefTree_taxa                  18.0000
Tree_taxa                     18.0000
Common_taxa                   18.0000
MatchingCluster               11.0000
MatchingCluster_toYuleAvg      0.1548
MatchingCluster_toUnifAvg      0.1368
R-F_Cluster                    2.5000
R-F_Cluster_toYuleAvg          0.1584
R-F_Cluster_toUnifAvg          0.1580
NodalSplitted                 12.5300
NodalSplitted_toYuleAvg        0.2520
NodalSplitted_toUnifAvg        0.2067
Triples                       14.0000
Triples_toYuleAvg              0.0256
Triples_toUnifAvg              0.0258
MatchingPair                   8.0000
MatchingPair_toYuleAvg         0.0752
MatchingPair_toUnifAvg         0.0769
MAST                           2.0000
MAST_toYuleAvg                 0.1704
MAST_toUnifAvg                 0.1699
CopheneticL2Metric             6.0000
CopheneticL2Metric_toYuleAvg   0.1529
CopheneticL2Metric_toUnifAvg   0.1327

                 Name        Avg  Std        Min        Max  Count
0     MatchingCluster  11.000000  0.0  11.000000  11.000000      1
1         R-F_Cluster   2.500000  0.0   2.500000   2.500000      1
2       NodalSplitted  12.529964  0.0  12.529964  12.529964      1
3             Triples  14.000000  0.0  14.000000  14.000000      1
4        MatchingPair   8.000000  0.0   8.000000   8.000000      1
5                MAST   2.000000  0.0   2.000000   2.000000      1
6  CopheneticL2Metric   6.000000  0.0   6.000000   6.000000      1
