                              metrics
No                             1.0000
RefTree                        1.0000
Tree                           1.0000
RefTree_taxa                   9.0000
Tree_taxa                      9.0000
Common_taxa                    9.0000
MatchingCluster                6.0000
MatchingCluster_toYuleAvg      0.2920
MatchingCluster_toUnifAvg      0.2812
R-F_Cluster                    2.0000
R-F_Cluster_toYuleAvg          0.3001
R-F_Cluster_toUnifAvg          0.2965
NodalSplitted                  6.4807
NodalSplitted_toYuleAvg        0.3831
NodalSplitted_toUnifAvg        0.3636
Triples                       10.0000
Triples_toYuleAvg              0.1788
Triples_toUnifAvg              0.1799
MatchingPair                   4.0000
MatchingPair_toYuleAvg         0.1887
MatchingPair_toUnifAvg         0.1912
MAST                           2.0000
MAST_toYuleAvg                 0.4361
MAST_toUnifAvg                 0.4292
CopheneticL2Metric             4.7958
CopheneticL2Metric_toYuleAvg   0.3434
CopheneticL2Metric_toUnifAvg   0.3312

                 Name        Avg  Std        Min        Max  Count
0     MatchingCluster   6.000000  0.0   6.000000   6.000000      1
1         R-F_Cluster   2.000000  0.0   2.000000   2.000000      1
2       NodalSplitted   6.480741  0.0   6.480741   6.480741      1
3             Triples  10.000000  0.0  10.000000  10.000000      1
4        MatchingPair   4.000000  0.0   4.000000   4.000000      1
5                MAST   2.000000  0.0   2.000000   2.000000      1
6  CopheneticL2Metric   4.795832  0.0   4.795832   4.795832      1
