
                            < M A T L A B (R) >
                  Copyright 1984-2017 The MathWorks, Inc.
                   R2017a (9.2.0.538062) 64-bit (glnxa64)
                             February 23, 2017

 
To get started, type one of these: helpwin, helpdesk, or demo.
For product information, visit www.mathworks.com.
 
Running "Run1", Seed: 181848
 *** Finished Simulation Run ***

config-16.json #############################################

[#.........] | Progress: 1 | Time: 0.0s | ETA: --[.#........] | Progress: 159 | Time: 0.1s | ETA: --[..#.......] | Progress: 319 | Time: 0.1s | ETA: --[...#......] | Progress: 476 | Time: 0.2s | ETA: --[....#.....] | Progress: 630 | Time: 0.2s | ETA: --[##########] | Progress: 673 | Time: 0.2s | ETA: --fit<>, fid</home/chun/projects/clineage-simulation/analysis/tmc-181848/tmc-005/case-16/triplets-list.raw.txt>, flg<treeReconstruction.log>, frt<resTree.tree>, frtN</home/chun/projects/clineage-simulation/analysis/tmc-181848/tmc-005/case-16/reconstructed.tmp.newick>, fsd<qqq.dat>, fst<simul.tree>, -->index=2
Read triplets from file...
Read triplets from file...Finished
N_triplets = 663, idMaxFound = 19
treeBuildBasedOnTriplets_run...
make_isTogetherInTripletAndDeleteExtraTriplets: Finished
maxCut with 19 nodes: Finished
maxCut with 13 nodes: Finished
maxCut with 7 nodes: Finished
maxCut with 4 nodes: Finished
maxCut with 6 nodes: Finished
maxCut with 5 nodes: Finished
maxCut with 4 nodes: Finished
treeBuildBasedOnTriplets_run...Finished
Saving tree to file...
Saving tree to file...Finished

                            < M A T L A B (R) >
                  Copyright 1984-2017 The MathWorks, Inc.
                   R2017a (9.2.0.538062) 64-bit (glnxa64)
                             February 23, 2017

 
To get started, type one of these: helpwin, helpdesk, or demo.
For product information, visit www.mathworks.com.
 
TreeCmp version build2

Active options:
Type of the analysis:  ref-to-all comparison mode (-r)
Metrics:
  1. MatchingCluster (mc)
  2. R-F_Cluster (rc)
  3. NodalSplitted (ns)
  4. Triples (tt)
  5. MatchingPair (mp)
  6. MAST (mt)
  7. CopheneticL2Metric (co)
Input file: /home/chun/projects/clineage-simulation/analysis/tmc-181848/tmc-005/case-16/reconstructed.newick
Output file: /home/chun/projects/clineage-simulation/analysis/tmc-181848/tmc-005/case-16/scores.raw.out
Additional options:
N - Report normalized distances.
P - Prune compared trees if needed (trees can have different leaf sets).
I - Include summary section in the output file.
-----
2018-06-19 06:08:41: Start of reading random statistics.
2018-06-19 06:08:42: End of reading random statistics.
2018-06-19 06:08:42: Start of scanning input file: /home/chun/projects/clineage-simulation/analysis/tmc-181848/tmc-005/case-16/reconstructed.newick
2018-06-19 06:08:42: End of scanning input file: /home/chun/projects/clineage-simulation/analysis/tmc-181848/tmc-005/case-16/reconstructed.newick
2018-06-19 06:08:42: 1 valid trees found in file: /home/chun/projects/clineage-simulation/analysis/tmc-181848/tmc-005/case-16/reconstructed.newick
2018-06-19 06:08:42: Start of calculation...please wait...
2018-06-19 06:08:42: 0.00% completed...
2018-06-19 06:08:42: 100.00% completed.
2018-06-19 06:08:42: End of calculation.
2018-06-19 06:08:42: Total calculation time: 23 ms.
                               metrics
No                              1.0000
RefTree                         1.0000
Tree                            1.0000
RefTree_taxa                   19.0000
Tree_taxa                      19.0000
Common_taxa                    19.0000
MatchingCluster                30.0000
MatchingCluster_toYuleAvg       0.3869
MatchingCluster_toUnifAvg       0.3376
R-F_Cluster                     9.5000
R-F_Cluster_toYuleAvg           0.5673
R-F_Cluster_toUnifAvg           0.5644
NodalSplitted                  28.9482
NodalSplitted_toYuleAvg         0.5382
NodalSplitted_toUnifAvg         0.4388
Triples                       290.0000
Triples_toYuleAvg               0.4506
Triples_toUnifAvg               0.4485
MatchingPair                   66.0000
MatchingPair_toYuleAvg          0.5515
MatchingPair_toUnifAvg          0.5604
MAST                            8.0000
MAST_toYuleAvg                  0.6392
MAST_toUnifAvg                  0.6343
CopheneticL2Metric             15.2315
CopheneticL2Metric_toYuleAvg    0.3608
CopheneticL2Metric_toUnifAvg    0.3093

                 Name         Avg  Std         Min         Max  Count
0     MatchingCluster   30.000000  0.0   30.000000   30.000000      1
1         R-F_Cluster    9.500000  0.0    9.500000    9.500000      1
2       NodalSplitted   28.948230  0.0   28.948230   28.948230      1
3             Triples  290.000000  0.0  290.000000  290.000000      1
4        MatchingPair   66.000000  0.0   66.000000   66.000000      1
5                MAST    8.000000  0.0    8.000000    8.000000      1
6  CopheneticL2Metric   15.231546  0.0   15.231546   15.231546      1
