
                            < M A T L A B (R) >
                  Copyright 1984-2017 The MathWorks, Inc.
                   R2017a (9.2.0.538062) 64-bit (glnxa64)
                             February 23, 2017

 
To get started, type one of these: helpwin, helpdesk, or demo.
For product information, visit www.mathworks.com.
 
Running "Run1", Seed: 181848
 *** Finished Simulation Run ***

config-14.json #############################################

[#.........] | Progress: 1 | Time: 0.0s | ETA: --[.#........] | Progress: 169 | Time: 0.1s | ETA: --[..#.......] | Progress: 338 | Time: 0.1s | ETA: --[##########] | Progress: 477 | Time: 0.1s | ETA: --fit<>, fid</home/chun/projects/clineage-simulation/analysis/tmc-181848/tmc-005/case-14/triplets-list.raw.txt>, flg<treeReconstruction.log>, frt<resTree.tree>, frtN</home/chun/projects/clineage-simulation/analysis/tmc-181848/tmc-005/case-14/reconstructed.tmp.newick>, fsd<qqq.dat>, fst<simul.tree>, -->index=2
Read triplets from file...
Read triplets from file...Finished
N_triplets = 476, idMaxFound = 17
treeBuildBasedOnTriplets_run...
make_isTogetherInTripletAndDeleteExtraTriplets: Finished
maxCut with 17 nodes: Finished
maxCut with 8 nodes: Finished
maxCut with 6 nodes: Finished
maxCut with 9 nodes: Finished
maxCut with 6 nodes: Finished
treeBuildBasedOnTriplets_run...Finished
Saving tree to file...
Saving tree to file...Finished

                            < M A T L A B (R) >
                  Copyright 1984-2017 The MathWorks, Inc.
                   R2017a (9.2.0.538062) 64-bit (glnxa64)
                             February 23, 2017

 
To get started, type one of these: helpwin, helpdesk, or demo.
For product information, visit www.mathworks.com.
 
TreeCmp version build2

Active options:
Type of the analysis:  ref-to-all comparison mode (-r)
Metrics:
  1. MatchingCluster (mc)
  2. R-F_Cluster (rc)
  3. NodalSplitted (ns)
  4. Triples (tt)
  5. MatchingPair (mp)
  6. MAST (mt)
  7. CopheneticL2Metric (co)
Input file: /home/chun/projects/clineage-simulation/analysis/tmc-181848/tmc-005/case-14/reconstructed.newick
Output file: /home/chun/projects/clineage-simulation/analysis/tmc-181848/tmc-005/case-14/scores.raw.out
Additional options:
N - Report normalized distances.
P - Prune compared trees if needed (trees can have different leaf sets).
I - Include summary section in the output file.
-----
2018-06-19 06:08:39: Start of reading random statistics.
2018-06-19 06:08:40: End of reading random statistics.
2018-06-19 06:08:40: Start of scanning input file: /home/chun/projects/clineage-simulation/analysis/tmc-181848/tmc-005/case-14/reconstructed.newick
2018-06-19 06:08:40: End of scanning input file: /home/chun/projects/clineage-simulation/analysis/tmc-181848/tmc-005/case-14/reconstructed.newick
2018-06-19 06:08:40: 1 valid trees found in file: /home/chun/projects/clineage-simulation/analysis/tmc-181848/tmc-005/case-14/reconstructed.newick
2018-06-19 06:08:40: Start of calculation...please wait...
2018-06-19 06:08:40: 0.00% completed...
2018-06-19 06:08:40: 100.00% completed.
2018-06-19 06:08:40: End of calculation.
2018-06-19 06:08:40: Total calculation time: 23 ms.
                              metrics
No                             1.0000
RefTree                        1.0000
Tree                           1.0000
RefTree_taxa                  17.0000
Tree_taxa                     17.0000
Common_taxa                   17.0000
MatchingCluster               18.0000
MatchingCluster_toYuleAvg      0.2785
MatchingCluster_toUnifAvg      0.2476
R-F_Cluster                    5.0000
R-F_Cluster_toYuleAvg          0.3385
R-F_Cluster_toUnifAvg          0.3368
NodalSplitted                 20.2485
NodalSplitted_toYuleAvg        0.4418
NodalSplitted_toUnifAvg        0.3698
Triples                       43.0000
Triples_toYuleAvg              0.0947
Triples_toUnifAvg              0.0946
MatchingPair                  21.0000
MatchingPair_toYuleAvg         0.2248
MatchingPair_toUnifAvg         0.2283
MAST                           5.0000
MAST_toYuleAvg                 0.4598
MAST_toUnifAvg                 0.4567
CopheneticL2Metric            10.4403
CopheneticL2Metric_toYuleAvg   0.2907
CopheneticL2Metric_toUnifAvg   0.2526

                 Name        Avg  Std        Min        Max  Count
0     MatchingCluster  18.000000  0.0  18.000000  18.000000      1
1         R-F_Cluster   5.000000  0.0   5.000000   5.000000      1
2       NodalSplitted  20.248457  0.0  20.248457  20.248457      1
3             Triples  43.000000  0.0  43.000000  43.000000      1
4        MatchingPair  21.000000  0.0  21.000000  21.000000      1
5                MAST   5.000000  0.0   5.000000   5.000000      1
6  CopheneticL2Metric  10.440307  0.0  10.440307  10.440307      1
