
                            < M A T L A B (R) >
                  Copyright 1984-2017 The MathWorks, Inc.
                   R2017a (9.2.0.538062) 64-bit (glnxa64)
                             February 23, 2017

 
To get started, type one of these: helpwin, helpdesk, or demo.
For product information, visit www.mathworks.com.
 
Running "Run1", Seed: 181848
 *** Finished Simulation Run ***

config-19.json #############################################

[#.........] | Progress: 1 | Time: 0.0s | ETA: --[.#........] | Progress: 160 | Time: 0.1s | ETA: --[..#.......] | Progress: 320 | Time: 0.1s | ETA: --[...#......] | Progress: 479 | Time: 0.2s | ETA: --[....#.....] | Progress: 638 | Time: 0.2s | ETA: --[.....#....] | Progress: 795 | Time: 0.3s | ETA: --[......#...] | Progress: 951 | Time: 0.3s | ETA: --[##########] | Progress: 1031 | Time: 0.3s | ETA: --fit<>, fid</home/chun/projects/clineage-simulation/analysis/tmc-181848/tmc-005/case-19/triplets-list.raw.txt>, flg<treeReconstruction.log>, frt<resTree.tree>, frtN</home/chun/projects/clineage-simulation/analysis/tmc-181848/tmc-005/case-19/reconstructed.tmp.newick>, fsd<qqq.dat>, fst<simul.tree>, -->index=2
Read triplets from file...
Read triplets from file...Finished
N_triplets = 1012, idMaxFound = 22
treeBuildBasedOnTriplets_run...
make_isTogetherInTripletAndDeleteExtraTriplets: Finished
maxCut with 22 nodes: Finished
maxCut with 19 nodes: Finished
maxCut with 7 nodes: Finished
maxCut with 6 nodes: Finished
maxCut with 12 nodes: Finished
maxCut with 7 nodes: Finished
maxCut with 4 nodes: Finished
maxCut with 5 nodes: Finished
treeBuildBasedOnTriplets_run...Finished
Saving tree to file...
Saving tree to file...Finished

                            < M A T L A B (R) >
                  Copyright 1984-2017 The MathWorks, Inc.
                   R2017a (9.2.0.538062) 64-bit (glnxa64)
                             February 23, 2017

 
To get started, type one of these: helpwin, helpdesk, or demo.
For product information, visit www.mathworks.com.
 
TreeCmp version build2

Active options:
Type of the analysis:  ref-to-all comparison mode (-r)
Metrics:
  1. MatchingCluster (mc)
  2. R-F_Cluster (rc)
  3. NodalSplitted (ns)
  4. Triples (tt)
  5. MatchingPair (mp)
  6. MAST (mt)
  7. CopheneticL2Metric (co)
Input file: /home/chun/projects/clineage-simulation/analysis/tmc-181848/tmc-005/case-19/reconstructed.newick
Output file: /home/chun/projects/clineage-simulation/analysis/tmc-181848/tmc-005/case-19/scores.raw.out
Additional options:
N - Report normalized distances.
P - Prune compared trees if needed (trees can have different leaf sets).
I - Include summary section in the output file.
-----
2018-06-19 06:08:38: Start of reading random statistics.
2018-06-19 06:08:38: End of reading random statistics.
2018-06-19 06:08:38: Start of scanning input file: /home/chun/projects/clineage-simulation/analysis/tmc-181848/tmc-005/case-19/reconstructed.newick
2018-06-19 06:08:38: End of scanning input file: /home/chun/projects/clineage-simulation/analysis/tmc-181848/tmc-005/case-19/reconstructed.newick
2018-06-19 06:08:38: 1 valid trees found in file: /home/chun/projects/clineage-simulation/analysis/tmc-181848/tmc-005/case-19/reconstructed.newick
2018-06-19 06:08:38: Start of calculation...please wait...
2018-06-19 06:08:38: 0.00% completed...
2018-06-19 06:08:38: 100.00% completed.
2018-06-19 06:08:38: End of calculation.
2018-06-19 06:08:38: Total calculation time: 31 ms.
                               metrics
No                              1.0000
RefTree                         1.0000
Tree                            1.0000
RefTree_taxa                   22.0000
Tree_taxa                      22.0000
Common_taxa                    22.0000
MatchingCluster                47.0000
MatchingCluster_toYuleAvg       0.4756
MatchingCluster_toUnifAvg       0.4058
R-F_Cluster                    11.5000
R-F_Cluster_toYuleAvg           0.5817
R-F_Cluster_toUnifAvg           0.5791
NodalSplitted                  39.8121
NodalSplitted_toYuleAvg         0.5977
NodalSplitted_toUnifAvg         0.4679
Triples                       645.0000
Triples_toYuleAvg               0.6286
Triples_toUnifAvg               0.6267
MatchingPair                  117.0000
MatchingPair_toYuleAvg          0.7102
MatchingPair_toUnifAvg          0.7226
MAST                           12.0000
MAST_toYuleAvg                  0.8001
MAST_toUnifAvg                  0.7943
CopheneticL2Metric             23.4307
CopheneticL2Metric_toYuleAvg    0.4610
CopheneticL2Metric_toUnifAvg    0.3734

                 Name         Avg  Std         Min         Max  Count
0     MatchingCluster   47.000000  0.0   47.000000   47.000000      1
1         R-F_Cluster   11.500000  0.0   11.500000   11.500000      1
2       NodalSplitted   39.812058  0.0   39.812058   39.812058      1
3             Triples  645.000000  0.0  645.000000  645.000000      1
4        MatchingPair  117.000000  0.0  117.000000  117.000000      1
5                MAST   12.000000  0.0   12.000000   12.000000      1
6  CopheneticL2Metric   23.430749  0.0   23.430749   23.430749      1
