
                            < M A T L A B (R) >
                  Copyright 1984-2017 The MathWorks, Inc.
                   R2017a (9.2.0.538062) 64-bit (glnxa64)
                             February 23, 2017

 
To get started, type one of these: helpwin, helpdesk, or demo.
For product information, visit www.mathworks.com.
 
Running "Run1", Seed: 181848
 *** Finished Simulation Run ***

config-13.json #############################################

[#.........] | Progress: 1 | Time: 0.0s | ETA: --[.#........] | Progress: 159 | Time: 0.1s | ETA: --[..#.......] | Progress: 315 | Time: 0.1s | ETA: --[##########] | Progress: 390 | Time: 0.1s | ETA: --fit<>, fid</home/chun/projects/clineage-simulation/analysis/tmc-181848/tmc-005/case-13/triplets-list.raw.txt>, flg<treeReconstruction.log>, frt<resTree.tree>, frtN</home/chun/projects/clineage-simulation/analysis/tmc-181848/tmc-005/case-13/reconstructed.tmp.newick>, fsd<qqq.dat>, fst<simul.tree>, -->index=2
Read triplets from file...
Read triplets from file...Finished
N_triplets = 390, idMaxFound = 16
treeBuildBasedOnTriplets_run...
make_isTogetherInTripletAndDeleteExtraTriplets: Finished
maxCut with 16 nodes: Finished
maxCut with 11 nodes: Finished
maxCut with 6 nodes: Finished
treeBuildBasedOnTriplets_run...Finished
Saving tree to file...
Saving tree to file...Finished

                            < M A T L A B (R) >
                  Copyright 1984-2017 The MathWorks, Inc.
                   R2017a (9.2.0.538062) 64-bit (glnxa64)
                             February 23, 2017

 
To get started, type one of these: helpwin, helpdesk, or demo.
For product information, visit www.mathworks.com.
 
TreeCmp version build2

Active options:
Type of the analysis:  ref-to-all comparison mode (-r)
Metrics:
  1. MatchingCluster (mc)
  2. R-F_Cluster (rc)
  3. NodalSplitted (ns)
  4. Triples (tt)
  5. MatchingPair (mp)
  6. MAST (mt)
  7. CopheneticL2Metric (co)
Input file: /home/chun/projects/clineage-simulation/analysis/tmc-181848/tmc-005/case-13/reconstructed.newick
Output file: /home/chun/projects/clineage-simulation/analysis/tmc-181848/tmc-005/case-13/scores.raw.out
Additional options:
N - Report normalized distances.
P - Prune compared trees if needed (trees can have different leaf sets).
I - Include summary section in the output file.
-----
2018-06-19 06:08:37: Start of reading random statistics.
2018-06-19 06:08:37: End of reading random statistics.
2018-06-19 06:08:37: Start of scanning input file: /home/chun/projects/clineage-simulation/analysis/tmc-181848/tmc-005/case-13/reconstructed.newick
2018-06-19 06:08:37: End of scanning input file: /home/chun/projects/clineage-simulation/analysis/tmc-181848/tmc-005/case-13/reconstructed.newick
2018-06-19 06:08:37: 1 valid trees found in file: /home/chun/projects/clineage-simulation/analysis/tmc-181848/tmc-005/case-13/reconstructed.newick
2018-06-19 06:08:37: Start of calculation...please wait...
2018-06-19 06:08:37: 0.00% completed...
2018-06-19 06:08:37: 100.00% completed.
2018-06-19 06:08:37: End of calculation.
2018-06-19 06:08:37: Total calculation time: 24 ms.
                               metrics
No                              1.0000
RefTree                         1.0000
Tree                            1.0000
RefTree_taxa                   16.0000
Tree_taxa                      16.0000
Common_taxa                    16.0000
MatchingCluster                25.0000
MatchingCluster_toYuleAvg       0.4278
MatchingCluster_toUnifAvg       0.3872
R-F_Cluster                     5.0000
R-F_Cluster_toYuleAvg           0.3631
R-F_Cluster_toUnifAvg           0.3617
NodalSplitted                  21.4243
NodalSplitted_toYuleAvg         0.5090
NodalSplitted_toUnifAvg         0.4353
Triples                       181.0000
Triples_toYuleAvg               0.4851
Triples_toUnifAvg               0.4863
MatchingPair                   50.0000
MatchingPair_toYuleAvg          0.6123
MatchingPair_toUnifAvg          0.6247
MAST                            5.0000
MAST_toYuleAvg                  0.4968
MAST_toUnifAvg                  0.4938
CopheneticL2Metric             12.3288
CopheneticL2Metric_toYuleAvg    0.3751
CopheneticL2Metric_toUnifAvg    0.3315

                 Name         Avg  Std         Min         Max  Count
0     MatchingCluster   25.000000  0.0   25.000000   25.000000      1
1         R-F_Cluster    5.000000  0.0    5.000000    5.000000      1
2       NodalSplitted   21.424285  0.0   21.424285   21.424285      1
3             Triples  181.000000  0.0  181.000000  181.000000      1
4        MatchingPair   50.000000  0.0   50.000000   50.000000      1
5                MAST    5.000000  0.0    5.000000    5.000000      1
6  CopheneticL2Metric   12.328828  0.0   12.328828   12.328828      1
