                               metrics
No                              1.0000
RefTree                         1.0000
Tree                            1.0000
RefTree_taxa                   14.0000
Tree_taxa                      14.0000
Common_taxa                    14.0000
MatchingCluster                28.0000
MatchingCluster_toYuleAvg       0.5994
MatchingCluster_toUnifAvg       0.5550
R-F_Cluster                     9.5000
R-F_Cluster_toYuleAvg           0.8067
R-F_Cluster_toUnifAvg           0.8041
NodalSplitted                  21.4009
NodalSplitted_toYuleAvg         0.6159
NodalSplitted_toUnifAvg         0.5481
Triples                       121.0000
Triples_toYuleAvg               0.4980
Triples_toUnifAvg               0.4992
MatchingPair                   38.0000
MatchingPair_toYuleAvg          0.6320
MatchingPair_toUnifAvg          0.6434
MAST                            8.0000
MAST_toYuleAvg                  0.9430
MAST_toUnifAvg                  0.9338
CopheneticL2Metric             13.5647
CopheneticL2Metric_toYuleAvg    0.4955
CopheneticL2Metric_toUnifAvg    0.4446

                 Name         Avg  Std         Min         Max  Count
0     MatchingCluster   28.000000  0.0   28.000000   28.000000      1
1         R-F_Cluster    9.500000  0.0    9.500000    9.500000      1
2       NodalSplitted   21.400935  0.0   21.400935   21.400935      1
3             Triples  121.000000  0.0  121.000000  121.000000      1
4        MatchingPair   38.000000  0.0   38.000000   38.000000      1
5                MAST    8.000000  0.0    8.000000    8.000000      1
6  CopheneticL2Metric   13.564660  0.0   13.564660   13.564660      1
