                              metrics
No                             1.0000
RefTree                        1.0000
Tree                           1.0000
RefTree_taxa                  13.0000
Tree_taxa                     13.0000
Common_taxa                   13.0000
MatchingCluster               11.0000
MatchingCluster_toYuleAvg      0.2694
MatchingCluster_toUnifAvg      0.2494
R-F_Cluster                    2.0000
R-F_Cluster_toYuleAvg          0.1855
R-F_Cluster_toUnifAvg          0.1848
NodalSplitted                 11.0454
NodalSplitted_toYuleAvg        0.3607
NodalSplitted_toUnifAvg        0.3186
Triples                       26.0000
Triples_toYuleAvg              0.1360
Triples_toUnifAvg              0.1361
MatchingPair                   8.0000
MatchingPair_toYuleAvg         0.1571
MatchingPair_toUnifAvg         0.1598
MAST                           3.0000
MAST_toYuleAvg                 0.3898
MAST_toUnifAvg                 0.3863
CopheneticL2Metric             8.2462
CopheneticL2Metric_toYuleAvg   0.3399
CopheneticL2Metric_toUnifAvg   0.3087

                 Name        Avg  Std        Min        Max  Count
0     MatchingCluster  11.000000  0.0  11.000000  11.000000      1
1         R-F_Cluster   2.000000  0.0   2.000000   2.000000      1
2       NodalSplitted  11.045361  0.0  11.045361  11.045361      1
3             Triples  26.000000  0.0  26.000000  26.000000      1
4        MatchingPair   8.000000  0.0   8.000000   8.000000      1
5                MAST   3.000000  0.0   3.000000   3.000000      1
6  CopheneticL2Metric   8.246211  0.0   8.246211   8.246211      1
