                                metrics
No                               1.0000
RefTree                          1.0000
Tree                             1.0000
RefTree_taxa                    22.0000
Tree_taxa                       22.0000
Common_taxa                     22.0000
MatchingCluster                 80.0000
MatchingCluster_toYuleAvg        0.8095
MatchingCluster_toUnifAvg        0.6908
R-F_Cluster                     13.0000
R-F_Cluster_toYuleAvg            0.6575
R-F_Cluster_toUnifAvg            0.6546
NodalSplitted                   47.7284
NodalSplitted_toYuleAvg          0.7165
NodalSplitted_toUnifAvg          0.5610
Triples                       1027.0000
Triples_toYuleAvg                1.0009
Triples_toUnifAvg                0.9978
MatchingPair                   158.0000
MatchingPair_toYuleAvg           0.9591
MatchingPair_toUnifAvg           0.9758
MAST                            15.0000
MAST_toYuleAvg                   1.0001
MAST_toUnifAvg                   0.9929
CopheneticL2Metric              27.2029
CopheneticL2Metric_toYuleAvg     0.5352
CopheneticL2Metric_toUnifAvg     0.4335

                 Name          Avg  Std          Min          Max  Count
0     MatchingCluster    80.000000  0.0    80.000000    80.000000      1
1         R-F_Cluster    13.000000  0.0    13.000000    13.000000      1
2       NodalSplitted    47.728398  0.0    47.728398    47.728398      1
3             Triples  1027.000000  0.0  1027.000000  1027.000000      1
4        MatchingPair   158.000000  0.0   158.000000   158.000000      1
5                MAST    15.000000  0.0    15.000000    15.000000      1
6  CopheneticL2Metric    27.202941  0.0    27.202941    27.202941      1
