                              metrics
No                             1.0000
RefTree                        1.0000
Tree                           1.0000
RefTree_taxa                   7.0000
Tree_taxa                      7.0000
Common_taxa                    7.0000
MatchingCluster                7.0000
MatchingCluster_toYuleAvg      0.5548
MatchingCluster_toUnifAvg      0.5525
R-F_Cluster                    3.0000
R-F_Cluster_toYuleAvg          0.6386
R-F_Cluster_toUnifAvg          0.6408
NodalSplitted                  6.6332
NodalSplitted_toYuleAvg        0.6047
NodalSplitted_toUnifAvg        0.6022
Triples                       22.0000
Triples_toYuleAvg              0.9383
Triples_toUnifAvg              0.9518
MatchingPair                  12.0000
MatchingPair_toYuleAvg         1.0572
MatchingPair_toUnifAvg         1.0733
MAST                           3.0000
MAST_toYuleAvg                 0.9425
MAST_toUnifAvg                 0.9325
CopheneticL2Metric             4.7958
CopheneticL2Metric_toYuleAvg   0.5247
CopheneticL2Metric_toUnifAvg   0.5142

                 Name        Avg  Std        Min        Max  Count
0     MatchingCluster   7.000000  0.0   7.000000   7.000000      1
1         R-F_Cluster   3.000000  0.0   3.000000   3.000000      1
2       NodalSplitted   6.633250  0.0   6.633250   6.633250      1
3             Triples  22.000000  0.0  22.000000  22.000000      1
4        MatchingPair  12.000000  0.0  12.000000  12.000000      1
5                MAST   3.000000  0.0   3.000000   3.000000      1
6  CopheneticL2Metric   4.795832  0.0   4.795832   4.795832      1
