
                            < M A T L A B (R) >
                  Copyright 1984-2017 The MathWorks, Inc.
                   R2017a (9.2.0.538062) 64-bit (glnxa64)
                             February 23, 2017

 
To get started, type one of these: helpwin, helpdesk, or demo.
For product information, visit www.mathworks.com.
 
Running "Run1", Seed: 263803
 *** Finished Simulation Run ***

config-11.json #############################################

[#.........] | Progress: 1 | Time: 0.0s | ETA: --[.#........] | Progress: 29 | Time: 0.1s | ETA: --[..#.......] | Progress: 58 | Time: 0.1s | ETA: --[...#......] | Progress: 87 | Time: 0.2s | ETA: --[....#.....] | Progress: 116 | Time: 0.2s | ETA: --[.....#....] | Progress: 145 | Time: 0.3s | ETA: --[......#...] | Progress: 174 | Time: 0.3s | ETA: --[.......#..] | Progress: 203 | Time: 0.4s | ETA: --[........#.] | Progress: 232 | Time: 0.4s | ETA: --[##########] | Progress: 257 | Time: 0.5s | ETA: --fit<>, fid</home/chun/projects/clineage-simulation/analysis/tmc-263803/tmc-008/case-11/triplets-list.raw.txt>, flg<treeReconstruction.log>, frt<resTree.tree>, frtN</home/chun/projects/clineage-simulation/analysis/tmc-263803/tmc-008/case-11/reconstructed.tmp.newick>, fsd<qqq.dat>, fst<simul.tree>, -->index=2
Read triplets from file...
Read triplets from file...Finished
N_triplets = 257, idMaxFound = 14
treeBuildBasedOnTriplets_run...
make_isTogetherInTripletAndDeleteExtraTriplets: Finished
maxCut with 14 nodes: Finished
maxCut with 12 nodes: Finished
treeBuildBasedOnTriplets_run...Finished
Saving tree to file...
Saving tree to file...Finished

                            < M A T L A B (R) >
                  Copyright 1984-2017 The MathWorks, Inc.
                   R2017a (9.2.0.538062) 64-bit (glnxa64)
                             February 23, 2017

 
To get started, type one of these: helpwin, helpdesk, or demo.
For product information, visit www.mathworks.com.
 
TreeCmp version build2

Active options:
Type of the analysis:  ref-to-all comparison mode (-r)
Metrics:
  1. MatchingCluster (mc)
  2. R-F_Cluster (rc)
  3. NodalSplitted (ns)
  4. Triples (tt)
  5. MatchingPair (mp)
  6. MAST (mt)
  7. CopheneticL2Metric (co)
Input file: /home/chun/projects/clineage-simulation/analysis/tmc-263803/tmc-008/case-11/reconstructed.newick
Output file: /home/chun/projects/clineage-simulation/analysis/tmc-263803/tmc-008/case-11/scores.raw.out
Additional options:
N - Report normalized distances.
P - Prune compared trees if needed (trees can have different leaf sets).
I - Include summary section in the output file.
-----
2018-06-19 06:29:52: Start of reading random statistics.
2018-06-19 06:29:52: End of reading random statistics.
2018-06-19 06:29:52: Start of scanning input file: /home/chun/projects/clineage-simulation/analysis/tmc-263803/tmc-008/case-11/reconstructed.newick
2018-06-19 06:29:52: End of scanning input file: /home/chun/projects/clineage-simulation/analysis/tmc-263803/tmc-008/case-11/reconstructed.newick
2018-06-19 06:29:52: 1 valid trees found in file: /home/chun/projects/clineage-simulation/analysis/tmc-263803/tmc-008/case-11/reconstructed.newick
2018-06-19 06:29:52: Start of calculation...please wait...
2018-06-19 06:29:52: 0.00% completed...
2018-06-19 06:29:52: 100.00% completed.
2018-06-19 06:29:52: End of calculation.
2018-06-19 06:29:52: Total calculation time: 20 ms.
                              metrics
No                             1.0000
RefTree                        1.0000
Tree                           1.0000
RefTree_taxa                  14.0000
Tree_taxa                     14.0000
Common_taxa                   14.0000
MatchingCluster                2.0000
MatchingCluster_toYuleAvg      0.0428
MatchingCluster_toUnifAvg      0.0396
R-F_Cluster                    0.5000
R-F_Cluster_toYuleAvg          0.0425
R-F_Cluster_toUnifAvg          0.0423
NodalSplitted                  4.8990
NodalSplitted_toYuleAvg        0.1410
NodalSplitted_toUnifAvg        0.1255
Triples                        1.0000
Triples_toYuleAvg              0.0041
Triples_toUnifAvg              0.0041
MatchingPair                   1.0000
MatchingPair_toYuleAvg         0.0166
MatchingPair_toUnifAvg         0.0169
MAST                           1.0000
MAST_toYuleAvg                 0.1179
MAST_toUnifAvg                 0.1167
CopheneticL2Metric             1.7321
CopheneticL2Metric_toYuleAvg   0.0633
CopheneticL2Metric_toUnifAvg   0.0568

                 Name       Avg  Std       Min       Max  Count
0     MatchingCluster  2.000000  0.0  2.000000  2.000000      1
1         R-F_Cluster  0.500000  0.0  0.500000  0.500000      1
2       NodalSplitted  4.898979  0.0  4.898979  4.898979      1
3             Triples  1.000000  0.0  1.000000  1.000000      1
4        MatchingPair  1.000000  0.0  1.000000  1.000000      1
5                MAST  1.000000  0.0  1.000000  1.000000      1
6  CopheneticL2Metric  1.732051  0.0  1.732051  1.732051      1
