
                            < M A T L A B (R) >
                  Copyright 1984-2017 The MathWorks, Inc.
                   R2017a (9.2.0.538062) 64-bit (glnxa64)
                             February 23, 2017

 
To get started, type one of these: helpwin, helpdesk, or demo.
For product information, visit www.mathworks.com.
 
Running "Run1", Seed: 263803
 *** Finished Simulation Run ***

config-13.json #############################################

[#.........] | Progress: 1 | Time: 0.0s | ETA: --[.#........] | Progress: 28 | Time: 0.1s | ETA: --[..#.......] | Progress: 55 | Time: 0.1s | ETA: --[...#......] | Progress: 82 | Time: 0.2s | ETA: --[....#.....] | Progress: 109 | Time: 0.2s | ETA: --[.....#....] | Progress: 136 | Time: 0.3s | ETA: --[......#...] | Progress: 164 | Time: 0.3s | ETA: --[.......#..] | Progress: 192 | Time: 0.4s | ETA: --[........#.] | Progress: 219 | Time: 0.4s | ETA: --[.........#] | Progress: 246 | Time: 0.5s | ETA: --[........#.] | Progress: 273 | Time: 0.5s | ETA: --[.......#..] | Progress: 300 | Time: 0.6s | ETA: --[......#...] | Progress: 327 | Time: 0.6s | ETA: --[.....#....] | Progress: 354 | Time: 0.7s | ETA: --[....#.....] | Progress: 381 | Time: 0.7s | ETA: --[##########] | Progress: 390 | Time: 0.7s | ETA: --fit<>, fid</home/chun/projects/clineage-simulation/analysis/tmc-263803/tmc-008/case-13/triplets-list.raw.txt>, flg<treeReconstruction.log>, frt<resTree.tree>, frtN</home/chun/projects/clineage-simulation/analysis/tmc-263803/tmc-008/case-13/reconstructed.tmp.newick>, fsd<qqq.dat>, fst<simul.tree>, -->index=2
Read triplets from file...
Read triplets from file...Finished
N_triplets = 390, idMaxFound = 16
treeBuildBasedOnTriplets_run...
make_isTogetherInTripletAndDeleteExtraTriplets: Finished
maxCut with 16 nodes: Finished
maxCut with 14 nodes: Finished
maxCut with 10 nodes: Finished
maxCut with 6 nodes: Finished
treeBuildBasedOnTriplets_run...Finished
Saving tree to file...
Saving tree to file...Finished

                            < M A T L A B (R) >
                  Copyright 1984-2017 The MathWorks, Inc.
                   R2017a (9.2.0.538062) 64-bit (glnxa64)
                             February 23, 2017

 
To get started, type one of these: helpwin, helpdesk, or demo.
For product information, visit www.mathworks.com.
 
TreeCmp version build2

Active options:
Type of the analysis:  ref-to-all comparison mode (-r)
Metrics:
  1. MatchingCluster (mc)
  2. R-F_Cluster (rc)
  3. NodalSplitted (ns)
  4. Triples (tt)
  5. MatchingPair (mp)
  6. MAST (mt)
  7. CopheneticL2Metric (co)
Input file: /home/chun/projects/clineage-simulation/analysis/tmc-263803/tmc-008/case-13/reconstructed.newick
Output file: /home/chun/projects/clineage-simulation/analysis/tmc-263803/tmc-008/case-13/scores.raw.out
Additional options:
N - Report normalized distances.
P - Prune compared trees if needed (trees can have different leaf sets).
I - Include summary section in the output file.
-----
2018-06-19 06:29:57: Start of reading random statistics.
2018-06-19 06:29:57: End of reading random statistics.
2018-06-19 06:29:57: Start of scanning input file: /home/chun/projects/clineage-simulation/analysis/tmc-263803/tmc-008/case-13/reconstructed.newick
2018-06-19 06:29:57: End of scanning input file: /home/chun/projects/clineage-simulation/analysis/tmc-263803/tmc-008/case-13/reconstructed.newick
2018-06-19 06:29:57: 1 valid trees found in file: /home/chun/projects/clineage-simulation/analysis/tmc-263803/tmc-008/case-13/reconstructed.newick
2018-06-19 06:29:57: Start of calculation...please wait...
2018-06-19 06:29:57: 0.00% completed...
2018-06-19 06:29:57: 100.00% completed.
2018-06-19 06:29:57: End of calculation.
2018-06-19 06:29:57: Total calculation time: 26 ms.
                              metrics
No                             1.0000
RefTree                        1.0000
Tree                           1.0000
RefTree_taxa                  16.0000
Tree_taxa                     16.0000
Common_taxa                   16.0000
MatchingCluster                7.0000
MatchingCluster_toYuleAvg      0.1198
MatchingCluster_toUnifAvg      0.1084
R-F_Cluster                    1.5000
R-F_Cluster_toYuleAvg          0.1089
R-F_Cluster_toUnifAvg          0.1085
NodalSplitted                  9.7468
NodalSplitted_toYuleAvg        0.2316
NodalSplitted_toUnifAvg        0.1980
Triples                        8.0000
Triples_toYuleAvg              0.0214
Triples_toUnifAvg              0.0215
MatchingPair                   6.0000
MatchingPair_toYuleAvg         0.0735
MatchingPair_toUnifAvg         0.0750
MAST                           2.0000
MAST_toYuleAvg                 0.1987
MAST_toUnifAvg                 0.1975
CopheneticL2Metric             4.1231
CopheneticL2Metric_toYuleAvg   0.1255
CopheneticL2Metric_toUnifAvg   0.1109

                 Name       Avg  Std       Min       Max  Count
0     MatchingCluster  7.000000  0.0  7.000000  7.000000      1
1         R-F_Cluster  1.500000  0.0  1.500000  1.500000      1
2       NodalSplitted  9.746794  0.0  9.746794  9.746794      1
3             Triples  8.000000  0.0  8.000000  8.000000      1
4        MatchingPair  6.000000  0.0  6.000000  6.000000      1
5                MAST  2.000000  0.0  2.000000  2.000000      1
6  CopheneticL2Metric  4.123106  0.0  4.123106  4.123106      1
