
                            < M A T L A B (R) >
                  Copyright 1984-2017 The MathWorks, Inc.
                   R2017a (9.2.0.538062) 64-bit (glnxa64)
                             February 23, 2017

 
To get started, type one of these: helpwin, helpdesk, or demo.
For product information, visit www.mathworks.com.
 
Running "Run1", Seed: 263803
 *** Finished Simulation Run ***

config-14.json #############################################

[#.........] | Progress: 1 | Time: 0.0s | ETA: --[.#........] | Progress: 31 | Time: 0.1s | ETA: --[..#.......] | Progress: 62 | Time: 0.1s | ETA: --[...#......] | Progress: 93 | Time: 0.2s | ETA: --[....#.....] | Progress: 124 | Time: 0.2s | ETA: --[.....#....] | Progress: 156 | Time: 0.3s | ETA: --[......#...] | Progress: 187 | Time: 0.3s | ETA: --[.......#..] | Progress: 218 | Time: 0.4s | ETA: --[........#.] | Progress: 250 | Time: 0.4s | ETA: --[.........#] | Progress: 281 | Time: 0.5s | ETA: --[........#.] | Progress: 312 | Time: 0.5s | ETA: --[.......#..] | Progress: 344 | Time: 0.6s | ETA: --[......#...] | Progress: 376 | Time: 0.6s | ETA: --[.....#....] | Progress: 408 | Time: 0.7s | ETA: --[....#.....] | Progress: 429 | Time: 0.7s | ETA: --[...#......] | Progress: 448 | Time: 0.8s | ETA: --[..#.......] | Progress: 467 | Time: 0.8s | ETA: --[##########] | Progress: 471 | Time: 0.8s | ETA: --fit<>, fid</home/chun/projects/clineage-simulation/analysis/tmc-263803/tmc-008/case-14/triplets-list.raw.txt>, flg<treeReconstruction.log>, frt<resTree.tree>, frtN</home/chun/projects/clineage-simulation/analysis/tmc-263803/tmc-008/case-14/reconstructed.tmp.newick>, fsd<qqq.dat>, fst<simul.tree>, -->index=2
Read triplets from file...
Read triplets from file...Finished
N_triplets = 471, idMaxFound = 17
treeBuildBasedOnTriplets_run...
make_isTogetherInTripletAndDeleteExtraTriplets: Finished
maxCut with 17 nodes: Finished
maxCut with 14 nodes: Finished
maxCut with 10 nodes: Finished
treeBuildBasedOnTriplets_run...Finished
Saving tree to file...
Saving tree to file...Finished

                            < M A T L A B (R) >
                  Copyright 1984-2017 The MathWorks, Inc.
                   R2017a (9.2.0.538062) 64-bit (glnxa64)
                             February 23, 2017

 
To get started, type one of these: helpwin, helpdesk, or demo.
For product information, visit www.mathworks.com.
 
TreeCmp version build2

Active options:
Type of the analysis:  ref-to-all comparison mode (-r)
Metrics:
  1. MatchingCluster (mc)
  2. R-F_Cluster (rc)
  3. NodalSplitted (ns)
  4. Triples (tt)
  5. MatchingPair (mp)
  6. MAST (mt)
  7. CopheneticL2Metric (co)
Input file: /home/chun/projects/clineage-simulation/analysis/tmc-263803/tmc-008/case-14/reconstructed.newick
Output file: /home/chun/projects/clineage-simulation/analysis/tmc-263803/tmc-008/case-14/scores.raw.out
Additional options:
N - Report normalized distances.
P - Prune compared trees if needed (trees can have different leaf sets).
I - Include summary section in the output file.
-----
2018-06-19 06:29:52: Start of reading random statistics.
2018-06-19 06:29:52: End of reading random statistics.
2018-06-19 06:29:52: Start of scanning input file: /home/chun/projects/clineage-simulation/analysis/tmc-263803/tmc-008/case-14/reconstructed.newick
2018-06-19 06:29:52: End of scanning input file: /home/chun/projects/clineage-simulation/analysis/tmc-263803/tmc-008/case-14/reconstructed.newick
2018-06-19 06:29:52: 1 valid trees found in file: /home/chun/projects/clineage-simulation/analysis/tmc-263803/tmc-008/case-14/reconstructed.newick
2018-06-19 06:29:52: Start of calculation...please wait...
2018-06-19 06:29:52: 0.00% completed...
2018-06-19 06:29:52: 100.00% completed.
2018-06-19 06:29:52: End of calculation.
2018-06-19 06:29:52: Total calculation time: 20 ms.
                              metrics
No                             1.0000
RefTree                        1.0000
Tree                           1.0000
RefTree_taxa                  17.0000
Tree_taxa                     17.0000
Common_taxa                   17.0000
MatchingCluster                5.0000
MatchingCluster_toYuleAvg      0.0774
MatchingCluster_toUnifAvg      0.0688
R-F_Cluster                    1.0000
R-F_Cluster_toYuleAvg          0.0677
R-F_Cluster_toUnifAvg          0.0674
NodalSplitted                  8.4853
NodalSplitted_toYuleAvg        0.1851
NodalSplitted_toUnifAvg        0.1550
Triples                        6.0000
Triples_toYuleAvg              0.0132
Triples_toUnifAvg              0.0132
MatchingPair                   5.0000
MatchingPair_toYuleAvg         0.0535
MatchingPair_toUnifAvg         0.0544
MAST                           1.0000
MAST_toYuleAvg                 0.0920
MAST_toUnifAvg                 0.0913
CopheneticL2Metric             3.7417
CopheneticL2Metric_toYuleAvg   0.1042
CopheneticL2Metric_toUnifAvg   0.0905

                 Name       Avg  Std       Min       Max  Count
0     MatchingCluster  5.000000  0.0  5.000000  5.000000      1
1         R-F_Cluster  1.000000  0.0  1.000000  1.000000      1
2       NodalSplitted  8.485281  0.0  8.485281  8.485281      1
3             Triples  6.000000  0.0  6.000000  6.000000      1
4        MatchingPair  5.000000  0.0  5.000000  5.000000      1
5                MAST  1.000000  0.0  1.000000  1.000000      1
6  CopheneticL2Metric  3.741657  0.0  3.741657  3.741657      1
