                               metrics
No                              1.0000
RefTree                         1.0000
Tree                            1.0000
RefTree_taxa                   19.0000
Tree_taxa                      19.0000
Common_taxa                    19.0000
MatchingCluster                27.0000
MatchingCluster_toYuleAvg       0.3482
MatchingCluster_toUnifAvg       0.3038
R-F_Cluster                     4.0000
R-F_Cluster_toYuleAvg           0.2389
R-F_Cluster_toUnifAvg           0.2376
NodalSplitted                  21.2603
NodalSplitted_toYuleAvg         0.3953
NodalSplitted_toUnifAvg         0.3223
Triples                       185.0000
Triples_toYuleAvg               0.2875
Triples_toUnifAvg               0.2861
MatchingPair                   51.0000
MatchingPair_toYuleAvg          0.4261
MatchingPair_toUnifAvg          0.4330
MAST                            7.0000
MAST_toYuleAvg                  0.5593
MAST_toUnifAvg                  0.5550
CopheneticL2Metric             13.9642
CopheneticL2Metric_toYuleAvg    0.3308
CopheneticL2Metric_toUnifAvg    0.2835

                 Name         Avg  Std         Min         Max  Count
0     MatchingCluster   27.000000  0.0   27.000000   27.000000      1
1         R-F_Cluster    4.000000  0.0    4.000000    4.000000      1
2       NodalSplitted   21.260292  0.0   21.260292   21.260292      1
3             Triples  185.000000  0.0  185.000000  185.000000      1
4        MatchingPair   51.000000  0.0   51.000000   51.000000      1
5                MAST    7.000000  0.0    7.000000    7.000000      1
6  CopheneticL2Metric   13.964240  0.0   13.964240   13.964240      1
