                               metrics
No                              1.0000
RefTree                         1.0000
Tree                            1.0000
RefTree_taxa                   12.0000
Tree_taxa                      12.0000
Common_taxa                    12.0000
MatchingCluster                26.0000
MatchingCluster_toYuleAvg       0.7324
MatchingCluster_toUnifAvg       0.6876
R-F_Cluster                     8.5000
R-F_Cluster_toYuleAvg           0.8718
R-F_Cluster_toUnifAvg           0.8683
NodalSplitted                  23.3238
NodalSplitted_toYuleAvg         0.8563
NodalSplitted_toUnifAvg         0.7795
Triples                       107.0000
Triples_toYuleAvg               0.7269
Triples_toUnifAvg               0.7292
MatchingPair                   36.0000
MatchingPair_toYuleAvg          0.8511
MatchingPair_toUnifAvg          0.8624
MAST                            6.0000
MAST_toYuleAvg                  0.8707
MAST_toUnifAvg                  0.8622
CopheneticL2Metric             16.0000
CopheneticL2Metric_toYuleAvg    0.7380
CopheneticL2Metric_toUnifAvg    0.6791

                 Name         Avg  Std         Min         Max  Count
0     MatchingCluster   26.000000  0.0   26.000000   26.000000      1
1         R-F_Cluster    8.500000  0.0    8.500000    8.500000      1
2       NodalSplitted   23.323808  0.0   23.323808   23.323808      1
3             Triples  107.000000  0.0  107.000000  107.000000      1
4        MatchingPair   36.000000  0.0   36.000000   36.000000      1
5                MAST    6.000000  0.0    6.000000    6.000000      1
6  CopheneticL2Metric   16.000000  0.0   16.000000   16.000000      1
