                               metrics
No                              1.0000
RefTree                         1.0000
Tree                            1.0000
RefTree_taxa                   23.0000
Tree_taxa                      23.0000
Common_taxa                    23.0000
MatchingCluster                23.0000
MatchingCluster_toYuleAvg       0.2169
MatchingCluster_toUnifAvg       0.1856
R-F_Cluster                     4.5000
R-F_Cluster_toYuleAvg           0.2166
R-F_Cluster_toUnifAvg           0.2162
NodalSplitted                  19.7990
NodalSplitted_toYuleAvg         0.2807
NodalSplitted_toUnifAvg         0.2209
Triples                       179.0000
Triples_toYuleAvg               0.1515
Triples_toUnifAvg               0.1521
MatchingPair                   32.0000
MatchingPair_toYuleAvg          0.1753
MatchingPair_toUnifAvg          0.1791
MAST                            6.0000
MAST_toYuleAvg                  0.3782
MAST_toUnifAvg                  0.3747
CopheneticL2Metric             12.5300
CopheneticL2Metric_toYuleAvg    0.2313
CopheneticL2Metric_toUnifAvg    0.1856

                 Name         Avg  Std         Min         Max  Count
0     MatchingCluster   23.000000  0.0   23.000000   23.000000      1
1         R-F_Cluster    4.500000  0.0    4.500000    4.500000      1
2       NodalSplitted   19.798990  0.0   19.798990   19.798990      1
3             Triples  179.000000  0.0  179.000000  179.000000      1
4        MatchingPair   32.000000  0.0   32.000000   32.000000      1
5                MAST    6.000000  0.0    6.000000    6.000000      1
6  CopheneticL2Metric   12.529964  0.0   12.529964   12.529964      1
