                               metrics
No                              1.0000
RefTree                         1.0000
Tree                            1.0000
RefTree_taxa                   17.0000
Tree_taxa                      17.0000
Common_taxa                    17.0000
MatchingCluster                37.0000
MatchingCluster_toYuleAvg       0.5724
MatchingCluster_toUnifAvg       0.5090
R-F_Cluster                    13.5000
R-F_Cluster_toYuleAvg           0.9139
R-F_Cluster_toUnifAvg           0.9094
NodalSplitted                  29.5973
NodalSplitted_toYuleAvg         0.6457
NodalSplitted_toUnifAvg         0.5405
Triples                       182.0000
Triples_toYuleAvg               0.4009
Triples_toUnifAvg               0.4002
MatchingPair                   58.0000
MatchingPair_toYuleAvg          0.6208
MatchingPair_toUnifAvg          0.6305
MAST                            8.0000
MAST_toYuleAvg                  0.7357
MAST_toUnifAvg                  0.7307
CopheneticL2Metric             18.5203
CopheneticL2Metric_toYuleAvg    0.5157
CopheneticL2Metric_toUnifAvg    0.4480

                 Name         Avg  Std         Min         Max  Count
0     MatchingCluster   37.000000  0.0   37.000000   37.000000      1
1         R-F_Cluster   13.500000  0.0   13.500000   13.500000      1
2       NodalSplitted   29.597297  0.0   29.597297   29.597297      1
3             Triples  182.000000  0.0  182.000000  182.000000      1
4        MatchingPair   58.000000  0.0   58.000000   58.000000      1
5                MAST    8.000000  0.0    8.000000    8.000000      1
6  CopheneticL2Metric   18.520259  0.0   18.520259   18.520259      1
