                              metrics
No                             1.0000
RefTree                        1.0000
Tree                           1.0000
RefTree_taxa                  15.0000
Tree_taxa                     15.0000
Common_taxa                   15.0000
MatchingCluster                8.0000
MatchingCluster_toYuleAvg      0.1546
MatchingCluster_toUnifAvg      0.1392
R-F_Cluster                    2.5000
R-F_Cluster_toYuleAvg          0.1961
R-F_Cluster_toUnifAvg          0.1951
NodalSplitted                 12.4900
NodalSplitted_toYuleAvg        0.3299
NodalSplitted_toUnifAvg        0.2840
Triples                        7.0000
Triples_toYuleAvg              0.0232
Triples_toUnifAvg              0.0231
MatchingPair                   5.0000
MatchingPair_toYuleAvg         0.0711
MatchingPair_toUnifAvg         0.0721
MAST                           3.0000
MAST_toYuleAvg                 0.3250
MAST_toUnifAvg                 0.3200
CopheneticL2Metric             5.4772
CopheneticL2Metric_toYuleAvg   0.1828
CopheneticL2Metric_toUnifAvg   0.1617

                 Name        Avg  Std        Min        Max  Count
0     MatchingCluster   8.000000  0.0   8.000000   8.000000      1
1         R-F_Cluster   2.500000  0.0   2.500000   2.500000      1
2       NodalSplitted  12.489996  0.0  12.489996  12.489996      1
3             Triples   7.000000  0.0   7.000000   7.000000      1
4        MatchingPair   5.000000  0.0   5.000000   5.000000      1
5                MAST   3.000000  0.0   3.000000   3.000000      1
6  CopheneticL2Metric   5.477226  0.0   5.477226   5.477226      1
