                              metrics
No                             1.0000
RefTree                        1.0000
Tree                           1.0000
RefTree_taxa                  14.0000
Tree_taxa                     14.0000
Common_taxa                   14.0000
MatchingCluster                7.0000
MatchingCluster_toYuleAvg      0.1498
MatchingCluster_toUnifAvg      0.1387
R-F_Cluster                    1.5000
R-F_Cluster_toYuleAvg          0.1274
R-F_Cluster_toUnifAvg          0.1270
NodalSplitted                  8.7750
NodalSplitted_toYuleAvg        0.2525
NodalSplitted_toUnifAvg        0.2247
Triples                        6.0000
Triples_toYuleAvg              0.0247
Triples_toUnifAvg              0.0248
MatchingPair                   5.0000
MatchingPair_toYuleAvg         0.0832
MatchingPair_toUnifAvg         0.0847
MAST                           2.0000
MAST_toYuleAvg                 0.2357
MAST_toUnifAvg                 0.2335
CopheneticL2Metric             4.3589
CopheneticL2Metric_toYuleAvg   0.1592
CopheneticL2Metric_toUnifAvg   0.1429

                 Name       Avg  Std       Min       Max  Count
0     MatchingCluster  7.000000  0.0  7.000000  7.000000      1
1         R-F_Cluster  1.500000  0.0  1.500000  1.500000      1
2       NodalSplitted  8.774964  0.0  8.774964  8.774964      1
3             Triples  6.000000  0.0  6.000000  6.000000      1
4        MatchingPair  5.000000  0.0  5.000000  5.000000      1
5                MAST  2.000000  0.0  2.000000  2.000000      1
6  CopheneticL2Metric  4.358899  0.0  4.358899  4.358899      1
