                              metrics
No                             1.0000
RefTree                        1.0000
Tree                           1.0000
RefTree_taxa                  23.0000
Tree_taxa                     23.0000
Common_taxa                   23.0000
MatchingCluster               11.0000
MatchingCluster_toYuleAvg      0.1037
MatchingCluster_toUnifAvg      0.0888
R-F_Cluster                    2.5000
R-F_Cluster_toYuleAvg          0.1203
R-F_Cluster_toUnifAvg          0.1201
NodalSplitted                 14.9666
NodalSplitted_toYuleAvg        0.2122
NodalSplitted_toUnifAvg        0.1670
Triples                       15.0000
Triples_toYuleAvg              0.0127
Triples_toUnifAvg              0.0127
MatchingPair                   7.0000
MatchingPair_toYuleAvg         0.0383
MatchingPair_toUnifAvg         0.0392
MAST                           4.0000
MAST_toYuleAvg                 0.2521
MAST_toUnifAvg                 0.2498
CopheneticL2Metric             5.9161
CopheneticL2Metric_toYuleAvg   0.1092
CopheneticL2Metric_toUnifAvg   0.0876

                 Name       Avg  Std       Min       Max  Count
0     MatchingCluster  11.00000  0.0  11.00000  11.00000      1
1         R-F_Cluster   2.50000  0.0   2.50000   2.50000      1
2       NodalSplitted  14.96663  0.0  14.96663  14.96663      1
3             Triples  15.00000  0.0  15.00000  15.00000      1
4        MatchingPair   7.00000  0.0   7.00000   7.00000      1
5                MAST   4.00000  0.0   4.00000   4.00000      1
6  CopheneticL2Metric   5.91608  0.0   5.91608   5.91608      1
