                               metrics
No                              1.0000
RefTree                         1.0000
Tree                            1.0000
RefTree_taxa                   21.0000
Tree_taxa                      21.0000
Common_taxa                    21.0000
MatchingCluster                27.0000
MatchingCluster_toYuleAvg       0.2948
MatchingCluster_toUnifAvg       0.2553
R-F_Cluster                     4.5000
R-F_Cluster_toYuleAvg           0.2397
R-F_Cluster_toUnifAvg           0.2387
NodalSplitted                  22.7596
NodalSplitted_toYuleAvg         0.3696
NodalSplitted_toUnifAvg         0.2924
Triples                       150.0000
Triples_toYuleAvg               0.1689
Triples_toUnifAvg               0.1692
MatchingPair                   33.0000
MatchingPair_toYuleAvg          0.2210
MatchingPair_toUnifAvg          0.2254
MAST                            5.0000
MAST_toYuleAvg                  0.3527
MAST_toUnifAvg                  0.3502
CopheneticL2Metric             15.7480
CopheneticL2Metric_toYuleAvg    0.3310
CopheneticL2Metric_toUnifAvg    0.2726

                 Name         Avg  Std         Min         Max  Count
0     MatchingCluster   27.000000  0.0   27.000000   27.000000      1
1         R-F_Cluster    4.500000  0.0    4.500000    4.500000      1
2       NodalSplitted   22.759613  0.0   22.759613   22.759613      1
3             Triples  150.000000  0.0  150.000000  150.000000      1
4        MatchingPair   33.000000  0.0   33.000000   33.000000      1
5                MAST    5.000000  0.0    5.000000    5.000000      1
6  CopheneticL2Metric   15.748016  0.0   15.748016   15.748016      1
