                              metrics
No                             1.0000
RefTree                        1.0000
Tree                           1.0000
RefTree_taxa                   8.0000
Tree_taxa                      8.0000
Common_taxa                    8.0000
MatchingCluster                7.0000
MatchingCluster_toYuleAvg      0.4273
MatchingCluster_toUnifAvg      0.4113
R-F_Cluster                    1.5000
R-F_Cluster_toYuleAvg          0.2625
R-F_Cluster_toUnifAvg          0.2603
NodalSplitted                  6.5574
NodalSplitted_toYuleAvg        0.4778
NodalSplitted_toUnifAvg        0.4535
Triples                        9.0000
Triples_toYuleAvg              0.2432
Triples_toUnifAvg              0.2381
MatchingPair                   5.0000
MatchingPair_toYuleAvg         0.3151
MatchingPair_toUnifAvg         0.3140
MAST                           2.0000
MAST_toYuleAvg                 0.5135
MAST_toUnifAvg                 0.5098
CopheneticL2Metric             5.4772
CopheneticL2Metric_toYuleAvg   0.4807
CopheneticL2Metric_toUnifAvg   0.4640

                 Name       Avg  Std       Min       Max  Count
0     MatchingCluster  7.000000  0.0  7.000000  7.000000      1
1         R-F_Cluster  1.500000  0.0  1.500000  1.500000      1
2       NodalSplitted  6.557439  0.0  6.557439  6.557439      1
3             Triples  9.000000  0.0  9.000000  9.000000      1
4        MatchingPair  5.000000  0.0  5.000000  5.000000      1
5                MAST  2.000000  0.0  2.000000  2.000000      1
6  CopheneticL2Metric  5.477226  0.0  5.477226  5.477226      1
