                              metrics
No                             1.0000
RefTree                        1.0000
Tree                           1.0000
RefTree_taxa                  23.0000
Tree_taxa                     23.0000
Common_taxa                   23.0000
MatchingCluster                6.0000
MatchingCluster_toYuleAvg      0.0566
MatchingCluster_toUnifAvg      0.0484
R-F_Cluster                    1.5000
R-F_Cluster_toYuleAvg          0.0722
R-F_Cluster_toUnifAvg          0.0721
NodalSplitted                 11.2250
NodalSplitted_toYuleAvg        0.1591
NodalSplitted_toUnifAvg        0.1252
Triples                        3.0000
Triples_toYuleAvg              0.0025
Triples_toUnifAvg              0.0025
MatchingPair                   3.0000
MatchingPair_toYuleAvg         0.0164
MatchingPair_toUnifAvg         0.0168
MAST                           3.0000
MAST_toYuleAvg                 0.1891
MAST_toUnifAvg                 0.1873
CopheneticL2Metric             3.0000
CopheneticL2Metric_toYuleAvg   0.0554
CopheneticL2Metric_toUnifAvg   0.0444

                 Name        Avg  Std        Min        Max  Count
0     MatchingCluster   6.000000  0.0   6.000000   6.000000      1
1         R-F_Cluster   1.500000  0.0   1.500000   1.500000      1
2       NodalSplitted  11.224972  0.0  11.224972  11.224972      1
3             Triples   3.000000  0.0   3.000000   3.000000      1
4        MatchingPair   3.000000  0.0   3.000000   3.000000      1
5                MAST   3.000000  0.0   3.000000   3.000000      1
6  CopheneticL2Metric   3.000000  0.0   3.000000   3.000000      1
