                               metrics
No                              1.0000
RefTree                         1.0000
Tree                            1.0000
RefTree_taxa                   21.0000
Tree_taxa                      21.0000
Common_taxa                    21.0000
MatchingCluster                59.0000
MatchingCluster_toYuleAvg       0.6441
MatchingCluster_toUnifAvg       0.5578
R-F_Cluster                    13.5000
R-F_Cluster_toYuleAvg           0.7192
R-F_Cluster_toUnifAvg           0.7162
NodalSplitted                  35.8887
NodalSplitted_toYuleAvg         0.5829
NodalSplitted_toUnifAvg         0.4611
Triples                       564.0000
Triples_toYuleAvg               0.6352
Triples_toUnifAvg               0.6363
MatchingPair                  114.0000
MatchingPair_toYuleAvg          0.7633
MatchingPair_toUnifAvg          0.7788
MAST                           14.0000
MAST_toYuleAvg                  0.9877
MAST_toUnifAvg                  0.9807
CopheneticL2Metric             22.6274
CopheneticL2Metric_toYuleAvg    0.4755
CopheneticL2Metric_toUnifAvg    0.3917

                 Name         Avg  Std         Min         Max  Count
0     MatchingCluster   59.000000  0.0   59.000000   59.000000      1
1         R-F_Cluster   13.500000  0.0   13.500000   13.500000      1
2       NodalSplitted   35.888717  0.0   35.888717   35.888717      1
3             Triples  564.000000  0.0  564.000000  564.000000      1
4        MatchingPair  114.000000  0.0  114.000000  114.000000      1
5                MAST   14.000000  0.0   14.000000   14.000000      1
6  CopheneticL2Metric   22.627417  0.0   22.627417   22.627417      1
