                              metrics
No                             1.0000
RefTree                        1.0000
Tree                           1.0000
RefTree_taxa                   8.0000
Tree_taxa                      8.0000
Common_taxa                    8.0000
MatchingCluster               13.0000
MatchingCluster_toYuleAvg      0.7936
MatchingCluster_toUnifAvg      0.7639
R-F_Cluster                    4.0000
R-F_Cluster_toYuleAvg          0.6999
R-F_Cluster_toUnifAvg          0.6941
NodalSplitted                 10.2470
NodalSplitted_toYuleAvg        0.7467
NodalSplitted_toUnifAvg        0.7087
Triples                       24.0000
Triples_toYuleAvg              0.6487
Triples_toUnifAvg              0.6348
MatchingPair                  14.0000
MatchingPair_toYuleAvg         0.8824
MatchingPair_toUnifAvg         0.8792
MAST                           4.0000
MAST_toYuleAvg                 1.0270
MAST_toUnifAvg                 1.0196
CopheneticL2Metric             7.8740
CopheneticL2Metric_toYuleAvg   0.6910
CopheneticL2Metric_toUnifAvg   0.6670

                 Name        Avg  Std        Min        Max  Count
0     MatchingCluster  13.000000  0.0  13.000000  13.000000      1
1         R-F_Cluster   4.000000  0.0   4.000000   4.000000      1
2       NodalSplitted  10.246951  0.0  10.246951  10.246951      1
3             Triples  24.000000  0.0  24.000000  24.000000      1
4        MatchingPair  14.000000  0.0  14.000000  14.000000      1
5                MAST   4.000000  0.0   4.000000   4.000000      1
6  CopheneticL2Metric   7.874008  0.0   7.874008   7.874008      1
