                                metrics
No                               1.0000
RefTree                          1.0000
Tree                             1.0000
RefTree_taxa                  1972.0000
Tree_taxa                       10.0000
Common_taxa                     10.0000
MatchingCluster                 28.0000
MatchingCluster_toYuleAvg        1.1018
MatchingCluster_toUnifAvg        1.0590
R-F_Cluster                      7.0000
R-F_Cluster_toYuleAvg            0.9044
R-F_Cluster_toUnifAvg            0.9002
NodalSplitted                   21.1660
NodalSplitted_toYuleAvg          1.0453
NodalSplitted_toUnifAvg          0.9834
Triples                         74.0000
Triples_toYuleAvg                0.9231
Triples_toUnifAvg                0.9313
MatchingPair                    26.0000
MatchingPair_toYuleAvg           0.9401
MatchingPair_toUnifAvg           0.9611
MAST                             4.0000
MAST_toYuleAvg                   0.7431
MAST_toUnifAvg                   0.7475
CopheneticL2Metric              18.8149
CopheneticL2Metric_toYuleAvg     1.1489
CopheneticL2Metric_toUnifAvg     1.0958

                 Name        Avg  Std        Min        Max  Count
0     MatchingCluster  28.000000  0.0  28.000000  28.000000      1
1         R-F_Cluster   7.000000  0.0   7.000000   7.000000      1
2       NodalSplitted  21.166010  0.0  21.166010  21.166010      1
3             Triples  74.000000  0.0  74.000000  74.000000      1
4        MatchingPair  26.000000  0.0  26.000000  26.000000      1
5                MAST   4.000000  0.0   4.000000   4.000000      1
6  CopheneticL2Metric  18.814888  0.0  18.814888  18.814888      1
