                               metrics
No                              1.0000
RefTree                         1.0000
Tree                            1.0000
RefTree_taxa                   22.0000
Tree_taxa                      22.0000
Common_taxa                    22.0000
MatchingCluster                77.0000
MatchingCluster_toYuleAvg       0.7792
MatchingCluster_toUnifAvg       0.6649
R-F_Cluster                    13.5000
R-F_Cluster_toYuleAvg           0.6828
R-F_Cluster_toUnifAvg           0.6798
NodalSplitted                  60.3075
NodalSplitted_toYuleAvg         0.9053
NodalSplitted_toUnifAvg         0.7088
Triples                       980.0000
Triples_toYuleAvg               0.9551
Triples_toUnifAvg               0.9522
MatchingPair                  154.0000
MatchingPair_toYuleAvg          0.9348
MatchingPair_toUnifAvg          0.9511
MAST                           15.0000
MAST_toYuleAvg                  1.0001
MAST_toUnifAvg                  0.9929
CopheneticL2Metric             33.6601
CopheneticL2Metric_toYuleAvg    0.6622
CopheneticL2Metric_toUnifAvg    0.5364

                 Name         Avg  Std         Min         Max  Count
0     MatchingCluster   77.000000  0.0   77.000000   77.000000      1
1         R-F_Cluster   13.500000  0.0   13.500000   13.500000      1
2       NodalSplitted   60.307545  0.0   60.307545   60.307545      1
3             Triples  980.000000  0.0  980.000000  980.000000      1
4        MatchingPair  154.000000  0.0  154.000000  154.000000      1
5                MAST   15.000000  0.0   15.000000   15.000000      1
6  CopheneticL2Metric   33.660065  0.0   33.660065   33.660065      1
