                              metrics
No                             1.0000
RefTree                        1.0000
Tree                           1.0000
RefTree_taxa                  22.0000
Tree_taxa                     22.0000
Common_taxa                   22.0000
MatchingCluster               12.0000
MatchingCluster_toYuleAvg      0.1214
MatchingCluster_toUnifAvg      0.1036
R-F_Cluster                    2.5000
R-F_Cluster_toYuleAvg          0.1264
R-F_Cluster_toUnifAvg          0.1259
NodalSplitted                 15.2315
NodalSplitted_toYuleAvg        0.2287
NodalSplitted_toUnifAvg        0.1790
Triples                       13.0000
Triples_toYuleAvg              0.0127
Triples_toUnifAvg              0.0126
MatchingPair                   9.0000
MatchingPair_toYuleAvg         0.0546
MatchingPair_toUnifAvg         0.0556
MAST                           4.0000
MAST_toYuleAvg                 0.2667
MAST_toUnifAvg                 0.2648
CopheneticL2Metric             5.2915
CopheneticL2Metric_toYuleAvg   0.1041
CopheneticL2Metric_toUnifAvg   0.0843

                 Name        Avg  Std        Min        Max  Count
0     MatchingCluster  12.000000  0.0  12.000000  12.000000      1
1         R-F_Cluster   2.500000  0.0   2.500000   2.500000      1
2       NodalSplitted  15.231546  0.0  15.231546  15.231546      1
3             Triples  13.000000  0.0  13.000000  13.000000      1
4        MatchingPair   9.000000  0.0   9.000000   9.000000      1
5                MAST   4.000000  0.0   4.000000   4.000000      1
6  CopheneticL2Metric   5.291503  0.0   5.291503   5.291503      1
