                               metrics
No                              1.0000
RefTree                         1.0000
Tree                            1.0000
RefTree_taxa                   23.0000
Tree_taxa                      23.0000
Common_taxa                    23.0000
MatchingCluster                40.0000
MatchingCluster_toYuleAvg       0.3772
MatchingCluster_toUnifAvg       0.3227
R-F_Cluster                    10.0000
R-F_Cluster_toYuleAvg           0.4813
R-F_Cluster_toUnifAvg           0.4804
NodalSplitted                  32.5269
NodalSplitted_toYuleAvg         0.4611
NodalSplitted_toUnifAvg         0.3628
Triples                       218.0000
Triples_toYuleAvg               0.1845
Triples_toUnifAvg               0.1853
MatchingPair                   53.0000
MatchingPair_toYuleAvg          0.2904
MatchingPair_toUnifAvg          0.2967
MAST                           10.0000
MAST_toYuleAvg                  0.6303
MAST_toUnifAvg                  0.6245
CopheneticL2Metric             15.2315
CopheneticL2Metric_toYuleAvg    0.2812
CopheneticL2Metric_toUnifAvg    0.2256

                 Name         Avg  Std         Min         Max  Count
0     MatchingCluster   40.000000  0.0   40.000000   40.000000      1
1         R-F_Cluster   10.000000  0.0   10.000000   10.000000      1
2       NodalSplitted   32.526912  0.0   32.526912   32.526912      1
3             Triples  218.000000  0.0  218.000000  218.000000      1
4        MatchingPair   53.000000  0.0   53.000000   53.000000      1
5                MAST   10.000000  0.0   10.000000   10.000000      1
6  CopheneticL2Metric   15.231546  0.0   15.231546   15.231546      1
