                              metrics
No                             1.0000
RefTree                        1.0000
Tree                           1.0000
RefTree_taxa                  20.0000
Tree_taxa                     20.0000
Common_taxa                   20.0000
MatchingCluster                8.0000
MatchingCluster_toYuleAvg      0.0939
MatchingCluster_toUnifAvg      0.0822
R-F_Cluster                    2.0000
R-F_Cluster_toYuleAvg          0.1126
R-F_Cluster_toUnifAvg          0.1121
NodalSplitted                 14.3527
NodalSplitted_toYuleAvg        0.2467
NodalSplitted_toUnifAvg        0.1997
Triples                        5.0000
Triples_toYuleAvg              0.0065
Triples_toUnifAvg              0.0066
MatchingPair                   5.0000
MatchingPair_toYuleAvg         0.0372
MatchingPair_toUnifAvg         0.0380
MAST                           3.0000
MAST_toYuleAvg                 0.2249
MAST_toUnifAvg                 0.2230
CopheneticL2Metric             4.7958
CopheneticL2Metric_toYuleAvg   0.1080
CopheneticL2Metric_toUnifAvg   0.0883

                 Name        Avg  Std        Min        Max  Count
0     MatchingCluster   8.000000  0.0   8.000000   8.000000      1
1         R-F_Cluster   2.000000  0.0   2.000000   2.000000      1
2       NodalSplitted  14.352700  0.0  14.352700  14.352700      1
3             Triples   5.000000  0.0   5.000000   5.000000      1
4        MatchingPair   5.000000  0.0   5.000000   5.000000      1
5                MAST   3.000000  0.0   3.000000   3.000000      1
6  CopheneticL2Metric   4.795832  0.0   4.795832   4.795832      1
