                              metrics
No                             1.0000
RefTree                        1.0000
Tree                           1.0000
RefTree_taxa                  13.0000
Tree_taxa                     13.0000
Common_taxa                   13.0000
MatchingCluster               16.0000
MatchingCluster_toYuleAvg      0.3919
MatchingCluster_toUnifAvg      0.3628
R-F_Cluster                    5.5000
R-F_Cluster_toYuleAvg          0.5102
R-F_Cluster_toUnifAvg          0.5082
NodalSplitted                 15.2315
NodalSplitted_toYuleAvg        0.4974
NodalSplitted_toUnifAvg        0.4394
Triples                       27.0000
Triples_toYuleAvg              0.1413
Triples_toUnifAvg              0.1413
MatchingPair                  15.0000
MatchingPair_toYuleAvg         0.2945
MatchingPair_toUnifAvg         0.2995
MAST                           5.0000
MAST_toYuleAvg                 0.6496
MAST_toUnifAvg                 0.6439
CopheneticL2Metric             7.4162
CopheneticL2Metric_toYuleAvg   0.3057
CopheneticL2Metric_toUnifAvg   0.2776

                 Name        Avg  Std        Min        Max  Count
0     MatchingCluster  16.000000  0.0  16.000000  16.000000      1
1         R-F_Cluster   5.500000  0.0   5.500000   5.500000      1
2       NodalSplitted  15.231546  0.0  15.231546  15.231546      1
3             Triples  27.000000  0.0  27.000000  27.000000      1
4        MatchingPair  15.000000  0.0  15.000000  15.000000      1
5                MAST   5.000000  0.0   5.000000   5.000000      1
6  CopheneticL2Metric   7.416198  0.0   7.416198   7.416198      1
