                              metrics
No                             1.0000
RefTree                        1.0000
Tree                           1.0000
RefTree_taxa                   9.0000
Tree_taxa                      9.0000
Common_taxa                    9.0000
MatchingCluster                7.0000
MatchingCluster_toYuleAvg      0.3406
MatchingCluster_toUnifAvg      0.3280
R-F_Cluster                    2.0000
R-F_Cluster_toYuleAvg          0.3001
R-F_Cluster_toUnifAvg          0.2965
NodalSplitted                  6.6332
NodalSplitted_toYuleAvg        0.3921
NodalSplitted_toUnifAvg        0.3722
Triples                        5.0000
Triples_toYuleAvg              0.0894
Triples_toUnifAvg              0.0899
MatchingPair                   5.0000
MatchingPair_toYuleAvg         0.2359
MatchingPair_toUnifAvg         0.2390
MAST                           2.0000
MAST_toYuleAvg                 0.4361
MAST_toUnifAvg                 0.4292
CopheneticL2Metric             4.4721
CopheneticL2Metric_toYuleAvg   0.3202
CopheneticL2Metric_toUnifAvg   0.3088

                 Name       Avg  Std       Min       Max  Count
0     MatchingCluster  7.000000  0.0  7.000000  7.000000      1
1         R-F_Cluster  2.000000  0.0  2.000000  2.000000      1
2       NodalSplitted  6.633250  0.0  6.633250  6.633250      1
3             Triples  5.000000  0.0  5.000000  5.000000      1
4        MatchingPair  5.000000  0.0  5.000000  5.000000      1
5                MAST  2.000000  0.0  2.000000  2.000000      1
6  CopheneticL2Metric  4.472136  0.0  4.472136  4.472136      1
