                              metrics
No                             1.0000
RefTree                        1.0000
Tree                           1.0000
RefTree_taxa                  19.0000
Tree_taxa                     19.0000
Common_taxa                   19.0000
MatchingCluster               21.0000
MatchingCluster_toYuleAvg      0.2708
MatchingCluster_toUnifAvg      0.2363
R-F_Cluster                    5.5000
R-F_Cluster_toYuleAvg          0.3284
R-F_Cluster_toUnifAvg          0.3267
NodalSplitted                 22.7596
NodalSplitted_toYuleAvg        0.4232
NodalSplitted_toUnifAvg        0.3450
Triples                       42.0000
Triples_toYuleAvg              0.0653
Triples_toUnifAvg              0.0650
MatchingPair                  19.0000
MatchingPair_toYuleAvg         0.1588
MatchingPair_toUnifAvg         0.1613
MAST                           6.0000
MAST_toYuleAvg                 0.4794
MAST_toUnifAvg                 0.4757
CopheneticL2Metric            11.4018
CopheneticL2Metric_toYuleAvg   0.2701
CopheneticL2Metric_toUnifAvg   0.2315

                 Name        Avg  Std        Min        Max  Count
0     MatchingCluster  21.000000  0.0  21.000000  21.000000      1
1         R-F_Cluster   5.500000  0.0   5.500000   5.500000      1
2       NodalSplitted  22.759613  0.0  22.759613  22.759613      1
3             Triples  42.000000  0.0  42.000000  42.000000      1
4        MatchingPair  19.000000  0.0  19.000000  19.000000      1
5                MAST   6.000000  0.0   6.000000   6.000000      1
6  CopheneticL2Metric  11.401754  0.0  11.401754  11.401754      1
