                              metrics
No                             1.0000
RefTree                        1.0000
Tree                           1.0000
RefTree_taxa                  21.0000
Tree_taxa                     21.0000
Common_taxa                   21.0000
MatchingCluster               21.0000
MatchingCluster_toYuleAvg      0.2293
MatchingCluster_toUnifAvg      0.1985
R-F_Cluster                    4.5000
R-F_Cluster_toYuleAvg          0.2397
R-F_Cluster_toUnifAvg          0.2387
NodalSplitted                 20.8327
NodalSplitted_toYuleAvg        0.3383
NodalSplitted_toUnifAvg        0.2677
Triples                       96.0000
Triples_toYuleAvg              0.1081
Triples_toUnifAvg              0.1083
MatchingPair                  23.0000
MatchingPair_toYuleAvg         0.1540
MatchingPair_toUnifAvg         0.1571
MAST                           5.0000
MAST_toYuleAvg                 0.3527
MAST_toUnifAvg                 0.3502
CopheneticL2Metric            12.9615
CopheneticL2Metric_toYuleAvg   0.2724
CopheneticL2Metric_toUnifAvg   0.2244

                 Name        Avg  Std        Min        Max  Count
0     MatchingCluster  21.000000  0.0  21.000000  21.000000      1
1         R-F_Cluster   4.500000  0.0   4.500000   4.500000      1
2       NodalSplitted  20.832667  0.0  20.832667  20.832667      1
3             Triples  96.000000  0.0  96.000000  96.000000      1
4        MatchingPair  23.000000  0.0  23.000000  23.000000      1
5                MAST   5.000000  0.0   5.000000   5.000000      1
6  CopheneticL2Metric  12.961481  0.0  12.961481  12.961481      1
