                               metrics
No                              1.0000
RefTree                         1.0000
Tree                            1.0000
RefTree_taxa                   18.0000
Tree_taxa                      18.0000
Common_taxa                    18.0000
MatchingCluster                57.0000
MatchingCluster_toYuleAvg       0.8023
MatchingCluster_toUnifAvg       0.7088
R-F_Cluster                    11.5000
R-F_Cluster_toYuleAvg           0.7285
R-F_Cluster_toUnifAvg           0.7267
NodalSplitted                  42.4617
NodalSplitted_toYuleAvg         0.8541
NodalSplitted_toUnifAvg         0.7005
Triples                       349.0000
Triples_toYuleAvg               0.6384
Triples_toUnifAvg               0.6427
MatchingPair                   94.0000
MatchingPair_toYuleAvg          0.8836
MatchingPair_toUnifAvg          0.9038
MAST                           11.0000
MAST_toYuleAvg                  0.9372
MAST_toUnifAvg                  0.9347
CopheneticL2Metric             27.7669
CopheneticL2Metric_toYuleAvg    0.7077
CopheneticL2Metric_toUnifAvg    0.6143

                 Name         Avg  Std         Min         Max  Count
0     MatchingCluster   57.000000  0.0   57.000000   57.000000      1
1         R-F_Cluster   11.500000  0.0   11.500000   11.500000      1
2       NodalSplitted   42.461747  0.0   42.461747   42.461747      1
3             Triples  349.000000  0.0  349.000000  349.000000      1
4        MatchingPair   94.000000  0.0   94.000000   94.000000      1
5                MAST   11.000000  0.0   11.000000   11.000000      1
6  CopheneticL2Metric   27.766887  0.0   27.766887   27.766887      1
