                              metrics
No                             1.0000
RefTree                        1.0000
Tree                           1.0000
RefTree_taxa                  18.0000
Tree_taxa                     18.0000
Common_taxa                   18.0000
MatchingCluster               10.0000
MatchingCluster_toYuleAvg      0.1408
MatchingCluster_toUnifAvg      0.1243
R-F_Cluster                    2.5000
R-F_Cluster_toYuleAvg          0.1584
R-F_Cluster_toUnifAvg          0.1580
NodalSplitted                 14.6287
NodalSplitted_toYuleAvg        0.2943
NodalSplitted_toUnifAvg        0.2413
Triples                        6.0000
Triples_toYuleAvg              0.0110
Triples_toUnifAvg              0.0111
MatchingPair                   6.0000
MatchingPair_toYuleAvg         0.0564
MatchingPair_toUnifAvg         0.0577
MAST                           4.0000
MAST_toYuleAvg                 0.3408
MAST_toUnifAvg                 0.3399
CopheneticL2Metric             5.0990
CopheneticL2Metric_toYuleAvg   0.1300
CopheneticL2Metric_toUnifAvg   0.1128

                 Name        Avg  Std        Min        Max  Count
0     MatchingCluster  10.000000  0.0  10.000000  10.000000      1
1         R-F_Cluster   2.500000  0.0   2.500000   2.500000      1
2       NodalSplitted  14.628739  0.0  14.628739  14.628739      1
3             Triples   6.000000  0.0   6.000000   6.000000      1
4        MatchingPair   6.000000  0.0   6.000000   6.000000      1
5                MAST   4.000000  0.0   4.000000   4.000000      1
6  CopheneticL2Metric   5.099020  0.0   5.099020   5.099020      1
