                              metrics
No                             1.0000
RefTree                        1.0000
Tree                           1.0000
RefTree_taxa                  10.0000
Tree_taxa                     10.0000
Common_taxa                   10.0000
MatchingCluster                3.0000
MatchingCluster_toYuleAvg      0.1180
MatchingCluster_toUnifAvg      0.1135
R-F_Cluster                    1.5000
R-F_Cluster_toYuleAvg          0.1938
R-F_Cluster_toUnifAvg          0.1929
NodalSplitted                  6.2450
NodalSplitted_toYuleAvg        0.3084
NodalSplitted_toUnifAvg        0.2902
Triples                        3.0000
Triples_toYuleAvg              0.0374
Triples_toUnifAvg              0.0378
MatchingPair                   2.0000
MatchingPair_toYuleAvg         0.0723
MatchingPair_toUnifAvg         0.0739
MAST                           1.0000
MAST_toYuleAvg                 0.1858
MAST_toUnifAvg                 0.1869
CopheneticL2Metric             3.1623
CopheneticL2Metric_toYuleAvg   0.1931
CopheneticL2Metric_toUnifAvg   0.1842

                 Name       Avg  Std       Min       Max  Count
0     MatchingCluster  3.000000  0.0  3.000000  3.000000      1
1         R-F_Cluster  1.500000  0.0  1.500000  1.500000      1
2       NodalSplitted  6.244998  0.0  6.244998  6.244998      1
3             Triples  3.000000  0.0  3.000000  3.000000      1
4        MatchingPair  2.000000  0.0  2.000000  2.000000      1
5                MAST  1.000000  0.0  1.000000  1.000000      1
6  CopheneticL2Metric  3.162278  0.0  3.162278  3.162278      1
