                               metrics
No                              1.0000
RefTree                         1.0000
Tree                            1.0000
RefTree_taxa                   19.0000
Tree_taxa                      19.0000
Common_taxa                    19.0000
MatchingCluster                49.0000
MatchingCluster_toYuleAvg       0.6319
MatchingCluster_toUnifAvg       0.5513
R-F_Cluster                    12.5000
R-F_Cluster_toYuleAvg           0.7464
R-F_Cluster_toUnifAvg           0.7426
NodalSplitted                  33.7343
NodalSplitted_toYuleAvg         0.6272
NodalSplitted_toUnifAvg         0.5113
Triples                       395.0000
Triples_toYuleAvg               0.6138
Triples_toUnifAvg               0.6108
MatchingPair                   97.0000
MatchingPair_toYuleAvg          0.8105
MatchingPair_toUnifAvg          0.8236
MAST                           11.0000
MAST_toYuleAvg                  0.8789
MAST_toUnifAvg                  0.8721
CopheneticL2Metric             20.7364
CopheneticL2Metric_toYuleAvg    0.4912
CopheneticL2Metric_toUnifAvg    0.4211

                 Name         Avg  Std         Min         Max  Count
0     MatchingCluster   49.000000  0.0   49.000000   49.000000      1
1         R-F_Cluster   12.500000  0.0   12.500000   12.500000      1
2       NodalSplitted   33.734256  0.0   33.734256   33.734256      1
3             Triples  395.000000  0.0  395.000000  395.000000      1
4        MatchingPair   97.000000  0.0   97.000000   97.000000      1
5                MAST   11.000000  0.0   11.000000   11.000000      1
6  CopheneticL2Metric   20.736441  0.0   20.736441   20.736441      1
