                              metrics
No                             1.0000
RefTree                        1.0000
Tree                           1.0000
RefTree_taxa                  20.0000
Tree_taxa                     20.0000
Common_taxa                   20.0000
MatchingCluster               19.0000
MatchingCluster_toYuleAvg      0.2230
MatchingCluster_toUnifAvg      0.1953
R-F_Cluster                    4.5000
R-F_Cluster_toYuleAvg          0.2534
R-F_Cluster_toUnifAvg          0.2521
NodalSplitted                 26.1343
NodalSplitted_toYuleAvg        0.4491
NodalSplitted_toUnifAvg        0.3637
Triples                       34.0000
Triples_toYuleAvg              0.0445
Triples_toUnifAvg              0.0448
MatchingPair                  16.0000
MatchingPair_toYuleAvg         0.1189
MatchingPair_toUnifAvg         0.1216
MAST                           5.0000
MAST_toYuleAvg                 0.3748
MAST_toUnifAvg                 0.3716
CopheneticL2Metric            11.5758
CopheneticL2Metric_toYuleAvg   0.2606
CopheneticL2Metric_toUnifAvg   0.2131

                 Name        Avg  Std        Min        Max  Count
0     MatchingCluster  19.000000  0.0  19.000000  19.000000      1
1         R-F_Cluster   4.500000  0.0   4.500000   4.500000      1
2       NodalSplitted  26.134269  0.0  26.134269  26.134269      1
3             Triples  34.000000  0.0  34.000000  34.000000      1
4        MatchingPair  16.000000  0.0  16.000000  16.000000      1
5                MAST   5.000000  0.0   5.000000   5.000000      1
6  CopheneticL2Metric  11.575837  0.0  11.575837  11.575837      1
