
                            < M A T L A B (R) >
                  Copyright 1984-2017 The MathWorks, Inc.
                   R2017a (9.2.0.538062) 64-bit (glnxa64)
                             February 23, 2017

 
To get started, type one of these: helpwin, helpdesk, or demo.
For product information, visit www.mathworks.com.
 
Running "Run1", Seed: 875887
 *** Finished Simulation Run ***

config-03.json #############################################

[#.........] | Progress: 1 | Time: 0.0s | ETA: --[.#........] | Progress: 4 | Time: 0.1s | ETA: --[..#.......] | Progress: 7 | Time: 0.2s | ETA: --[...#......] | Progress: 10 | Time: 0.2s | ETA: --[....#.....] | Progress: 13 | Time: 0.3s | ETA: --[##########] | Progress: 13 | Time: 0.3s | ETA: --fit<>, fid</home/chun/projects/clineage-simulation/analysis/tmc-875887/tmc-011/case-03/triplets-list.raw.txt>, flg<treeReconstruction.log>, frt<resTree.tree>, frtN</home/chun/projects/clineage-simulation/analysis/tmc-875887/tmc-011/case-03/reconstructed.tmp.newick>, fsd<qqq.dat>, fst<simul.tree>, -->index=2
Read triplets from file...
Read triplets from file...Finished
N_triplets = 13, idMaxFound = 6
treeBuildBasedOnTriplets_run...
make_isTogetherInTripletAndDeleteExtraTriplets: Finished
maxCut with 5 nodes: Finished
treeBuildBasedOnTriplets_run...Finished
Saving tree to file...
Saving tree to file...Finished

                            < M A T L A B (R) >
                  Copyright 1984-2017 The MathWorks, Inc.
                   R2017a (9.2.0.538062) 64-bit (glnxa64)
                             February 23, 2017

 
To get started, type one of these: helpwin, helpdesk, or demo.
For product information, visit www.mathworks.com.
 
TreeCmp version build2

Active options:
Type of the analysis:  ref-to-all comparison mode (-r)
Metrics:
  1. MatchingCluster (mc)
  2. R-F_Cluster (rc)
  3. NodalSplitted (ns)
  4. Triples (tt)
  5. MatchingPair (mp)
  6. MAST (mt)
  7. CopheneticL2Metric (co)
Input file: /home/chun/projects/clineage-simulation/analysis/tmc-875887/tmc-011/case-03/reconstructed.newick
Output file: /home/chun/projects/clineage-simulation/analysis/tmc-875887/tmc-011/case-03/scores.raw.out
Additional options:
N - Report normalized distances.
P - Prune compared trees if needed (trees can have different leaf sets).
I - Include summary section in the output file.
-----
2018-06-18 21:28:08: Start of reading random statistics.
2018-06-18 21:28:08: End of reading random statistics.
2018-06-18 21:28:08: Start of scanning input file: /home/chun/projects/clineage-simulation/analysis/tmc-875887/tmc-011/case-03/reconstructed.newick
2018-06-18 21:28:08: End of scanning input file: /home/chun/projects/clineage-simulation/analysis/tmc-875887/tmc-011/case-03/reconstructed.newick
2018-06-18 21:28:08: 1 valid trees found in file: /home/chun/projects/clineage-simulation/analysis/tmc-875887/tmc-011/case-03/reconstructed.newick
2018-06-18 21:28:08: Start of calculation...please wait...
2018-06-18 21:28:08: 0.00% completed...
2018-06-18 21:28:08: 100.00% completed.
2018-06-18 21:28:08: End of calculation.
2018-06-18 21:28:08: Total calculation time: 17 ms.
                              metrics
No                             1.0000
RefTree                        1.0000
Tree                           1.0000
RefTree_taxa                   6.0000
Tree_taxa                      6.0000
Common_taxa                    6.0000
MatchingCluster                4.0000
MatchingCluster_toYuleAvg      0.4422
MatchingCluster_toUnifAvg      0.4369
R-F_Cluster                    1.0000
R-F_Cluster_toYuleAvg          0.2727
R-F_Cluster_toUnifAvg          0.2726
NodalSplitted                  3.7417
NodalSplitted_toYuleAvg        0.4591
NodalSplitted_toUnifAvg        0.4519
Triples                        3.0000
Triples_toYuleAvg              0.2242
Triples_toUnifAvg              0.2220
MatchingPair                   3.0000
MatchingPair_toYuleAvg         0.3988
MatchingPair_toUnifAvg         0.3980
MAST                           1.0000
MAST_toYuleAvg                 0.3984
MAST_toUnifAvg                 0.3978
CopheneticL2Metric             3.3166
CopheneticL2Metric_toYuleAvg   0.4744
CopheneticL2Metric_toUnifAvg   0.4679

                 Name       Avg  Std       Min       Max  Count
0     MatchingCluster  4.000000  0.0  4.000000  4.000000      1
1         R-F_Cluster  1.000000  0.0  1.000000  1.000000      1
2       NodalSplitted  3.741657  0.0  3.741657  3.741657      1
3             Triples  3.000000  0.0  3.000000  3.000000      1
4        MatchingPair  3.000000  0.0  3.000000  3.000000      1
5                MAST  1.000000  0.0  1.000000  1.000000      1
6  CopheneticL2Metric  3.316625  0.0  3.316625  3.316625      1
