                               metrics
No                              1.0000
RefTree                         1.0000
Tree                            1.0000
RefTree_taxa                   19.0000
Tree_taxa                      19.0000
Common_taxa                    19.0000
MatchingCluster                45.0000
MatchingCluster_toYuleAvg       0.5803
MatchingCluster_toUnifAvg       0.5063
R-F_Cluster                     9.0000
R-F_Cluster_toYuleAvg           0.5374
R-F_Cluster_toUnifAvg           0.5347
NodalSplitted                  31.7490
NodalSplitted_toYuleAvg         0.5903
NodalSplitted_toUnifAvg         0.4813
Triples                       484.0000
Triples_toYuleAvg               0.7521
Triples_toUnifAvg               0.7485
MatchingPair                   85.0000
MatchingPair_toYuleAvg          0.7102
MatchingPair_toUnifAvg          0.7217
MAST                           11.0000
MAST_toYuleAvg                  0.8789
MAST_toUnifAvg                  0.8721
CopheneticL2Metric             25.4558
CopheneticL2Metric_toYuleAvg    0.6030
CopheneticL2Metric_toUnifAvg    0.5169

                 Name         Avg  Std         Min         Max  Count
0     MatchingCluster   45.000000  0.0   45.000000   45.000000      1
1         R-F_Cluster    9.000000  0.0    9.000000    9.000000      1
2       NodalSplitted   31.749016  0.0   31.749016   31.749016      1
3             Triples  484.000000  0.0  484.000000  484.000000      1
4        MatchingPair   85.000000  0.0   85.000000   85.000000      1
5                MAST   11.000000  0.0   11.000000   11.000000      1
6  CopheneticL2Metric   25.455844  0.0   25.455844   25.455844      1
