                               metrics
No                              1.0000
RefTree                         1.0000
Tree                            1.0000
RefTree_taxa                   22.0000
Tree_taxa                      22.0000
Common_taxa                    22.0000
MatchingCluster                24.0000
MatchingCluster_toYuleAvg       0.2429
MatchingCluster_toUnifAvg       0.2072
R-F_Cluster                     4.5000
R-F_Cluster_toYuleAvg           0.2276
R-F_Cluster_toUnifAvg           0.2266
NodalSplitted                  17.8326
NodalSplitted_toYuleAvg         0.2677
NodalSplitted_toUnifAvg         0.2096
Triples                       163.0000
Triples_toYuleAvg               0.1589
Triples_toUnifAvg               0.1584
MatchingPair                   31.0000
MatchingPair_toYuleAvg          0.1882
MatchingPair_toUnifAvg          0.1914
MAST                            4.0000
MAST_toYuleAvg                  0.2667
MAST_toUnifAvg                  0.2648
CopheneticL2Metric             14.2478
CopheneticL2Metric_toYuleAvg    0.2803
CopheneticL2Metric_toUnifAvg    0.2270

                 Name         Avg  Std         Min         Max  Count
0     MatchingCluster   24.000000  0.0   24.000000   24.000000      1
1         R-F_Cluster    4.500000  0.0    4.500000    4.500000      1
2       NodalSplitted   17.832555  0.0   17.832555   17.832555      1
3             Triples  163.000000  0.0  163.000000  163.000000      1
4        MatchingPair   31.000000  0.0   31.000000   31.000000      1
5                MAST    4.000000  0.0    4.000000    4.000000      1
6  CopheneticL2Metric   14.247807  0.0   14.247807   14.247807      1
