                              metrics
No                             1.0000
RefTree                        1.0000
Tree                           1.0000
RefTree_taxa                  15.0000
Tree_taxa                     15.0000
Common_taxa                   15.0000
MatchingCluster                4.0000
MatchingCluster_toYuleAvg      0.0773
MatchingCluster_toUnifAvg      0.0696
R-F_Cluster                    1.0000
R-F_Cluster_toYuleAvg          0.0785
R-F_Cluster_toUnifAvg          0.0780
NodalSplitted                  7.0711
NodalSplitted_toYuleAvg        0.1868
NodalSplitted_toUnifAvg        0.1608
Triples                        9.0000
Triples_toYuleAvg              0.0298
Triples_toUnifAvg              0.0297
MatchingPair                   3.0000
MatchingPair_toYuleAvg         0.0426
MatchingPair_toUnifAvg         0.0432
MAST                           1.0000
MAST_toYuleAvg                 0.1083
MAST_toUnifAvg                 0.1067
CopheneticL2Metric             4.3589
CopheneticL2Metric_toYuleAvg   0.1455
CopheneticL2Metric_toUnifAvg   0.1287

                 Name       Avg  Std       Min       Max  Count
0     MatchingCluster  4.000000  0.0  4.000000  4.000000      1
1         R-F_Cluster  1.000000  0.0  1.000000  1.000000      1
2       NodalSplitted  7.071068  0.0  7.071068  7.071068      1
3             Triples  9.000000  0.0  9.000000  9.000000      1
4        MatchingPair  3.000000  0.0  3.000000  3.000000      1
5                MAST  1.000000  0.0  1.000000  1.000000      1
6  CopheneticL2Metric  4.358899  0.0  4.358899  4.358899      1
