                              metrics
No                             1.0000
RefTree                        1.0000
Tree                           1.0000
RefTree_taxa                  18.0000
Tree_taxa                     18.0000
Common_taxa                   18.0000
MatchingCluster               11.0000
MatchingCluster_toYuleAvg      0.1548
MatchingCluster_toUnifAvg      0.1368
R-F_Cluster                    2.5000
R-F_Cluster_toYuleAvg          0.1584
R-F_Cluster_toUnifAvg          0.1580
NodalSplitted                 13.0000
NodalSplitted_toYuleAvg        0.2615
NodalSplitted_toUnifAvg        0.2145
Triples                        7.0000
Triples_toYuleAvg              0.0128
Triples_toUnifAvg              0.0129
MatchingPair                   7.0000
MatchingPair_toYuleAvg         0.0658
MatchingPair_toUnifAvg         0.0673
MAST                           4.0000
MAST_toYuleAvg                 0.3408
MAST_toUnifAvg                 0.3399
CopheneticL2Metric             5.0000
CopheneticL2Metric_toYuleAvg   0.1274
CopheneticL2Metric_toUnifAvg   0.1106

                 Name   Avg  Std   Min   Max  Count
0     MatchingCluster  11.0  0.0  11.0  11.0      1
1         R-F_Cluster   2.5  0.0   2.5   2.5      1
2       NodalSplitted  13.0  0.0  13.0  13.0      1
3             Triples   7.0  0.0   7.0   7.0      1
4        MatchingPair   7.0  0.0   7.0   7.0      1
5                MAST   4.0  0.0   4.0   4.0      1
6  CopheneticL2Metric   5.0  0.0   5.0   5.0      1
