                              metrics
No                             1.0000
RefTree                        1.0000
Tree                           1.0000
RefTree_taxa                  13.0000
Tree_taxa                     13.0000
Common_taxa                   13.0000
MatchingCluster                9.0000
MatchingCluster_toYuleAvg      0.2204
MatchingCluster_toUnifAvg      0.2041
R-F_Cluster                    1.5000
R-F_Cluster_toYuleAvg          0.1391
R-F_Cluster_toUnifAvg          0.1386
NodalSplitted                  7.4833
NodalSplitted_toYuleAvg        0.2444
NodalSplitted_toUnifAvg        0.2159
Triples                       26.0000
Triples_toYuleAvg              0.1360
Triples_toUnifAvg              0.1361
MatchingPair                   7.0000
MatchingPair_toYuleAvg         0.1374
MatchingPair_toUnifAvg         0.1398
MAST                           2.0000
MAST_toYuleAvg                 0.2598
MAST_toUnifAvg                 0.2576
CopheneticL2Metric             7.2801
CopheneticL2Metric_toYuleAvg   0.3001
CopheneticL2Metric_toUnifAvg   0.2725

                 Name        Avg  Std        Min        Max  Count
0     MatchingCluster   9.000000  0.0   9.000000   9.000000      1
1         R-F_Cluster   1.500000  0.0   1.500000   1.500000      1
2       NodalSplitted   7.483315  0.0   7.483315   7.483315      1
3             Triples  26.000000  0.0  26.000000  26.000000      1
4        MatchingPair   7.000000  0.0   7.000000   7.000000      1
5                MAST   2.000000  0.0   2.000000   2.000000      1
6  CopheneticL2Metric   7.280110  0.0   7.280110   7.280110      1
