
                            < M A T L A B (R) >
                  Copyright 1984-2017 The MathWorks, Inc.
                   R2017a (9.2.0.538062) 64-bit (glnxa64)
                             February 23, 2017

 
To get started, type one of these: helpwin, helpdesk, or demo.
For product information, visit www.mathworks.com.
 
Running "Run1", Seed: 875887
 *** Finished Simulation Run ***

config-06.json #############################################

[#.........] | Progress: 1 | Time: 0.0s | ETA: --[##########] | Progress: 56 | Time: 0.0s | ETA: --fit<>, fid</home/chun/projects/clineage-simulation/analysis/tmc-875887/tmc-001/case-06/triplets-list.raw.txt>, flg<treeReconstruction.log>, frt<resTree.tree>, frtN</home/chun/projects/clineage-simulation/analysis/tmc-875887/tmc-001/case-06/reconstructed.tmp.newick>, fsd<qqq.dat>, fst<simul.tree>, -->index=2
Read triplets from file...
Read triplets from file...Finished
N_triplets = 41, idMaxFound = 9
treeBuildBasedOnTriplets_run...
make_isTogetherInTripletAndDeleteExtraTriplets: Finished
maxCut with 9 nodes: Finished
treeBuildBasedOnTriplets_run...Finished
Saving tree to file...
Saving tree to file...Finished

                            < M A T L A B (R) >
                  Copyright 1984-2017 The MathWorks, Inc.
                   R2017a (9.2.0.538062) 64-bit (glnxa64)
                             February 23, 2017

 
To get started, type one of these: helpwin, helpdesk, or demo.
For product information, visit www.mathworks.com.
 
TreeCmp version build2

Active options:
Type of the analysis:  ref-to-all comparison mode (-r)
Metrics:
  1. MatchingCluster (mc)
  2. R-F_Cluster (rc)
  3. NodalSplitted (ns)
  4. Triples (tt)
  5. MatchingPair (mp)
  6. MAST (mt)
  7. CopheneticL2Metric (co)
Input file: /home/chun/projects/clineage-simulation/analysis/tmc-875887/tmc-001/case-06/reconstructed.newick
Output file: /home/chun/projects/clineage-simulation/analysis/tmc-875887/tmc-001/case-06/scores.raw.out
Additional options:
N - Report normalized distances.
P - Prune compared trees if needed (trees can have different leaf sets).
I - Include summary section in the output file.
-----
2018-06-18 21:26:37: Start of reading random statistics.
2018-06-18 21:26:37: End of reading random statistics.
2018-06-18 21:26:37: Start of scanning input file: /home/chun/projects/clineage-simulation/analysis/tmc-875887/tmc-001/case-06/reconstructed.newick
2018-06-18 21:26:37: End of scanning input file: /home/chun/projects/clineage-simulation/analysis/tmc-875887/tmc-001/case-06/reconstructed.newick
2018-06-18 21:26:37: 1 valid trees found in file: /home/chun/projects/clineage-simulation/analysis/tmc-875887/tmc-001/case-06/reconstructed.newick
2018-06-18 21:26:37: Start of calculation...please wait...
2018-06-18 21:26:37: 0.00% completed...
2018-06-18 21:26:37: 100.00% completed.
2018-06-18 21:26:37: End of calculation.
2018-06-18 21:26:37: Total calculation time: 17 ms.
                              metrics
No                             1.0000
RefTree                        1.0000
Tree                           1.0000
RefTree_taxa                   9.0000
Tree_taxa                      9.0000
Common_taxa                    9.0000
MatchingCluster               16.0000
MatchingCluster_toYuleAvg      0.7786
MatchingCluster_toUnifAvg      0.7498
R-F_Cluster                    5.5000
R-F_Cluster_toYuleAvg          0.8252
R-F_Cluster_toUnifAvg          0.8153
NodalSplitted                 13.2665
NodalSplitted_toYuleAvg        0.7842
NodalSplitted_toUnifAvg        0.7444
Triples                       45.0000
Triples_toYuleAvg              0.8047
Triples_toUnifAvg              0.8094
MatchingPair                  21.0000
MatchingPair_toYuleAvg         0.9906
MatchingPair_toUnifAvg         1.0038
MAST                           4.0000
MAST_toYuleAvg                 0.8722
MAST_toUnifAvg                 0.8584
CopheneticL2Metric             9.7980
CopheneticL2Metric_toYuleAvg   0.7015
CopheneticL2Metric_toUnifAvg   0.6766

                 Name        Avg  Std        Min        Max  Count
0     MatchingCluster  16.000000  0.0  16.000000  16.000000      1
1         R-F_Cluster   5.500000  0.0   5.500000   5.500000      1
2       NodalSplitted  13.266499  0.0  13.266499  13.266499      1
3             Triples  45.000000  0.0  45.000000  45.000000      1
4        MatchingPair  21.000000  0.0  21.000000  21.000000      1
5                MAST   4.000000  0.0   4.000000   4.000000      1
6  CopheneticL2Metric   9.797959  0.0   9.797959   9.797959      1
