
                            < M A T L A B (R) >
                  Copyright 1984-2017 The MathWorks, Inc.
                   R2017a (9.2.0.538062) 64-bit (glnxa64)
                             February 23, 2017

 
To get started, type one of these: helpwin, helpdesk, or demo.
For product information, visit www.mathworks.com.
 
Running "Run1", Seed: 875887
 *** Finished Simulation Run ***

config-13.json #############################################

[#.........] | Progress: 1 | Time: 0.0s | ETA: --[##########] | Progress: 404 | Time: 0.0s | ETA: --fit<>, fid</home/chun/projects/clineage-simulation/analysis/tmc-875887/tmc-001/case-13/triplets-list.raw.txt>, flg<treeReconstruction.log>, frt<resTree.tree>, frtN</home/chun/projects/clineage-simulation/analysis/tmc-875887/tmc-001/case-13/reconstructed.tmp.newick>, fsd<qqq.dat>, fst<simul.tree>, -->index=2
Read triplets from file...
Read triplets from file...Finished
N_triplets = 329, idMaxFound = 16
treeBuildBasedOnTriplets_run...
make_isTogetherInTripletAndDeleteExtraTriplets: Finished
maxCut with 16 nodes: Finished
maxCut with 15 nodes: Finished
treeBuildBasedOnTriplets_run...Finished
Saving tree to file...
Saving tree to file...Finished

                            < M A T L A B (R) >
                  Copyright 1984-2017 The MathWorks, Inc.
                   R2017a (9.2.0.538062) 64-bit (glnxa64)
                             February 23, 2017

 
To get started, type one of these: helpwin, helpdesk, or demo.
For product information, visit www.mathworks.com.
 
TreeCmp version build2

Active options:
Type of the analysis:  ref-to-all comparison mode (-r)
Metrics:
  1. MatchingCluster (mc)
  2. R-F_Cluster (rc)
  3. NodalSplitted (ns)
  4. Triples (tt)
  5. MatchingPair (mp)
  6. MAST (mt)
  7. CopheneticL2Metric (co)
Input file: /home/chun/projects/clineage-simulation/analysis/tmc-875887/tmc-001/case-13/reconstructed.newick
Output file: /home/chun/projects/clineage-simulation/analysis/tmc-875887/tmc-001/case-13/scores.raw.out
Additional options:
N - Report normalized distances.
P - Prune compared trees if needed (trees can have different leaf sets).
I - Include summary section in the output file.
-----
2018-06-18 21:26:38: Start of reading random statistics.
2018-06-18 21:26:38: End of reading random statistics.
2018-06-18 21:26:38: Start of scanning input file: /home/chun/projects/clineage-simulation/analysis/tmc-875887/tmc-001/case-13/reconstructed.newick
2018-06-18 21:26:38: End of scanning input file: /home/chun/projects/clineage-simulation/analysis/tmc-875887/tmc-001/case-13/reconstructed.newick
2018-06-18 21:26:38: 1 valid trees found in file: /home/chun/projects/clineage-simulation/analysis/tmc-875887/tmc-001/case-13/reconstructed.newick
2018-06-18 21:26:38: Start of calculation...please wait...
2018-06-18 21:26:38: 0.00% completed...
2018-06-18 21:26:38: 100.00% completed.
2018-06-18 21:26:38: End of calculation.
2018-06-18 21:26:38: Total calculation time: 21 ms.
                               metrics
No                              1.0000
RefTree                         1.0000
Tree                            1.0000
RefTree_taxa                   16.0000
Tree_taxa                      16.0000
Common_taxa                    16.0000
MatchingCluster                46.0000
MatchingCluster_toYuleAvg       0.7871
MatchingCluster_toUnifAvg       0.7125
R-F_Cluster                    11.5000
R-F_Cluster_toYuleAvg           0.8350
R-F_Cluster_toUnifAvg           0.8318
NodalSplitted                  30.3645
NodalSplitted_toYuleAvg         0.7214
NodalSplitted_toUnifAvg         0.6170
Triples                       305.0000
Triples_toYuleAvg               0.8174
Triples_toUnifAvg               0.8195
MatchingPair                   73.0000
MatchingPair_toYuleAvg          0.8939
MatchingPair_toUnifAvg          0.9120
MAST                            9.0000
MAST_toYuleAvg                  0.8942
MAST_toUnifAvg                  0.8888
CopheneticL2Metric             19.6723
CopheneticL2Metric_toYuleAvg    0.5986
CopheneticL2Metric_toUnifAvg    0.5289

                 Name         Avg  Std         Min         Max  Count
0     MatchingCluster   46.000000  0.0   46.000000   46.000000      1
1         R-F_Cluster   11.500000  0.0   11.500000   11.500000      1
2       NodalSplitted   30.364453  0.0   30.364453   30.364453      1
3             Triples  305.000000  0.0  305.000000  305.000000      1
4        MatchingPair   73.000000  0.0   73.000000   73.000000      1
5                MAST    9.000000  0.0    9.000000    9.000000      1
6  CopheneticL2Metric   19.672316  0.0   19.672316   19.672316      1
