
                            < M A T L A B (R) >
                  Copyright 1984-2017 The MathWorks, Inc.
                   R2017a (9.2.0.538062) 64-bit (glnxa64)
                             February 23, 2017

 
To get started, type one of these: helpwin, helpdesk, or demo.
For product information, visit www.mathworks.com.
 
Running "Run1", Seed: 875887
 *** Finished Simulation Run ***

config-01.json #############################################

[#.........] | Progress: 1 | Time: 0.0s | ETA: --[##########] | Progress: 3 | Time: 0.0s | ETA: --fit<>, fid</home/chun/projects/clineage-simulation/analysis/tmc-875887/tmc-001/case-01/triplets-list.raw.txt>, flg<treeReconstruction.log>, frt<resTree.tree>, frtN</home/chun/projects/clineage-simulation/analysis/tmc-875887/tmc-001/case-01/reconstructed.tmp.newick>, fsd<qqq.dat>, fst<simul.tree>, -->index=2
Read triplets from file...
Read triplets from file...Finished
N_triplets = 2, idMaxFound = 4
treeBuildBasedOnTriplets_run...
make_isTogetherInTripletAndDeleteExtraTriplets: Finished
treeBuildBasedOnTriplets_run...Finished
Saving tree to file...
Saving tree to file...Finished

                            < M A T L A B (R) >
                  Copyright 1984-2017 The MathWorks, Inc.
                   R2017a (9.2.0.538062) 64-bit (glnxa64)
                             February 23, 2017

 
To get started, type one of these: helpwin, helpdesk, or demo.
For product information, visit www.mathworks.com.
 
TreeCmp version build2

Active options:
Type of the analysis:  ref-to-all comparison mode (-r)
Metrics:
  1. MatchingCluster (mc)
  2. R-F_Cluster (rc)
  3. NodalSplitted (ns)
  4. Triples (tt)
  5. MatchingPair (mp)
  6. MAST (mt)
  7. CopheneticL2Metric (co)
Input file: /home/chun/projects/clineage-simulation/analysis/tmc-875887/tmc-001/case-01/reconstructed.newick
Output file: /home/chun/projects/clineage-simulation/analysis/tmc-875887/tmc-001/case-01/scores.raw.out
Additional options:
N - Report normalized distances.
P - Prune compared trees if needed (trees can have different leaf sets).
I - Include summary section in the output file.
-----
2018-06-18 21:26:38: Start of reading random statistics.
2018-06-18 21:26:38: End of reading random statistics.
2018-06-18 21:26:38: Start of scanning input file: /home/chun/projects/clineage-simulation/analysis/tmc-875887/tmc-001/case-01/reconstructed.newick
2018-06-18 21:26:38: End of scanning input file: /home/chun/projects/clineage-simulation/analysis/tmc-875887/tmc-001/case-01/reconstructed.newick
2018-06-18 21:26:38: 1 valid trees found in file: /home/chun/projects/clineage-simulation/analysis/tmc-875887/tmc-001/case-01/reconstructed.newick
2018-06-18 21:26:38: Start of calculation...please wait...
2018-06-18 21:26:38: 0.00% completed...
2018-06-18 21:26:38: 100.00% completed.
2018-06-18 21:26:38: End of calculation.
2018-06-18 21:26:38: Total calculation time: 18 ms.
                              metrics
No                             1.0000
RefTree                        1.0000
Tree                           1.0000
RefTree_taxa                   4.0000
Tree_taxa                      4.0000
Common_taxa                    4.0000
MatchingCluster                4.0000
MatchingCluster_toYuleAvg      1.2085
MatchingCluster_toUnifAvg      1.1817
R-F_Cluster                    1.5000
R-F_Cluster_toYuleAvg          0.9276
R-F_Cluster_toUnifAvg          0.9236
NodalSplitted                  3.1623
NodalSplitted_toYuleAvg        0.9558
NodalSplitted_toUnifAvg        0.9442
Triples                        3.0000
Triples_toYuleAvg              1.1136
Triples_toUnifAvg              1.0929
MatchingPair                   2.0000
MatchingPair_toYuleAvg         0.9079
MatchingPair_toUnifAvg         0.8873
MAST                           1.0000
MAST_toYuleAvg                 0.8554
MAST_toUnifAvg                 0.8525
CopheneticL2Metric             3.0000
CopheneticL2Metric_toYuleAvg   0.9864
CopheneticL2Metric_toUnifAvg   0.9824

                 Name       Avg  Std       Min       Max  Count
0     MatchingCluster  4.000000  0.0  4.000000  4.000000      1
1         R-F_Cluster  1.500000  0.0  1.500000  1.500000      1
2       NodalSplitted  3.162278  0.0  3.162278  3.162278      1
3             Triples  3.000000  0.0  3.000000  3.000000      1
4        MatchingPair  2.000000  0.0  2.000000  2.000000      1
5                MAST  1.000000  0.0  1.000000  1.000000      1
6  CopheneticL2Metric  3.000000  0.0  3.000000  3.000000      1
