
                            < M A T L A B (R) >
                  Copyright 1984-2017 The MathWorks, Inc.
                   R2017a (9.2.0.538062) 64-bit (glnxa64)
                             February 23, 2017

 
To get started, type one of these: helpwin, helpdesk, or demo.
For product information, visit www.mathworks.com.
 
Running "Run1", Seed: 875887
 *** Finished Simulation Run ***

config-14.json #############################################

[#.........] | Progress: 1 | Time: 0.0s | ETA: --[.#........] | Progress: 422 | Time: 0.1s | ETA: --[##########] | Progress: 480 | Time: 0.1s | ETA: --fit<>, fid</home/chun/projects/clineage-simulation/analysis/tmc-875887/tmc-001/case-14/triplets-list.raw.txt>, flg<treeReconstruction.log>, frt<resTree.tree>, frtN</home/chun/projects/clineage-simulation/analysis/tmc-875887/tmc-001/case-14/reconstructed.tmp.newick>, fsd<qqq.dat>, fst<simul.tree>, -->index=2
Read triplets from file...
Read triplets from file...Finished
N_triplets = 406, idMaxFound = 17
treeBuildBasedOnTriplets_run...
make_isTogetherInTripletAndDeleteExtraTriplets: Finished
maxCut with 17 nodes: Finished
maxCut with 16 nodes: Finished
treeBuildBasedOnTriplets_run...Finished
Saving tree to file...
Saving tree to file...Finished

                            < M A T L A B (R) >
                  Copyright 1984-2017 The MathWorks, Inc.
                   R2017a (9.2.0.538062) 64-bit (glnxa64)
                             February 23, 2017

 
To get started, type one of these: helpwin, helpdesk, or demo.
For product information, visit www.mathworks.com.
 
TreeCmp version build2

Active options:
Type of the analysis:  ref-to-all comparison mode (-r)
Metrics:
  1. MatchingCluster (mc)
  2. R-F_Cluster (rc)
  3. NodalSplitted (ns)
  4. Triples (tt)
  5. MatchingPair (mp)
  6. MAST (mt)
  7. CopheneticL2Metric (co)
Input file: /home/chun/projects/clineage-simulation/analysis/tmc-875887/tmc-001/case-14/reconstructed.newick
Output file: /home/chun/projects/clineage-simulation/analysis/tmc-875887/tmc-001/case-14/scores.raw.out
Additional options:
N - Report normalized distances.
P - Prune compared trees if needed (trees can have different leaf sets).
I - Include summary section in the output file.
-----
2018-06-18 21:26:37: Start of reading random statistics.
2018-06-18 21:26:37: End of reading random statistics.
2018-06-18 21:26:37: Start of scanning input file: /home/chun/projects/clineage-simulation/analysis/tmc-875887/tmc-001/case-14/reconstructed.newick
2018-06-18 21:26:37: End of scanning input file: /home/chun/projects/clineage-simulation/analysis/tmc-875887/tmc-001/case-14/reconstructed.newick
2018-06-18 21:26:37: 1 valid trees found in file: /home/chun/projects/clineage-simulation/analysis/tmc-875887/tmc-001/case-14/reconstructed.newick
2018-06-18 21:26:37: Start of calculation...please wait...
2018-06-18 21:26:37: 0.00% completed...
2018-06-18 21:26:37: 100.00% completed.
2018-06-18 21:26:37: End of calculation.
2018-06-18 21:26:37: Total calculation time: 21 ms.
                               metrics
No                              1.0000
RefTree                         1.0000
Tree                            1.0000
RefTree_taxa                   17.0000
Tree_taxa                      17.0000
Common_taxa                    17.0000
MatchingCluster                45.0000
MatchingCluster_toYuleAvg       0.6962
MatchingCluster_toUnifAvg       0.6191
R-F_Cluster                    12.0000
R-F_Cluster_toYuleAvg           0.8123
R-F_Cluster_toUnifAvg           0.8084
NodalSplitted                  31.1448
NodalSplitted_toYuleAvg         0.6795
NodalSplitted_toUnifAvg         0.5688
Triples                       360.0000
Triples_toYuleAvg               0.7929
Triples_toUnifAvg               0.7916
MatchingPair                   80.0000
MatchingPair_toYuleAvg          0.8562
MatchingPair_toUnifAvg          0.8696
MAST                            9.0000
MAST_toYuleAvg                  0.8277
MAST_toUnifAvg                  0.8221
CopheneticL2Metric             19.4679
CopheneticL2Metric_toYuleAvg    0.5421
CopheneticL2Metric_toUnifAvg    0.4710

                 Name         Avg  Std         Min         Max  Count
0     MatchingCluster   45.000000  0.0   45.000000   45.000000      1
1         R-F_Cluster   12.000000  0.0   12.000000   12.000000      1
2       NodalSplitted   31.144823  0.0   31.144823   31.144823      1
3             Triples  360.000000  0.0  360.000000  360.000000      1
4        MatchingPair   80.000000  0.0   80.000000   80.000000      1
5                MAST    9.000000  0.0    9.000000    9.000000      1
6  CopheneticL2Metric   19.467922  0.0   19.467922   19.467922      1
