                               metrics
No                              1.0000
RefTree                         1.0000
Tree                            1.0000
RefTree_taxa                   17.0000
Tree_taxa                      17.0000
Common_taxa                    17.0000
MatchingCluster                50.0000
MatchingCluster_toYuleAvg       0.7736
MatchingCluster_toUnifAvg       0.6878
R-F_Cluster                    14.0000
R-F_Cluster_toYuleAvg           0.9477
R-F_Cluster_toUnifAvg           0.9431
NodalSplitted                  33.7639
NodalSplitted_toYuleAvg         0.7366
NodalSplitted_toUnifAvg         0.6166
Triples                       329.0000
Triples_toYuleAvg               0.7246
Triples_toUnifAvg               0.7234
MatchingPair                   76.0000
MatchingPair_toYuleAvg          0.8134
MatchingPair_toUnifAvg          0.8261
MAST                           10.0000
MAST_toYuleAvg                  0.9196
MAST_toUnifAvg                  0.9134
CopheneticL2Metric             23.3238
CopheneticL2Metric_toYuleAvg    0.6494
CopheneticL2Metric_toUnifAvg    0.5642

                 Name         Avg  Std         Min         Max  Count
0     MatchingCluster   50.000000  0.0   50.000000   50.000000      1
1         R-F_Cluster   14.000000  0.0   14.000000   14.000000      1
2       NodalSplitted   33.763886  0.0   33.763886   33.763886      1
3             Triples  329.000000  0.0  329.000000  329.000000      1
4        MatchingPair   76.000000  0.0   76.000000   76.000000      1
5                MAST   10.000000  0.0   10.000000   10.000000      1
6  CopheneticL2Metric   23.323808  0.0   23.323808   23.323808      1
