                              metrics
No                             1.0000
RefTree                        1.0000
Tree                           1.0000
RefTree_taxa                  20.0000
Tree_taxa                     20.0000
Common_taxa                   20.0000
MatchingCluster               10.0000
MatchingCluster_toYuleAvg      0.1174
MatchingCluster_toUnifAvg      0.1028
R-F_Cluster                    2.0000
R-F_Cluster_toYuleAvg          0.1126
R-F_Cluster_toUnifAvg          0.1121
NodalSplitted                 16.1864
NodalSplitted_toYuleAvg        0.2782
NodalSplitted_toUnifAvg        0.2252
Triples                       11.0000
Triples_toYuleAvg              0.0144
Triples_toUnifAvg              0.0145
MatchingPair                   8.0000
MatchingPair_toYuleAvg         0.0595
MatchingPair_toUnifAvg         0.0608
MAST                           3.0000
MAST_toYuleAvg                 0.2249
MAST_toUnifAvg                 0.2230
CopheneticL2Metric             6.7823
CopheneticL2Metric_toYuleAvg   0.1527
CopheneticL2Metric_toUnifAvg   0.1248

                 Name        Avg  Std        Min        Max  Count
0     MatchingCluster  10.000000  0.0  10.000000  10.000000      1
1         R-F_Cluster   2.000000  0.0   2.000000   2.000000      1
2       NodalSplitted  16.186414  0.0  16.186414  16.186414      1
3             Triples  11.000000  0.0  11.000000  11.000000      1
4        MatchingPair   8.000000  0.0   8.000000   8.000000      1
5                MAST   3.000000  0.0   3.000000   3.000000      1
6  CopheneticL2Metric   6.782330  0.0   6.782330   6.782330      1
