
                            < M A T L A B (R) >
                  Copyright 1984-2017 The MathWorks, Inc.
                   R2017a (9.2.0.538062) 64-bit (glnxa64)
                             February 23, 2017

 
To get started, type one of these: helpwin, helpdesk, or demo.
For product information, visit www.mathworks.com.
 
Running "Run1", Seed: 910648
 *** Finished Simulation Run ***

config-10.json #############################################

[#.........] | Progress: 1 | Time: 0.0s | ETA: --[.#........] | Progress: 28 | Time: 0.1s | ETA: --[..#.......] | Progress: 55 | Time: 0.1s | ETA: --[...#......] | Progress: 82 | Time: 0.2s | ETA: --[....#.....] | Progress: 109 | Time: 0.2s | ETA: --[.....#....] | Progress: 136 | Time: 0.3s | ETA: --[......#...] | Progress: 164 | Time: 0.3s | ETA: --[.......#..] | Progress: 192 | Time: 0.4s | ETA: --[##########] | Progress: 211 | Time: 0.4s | ETA: --fit<>, fid</home/chun/projects/clineage-simulation/analysis/tmc-910648/tmc-008/case-10/triplets-list.raw.txt>, flg<treeReconstruction.log>, frt<resTree.tree>, frtN</home/chun/projects/clineage-simulation/analysis/tmc-910648/tmc-008/case-10/reconstructed.tmp.newick>, fsd<qqq.dat>, fst<simul.tree>, -->index=2
Read triplets from file...
Read triplets from file...Finished
N_triplets = 211, idMaxFound = 13
treeBuildBasedOnTriplets_run...
make_isTogetherInTripletAndDeleteExtraTriplets: Finished
maxCut with 13 nodes: Finished
maxCut with 8 nodes: Finished
maxCut with 5 nodes: Finished
treeBuildBasedOnTriplets_run...Finished
Saving tree to file...
Saving tree to file...Finished

                            < M A T L A B (R) >
                  Copyright 1984-2017 The MathWorks, Inc.
                   R2017a (9.2.0.538062) 64-bit (glnxa64)
                             February 23, 2017

 
To get started, type one of these: helpwin, helpdesk, or demo.
For product information, visit www.mathworks.com.
 
TreeCmp version build2

Active options:
Type of the analysis:  ref-to-all comparison mode (-r)
Metrics:
  1. MatchingCluster (mc)
  2. R-F_Cluster (rc)
  3. NodalSplitted (ns)
  4. Triples (tt)
  5. MatchingPair (mp)
  6. MAST (mt)
  7. CopheneticL2Metric (co)
Input file: /home/chun/projects/clineage-simulation/analysis/tmc-910648/tmc-008/case-10/reconstructed.newick
Output file: /home/chun/projects/clineage-simulation/analysis/tmc-910648/tmc-008/case-10/scores.raw.out
Additional options:
N - Report normalized distances.
P - Prune compared trees if needed (trees can have different leaf sets).
I - Include summary section in the output file.
-----
2018-06-18 21:46:39: Start of reading random statistics.
2018-06-18 21:46:40: End of reading random statistics.
2018-06-18 21:46:40: Start of scanning input file: /home/chun/projects/clineage-simulation/analysis/tmc-910648/tmc-008/case-10/reconstructed.newick
2018-06-18 21:46:40: End of scanning input file: /home/chun/projects/clineage-simulation/analysis/tmc-910648/tmc-008/case-10/reconstructed.newick
2018-06-18 21:46:40: 1 valid trees found in file: /home/chun/projects/clineage-simulation/analysis/tmc-910648/tmc-008/case-10/reconstructed.newick
2018-06-18 21:46:40: Start of calculation...please wait...
2018-06-18 21:46:40: 0.00% completed...
2018-06-18 21:46:40: 100.00% completed.
2018-06-18 21:46:40: End of calculation.
2018-06-18 21:46:40: Total calculation time: 22 ms.
                              metrics
No                             1.0000
RefTree                        1.0000
Tree                           1.0000
RefTree_taxa                  13.0000
Tree_taxa                     13.0000
Common_taxa                   13.0000
MatchingCluster               12.0000
MatchingCluster_toYuleAvg      0.2939
MatchingCluster_toUnifAvg      0.2721
R-F_Cluster                    2.5000
R-F_Cluster_toYuleAvg          0.2319
R-F_Cluster_toUnifAvg          0.2310
NodalSplitted                 12.4900
NodalSplitted_toYuleAvg        0.4078
NodalSplitted_toUnifAvg        0.3603
Triples                       15.0000
Triples_toYuleAvg              0.0785
Triples_toUnifAvg              0.0785
MatchingPair                  10.0000
MatchingPair_toYuleAvg         0.1964
MatchingPair_toUnifAvg         0.1997
MAST                           2.0000
MAST_toYuleAvg                 0.2598
MAST_toUnifAvg                 0.2576
CopheneticL2Metric             7.2111
CopheneticL2Metric_toYuleAvg   0.2972
CopheneticL2Metric_toUnifAvg   0.2700

                 Name        Avg  Std        Min        Max  Count
0     MatchingCluster  12.000000  0.0  12.000000  12.000000      1
1         R-F_Cluster   2.500000  0.0   2.500000   2.500000      1
2       NodalSplitted  12.489996  0.0  12.489996  12.489996      1
3             Triples  15.000000  0.0  15.000000  15.000000      1
4        MatchingPair  10.000000  0.0  10.000000  10.000000      1
5                MAST   2.000000  0.0   2.000000   2.000000      1
6  CopheneticL2Metric   7.211103  0.0   7.211103   7.211103      1
