
                            < M A T L A B (R) >
                  Copyright 1984-2017 The MathWorks, Inc.
                   R2017a (9.2.0.538062) 64-bit (glnxa64)
                             February 23, 2017

 
To get started, type one of these: helpwin, helpdesk, or demo.
For product information, visit www.mathworks.com.
 
Running "Run1", Seed: 910648
 *** Finished Simulation Run ***

config-09.json #############################################

[#.........] | Progress: 1 | Time: 0.0s | ETA: --[.#........] | Progress: 26 | Time: 0.1s | ETA: --[..#.......] | Progress: 51 | Time: 0.1s | ETA: --[...#......] | Progress: 77 | Time: 0.2s | ETA: --[....#.....] | Progress: 103 | Time: 0.2s | ETA: --[.....#....] | Progress: 129 | Time: 0.3s | ETA: --[......#...] | Progress: 155 | Time: 0.3s | ETA: --[##########] | Progress: 171 | Time: 0.3s | ETA: --fit<>, fid</home/chun/projects/clineage-simulation/analysis/tmc-910648/tmc-008/case-09/triplets-list.raw.txt>, flg<treeReconstruction.log>, frt<resTree.tree>, frtN</home/chun/projects/clineage-simulation/analysis/tmc-910648/tmc-008/case-09/reconstructed.tmp.newick>, fsd<qqq.dat>, fst<simul.tree>, -->index=2
Read triplets from file...
Read triplets from file...Finished
N_triplets = 171, idMaxFound = 12
treeBuildBasedOnTriplets_run...
make_isTogetherInTripletAndDeleteExtraTriplets: Finished
maxCut with 12 nodes: Finished
maxCut with 8 nodes: Finished
maxCut with 5 nodes: Finished
treeBuildBasedOnTriplets_run...Finished
Saving tree to file...
Saving tree to file...Finished

                            < M A T L A B (R) >
                  Copyright 1984-2017 The MathWorks, Inc.
                   R2017a (9.2.0.538062) 64-bit (glnxa64)
                             February 23, 2017

 
To get started, type one of these: helpwin, helpdesk, or demo.
For product information, visit www.mathworks.com.
 
TreeCmp version build2

Active options:
Type of the analysis:  ref-to-all comparison mode (-r)
Metrics:
  1. MatchingCluster (mc)
  2. R-F_Cluster (rc)
  3. NodalSplitted (ns)
  4. Triples (tt)
  5. MatchingPair (mp)
  6. MAST (mt)
  7. CopheneticL2Metric (co)
Input file: /home/chun/projects/clineage-simulation/analysis/tmc-910648/tmc-008/case-09/reconstructed.newick
Output file: /home/chun/projects/clineage-simulation/analysis/tmc-910648/tmc-008/case-09/scores.raw.out
Additional options:
N - Report normalized distances.
P - Prune compared trees if needed (trees can have different leaf sets).
I - Include summary section in the output file.
-----
2018-06-18 21:46:39: Start of reading random statistics.
2018-06-18 21:46:39: End of reading random statistics.
2018-06-18 21:46:39: Start of scanning input file: /home/chun/projects/clineage-simulation/analysis/tmc-910648/tmc-008/case-09/reconstructed.newick
2018-06-18 21:46:39: End of scanning input file: /home/chun/projects/clineage-simulation/analysis/tmc-910648/tmc-008/case-09/reconstructed.newick
2018-06-18 21:46:39: 1 valid trees found in file: /home/chun/projects/clineage-simulation/analysis/tmc-910648/tmc-008/case-09/reconstructed.newick
2018-06-18 21:46:39: Start of calculation...please wait...
2018-06-18 21:46:39: 0.00% completed...
2018-06-18 21:46:39: 100.00% completed.
2018-06-18 21:46:39: End of calculation.
2018-06-18 21:46:39: Total calculation time: 21 ms.
                              metrics
No                             1.0000
RefTree                        1.0000
Tree                           1.0000
RefTree_taxa                  12.0000
Tree_taxa                     12.0000
Common_taxa                   12.0000
MatchingCluster                7.0000
MatchingCluster_toYuleAvg      0.1972
MatchingCluster_toUnifAvg      0.1851
R-F_Cluster                    1.0000
R-F_Cluster_toYuleAvg          0.1026
R-F_Cluster_toUnifAvg          0.1022
NodalSplitted                  7.4162
NodalSplitted_toYuleAvg        0.2723
NodalSplitted_toUnifAvg        0.2479
Triples                       10.0000
Triples_toYuleAvg              0.0679
Triples_toUnifAvg              0.0682
MatchingPair                   7.0000
MatchingPair_toYuleAvg         0.1655
MatchingPair_toUnifAvg         0.1677
MAST                           1.0000
MAST_toYuleAvg                 0.1451
MAST_toUnifAvg                 0.1437
CopheneticL2Metric             5.0000
CopheneticL2Metric_toYuleAvg   0.2306
CopheneticL2Metric_toUnifAvg   0.2122

                 Name        Avg  Std        Min        Max  Count
0     MatchingCluster   7.000000  0.0   7.000000   7.000000      1
1         R-F_Cluster   1.000000  0.0   1.000000   1.000000      1
2       NodalSplitted   7.416198  0.0   7.416198   7.416198      1
3             Triples  10.000000  0.0  10.000000  10.000000      1
4        MatchingPair   7.000000  0.0   7.000000   7.000000      1
5                MAST   1.000000  0.0   1.000000   1.000000      1
6  CopheneticL2Metric   5.000000  0.0   5.000000   5.000000      1
