
                            < M A T L A B (R) >
                  Copyright 1984-2017 The MathWorks, Inc.
                   R2017a (9.2.0.538062) 64-bit (glnxa64)
                             February 23, 2017

 
To get started, type one of these: helpwin, helpdesk, or demo.
For product information, visit www.mathworks.com.
 
Running "Run1", Seed: 910648
 *** Finished Simulation Run ***

config-10.json #############################################

[#.........] | Progress: 1 | Time: 0.0s | ETA: --[.#........] | Progress: 30 | Time: 0.1s | ETA: --[..#.......] | Progress: 59 | Time: 0.1s | ETA: --[...#......] | Progress: 88 | Time: 0.2s | ETA: --[....#.....] | Progress: 117 | Time: 0.2s | ETA: --[.....#....] | Progress: 146 | Time: 0.3s | ETA: --[......#...] | Progress: 175 | Time: 0.3s | ETA: --[##########] | Progress: 202 | Time: 0.4s | ETA: --fit<>, fid</home/chun/projects/clineage-simulation/analysis/tmc-910648/tmc-008/case-10/triplets-list.raw.txt>, flg<treeReconstruction.log>, frt<resTree.tree>, frtN</home/chun/projects/clineage-simulation/analysis/tmc-910648/tmc-008/case-10/reconstructed.tmp.newick>, fsd<qqq.dat>, fst<simul.tree>, -->index=2
Read triplets from file...
Read triplets from file...Finished
N_triplets = 202, idMaxFound = 13
treeBuildBasedOnTriplets_run...
make_isTogetherInTripletAndDeleteExtraTriplets: Finished
maxCut with 13 nodes: Finished
maxCut with 8 nodes: Finished
maxCut with 6 nodes: Finished
treeBuildBasedOnTriplets_run...Finished
Saving tree to file...
Saving tree to file...Finished

                            < M A T L A B (R) >
                  Copyright 1984-2017 The MathWorks, Inc.
                   R2017a (9.2.0.538062) 64-bit (glnxa64)
                             February 23, 2017

 
To get started, type one of these: helpwin, helpdesk, or demo.
For product information, visit www.mathworks.com.
 
TreeCmp version build2

Active options:
Type of the analysis:  ref-to-all comparison mode (-r)
Metrics:
  1. MatchingCluster (mc)
  2. R-F_Cluster (rc)
  3. NodalSplitted (ns)
  4. Triples (tt)
  5. MatchingPair (mp)
  6. MAST (mt)
  7. CopheneticL2Metric (co)
Input file: /home/chun/projects/clineage-simulation/analysis/tmc-910648/tmc-008/case-10/reconstructed.newick
Output file: /home/chun/projects/clineage-simulation/analysis/tmc-910648/tmc-008/case-10/scores.raw.out
Additional options:
N - Report normalized distances.
P - Prune compared trees if needed (trees can have different leaf sets).
I - Include summary section in the output file.
-----
2018-06-19 08:04:53: Start of reading random statistics.
2018-06-19 08:04:53: End of reading random statistics.
2018-06-19 08:04:53: Start of scanning input file: /home/chun/projects/clineage-simulation/analysis/tmc-910648/tmc-008/case-10/reconstructed.newick
2018-06-19 08:04:53: End of scanning input file: /home/chun/projects/clineage-simulation/analysis/tmc-910648/tmc-008/case-10/reconstructed.newick
2018-06-19 08:04:53: 1 valid trees found in file: /home/chun/projects/clineage-simulation/analysis/tmc-910648/tmc-008/case-10/reconstructed.newick
2018-06-19 08:04:53: Start of calculation...please wait...
2018-06-19 08:04:53: 0.00% completed...
2018-06-19 08:04:53: 100.00% completed.
2018-06-19 08:04:53: End of calculation.
2018-06-19 08:04:53: Total calculation time: 20 ms.
                              metrics
No                             1.0000
RefTree                        1.0000
Tree                           1.0000
RefTree_taxa                  13.0000
Tree_taxa                     13.0000
Common_taxa                   13.0000
MatchingCluster                5.0000
MatchingCluster_toYuleAvg      0.1225
MatchingCluster_toUnifAvg      0.1134
R-F_Cluster                    1.0000
R-F_Cluster_toYuleAvg          0.0928
R-F_Cluster_toUnifAvg          0.0924
NodalSplitted                  6.9282
NodalSplitted_toYuleAvg        0.2262
NodalSplitted_toUnifAvg        0.1999
Triples                        4.0000
Triples_toYuleAvg              0.0209
Triples_toUnifAvg              0.0209
MatchingPair                   4.0000
MatchingPair_toYuleAvg         0.0785
MatchingPair_toUnifAvg         0.0799
MAST                           1.0000
MAST_toYuleAvg                 0.1299
MAST_toUnifAvg                 0.1288
CopheneticL2Metric             4.0000
CopheneticL2Metric_toYuleAvg   0.1649
CopheneticL2Metric_toUnifAvg   0.1497

                 Name       Avg  Std       Min       Max  Count
0     MatchingCluster  5.000000  0.0  5.000000  5.000000      1
1         R-F_Cluster  1.000000  0.0  1.000000  1.000000      1
2       NodalSplitted  6.928203  0.0  6.928203  6.928203      1
3             Triples  4.000000  0.0  4.000000  4.000000      1
4        MatchingPair  4.000000  0.0  4.000000  4.000000      1
5                MAST  1.000000  0.0  1.000000  1.000000      1
6  CopheneticL2Metric  4.000000  0.0  4.000000  4.000000      1
