
                            < M A T L A B (R) >
                  Copyright 1984-2017 The MathWorks, Inc.
                   R2017a (9.2.0.538062) 64-bit (glnxa64)
                             February 23, 2017

 
To get started, type one of these: helpwin, helpdesk, or demo.
For product information, visit www.mathworks.com.
 
Running "Run1", Seed: 910648
 *** Finished Simulation Run ***

config-15.json #############################################

[#.........] | Progress: 1 | Time: 0.0s | ETA: --[.#........] | Progress: 33 | Time: 0.1s | ETA: --[..#.......] | Progress: 65 | Time: 0.1s | ETA: --[...#......] | Progress: 97 | Time: 0.2s | ETA: --[....#.....] | Progress: 129 | Time: 0.2s | ETA: --[.....#....] | Progress: 161 | Time: 0.3s | ETA: --[......#...] | Progress: 192 | Time: 0.3s | ETA: --[.......#..] | Progress: 224 | Time: 0.4s | ETA: --[........#.] | Progress: 256 | Time: 0.4s | ETA: --[.........#] | Progress: 288 | Time: 0.5s | ETA: --[........#.] | Progress: 319 | Time: 0.5s | ETA: --[.......#..] | Progress: 351 | Time: 0.6s | ETA: --[......#...] | Progress: 383 | Time: 0.6s | ETA: --[.....#....] | Progress: 415 | Time: 0.7s | ETA: --[....#.....] | Progress: 446 | Time: 0.7s | ETA: --[...#......] | Progress: 477 | Time: 0.8s | ETA: --[..#.......] | Progress: 508 | Time: 0.8s | ETA: --[.#........] | Progress: 539 | Time: 0.9s | ETA: --[##########] | Progress: 553 | Time: 0.9s | ETA: --fit<>, fid</home/chun/projects/clineage-simulation/analysis/tmc-910648/tmc-008/case-15/triplets-list.raw.txt>, flg<treeReconstruction.log>, frt<resTree.tree>, frtN</home/chun/projects/clineage-simulation/analysis/tmc-910648/tmc-008/case-15/reconstructed.tmp.newick>, fsd<qqq.dat>, fst<simul.tree>, -->index=2
Read triplets from file...
Read triplets from file...Finished
N_triplets = 553, idMaxFound = 18
treeBuildBasedOnTriplets_run...
make_isTogetherInTripletAndDeleteExtraTriplets: Finished
maxCut with 18 nodes: Finished
maxCut with 11 nodes: Finished
maxCut with 6 nodes: Finished
treeBuildBasedOnTriplets_run...Finished
Saving tree to file...
Saving tree to file...Finished

                            < M A T L A B (R) >
                  Copyright 1984-2017 The MathWorks, Inc.
                   R2017a (9.2.0.538062) 64-bit (glnxa64)
                             February 23, 2017

 
To get started, type one of these: helpwin, helpdesk, or demo.
For product information, visit www.mathworks.com.
 
TreeCmp version build2

Active options:
Type of the analysis:  ref-to-all comparison mode (-r)
Metrics:
  1. MatchingCluster (mc)
  2. R-F_Cluster (rc)
  3. NodalSplitted (ns)
  4. Triples (tt)
  5. MatchingPair (mp)
  6. MAST (mt)
  7. CopheneticL2Metric (co)
Input file: /home/chun/projects/clineage-simulation/analysis/tmc-910648/tmc-008/case-15/reconstructed.newick
Output file: /home/chun/projects/clineage-simulation/analysis/tmc-910648/tmc-008/case-15/scores.raw.out
Additional options:
N - Report normalized distances.
P - Prune compared trees if needed (trees can have different leaf sets).
I - Include summary section in the output file.
-----
2018-06-19 08:04:57: Start of reading random statistics.
2018-06-19 08:04:57: End of reading random statistics.
2018-06-19 08:04:57: Start of scanning input file: /home/chun/projects/clineage-simulation/analysis/tmc-910648/tmc-008/case-15/reconstructed.newick
2018-06-19 08:04:57: End of scanning input file: /home/chun/projects/clineage-simulation/analysis/tmc-910648/tmc-008/case-15/reconstructed.newick
2018-06-19 08:04:57: 1 valid trees found in file: /home/chun/projects/clineage-simulation/analysis/tmc-910648/tmc-008/case-15/reconstructed.newick
2018-06-19 08:04:57: Start of calculation...please wait...
2018-06-19 08:04:57: 0.00% completed...
2018-06-19 08:04:57: 100.00% completed.
2018-06-19 08:04:57: End of calculation.
2018-06-19 08:04:57: Total calculation time: 23 ms.
                              metrics
No                             1.0000
RefTree                        1.0000
Tree                           1.0000
RefTree_taxa                  18.0000
Tree_taxa                     18.0000
Common_taxa                   18.0000
MatchingCluster               11.0000
MatchingCluster_toYuleAvg      0.1548
MatchingCluster_toUnifAvg      0.1368
R-F_Cluster                    2.5000
R-F_Cluster_toYuleAvg          0.1584
R-F_Cluster_toUnifAvg          0.1580
NodalSplitted                 14.9332
NodalSplitted_toYuleAvg        0.3004
NodalSplitted_toUnifAvg        0.2464
Triples                        8.0000
Triples_toYuleAvg              0.0146
Triples_toUnifAvg              0.0147
MatchingPair                   8.0000
MatchingPair_toYuleAvg         0.0752
MatchingPair_toUnifAvg         0.0769
MAST                           3.0000
MAST_toYuleAvg                 0.2556
MAST_toUnifAvg                 0.2549
CopheneticL2Metric             6.0000
CopheneticL2Metric_toYuleAvg   0.1529
CopheneticL2Metric_toUnifAvg   0.1327

                 Name        Avg  Std        Min        Max  Count
0     MatchingCluster  11.000000  0.0  11.000000  11.000000      1
1         R-F_Cluster   2.500000  0.0   2.500000   2.500000      1
2       NodalSplitted  14.933185  0.0  14.933185  14.933185      1
3             Triples   8.000000  0.0   8.000000   8.000000      1
4        MatchingPair   8.000000  0.0   8.000000   8.000000      1
5                MAST   3.000000  0.0   3.000000   3.000000      1
6  CopheneticL2Metric   6.000000  0.0   6.000000   6.000000      1
