
                            < M A T L A B (R) >
                  Copyright 1984-2017 The MathWorks, Inc.
                   R2017a (9.2.0.538062) 64-bit (glnxa64)
                             February 23, 2017

 
To get started, type one of these: helpwin, helpdesk, or demo.
For product information, visit www.mathworks.com.
 
Running "Run1", Seed: 910648
 *** Finished Simulation Run ***

config-13.json #############################################

[#.........] | Progress: 1 | Time: 0.0s | ETA: --[.#........] | Progress: 32 | Time: 0.1s | ETA: --[..#.......] | Progress: 63 | Time: 0.1s | ETA: --[...#......] | Progress: 94 | Time: 0.2s | ETA: --[....#.....] | Progress: 125 | Time: 0.2s | ETA: --[.....#....] | Progress: 156 | Time: 0.3s | ETA: --[......#...] | Progress: 187 | Time: 0.3s | ETA: --[.......#..] | Progress: 218 | Time: 0.4s | ETA: --[........#.] | Progress: 249 | Time: 0.4s | ETA: --[.........#] | Progress: 280 | Time: 0.5s | ETA: --[........#.] | Progress: 311 | Time: 0.5s | ETA: --[.......#..] | Progress: 342 | Time: 0.6s | ETA: --[......#...] | Progress: 373 | Time: 0.6s | ETA: --[##########] | Progress: 383 | Time: 0.6s | ETA: --fit<>, fid</home/chun/projects/clineage-simulation/analysis/tmc-910648/tmc-008/case-13/triplets-list.raw.txt>, flg<treeReconstruction.log>, frt<resTree.tree>, frtN</home/chun/projects/clineage-simulation/analysis/tmc-910648/tmc-008/case-13/reconstructed.tmp.newick>, fsd<qqq.dat>, fst<simul.tree>, -->index=2
Read triplets from file...
Read triplets from file...Finished
N_triplets = 383, idMaxFound = 16
treeBuildBasedOnTriplets_run...
make_isTogetherInTripletAndDeleteExtraTriplets: Finished
maxCut with 16 nodes: Finished
maxCut with 10 nodes: Finished
treeBuildBasedOnTriplets_run...Finished
Saving tree to file...
Saving tree to file...Finished

                            < M A T L A B (R) >
                  Copyright 1984-2017 The MathWorks, Inc.
                   R2017a (9.2.0.538062) 64-bit (glnxa64)
                             February 23, 2017

 
To get started, type one of these: helpwin, helpdesk, or demo.
For product information, visit www.mathworks.com.
 
TreeCmp version build2

Active options:
Type of the analysis:  ref-to-all comparison mode (-r)
Metrics:
  1. MatchingCluster (mc)
  2. R-F_Cluster (rc)
  3. NodalSplitted (ns)
  4. Triples (tt)
  5. MatchingPair (mp)
  6. MAST (mt)
  7. CopheneticL2Metric (co)
Input file: /home/chun/projects/clineage-simulation/analysis/tmc-910648/tmc-008/case-13/reconstructed.newick
Output file: /home/chun/projects/clineage-simulation/analysis/tmc-910648/tmc-008/case-13/scores.raw.out
Additional options:
N - Report normalized distances.
P - Prune compared trees if needed (trees can have different leaf sets).
I - Include summary section in the output file.
-----
2018-06-19 08:04:52: Start of reading random statistics.
2018-06-19 08:04:52: End of reading random statistics.
2018-06-19 08:04:52: Start of scanning input file: /home/chun/projects/clineage-simulation/analysis/tmc-910648/tmc-008/case-13/reconstructed.newick
2018-06-19 08:04:52: End of scanning input file: /home/chun/projects/clineage-simulation/analysis/tmc-910648/tmc-008/case-13/reconstructed.newick
2018-06-19 08:04:52: 1 valid trees found in file: /home/chun/projects/clineage-simulation/analysis/tmc-910648/tmc-008/case-13/reconstructed.newick
2018-06-19 08:04:52: Start of calculation...please wait...
2018-06-19 08:04:52: 0.00% completed...
2018-06-19 08:04:52: 100.00% completed.
2018-06-19 08:04:52: End of calculation.
2018-06-19 08:04:52: Total calculation time: 21 ms.
                              metrics
No                             1.0000
RefTree                        1.0000
Tree                           1.0000
RefTree_taxa                  16.0000
Tree_taxa                     16.0000
Common_taxa                   16.0000
MatchingCluster                5.0000
MatchingCluster_toYuleAvg      0.0856
MatchingCluster_toUnifAvg      0.0774
R-F_Cluster                    1.0000
R-F_Cluster_toYuleAvg          0.0726
R-F_Cluster_toUnifAvg          0.0723
NodalSplitted                  7.9373
NodalSplitted_toYuleAvg        0.1886
NodalSplitted_toUnifAvg        0.1613
Triples                        4.0000
Triples_toYuleAvg              0.0107
Triples_toUnifAvg              0.0107
MatchingPair                   4.0000
MatchingPair_toYuleAvg         0.0490
MatchingPair_toUnifAvg         0.0500
MAST                           1.0000
MAST_toYuleAvg                 0.0994
MAST_toUnifAvg                 0.0988
CopheneticL2Metric             4.0000
CopheneticL2Metric_toYuleAvg   0.1217
CopheneticL2Metric_toUnifAvg   0.1075

                 Name       Avg  Std       Min       Max  Count
0     MatchingCluster  5.000000  0.0  5.000000  5.000000      1
1         R-F_Cluster  1.000000  0.0  1.000000  1.000000      1
2       NodalSplitted  7.937254  0.0  7.937254  7.937254      1
3             Triples  4.000000  0.0  4.000000  4.000000      1
4        MatchingPair  4.000000  0.0  4.000000  4.000000      1
5                MAST  1.000000  0.0  1.000000  1.000000      1
6  CopheneticL2Metric  4.000000  0.0  4.000000  4.000000      1
