
                            < M A T L A B (R) >
                  Copyright 1984-2017 The MathWorks, Inc.
                   R2017a (9.2.0.538062) 64-bit (glnxa64)
                             February 23, 2017

 
To get started, type one of these: helpwin, helpdesk, or demo.
For product information, visit www.mathworks.com.
 
Running "Run1", Seed: 910648
 *** Finished Simulation Run ***

config-14.json #############################################

[#.........] | Progress: 1 | Time: 0.0s | ETA: --[.#........] | Progress: 32 | Time: 0.1s | ETA: --[..#.......] | Progress: 63 | Time: 0.1s | ETA: --[...#......] | Progress: 94 | Time: 0.2s | ETA: --[....#.....] | Progress: 125 | Time: 0.2s | ETA: --[.....#....] | Progress: 156 | Time: 0.3s | ETA: --[......#...] | Progress: 187 | Time: 0.3s | ETA: --[.......#..] | Progress: 218 | Time: 0.4s | ETA: --[........#.] | Progress: 249 | Time: 0.4s | ETA: --[.........#] | Progress: 280 | Time: 0.5s | ETA: --[........#.] | Progress: 311 | Time: 0.5s | ETA: --[.......#..] | Progress: 342 | Time: 0.6s | ETA: --[......#...] | Progress: 373 | Time: 0.6s | ETA: --[.....#....] | Progress: 404 | Time: 0.7s | ETA: --[....#.....] | Progress: 435 | Time: 0.7s | ETA: --[...#......] | Progress: 466 | Time: 0.8s | ETA: --[##########] | Progress: 473 | Time: 0.8s | ETA: --fit<>, fid</home/chun/projects/clineage-simulation/analysis/tmc-910648/tmc-008/case-14/triplets-list.raw.txt>, flg<treeReconstruction.log>, frt<resTree.tree>, frtN</home/chun/projects/clineage-simulation/analysis/tmc-910648/tmc-008/case-14/reconstructed.tmp.newick>, fsd<qqq.dat>, fst<simul.tree>, -->index=2
Read triplets from file...
Read triplets from file...Finished
N_triplets = 473, idMaxFound = 17
treeBuildBasedOnTriplets_run...
make_isTogetherInTripletAndDeleteExtraTriplets: Finished
maxCut with 17 nodes: Finished
maxCut with 10 nodes: Finished
maxCut with 6 nodes: Finished
treeBuildBasedOnTriplets_run...Finished
Saving tree to file...
Saving tree to file...Finished

                            < M A T L A B (R) >
                  Copyright 1984-2017 The MathWorks, Inc.
                   R2017a (9.2.0.538062) 64-bit (glnxa64)
                             February 23, 2017

 
To get started, type one of these: helpwin, helpdesk, or demo.
For product information, visit www.mathworks.com.
 
TreeCmp version build2

Active options:
Type of the analysis:  ref-to-all comparison mode (-r)
Metrics:
  1. MatchingCluster (mc)
  2. R-F_Cluster (rc)
  3. NodalSplitted (ns)
  4. Triples (tt)
  5. MatchingPair (mp)
  6. MAST (mt)
  7. CopheneticL2Metric (co)
Input file: /home/chun/projects/clineage-simulation/analysis/tmc-910648/tmc-008/case-14/reconstructed.newick
Output file: /home/chun/projects/clineage-simulation/analysis/tmc-910648/tmc-008/case-14/scores.raw.out
Additional options:
N - Report normalized distances.
P - Prune compared trees if needed (trees can have different leaf sets).
I - Include summary section in the output file.
-----
2018-06-19 08:04:55: Start of reading random statistics.
2018-06-19 08:04:56: End of reading random statistics.
2018-06-19 08:04:56: Start of scanning input file: /home/chun/projects/clineage-simulation/analysis/tmc-910648/tmc-008/case-14/reconstructed.newick
2018-06-19 08:04:56: End of scanning input file: /home/chun/projects/clineage-simulation/analysis/tmc-910648/tmc-008/case-14/reconstructed.newick
2018-06-19 08:04:56: 1 valid trees found in file: /home/chun/projects/clineage-simulation/analysis/tmc-910648/tmc-008/case-14/reconstructed.newick
2018-06-19 08:04:56: Start of calculation...please wait...
2018-06-19 08:04:56: 0.00% completed...
2018-06-19 08:04:56: 100.00% completed.
2018-06-19 08:04:56: End of calculation.
2018-06-19 08:04:56: Total calculation time: 24 ms.
                              metrics
No                             1.0000
RefTree                        1.0000
Tree                           1.0000
RefTree_taxa                  17.0000
Tree_taxa                     17.0000
Common_taxa                   17.0000
MatchingCluster                7.0000
MatchingCluster_toYuleAvg      0.1083
MatchingCluster_toUnifAvg      0.0963
R-F_Cluster                    1.5000
R-F_Cluster_toYuleAvg          0.1015
R-F_Cluster_toUnifAvg          0.1010
NodalSplitted                  9.8995
NodalSplitted_toYuleAvg        0.2160
NodalSplitted_toUnifAvg        0.1808
Triples                        5.0000
Triples_toYuleAvg              0.0110
Triples_toUnifAvg              0.0110
MatchingPair                   5.0000
MatchingPair_toYuleAvg         0.0535
MatchingPair_toUnifAvg         0.0544
MAST                           2.0000
MAST_toYuleAvg                 0.1839
MAST_toUnifAvg                 0.1827
CopheneticL2Metric             4.3589
CopheneticL2Metric_toYuleAvg   0.1214
CopheneticL2Metric_toUnifAvg   0.1054

                 Name       Avg  Std       Min       Max  Count
0     MatchingCluster  7.000000  0.0  7.000000  7.000000      1
1         R-F_Cluster  1.500000  0.0  1.500000  1.500000      1
2       NodalSplitted  9.899495  0.0  9.899495  9.899495      1
3             Triples  5.000000  0.0  5.000000  5.000000      1
4        MatchingPair  5.000000  0.0  5.000000  5.000000      1
5                MAST  2.000000  0.0  2.000000  2.000000      1
6  CopheneticL2Metric  4.358899  0.0  4.358899  4.358899      1
