                              metrics
No                             1.0000
RefTree                        1.0000
Tree                           1.0000
RefTree_taxa                  23.0000
Tree_taxa                     23.0000
Common_taxa                   23.0000
MatchingCluster               15.0000
MatchingCluster_toYuleAvg      0.1415
MatchingCluster_toUnifAvg      0.1210
R-F_Cluster                    3.5000
R-F_Cluster_toYuleAvg          0.1684
R-F_Cluster_toUnifAvg          0.1681
NodalSplitted                 24.3311
NodalSplitted_toYuleAvg        0.3449
NodalSplitted_toUnifAvg        0.2714
Triples                       15.0000
Triples_toYuleAvg              0.0127
Triples_toUnifAvg              0.0127
MatchingPair                  11.0000
MatchingPair_toYuleAvg         0.0603
MatchingPair_toUnifAvg         0.0616
MAST                           4.0000
MAST_toYuleAvg                 0.2521
MAST_toUnifAvg                 0.2498
CopheneticL2Metric             9.3274
CopheneticL2Metric_toYuleAvg   0.1722
CopheneticL2Metric_toUnifAvg   0.1381

                 Name        Avg  Std        Min        Max  Count
0     MatchingCluster  15.000000  0.0  15.000000  15.000000      1
1         R-F_Cluster   3.500000  0.0   3.500000   3.500000      1
2       NodalSplitted  24.331050  0.0  24.331050  24.331050      1
3             Triples  15.000000  0.0  15.000000  15.000000      1
4        MatchingPair  11.000000  0.0  11.000000  11.000000      1
5                MAST   4.000000  0.0   4.000000   4.000000      1
6  CopheneticL2Metric   9.327379  0.0   9.327379   9.327379      1
