                              metrics
No                             1.0000
RefTree                        1.0000
Tree                           1.0000
RefTree_taxa                  20.0000
Tree_taxa                     20.0000
Common_taxa                   20.0000
MatchingCluster               12.0000
MatchingCluster_toYuleAvg      0.1409
MatchingCluster_toUnifAvg      0.1234
R-F_Cluster                    4.0000
R-F_Cluster_toYuleAvg          0.2252
R-F_Cluster_toUnifAvg          0.2241
NodalSplitted                 18.9209
NodalSplitted_toYuleAvg        0.3252
NodalSplitted_toUnifAvg        0.2633
Triples                       10.0000
Triples_toYuleAvg              0.0131
Triples_toUnifAvg              0.0132
MatchingPair                   7.0000
MatchingPair_toYuleAvg         0.0520
MatchingPair_toUnifAvg         0.0532
MAST                           3.0000
MAST_toYuleAvg                 0.2249
MAST_toUnifAvg                 0.2230
CopheneticL2Metric             6.8557
CopheneticL2Metric_toYuleAvg   0.1544
CopheneticL2Metric_toUnifAvg   0.1262

                 Name        Avg  Std        Min        Max  Count
0     MatchingCluster  12.000000  0.0  12.000000  12.000000      1
1         R-F_Cluster   4.000000  0.0   4.000000   4.000000      1
2       NodalSplitted  18.920888  0.0  18.920888  18.920888      1
3             Triples  10.000000  0.0  10.000000  10.000000      1
4        MatchingPair   7.000000  0.0   7.000000   7.000000      1
5                MAST   3.000000  0.0   3.000000   3.000000      1
6  CopheneticL2Metric   6.855655  0.0   6.855655   6.855655      1
