                                metrics
No                               1.0000
RefTree                          1.0000
Tree                             1.0000
RefTree_taxa                    23.0000
Tree_taxa                       23.0000
Common_taxa                     23.0000
MatchingCluster                 79.0000
MatchingCluster_toYuleAvg        0.7451
MatchingCluster_toUnifAvg        0.6374
R-F_Cluster                     14.5000
R-F_Cluster_toYuleAvg            0.6979
R-F_Cluster_toUnifAvg            0.6965
NodalSplitted                   55.0454
NodalSplitted_toYuleAvg          0.7803
NodalSplitted_toUnifAvg          0.6140
Triples                       1078.0000
Triples_toYuleAvg                0.9121
Triples_toUnifAvg                0.9161
MatchingPair                   162.0000
MatchingPair_toYuleAvg           0.8875
MatchingPair_toUnifAvg           0.9069
MAST                            15.0000
MAST_toYuleAvg                   0.9454
MAST_toUnifAvg                   0.9367
CopheneticL2Metric              30.9031
CopheneticL2Metric_toYuleAvg     0.5704
CopheneticL2Metric_toUnifAvg     0.4577

                 Name          Avg  Std          Min          Max  Count
0     MatchingCluster    79.000000  0.0    79.000000    79.000000      1
1         R-F_Cluster    14.500000  0.0    14.500000    14.500000      1
2       NodalSplitted    55.045436  0.0    55.045436    55.045436      1
3             Triples  1078.000000  0.0  1078.000000  1078.000000      1
4        MatchingPair   162.000000  0.0   162.000000   162.000000      1
5                MAST    15.000000  0.0    15.000000    15.000000      1
6  CopheneticL2Metric    30.903074  0.0    30.903074    30.903074      1
