                              metrics
No                             1.0000
RefTree                        1.0000
Tree                           1.0000
RefTree_taxa                  11.0000
Tree_taxa                     11.0000
Common_taxa                   11.0000
MatchingCluster               13.0000
MatchingCluster_toYuleAvg      0.4283
MatchingCluster_toUnifAvg      0.4069
R-F_Cluster                    2.0000
R-F_Cluster_toYuleAvg          0.2290
R-F_Cluster_toUnifAvg          0.2272
NodalSplitted                  9.8995
NodalSplitted_toYuleAvg        0.4171
NodalSplitted_toUnifAvg        0.3861
Triples                       42.0000
Triples_toYuleAvg              0.3822
Triples_toUnifAvg              0.3811
MatchingPair                  20.0000
MatchingPair_toYuleAvg         0.5823
MatchingPair_toUnifAvg         0.5872
MAST                           4.0000
MAST_toYuleAvg                 0.6474
MAST_toUnifAvg                 0.6464
CopheneticL2Metric             7.0000
CopheneticL2Metric_toYuleAvg   0.3672
CopheneticL2Metric_toUnifAvg   0.3404

                 Name        Avg  Std        Min        Max  Count
0     MatchingCluster  13.000000  0.0  13.000000  13.000000      1
1         R-F_Cluster   2.000000  0.0   2.000000   2.000000      1
2       NodalSplitted   9.899495  0.0   9.899495   9.899495      1
3             Triples  42.000000  0.0  42.000000  42.000000      1
4        MatchingPair  20.000000  0.0  20.000000  20.000000      1
5                MAST   4.000000  0.0   4.000000   4.000000      1
6  CopheneticL2Metric   7.000000  0.0   7.000000   7.000000      1
