                              metrics
No                             1.0000
RefTree                        1.0000
Tree                           1.0000
RefTree_taxa                  11.0000
Tree_taxa                     11.0000
Common_taxa                   11.0000
MatchingCluster               25.0000
MatchingCluster_toYuleAvg      0.8237
MatchingCluster_toUnifAvg      0.7824
R-F_Cluster                    7.5000
R-F_Cluster_toYuleAvg          0.8586
R-F_Cluster_toUnifAvg          0.8520
NodalSplitted                 19.5959
NodalSplitted_toYuleAvg        0.8257
NodalSplitted_toUnifAvg        0.7643
Triples                       97.0000
Triples_toYuleAvg              0.8826
Triples_toUnifAvg              0.8801
MatchingPair                  30.0000
MatchingPair_toYuleAvg         0.8734
MatchingPair_toUnifAvg         0.8809
MAST                           6.0000
MAST_toYuleAvg                 0.9710
MAST_toUnifAvg                 0.9696
CopheneticL2Metric            12.1244
CopheneticL2Metric_toYuleAvg   0.6361
CopheneticL2Metric_toUnifAvg   0.5896

                 Name        Avg  Std        Min        Max  Count
0     MatchingCluster  25.000000  0.0  25.000000  25.000000      1
1         R-F_Cluster   7.500000  0.0   7.500000   7.500000      1
2       NodalSplitted  19.595918  0.0  19.595918  19.595918      1
3             Triples  97.000000  0.0  97.000000  97.000000      1
4        MatchingPair  30.000000  0.0  30.000000  30.000000      1
5                MAST   6.000000  0.0   6.000000   6.000000      1
6  CopheneticL2Metric  12.124356  0.0  12.124356  12.124356      1
