                              metrics
No                             1.0000
RefTree                        1.0000
Tree                           1.0000
RefTree_taxa                  15.0000
Tree_taxa                     15.0000
Common_taxa                   15.0000
MatchingCluster                6.0000
MatchingCluster_toYuleAvg      0.1159
MatchingCluster_toUnifAvg      0.1044
R-F_Cluster                    2.5000
R-F_Cluster_toYuleAvg          0.1961
R-F_Cluster_toUnifAvg          0.1951
NodalSplitted                 11.4018
NodalSplitted_toYuleAvg        0.3011
NodalSplitted_toUnifAvg        0.2593
Triples                        8.0000
Triples_toYuleAvg              0.0265
Triples_toUnifAvg              0.0264
MatchingPair                   6.0000
MatchingPair_toYuleAvg         0.0853
MatchingPair_toUnifAvg         0.0865
MAST                           3.0000
MAST_toYuleAvg                 0.3250
MAST_toUnifAvg                 0.3200
CopheneticL2Metric             4.7958
CopheneticL2Metric_toYuleAvg   0.1600
CopheneticL2Metric_toUnifAvg   0.1416

                 Name        Avg  Std        Min        Max  Count
0     MatchingCluster   6.000000  0.0   6.000000   6.000000      1
1         R-F_Cluster   2.500000  0.0   2.500000   2.500000      1
2       NodalSplitted  11.401754  0.0  11.401754  11.401754      1
3             Triples   8.000000  0.0   8.000000   8.000000      1
4        MatchingPair   6.000000  0.0   6.000000   6.000000      1
5                MAST   3.000000  0.0   3.000000   3.000000      1
6  CopheneticL2Metric   4.795832  0.0   4.795832   4.795832      1
