                              metrics
No                             1.0000
RefTree                        1.0000
Tree                           1.0000
RefTree_taxa                  11.0000
Tree_taxa                     11.0000
Common_taxa                   11.0000
MatchingCluster               16.0000
MatchingCluster_toYuleAvg      0.5272
MatchingCluster_toUnifAvg      0.5008
R-F_Cluster                    3.5000
R-F_Cluster_toYuleAvg          0.4007
R-F_Cluster_toUnifAvg          0.3976
NodalSplitted                 13.6382
NodalSplitted_toYuleAvg        0.5746
NodalSplitted_toUnifAvg        0.5320
Triples                       27.0000
Triples_toYuleAvg              0.2457
Triples_toUnifAvg              0.2450
MatchingPair                  16.0000
MatchingPair_toYuleAvg         0.4658
MatchingPair_toUnifAvg         0.4698
MAST                           3.0000
MAST_toYuleAvg                 0.4855
MAST_toUnifAvg                 0.4848
CopheneticL2Metric            12.9228
CopheneticL2Metric_toYuleAvg   0.6780
CopheneticL2Metric_toUnifAvg   0.6284

                 Name        Avg  Std        Min        Max  Count
0     MatchingCluster  16.000000  0.0  16.000000  16.000000      1
1         R-F_Cluster   3.500000  0.0   3.500000   3.500000      1
2       NodalSplitted  13.638182  0.0  13.638182  13.638182      1
3             Triples  27.000000  0.0  27.000000  27.000000      1
4        MatchingPair  16.000000  0.0  16.000000  16.000000      1
5                MAST   3.000000  0.0   3.000000   3.000000      1
6  CopheneticL2Metric  12.922848  0.0  12.922848  12.922848      1
