                              metrics
No                             1.0000
RefTree                        1.0000
Tree                           1.0000
RefTree_taxa                  13.0000
Tree_taxa                     13.0000
Common_taxa                   13.0000
MatchingCluster               14.0000
MatchingCluster_toYuleAvg      0.3429
MatchingCluster_toUnifAvg      0.3174
R-F_Cluster                    2.5000
R-F_Cluster_toYuleAvg          0.2319
R-F_Cluster_toUnifAvg          0.2310
NodalSplitted                 11.6619
NodalSplitted_toYuleAvg        0.3808
NodalSplitted_toUnifAvg        0.3364
Triples                       25.0000
Triples_toYuleAvg              0.1308
Triples_toUnifAvg              0.1309
MatchingPair                  12.0000
MatchingPair_toYuleAvg         0.2356
MatchingPair_toUnifAvg         0.2396
MAST                           3.0000
MAST_toYuleAvg                 0.3898
MAST_toUnifAvg                 0.3863
CopheneticL2Metric             8.2462
CopheneticL2Metric_toYuleAvg   0.3399
CopheneticL2Metric_toUnifAvg   0.3087

                 Name        Avg  Std        Min        Max  Count
0     MatchingCluster  14.000000  0.0  14.000000  14.000000      1
1         R-F_Cluster   2.500000  0.0   2.500000   2.500000      1
2       NodalSplitted  11.661904  0.0  11.661904  11.661904      1
3             Triples  25.000000  0.0  25.000000  25.000000      1
4        MatchingPair  12.000000  0.0  12.000000  12.000000      1
5                MAST   3.000000  0.0   3.000000   3.000000      1
6  CopheneticL2Metric   8.246211  0.0   8.246211   8.246211      1
