
                            < M A T L A B (R) >
                  Copyright 1984-2017 The MathWorks, Inc.
                   R2017a (9.2.0.538062) 64-bit (glnxa64)
                             February 23, 2017

 
To get started, type one of these: helpwin, helpdesk, or demo.
For product information, visit www.mathworks.com.
 
Running "Run1", Seed: 145539
 *** Finished Simulation Run ***

config-11.json #############################################

[#.........] | Progress: 1 | Time: 0.0s | ETA: --[.#........] | Progress: 157 | Time: 0.1s | ETA: --[##########] | Progress: 255 | Time: 0.1s | ETA: --fit<>, fid</home/chun/projects/clineage-simulation/analysis/tmc-145539/tmc-005/case-11/triplets-list.raw.txt>, flg<treeReconstruction.log>, frt<resTree.tree>, frtN</home/chun/projects/clineage-simulation/analysis/tmc-145539/tmc-005/case-11/reconstructed.tmp.newick>, fsd<qqq.dat>, fst<simul.tree>, -->index=2
Read triplets from file...
Read triplets from file...Finished
N_triplets = 255, idMaxFound = 14
treeBuildBasedOnTriplets_run...
make_isTogetherInTripletAndDeleteExtraTriplets: Finished
maxCut with 14 nodes: Finished
maxCut with 13 nodes: Finished
maxCut with 8 nodes: Finished
maxCut with 5 nodes: Finished
treeBuildBasedOnTriplets_run...Finished
Saving tree to file...
Saving tree to file...Finished

                            < M A T L A B (R) >
                  Copyright 1984-2017 The MathWorks, Inc.
                   R2017a (9.2.0.538062) 64-bit (glnxa64)
                             February 23, 2017

 
To get started, type one of these: helpwin, helpdesk, or demo.
For product information, visit www.mathworks.com.
 
TreeCmp version build2

Active options:
Type of the analysis:  ref-to-all comparison mode (-r)
Metrics:
  1. MatchingCluster (mc)
  2. R-F_Cluster (rc)
  3. NodalSplitted (ns)
  4. Triples (tt)
  5. MatchingPair (mp)
  6. MAST (mt)
  7. CopheneticL2Metric (co)
Input file: /home/chun/projects/clineage-simulation/analysis/tmc-145539/tmc-005/case-11/reconstructed.newick
Output file: /home/chun/projects/clineage-simulation/analysis/tmc-145539/tmc-005/case-11/scores.raw.out
Additional options:
N - Report normalized distances.
P - Prune compared trees if needed (trees can have different leaf sets).
I - Include summary section in the output file.
-----
2018-06-19 06:47:54: Start of reading random statistics.
2018-06-19 06:47:54: End of reading random statistics.
2018-06-19 06:47:54: Start of scanning input file: /home/chun/projects/clineage-simulation/analysis/tmc-145539/tmc-005/case-11/reconstructed.newick
2018-06-19 06:47:54: End of scanning input file: /home/chun/projects/clineage-simulation/analysis/tmc-145539/tmc-005/case-11/reconstructed.newick
2018-06-19 06:47:54: 1 valid trees found in file: /home/chun/projects/clineage-simulation/analysis/tmc-145539/tmc-005/case-11/reconstructed.newick
2018-06-19 06:47:54: Start of calculation...please wait...
2018-06-19 06:47:54: 0.00% completed...
2018-06-19 06:47:54: 100.00% completed.
2018-06-19 06:47:54: End of calculation.
2018-06-19 06:47:54: Total calculation time: 20 ms.
                              metrics
No                             1.0000
RefTree                        1.0000
Tree                           1.0000
RefTree_taxa                  14.0000
Tree_taxa                     14.0000
Common_taxa                   14.0000
MatchingCluster               15.0000
MatchingCluster_toYuleAvg      0.3211
MatchingCluster_toUnifAvg      0.2973
R-F_Cluster                    5.0000
R-F_Cluster_toYuleAvg          0.4246
R-F_Cluster_toUnifAvg          0.4232
NodalSplitted                 14.1067
NodalSplitted_toYuleAvg        0.4060
NodalSplitted_toUnifAvg        0.3613
Triples                       30.0000
Triples_toYuleAvg              0.1235
Triples_toUnifAvg              0.1238
MatchingPair                  15.0000
MatchingPair_toYuleAvg         0.2495
MatchingPair_toUnifAvg         0.2540
MAST                           4.0000
MAST_toYuleAvg                 0.4715
MAST_toUnifAvg                 0.4669
CopheneticL2Metric             7.7460
CopheneticL2Metric_toYuleAvg   0.2830
CopheneticL2Metric_toUnifAvg   0.2539

                 Name        Avg  Std        Min        Max  Count
0     MatchingCluster  15.000000  0.0  15.000000  15.000000      1
1         R-F_Cluster   5.000000  0.0   5.000000   5.000000      1
2       NodalSplitted  14.106736  0.0  14.106736  14.106736      1
3             Triples  30.000000  0.0  30.000000  30.000000      1
4        MatchingPair  15.000000  0.0  15.000000  15.000000      1
5                MAST   4.000000  0.0   4.000000   4.000000      1
6  CopheneticL2Metric   7.745967  0.0   7.745967   7.745967      1
