
                            < M A T L A B (R) >
                  Copyright 1984-2017 The MathWorks, Inc.
                   R2017a (9.2.0.538062) 64-bit (glnxa64)
                             February 23, 2017

 
To get started, type one of these: helpwin, helpdesk, or demo.
For product information, visit www.mathworks.com.
 
Running "Run1", Seed: 145539
 *** Finished Simulation Run ***

config-18.json #############################################

[#.........] | Progress: 1 | Time: 0.0s | ETA: --[.#........] | Progress: 163 | Time: 0.1s | ETA: --[..#.......] | Progress: 324 | Time: 0.1s | ETA: --[...#......] | Progress: 483 | Time: 0.2s | ETA: --[....#.....] | Progress: 640 | Time: 0.2s | ETA: --[.....#....] | Progress: 797 | Time: 0.3s | ETA: --[##########] | Progress: 911 | Time: 0.3s | ETA: --fit<>, fid</home/chun/projects/clineage-simulation/analysis/tmc-145539/tmc-005/case-18/triplets-list.raw.txt>, flg<treeReconstruction.log>, frt<resTree.tree>, frtN</home/chun/projects/clineage-simulation/analysis/tmc-145539/tmc-005/case-18/reconstructed.tmp.newick>, fsd<qqq.dat>, fst<simul.tree>, -->index=2
Read triplets from file...
Read triplets from file...Finished
N_triplets = 899, idMaxFound = 21
treeBuildBasedOnTriplets_run...
make_isTogetherInTripletAndDeleteExtraTriplets: Finished
maxCut with 21 nodes: Finished
maxCut with 20 nodes: Finished
maxCut with 6 nodes: Finished
maxCut with 14 nodes: Finished
maxCut with 10 nodes: Finished
maxCut with 8 nodes: Finished
maxCut with 5 nodes: Finished
treeBuildBasedOnTriplets_run...Finished
Saving tree to file...
Saving tree to file...Finished

                            < M A T L A B (R) >
                  Copyright 1984-2017 The MathWorks, Inc.
                   R2017a (9.2.0.538062) 64-bit (glnxa64)
                             February 23, 2017

 
To get started, type one of these: helpwin, helpdesk, or demo.
For product information, visit www.mathworks.com.
 
TreeCmp version build2

Active options:
Type of the analysis:  ref-to-all comparison mode (-r)
Metrics:
  1. MatchingCluster (mc)
  2. R-F_Cluster (rc)
  3. NodalSplitted (ns)
  4. Triples (tt)
  5. MatchingPair (mp)
  6. MAST (mt)
  7. CopheneticL2Metric (co)
Input file: /home/chun/projects/clineage-simulation/analysis/tmc-145539/tmc-005/case-18/reconstructed.newick
Output file: /home/chun/projects/clineage-simulation/analysis/tmc-145539/tmc-005/case-18/scores.raw.out
Additional options:
N - Report normalized distances.
P - Prune compared trees if needed (trees can have different leaf sets).
I - Include summary section in the output file.
-----
2018-06-19 06:47:54: Start of reading random statistics.
2018-06-19 06:47:54: End of reading random statistics.
2018-06-19 06:47:54: Start of scanning input file: /home/chun/projects/clineage-simulation/analysis/tmc-145539/tmc-005/case-18/reconstructed.newick
2018-06-19 06:47:54: End of scanning input file: /home/chun/projects/clineage-simulation/analysis/tmc-145539/tmc-005/case-18/reconstructed.newick
2018-06-19 06:47:54: 1 valid trees found in file: /home/chun/projects/clineage-simulation/analysis/tmc-145539/tmc-005/case-18/reconstructed.newick
2018-06-19 06:47:54: Start of calculation...please wait...
2018-06-19 06:47:54: 0.00% completed...
2018-06-19 06:47:54: 100.00% completed.
2018-06-19 06:47:54: End of calculation.
2018-06-19 06:47:54: Total calculation time: 25 ms.
                              metrics
No                             1.0000
RefTree                        1.0000
Tree                           1.0000
RefTree_taxa                  21.0000
Tree_taxa                     21.0000
Common_taxa                   21.0000
MatchingCluster               28.0000
MatchingCluster_toYuleAvg      0.3057
MatchingCluster_toUnifAvg      0.2647
R-F_Cluster                    7.0000
R-F_Cluster_toYuleAvg          0.3729
R-F_Cluster_toUnifAvg          0.3714
NodalSplitted                 22.8910
NodalSplitted_toYuleAvg        0.3718
NodalSplitted_toUnifAvg        0.2941
Triples                       65.0000
Triples_toYuleAvg              0.0732
Triples_toUnifAvg              0.0733
MatchingPair                  25.0000
MatchingPair_toYuleAvg         0.1674
MatchingPair_toUnifAvg         0.1708
MAST                           5.0000
MAST_toYuleAvg                 0.3527
MAST_toUnifAvg                 0.3502
CopheneticL2Metric            14.2478
CopheneticL2Metric_toYuleAvg   0.2994
CopheneticL2Metric_toUnifAvg   0.2466

                 Name        Avg  Std        Min        Max  Count
0     MatchingCluster  28.000000  0.0  28.000000  28.000000      1
1         R-F_Cluster   7.000000  0.0   7.000000   7.000000      1
2       NodalSplitted  22.891046  0.0  22.891046  22.891046      1
3             Triples  65.000000  0.0  65.000000  65.000000      1
4        MatchingPair  25.000000  0.0  25.000000  25.000000      1
5                MAST   5.000000  0.0   5.000000   5.000000      1
6  CopheneticL2Metric  14.247807  0.0  14.247807  14.247807      1
