
                            < M A T L A B (R) >
                  Copyright 1984-2017 The MathWorks, Inc.
                   R2017a (9.2.0.538062) 64-bit (glnxa64)
                             February 23, 2017

 
To get started, type one of these: helpwin, helpdesk, or demo.
For product information, visit www.mathworks.com.
 
Running "Run1", Seed: 145539
 *** Finished Simulation Run ***

config-16.json #############################################

[#.........] | Progress: 1 | Time: 0.0s | ETA: --[.#........] | Progress: 136 | Time: 0.1s | ETA: --[..#.......] | Progress: 270 | Time: 0.1s | ETA: --[...#......] | Progress: 405 | Time: 0.2s | ETA: --[....#.....] | Progress: 538 | Time: 0.2s | ETA: --[##########] | Progress: 656 | Time: 0.2s | ETA: --fit<>, fid</home/chun/projects/clineage-simulation/analysis/tmc-145539/tmc-005/case-16/triplets-list.raw.txt>, flg<treeReconstruction.log>, frt<resTree.tree>, frtN</home/chun/projects/clineage-simulation/analysis/tmc-145539/tmc-005/case-16/reconstructed.tmp.newick>, fsd<qqq.dat>, fst<simul.tree>, -->index=2
Read triplets from file...
Read triplets from file...Finished
N_triplets = 650, idMaxFound = 19
treeBuildBasedOnTriplets_run...
make_isTogetherInTripletAndDeleteExtraTriplets: Finished
maxCut with 19 nodes: Finished
maxCut with 18 nodes: Finished
maxCut with 13 nodes: Finished
maxCut with 9 nodes: Finished
maxCut with 7 nodes: Finished
maxCut with 5 nodes: Finished
treeBuildBasedOnTriplets_run...Finished
Saving tree to file...
Saving tree to file...Finished

                            < M A T L A B (R) >
                  Copyright 1984-2017 The MathWorks, Inc.
                   R2017a (9.2.0.538062) 64-bit (glnxa64)
                             February 23, 2017

 
To get started, type one of these: helpwin, helpdesk, or demo.
For product information, visit www.mathworks.com.
 
TreeCmp version build2

Active options:
Type of the analysis:  ref-to-all comparison mode (-r)
Metrics:
  1. MatchingCluster (mc)
  2. R-F_Cluster (rc)
  3. NodalSplitted (ns)
  4. Triples (tt)
  5. MatchingPair (mp)
  6. MAST (mt)
  7. CopheneticL2Metric (co)
Input file: /home/chun/projects/clineage-simulation/analysis/tmc-145539/tmc-005/case-16/reconstructed.newick
Output file: /home/chun/projects/clineage-simulation/analysis/tmc-145539/tmc-005/case-16/scores.raw.out
Additional options:
N - Report normalized distances.
P - Prune compared trees if needed (trees can have different leaf sets).
I - Include summary section in the output file.
-----
2018-06-19 06:47:57: Start of reading random statistics.
2018-06-19 06:47:57: End of reading random statistics.
2018-06-19 06:47:57: Start of scanning input file: /home/chun/projects/clineage-simulation/analysis/tmc-145539/tmc-005/case-16/reconstructed.newick
2018-06-19 06:47:57: End of scanning input file: /home/chun/projects/clineage-simulation/analysis/tmc-145539/tmc-005/case-16/reconstructed.newick
2018-06-19 06:47:57: 1 valid trees found in file: /home/chun/projects/clineage-simulation/analysis/tmc-145539/tmc-005/case-16/reconstructed.newick
2018-06-19 06:47:57: Start of calculation...please wait...
2018-06-19 06:47:57: 0.00% completed...
2018-06-19 06:47:57: 100.00% completed.
2018-06-19 06:47:57: End of calculation.
2018-06-19 06:47:57: Total calculation time: 28 ms.
                              metrics
No                             1.0000
RefTree                        1.0000
Tree                           1.0000
RefTree_taxa                  19.0000
Tree_taxa                     19.0000
Common_taxa                   19.0000
MatchingCluster               30.0000
MatchingCluster_toYuleAvg      0.3869
MatchingCluster_toUnifAvg      0.3376
R-F_Cluster                    7.5000
R-F_Cluster_toYuleAvg          0.4479
R-F_Cluster_toUnifAvg          0.4456
NodalSplitted                 30.6268
NodalSplitted_toYuleAvg        0.5694
NodalSplitted_toUnifAvg        0.4642
Triples                       71.0000
Triples_toYuleAvg              0.1103
Triples_toUnifAvg              0.1098
MatchingPair                  27.0000
MatchingPair_toYuleAvg         0.2256
MatchingPair_toUnifAvg         0.2292
MAST                           6.0000
MAST_toYuleAvg                 0.4794
MAST_toUnifAvg                 0.4757
CopheneticL2Metric            15.5563
CopheneticL2Metric_toYuleAvg   0.3685
CopheneticL2Metric_toUnifAvg   0.3159

                 Name        Avg  Std        Min        Max  Count
0     MatchingCluster  30.000000  0.0  30.000000  30.000000      1
1         R-F_Cluster   7.500000  0.0   7.500000   7.500000      1
2       NodalSplitted  30.626786  0.0  30.626786  30.626786      1
3             Triples  71.000000  0.0  71.000000  71.000000      1
4        MatchingPair  27.000000  0.0  27.000000  27.000000      1
5                MAST   6.000000  0.0   6.000000   6.000000      1
6  CopheneticL2Metric  15.556349  0.0  15.556349  15.556349      1
