                              metrics
No                             1.0000
RefTree                        1.0000
Tree                           1.0000
RefTree_taxa                  19.0000
Tree_taxa                     19.0000
Common_taxa                   19.0000
MatchingCluster                4.0000
MatchingCluster_toYuleAvg      0.0516
MatchingCluster_toUnifAvg      0.0450
R-F_Cluster                    1.0000
R-F_Cluster_toYuleAvg          0.0597
R-F_Cluster_toUnifAvg          0.0594
NodalSplitted                  8.1240
NodalSplitted_toYuleAvg        0.1510
NodalSplitted_toUnifAvg        0.1231
Triples                        3.0000
Triples_toYuleAvg              0.0047
Triples_toUnifAvg              0.0046
MatchingPair                   3.0000
MatchingPair_toYuleAvg         0.0251
MatchingPair_toUnifAvg         0.0255
MAST                           1.0000
MAST_toYuleAvg                 0.0799
MAST_toUnifAvg                 0.0793
CopheneticL2Metric             3.3166
CopheneticL2Metric_toYuleAvg   0.0786
CopheneticL2Metric_toUnifAvg   0.0673

                 Name       Avg  Std       Min       Max  Count
0     MatchingCluster  4.000000  0.0  4.000000  4.000000      1
1         R-F_Cluster  1.000000  0.0  1.000000  1.000000      1
2       NodalSplitted  8.124038  0.0  8.124038  8.124038      1
3             Triples  3.000000  0.0  3.000000  3.000000      1
4        MatchingPair  3.000000  0.0  3.000000  3.000000      1
5                MAST  1.000000  0.0  1.000000  1.000000      1
6  CopheneticL2Metric  3.316625  0.0  3.316625  3.316625      1
