
                            < M A T L A B (R) >
                  Copyright 1984-2017 The MathWorks, Inc.
                   R2017a (9.2.0.538062) 64-bit (glnxa64)
                             February 23, 2017

 
To get started, type one of these: helpwin, helpdesk, or demo.
For product information, visit www.mathworks.com.
 
Running "Run1", Seed: 145539
 *** Finished Simulation Run ***

config-10.json #############################################

[#.........] | Progress: 1 | Time: 0.0s | ETA: --[.#........] | Progress: 54 | Time: 0.1s | ETA: --[..#.......] | Progress: 108 | Time: 0.1s | ETA: --[...#......] | Progress: 162 | Time: 0.2s | ETA: --[##########] | Progress: 205 | Time: 0.2s | ETA: --fit<>, fid</home/chun/projects/clineage-simulation/analysis/tmc-145539/tmc-007/case-10/triplets-list.raw.txt>, flg<treeReconstruction.log>, frt<resTree.tree>, frtN</home/chun/projects/clineage-simulation/analysis/tmc-145539/tmc-007/case-10/reconstructed.tmp.newick>, fsd<qqq.dat>, fst<simul.tree>, -->index=2
Read triplets from file...
Read triplets from file...Finished
N_triplets = 205, idMaxFound = 13
treeBuildBasedOnTriplets_run...
make_isTogetherInTripletAndDeleteExtraTriplets: Finished
maxCut with 13 nodes: Finished
maxCut with 7 nodes: Finished
treeBuildBasedOnTriplets_run...Finished
Saving tree to file...
Saving tree to file...Finished

                            < M A T L A B (R) >
                  Copyright 1984-2017 The MathWorks, Inc.
                   R2017a (9.2.0.538062) 64-bit (glnxa64)
                             February 23, 2017

 
To get started, type one of these: helpwin, helpdesk, or demo.
For product information, visit www.mathworks.com.
 
TreeCmp version build2

Active options:
Type of the analysis:  ref-to-all comparison mode (-r)
Metrics:
  1. MatchingCluster (mc)
  2. R-F_Cluster (rc)
  3. NodalSplitted (ns)
  4. Triples (tt)
  5. MatchingPair (mp)
  6. MAST (mt)
  7. CopheneticL2Metric (co)
Input file: /home/chun/projects/clineage-simulation/analysis/tmc-145539/tmc-007/case-10/reconstructed.newick
Output file: /home/chun/projects/clineage-simulation/analysis/tmc-145539/tmc-007/case-10/scores.raw.out
Additional options:
N - Report normalized distances.
P - Prune compared trees if needed (trees can have different leaf sets).
I - Include summary section in the output file.
-----
2018-06-19 06:48:35: Start of reading random statistics.
2018-06-19 06:48:35: End of reading random statistics.
2018-06-19 06:48:35: Start of scanning input file: /home/chun/projects/clineage-simulation/analysis/tmc-145539/tmc-007/case-10/reconstructed.newick
2018-06-19 06:48:35: End of scanning input file: /home/chun/projects/clineage-simulation/analysis/tmc-145539/tmc-007/case-10/reconstructed.newick
2018-06-19 06:48:35: 1 valid trees found in file: /home/chun/projects/clineage-simulation/analysis/tmc-145539/tmc-007/case-10/reconstructed.newick
2018-06-19 06:48:35: Start of calculation...please wait...
2018-06-19 06:48:35: 0.00% completed...
2018-06-19 06:48:35: 100.00% completed.
2018-06-19 06:48:35: End of calculation.
2018-06-19 06:48:35: Total calculation time: 22 ms.
                              metrics
No                             1.0000
RefTree                        1.0000
Tree                           1.0000
RefTree_taxa                  13.0000
Tree_taxa                     13.0000
Common_taxa                   13.0000
MatchingCluster                4.0000
MatchingCluster_toYuleAvg      0.0980
MatchingCluster_toUnifAvg      0.0907
R-F_Cluster                    1.0000
R-F_Cluster_toYuleAvg          0.0928
R-F_Cluster_toUnifAvg          0.0924
NodalSplitted                  6.4807
NodalSplitted_toYuleAvg        0.2116
NodalSplitted_toUnifAvg        0.1869
Triples                        3.0000
Triples_toYuleAvg              0.0157
Triples_toUnifAvg              0.0157
MatchingPair                   3.0000
MatchingPair_toYuleAvg         0.0589
MatchingPair_toUnifAvg         0.0599
MAST                           1.0000
MAST_toYuleAvg                 0.1299
MAST_toUnifAvg                 0.1288
CopheneticL2Metric             3.3166
CopheneticL2Metric_toYuleAvg   0.1367
CopheneticL2Metric_toUnifAvg   0.1242

                 Name       Avg  Std       Min       Max  Count
0     MatchingCluster  4.000000  0.0  4.000000  4.000000      1
1         R-F_Cluster  1.000000  0.0  1.000000  1.000000      1
2       NodalSplitted  6.480741  0.0  6.480741  6.480741      1
3             Triples  3.000000  0.0  3.000000  3.000000      1
4        MatchingPair  3.000000  0.0  3.000000  3.000000      1
5                MAST  1.000000  0.0  1.000000  1.000000      1
6  CopheneticL2Metric  3.316625  0.0  3.316625  3.316625      1
