
                            < M A T L A B (R) >
                  Copyright 1984-2017 The MathWorks, Inc.
                   R2017a (9.2.0.538062) 64-bit (glnxa64)
                             February 23, 2017

 
To get started, type one of these: helpwin, helpdesk, or demo.
For product information, visit www.mathworks.com.
 
Running "Run1", Seed: 145539
 *** Finished Simulation Run ***

config-18.json #############################################

[#.........] | Progress: 1 | Time: 0.0s | ETA: --[.#........] | Progress: 46 | Time: 0.1s | ETA: --[..#.......] | Progress: 92 | Time: 0.1s | ETA: --[...#......] | Progress: 138 | Time: 0.2s | ETA: --[....#.....] | Progress: 184 | Time: 0.2s | ETA: --[.....#....] | Progress: 230 | Time: 0.3s | ETA: --[......#...] | Progress: 276 | Time: 0.3s | ETA: --[.......#..] | Progress: 321 | Time: 0.4s | ETA: --[........#.] | Progress: 367 | Time: 0.4s | ETA: --[.........#] | Progress: 413 | Time: 0.5s | ETA: --[........#.] | Progress: 468 | Time: 0.5s | ETA: --[.......#..] | Progress: 500 | Time: 0.6s | ETA: --[......#...] | Progress: 544 | Time: 0.6s | ETA: --[.....#....] | Progress: 598 | Time: 0.7s | ETA: --[....#.....] | Progress: 651 | Time: 0.7s | ETA: --[...#......] | Progress: 704 | Time: 0.8s | ETA: --[..#.......] | Progress: 758 | Time: 0.8s | ETA: --[.#........] | Progress: 812 | Time: 0.9s | ETA: --[#.........] | Progress: 864 | Time: 0.9s | ETA: --[##########] | Progress: 879 | Time: 0.9s | ETA: --fit<>, fid</home/chun/projects/clineage-simulation/analysis/tmc-145539/tmc-007/case-18/triplets-list.raw.txt>, flg<treeReconstruction.log>, frt<resTree.tree>, frtN</home/chun/projects/clineage-simulation/analysis/tmc-145539/tmc-007/case-18/reconstructed.tmp.newick>, fsd<qqq.dat>, fst<simul.tree>, -->index=2
Read triplets from file...
Read triplets from file...Finished
N_triplets = 877, idMaxFound = 20
treeBuildBasedOnTriplets_run...
make_isTogetherInTripletAndDeleteExtraTriplets: Finished
maxCut with 21 nodes: Finished
maxCut with 16 nodes: Finished
maxCut with 10 nodes: Finished
maxCut with 7 nodes: Finished
treeBuildBasedOnTriplets_run...Finished
Saving tree to file...
Saving tree to file...Finished

                            < M A T L A B (R) >
                  Copyright 1984-2017 The MathWorks, Inc.
                   R2017a (9.2.0.538062) 64-bit (glnxa64)
                             February 23, 2017

 
To get started, type one of these: helpwin, helpdesk, or demo.
For product information, visit www.mathworks.com.
 
TreeCmp version build2

Active options:
Type of the analysis:  ref-to-all comparison mode (-r)
Metrics:
  1. MatchingCluster (mc)
  2. R-F_Cluster (rc)
  3. NodalSplitted (ns)
  4. Triples (tt)
  5. MatchingPair (mp)
  6. MAST (mt)
  7. CopheneticL2Metric (co)
Input file: /home/chun/projects/clineage-simulation/analysis/tmc-145539/tmc-007/case-18/reconstructed.newick
Output file: /home/chun/projects/clineage-simulation/analysis/tmc-145539/tmc-007/case-18/scores.raw.out
Additional options:
N - Report normalized distances.
P - Prune compared trees if needed (trees can have different leaf sets).
I - Include summary section in the output file.
-----
2018-06-19 06:48:38: Start of reading random statistics.
2018-06-19 06:48:38: End of reading random statistics.
2018-06-19 06:48:38: Start of scanning input file: /home/chun/projects/clineage-simulation/analysis/tmc-145539/tmc-007/case-18/reconstructed.newick
2018-06-19 06:48:38: End of scanning input file: /home/chun/projects/clineage-simulation/analysis/tmc-145539/tmc-007/case-18/reconstructed.newick
2018-06-19 06:48:38: 1 valid trees found in file: /home/chun/projects/clineage-simulation/analysis/tmc-145539/tmc-007/case-18/reconstructed.newick
2018-06-19 06:48:38: Start of calculation...please wait...
2018-06-19 06:48:38: 0.00% completed...
2018-06-19 06:48:38: 100.00% completed.
2018-06-19 06:48:38: End of calculation.
2018-06-19 06:48:38: Total calculation time: 26 ms.
                              metrics
No                             1.0000
RefTree                        1.0000
Tree                           1.0000
RefTree_taxa                  21.0000
Tree_taxa                     21.0000
Common_taxa                   21.0000
MatchingCluster               21.0000
MatchingCluster_toYuleAvg      0.2293
MatchingCluster_toUnifAvg      0.1985
R-F_Cluster                    3.5000
R-F_Cluster_toYuleAvg          0.1865
R-F_Cluster_toUnifAvg          0.1857
NodalSplitted                 19.6469
NodalSplitted_toYuleAvg        0.3191
NodalSplitted_toUnifAvg        0.2524
Triples                       58.0000
Triples_toYuleAvg              0.0653
Triples_toUnifAvg              0.0654
MatchingPair                  18.0000
MatchingPair_toYuleAvg         0.1205
MatchingPair_toUnifAvg         0.1230
MAST                           4.0000
MAST_toYuleAvg                 0.2822
MAST_toUnifAvg                 0.2802
CopheneticL2Metric            11.8743
CopheneticL2Metric_toYuleAvg   0.2496
CopheneticL2Metric_toUnifAvg   0.2055

                 Name        Avg  Std        Min        Max  Count
0     MatchingCluster  21.000000  0.0  21.000000  21.000000      1
1         R-F_Cluster   3.500000  0.0   3.500000   3.500000      1
2       NodalSplitted  19.646883  0.0  19.646883  19.646883      1
3             Triples  58.000000  0.0  58.000000  58.000000      1
4        MatchingPair  18.000000  0.0  18.000000  18.000000      1
5                MAST   4.000000  0.0   4.000000   4.000000      1
6  CopheneticL2Metric  11.874342  0.0  11.874342  11.874342      1
