
                            < M A T L A B (R) >
                  Copyright 1984-2017 The MathWorks, Inc.
                   R2017a (9.2.0.538062) 64-bit (glnxa64)
                             February 23, 2017

 
To get started, type one of these: helpwin, helpdesk, or demo.
For product information, visit www.mathworks.com.
 
Running "Run1", Seed: 145539
 *** Finished Simulation Run ***

config-19.json #############################################

[#.........] | Progress: 1 | Time: 0.0s | ETA: --[.#........] | Progress: 53 | Time: 0.1s | ETA: --[..#.......] | Progress: 110 | Time: 0.1s | ETA: --[...#......] | Progress: 166 | Time: 0.2s | ETA: --[....#.....] | Progress: 223 | Time: 0.2s | ETA: --[.....#....] | Progress: 279 | Time: 0.3s | ETA: --[......#...] | Progress: 336 | Time: 0.3s | ETA: --[.......#..] | Progress: 391 | Time: 0.4s | ETA: --[........#.] | Progress: 446 | Time: 0.4s | ETA: --[.........#] | Progress: 505 | Time: 0.5s | ETA: --[........#.] | Progress: 564 | Time: 0.5s | ETA: --[.......#..] | Progress: 621 | Time: 0.6s | ETA: --[......#...] | Progress: 680 | Time: 0.6s | ETA: --[.....#....] | Progress: 739 | Time: 0.7s | ETA: --[....#.....] | Progress: 797 | Time: 0.7s | ETA: --[...#......] | Progress: 853 | Time: 0.8s | ETA: --[..#.......] | Progress: 910 | Time: 0.8s | ETA: --[.#........] | Progress: 967 | Time: 0.9s | ETA: --[#.........] | Progress: 1019 | Time: 0.9s | ETA: --[##########] | Progress: 1055 | Time: 0.9s | ETA: --fit<>, fid</home/chun/projects/clineage-simulation/analysis/tmc-145539/tmc-007/case-19/triplets-list.raw.txt>, flg<treeReconstruction.log>, frt<resTree.tree>, frtN</home/chun/projects/clineage-simulation/analysis/tmc-145539/tmc-007/case-19/reconstructed.tmp.newick>, fsd<qqq.dat>, fst<simul.tree>, -->index=2
Read triplets from file...
Read triplets from file...Finished
N_triplets = 1053, idMaxFound = 22
treeBuildBasedOnTriplets_run...
make_isTogetherInTripletAndDeleteExtraTriplets: Finished
maxCut with 22 nodes: Finished
maxCut with 17 nodes: Finished
maxCut with 6 nodes: Finished
maxCut with 11 nodes: Finished
maxCut with 8 nodes: Finished
maxCut with 6 nodes: Finished
treeBuildBasedOnTriplets_run...Finished
Saving tree to file...
Saving tree to file...Finished

                            < M A T L A B (R) >
                  Copyright 1984-2017 The MathWorks, Inc.
                   R2017a (9.2.0.538062) 64-bit (glnxa64)
                             February 23, 2017

 
To get started, type one of these: helpwin, helpdesk, or demo.
For product information, visit www.mathworks.com.
 
TreeCmp version build2

Active options:
Type of the analysis:  ref-to-all comparison mode (-r)
Metrics:
  1. MatchingCluster (mc)
  2. R-F_Cluster (rc)
  3. NodalSplitted (ns)
  4. Triples (tt)
  5. MatchingPair (mp)
  6. MAST (mt)
  7. CopheneticL2Metric (co)
Input file: /home/chun/projects/clineage-simulation/analysis/tmc-145539/tmc-007/case-19/reconstructed.newick
Output file: /home/chun/projects/clineage-simulation/analysis/tmc-145539/tmc-007/case-19/scores.raw.out
Additional options:
N - Report normalized distances.
P - Prune compared trees if needed (trees can have different leaf sets).
I - Include summary section in the output file.
-----
2018-06-19 06:48:39: Start of reading random statistics.
2018-06-19 06:48:39: End of reading random statistics.
2018-06-19 06:48:39: Start of scanning input file: /home/chun/projects/clineage-simulation/analysis/tmc-145539/tmc-007/case-19/reconstructed.newick
2018-06-19 06:48:39: End of scanning input file: /home/chun/projects/clineage-simulation/analysis/tmc-145539/tmc-007/case-19/reconstructed.newick
2018-06-19 06:48:39: 1 valid trees found in file: /home/chun/projects/clineage-simulation/analysis/tmc-145539/tmc-007/case-19/reconstructed.newick
2018-06-19 06:48:39: Start of calculation...please wait...
2018-06-19 06:48:39: 0.00% completed...
2018-06-19 06:48:39: 100.00% completed.
2018-06-19 06:48:39: End of calculation.
2018-06-19 06:48:39: Total calculation time: 27 ms.
                              metrics
No                             1.0000
RefTree                        1.0000
Tree                           1.0000
RefTree_taxa                  22.0000
Tree_taxa                     22.0000
Common_taxa                   22.0000
MatchingCluster               26.0000
MatchingCluster_toYuleAvg      0.2631
MatchingCluster_toUnifAvg      0.2245
R-F_Cluster                    4.5000
R-F_Cluster_toYuleAvg          0.2276
R-F_Cluster_toUnifAvg          0.2266
NodalSplitted                 23.7487
NodalSplitted_toYuleAvg        0.3565
NodalSplitted_toUnifAvg        0.2791
Triples                       83.0000
Triples_toYuleAvg              0.0809
Triples_toUnifAvg              0.0806
MatchingPair                  23.0000
MatchingPair_toYuleAvg         0.1396
MatchingPair_toUnifAvg         0.1420
MAST                           5.0000
MAST_toYuleAvg                 0.3334
MAST_toUnifAvg                 0.3310
CopheneticL2Metric            14.0357
CopheneticL2Metric_toYuleAvg   0.2761
CopheneticL2Metric_toUnifAvg   0.2237

                 Name        Avg  Std        Min        Max  Count
0     MatchingCluster  26.000000  0.0  26.000000  26.000000      1
1         R-F_Cluster   4.500000  0.0   4.500000   4.500000      1
2       NodalSplitted  23.748684  0.0  23.748684  23.748684      1
3             Triples  83.000000  0.0  83.000000  83.000000      1
4        MatchingPair  23.000000  0.0  23.000000  23.000000      1
5                MAST   5.000000  0.0   5.000000   5.000000      1
6  CopheneticL2Metric  14.035669  0.0  14.035669  14.035669      1
