
                            < M A T L A B (R) >
                  Copyright 1984-2017 The MathWorks, Inc.
                   R2017a (9.2.0.538062) 64-bit (glnxa64)
                             February 23, 2017

 
To get started, type one of these: helpwin, helpdesk, or demo.
For product information, visit www.mathworks.com.
 
Running "Run1", Seed: 145539
 *** Finished Simulation Run ***

config-14.json #############################################

[#.........] | Progress: 1 | Time: 0.0s | ETA: --[.#........] | Progress: 54 | Time: 0.1s | ETA: --[..#.......] | Progress: 107 | Time: 0.1s | ETA: --[...#......] | Progress: 159 | Time: 0.2s | ETA: --[....#.....] | Progress: 212 | Time: 0.2s | ETA: --[.....#....] | Progress: 265 | Time: 0.3s | ETA: --[......#...] | Progress: 318 | Time: 0.3s | ETA: --[.......#..] | Progress: 371 | Time: 0.4s | ETA: --[........#.] | Progress: 425 | Time: 0.4s | ETA: --[##########] | Progress: 467 | Time: 0.4s | ETA: --fit<>, fid</home/chun/projects/clineage-simulation/analysis/tmc-145539/tmc-007/case-14/triplets-list.raw.txt>, flg<treeReconstruction.log>, frt<resTree.tree>, frtN</home/chun/projects/clineage-simulation/analysis/tmc-145539/tmc-007/case-14/reconstructed.tmp.newick>, fsd<qqq.dat>, fst<simul.tree>, -->index=2
Read triplets from file...
Read triplets from file...Finished
N_triplets = 467, idMaxFound = 17
treeBuildBasedOnTriplets_run...
make_isTogetherInTripletAndDeleteExtraTriplets: Finished
maxCut with 17 nodes: Finished
maxCut with 12 nodes: Finished
maxCut with 11 nodes: Finished
maxCut with 4 nodes: Finished
treeBuildBasedOnTriplets_run...Finished
Saving tree to file...
Saving tree to file...Finished

                            < M A T L A B (R) >
                  Copyright 1984-2017 The MathWorks, Inc.
                   R2017a (9.2.0.538062) 64-bit (glnxa64)
                             February 23, 2017

 
To get started, type one of these: helpwin, helpdesk, or demo.
For product information, visit www.mathworks.com.
 
TreeCmp version build2

Active options:
Type of the analysis:  ref-to-all comparison mode (-r)
Metrics:
  1. MatchingCluster (mc)
  2. R-F_Cluster (rc)
  3. NodalSplitted (ns)
  4. Triples (tt)
  5. MatchingPair (mp)
  6. MAST (mt)
  7. CopheneticL2Metric (co)
Input file: /home/chun/projects/clineage-simulation/analysis/tmc-145539/tmc-007/case-14/reconstructed.newick
Output file: /home/chun/projects/clineage-simulation/analysis/tmc-145539/tmc-007/case-14/scores.raw.out
Additional options:
N - Report normalized distances.
P - Prune compared trees if needed (trees can have different leaf sets).
I - Include summary section in the output file.
-----
2018-06-19 06:48:38: Start of reading random statistics.
2018-06-19 06:48:38: End of reading random statistics.
2018-06-19 06:48:38: Start of scanning input file: /home/chun/projects/clineage-simulation/analysis/tmc-145539/tmc-007/case-14/reconstructed.newick
2018-06-19 06:48:38: End of scanning input file: /home/chun/projects/clineage-simulation/analysis/tmc-145539/tmc-007/case-14/reconstructed.newick
2018-06-19 06:48:38: 1 valid trees found in file: /home/chun/projects/clineage-simulation/analysis/tmc-145539/tmc-007/case-14/reconstructed.newick
2018-06-19 06:48:38: Start of calculation...please wait...
2018-06-19 06:48:38: 0.00% completed...
2018-06-19 06:48:38: 100.00% completed.
2018-06-19 06:48:38: End of calculation.
2018-06-19 06:48:38: Total calculation time: 21 ms.
                              metrics
No                             1.0000
RefTree                        1.0000
Tree                           1.0000
RefTree_taxa                  17.0000
Tree_taxa                     17.0000
Common_taxa                   17.0000
MatchingCluster               10.0000
MatchingCluster_toYuleAvg      0.1547
MatchingCluster_toUnifAvg      0.1376
R-F_Cluster                    2.5000
R-F_Cluster_toYuleAvg          0.1692
R-F_Cluster_toUnifAvg          0.1684
NodalSplitted                 14.0712
NodalSplitted_toYuleAvg        0.3070
NodalSplitted_toUnifAvg        0.2570
Triples                        7.0000
Triples_toYuleAvg              0.0154
Triples_toUnifAvg              0.0154
MatchingPair                   7.0000
MatchingPair_toYuleAvg         0.0749
MatchingPair_toUnifAvg         0.0761
MAST                           3.0000
MAST_toYuleAvg                 0.2759
MAST_toUnifAvg                 0.2740
CopheneticL2Metric             5.5678
CopheneticL2Metric_toYuleAvg   0.1550
CopheneticL2Metric_toUnifAvg   0.1347

                 Name        Avg  Std        Min        Max  Count
0     MatchingCluster  10.000000  0.0  10.000000  10.000000      1
1         R-F_Cluster   2.500000  0.0   2.500000   2.500000      1
2       NodalSplitted  14.071247  0.0  14.071247  14.071247      1
3             Triples   7.000000  0.0   7.000000   7.000000      1
4        MatchingPair   7.000000  0.0   7.000000   7.000000      1
5                MAST   3.000000  0.0   3.000000   3.000000      1
6  CopheneticL2Metric   5.567764  0.0   5.567764   5.567764      1
