                              metrics
No                             1.0000
RefTree                        1.0000
Tree                           1.0000
RefTree_taxa                  21.0000
Tree_taxa                     21.0000
Common_taxa                   21.0000
MatchingCluster               21.0000
MatchingCluster_toYuleAvg      0.2293
MatchingCluster_toUnifAvg      0.1985
R-F_Cluster                    3.5000
R-F_Cluster_toYuleAvg          0.1865
R-F_Cluster_toUnifAvg          0.1857
NodalSplitted                 19.6469
NodalSplitted_toYuleAvg        0.3191
NodalSplitted_toUnifAvg        0.2524
Triples                       58.0000
Triples_toYuleAvg              0.0653
Triples_toUnifAvg              0.0654
MatchingPair                  18.0000
MatchingPair_toYuleAvg         0.1205
MatchingPair_toUnifAvg         0.1230
MAST                           4.0000
MAST_toYuleAvg                 0.2822
MAST_toUnifAvg                 0.2802
CopheneticL2Metric            11.8743
CopheneticL2Metric_toYuleAvg   0.2496
CopheneticL2Metric_toUnifAvg   0.2055

                 Name        Avg  Std        Min        Max  Count
0     MatchingCluster  21.000000  0.0  21.000000  21.000000      1
1         R-F_Cluster   3.500000  0.0   3.500000   3.500000      1
2       NodalSplitted  19.646883  0.0  19.646883  19.646883      1
3             Triples  58.000000  0.0  58.000000  58.000000      1
4        MatchingPair  18.000000  0.0  18.000000  18.000000      1
5                MAST   4.000000  0.0   4.000000   4.000000      1
6  CopheneticL2Metric  11.874342  0.0  11.874342  11.874342      1
