                              metrics
No                             1.0000
RefTree                        1.0000
Tree                           1.0000
RefTree_taxa                   4.0000
Tree_taxa                      4.0000
Common_taxa                    4.0000
MatchingCluster                4.0000
MatchingCluster_toYuleAvg      1.2085
MatchingCluster_toUnifAvg      1.1817
R-F_Cluster                    1.5000
R-F_Cluster_toYuleAvg          0.9276
R-F_Cluster_toUnifAvg          0.9236
NodalSplitted                  3.1623
NodalSplitted_toYuleAvg        0.9558
NodalSplitted_toUnifAvg        0.9442
Triples                        3.0000
Triples_toYuleAvg              1.1136
Triples_toUnifAvg              1.0929
MatchingPair                   2.0000
MatchingPair_toYuleAvg         0.9079
MatchingPair_toUnifAvg         0.8873
MAST                           1.0000
MAST_toYuleAvg                 0.8554
MAST_toUnifAvg                 0.8525
CopheneticL2Metric             3.0000
CopheneticL2Metric_toYuleAvg   0.9864
CopheneticL2Metric_toUnifAvg   0.9824

                 Name       Avg  Std       Min       Max  Count
0     MatchingCluster  4.000000  0.0  4.000000  4.000000      1
1         R-F_Cluster  1.500000  0.0  1.500000  1.500000      1
2       NodalSplitted  3.162278  0.0  3.162278  3.162278      1
3             Triples  3.000000  0.0  3.000000  3.000000      1
4        MatchingPair  2.000000  0.0  2.000000  2.000000      1
5                MAST  1.000000  0.0  1.000000  1.000000      1
6  CopheneticL2Metric  3.000000  0.0  3.000000  3.000000      1
