
                            < M A T L A B (R) >
                  Copyright 1984-2017 The MathWorks, Inc.
                   R2017a (9.2.0.538062) 64-bit (glnxa64)
                             February 23, 2017

 
To get started, type one of these: helpwin, helpdesk, or demo.
For product information, visit www.mathworks.com.
 
Running "Run1", Seed: 875887
 *** Finished Simulation Run ***

config-17.json #############################################

[#.........] | Progress: 1 | Time: 0.0s | ETA: --[.#........] | Progress: 60 | Time: 0.1s | ETA: --[..#.......] | Progress: 119 | Time: 0.1s | ETA: --[...#......] | Progress: 178 | Time: 0.2s | ETA: --[....#.....] | Progress: 235 | Time: 0.2s | ETA: --[.....#....] | Progress: 292 | Time: 0.3s | ETA: --[......#...] | Progress: 349 | Time: 0.3s | ETA: --[.......#..] | Progress: 406 | Time: 0.4s | ETA: --[........#.] | Progress: 463 | Time: 0.4s | ETA: --[.........#] | Progress: 520 | Time: 0.5s | ETA: --[........#.] | Progress: 576 | Time: 0.5s | ETA: --[.......#..] | Progress: 632 | Time: 0.6s | ETA: --[......#...] | Progress: 690 | Time: 0.6s | ETA: --[.....#....] | Progress: 747 | Time: 0.7s | ETA: --[##########] | Progress: 776 | Time: 0.7s | ETA: --fit<>, fid</home/chun/projects/clineage-simulation/analysis/tmc-875887/tmc-007/case-17/triplets-list.raw.txt>, flg<treeReconstruction.log>, frt<resTree.tree>, frtN</home/chun/projects/clineage-simulation/analysis/tmc-875887/tmc-007/case-17/reconstructed.tmp.newick>, fsd<qqq.dat>, fst<simul.tree>, -->index=2
Read triplets from file...
Read triplets from file...Finished
N_triplets = 774, idMaxFound = 20
treeBuildBasedOnTriplets_run...
make_isTogetherInTripletAndDeleteExtraTriplets: Finished
maxCut with 20 nodes: Finished
maxCut with 13 nodes: Finished
maxCut with 8 nodes: Finished
maxCut with 5 nodes: Finished
maxCut with 4 nodes: Finished
treeBuildBasedOnTriplets_run...Finished
Saving tree to file...
Saving tree to file...Finished

                            < M A T L A B (R) >
                  Copyright 1984-2017 The MathWorks, Inc.
                   R2017a (9.2.0.538062) 64-bit (glnxa64)
                             February 23, 2017

 
To get started, type one of these: helpwin, helpdesk, or demo.
For product information, visit www.mathworks.com.
 
TreeCmp version build2

Active options:
Type of the analysis:  ref-to-all comparison mode (-r)
Metrics:
  1. MatchingCluster (mc)
  2. R-F_Cluster (rc)
  3. NodalSplitted (ns)
  4. Triples (tt)
  5. MatchingPair (mp)
  6. MAST (mt)
  7. CopheneticL2Metric (co)
Input file: /home/chun/projects/clineage-simulation/analysis/tmc-875887/tmc-007/case-17/reconstructed.newick
Output file: /home/chun/projects/clineage-simulation/analysis/tmc-875887/tmc-007/case-17/scores.raw.out
Additional options:
N - Report normalized distances.
P - Prune compared trees if needed (trees can have different leaf sets).
I - Include summary section in the output file.
-----
2018-06-18 21:27:23: Start of reading random statistics.
2018-06-18 21:27:23: End of reading random statistics.
2018-06-18 21:27:23: Start of scanning input file: /home/chun/projects/clineage-simulation/analysis/tmc-875887/tmc-007/case-17/reconstructed.newick
2018-06-18 21:27:23: End of scanning input file: /home/chun/projects/clineage-simulation/analysis/tmc-875887/tmc-007/case-17/reconstructed.newick
2018-06-18 21:27:23: 1 valid trees found in file: /home/chun/projects/clineage-simulation/analysis/tmc-875887/tmc-007/case-17/reconstructed.newick
2018-06-18 21:27:23: Start of calculation...please wait...
2018-06-18 21:27:23: 0.00% completed...
2018-06-18 21:27:23: 100.00% completed.
2018-06-18 21:27:23: End of calculation.
2018-06-18 21:27:23: Total calculation time: 24 ms.
                              metrics
No                             1.0000
RefTree                        1.0000
Tree                           1.0000
RefTree_taxa                  20.0000
Tree_taxa                     20.0000
Common_taxa                   20.0000
MatchingCluster               19.0000
MatchingCluster_toYuleAvg      0.2230
MatchingCluster_toUnifAvg      0.1953
R-F_Cluster                    5.0000
R-F_Cluster_toYuleAvg          0.2815
R-F_Cluster_toUnifAvg          0.2802
NodalSplitted                 18.6815
NodalSplitted_toYuleAvg        0.3210
NodalSplitted_toUnifAvg        0.2600
Triples                       22.0000
Triples_toYuleAvg              0.0288
Triples_toUnifAvg              0.0290
MatchingPair                  16.0000
MatchingPair_toYuleAvg         0.1189
MatchingPair_toUnifAvg         0.1216
MAST                           5.0000
MAST_toYuleAvg                 0.3748
MAST_toUnifAvg                 0.3716
CopheneticL2Metric             8.0000
CopheneticL2Metric_toYuleAvg   0.1801
CopheneticL2Metric_toUnifAvg   0.1473

                 Name        Avg  Std        Min        Max  Count
0     MatchingCluster  19.000000  0.0  19.000000  19.000000      1
1         R-F_Cluster   5.000000  0.0   5.000000   5.000000      1
2       NodalSplitted  18.681542  0.0  18.681542  18.681542      1
3             Triples  22.000000  0.0  22.000000  22.000000      1
4        MatchingPair  16.000000  0.0  16.000000  16.000000      1
5                MAST   5.000000  0.0   5.000000   5.000000      1
6  CopheneticL2Metric   8.000000  0.0   8.000000   8.000000      1
