
                            < M A T L A B (R) >
                  Copyright 1984-2017 The MathWorks, Inc.
                   R2017a (9.2.0.538062) 64-bit (glnxa64)
                             February 23, 2017

 
To get started, type one of these: helpwin, helpdesk, or demo.
For product information, visit www.mathworks.com.
 
Running "Run1", Seed: 875887
 *** Finished Simulation Run ***

config-14.json #############################################

[#.........] | Progress: 1 | Time: 0.0s | ETA: --[.#........] | Progress: 41 | Time: 0.1s | ETA: --[..#.......] | Progress: 86 | Time: 0.1s | ETA: --[...#......] | Progress: 130 | Time: 0.2s | ETA: --[....#.....] | Progress: 174 | Time: 0.2s | ETA: --[.....#....] | Progress: 218 | Time: 0.3s | ETA: --[......#...] | Progress: 263 | Time: 0.3s | ETA: --[.......#..] | Progress: 307 | Time: 0.4s | ETA: --[........#.] | Progress: 352 | Time: 0.4s | ETA: --[.........#] | Progress: 397 | Time: 0.5s | ETA: --[........#.] | Progress: 442 | Time: 0.5s | ETA: --[##########] | Progress: 481 | Time: 0.6s | ETA: --fit<>, fid</home/chun/projects/clineage-simulation/analysis/tmc-875887/tmc-007/case-14/triplets-list.raw.txt>, flg<treeReconstruction.log>, frt<resTree.tree>, frtN</home/chun/projects/clineage-simulation/analysis/tmc-875887/tmc-007/case-14/reconstructed.tmp.newick>, fsd<qqq.dat>, fst<simul.tree>, -->index=2
Read triplets from file...
Read triplets from file...Finished
N_triplets = 481, idMaxFound = 17
treeBuildBasedOnTriplets_run...
make_isTogetherInTripletAndDeleteExtraTriplets: Finished
maxCut with 17 nodes: Finished
maxCut with 10 nodes: Finished
maxCut with 7 nodes: Finished
treeBuildBasedOnTriplets_run...Finished
Saving tree to file...
Saving tree to file...Finished

                            < M A T L A B (R) >
                  Copyright 1984-2017 The MathWorks, Inc.
                   R2017a (9.2.0.538062) 64-bit (glnxa64)
                             February 23, 2017

 
To get started, type one of these: helpwin, helpdesk, or demo.
For product information, visit www.mathworks.com.
 
TreeCmp version build2

Active options:
Type of the analysis:  ref-to-all comparison mode (-r)
Metrics:
  1. MatchingCluster (mc)
  2. R-F_Cluster (rc)
  3. NodalSplitted (ns)
  4. Triples (tt)
  5. MatchingPair (mp)
  6. MAST (mt)
  7. CopheneticL2Metric (co)
Input file: /home/chun/projects/clineage-simulation/analysis/tmc-875887/tmc-007/case-14/reconstructed.newick
Output file: /home/chun/projects/clineage-simulation/analysis/tmc-875887/tmc-007/case-14/scores.raw.out
Additional options:
N - Report normalized distances.
P - Prune compared trees if needed (trees can have different leaf sets).
I - Include summary section in the output file.
-----
2018-06-18 21:27:26: Start of reading random statistics.
2018-06-18 21:27:26: End of reading random statistics.
2018-06-18 21:27:26: Start of scanning input file: /home/chun/projects/clineage-simulation/analysis/tmc-875887/tmc-007/case-14/reconstructed.newick
2018-06-18 21:27:26: End of scanning input file: /home/chun/projects/clineage-simulation/analysis/tmc-875887/tmc-007/case-14/reconstructed.newick
2018-06-18 21:27:26: 1 valid trees found in file: /home/chun/projects/clineage-simulation/analysis/tmc-875887/tmc-007/case-14/reconstructed.newick
2018-06-18 21:27:26: Start of calculation...please wait...
2018-06-18 21:27:26: 0.00% completed...
2018-06-18 21:27:26: 100.00% completed.
2018-06-18 21:27:26: End of calculation.
2018-06-18 21:27:26: Total calculation time: 20 ms.
                               metrics
No                              1.0000
RefTree                         1.0000
Tree                            1.0000
RefTree_taxa                   17.0000
Tree_taxa                      17.0000
Common_taxa                    17.0000
MatchingCluster                25.0000
MatchingCluster_toYuleAvg       0.3868
MatchingCluster_toUnifAvg       0.3439
R-F_Cluster                     5.0000
R-F_Cluster_toYuleAvg           0.3385
R-F_Cluster_toUnifAvg           0.3368
NodalSplitted                  19.7484
NodalSplitted_toYuleAvg         0.4308
NodalSplitted_toUnifAvg         0.3607
Triples                       184.0000
Triples_toYuleAvg               0.4053
Triples_toUnifAvg               0.4046
MatchingPair                   54.0000
MatchingPair_toYuleAvg          0.5780
MatchingPair_toUnifAvg          0.5870
MAST                            7.0000
MAST_toYuleAvg                  0.6437
MAST_toUnifAvg                  0.6394
CopheneticL2Metric             13.0384
CopheneticL2Metric_toYuleAvg    0.3630
CopheneticL2Metric_toUnifAvg    0.3154

                 Name         Avg  Std         Min         Max  Count
0     MatchingCluster   25.000000  0.0   25.000000   25.000000      1
1         R-F_Cluster    5.000000  0.0    5.000000    5.000000      1
2       NodalSplitted   19.748418  0.0   19.748418   19.748418      1
3             Triples  184.000000  0.0  184.000000  184.000000      1
4        MatchingPair   54.000000  0.0   54.000000   54.000000      1
5                MAST    7.000000  0.0    7.000000    7.000000      1
6  CopheneticL2Metric   13.038405  0.0   13.038405   13.038405      1
