
                            < M A T L A B (R) >
                  Copyright 1984-2017 The MathWorks, Inc.
                   R2017a (9.2.0.538062) 64-bit (glnxa64)
                             February 23, 2017

 
To get started, type one of these: helpwin, helpdesk, or demo.
For product information, visit www.mathworks.com.
 
Running "Run1", Seed: 875887
 *** Finished Simulation Run ***

config-06.json #############################################

[#.........] | Progress: 1 | Time: 0.0s | ETA: --[.#........] | Progress: 53 | Time: 0.1s | ETA: --[##########] | Progress: 63 | Time: 0.1s | ETA: --fit<>, fid</home/chun/projects/clineage-simulation/analysis/tmc-875887/tmc-007/case-06/triplets-list.raw.txt>, flg<treeReconstruction.log>, frt<resTree.tree>, frtN</home/chun/projects/clineage-simulation/analysis/tmc-875887/tmc-007/case-06/reconstructed.tmp.newick>, fsd<qqq.dat>, fst<simul.tree>, -->index=2
Read triplets from file...
Read triplets from file...Finished
N_triplets = 63, idMaxFound = 9
treeBuildBasedOnTriplets_run...
make_isTogetherInTripletAndDeleteExtraTriplets: Finished
maxCut with 9 nodes: Finished
maxCut with 7 nodes: Finished
treeBuildBasedOnTriplets_run...Finished
Saving tree to file...
Saving tree to file...Finished

                            < M A T L A B (R) >
                  Copyright 1984-2017 The MathWorks, Inc.
                   R2017a (9.2.0.538062) 64-bit (glnxa64)
                             February 23, 2017

 
To get started, type one of these: helpwin, helpdesk, or demo.
For product information, visit www.mathworks.com.
 
TreeCmp version build2

Active options:
Type of the analysis:  ref-to-all comparison mode (-r)
Metrics:
  1. MatchingCluster (mc)
  2. R-F_Cluster (rc)
  3. NodalSplitted (ns)
  4. Triples (tt)
  5. MatchingPair (mp)
  6. MAST (mt)
  7. CopheneticL2Metric (co)
Input file: /home/chun/projects/clineage-simulation/analysis/tmc-875887/tmc-007/case-06/reconstructed.newick
Output file: /home/chun/projects/clineage-simulation/analysis/tmc-875887/tmc-007/case-06/scores.raw.out
Additional options:
N - Report normalized distances.
P - Prune compared trees if needed (trees can have different leaf sets).
I - Include summary section in the output file.
-----
2018-06-18 21:27:23: Start of reading random statistics.
2018-06-18 21:27:24: End of reading random statistics.
2018-06-18 21:27:24: Start of scanning input file: /home/chun/projects/clineage-simulation/analysis/tmc-875887/tmc-007/case-06/reconstructed.newick
2018-06-18 21:27:24: End of scanning input file: /home/chun/projects/clineage-simulation/analysis/tmc-875887/tmc-007/case-06/reconstructed.newick
2018-06-18 21:27:24: 1 valid trees found in file: /home/chun/projects/clineage-simulation/analysis/tmc-875887/tmc-007/case-06/reconstructed.newick
2018-06-18 21:27:24: Start of calculation...please wait...
2018-06-18 21:27:24: 0.00% completed...
2018-06-18 21:27:24: 100.00% completed.
2018-06-18 21:27:24: End of calculation.
2018-06-18 21:27:24: Total calculation time: 20 ms.
                              metrics
No                             1.0000
RefTree                        1.0000
Tree                           1.0000
RefTree_taxa                   9.0000
Tree_taxa                      9.0000
Common_taxa                    9.0000
MatchingCluster                6.0000
MatchingCluster_toYuleAvg      0.2920
MatchingCluster_toUnifAvg      0.2812
R-F_Cluster                    1.5000
R-F_Cluster_toYuleAvg          0.2251
R-F_Cluster_toUnifAvg          0.2224
NodalSplitted                  7.8740
NodalSplitted_toYuleAvg        0.4654
NodalSplitted_toUnifAvg        0.4418
Triples                        7.0000
Triples_toYuleAvg              0.1252
Triples_toUnifAvg              0.1259
MatchingPair                   5.0000
MatchingPair_toYuleAvg         0.2359
MatchingPair_toUnifAvg         0.2390
MAST                           2.0000
MAST_toYuleAvg                 0.4361
MAST_toUnifAvg                 0.4292
CopheneticL2Metric             5.0990
CopheneticL2Metric_toYuleAvg   0.3651
CopheneticL2Metric_toUnifAvg   0.3521

                 Name       Avg  Std       Min       Max  Count
0     MatchingCluster  6.000000  0.0  6.000000  6.000000      1
1         R-F_Cluster  1.500000  0.0  1.500000  1.500000      1
2       NodalSplitted  7.874008  0.0  7.874008  7.874008      1
3             Triples  7.000000  0.0  7.000000  7.000000      1
4        MatchingPair  5.000000  0.0  5.000000  5.000000      1
5                MAST  2.000000  0.0  2.000000  2.000000      1
6  CopheneticL2Metric  5.099020  0.0  5.099020  5.099020      1
