                               metrics
No                              1.0000
RefTree                         1.0000
Tree                            1.0000
RefTree_taxa                   20.0000
Tree_taxa                      20.0000
Common_taxa                    20.0000
MatchingCluster                22.0000
MatchingCluster_toYuleAvg       0.2582
MatchingCluster_toUnifAvg       0.2261
R-F_Cluster                     5.0000
R-F_Cluster_toYuleAvg           0.2815
R-F_Cluster_toUnifAvg           0.2802
NodalSplitted                  19.6977
NodalSplitted_toYuleAvg         0.3385
NodalSplitted_toUnifAvg         0.2741
Triples                       132.0000
Triples_toYuleAvg               0.1727
Triples_toUnifAvg               0.1738
MatchingPair                   29.0000
MatchingPair_toYuleAvg          0.2156
MatchingPair_toUnifAvg          0.2204
MAST                            5.0000
MAST_toYuleAvg                  0.3748
MAST_toUnifAvg                  0.3716
CopheneticL2Metric             13.6382
CopheneticL2Metric_toYuleAvg    0.3071
CopheneticL2Metric_toUnifAvg    0.2510

                 Name         Avg  Std         Min         Max  Count
0     MatchingCluster   22.000000  0.0   22.000000   22.000000      1
1         R-F_Cluster    5.000000  0.0    5.000000    5.000000      1
2       NodalSplitted   19.697716  0.0   19.697716   19.697716      1
3             Triples  132.000000  0.0  132.000000  132.000000      1
4        MatchingPair   29.000000  0.0   29.000000   29.000000      1
5                MAST    5.000000  0.0    5.000000    5.000000      1
6  CopheneticL2Metric   13.638182  0.0   13.638182   13.638182      1
