                              metrics
No                             1.0000
RefTree                        1.0000
Tree                           1.0000
RefTree_taxa                  11.0000
Tree_taxa                     11.0000
Common_taxa                   11.0000
MatchingCluster                9.0000
MatchingCluster_toYuleAvg      0.2965
MatchingCluster_toUnifAvg      0.2817
R-F_Cluster                    2.5000
R-F_Cluster_toYuleAvg          0.2862
R-F_Cluster_toUnifAvg          0.2840
NodalSplitted                 10.3923
NodalSplitted_toYuleAvg        0.4379
NodalSplitted_toUnifAvg        0.4054
Triples                       12.0000
Triples_toYuleAvg              0.1092
Triples_toUnifAvg              0.1089
MatchingPair                   6.0000
MatchingPair_toYuleAvg         0.1747
MatchingPair_toUnifAvg         0.1762
MAST                           2.0000
MAST_toYuleAvg                 0.3237
MAST_toUnifAvg                 0.3232
CopheneticL2Metric             6.2450
CopheneticL2Metric_toYuleAvg   0.3276
CopheneticL2Metric_toUnifAvg   0.3037

                 Name        Avg  Std        Min        Max  Count
0     MatchingCluster   9.000000  0.0   9.000000   9.000000      1
1         R-F_Cluster   2.500000  0.0   2.500000   2.500000      1
2       NodalSplitted  10.392305  0.0  10.392305  10.392305      1
3             Triples  12.000000  0.0  12.000000  12.000000      1
4        MatchingPair   6.000000  0.0   6.000000   6.000000      1
5                MAST   2.000000  0.0   2.000000   2.000000      1
6  CopheneticL2Metric   6.244998  0.0   6.244998   6.244998      1
