                              metrics
No                             1.0000
RefTree                        1.0000
Tree                           1.0000
RefTree_taxa                  11.0000
Tree_taxa                     11.0000
Common_taxa                   11.0000
MatchingCluster               12.0000
MatchingCluster_toYuleAvg      0.3954
MatchingCluster_toUnifAvg      0.3756
R-F_Cluster                    3.0000
R-F_Cluster_toYuleAvg          0.3434
R-F_Cluster_toUnifAvg          0.3408
NodalSplitted                 10.6771
NodalSplitted_toYuleAvg        0.4499
NodalSplitted_toUnifAvg        0.4165
Triples                       12.0000
Triples_toYuleAvg              0.1092
Triples_toUnifAvg              0.1089
MatchingPair                  10.0000
MatchingPair_toYuleAvg         0.2911
MatchingPair_toUnifAvg         0.2936
MAST                           3.0000
MAST_toYuleAvg                 0.4855
MAST_toUnifAvg                 0.4848
CopheneticL2Metric             6.2450
CopheneticL2Metric_toYuleAvg   0.3276
CopheneticL2Metric_toUnifAvg   0.3037

                 Name        Avg  Std        Min        Max  Count
0     MatchingCluster  12.000000  0.0  12.000000  12.000000      1
1         R-F_Cluster   3.000000  0.0   3.000000   3.000000      1
2       NodalSplitted  10.677078  0.0  10.677078  10.677078      1
3             Triples  12.000000  0.0  12.000000  12.000000      1
4        MatchingPair  10.000000  0.0  10.000000  10.000000      1
5                MAST   3.000000  0.0   3.000000   3.000000      1
6  CopheneticL2Metric   6.244998  0.0   6.244998   6.244998      1
