                              metrics
No                             1.0000
RefTree                        1.0000
Tree                           1.0000
RefTree_taxa                   7.0000
Tree_taxa                      7.0000
Common_taxa                    7.0000
MatchingCluster                4.0000
MatchingCluster_toYuleAvg      0.3170
MatchingCluster_toUnifAvg      0.3157
R-F_Cluster                    1.5000
R-F_Cluster_toYuleAvg          0.3193
R-F_Cluster_toUnifAvg          0.3204
NodalSplitted                  4.6904
NodalSplitted_toYuleAvg        0.4276
NodalSplitted_toUnifAvg        0.4258
Triples                        2.0000
Triples_toYuleAvg              0.0853
Triples_toUnifAvg              0.0865
MatchingPair                   2.0000
MatchingPair_toYuleAvg         0.1762
MatchingPair_toUnifAvg         0.1789
MAST                           2.0000
MAST_toYuleAvg                 0.6283
MAST_toUnifAvg                 0.6217
CopheneticL2Metric             2.6458
CopheneticL2Metric_toYuleAvg   0.2895
CopheneticL2Metric_toUnifAvg   0.2837

                 Name       Avg  Std       Min       Max  Count
0     MatchingCluster  4.000000  0.0  4.000000  4.000000      1
1         R-F_Cluster  1.500000  0.0  1.500000  1.500000      1
2       NodalSplitted  4.690416  0.0  4.690416  4.690416      1
3             Triples  2.000000  0.0  2.000000  2.000000      1
4        MatchingPair  2.000000  0.0  2.000000  2.000000      1
5                MAST  2.000000  0.0  2.000000  2.000000      1
6  CopheneticL2Metric  2.645751  0.0  2.645751  2.645751      1
