                               metrics
No                              1.0000
RefTree                         1.0000
Tree                            1.0000
RefTree_taxa                   21.0000
Tree_taxa                      21.0000
Common_taxa                    21.0000
MatchingCluster                32.0000
MatchingCluster_toYuleAvg       0.3493
MatchingCluster_toUnifAvg       0.3025
R-F_Cluster                     5.0000
R-F_Cluster_toYuleAvg           0.2664
R-F_Cluster_toUnifAvg           0.2653
NodalSplitted                  26.4953
NodalSplitted_toYuleAvg         0.4303
NodalSplitted_toUnifAvg         0.3404
Triples                       286.0000
Triples_toYuleAvg               0.3221
Triples_toUnifAvg               0.3227
MatchingPair                   73.0000
MatchingPair_toYuleAvg          0.4888
MatchingPair_toUnifAvg          0.4987
MAST                            8.0000
MAST_toYuleAvg                  0.5644
MAST_toUnifAvg                  0.5604
CopheneticL2Metric             15.6844
CopheneticL2Metric_toYuleAvg    0.3296
CopheneticL2Metric_toUnifAvg    0.2715

                 Name         Avg  Std         Min         Max  Count
0     MatchingCluster   32.000000  0.0   32.000000   32.000000      1
1         R-F_Cluster    5.000000  0.0    5.000000    5.000000      1
2       NodalSplitted   26.495283  0.0   26.495283   26.495283      1
3             Triples  286.000000  0.0  286.000000  286.000000      1
4        MatchingPair   73.000000  0.0   73.000000   73.000000      1
5                MAST    8.000000  0.0    8.000000    8.000000      1
6  CopheneticL2Metric   15.684387  0.0   15.684387   15.684387      1
