                              metrics
No                             1.0000
RefTree                        1.0000
Tree                           1.0000
RefTree_taxa                  20.0000
Tree_taxa                     20.0000
Common_taxa                   20.0000
MatchingCluster               23.0000
MatchingCluster_toYuleAvg      0.2700
MatchingCluster_toUnifAvg      0.2364
R-F_Cluster                    4.0000
R-F_Cluster_toYuleAvg          0.2252
R-F_Cluster_toUnifAvg          0.2241
NodalSplitted                 23.8537
NodalSplitted_toYuleAvg        0.4099
NodalSplitted_toUnifAvg        0.3319
Triples                       42.0000
Triples_toYuleAvg              0.0549
Triples_toUnifAvg              0.0553
MatchingPair                  18.0000
MatchingPair_toYuleAvg         0.1338
MatchingPair_toUnifAvg         0.1368
MAST                           5.0000
MAST_toYuleAvg                 0.3748
MAST_toUnifAvg                 0.3716
CopheneticL2Metric            12.1655
CopheneticL2Metric_toYuleAvg   0.2739
CopheneticL2Metric_toUnifAvg   0.2239

                 Name        Avg  Std        Min        Max  Count
0     MatchingCluster  23.000000  0.0  23.000000  23.000000      1
1         R-F_Cluster   4.000000  0.0   4.000000   4.000000      1
2       NodalSplitted  23.853721  0.0  23.853721  23.853721      1
3             Triples  42.000000  0.0  42.000000  42.000000      1
4        MatchingPair  18.000000  0.0  18.000000  18.000000      1
5                MAST   5.000000  0.0   5.000000   5.000000      1
6  CopheneticL2Metric  12.165525  0.0  12.165525  12.165525      1
