                               metrics
No                              1.0000
RefTree                         1.0000
Tree                            1.0000
RefTree_taxa                   17.0000
Tree_taxa                      17.0000
Common_taxa                    17.0000
MatchingCluster                50.0000
MatchingCluster_toYuleAvg       0.7736
MatchingCluster_toUnifAvg       0.6878
R-F_Cluster                    12.0000
R-F_Cluster_toYuleAvg           0.8123
R-F_Cluster_toUnifAvg           0.8084
NodalSplitted                  28.4605
NodalSplitted_toYuleAvg         0.6209
NodalSplitted_toUnifAvg         0.5198
Triples                       422.0000
Triples_toYuleAvg               0.9295
Triples_toUnifAvg               0.9279
MatchingPair                   85.0000
MatchingPair_toYuleAvg          0.9098
MatchingPair_toUnifAvg          0.9240
MAST                            9.0000
MAST_toYuleAvg                  0.8277
MAST_toUnifAvg                  0.8221
CopheneticL2Metric             21.0000
CopheneticL2Metric_toYuleAvg    0.5847
CopheneticL2Metric_toUnifAvg    0.5080

                 Name         Avg  Std         Min         Max  Count
0     MatchingCluster   50.000000  0.0   50.000000   50.000000      1
1         R-F_Cluster   12.000000  0.0   12.000000   12.000000      1
2       NodalSplitted   28.460499  0.0   28.460499   28.460499      1
3             Triples  422.000000  0.0  422.000000  422.000000      1
4        MatchingPair   85.000000  0.0   85.000000   85.000000      1
5                MAST    9.000000  0.0    9.000000    9.000000      1
6  CopheneticL2Metric   21.000000  0.0   21.000000   21.000000      1
