                               metrics
No                              1.0000
RefTree                         1.0000
Tree                            1.0000
RefTree_taxa                   13.0000
Tree_taxa                      12.0000
Common_taxa                    12.0000
MatchingCluster                36.0000
MatchingCluster_toYuleAvg       1.0141
MatchingCluster_toUnifAvg       0.9521
R-F_Cluster                     5.5000
R-F_Cluster_toYuleAvg           0.5641
R-F_Cluster_toUnifAvg           0.5619
NodalSplitted                  29.2233
NodalSplitted_toYuleAvg         1.0728
NodalSplitted_toUnifAvg         0.9767
Triples                       197.0000
Triples_toYuleAvg               1.3383
Triples_toUnifAvg               1.3426
MatchingPair                   29.0000
MatchingPair_toYuleAvg          0.6856
MatchingPair_toUnifAvg          0.6947
MAST                            9.0000
MAST_toYuleAvg                  1.3061
MAST_toUnifAvg                  1.2933
CopheneticL2Metric             18.2209
CopheneticL2Metric_toYuleAvg    0.8405
CopheneticL2Metric_toUnifAvg    0.7733

                 Name         Avg  Std         Min         Max  Count
0     MatchingCluster   36.000000  0.0   36.000000   36.000000      1
1         R-F_Cluster    5.500000  0.0    5.500000    5.500000      1
2       NodalSplitted   29.223278  0.0   29.223278   29.223278      1
3             Triples  197.000000  0.0  197.000000  197.000000      1
4        MatchingPair   29.000000  0.0   29.000000   29.000000      1
5                MAST    9.000000  0.0    9.000000    9.000000      1
6  CopheneticL2Metric   18.220867  0.0   18.220867   18.220867      1
