                              metrics
No                             1.0000
RefTree                        1.0000
Tree                           1.0000
RefTree_taxa                  15.0000
Tree_taxa                     15.0000
Common_taxa                   15.0000
MatchingCluster               19.0000
MatchingCluster_toYuleAvg      0.3671
MatchingCluster_toUnifAvg      0.3307
R-F_Cluster                    5.0000
R-F_Cluster_toYuleAvg          0.3923
R-F_Cluster_toUnifAvg          0.3901
NodalSplitted                 22.5832
NodalSplitted_toYuleAvg        0.5965
NodalSplitted_toUnifAvg        0.5136
Triples                       58.0000
Triples_toYuleAvg              0.1922
Triples_toUnifAvg              0.1916
MatchingPair                  17.0000
MatchingPair_toYuleAvg         0.2417
MatchingPair_toUnifAvg         0.2451
MAST                           5.0000
MAST_toYuleAvg                 0.5416
MAST_toUnifAvg                 0.5333
CopheneticL2Metric            14.3527
CopheneticL2Metric_toYuleAvg   0.4790
CopheneticL2Metric_toUnifAvg   0.4238

                 Name       Avg  Std       Min       Max  Count
0     MatchingCluster  19.00000  0.0  19.00000  19.00000      1
1         R-F_Cluster   5.00000  0.0   5.00000   5.00000      1
2       NodalSplitted  22.58318  0.0  22.58318  22.58318      1
3             Triples  58.00000  0.0  58.00000  58.00000      1
4        MatchingPair  17.00000  0.0  17.00000  17.00000      1
5                MAST   5.00000  0.0   5.00000   5.00000      1
6  CopheneticL2Metric  14.35270  0.0  14.35270  14.35270      1
