                              metrics
No                             1.0000
RefTree                        1.0000
Tree                           1.0000
RefTree_taxa                  22.0000
Tree_taxa                     22.0000
Common_taxa                   22.0000
MatchingCluster               11.0000
MatchingCluster_toYuleAvg      0.1113
MatchingCluster_toUnifAvg      0.0950
R-F_Cluster                    2.5000
R-F_Cluster_toYuleAvg          0.1264
R-F_Cluster_toUnifAvg          0.1259
NodalSplitted                 14.5258
NodalSplitted_toYuleAvg        0.2181
NodalSplitted_toUnifAvg        0.1707
Triples                       12.0000
Triples_toYuleAvg              0.0117
Triples_toUnifAvg              0.0117
MatchingPair                   8.0000
MatchingPair_toYuleAvg         0.0486
MatchingPair_toUnifAvg         0.0494
MAST                           3.0000
MAST_toYuleAvg                 0.2000
MAST_toUnifAvg                 0.1986
CopheneticL2Metric             5.9161
CopheneticL2Metric_toYuleAvg   0.1164
CopheneticL2Metric_toUnifAvg   0.0943

                 Name        Avg  Std        Min        Max  Count
0     MatchingCluster  11.000000  0.0  11.000000  11.000000      1
1         R-F_Cluster   2.500000  0.0   2.500000   2.500000      1
2       NodalSplitted  14.525839  0.0  14.525839  14.525839      1
3             Triples  12.000000  0.0  12.000000  12.000000      1
4        MatchingPair   8.000000  0.0   8.000000   8.000000      1
5                MAST   3.000000  0.0   3.000000   3.000000      1
6  CopheneticL2Metric   5.916080  0.0   5.916080   5.916080      1
