                               metrics
No                              1.0000
RefTree                         1.0000
Tree                            1.0000
RefTree_taxa                   16.0000
Tree_taxa                      16.0000
Common_taxa                    16.0000
MatchingCluster                49.0000
MatchingCluster_toYuleAvg       0.8385
MatchingCluster_toUnifAvg       0.7589
R-F_Cluster                    11.5000
R-F_Cluster_toYuleAvg           0.8350
R-F_Cluster_toUnifAvg           0.8318
NodalSplitted                  34.3366
NodalSplitted_toYuleAvg         0.8158
NodalSplitted_toUnifAvg         0.6977
Triples                       304.0000
Triples_toYuleAvg               0.8148
Triples_toUnifAvg               0.8168
MatchingPair                   65.0000
MatchingPair_toYuleAvg          0.7960
MatchingPair_toUnifAvg          0.8121
MAST                            9.0000
MAST_toYuleAvg                  0.8942
MAST_toUnifAvg                  0.8888
CopheneticL2Metric             26.1343
CopheneticL2Metric_toYuleAvg    0.7952
CopheneticL2Metric_toUnifAvg    0.7026

                 Name         Avg  Std         Min         Max  Count
0     MatchingCluster   49.000000  0.0   49.000000   49.000000      1
1         R-F_Cluster   11.500000  0.0   11.500000   11.500000      1
2       NodalSplitted   34.336569  0.0   34.336569   34.336569      1
3             Triples  304.000000  0.0  304.000000  304.000000      1
4        MatchingPair   65.000000  0.0   65.000000   65.000000      1
5                MAST    9.000000  0.0    9.000000    9.000000      1
6  CopheneticL2Metric   26.134269  0.0   26.134269   26.134269      1
