                               metrics
No                              1.0000
RefTree                         1.0000
Tree                            1.0000
RefTree_taxa                   20.0000
Tree_taxa                      20.0000
Common_taxa                    20.0000
MatchingCluster                33.0000
MatchingCluster_toYuleAvg       0.3874
MatchingCluster_toUnifAvg       0.3392
R-F_Cluster                    10.0000
R-F_Cluster_toYuleAvg           0.5630
R-F_Cluster_toUnifAvg           0.5603
NodalSplitted                  26.4008
NodalSplitted_toYuleAvg         0.4537
NodalSplitted_toUnifAvg         0.3674
Triples                       228.0000
Triples_toYuleAvg               0.2983
Triples_toUnifAvg               0.3002
MatchingPair                   42.0000
MatchingPair_toYuleAvg          0.3122
MatchingPair_toUnifAvg          0.3192
MAST                            7.0000
MAST_toYuleAvg                  0.5247
MAST_toUnifAvg                  0.5203
CopheneticL2Metric             18.1659
CopheneticL2Metric_toYuleAvg    0.4090
CopheneticL2Metric_toUnifAvg    0.3344

                 Name         Avg  Std         Min         Max  Count
0     MatchingCluster   33.000000  0.0   33.000000   33.000000      1
1         R-F_Cluster   10.000000  0.0   10.000000   10.000000      1
2       NodalSplitted   26.400758  0.0   26.400758   26.400758      1
3             Triples  228.000000  0.0  228.000000  228.000000      1
4        MatchingPair   42.000000  0.0   42.000000   42.000000      1
5                MAST    7.000000  0.0    7.000000    7.000000      1
6  CopheneticL2Metric   18.165902  0.0   18.165902   18.165902      1
