                              metrics
No                             1.0000
RefTree                        1.0000
Tree                           1.0000
RefTree_taxa                  12.0000
Tree_taxa                     12.0000
Common_taxa                   12.0000
MatchingCluster               17.0000
MatchingCluster_toYuleAvg      0.4789
MatchingCluster_toUnifAvg      0.4496
R-F_Cluster                    3.5000
R-F_Cluster_toYuleAvg          0.3590
R-F_Cluster_toUnifAvg          0.3575
NodalSplitted                 13.7477
NodalSplitted_toYuleAvg        0.5047
NodalSplitted_toUnifAvg        0.4595
Triples                       33.0000
Triples_toYuleAvg              0.2242
Triples_toUnifAvg              0.2249
MatchingPair                  15.0000
MatchingPair_toYuleAvg         0.3546
MatchingPair_toUnifAvg         0.3593
MAST                           3.0000
MAST_toYuleAvg                 0.4354
MAST_toUnifAvg                 0.4311
CopheneticL2Metric            12.9228
CopheneticL2Metric_toYuleAvg   0.5961
CopheneticL2Metric_toUnifAvg   0.5485

                 Name        Avg  Std        Min        Max  Count
0     MatchingCluster  17.000000  0.0  17.000000  17.000000      1
1         R-F_Cluster   3.500000  0.0   3.500000   3.500000      1
2       NodalSplitted  13.747727  0.0  13.747727  13.747727      1
3             Triples  33.000000  0.0  33.000000  33.000000      1
4        MatchingPair  15.000000  0.0  15.000000  15.000000      1
5                MAST   3.000000  0.0   3.000000   3.000000      1
6  CopheneticL2Metric  12.922848  0.0  12.922848  12.922848      1
